<?xml version="1.0" encoding="UTF-8"?>
<testsuites>
  <testsuite name="ard_aod_wald_test" timestamp="2025-06-25T19:29:49Z" hostname="3b9af3ca39bb" tests="3" skipped="1" failures="0" errors="0" time="1.597">
    <testcase time="1.575" classname="character(0)" name="ard_aod_wald_test_works"/>
    <testcase time="0.0150000000000001" classname="character(0)" name="ard_aod_wald_test_works"/>
    <testcase time="0.00699999999999967" classname="character(0)" name="ard_aod_wald_test_works">
      <skipped message="Reason: On CRAN ('test-ard_aod_wald_test.R:12:3')"/>
    </testcase>
  </testsuite>
  <testsuite name="ard_aod_wald_test" timestamp="2025-06-25T19:29:49Z" hostname="3b9af3ca39bb" tests="1" skipped="0" failures="0" errors="0" time="0.025">
    <testcase time="0.0250000000000004" classname="character(0)" name="ard_aod_wald_test_follows_ard_structure"/>
  </testsuite>
  <testsuite name="ard_attributes.survey.design" timestamp="2025-06-25T19:29:49Z" hostname="3b9af3ca39bb" tests="1" skipped="1" failures="0" errors="0" time="0.018">
    <testcase time="0.0179999999999998" classname="character(0)" name="ard_attributes.survey.design_works">
      <skipped message="Reason: On CRAN ('test-ard_attributes.survey.design.R:8:3')"/>
    </testcase>
  </testsuite>
  <testsuite name="ard_car_vif" timestamp="2025-06-25T19:29:50Z" hostname="3b9af3ca39bb" tests="1" skipped="1" failures="0" errors="0" time="0.363">
    <testcase time="0.363" classname="character(0)" name="ard_car_vif_works">
      <skipped message="Reason: On CRAN ('test-ard_car_vif.R:4:3')"/>
    </testcase>
  </testsuite>
  <testsuite name="ard_car_vif" timestamp="2025-06-25T19:29:50Z" hostname="3b9af3ca39bb" tests="1" skipped="0" failures="0" errors="0" time="0.011">
    <testcase time="0.0110000000000001" classname="character(0)" name="ard_car_vif_appropriate_errors_are_given_for_model_with_only_1_term"/>
  </testsuite>
  <testsuite name="ard_car_vif" timestamp="2025-06-25T19:29:50Z" hostname="3b9af3ca39bb" tests="1" skipped="1" failures="0" errors="0" time="0.002">
    <testcase time="0.00199999999999978" classname="character(0)" name="ard_vif_issues_friendly_messaging_for_incorrect_object_passed_in_can_t_get_terms_of_model">
      <skipped message="Reason: On CRAN ('test-ard_car_vif.R:29:3')"/>
    </testcase>
  </testsuite>
  <testsuite name="ard_car_vif" timestamp="2025-06-25T19:29:50Z" hostname="3b9af3ca39bb" tests="1" skipped="0" failures="0" errors="0" time="0.018">
    <testcase time="0.0180000000000002" classname="character(0)" name="ard_car_vif_follows_ard_structure"/>
  </testsuite>
  <testsuite name="ard_car_anova" timestamp="2025-06-25T19:29:50Z" hostname="3b9af3ca39bb" tests="3" skipped="1" failures="0" errors="0" time="0.868">
    <testcase time="0.866" classname="character(0)" name="ard_car_anova_works"/>
    <testcase time="0.00099999999999989" classname="character(0)" name="ard_car_anova_works"/>
    <testcase time="0.00099999999999989" classname="character(0)" name="ard_car_anova_works">
      <skipped message="Reason: On CRAN ('test-ard_car_anova.R:14:3')"/>
    </testcase>
  </testsuite>
  <testsuite name="ard_car_anova" timestamp="2025-06-25T19:29:50Z" hostname="3b9af3ca39bb" tests="1" skipped="1" failures="0" errors="0" time="0.015">
    <testcase time="0.0150000000000001" classname="character(0)" name="ard_car_anova_messaging">
      <skipped message="Reason: On CRAN ('test-ard_car_anova.R:18:3')"/>
    </testcase>
  </testsuite>
  <testsuite name="ard_car_anova" timestamp="2025-06-25T19:29:50Z" hostname="3b9af3ca39bb" tests="1" skipped="0" failures="0" errors="0" time="0.01">
    <testcase time="0.00999999999999979" classname="character(0)" name="ard_car_anova_follows_ard_structure"/>
  </testsuite>
  <testsuite name="ard_categorical_ci.data.frame" timestamp="2025-06-25T19:29:54Z" hostname="3b9af3ca39bb" tests="1" skipped="0" failures="0" errors="0" time="3.982">
    <testcase time="3.982" classname="character(0)" name="ard_categorical_ci.data.frame_method_wald_"/>
  </testsuite>
  <testsuite name="ard_categorical_ci.data.frame" timestamp="2025-06-25T19:29:54Z" hostname="3b9af3ca39bb" tests="1" skipped="0" failures="0" errors="0" time="0.001">
    <testcase time="0.000999999999999446" classname="character(0)" name="ard_categorical_ci.data.frame_method_waldcc_"/>
  </testsuite>
  <testsuite name="ard_categorical_ci.data.frame" timestamp="2025-06-25T19:29:54Z" hostname="3b9af3ca39bb" tests="1" skipped="0" failures="0" errors="0" time="0.002">
    <testcase time="0.00199999999999978" classname="character(0)" name="ard_categorical_ci.data.frame_method_clopper_pearson_"/>
  </testsuite>
  <testsuite name="ard_categorical_ci.data.frame" timestamp="2025-06-25T19:29:54Z" hostname="3b9af3ca39bb" tests="1" skipped="0" failures="0" errors="0" time="0.001">
    <testcase time="0.00100000000000033" classname="character(0)" name="ard_categorical_ci.data.frame_method_wilson_"/>
  </testsuite>
  <testsuite name="ard_categorical_ci.data.frame" timestamp="2025-06-25T19:29:54Z" hostname="3b9af3ca39bb" tests="1" skipped="0" failures="0" errors="0" time="0.002">
    <testcase time="0.00199999999999978" classname="character(0)" name="ard_categorical_ci.data.frame_method_wilsoncc_"/>
  </testsuite>
  <testsuite name="ard_categorical_ci.data.frame" timestamp="2025-06-25T19:29:54Z" hostname="3b9af3ca39bb" tests="3" skipped="0" failures="0" errors="0" time="0.002">
    <testcase time="0.00100000000000033" classname="character(0)" name="ard_categorical_ci.data.frame_method_strat_wilson_"/>
    <testcase time="0.00100000000000033" classname="character(0)" name="ard_categorical_ci.data.frame_method_strat_wilson_"/>
    <testcase time="0" classname="character(0)" name="ard_categorical_ci.data.frame_method_strat_wilson_"/>
  </testsuite>
  <testsuite name="ard_categorical_ci.data.frame" timestamp="2025-06-25T19:29:54Z" hostname="3b9af3ca39bb" tests="1" skipped="0" failures="0" errors="0" time="0.001">
    <testcase time="0.00100000000000033" classname="character(0)" name="ard_categorical_ci.data.frame_method_strat_wilsoncc_"/>
  </testsuite>
  <testsuite name="ard_categorical_ci.data.frame" timestamp="2025-06-25T19:29:54Z" hostname="3b9af3ca39bb" tests="1" skipped="0" failures="0" errors="0" time="0.001">
    <testcase time="0.000999999999999446" classname="character(0)" name="ard_categorical_ci.data.frame_method_jeffreys_"/>
  </testsuite>
  <testsuite name="ard_categorical_ci.data.frame" timestamp="2025-06-25T19:29:54Z" hostname="3b9af3ca39bb" tests="1" skipped="0" failures="0" errors="0" time="0.002">
    <testcase time="0.00200000000000067" classname="character(0)" name="ard_categorical_ci.data.frame_method_agresti_coull_"/>
  </testsuite>
  <testsuite name="ard_categorical_ci.data.frame" timestamp="2025-06-25T19:29:54Z" hostname="3b9af3ca39bb" tests="1" skipped="0" failures="0" errors="0" time="0.001">
    <testcase time="0.000999999999999446" classname="character(0)" name="ard_continuous_ci.data.frame_follows_ard_structure"/>
  </testsuite>
  <testsuite name="ard_categorical_ci.data.frame" timestamp="2025-06-25T19:29:54Z" hostname="3b9af3ca39bb" tests="6" skipped="0" failures="0" errors="0" time="0.005">
    <testcase time="0.00200000000000067" classname="character(0)" name="ard_continuous_ci.data.frame_denominator_row_"/>
    <testcase time="0" classname="character(0)" name="ard_continuous_ci.data.frame_denominator_row_"/>
    <testcase time="0.000999999999999446" classname="character(0)" name="ard_continuous_ci.data.frame_denominator_row_"/>
    <testcase time="0.00100000000000033" classname="character(0)" name="ard_continuous_ci.data.frame_denominator_row_"/>
    <testcase time="0" classname="character(0)" name="ard_continuous_ci.data.frame_denominator_row_"/>
    <testcase time="0.000999999999999446" classname="character(0)" name="ard_continuous_ci.data.frame_denominator_row_"/>
  </testsuite>
  <testsuite name="ard_categorical_ci.data.frame" timestamp="2025-06-25T19:29:54Z" hostname="3b9af3ca39bb" tests="6" skipped="0" failures="0" errors="0" time="0.006">
    <testcase time="0.00100000000000033" classname="character(0)" name="ard_continuous_ci.data.frame_denominator_cell_"/>
    <testcase time="0.00300000000000011" classname="character(0)" name="ard_continuous_ci.data.frame_denominator_cell_"/>
    <testcase time="0.00100000000000033" classname="character(0)" name="ard_continuous_ci.data.frame_denominator_cell_"/>
    <testcase time="0" classname="character(0)" name="ard_continuous_ci.data.frame_denominator_cell_"/>
    <testcase time="0.000999999999999446" classname="character(0)" name="ard_continuous_ci.data.frame_denominator_cell_"/>
    <testcase time="0" classname="character(0)" name="ard_continuous_ci.data.frame_denominator_cell_"/>
  </testsuite>
  <testsuite name="ard_categorical_ci.data.frame" timestamp="2025-06-25T19:29:54Z" hostname="3b9af3ca39bb" tests="2" skipped="0" failures="0" errors="0" time="0.002">
    <testcase time="0.00199999999999978" classname="character(0)" name="ard_continuous_ci.data.frame_denominator_column_with_all_NA_column"/>
    <testcase time="0" classname="character(0)" name="ard_continuous_ci.data.frame_denominator_column_with_all_NA_column"/>
  </testsuite>
  <testsuite name="ard_categorical_ci.data.frame" timestamp="2025-06-25T19:29:55Z" hostname="3b9af3ca39bb" tests="2" skipped="0" failures="0" errors="0" time="0.002">
    <testcase time="0.00200000000000067" classname="character(0)" name="ard_continuous_ci.data.frame_denominator_row_with_all_NA_column"/>
    <testcase time="0" classname="character(0)" name="ard_continuous_ci.data.frame_denominator_row_with_all_NA_column"/>
  </testsuite>
  <testsuite name="ard_categorical_ci.data.frame" timestamp="2025-06-25T19:29:55Z" hostname="3b9af3ca39bb" tests="2" skipped="0" failures="0" errors="0" time="0.002">
    <testcase time="0.00199999999999978" classname="character(0)" name="ard_continuous_ci.data.frame_denominator_cell_with_all_NA_column"/>
    <testcase time="0" classname="character(0)" name="ard_continuous_ci.data.frame_denominator_cell_with_all_NA_column"/>
  </testsuite>
  <testsuite name="ard_categorical_ci.data.frame" timestamp="2025-06-25T19:29:55Z" hostname="3b9af3ca39bb" tests="3" skipped="0" failures="0" errors="0" time="0.003">
    <testcase time="0.00199999999999978" classname="character(0)" name="ard_continuous_ci.data.frame_NA_handling"/>
    <testcase time="0.00100000000000033" classname="character(0)" name="ard_continuous_ci.data.frame_NA_handling"/>
    <testcase time="0" classname="character(0)" name="ard_continuous_ci.data.frame_NA_handling"/>
  </testsuite>
  <testsuite name="ard_categorical_ci.data.frame" timestamp="2025-06-25T19:29:55Z" hostname="3b9af3ca39bb" tests="2" skipped="0" failures="1" errors="0" time="0.002">
    <testcase time="0.00199999999999978" classname="character(0)" name="ard_categorical_ci_method_strat_wilson_NA_handling"/>
    <testcase time="0" classname="character(0)" name="ard_categorical_ci_method_strat_wilson_NA_handling">
      <failure type="failure" message="ard_categorical_ci(...) (`actual`) not equal to ard_categorical_ci(...) (`expected`). ('test-ard_categorical_ci.data.frame.R:480:3')">ard_categorical_ci(...) (`actual`) not equal to ard_categorical_ci(...) (`expected`).

`actual$stat[[1]]` is an integer vector (80)
`expected$stat[[1]]` is NULL

`actual$stat[[2]]` is an integer vector (47)
`expected$stat[[2]]` is NULL

`actual$stat[[3]]` is a double vector (0.5875)
`expected$stat[[3]]` is NULL

`actual$stat[[4]]` is a double vector (0.447202942359433)
`expected$stat[[4]]` is NULL

`actual$stat[[5]]` is a double vector (0.67509934197087)
`expected$stat[[5]]` is NULL

`actual$stat[[6]]` is a double vector (0.95)
`expected$stat[[6]]` is NULL

`actual$stat[[7]]` is a character vector ('Stratified Wilson Confidence Interval without continuity correction')
`expected$stat[[7]]` is NULL

`actual$fmt_fun[[1]]` is an integer vector (0)
`expected$fmt_fun[[1]]` is a primitive function

`actual$fmt_fun[[2]]` is an integer vector (0)
`expected$fmt_fun[[2]]` is a primitive function

`actual$fmt_fun[[3]]` is an integer vector (1)
`expected$fmt_fun[[3]]` is a primitive function

`actual$fmt_fun[[4]]` is an integer vector (1)
`expected$fmt_fun[[4]]` is a primitive function

`actual$fmt_fun[[5]]` is an integer vector (1)
`expected$fmt_fun[[5]]` is a primitive function

`actual$fmt_fun[[6]]` is an integer vector (1)
`expected$fmt_fun[[6]]` is a primitive function

`actual$error[[1]]` is NULL
`expected$error[[1]]` is a character vector ('missing value where TRUE/FALSE needed')

`actual$error[[2]]` is NULL
`expected$error[[2]]` is a character vector ('missing value where TRUE/FALSE needed')

`actual$error[[3]]` is NULL
`expected$error[[3]]` is a character vector ('missing value where TRUE/FALSE needed')

`actual$error[[4]]` is NULL
`expected$error[[4]]` is a character vector ('missing value where TRUE/FALSE needed')

`actual$error[[5]]` is NULL
`expected$error[[5]]` is a character vector ('missing value where TRUE/FALSE needed')

`actual$error[[6]]` is NULL
`expected$error[[6]]` is a character vector ('missing value where TRUE/FALSE needed')

`actual$error[[7]]` is NULL
`expected$error[[7]]` is a character vector ('missing value where TRUE/FALSE needed')</failure>
    </testcase>
  </testsuite>
  <testsuite name="ard_categorical_ci.survey.design" timestamp="2025-06-25T19:29:57Z" hostname="3b9af3ca39bb" tests="1" skipped="1" failures="0" errors="0" time="2.067">
    <testcase time="2.067" classname="character(0)" name="ard_categorical_ci_data_">
      <skipped message="Reason: On CRAN ('test-ard_categorical_ci.survey.design.R:7:3')"/>
    </testcase>
  </testsuite>
  <testsuite name="ard_categorical_ci.survey.design" timestamp="2025-06-25T19:29:57Z" hostname="3b9af3ca39bb" tests="5" skipped="0" failures="0" errors="0" time="0.013">
    <testcase time="0.00999999999999979" classname="character(0)" name="ard_categorical_ci_variables_"/>
    <testcase time="0.000999999999999446" classname="character(0)" name="ard_categorical_ci_variables_"/>
    <testcase time="0.00100000000000122" classname="character(0)" name="ard_categorical_ci_variables_"/>
    <testcase time="0" classname="character(0)" name="ard_categorical_ci_variables_"/>
    <testcase time="0.000999999999999446" classname="character(0)" name="ard_categorical_ci_variables_"/>
  </testsuite>
  <testsuite name="ard_categorical_ci.survey.design" timestamp="2025-06-25T19:29:57Z" hostname="3b9af3ca39bb" tests="4" skipped="0" failures="0" errors="0" time="0.003">
    <testcase time="0.000999999999999446" classname="character(0)" name="ard_categorical_ci_by_"/>
    <testcase time="0.00100000000000122" classname="character(0)" name="ard_categorical_ci_by_"/>
    <testcase time="0" classname="character(0)" name="ard_categorical_ci_by_"/>
    <testcase time="0.000999999999999446" classname="character(0)" name="ard_categorical_ci_by_"/>
  </testsuite>
  <testsuite name="ard_categorical_ci.survey.design" timestamp="2025-06-25T19:29:57Z" hostname="3b9af3ca39bb" tests="2" skipped="0" failures="0" errors="0" time="0.002">
    <testcase time="0.000999999999999446" classname="character(0)" name="ard_categorical_ci_conf.level_"/>
    <testcase time="0.00100000000000122" classname="character(0)" name="ard_categorical_ci_conf.level_"/>
  </testsuite>
  <testsuite name="ard_categorical_ci.survey.design" timestamp="2025-06-25T19:29:57Z" hostname="3b9af3ca39bb" tests="3" skipped="0" failures="0" errors="0" time="0.003">
    <testcase time="0.00199999999999889" classname="character(0)" name="ard_categorical_ci_method_"/>
    <testcase time="0" classname="character(0)" name="ard_categorical_ci_method_"/>
    <testcase time="0.000999999999999446" classname="character(0)" name="ard_categorical_ci_method_"/>
  </testsuite>
  <testsuite name="ard_categorical_ci.survey.design" timestamp="2025-06-25T19:29:57Z" hostname="3b9af3ca39bb" tests="2" skipped="0" failures="0" errors="0" time="0.002">
    <testcase time="0.00100000000000122" classname="character(0)" name="ard_categorical_ci_value_"/>
    <testcase time="0.000999999999999446" classname="character(0)" name="ard_categorical_ci_value_"/>
  </testsuite>
  <testsuite name="ard_categorical_ci.survey.design" timestamp="2025-06-25T19:29:57Z" hostname="3b9af3ca39bb" tests="1" skipped="0" failures="0" errors="0" time="0.001">
    <testcase time="0.000999999999999446" classname="character(0)" name="ard_categorical_ci.survey.design_follows_ard_structure"/>
  </testsuite>
  <testsuite name="ard_categorical_max" timestamp="2025-06-25T19:29:58Z" hostname="3b9af3ca39bb" tests="2" skipped="1" failures="0" errors="0" time="1.3">
    <testcase time="1.3" classname="character(0)" name="ard_categorical_max_works_with_default_settings"/>
    <testcase time="0" classname="character(0)" name="ard_categorical_max_works_with_default_settings">
      <skipped message="Reason: On CRAN ('test-ard_categorical_max.R:12:3')"/>
    </testcase>
  </testsuite>
  <testsuite name="ard_categorical_max" timestamp="2025-06-25T19:29:58Z" hostname="3b9af3ca39bb" tests="1" skipped="1" failures="0" errors="0" time="0.012">
    <testcase time="0.0120000000000005" classname="character(0)" name="ard_categorical_max_statistic_works">
      <skipped message="Reason: On CRAN ('test-ard_categorical_max.R:63:3')"/>
    </testcase>
  </testsuite>
  <testsuite name="ard_categorical_max" timestamp="2025-06-25T19:29:58Z" hostname="3b9af3ca39bb" tests="1" skipped="1" failures="0" errors="0" time="0.01">
    <testcase time="0.00999999999999979" classname="character(0)" name="ard_categorical_max_denominator_works">
      <skipped message="Reason: On CRAN ('test-ard_categorical_max.R:79:3')"/>
    </testcase>
  </testsuite>
  <testsuite name="ard_categorical_max" timestamp="2025-06-25T19:29:58Z" hostname="3b9af3ca39bb" tests="1" skipped="0" failures="0" errors="0" time="0.015">
    <testcase time="0.0150000000000006" classname="character(0)" name="ard_categorical_max_quiet_works"/>
  </testsuite>
  <testsuite name="ard_categorical_max" timestamp="2025-06-25T19:29:58Z" hostname="3b9af3ca39bb" tests="2" skipped="1" failures="0" errors="0" time="0.006">
    <testcase time="0.00499999999999901" classname="character(0)" name="ard_categorical_max_works_with_pre_ordered_factor_variables"/>
    <testcase time="0.000999999999999446" classname="character(0)" name="ard_categorical_max_works_with_pre_ordered_factor_variables">
      <skipped message="Reason: On CRAN ('test-ard_categorical_max.R:135:3')"/>
    </testcase>
  </testsuite>
  <testsuite name="ard_categorical_max" timestamp="2025-06-25T19:29:58Z" hostname="3b9af3ca39bb" tests="1" skipped="1" failures="0" errors="0" time="0.034">
    <testcase time="0.0340000000000007" classname="character(0)" name="ard_categorical_max_errors_with_incomplete_factor_columns">
      <skipped message="Reason: On CRAN ('test-ard_categorical_max.R:212:3')"/>
    </testcase>
  </testsuite>
  <testsuite name="ard_categorical_max" timestamp="2025-06-25T19:29:58Z" hostname="3b9af3ca39bb" tests="1" skipped="1" failures="0" errors="0" time="0.031">
    <testcase time="0.0310000000000006" classname="character(0)" name="ard_categorical_max_works_without_any_variables">
      <skipped message="Reason: On CRAN ('test-ard_categorical_max.R:237:3')"/>
    </testcase>
  </testsuite>
  <testsuite name="ard_categorical_max" timestamp="2025-06-25T19:29:58Z" hostname="3b9af3ca39bb" tests="1" skipped="0" failures="0" errors="0" time="0.035">
    <testcase time="0.0350000000000001" classname="character(0)" name="ard_categorical_max_follows_ard_structure"/>
  </testsuite>
  <testsuite name="ard_categorical_max" timestamp="2025-06-25T19:29:58Z" hostname="3b9af3ca39bb" tests="2" skipped="1" failures="0" errors="0" time="0.003">
    <testcase time="0.00199999999999889" classname="character(0)" name="ard_categorical_max_strata_works"/>
    <testcase time="0.00100000000000122" classname="character(0)" name="ard_categorical_max_strata_works">
      <skipped message="Reason: On CRAN ('test-ard_categorical_max.R:277:3')"/>
    </testcase>
  </testsuite>
  <testsuite name="ard_categorical.survey.design" timestamp="2025-06-25T19:30:13Z" hostname="3b9af3ca39bb" tests="54" skipped="0" failures="0" errors="0" time="14.811">
    <testcase time="14.777" classname="character(0)" name="ard_categorical.survey.design_works"/>
    <testcase time="0.000999999999997669" classname="character(0)" name="ard_categorical.survey.design_works"/>
    <testcase time="0.00100000000000122" classname="character(0)" name="ard_categorical.survey.design_works"/>
    <testcase time="0" classname="character(0)" name="ard_categorical.survey.design_works"/>
    <testcase time="0.00100000000000122" classname="character(0)" name="ard_categorical.survey.design_works"/>
    <testcase time="0" classname="character(0)" name="ard_categorical.survey.design_works"/>
    <testcase time="0.000999999999997669" classname="character(0)" name="ard_categorical.survey.design_works"/>
    <testcase time="0" classname="character(0)" name="ard_categorical.survey.design_works"/>
    <testcase time="0.00100000000000122" classname="character(0)" name="ard_categorical.survey.design_works"/>
    <testcase time="0.00100000000000122" classname="character(0)" name="ard_categorical.survey.design_works"/>
    <testcase time="0" classname="character(0)" name="ard_categorical.survey.design_works"/>
    <testcase time="0.000999999999997669" classname="character(0)" name="ard_categorical.survey.design_works"/>
    <testcase time="0" classname="character(0)" name="ard_categorical.survey.design_works"/>
    <testcase time="0.00100000000000122" classname="character(0)" name="ard_categorical.survey.design_works"/>
    <testcase time="0" classname="character(0)" name="ard_categorical.survey.design_works"/>
    <testcase time="0.000999999999997669" classname="character(0)" name="ard_categorical.survey.design_works"/>
    <testcase time="0.00100000000000122" classname="character(0)" name="ard_categorical.survey.design_works"/>
    <testcase time="0" classname="character(0)" name="ard_categorical.survey.design_works"/>
    <testcase time="0.00100000000000122" classname="character(0)" name="ard_categorical.survey.design_works"/>
    <testcase time="0" classname="character(0)" name="ard_categorical.survey.design_works"/>
    <testcase time="0.000999999999997669" classname="character(0)" name="ard_categorical.survey.design_works"/>
    <testcase time="0.00100000000000122" classname="character(0)" name="ard_categorical.survey.design_works"/>
    <testcase time="0" classname="character(0)" name="ard_categorical.survey.design_works"/>
    <testcase time="0.00100000000000122" classname="character(0)" name="ard_categorical.survey.design_works"/>
    <testcase time="0" classname="character(0)" name="ard_categorical.survey.design_works"/>
    <testcase time="0.000999999999997669" classname="character(0)" name="ard_categorical.survey.design_works"/>
    <testcase time="0.00100000000000122" classname="character(0)" name="ard_categorical.survey.design_works"/>
    <testcase time="0" classname="character(0)" name="ard_categorical.survey.design_works"/>
    <testcase time="0.00100000000000122" classname="character(0)" name="ard_categorical.survey.design_works"/>
    <testcase time="0.000999999999997669" classname="character(0)" name="ard_categorical.survey.design_works"/>
    <testcase time="0" classname="character(0)" name="ard_categorical.survey.design_works"/>
    <testcase time="0.00100000000000122" classname="character(0)" name="ard_categorical.survey.design_works"/>
    <testcase time="0" classname="character(0)" name="ard_categorical.survey.design_works"/>
    <testcase time="0.00100000000000122" classname="character(0)" name="ard_categorical.survey.design_works"/>
    <testcase time="0.000999999999997669" classname="character(0)" name="ard_categorical.survey.design_works"/>
    <testcase time="0" classname="character(0)" name="ard_categorical.survey.design_works"/>
    <testcase time="0.00100000000000122" classname="character(0)" name="ard_categorical.survey.design_works"/>
    <testcase time="0.00100000000000122" classname="character(0)" name="ard_categorical.survey.design_works"/>
    <testcase time="0" classname="character(0)" name="ard_categorical.survey.design_works"/>
    <testcase time="0.000999999999997669" classname="character(0)" name="ard_categorical.survey.design_works"/>
    <testcase time="0.00100000000000122" classname="character(0)" name="ard_categorical.survey.design_works"/>
    <testcase time="0" classname="character(0)" name="ard_categorical.survey.design_works"/>
    <testcase time="0.00100000000000122" classname="character(0)" name="ard_categorical.survey.design_works"/>
    <testcase time="0.000999999999997669" classname="character(0)" name="ard_categorical.survey.design_works"/>
    <testcase time="0" classname="character(0)" name="ard_categorical.survey.design_works"/>
    <testcase time="0.00100000000000122" classname="character(0)" name="ard_categorical.survey.design_works"/>
    <testcase time="0.00100000000000122" classname="character(0)" name="ard_categorical.survey.design_works"/>
    <testcase time="0.000999999999997669" classname="character(0)" name="ard_categorical.survey.design_works"/>
    <testcase time="0" classname="character(0)" name="ard_categorical.survey.design_works"/>
    <testcase time="0.00100000000000122" classname="character(0)" name="ard_categorical.survey.design_works"/>
    <testcase time="0.00100000000000122" classname="character(0)" name="ard_categorical.survey.design_works"/>
    <testcase time="0" classname="character(0)" name="ard_categorical.survey.design_works"/>
    <testcase time="0.000999999999997669" classname="character(0)" name="ard_categorical.survey.design_works"/>
    <testcase time="0.00100000000000122" classname="character(0)" name="ard_categorical.survey.design_works"/>
  </testsuite>
  <testsuite name="ard_categorical.survey.design" timestamp="2025-06-25T19:30:13Z" hostname="3b9af3ca39bb" tests="1" skipped="1" failures="0" errors="0" time="0.002">
    <testcase time="0.00199999999999889" classname="character(0)" name="ard_categorical.survey.design_returns_an_error_when_variables_have_all_NAs">
      <skipped message="Reason: On CRAN ('test-ard_categorical.survey.design.R:428:3')"/>
    </testcase>
  </testsuite>
  <testsuite name="ard_categorical.survey.design" timestamp="2025-06-25T19:30:13Z" hostname="3b9af3ca39bb" tests="39" skipped="0" failures="0" errors="0" time="0.036">
    <testcase time="0.0130000000000017" classname="character(0)" name="ard_categorical.survey.design_works_for_unobserved_factor_levels"/>
    <testcase time="0.000999999999997669" classname="character(0)" name="ard_categorical.survey.design_works_for_unobserved_factor_levels"/>
    <testcase time="0" classname="character(0)" name="ard_categorical.survey.design_works_for_unobserved_factor_levels"/>
    <testcase time="0.00100000000000122" classname="character(0)" name="ard_categorical.survey.design_works_for_unobserved_factor_levels"/>
    <testcase time="0" classname="character(0)" name="ard_categorical.survey.design_works_for_unobserved_factor_levels"/>
    <testcase time="0.00100000000000122" classname="character(0)" name="ard_categorical.survey.design_works_for_unobserved_factor_levels"/>
    <testcase time="0" classname="character(0)" name="ard_categorical.survey.design_works_for_unobserved_factor_levels"/>
    <testcase time="0.000999999999997669" classname="character(0)" name="ard_categorical.survey.design_works_for_unobserved_factor_levels"/>
    <testcase time="0.00100000000000122" classname="character(0)" name="ard_categorical.survey.design_works_for_unobserved_factor_levels"/>
    <testcase time="0" classname="character(0)" name="ard_categorical.survey.design_works_for_unobserved_factor_levels"/>
    <testcase time="0.00100000000000122" classname="character(0)" name="ard_categorical.survey.design_works_for_unobserved_factor_levels"/>
    <testcase time="0" classname="character(0)" name="ard_categorical.survey.design_works_for_unobserved_factor_levels"/>
    <testcase time="0.000999999999997669" classname="character(0)" name="ard_categorical.survey.design_works_for_unobserved_factor_levels"/>
    <testcase time="0" classname="character(0)" name="ard_categorical.survey.design_works_for_unobserved_factor_levels"/>
    <testcase time="0.00100000000000122" classname="character(0)" name="ard_categorical.survey.design_works_for_unobserved_factor_levels"/>
    <testcase time="0.00100000000000122" classname="character(0)" name="ard_categorical.survey.design_works_for_unobserved_factor_levels"/>
    <testcase time="0" classname="character(0)" name="ard_categorical.survey.design_works_for_unobserved_factor_levels"/>
    <testcase time="0.000999999999997669" classname="character(0)" name="ard_categorical.survey.design_works_for_unobserved_factor_levels"/>
    <testcase time="0" classname="character(0)" name="ard_categorical.survey.design_works_for_unobserved_factor_levels"/>
    <testcase time="0.00100000000000122" classname="character(0)" name="ard_categorical.survey.design_works_for_unobserved_factor_levels"/>
    <testcase time="0.00100000000000122" classname="character(0)" name="ard_categorical.survey.design_works_for_unobserved_factor_levels"/>
    <testcase time="0" classname="character(0)" name="ard_categorical.survey.design_works_for_unobserved_factor_levels"/>
    <testcase time="0.000999999999997669" classname="character(0)" name="ard_categorical.survey.design_works_for_unobserved_factor_levels"/>
    <testcase time="0" classname="character(0)" name="ard_categorical.survey.design_works_for_unobserved_factor_levels"/>
    <testcase time="0.00100000000000122" classname="character(0)" name="ard_categorical.survey.design_works_for_unobserved_factor_levels"/>
    <testcase time="0.00100000000000122" classname="character(0)" name="ard_categorical.survey.design_works_for_unobserved_factor_levels"/>
    <testcase time="0" classname="character(0)" name="ard_categorical.survey.design_works_for_unobserved_factor_levels"/>
    <testcase time="0.000999999999997669" classname="character(0)" name="ard_categorical.survey.design_works_for_unobserved_factor_levels"/>
    <testcase time="0" classname="character(0)" name="ard_categorical.survey.design_works_for_unobserved_factor_levels"/>
    <testcase time="0.00100000000000122" classname="character(0)" name="ard_categorical.survey.design_works_for_unobserved_factor_levels"/>
    <testcase time="0.00100000000000122" classname="character(0)" name="ard_categorical.survey.design_works_for_unobserved_factor_levels"/>
    <testcase time="0" classname="character(0)" name="ard_categorical.survey.design_works_for_unobserved_factor_levels"/>
    <testcase time="0.000999999999997669" classname="character(0)" name="ard_categorical.survey.design_works_for_unobserved_factor_levels"/>
    <testcase time="0.00100000000000122" classname="character(0)" name="ard_categorical.survey.design_works_for_unobserved_factor_levels"/>
    <testcase time="0" classname="character(0)" name="ard_categorical.survey.design_works_for_unobserved_factor_levels"/>
    <testcase time="0.00100000000000122" classname="character(0)" name="ard_categorical.survey.design_works_for_unobserved_factor_levels"/>
    <testcase time="0.000999999999997669" classname="character(0)" name="ard_categorical.survey.design_works_for_unobserved_factor_levels"/>
    <testcase time="0" classname="character(0)" name="ard_categorical.survey.design_works_for_unobserved_factor_levels"/>
    <testcase time="0.00100000000000122" classname="character(0)" name="ard_categorical.survey.design_works_for_unobserved_factor_levels"/>
  </testsuite>
  <testsuite name="ard_categorical.survey.design" timestamp="2025-06-25T19:30:13Z" hostname="3b9af3ca39bb" tests="39" skipped="0" failures="0" errors="0" time="0.023">
    <testcase time="0.00199999999999889" classname="character(0)" name="ard_categorical.survey.design_works_for_unobserved_logical_levels"/>
    <testcase time="0" classname="character(0)" name="ard_categorical.survey.design_works_for_unobserved_logical_levels"/>
    <testcase time="0.00100000000000122" classname="character(0)" name="ard_categorical.survey.design_works_for_unobserved_logical_levels"/>
    <testcase time="0" classname="character(0)" name="ard_categorical.survey.design_works_for_unobserved_logical_levels"/>
    <testcase time="0.000999999999997669" classname="character(0)" name="ard_categorical.survey.design_works_for_unobserved_logical_levels"/>
    <testcase time="0" classname="character(0)" name="ard_categorical.survey.design_works_for_unobserved_logical_levels"/>
    <testcase time="0.00100000000000122" classname="character(0)" name="ard_categorical.survey.design_works_for_unobserved_logical_levels"/>
    <testcase time="0.00100000000000122" classname="character(0)" name="ard_categorical.survey.design_works_for_unobserved_logical_levels"/>
    <testcase time="0" classname="character(0)" name="ard_categorical.survey.design_works_for_unobserved_logical_levels"/>
    <testcase time="0.000999999999997669" classname="character(0)" name="ard_categorical.survey.design_works_for_unobserved_logical_levels"/>
    <testcase time="0" classname="character(0)" name="ard_categorical.survey.design_works_for_unobserved_logical_levels"/>
    <testcase time="0.00100000000000122" classname="character(0)" name="ard_categorical.survey.design_works_for_unobserved_logical_levels"/>
    <testcase time="0" classname="character(0)" name="ard_categorical.survey.design_works_for_unobserved_logical_levels"/>
    <testcase time="0.00100000000000122" classname="character(0)" name="ard_categorical.survey.design_works_for_unobserved_logical_levels"/>
    <testcase time="0.000999999999997669" classname="character(0)" name="ard_categorical.survey.design_works_for_unobserved_logical_levels"/>
    <testcase time="0" classname="character(0)" name="ard_categorical.survey.design_works_for_unobserved_logical_levels"/>
    <testcase time="0.00100000000000122" classname="character(0)" name="ard_categorical.survey.design_works_for_unobserved_logical_levels"/>
    <testcase time="0" classname="character(0)" name="ard_categorical.survey.design_works_for_unobserved_logical_levels"/>
    <testcase time="0.00100000000000122" classname="character(0)" name="ard_categorical.survey.design_works_for_unobserved_logical_levels"/>
    <testcase time="0" classname="character(0)" name="ard_categorical.survey.design_works_for_unobserved_logical_levels"/>
    <testcase time="0" classname="character(0)" name="ard_categorical.survey.design_works_for_unobserved_logical_levels"/>
    <testcase time="0.00100000000000122" classname="character(0)" name="ard_categorical.survey.design_works_for_unobserved_logical_levels"/>
    <testcase time="0" classname="character(0)" name="ard_categorical.survey.design_works_for_unobserved_logical_levels"/>
    <testcase time="0.00100000000000122" classname="character(0)" name="ard_categorical.survey.design_works_for_unobserved_logical_levels"/>
    <testcase time="0" classname="character(0)" name="ard_categorical.survey.design_works_for_unobserved_logical_levels"/>
    <testcase time="0.000999999999997669" classname="character(0)" name="ard_categorical.survey.design_works_for_unobserved_logical_levels"/>
    <testcase time="0.00100000000000122" classname="character(0)" name="ard_categorical.survey.design_works_for_unobserved_logical_levels"/>
    <testcase time="0" classname="character(0)" name="ard_categorical.survey.design_works_for_unobserved_logical_levels"/>
    <testcase time="0.00100000000000122" classname="character(0)" name="ard_categorical.survey.design_works_for_unobserved_logical_levels"/>
    <testcase time="0.000999999999997669" classname="character(0)" name="ard_categorical.survey.design_works_for_unobserved_logical_levels"/>
    <testcase time="0" classname="character(0)" name="ard_categorical.survey.design_works_for_unobserved_logical_levels"/>
    <testcase time="0.00100000000000122" classname="character(0)" name="ard_categorical.survey.design_works_for_unobserved_logical_levels"/>
    <testcase time="0" classname="character(0)" name="ard_categorical.survey.design_works_for_unobserved_logical_levels"/>
    <testcase time="0.00100000000000122" classname="character(0)" name="ard_categorical.survey.design_works_for_unobserved_logical_levels"/>
    <testcase time="0.000999999999997669" classname="character(0)" name="ard_categorical.survey.design_works_for_unobserved_logical_levels"/>
    <testcase time="0" classname="character(0)" name="ard_categorical.survey.design_works_for_unobserved_logical_levels"/>
    <testcase time="0.00100000000000122" classname="character(0)" name="ard_categorical.survey.design_works_for_unobserved_logical_levels"/>
    <testcase time="0.00100000000000122" classname="character(0)" name="ard_categorical.survey.design_works_for_unobserved_logical_levels"/>
    <testcase time="0" classname="character(0)" name="ard_categorical.survey.design_works_for_unobserved_logical_levels"/>
  </testsuite>
  <testsuite name="ard_categorical.survey.design" timestamp="2025-06-25T19:30:13Z" hostname="3b9af3ca39bb" tests="18" skipped="0" failures="0" errors="0" time="0.013">
    <testcase time="0.00399999999999778" classname="character(0)" name="ard_categorical.survey.design_works_with_variables_with_only_1_level"/>
    <testcase time="0.00100000000000122" classname="character(0)" name="ard_categorical.survey.design_works_with_variables_with_only_1_level"/>
    <testcase time="0.00100000000000122" classname="character(0)" name="ard_categorical.survey.design_works_with_variables_with_only_1_level"/>
    <testcase time="0" classname="character(0)" name="ard_categorical.survey.design_works_with_variables_with_only_1_level"/>
    <testcase time="0.000999999999997669" classname="character(0)" name="ard_categorical.survey.design_works_with_variables_with_only_1_level"/>
    <testcase time="0" classname="character(0)" name="ard_categorical.survey.design_works_with_variables_with_only_1_level"/>
    <testcase time="0.00100000000000122" classname="character(0)" name="ard_categorical.survey.design_works_with_variables_with_only_1_level"/>
    <testcase time="0" classname="character(0)" name="ard_categorical.survey.design_works_with_variables_with_only_1_level"/>
    <testcase time="0.000999999999997669" classname="character(0)" name="ard_categorical.survey.design_works_with_variables_with_only_1_level"/>
    <testcase time="0.00100000000000122" classname="character(0)" name="ard_categorical.survey.design_works_with_variables_with_only_1_level"/>
    <testcase time="0" classname="character(0)" name="ard_categorical.survey.design_works_with_variables_with_only_1_level"/>
    <testcase time="0.00100000000000122" classname="character(0)" name="ard_categorical.survey.design_works_with_variables_with_only_1_level"/>
    <testcase time="0" classname="character(0)" name="ard_categorical.survey.design_works_with_variables_with_only_1_level"/>
    <testcase time="0.000999999999997669" classname="character(0)" name="ard_categorical.survey.design_works_with_variables_with_only_1_level"/>
    <testcase time="0" classname="character(0)" name="ard_categorical.survey.design_works_with_variables_with_only_1_level"/>
    <testcase time="0.00100000000000122" classname="character(0)" name="ard_categorical.survey.design_works_with_variables_with_only_1_level"/>
    <testcase time="0" classname="character(0)" name="ard_categorical.survey.design_works_with_variables_with_only_1_level"/>
    <testcase time="0" classname="character(0)" name="ard_categorical.survey.design_works_with_variables_with_only_1_level"/>
  </testsuite>
  <testsuite name="ard_categorical.survey.design" timestamp="2025-06-25T19:30:13Z" hostname="3b9af3ca39bb" tests="1" skipped="1" failures="0" errors="0" time="0.002">
    <testcase time="0.00199999999999889" classname="character(0)" name="ard_categorical.survey.design_by_messages_about_protected_names">
      <skipped message="Reason: On CRAN ('test-ard_categorical.survey.design.R:1195:3')"/>
    </testcase>
  </testsuite>
  <testsuite name="ard_categorical.survey.design" timestamp="2025-06-25T19:30:13Z" hostname="3b9af3ca39bb" tests="10" skipped="0" failures="0" errors="0" time="0.016">
    <testcase time="0.0100000000000016" classname="character(0)" name="ard_categorical.survey.design_works_when_using_generic_names_"/>
    <testcase time="0.000999999999997669" classname="character(0)" name="ard_categorical.survey.design_works_when_using_generic_names_"/>
    <testcase time="0.00100000000000122" classname="character(0)" name="ard_categorical.survey.design_works_when_using_generic_names_"/>
    <testcase time="0" classname="character(0)" name="ard_categorical.survey.design_works_when_using_generic_names_"/>
    <testcase time="0.00100000000000122" classname="character(0)" name="ard_categorical.survey.design_works_when_using_generic_names_"/>
    <testcase time="0" classname="character(0)" name="ard_categorical.survey.design_works_when_using_generic_names_"/>
    <testcase time="0.000999999999997669" classname="character(0)" name="ard_categorical.survey.design_works_when_using_generic_names_"/>
    <testcase time="0" classname="character(0)" name="ard_categorical.survey.design_works_when_using_generic_names_"/>
    <testcase time="0.00100000000000122" classname="character(0)" name="ard_categorical.survey.design_works_when_using_generic_names_"/>
    <testcase time="0.00100000000000122" classname="character(0)" name="ard_categorical.survey.design_works_when_using_generic_names_"/>
  </testsuite>
  <testsuite name="ard_categorical.survey.design" timestamp="2025-06-25T19:30:13Z" hostname="3b9af3ca39bb" tests="1" skipped="0" failures="0" errors="0" time="0.001">
    <testcase time="0.000999999999997669" classname="character(0)" name="ard_categorical.survey.design_statistic_properly_excluded_unweighted_stats_not_selected"/>
  </testsuite>
  <testsuite name="ard_categorical.survey.design" timestamp="2025-06-25T19:30:13Z" hostname="3b9af3ca39bb" tests="1" skipped="0" failures="0" errors="0" time="0.002">
    <testcase time="0.00200000000000244" classname="character(0)" name="ard_categorical_follows_ard_structure"/>
  </testsuite>
  <testsuite name="ard_categorical.survey.design" timestamp="2025-06-25T19:30:13Z" hostname="3b9af3ca39bb" tests="6" skipped="0" failures="0" errors="0" time="0.004">
    <testcase time="0.000999999999997669" classname="character(0)" name="ard_categorical.survey.design_original_types_are_retained"/>
    <testcase time="0.00100000000000122" classname="character(0)" name="ard_categorical.survey.design_original_types_are_retained"/>
    <testcase time="0" classname="character(0)" name="ard_categorical.survey.design_original_types_are_retained"/>
    <testcase time="0.000999999999997669" classname="character(0)" name="ard_categorical.survey.design_original_types_are_retained"/>
    <testcase time="0.00100000000000122" classname="character(0)" name="ard_categorical.survey.design_original_types_are_retained"/>
    <testcase time="0" classname="character(0)" name="ard_categorical.survey.design_original_types_are_retained"/>
  </testsuite>
  <testsuite name="ard_categorical.survey.design" timestamp="2025-06-25T19:30:13Z" hostname="3b9af3ca39bb" tests="3" skipped="0" failures="0" errors="0" time="0.003">
    <testcase time="0.00199999999999889" classname="character(0)" name="ard_categorical.survey.design_works_with_all_NA_fct_variables"/>
    <testcase time="0" classname="character(0)" name="ard_categorical.survey.design_works_with_all_NA_fct_variables"/>
    <testcase time="0.00100000000000122" classname="character(0)" name="ard_categorical.survey.design_works_with_all_NA_fct_variables"/>
  </testsuite>
  <testsuite name="ard_categorical.survey.design" timestamp="2025-06-25T19:30:13Z" hostname="3b9af3ca39bb" tests="1" skipped="1" failures="0" errors="0" time="0.001">
    <testcase time="0.00100000000000122" classname="character(0)" name="ard_categorical.survey.design_messaging_with_all_NA_lgl_variables">
      <skipped message="Reason: On CRAN ('test-ard_categorical.survey.design.R:1411:3')"/>
    </testcase>
  </testsuite>
  <testsuite name="ard_continuous_ci.data.frame" timestamp="2025-06-25T19:30:14Z" hostname="3b9af3ca39bb" tests="1" skipped="0" failures="0" errors="0" time="0.673">
    <testcase time="0.672999999999998" classname="character(0)" name="ard_continuous_ci.data.frame_method_t.test_"/>
  </testsuite>
  <testsuite name="ard_continuous_ci.data.frame" timestamp="2025-06-25T19:30:14Z" hostname="3b9af3ca39bb" tests="1" skipped="0" failures="0" errors="0" time="0.001">
    <testcase time="0.00100000000000122" classname="character(0)" name="ard_continuous_ci.data.frame_method_wilcox.test_"/>
  </testsuite>
  <testsuite name="ard_continuous_ci.data.frame" timestamp="2025-06-25T19:30:14Z" hostname="3b9af3ca39bb" tests="1" skipped="0" failures="0" errors="0" time="0.002">
    <testcase time="0.00199999999999889" classname="character(0)" name="ard_continuous_ci.data.frame_follows_ard_structure"/>
  </testsuite>
  <testsuite name="ard_continuous_ci.survey.design" timestamp="2025-06-25T19:30:15Z" hostname="3b9af3ca39bb" tests="1" skipped="1" failures="0" errors="0" time="1.114">
    <testcase time="1.114" classname="character(0)" name="ard_continuous_ci_data_">
      <skipped message="Reason: On CRAN ('test-ard_continuous_ci.survey.design.R:7:3')"/>
    </testcase>
  </testsuite>
  <testsuite name="ard_continuous_ci.survey.design" timestamp="2025-06-25T19:30:15Z" hostname="3b9af3ca39bb" tests="5" skipped="0" failures="0" errors="0" time="0.016">
    <testcase time="0.0109999999999992" classname="character(0)" name="ard_continuous_ci_variables_"/>
    <testcase time="0.00300000000000011" classname="character(0)" name="ard_continuous_ci_variables_"/>
    <testcase time="0" classname="character(0)" name="ard_continuous_ci_variables_"/>
    <testcase time="0.00100000000000122" classname="character(0)" name="ard_continuous_ci_variables_"/>
    <testcase time="0.00100000000000122" classname="character(0)" name="ard_continuous_ci_variables_"/>
  </testsuite>
  <testsuite name="ard_continuous_ci.survey.design" timestamp="2025-06-25T19:30:15Z" hostname="3b9af3ca39bb" tests="6" skipped="0" failures="0" errors="0" time="0.003">
    <testcase time="0.000999999999997669" classname="character(0)" name="ard_continuous_ci_by_"/>
    <testcase time="0.00100000000000122" classname="character(0)" name="ard_continuous_ci_by_"/>
    <testcase time="0" classname="character(0)" name="ard_continuous_ci_by_"/>
    <testcase time="0" classname="character(0)" name="ard_continuous_ci_by_"/>
    <testcase time="0.00100000000000122" classname="character(0)" name="ard_continuous_ci_by_"/>
    <testcase time="0" classname="character(0)" name="ard_continuous_ci_by_"/>
  </testsuite>
  <testsuite name="ard_continuous_ci.survey.design" timestamp="2025-06-25T19:30:15Z" hostname="3b9af3ca39bb" tests="2" skipped="0" failures="0" errors="0" time="0.002">
    <testcase time="0.00199999999999889" classname="character(0)" name="ard_continuous_ci_conf.level_"/>
    <testcase time="0" classname="character(0)" name="ard_continuous_ci_conf.level_"/>
  </testsuite>
  <testsuite name="ard_continuous_ci.survey.design" timestamp="2025-06-25T19:30:15Z" hostname="3b9af3ca39bb" tests="3" skipped="0" failures="0" errors="0" time="0.002">
    <testcase time="0.00200000000000244" classname="character(0)" name="ard_continuous_ci_method_variables_"/>
    <testcase time="0" classname="character(0)" name="ard_continuous_ci_method_variables_"/>
    <testcase time="0" classname="character(0)" name="ard_continuous_ci_method_variables_"/>
  </testsuite>
  <testsuite name="ard_continuous_ci.survey.design" timestamp="2025-06-25T19:30:15Z" hostname="3b9af3ca39bb" tests="3" skipped="0" failures="0" errors="0" time="0.003">
    <testcase time="0.00200000000000244" classname="character(0)" name="ard_continuous_ci_method_by_"/>
    <testcase time="0" classname="character(0)" name="ard_continuous_ci_method_by_"/>
    <testcase time="0.000999999999997669" classname="character(0)" name="ard_continuous_ci_method_by_"/>
  </testsuite>
  <testsuite name="ard_continuous_ci.survey.design" timestamp="2025-06-25T19:30:15Z" hostname="3b9af3ca39bb" tests="4" skipped="0" failures="0" errors="0" time="0.003">
    <testcase time="0.00100000000000122" classname="character(0)" name="ard_continuous_ci_..._"/>
    <testcase time="0.00100000000000122" classname="character(0)" name="ard_continuous_ci_..._"/>
    <testcase time="0.000999999999997669" classname="character(0)" name="ard_continuous_ci_..._"/>
    <testcase time="0" classname="character(0)" name="ard_continuous_ci_..._"/>
  </testsuite>
  <testsuite name="ard_continuous_ci.survey.design" timestamp="2025-06-25T19:30:15Z" hostname="3b9af3ca39bb" tests="1" skipped="1" failures="0" errors="0" time="0.002">
    <testcase time="0.00200000000000244" classname="character(0)" name="ard_continuous_ci_errors_are_captured">
      <skipped message="Reason: On CRAN ('test-ard_continuous_ci.survey.design.R:194:3')"/>
    </testcase>
  </testsuite>
  <testsuite name="ard_continuous_ci.survey.design" timestamp="2025-06-25T19:30:15Z" hostname="3b9af3ca39bb" tests="1" skipped="0" failures="0" errors="0" time="0.011">
    <testcase time="0.0109999999999992" classname="character(0)" name="ard_continuous_ci.survey.design_follows_ard_structure"/>
  </testsuite>
  <testsuite name="ard_dichotomous.survey.design" timestamp="2025-06-25T19:30:20Z" hostname="3b9af3ca39bb" tests="33" skipped="0" failures="0" errors="0" time="5.502">
    <testcase time="5.483" classname="character(0)" name="ard_dichotomous.survey.design_works"/>
    <testcase time="0" classname="character(0)" name="ard_dichotomous.survey.design_works"/>
    <testcase time="0.00100000000000477" classname="character(0)" name="ard_dichotomous.survey.design_works"/>
    <testcase time="0.000999999999997669" classname="character(0)" name="ard_dichotomous.survey.design_works"/>
    <testcase time="0" classname="character(0)" name="ard_dichotomous.survey.design_works"/>
    <testcase time="0.000999999999997669" classname="character(0)" name="ard_dichotomous.survey.design_works"/>
    <testcase time="0" classname="character(0)" name="ard_dichotomous.survey.design_works"/>
    <testcase time="0.00100000000000477" classname="character(0)" name="ard_dichotomous.survey.design_works"/>
    <testcase time="0" classname="character(0)" name="ard_dichotomous.survey.design_works"/>
    <testcase time="0.000999999999997669" classname="character(0)" name="ard_dichotomous.survey.design_works"/>
    <testcase time="0.000999999999997669" classname="character(0)" name="ard_dichotomous.survey.design_works"/>
    <testcase time="0" classname="character(0)" name="ard_dichotomous.survey.design_works"/>
    <testcase time="0.00100000000000477" classname="character(0)" name="ard_dichotomous.survey.design_works"/>
    <testcase time="0" classname="character(0)" name="ard_dichotomous.survey.design_works"/>
    <testcase time="0.000999999999997669" classname="character(0)" name="ard_dichotomous.survey.design_works"/>
    <testcase time="0.000999999999997669" classname="character(0)" name="ard_dichotomous.survey.design_works"/>
    <testcase time="0" classname="character(0)" name="ard_dichotomous.survey.design_works"/>
    <testcase time="0.00100000000000477" classname="character(0)" name="ard_dichotomous.survey.design_works"/>
    <testcase time="0" classname="character(0)" name="ard_dichotomous.survey.design_works"/>
    <testcase time="0.000999999999997669" classname="character(0)" name="ard_dichotomous.survey.design_works"/>
    <testcase time="0.000999999999997669" classname="character(0)" name="ard_dichotomous.survey.design_works"/>
    <testcase time="0" classname="character(0)" name="ard_dichotomous.survey.design_works"/>
    <testcase time="0.00100000000000477" classname="character(0)" name="ard_dichotomous.survey.design_works"/>
    <testcase time="0" classname="character(0)" name="ard_dichotomous.survey.design_works"/>
    <testcase time="0.000999999999997669" classname="character(0)" name="ard_dichotomous.survey.design_works"/>
    <testcase time="0.000999999999997669" classname="character(0)" name="ard_dichotomous.survey.design_works"/>
    <testcase time="0" classname="character(0)" name="ard_dichotomous.survey.design_works"/>
    <testcase time="0.00100000000000477" classname="character(0)" name="ard_dichotomous.survey.design_works"/>
    <testcase time="0" classname="character(0)" name="ard_dichotomous.survey.design_works"/>
    <testcase time="0.000999999999997669" classname="character(0)" name="ard_dichotomous.survey.design_works"/>
    <testcase time="0.000999999999997669" classname="character(0)" name="ard_dichotomous.survey.design_works"/>
    <testcase time="0" classname="character(0)" name="ard_dichotomous.survey.design_works"/>
    <testcase time="0.00100000000000477" classname="character(0)" name="ard_dichotomous.survey.design_works"/>
  </testsuite>
  <testsuite name="ard_dichotomous.survey.design" timestamp="2025-06-25T19:30:20Z" hostname="3b9af3ca39bb" tests="12" skipped="0" failures="0" errors="0" time="0.008">
    <testcase time="0.00199999999999534" classname="character(0)" name="ard_dichotomous.survey.design_works_with_various_input_types"/>
    <testcase time="0.00100000000000477" classname="character(0)" name="ard_dichotomous.survey.design_works_with_various_input_types"/>
    <testcase time="0" classname="character(0)" name="ard_dichotomous.survey.design_works_with_various_input_types"/>
    <testcase time="0.000999999999997669" classname="character(0)" name="ard_dichotomous.survey.design_works_with_various_input_types"/>
    <testcase time="0" classname="character(0)" name="ard_dichotomous.survey.design_works_with_various_input_types"/>
    <testcase time="0.000999999999997669" classname="character(0)" name="ard_dichotomous.survey.design_works_with_various_input_types"/>
    <testcase time="0" classname="character(0)" name="ard_dichotomous.survey.design_works_with_various_input_types"/>
    <testcase time="0.00100000000000477" classname="character(0)" name="ard_dichotomous.survey.design_works_with_various_input_types"/>
    <testcase time="0" classname="character(0)" name="ard_dichotomous.survey.design_works_with_various_input_types"/>
    <testcase time="0.000999999999997669" classname="character(0)" name="ard_dichotomous.survey.design_works_with_various_input_types"/>
    <testcase time="0.000999999999997669" classname="character(0)" name="ard_dichotomous.survey.design_works_with_various_input_types"/>
    <testcase time="0" classname="character(0)" name="ard_dichotomous.survey.design_works_with_various_input_types"/>
  </testsuite>
  <testsuite name="ard_dichotomous.survey.design" timestamp="2025-06-25T19:30:20Z" hostname="3b9af3ca39bb" tests="1" skipped="1" failures="0" errors="0" time="0.002">
    <testcase time="0.00200000000000244" classname="character(0)" name="ard_dichotomous.survey.design_returns_an_error_with_erroneous_input">
      <skipped message="Reason: On CRAN ('test-ard_dichotomous.survey.design.R:413:3')"/>
    </testcase>
  </testsuite>
  <testsuite name="ard_dichotomous.survey.design" timestamp="2025-06-25T19:30:20Z" hostname="3b9af3ca39bb" tests="1" skipped="0" failures="0" errors="0" time="0.013">
    <testcase time="0.0129999999999981" classname="character(0)" name="ard_dichotomous.survey.design_follows_ard_structure"/>
  </testsuite>
  <testsuite name="ard_effectsize_cohens_d" timestamp="2025-06-25T19:30:21Z" hostname="3b9af3ca39bb" tests="4" skipped="1" failures="0" errors="0" time="0.75">
    <testcase time="0.749000000000002" classname="character(0)" name="ard_effectsize_cohens_d_works"/>
    <testcase time="0" classname="character(0)" name="ard_effectsize_cohens_d_works"/>
    <testcase time="0.000999999999997669" classname="character(0)" name="ard_effectsize_cohens_d_works"/>
    <testcase time="0" classname="character(0)" name="ard_effectsize_cohens_d_works">
      <skipped message="Reason: On CRAN ('test-ard_effectsize_cohens_d.R:38:3')"/>
    </testcase>
  </testsuite>
  <testsuite name="ard_effectsize_cohens_d" timestamp="2025-06-25T19:30:21Z" hostname="3b9af3ca39bb" tests="3" skipped="0" failures="0" errors="0" time="0.013">
    <testcase time="0.0120000000000005" classname="character(0)" name="ard_effectsize_paired_cohens_d_works"/>
    <testcase time="0" classname="character(0)" name="ard_effectsize_paired_cohens_d_works"/>
    <testcase time="0.000999999999997669" classname="character(0)" name="ard_effectsize_paired_cohens_d_works"/>
  </testsuite>
  <testsuite name="ard_effectsize_cohens_d" timestamp="2025-06-25T19:30:21Z" hostname="3b9af3ca39bb" tests="2" skipped="0" failures="0" errors="0" time="0.002">
    <testcase time="0.00200000000000244" classname="character(0)" name="ard_effectsize_cohens_d_follows_ard_structure"/>
    <testcase time="0" classname="character(0)" name="ard_effectsize_cohens_d_follows_ard_structure"/>
  </testsuite>
  <testsuite name="ard_effectsize_hedges_g" timestamp="2025-06-25T19:30:22Z" hostname="3b9af3ca39bb" tests="4" skipped="1" failures="0" errors="0" time="0.59">
    <testcase time="0.587000000000003" classname="character(0)" name="ard_effectsize_hedges_g_works"/>
    <testcase time="0.000999999999997669" classname="character(0)" name="ard_effectsize_hedges_g_works"/>
    <testcase time="0.000999999999997669" classname="character(0)" name="ard_effectsize_hedges_g_works"/>
    <testcase time="0.00100000000000477" classname="character(0)" name="ard_effectsize_hedges_g_works">
      <skipped message="Reason: On CRAN ('test-ard_effectsize_hedges_g.R:34:3')"/>
    </testcase>
  </testsuite>
  <testsuite name="ard_effectsize_hedges_g" timestamp="2025-06-25T19:30:22Z" hostname="3b9af3ca39bb" tests="3" skipped="0" failures="0" errors="0" time="0.021">
    <testcase time="0.019999999999996" classname="character(0)" name="ard_effectsize_paired_hedges_g_works"/>
    <testcase time="0" classname="character(0)" name="ard_effectsize_paired_hedges_g_works"/>
    <testcase time="0.000999999999997669" classname="character(0)" name="ard_effectsize_paired_hedges_g_works"/>
  </testsuite>
  <testsuite name="ard_effectsize_hedges_g" timestamp="2025-06-25T19:30:22Z" hostname="3b9af3ca39bb" tests="2" skipped="0" failures="0" errors="0" time="0.002">
    <testcase time="0.00200000000000244" classname="character(0)" name="ard_effectsize_cohens_d_follows_ard_structure"/>
    <testcase time="0" classname="character(0)" name="ard_effectsize_cohens_d_follows_ard_structure"/>
  </testsuite>
  <testsuite name="ard_emmeans_mean_difference" timestamp="2025-06-25T19:30:22Z" hostname="3b9af3ca39bb" tests="2" skipped="1" failures="0" errors="0" time="0.643">
    <testcase time="0.642000000000003" classname="character(0)" name="ard_emmeans_mean_difference_works"/>
    <testcase time="0.000999999999997669" classname="character(0)" name="ard_emmeans_mean_difference_works">
      <skipped message="Reason: On CRAN ('test-ard_emmeans_mean_difference.R:17:3')"/>
    </testcase>
  </testsuite>
  <testsuite name="ard_emmeans_mean_difference" timestamp="2025-06-25T19:30:22Z" hostname="3b9af3ca39bb" tests="1" skipped="0" failures="0" errors="0" time="0.011">
    <testcase time="0.0110000000000028" classname="character(0)" name="ard_emmeans_mean_difference_follows_ard_structure"/>
  </testsuite>
  <testsuite name="ard_emmeans_mean_difference" timestamp="2025-06-25T19:30:22Z" hostname="3b9af3ca39bb" tests="2" skipped="1" failures="0" errors="0" time="0.003">
    <testcase time="0.00199999999999534" classname="character(0)" name="ard_emmeans_mean_difference_errors_are_returned_correctly"/>
    <testcase time="0.00100000000000477" classname="character(0)" name="ard_emmeans_mean_difference_errors_are_returned_correctly">
      <skipped message="Reason: On CRAN ('test-ard_emmeans_mean_difference.R:118:3')"/>
    </testcase>
  </testsuite>
  <testsuite name="ard_incidence_rate" timestamp="2025-06-25T19:30:23Z" hostname="3b9af3ca39bb" tests="2" skipped="1" failures="0" errors="0" time="0.278">
    <testcase time="0.277999999999999" classname="character(0)" name="ard_incidence_rate_works"/>
    <testcase time="0" classname="character(0)" name="ard_incidence_rate_works">
      <skipped message="Reason: On CRAN ('test-ard_incidence_rate.R:13:3')"/>
    </testcase>
  </testsuite>
  <testsuite name="ard_incidence_rate" timestamp="2025-06-25T19:30:23Z" hostname="3b9af3ca39bb" tests="2" skipped="1" failures="0" errors="0" time="0.012">
    <testcase time="0.0120000000000005" classname="character(0)" name="ard_incidence_rate_conf.type_works"/>
    <testcase time="0" classname="character(0)" name="ard_incidence_rate_conf.type_works">
      <skipped message="Reason: On CRAN ('test-ard_incidence_rate.R:49:3')"/>
    </testcase>
  </testsuite>
  <testsuite name="ard_incidence_rate" timestamp="2025-06-25T19:30:23Z" hostname="3b9af3ca39bb" tests="1" skipped="1" failures="0" errors="0" time="0.011">
    <testcase time="0.0109999999999957" classname="character(0)" name="ard_incidence_rate_errors_are_handled_correctly">
      <skipped message="Reason: On CRAN ('test-ard_incidence_rate.R:68:3')"/>
    </testcase>
  </testsuite>
  <testsuite name="ard_missing.survey.design" timestamp="2025-06-25T19:30:25Z" hostname="3b9af3ca39bb" tests="19" skipped="0" failures="0" errors="0" time="2.603">
    <testcase time="2.593" classname="character(0)" name="ard_missing.survey.design_works"/>
    <testcase time="0" classname="character(0)" name="ard_missing.survey.design_works"/>
    <testcase time="0.000999999999997669" classname="character(0)" name="ard_missing.survey.design_works"/>
    <testcase time="0" classname="character(0)" name="ard_missing.survey.design_works"/>
    <testcase time="0.00100000000000477" classname="character(0)" name="ard_missing.survey.design_works"/>
    <testcase time="0.000999999999997669" classname="character(0)" name="ard_missing.survey.design_works"/>
    <testcase time="0" classname="character(0)" name="ard_missing.survey.design_works"/>
    <testcase time="0.000999999999997669" classname="character(0)" name="ard_missing.survey.design_works"/>
    <testcase time="0" classname="character(0)" name="ard_missing.survey.design_works"/>
    <testcase time="0.00100000000000477" classname="character(0)" name="ard_missing.survey.design_works"/>
    <testcase time="0" classname="character(0)" name="ard_missing.survey.design_works"/>
    <testcase time="0.000999999999997669" classname="character(0)" name="ard_missing.survey.design_works"/>
    <testcase time="0.000999999999997669" classname="character(0)" name="ard_missing.survey.design_works"/>
    <testcase time="0" classname="character(0)" name="ard_missing.survey.design_works"/>
    <testcase time="0.00100000000000477" classname="character(0)" name="ard_missing.survey.design_works"/>
    <testcase time="0" classname="character(0)" name="ard_missing.survey.design_works"/>
    <testcase time="0.000999999999997669" classname="character(0)" name="ard_missing.survey.design_works"/>
    <testcase time="0.000999999999997669" classname="character(0)" name="ard_missing.survey.design_works"/>
    <testcase time="0" classname="character(0)" name="ard_missing.survey.design_works"/>
  </testsuite>
  <testsuite name="ard_missing.survey.design" timestamp="2025-06-25T19:30:25Z" hostname="3b9af3ca39bb" tests="1" skipped="0" failures="0" errors="0" time="0.002">
    <testcase time="0.00200000000000244" classname="character(0)" name="ard_missing.survey.design_follows_ard_structure"/>
  </testsuite>
  <testsuite name="ard_missing.survey.design" timestamp="2025-06-25T19:30:25Z" hostname="3b9af3ca39bb" tests="1" skipped="0" failures="0" errors="0" time="0.002">
    <testcase time="0.00199999999999534" classname="character(0)" name="ard_missing.survey.design_works_on_design_columns"/>
  </testsuite>
  <testsuite name="ard_proportion_ci" timestamp="2025-06-25T19:30:27Z" hostname="3b9af3ca39bb" tests="6" skipped="0" failures="0" errors="0" time="1.483">
    <testcase time="1.48" classname="character(0)" name="ard_categorical_ci_works"/>
    <testcase time="0.000999999999997669" classname="character(0)" name="ard_categorical_ci_works"/>
    <testcase time="0.00100000000000477" classname="character(0)" name="ard_categorical_ci_works"/>
    <testcase time="0" classname="character(0)" name="ard_categorical_ci_works"/>
    <testcase time="0.000999999999997669" classname="character(0)" name="ard_categorical_ci_works"/>
    <testcase time="0" classname="character(0)" name="ard_categorical_ci_works"/>
  </testsuite>
  <testsuite name="ard_proportion_ci" timestamp="2025-06-25T19:30:27Z" hostname="3b9af3ca39bb" tests="2" skipped="1" failures="0" errors="0" time="0.003">
    <testcase time="0.00200000000000244" classname="character(0)" name="ard_categorical_ci_method_strat_wilson_works"/>
    <testcase time="0.000999999999997669" classname="character(0)" name="ard_categorical_ci_method_strat_wilson_works">
      <skipped message="Reason: On CRAN ('test-ard_proportion_ci.R:92:3')"/>
    </testcase>
  </testsuite>
  <testsuite name="ard_proportion_ci" timestamp="2025-06-25T19:30:27Z" hostname="3b9af3ca39bb" tests="1" skipped="1" failures="0" errors="0" time="0.014">
    <testcase time="0.0139999999999958" classname="character(0)" name="ard_categorical_ci_messaging">
      <skipped message="Reason: On CRAN ('test-ard_proportion_ci.R:113:3')"/>
    </testcase>
  </testsuite>
  <testsuite name="ard_proportion_ci" timestamp="2025-06-25T19:30:27Z" hostname="3b9af3ca39bb" tests="1" skipped="0" failures="0" errors="0" time="0.011">
    <testcase time="0.0110000000000028" classname="character(0)" name="ard_proportion_ci_follows_ard_structure"/>
  </testsuite>
  <testsuite name="ard_regression" timestamp="2025-06-25T19:30:29Z" hostname="3b9af3ca39bb" tests="2" skipped="1" failures="0" errors="0" time="2.438">
    <testcase time="2.437" classname="character(0)" name="ard_regression_works"/>
    <testcase time="0.00100000000000477" classname="character(0)" name="ard_regression_works">
      <skipped message="Reason: On CRAN ('test-ard_regression.R:12:3')"/>
    </testcase>
  </testsuite>
  <testsuite name="ard_regression" timestamp="2025-06-25T19:30:29Z" hostname="3b9af3ca39bb" tests="1" skipped="1" failures="0" errors="0" time="0.013">
    <testcase time="0.0129999999999981" classname="character(0)" name="ard_regression_works_specifying_custom_tidier">
      <skipped message="Reason: On CRAN ('test-ard_regression.R:44:3')"/>
    </testcase>
  </testsuite>
  <testsuite name="ard_regression" timestamp="2025-06-25T19:30:29Z" hostname="3b9af3ca39bb" tests="1" skipped="0" failures="0" errors="0" time="0.015">
    <testcase time="0.0150000000000006" classname="character(0)" name="ard_regression_does_not_produce_variable_level_column_where_not_applicable"/>
  </testsuite>
  <testsuite name="ard_regression" timestamp="2025-06-25T19:30:29Z" hostname="3b9af3ca39bb" tests="2" skipped="0" failures="0" errors="0" time="0.003">
    <testcase time="0.00200000000000244" classname="character(0)" name="ard_regression_warnings_and_errors_return_correctly"/>
    <testcase time="0.000999999999997669" classname="character(0)" name="ard_regression_warnings_and_errors_return_correctly"/>
  </testsuite>
  <testsuite name="ard_regression" timestamp="2025-06-25T19:30:29Z" hostname="3b9af3ca39bb" tests="1" skipped="0" failures="0" errors="0" time="0.001">
    <testcase time="0.000999999999997669" classname="character(0)" name="ard_regression_follows_ard_structure"/>
  </testsuite>
  <testsuite name="ard_regression_basic" timestamp="2025-06-25T19:30:30Z" hostname="3b9af3ca39bb" tests="2" skipped="1" failures="0" errors="0" time="0.881">
    <testcase time="0.880000000000003" classname="character(0)" name="ard_regression_basic_works"/>
    <testcase time="0.000999999999997669" classname="character(0)" name="ard_regression_basic_works">
      <skipped message="Reason: On CRAN ('test-ard_regression_basic.R:12:3')"/>
    </testcase>
  </testsuite>
  <testsuite name="ard_regression_basic" timestamp="2025-06-25T19:30:30Z" hostname="3b9af3ca39bb" tests="1" skipped="0" failures="0" errors="0" time="0.016">
    <testcase time="0.0159999999999982" classname="character(0)" name="ard_regression_basic_does_not_produce_variable_level_column_where_not_applicable"/>
  </testsuite>
  <testsuite name="ard_regression_basic" timestamp="2025-06-25T19:30:30Z" hostname="3b9af3ca39bb" tests="1" skipped="0" failures="0" errors="0" time="0.002">
    <testcase time="0.00200000000000244" classname="character(0)" name="ard_regression_basic_follows_ard_structure"/>
  </testsuite>
  <testsuite name="ard_smd_smd" timestamp="2025-06-25T19:30:31Z" hostname="3b9af3ca39bb" tests="3" skipped="0" failures="0" errors="0" time="0.452">
    <testcase time="0.450000000000003" classname="character(0)" name="ard_smd_smd_works"/>
    <testcase time="0.000999999999997669" classname="character(0)" name="ard_smd_smd_works"/>
    <testcase time="0.000999999999997669" classname="character(0)" name="ard_smd_smd_works"/>
  </testsuite>
  <testsuite name="ard_smd_smd" timestamp="2025-06-25T19:30:31Z" hostname="3b9af3ca39bb" tests="2" skipped="0" failures="0" errors="0" time="0.002">
    <testcase time="0.00200000000000244" classname="character(0)" name="ard_smd_works_with_survey_data"/>
    <testcase time="0" classname="character(0)" name="ard_smd_works_with_survey_data"/>
  </testsuite>
  <testsuite name="ard_smd_smd" timestamp="2025-06-25T19:30:31Z" hostname="3b9af3ca39bb" tests="4" skipped="0" failures="0" errors="0" time="0.004">
    <testcase time="0.00200000000000244" classname="character(0)" name="ard_smd_smd_error_messaging"/>
    <testcase time="0.000999999999997669" classname="character(0)" name="ard_smd_smd_error_messaging"/>
    <testcase time="0" classname="character(0)" name="ard_smd_smd_error_messaging"/>
    <testcase time="0.000999999999997669" classname="character(0)" name="ard_smd_smd_error_messaging"/>
  </testsuite>
  <testsuite name="ard_smd_smd" timestamp="2025-06-25T19:30:31Z" hostname="3b9af3ca39bb" tests="1" skipped="0" failures="0" errors="0" time="0.002">
    <testcase time="0.00200000000000244" classname="character(0)" name="ard_smd_smd_follows_ard_structure"/>
  </testsuite>
  <testsuite name="ard_stats_anova" timestamp="2025-06-25T19:30:32Z" hostname="3b9af3ca39bb" tests="1" skipped="0" failures="0" errors="0" time="1.418">
    <testcase time="1.418" classname="character(0)" name="ard_stats_anova.anova_works"/>
  </testsuite>
  <testsuite name="ard_stats_anova" timestamp="2025-06-25T19:30:32Z" hostname="3b9af3ca39bb" tests="7" skipped="0" failures="0" errors="0" time="0.006">
    <testcase time="0.00200000000000244" classname="character(0)" name="ard_stats_anova.data.frame_works"/>
    <testcase time="0" classname="character(0)" name="ard_stats_anova.data.frame_works"/>
    <testcase time="0.000999999999997669" classname="character(0)" name="ard_stats_anova.data.frame_works"/>
    <testcase time="0.000999999999997669" classname="character(0)" name="ard_stats_anova.data.frame_works"/>
    <testcase time="0" classname="character(0)" name="ard_stats_anova.data.frame_works"/>
    <testcase time="0.00100000000000477" classname="character(0)" name="ard_stats_anova.data.frame_works"/>
    <testcase time="0.000999999999997669" classname="character(0)" name="ard_stats_anova.data.frame_works"/>
  </testsuite>
  <testsuite name="ard_stats_anova" timestamp="2025-06-25T19:30:32Z" hostname="3b9af3ca39bb" tests="1" skipped="0" failures="0" errors="0" time="0.002">
    <testcase time="0.00200000000000244" classname="character(0)" name="ard_stats_anova.data.frame_error_messaging"/>
  </testsuite>
  <testsuite name="ard_stats_anova" timestamp="2025-06-25T19:30:32Z" hostname="3b9af3ca39bb" tests="1" skipped="0" failures="0" errors="0" time="0.002">
    <testcase time="0.00199999999999534" classname="character(0)" name="ard_stats_anova_follows_ard_structure"/>
  </testsuite>
  <testsuite name="ard_stats_aov" timestamp="2025-06-25T19:30:32Z" hostname="3b9af3ca39bb" tests="3" skipped="1" failures="0" errors="0" time="0.264">
    <testcase time="0.262" classname="character(0)" name="ard_aov_works"/>
    <testcase time="0.00100000000000477" classname="character(0)" name="ard_aov_works"/>
    <testcase time="0.000999999999997669" classname="character(0)" name="ard_aov_works">
      <skipped message="Reason: On CRAN ('test-ard_stats_aov.R:26:3')"/>
    </testcase>
  </testsuite>
  <testsuite name="ard_stats_aov" timestamp="2025-06-25T19:30:32Z" hostname="3b9af3ca39bb" tests="1" skipped="0" failures="0" errors="0" time="0.018">
    <testcase time="0.0180000000000007" classname="character(0)" name="ard_stats_aov_follows_ard_structure"/>
  </testsuite>
  <testsuite name="ard_stats_chisq_test" timestamp="2025-06-25T19:30:33Z" hostname="3b9af3ca39bb" tests="3" skipped="0" failures="0" errors="0" time="0.254">
    <testcase time="0.252000000000002" classname="character(0)" name="ard_stats_chisq_test_works"/>
    <testcase time="0.000999999999997669" classname="character(0)" name="ard_stats_chisq_test_works"/>
    <testcase time="0.000999999999997669" classname="character(0)" name="ard_stats_chisq_test_works"/>
  </testsuite>
  <testsuite name="ard_stats_chisq_test" timestamp="2025-06-25T19:30:33Z" hostname="3b9af3ca39bb" tests="1" skipped="0" failures="0" errors="0" time="0.001">
    <testcase time="0.00100000000000477" classname="character(0)" name="ard_stats_chisq_test_follows_ard_structure"/>
  </testsuite>
  <testsuite name="ard_stats_fisher_test" timestamp="2025-06-25T19:30:33Z" hostname="3b9af3ca39bb" tests="3" skipped="0" failures="0" errors="0" time="0.252">
    <testcase time="0.250999999999998" classname="character(0)" name="ard_stats_fisher_test_works"/>
    <testcase time="0.000999999999997669" classname="character(0)" name="ard_stats_fisher_test_works"/>
    <testcase time="0" classname="character(0)" name="ard_stats_fisher_test_works"/>
  </testsuite>
  <testsuite name="ard_stats_fisher_test" timestamp="2025-06-25T19:30:33Z" hostname="3b9af3ca39bb" tests="1" skipped="0" failures="0" errors="0" time="0.002">
    <testcase time="0.00200000000000244" classname="character(0)" name="ard_stats_fisher_test_follows_ard_structure"/>
  </testsuite>
  <testsuite name="ard_stats_kruskal_test" timestamp="2025-06-25T19:30:33Z" hostname="3b9af3ca39bb" tests="3" skipped="1" failures="0" errors="0" time="0.201">
    <testcase time="0.199999999999996" classname="character(0)" name="ard_stats_kruskal_test_works"/>
    <testcase time="0" classname="character(0)" name="ard_stats_kruskal_test_works"/>
    <testcase time="0.00100000000000477" classname="character(0)" name="ard_stats_kruskal_test_works">
      <skipped message="Reason: On CRAN ('test-ard_stats_kruskal_test.R:22:3')"/>
    </testcase>
  </testsuite>
  <testsuite name="ard_stats_kruskal_test" timestamp="2025-06-25T19:30:33Z" hostname="3b9af3ca39bb" tests="1" skipped="0" failures="0" errors="0" time="0.014">
    <testcase time="0.0139999999999958" classname="character(0)" name="ard_stats_kruskal_test_follows_ard_structure"/>
  </testsuite>
  <testsuite name="ard_stats_mantelhaen_test" timestamp="2025-06-25T19:30:33Z" hostname="3b9af3ca39bb" tests="2" skipped="1" failures="0" errors="0" time="0.22">
    <testcase time="0.219000000000001" classname="character(0)" name="ard_stats_mantelhaen_test_works"/>
    <testcase time="0.00100000000000477" classname="character(0)" name="ard_stats_mantelhaen_test_works">
      <skipped message="Reason: On CRAN ('test-ard_stats_mantelhaen_test.R:11:3')"/>
    </testcase>
  </testsuite>
  <testsuite name="ard_stats_mantelhaen_test" timestamp="2025-06-25T19:30:33Z" hostname="3b9af3ca39bb" tests="3" skipped="0" failures="0" errors="0" time="0.013">
    <testcase time="0.0109999999999957" classname="character(0)" name="ard_stats_mantelhaen_test_displays_errors_correctly"/>
    <testcase time="0.000999999999997669" classname="character(0)" name="ard_stats_mantelhaen_test_displays_errors_correctly"/>
    <testcase time="0.00100000000000477" classname="character(0)" name="ard_stats_mantelhaen_test_displays_errors_correctly"/>
  </testsuite>
  <testsuite name="ard_stats_mcnemar_test" timestamp="2025-06-25T19:30:34Z" hostname="3b9af3ca39bb" tests="7" skipped="0" failures="0" errors="0" time="0.467">
    <testcase time="0.463000000000001" classname="character(0)" name="ard_stats_mcnemar_test_works"/>
    <testcase time="0.000999999999997669" classname="character(0)" name="ard_stats_mcnemar_test_works"/>
    <testcase time="0" classname="character(0)" name="ard_stats_mcnemar_test_works"/>
    <testcase time="0.000999999999997669" classname="character(0)" name="ard_stats_mcnemar_test_works"/>
    <testcase time="0.00100000000000477" classname="character(0)" name="ard_stats_mcnemar_test_works"/>
    <testcase time="0" classname="character(0)" name="ard_stats_mcnemar_test_works"/>
    <testcase time="0.000999999999997669" classname="character(0)" name="ard_stats_mcnemar_test_works"/>
  </testsuite>
  <testsuite name="ard_stats_mcnemar_test" timestamp="2025-06-25T19:30:34Z" hostname="3b9af3ca39bb" tests="1" skipped="0" failures="0" errors="0" time="0.002">
    <testcase time="0.00200000000000244" classname="character(0)" name="ard_stats_mcnemar_test_follows_ard_structure"/>
  </testsuite>
  <testsuite name="ard_stats_mood_test" timestamp="2025-06-25T19:30:34Z" hostname="3b9af3ca39bb" tests="3" skipped="1" failures="0" errors="0" time="0.229">
    <testcase time="0.227999999999994" classname="character(0)" name="ard_stats_mood_test_works"/>
    <testcase time="0.00100000000000477" classname="character(0)" name="ard_stats_mood_test_works"/>
    <testcase time="0" classname="character(0)" name="ard_stats_mood_test_works">
      <skipped message="Reason: On CRAN ('test-ard_stats_mood_test.R:22:3')"/>
    </testcase>
  </testsuite>
  <testsuite name="ard_stats_mood_test" timestamp="2025-06-25T19:30:34Z" hostname="3b9af3ca39bb" tests="1" skipped="0" failures="0" errors="0" time="0.012">
    <testcase time="0.0120000000000005" classname="character(0)" name="ard_stats_mood_test_follows_ard_structure"/>
  </testsuite>
  <testsuite name="ard_stats_oneway_test" timestamp="2025-06-25T19:30:34Z" hostname="3b9af3ca39bb" tests="3" skipped="1" failures="0" errors="0" time="0.284">
    <testcase time="0.281999999999996" classname="character(0)" name="ard_stats_oneway_test_works"/>
    <testcase time="0.00100000000000477" classname="character(0)" name="ard_stats_oneway_test_works"/>
    <testcase time="0.000999999999997669" classname="character(0)" name="ard_stats_oneway_test_works">
      <skipped message="Reason: On CRAN ('test-ard_stats_oneway_test.R:24:3')"/>
    </testcase>
  </testsuite>
  <testsuite name="ard_stats_oneway_test" timestamp="2025-06-25T19:30:34Z" hostname="3b9af3ca39bb" tests="1" skipped="0" failures="0" errors="0" time="0.012">
    <testcase time="0.0120000000000005" classname="character(0)" name="ard_stats_oneway_test_follows_ard_structure"/>
  </testsuite>
  <testsuite name="ard_stats_poisson_test" timestamp="2025-06-25T19:30:35Z" hostname="3b9af3ca39bb" tests="3" skipped="0" failures="0" errors="0" time="0.363">
    <testcase time="0.360999999999997" classname="character(0)" name="ard_stats_poisson_test_works_for_one_sample_tests"/>
    <testcase time="0.00100000000000477" classname="character(0)" name="ard_stats_poisson_test_works_for_one_sample_tests"/>
    <testcase time="0.000999999999997669" classname="character(0)" name="ard_stats_poisson_test_works_for_one_sample_tests"/>
  </testsuite>
  <testsuite name="ard_stats_poisson_test" timestamp="2025-06-25T19:30:35Z" hostname="3b9af3ca39bb" tests="2" skipped="0" failures="0" errors="0" time="0.004">
    <testcase time="0.00300000000000011" classname="character(0)" name="ard_stats_poisson_test_works_for_two_sample_tests"/>
    <testcase time="0.000999999999997669" classname="character(0)" name="ard_stats_poisson_test_works_for_two_sample_tests"/>
  </testsuite>
  <testsuite name="ard_stats_poisson_test" timestamp="2025-06-25T19:30:35Z" hostname="3b9af3ca39bb" tests="1" skipped="1" failures="0" errors="0" time="0.004">
    <testcase time="0.00399999999999778" classname="character(0)" name="ard_stats_poisson_test_errors_are_handled_correctly">
      <skipped message="Reason: On CRAN ('test-ard_stats_poisson_test.R:74:3')"/>
    </testcase>
  </testsuite>
  <testsuite name="ard_stats_poisson_test" timestamp="2025-06-25T19:30:35Z" hostname="3b9af3ca39bb" tests="1" skipped="0" failures="0" errors="0" time="0.012">
    <testcase time="0.0120000000000005" classname="character(0)" name="ard_stats_poisson_test_follows_ard_structure"/>
  </testsuite>
  <testsuite name="ard_stats_prop_test" timestamp="2025-06-25T19:30:35Z" hostname="3b9af3ca39bb" tests="3" skipped="0" failures="0" errors="0" time="0.541">
    <testcase time="0.539000000000001" classname="character(0)" name="ard_stats_prop_test_works"/>
    <testcase time="0.00100000000000477" classname="character(0)" name="ard_stats_prop_test_works"/>
    <testcase time="0.000999999999997669" classname="character(0)" name="ard_stats_prop_test_works"/>
  </testsuite>
  <testsuite name="ard_stats_prop_test" timestamp="2025-06-25T19:30:35Z" hostname="3b9af3ca39bb" tests="8" skipped="0" failures="0" errors="0" time="0.011">
    <testcase time="0.00399999999999778" classname="character(0)" name="ard_stats_prop_test_error_messaging"/>
    <testcase time="0.000999999999997669" classname="character(0)" name="ard_stats_prop_test_error_messaging"/>
    <testcase time="0.00100000000000477" classname="character(0)" name="ard_stats_prop_test_error_messaging"/>
    <testcase time="0.000999999999997669" classname="character(0)" name="ard_stats_prop_test_error_messaging"/>
    <testcase time="0.000999999999997669" classname="character(0)" name="ard_stats_prop_test_error_messaging"/>
    <testcase time="0.00100000000000477" classname="character(0)" name="ard_stats_prop_test_error_messaging"/>
    <testcase time="0.000999999999997669" classname="character(0)" name="ard_stats_prop_test_error_messaging"/>
    <testcase time="0.000999999999997669" classname="character(0)" name="ard_stats_prop_test_error_messaging"/>
  </testsuite>
  <testsuite name="ard_stats_prop_test" timestamp="2025-06-25T19:30:35Z" hostname="3b9af3ca39bb" tests="1" skipped="0" failures="0" errors="0" time="0.004">
    <testcase time="0.00400000000000489" classname="character(0)" name="ard_stats_prop_test_follows_ard_structure"/>
  </testsuite>
  <testsuite name="ard_stats_t_test" timestamp="2025-06-25T19:30:36Z" hostname="3b9af3ca39bb" tests="6" skipped="0" failures="0" errors="0" time="0.533">
    <testcase time="0.530000000000001" classname="character(0)" name="ard_stats_t_test_works"/>
    <testcase time="0.000999999999997669" classname="character(0)" name="ard_stats_t_test_works"/>
    <testcase time="0" classname="character(0)" name="ard_stats_t_test_works"/>
    <testcase time="0.000999999999997669" classname="character(0)" name="ard_stats_t_test_works"/>
    <testcase time="0" classname="character(0)" name="ard_stats_t_test_works"/>
    <testcase time="0.00100000000000477" classname="character(0)" name="ard_stats_t_test_works"/>
  </testsuite>
  <testsuite name="ard_stats_t_test" timestamp="2025-06-25T19:30:36Z" hostname="3b9af3ca39bb" tests="3" skipped="0" failures="0" errors="0" time="0.003">
    <testcase time="0.00199999999999534" classname="character(0)" name="ard_stats_paired_t_test_works"/>
    <testcase time="0" classname="character(0)" name="ard_stats_paired_t_test_works"/>
    <testcase time="0.00100000000000477" classname="character(0)" name="ard_stats_paired_t_test_works"/>
  </testsuite>
  <testsuite name="ard_stats_t_test" timestamp="2025-06-25T19:30:36Z" hostname="3b9af3ca39bb" tests="1" skipped="0" failures="0" errors="0" time="0.002">
    <testcase time="0.00199999999999534" classname="character(0)" name="ard_stats_t_test_follows_ard_structure"/>
  </testsuite>
  <testsuite name="ard_stats_t_test_onesample" timestamp="2025-06-25T19:30:36Z" hostname="3b9af3ca39bb" tests="5" skipped="0" failures="0" errors="0" time="0.427">
    <testcase time="0.425000000000004" classname="character(0)" name="ard_stats_t_test_onesample_works"/>
    <testcase time="0" classname="character(0)" name="ard_stats_t_test_onesample_works"/>
    <testcase time="0.000999999999997669" classname="character(0)" name="ard_stats_t_test_onesample_works"/>
    <testcase time="0.000999999999997669" classname="character(0)" name="ard_stats_t_test_onesample_works"/>
    <testcase time="0" classname="character(0)" name="ard_stats_t_test_onesample_works"/>
  </testsuite>
  <testsuite name="ard_stats_t_test_onesample" timestamp="2025-06-25T19:30:36Z" hostname="3b9af3ca39bb" tests="1" skipped="0" failures="0" errors="0" time="0.002">
    <testcase time="0.00200000000000244" classname="character(0)" name="ard_stats_t_test_onesample_follows_ard_structure"/>
  </testsuite>
  <testsuite name="ard_stats_wilcox_test" timestamp="2025-06-25T19:30:37Z" hostname="3b9af3ca39bb" tests="6" skipped="0" failures="0" errors="0" time="0.706">
    <testcase time="0.697000000000003" classname="character(0)" name="ard_stats_wilcox_test_works"/>
    <testcase time="0.000999999999997669" classname="character(0)" name="ard_stats_wilcox_test_works"/>
    <testcase time="0.000999999999997669" classname="character(0)" name="ard_stats_wilcox_test_works"/>
    <testcase time="0.00100000000000477" classname="character(0)" name="ard_stats_wilcox_test_works"/>
    <testcase time="0.00499999999999545" classname="character(0)" name="ard_stats_wilcox_test_works"/>
    <testcase time="0.00100000000000477" classname="character(0)" name="ard_stats_wilcox_test_works"/>
  </testsuite>
  <testsuite name="ard_stats_wilcox_test" timestamp="2025-06-25T19:30:37Z" hostname="3b9af3ca39bb" tests="3" skipped="0" failures="0" errors="0" time="0.005">
    <testcase time="0.00299999999999301" classname="character(0)" name="ard_stats_paired_wilcox_test_works"/>
    <testcase time="0.00100000000000477" classname="character(0)" name="ard_stats_paired_wilcox_test_works"/>
    <testcase time="0.000999999999997669" classname="character(0)" name="ard_stats_paired_wilcox_test_works"/>
  </testsuite>
  <testsuite name="ard_stats_wilcox_test" timestamp="2025-06-25T19:30:37Z" hostname="3b9af3ca39bb" tests="1" skipped="0" failures="0" errors="0" time="0.003">
    <testcase time="0.00300000000000011" classname="character(0)" name="ard_stats_wilcox_test_follows_ard_structure"/>
  </testsuite>
  <testsuite name="ard_stats_wilcox_test_onesample" timestamp="2025-06-25T19:30:37Z" hostname="3b9af3ca39bb" tests="5" skipped="0" failures="0" errors="0" time="0.528">
    <testcase time="0.526000000000003" classname="character(0)" name="ard_stats_wilcox_test_onesample_works"/>
    <testcase time="0" classname="character(0)" name="ard_stats_wilcox_test_onesample_works"/>
    <testcase time="0.000999999999997669" classname="character(0)" name="ard_stats_wilcox_test_onesample_works"/>
    <testcase time="0" classname="character(0)" name="ard_stats_wilcox_test_onesample_works"/>
    <testcase time="0.000999999999997669" classname="character(0)" name="ard_stats_wilcox_test_onesample_works"/>
  </testsuite>
  <testsuite name="ard_stats_wilcox_test_onesample" timestamp="2025-06-25T19:30:37Z" hostname="3b9af3ca39bb" tests="1" skipped="0" failures="0" errors="0" time="0.002">
    <testcase time="0.00200000000000244" classname="character(0)" name="ard_stats_wilcox_test_onesample_follows_ard_structure"/>
  </testsuite>
  <testsuite name="ard_survey_svychisq" timestamp="2025-06-25T19:30:38Z" hostname="3b9af3ca39bb" tests="3" skipped="1" failures="0" errors="0" time="0.391">
    <testcase time="0.390000000000001" classname="character(0)" name="ard_survey_svychisq_works"/>
    <testcase time="0.000999999999997669" classname="character(0)" name="ard_survey_svychisq_works"/>
    <testcase time="0" classname="character(0)" name="ard_survey_svychisq_works">
      <skipped message="Reason: On CRAN ('test-ard_survey_svychisq.R:28:3')"/>
    </testcase>
  </testsuite>
  <testsuite name="ard_survey_svychisq" timestamp="2025-06-25T19:30:38Z" hostname="3b9af3ca39bb" tests="1" skipped="0" failures="0" errors="0" time="0.012">
    <testcase time="0.0120000000000005" classname="character(0)" name="ard_survey_svychisq_follows_ard_structure"/>
  </testsuite>
  <testsuite name="ard_survey_svyranktest" timestamp="2025-06-25T19:30:38Z" hostname="3b9af3ca39bb" tests="1" skipped="1" failures="0" errors="0" time="0.501">
    <testcase time="0.500999999999998" classname="character(0)" name="ard_survey_svyranktest_works">
      <skipped message="Reason: On CRAN ('test-ard_survey_svyranktest.R:18:3')"/>
    </testcase>
  </testsuite>
  <testsuite name="ard_survey_svyranktest" timestamp="2025-06-25T19:30:38Z" hostname="3b9af3ca39bb" tests="1" skipped="0" failures="0" errors="0" time="0.011">
    <testcase time="0.0110000000000028" classname="character(0)" name="exact_values_match_for_ard_svyranktest_works"/>
  </testsuite>
  <testsuite name="ard_survey_svyranktest" timestamp="2025-06-25T19:30:38Z" hostname="3b9af3ca39bb" tests="1" skipped="0" failures="0" errors="0" time="0.002">
    <testcase time="0.00200000000000244" classname="character(0)" name="ard_survey_svyranktest_follows_ard_structure"/>
  </testsuite>
  <testsuite name="ard_survey_svyttest" timestamp="2025-06-25T19:30:39Z" hostname="3b9af3ca39bb" tests="4" skipped="0" failures="0" errors="0" time="0.492">
    <testcase time="0.489999999999995" classname="character(0)" name="ard_survey_svyttest_works"/>
    <testcase time="0.00100000000000477" classname="character(0)" name="ard_survey_svyttest_works"/>
    <testcase time="0" classname="character(0)" name="ard_survey_svyttest_works"/>
    <testcase time="0.000999999999997669" classname="character(0)" name="ard_survey_svyttest_works"/>
  </testsuite>
  <testsuite name="ard_survey_svyttest" timestamp="2025-06-25T19:30:39Z" hostname="3b9af3ca39bb" tests="2" skipped="0" failures="0" errors="0" time="0.003">
    <testcase time="0.00200000000000244" classname="character(0)" name="ard_survey_svyttest_messaging"/>
    <testcase time="0.000999999999997669" classname="character(0)" name="ard_survey_svyttest_messaging"/>
  </testsuite>
  <testsuite name="ard_survey_svyttest" timestamp="2025-06-25T19:30:39Z" hostname="3b9af3ca39bb" tests="1" skipped="0" failures="0" errors="0" time="0.002">
    <testcase time="0.00200000000000244" classname="character(0)" name="ard_survey_svyttest_follows_ard_structure"/>
  </testsuite>
  <testsuite name="ard_survival_survdiff" timestamp="2025-06-25T19:30:39Z" hostname="3b9af3ca39bb" tests="6" skipped="0" failures="0" errors="0" time="0.304">
    <testcase time="0.301000000000002" classname="character(0)" name="ard_survival_survdiff_works"/>
    <testcase time="0.000999999999997669" classname="character(0)" name="ard_survival_survdiff_works"/>
    <testcase time="0" classname="character(0)" name="ard_survival_survdiff_works"/>
    <testcase time="0.000999999999997669" classname="character(0)" name="ard_survival_survdiff_works"/>
    <testcase time="0" classname="character(0)" name="ard_survival_survdiff_works"/>
    <testcase time="0.000999999999997669" classname="character(0)" name="ard_survival_survdiff_works"/>
  </testsuite>
  <testsuite name="ard_survival_survdiff" timestamp="2025-06-25T19:30:39Z" hostname="3b9af3ca39bb" tests="4" skipped="0" failures="0" errors="0" time="0.004">
    <testcase time="0.00200000000000244" classname="character(0)" name="ard_survival_survdiff_error_messaging"/>
    <testcase time="0.000999999999997669" classname="character(0)" name="ard_survival_survdiff_error_messaging"/>
    <testcase time="0" classname="character(0)" name="ard_survival_survdiff_error_messaging"/>
    <testcase time="0.00100000000000477" classname="character(0)" name="ard_survival_survdiff_error_messaging"/>
  </testsuite>
  <testsuite name="ard_survival_survdiff" timestamp="2025-06-25T19:30:39Z" hostname="3b9af3ca39bb" tests="1" skipped="0" failures="0" errors="0" time="0.002">
    <testcase time="0.00199999999999534" classname="character(0)" name="ard_survival_survdiff_follows_ard_structure"/>
  </testsuite>
  <testsuite name="ard_survival_survfit" timestamp="2025-06-25T19:30:41Z" hostname="3b9af3ca39bb" tests="1" skipped="1" failures="0" errors="0" time="2.198">
    <testcase time="2.198" classname="character(0)" name="ard_survival_survfit_works_with_times_provided">
      <skipped message="Reason: On CRAN ('test-ard_survival_survfit.R:6:3')"/>
    </testcase>
  </testsuite>
  <testsuite name="ard_survival_survfit" timestamp="2025-06-25T19:30:41Z" hostname="3b9af3ca39bb" tests="1" skipped="1" failures="0" errors="0" time="0.016">
    <testcase time="0.0160000000000053" classname="character(0)" name="ard_survival_survfit_works_with_different_type">
      <skipped message="Reason: On CRAN ('test-ard_survival_survfit.R:19:3')"/>
    </testcase>
  </testsuite>
  <testsuite name="ard_survival_survfit" timestamp="2025-06-25T19:30:41Z" hostname="3b9af3ca39bb" tests="1" skipped="1" failures="0" errors="0" time="0.011">
    <testcase time="0.0109999999999957" classname="character(0)" name="ard_survival_survfit_works_with_probs_provided">
      <skipped message="Reason: On CRAN ('test-ard_survival_survfit.R:32:3')"/>
    </testcase>
  </testsuite>
  <testsuite name="ard_survival_survfit" timestamp="2025-06-25T19:30:41Z" hostname="3b9af3ca39bb" tests="1" skipped="1" failures="0" errors="0" time="0.011">
    <testcase time="0.0110000000000028" classname="character(0)" name="ard_survival_survfit_works_with_unstratified_model">
      <skipped message="Reason: On CRAN ('test-ard_survival_survfit.R:45:3')"/>
    </testcase>
  </testsuite>
  <testsuite name="ard_survival_survfit" timestamp="2025-06-25T19:30:41Z" hostname="3b9af3ca39bb" tests="1" skipped="1" failures="0" errors="0" time="0.014">
    <testcase time="0.0139999999999958" classname="character(0)" name="ard_survival_survfit_works_with_multiple_stratification_variables">
      <skipped message="Reason: On CRAN ('test-ard_survival_survfit.R:67:3')"/>
    </testcase>
  </testsuite>
  <testsuite name="ard_survival_survfit" timestamp="2025-06-25T19:30:41Z" hostname="3b9af3ca39bb" tests="1" skipped="1" failures="0" errors="0" time="0.011">
    <testcase time="0.0110000000000028" classname="character(0)" name="ard_survival_survfit_works_with_competing_risks">
      <skipped message="Reason: On CRAN ('test-ard_survival_survfit.R:103:3')"/>
    </testcase>
  </testsuite>
  <testsuite name="ard_survival_survfit" timestamp="2025-06-25T19:30:41Z" hostname="3b9af3ca39bb" tests="1" skipped="1" failures="0" errors="0" time="0.01">
    <testcase time="0.0100000000000051" classname="character(0)" name="ard_survival_survfit_errors_are_properly_handled">
      <skipped message="Reason: On CRAN ('test-ard_survival_survfit.R:123:3')"/>
    </testcase>
  </testsuite>
  <testsuite name="ard_survival_survfit" timestamp="2025-06-25T19:30:41Z" hostname="3b9af3ca39bb" tests="1" skipped="0" failures="0" errors="0" time="0.012">
    <testcase time="0.0120000000000005" classname="character(0)" name="ard_survival_survfit_works_with_non_syntactic_names"/>
  </testsuite>
  <testsuite name="ard_survival_survfit" timestamp="2025-06-25T19:30:41Z" hostname="3b9af3ca39bb" tests="1" skipped="1" failures="0" errors="0" time="0.002">
    <testcase time="0.00199999999999534" classname="character(0)" name="ard_survival_survfit_errors_with_stratified_Cox_model">
      <skipped message="Reason: On CRAN ('test-ard_survival_survfit.R:193:3')"/>
    </testcase>
  </testsuite>
  <testsuite name="ard_survival_survfit" timestamp="2025-06-25T19:30:41Z" hostname="3b9af3ca39bb" tests="1" skipped="1" failures="0" errors="0" time="0.014">
    <testcase time="0.0140000000000029" classname="character(0)" name="ard_survival_survfit_works_with_in_strata_variable_level_labels">
      <skipped message="Reason: On CRAN ('test-ard_survival_survfit.R:207:3')"/>
    </testcase>
  </testsuite>
  <testsuite name="ard_survival_survfit" timestamp="2025-06-25T19:30:41Z" hostname="3b9af3ca39bb" tests="1" skipped="0" failures="0" errors="0" time="0.013">
    <testcase time="0.0129999999999981" classname="character(0)" name="ard_survival_survfit_follows_ard_structure"/>
  </testsuite>
  <testsuite name="ard_survival_survfit" timestamp="2025-06-25T19:30:41Z" hostname="3b9af3ca39bb" tests="1" skipped="1" failures="0" errors="0" time="0.002">
    <testcase time="0.00200000000000244" classname="character(0)" name="ard_survival_survfit_extends_to_times_outside_range">
      <skipped message="Reason: On CRAN ('test-ard_survival_survfit.R:224:3')"/>
    </testcase>
  </testsuite>
  <testsuite name="ard_survival_survfit" timestamp="2025-06-25T19:30:41Z" hostname="3b9af3ca39bb" tests="1" skipped="1" failures="0" errors="0" time="0.011">
    <testcase time="0.0109999999999957" classname="character(0)" name="ard_survival_survfit.data.frame_works_as_expected">
      <skipped message="Reason: On CRAN ('test-ard_survival_survfit.R:235:3')"/>
    </testcase>
  </testsuite>
  <testsuite name="ard_survival_survfit" timestamp="2025-06-25T19:30:41Z" hostname="3b9af3ca39bb" tests="1" skipped="0" failures="0" errors="0" time="0.011">
    <testcase time="0.0110000000000028" classname="character(0)" name="ard_survival_survfit.data.frame_variables_NULL_for_unstratified_model"/>
  </testsuite>
  <testsuite name="ard_survival_survfit_diff" timestamp="2025-06-25T19:30:42Z" hostname="3b9af3ca39bb" tests="4" skipped="0" failures="0" errors="0" time="0.449">
    <testcase time="0.447000000000003" classname="character(0)" name="ard_survival_survfit_diff_works"/>
    <testcase time="0.000999999999997669" classname="character(0)" name="ard_survival_survfit_diff_works"/>
    <testcase time="0" classname="character(0)" name="ard_survival_survfit_diff_works"/>
    <testcase time="0.000999999999997669" classname="character(0)" name="ard_survival_survfit_diff_works"/>
  </testsuite>
  <testsuite name="ard_survival_survfit_diff" timestamp="2025-06-25T19:30:42Z" hostname="3b9af3ca39bb" tests="1" skipped="1" failures="0" errors="0" time="0.002">
    <testcase time="0.00200000000000244" classname="character(0)" name="ard_survival_survfit_diff_messaging">
      <skipped message="Reason: On CRAN ('test-ard_survival_survfit_diff.R:40:3')"/>
    </testcase>
  </testsuite>
  <testsuite name="ard_survival_survfit_diff" timestamp="2025-06-25T19:30:42Z" hostname="3b9af3ca39bb" tests="1" skipped="0" failures="0" errors="0" time="0.012">
    <testcase time="0.0120000000000005" classname="character(0)" name="ard_survival_survfit_diff_follows_ard_structure"/>
  </testsuite>
  <testsuite name="ard_total_n.survey.design" timestamp="2025-06-25T19:30:43Z" hostname="3b9af3ca39bb" tests="1" skipped="1" failures="0" errors="0" time="0.613">
    <testcase time="0.613" classname="character(0)" name="ard_total_n.survey.design_works">
      <skipped message="Reason: On CRAN ('test-ard_total_n.survey.design.R:4:3')"/>
    </testcase>
  </testsuite>
  <testsuite name="ard_total_n.survey.design" timestamp="2025-06-25T19:30:43Z" hostname="3b9af3ca39bb" tests="1" skipped="0" failures="0" errors="0" time="0.012">
    <testcase time="0.0120000000000005" classname="character(0)" name="ard_total_n.survey.design_follows_ard_structure"/>
  </testsuite>
  <testsuite name="ard_total_n.survey.design" timestamp="2025-06-25T19:30:43Z" hostname="3b9af3ca39bb" tests="1" skipped="0" failures="0" errors="0" time="0.002">
    <testcase time="0.00200000000000244" classname="character(0)" name="ard_total_n.survey.design_using_update_"/>
  </testsuite>
  <testsuite name="construction_helpers" timestamp="2025-06-25T19:30:43Z" hostname="3b9af3ca39bb" tests="1" skipped="1" failures="0" errors="0" time="0.416">
    <testcase time="0.415999999999997" classname="character(0)" name="construct_model_works">
      <skipped message="Reason: On CRAN ('test-construction_helpers.R:4:3')"/>
    </testcase>
  </testsuite>
  <testsuite name="construction_helpers" timestamp="2025-06-25T19:30:43Z" hostname="3b9af3ca39bb" tests="1" skipped="1" failures="0" errors="0" time="0.012">
    <testcase time="0.0120000000000005" classname="character(0)" name="construct_model_messaging">
      <skipped message="Reason: On CRAN ('test-construction_helpers.R:104:3')"/>
    </testcase>
  </testsuite>
  <testsuite name="proportion_ci" timestamp="2025-06-25T19:30:43Z" hostname="3b9af3ca39bb" tests="1" skipped="1" failures="0" errors="0" time="0.134">
    <testcase time="0.134" classname="character(0)" name="check_the_proportion_ci__functions_work">
      <skipped message="Reason: On CRAN ('test-proportion_ci.R:12:3')"/>
    </testcase>
  </testsuite>
  <testsuite name="proportion_ci" timestamp="2025-06-25T19:30:43Z" hostname="3b9af3ca39bb" tests="1" skipped="1" failures="0" errors="0" time="0.015">
    <testcase time="0.0150000000000006" classname="character(0)" name="check_the_proportion_ci_strat_wilson_function_works">
      <skipped message="Reason: On CRAN ('test-proportion_ci.R:138:3')"/>
    </testcase>
  </testsuite>
  <testsuite name="ard_continuous.survey.design" timestamp="2025-06-25T19:31:03Z" hostname="3b9af3ca39bb" tests="12" skipped="1" failures="0" errors="0" time="20.016">
    <testcase time="20.01" classname="character(0)" name="unstratified_ard_continuous.survey.design_works"/>
    <testcase time="0" classname="character(0)" name="unstratified_ard_continuous.survey.design_works"/>
    <testcase time="0.000999999999990564" classname="character(0)" name="unstratified_ard_continuous.survey.design_works"/>
    <testcase time="0" classname="character(0)" name="unstratified_ard_continuous.survey.design_works"/>
    <testcase time="0.00100000000000477" classname="character(0)" name="unstratified_ard_continuous.survey.design_works"/>
    <testcase time="0" classname="character(0)" name="unstratified_ard_continuous.survey.design_works"/>
    <testcase time="0.00100000000000477" classname="character(0)" name="unstratified_ard_continuous.survey.design_works"/>
    <testcase time="0.000999999999990564" classname="character(0)" name="unstratified_ard_continuous.survey.design_works"/>
    <testcase time="0" classname="character(0)" name="unstratified_ard_continuous.survey.design_works"/>
    <testcase time="0.00100000000000477" classname="character(0)" name="unstratified_ard_continuous.survey.design_works"/>
    <testcase time="0" classname="character(0)" name="unstratified_ard_continuous.survey.design_works"/>
    <testcase time="0.00100000000000477" classname="character(0)" name="unstratified_ard_continuous.survey.design_works">
      <skipped message="Reason: On CRAN ('test-ard_continuous.survey.design.R:70:3')"/>
    </testcase>
  </testsuite>
  <testsuite name="ard_continuous.survey.design" timestamp="2025-06-25T19:31:03Z" hostname="3b9af3ca39bb" tests="11" skipped="0" failures="0" errors="0" time="0.019">
    <testcase time="0.0109999999999957" classname="character(0)" name="stratified_ard_continuous.survey.design_works"/>
    <testcase time="0.00100000000000477" classname="character(0)" name="stratified_ard_continuous.survey.design_works"/>
    <testcase time="0" classname="character(0)" name="stratified_ard_continuous.survey.design_works"/>
    <testcase time="0.00300000000000011" classname="character(0)" name="stratified_ard_continuous.survey.design_works"/>
    <testcase time="0.000999999999990564" classname="character(0)" name="stratified_ard_continuous.survey.design_works"/>
    <testcase time="0.00100000000000477" classname="character(0)" name="stratified_ard_continuous.survey.design_works"/>
    <testcase time="0" classname="character(0)" name="stratified_ard_continuous.survey.design_works"/>
    <testcase time="0.000999999999990564" classname="character(0)" name="stratified_ard_continuous.survey.design_works"/>
    <testcase time="0" classname="character(0)" name="stratified_ard_continuous.survey.design_works"/>
    <testcase time="0.00100000000000477" classname="character(0)" name="stratified_ard_continuous.survey.design_works"/>
    <testcase time="0" classname="character(0)" name="stratified_ard_continuous.survey.design_works"/>
  </testsuite>
  <testsuite name="ard_continuous.survey.design" timestamp="2025-06-25T19:31:03Z" hostname="3b9af3ca39bb" tests="4" skipped="0" failures="0" errors="0" time="0.004">
    <testcase time="0.00300000000000011" classname="character(0)" name="ard_continuous.survey.design_NA_handling"/>
    <testcase time="0" classname="character(0)" name="ard_continuous.survey.design_NA_handling"/>
    <testcase time="0.00100000000000477" classname="character(0)" name="ard_continuous.survey.design_NA_handling"/>
    <testcase time="0" classname="character(0)" name="ard_continuous.survey.design_NA_handling"/>
  </testsuite>
  <testsuite name="ard_continuous.survey.design" timestamp="2025-06-25T19:31:03Z" hostname="3b9af3ca39bb" tests="2" skipped="0" failures="0" errors="0" time="0.003">
    <testcase time="0.00199999999999534" classname="character(0)" name="ard_continuous.survey.design_error_handling"/>
    <testcase time="0.00100000000000477" classname="character(0)" name="ard_continuous.survey.design_error_handling"/>
  </testsuite>
  <testsuite name="ard_continuous.survey.design" timestamp="2025-06-25T19:31:03Z" hostname="3b9af3ca39bb" tests="1" skipped="1" failures="0" errors="0" time="0.002">
    <testcase time="0.00199999999999534" classname="character(0)" name="ard_continuous.survey.design_fmt_fun_">
      <skipped message="Reason: On CRAN ('test-ard_continuous.survey.design.R:322:3')"/>
    </testcase>
  </testsuite>
  <testsuite name="ard_continuous.survey.design" timestamp="2025-06-25T19:31:03Z" hostname="3b9af3ca39bb" tests="1" skipped="1" failures="0" errors="0" time="0.011">
    <testcase time="0.0109999999999957" classname="character(0)" name="ard_continuous.survey.design_stat_label_">
      <skipped message="Reason: On CRAN ('test-ard_continuous.survey.design.R:338:3')"/>
    </testcase>
  </testsuite>
  <testsuite name="ard_continuous.survey.design" timestamp="2025-06-25T19:31:03Z" hostname="3b9af3ca39bb" tests="2" skipped="0" failures="0" errors="0" time="0.011">
    <testcase time="0.0110000000000099" classname="character(0)" name="ard_continuous.survey.design_by_unobserved_levels_combinations"/>
    <testcase time="0" classname="character(0)" name="ard_continuous.survey.design_by_unobserved_levels_combinations"/>
  </testsuite>
  <testsuite name="ard_continuous.survey.design" timestamp="2025-06-25T19:31:03Z" hostname="3b9af3ca39bb" tests="19" skipped="0" failures="0" errors="0" time="0.014">
    <testcase time="0.00199999999999534" classname="character(0)" name="ard_continuous.survey.design_works_when_using_generic_names_"/>
    <testcase time="0.00100000000000477" classname="character(0)" name="ard_continuous.survey.design_works_when_using_generic_names_"/>
    <testcase time="0" classname="character(0)" name="ard_continuous.survey.design_works_when_using_generic_names_"/>
    <testcase time="0.000999999999990564" classname="character(0)" name="ard_continuous.survey.design_works_when_using_generic_names_"/>
    <testcase time="0" classname="character(0)" name="ard_continuous.survey.design_works_when_using_generic_names_"/>
    <testcase time="0.00100000000000477" classname="character(0)" name="ard_continuous.survey.design_works_when_using_generic_names_"/>
    <testcase time="0" classname="character(0)" name="ard_continuous.survey.design_works_when_using_generic_names_"/>
    <testcase time="0.00100000000000477" classname="character(0)" name="ard_continuous.survey.design_works_when_using_generic_names_"/>
    <testcase time="0" classname="character(0)" name="ard_continuous.survey.design_works_when_using_generic_names_"/>
    <testcase time="0" classname="character(0)" name="ard_continuous.survey.design_works_when_using_generic_names_"/>
    <testcase time="0.00100000000000477" classname="character(0)" name="ard_continuous.survey.design_works_when_using_generic_names_"/>
    <testcase time="0" classname="character(0)" name="ard_continuous.survey.design_works_when_using_generic_names_"/>
    <testcase time="0.00100000000000477" classname="character(0)" name="ard_continuous.survey.design_works_when_using_generic_names_"/>
    <testcase time="0" classname="character(0)" name="ard_continuous.survey.design_works_when_using_generic_names_"/>
    <testcase time="0.000999999999990564" classname="character(0)" name="ard_continuous.survey.design_works_when_using_generic_names_"/>
    <testcase time="0" classname="character(0)" name="ard_continuous.survey.design_works_when_using_generic_names_"/>
    <testcase time="0.00300000000000011" classname="character(0)" name="ard_continuous.survey.design_works_when_using_generic_names_"/>
    <testcase time="0.00100000000000477" classname="character(0)" name="ard_continuous.survey.design_works_when_using_generic_names_"/>
    <testcase time="0.00100000000000477" classname="character(0)" name="ard_continuous.survey.design_works_when_using_generic_names_"/>
  </testsuite>
  <testsuite name="ard_continuous.survey.design" timestamp="2025-06-25T19:31:03Z" hostname="3b9af3ca39bb" tests="1" skipped="0" failures="0" errors="0" time="0.002">
    <testcase time="0.00199999999999534" classname="character(0)" name="ard_continuous.survey.design_follows_ard_structure"/>
  </testsuite>
  <testsuite name="ard_continuous.survey.design" timestamp="2025-06-25T19:31:03Z" hostname="3b9af3ca39bb" tests="4" skipped="0" failures="0" errors="0" time="0.004">
    <testcase time="0.00199999999999534" classname="character(0)" name="ard_continuous.survey.design_original_types_are_retained"/>
    <testcase time="0" classname="character(0)" name="ard_continuous.survey.design_original_types_are_retained"/>
    <testcase time="0.00100000000000477" classname="character(0)" name="ard_continuous.survey.design_original_types_are_retained"/>
    <testcase time="0.00100000000000477" classname="character(0)" name="ard_continuous.survey.design_original_types_are_retained"/>
  </testsuite>
</testsuites>
