<?xml version="1.0" encoding="UTF-8"?>
<testsuites>
  <testsuite name="ard_aov" timestamp="2024-02-07T19:59:52Z" hostname="796c832d5a5d" tests="3" skipped="1" failures="0" errors="0" time="0.873">
    <testcase time="0.851" classname="character(0)" name="ard_aov_works"/>
    <testcase time="0.014" classname="character(0)" name="ard_aov_works"/>
    <testcase time="0.00800000000000001" classname="character(0)" name="ard_aov_works">
      <skipped message="Reason: On CRAN ('test-ard_aov.R:24:3')"/>
    </testcase>
  </testsuite>
  <testsuite name="ard_onewaytest" timestamp="2024-02-07T19:59:52Z" hostname="796c832d5a5d" tests="3" skipped="1" failures="0" errors="0" time="0.042">
    <testcase time="0.04" classname="character(0)" name="ard_onewaytest_works"/>
    <testcase time="0.00099999999999989" classname="character(0)" name="ard_onewaytest_works"/>
    <testcase time="0.00100000000000011" classname="character(0)" name="ard_onewaytest_works">
      <skipped message="Reason: On CRAN ('test-ard_onewaytest.R:23:3')"/>
    </testcase>
  </testsuite>
  <testsuite name="ard_ttest" timestamp="2024-02-07T19:59:53Z" hostname="796c832d5a5d" tests="3" skipped="1" failures="0" errors="0" time="0.309">
    <testcase time="0.308" classname="character(0)" name="ard_ttest_works"/>
    <testcase time="0" classname="character(0)" name="ard_ttest_works"/>
    <testcase time="0.00099999999999989" classname="character(0)" name="ard_ttest_works">
      <skipped message="Reason: On CRAN ('test-ard_ttest.R:25:3')"/>
    </testcase>
  </testsuite>
  <testsuite name="ard_ttest" timestamp="2024-02-07T19:59:53Z" hostname="796c832d5a5d" tests="3" skipped="1" failures="0" errors="0" time="0.011">
    <testcase time="0.01" classname="character(0)" name="ard_paired_ttest_works"/>
    <testcase time="0" classname="character(0)" name="ard_paired_ttest_works"/>
    <testcase time="0.00100000000000011" classname="character(0)" name="ard_paired_ttest_works">
      <skipped message="Reason: On CRAN ('test-ard_ttest.R:70:3')"/>
    </testcase>
  </testsuite>
</testsuites>
