<?xml version="1.0" encoding="UTF-8"?>
<testsuites>
  <testsuite name="ard_aov" timestamp="2024-02-09T01:50:42Z" hostname="b8c5fc08cf3a" tests="3" skipped="1" failures="0" errors="0" time="0.876">
    <testcase time="0.854" classname="character(0)" name="ard_aov_works"/>
    <testcase time="0.014" classname="character(0)" name="ard_aov_works"/>
    <testcase time="0.00800000000000001" classname="character(0)" name="ard_aov_works">
      <skipped message="Reason: On CRAN ('test-ard_aov.R:24:3')"/>
    </testcase>
  </testsuite>
  <testsuite name="ard_onewaytest" timestamp="2024-02-09T01:50:42Z" hostname="b8c5fc08cf3a" tests="3" skipped="1" failures="0" errors="0" time="0.04">
    <testcase time="0.0389999999999999" classname="character(0)" name="ard_onewaytest_works"/>
    <testcase time="0.00100000000000011" classname="character(0)" name="ard_onewaytest_works"/>
    <testcase time="0" classname="character(0)" name="ard_onewaytest_works">
      <skipped message="Reason: On CRAN ('test-ard_onewaytest.R:23:3')"/>
    </testcase>
  </testsuite>
  <testsuite name="ard_ttest" timestamp="2024-02-09T01:50:42Z" hostname="b8c5fc08cf3a" tests="3" skipped="1" failures="0" errors="0" time="0.315">
    <testcase time="0.314" classname="character(0)" name="ard_ttest_works"/>
    <testcase time="0.00099999999999989" classname="character(0)" name="ard_ttest_works"/>
    <testcase time="0" classname="character(0)" name="ard_ttest_works">
      <skipped message="Reason: On CRAN ('test-ard_ttest.R:25:3')"/>
    </testcase>
  </testsuite>
  <testsuite name="ard_ttest" timestamp="2024-02-09T01:50:42Z" hostname="b8c5fc08cf3a" tests="3" skipped="1" failures="0" errors="0" time="0.011">
    <testcase time="0.01" classname="character(0)" name="ard_paired_ttest_works"/>
    <testcase time="0.00100000000000011" classname="character(0)" name="ard_paired_ttest_works"/>
    <testcase time="0" classname="character(0)" name="ard_paired_ttest_works">
      <skipped message="Reason: On CRAN ('test-ard_ttest.R:70:3')"/>
    </testcase>
  </testsuite>
</testsuites>
