<?xml version="1.0" encoding="UTF-8"?>
<testsuites>
  <testsuite name="ard_attributes.survey.design" timestamp="2025-10-08T14:17:12Z" hostname="0d1ef0e902da" tests="1" skipped="0" failures="0" errors="0" time="1.633">
    <testcase time="1.633" classname="character(0)" name="ard_attributes.survey.design_works"/>
  </testsuite>
  <testsuite name="ard_aod_wald_test" timestamp="2025-10-08T14:17:12Z" hostname="0d1ef0e902da" tests="4" skipped="0" failures="0" errors="0" time="0.094">
    <testcase time="0.0840000000000001" classname="character(0)" name="ard_aod_wald_test_works"/>
    <testcase time="0.00099999999999989" classname="character(0)" name="ard_aod_wald_test_works"/>
    <testcase time="0.00800000000000001" classname="character(0)" name="ard_aod_wald_test_works"/>
    <testcase time="0.00099999999999989" classname="character(0)" name="ard_aod_wald_test_works"/>
  </testsuite>
  <testsuite name="ard_aod_wald_test" timestamp="2025-10-08T14:17:12Z" hostname="0d1ef0e902da" tests="1" skipped="0" failures="0" errors="0" time="0.011">
    <testcase time="0.0110000000000001" classname="character(0)" name="ard_aod_wald_test_follows_ard_structure"/>
  </testsuite>
  <testsuite name="ard_car_vif" timestamp="2025-10-08T14:17:13Z" hostname="0d1ef0e902da" tests="2" skipped="0" failures="0" errors="0" time="0.395">
    <testcase time="0.394" classname="character(0)" name="ard_car_vif_works"/>
    <testcase time="0.00100000000000033" classname="character(0)" name="ard_car_vif_works"/>
  </testsuite>
  <testsuite name="ard_car_vif" timestamp="2025-10-08T14:17:13Z" hostname="0d1ef0e902da" tests="1" skipped="0" failures="0" errors="0" time="0.001">
    <testcase time="0.00099999999999989" classname="character(0)" name="ard_car_vif_appropriate_errors_are_given_for_model_with_only_1_term"/>
  </testsuite>
  <testsuite name="ard_car_vif" timestamp="2025-10-08T14:17:13Z" hostname="0d1ef0e902da" tests="1" skipped="0" failures="0" errors="0" time="0.002">
    <testcase time="0.00199999999999978" classname="character(0)" name="ard_vif_issues_friendly_messaging_for_incorrect_object_passed_in_can_t_get_terms_of_model"/>
  </testsuite>
  <testsuite name="ard_car_vif" timestamp="2025-10-08T14:17:13Z" hostname="0d1ef0e902da" tests="1" skipped="0" failures="0" errors="0" time="0.001">
    <testcase time="0.00100000000000033" classname="character(0)" name="ard_car_vif_follows_ard_structure"/>
  </testsuite>
  <testsuite name="ard_car_anova" timestamp="2025-10-08T14:17:13Z" hostname="0d1ef0e902da" tests="3" skipped="0" failures="0" errors="0" time="0.237">
    <testcase time="0.236" classname="character(0)" name="ard_car_anova_works"/>
    <testcase time="0" classname="character(0)" name="ard_car_anova_works"/>
    <testcase time="0.00100000000000033" classname="character(0)" name="ard_car_anova_works"/>
  </testsuite>
  <testsuite name="ard_car_anova" timestamp="2025-10-08T14:17:13Z" hostname="0d1ef0e902da" tests="1" skipped="0" failures="0" errors="0" time="0.001">
    <testcase time="0.00099999999999989" classname="character(0)" name="ard_car_anova_messaging"/>
  </testsuite>
  <testsuite name="ard_car_anova" timestamp="2025-10-08T14:17:13Z" hostname="0d1ef0e902da" tests="1" skipped="0" failures="0" errors="0" time="0.002">
    <testcase time="0.00199999999999978" classname="character(0)" name="ard_car_anova_follows_ard_structure"/>
  </testsuite>
  <testsuite name="ard_categorical_ci.survey.design" timestamp="2025-10-08T14:17:15Z" hostname="0d1ef0e902da" tests="1" skipped="0" failures="0" errors="0" time="1.946">
    <testcase time="1.946" classname="character(0)" name="ard_categorical_ci_data_"/>
  </testsuite>
  <testsuite name="ard_categorical_ci.survey.design" timestamp="2025-10-08T14:17:15Z" hostname="0d1ef0e902da" tests="5" skipped="0" failures="0" errors="0" time="0.007">
    <testcase time="0.00300000000000011" classname="character(0)" name="ard_categorical_ci_variables_"/>
    <testcase time="0.000999999999999446" classname="character(0)" name="ard_categorical_ci_variables_"/>
    <testcase time="0.00100000000000033" classname="character(0)" name="ard_categorical_ci_variables_"/>
    <testcase time="0.00100000000000033" classname="character(0)" name="ard_categorical_ci_variables_"/>
    <testcase time="0.000999999999999446" classname="character(0)" name="ard_categorical_ci_variables_"/>
  </testsuite>
  <testsuite name="ard_categorical_ci.survey.design" timestamp="2025-10-08T14:17:15Z" hostname="0d1ef0e902da" tests="4" skipped="0" failures="0" errors="0" time="0.005">
    <testcase time="0.00200000000000067" classname="character(0)" name="ard_categorical_ci_by_"/>
    <testcase time="0.000999999999999446" classname="character(0)" name="ard_categorical_ci_by_"/>
    <testcase time="0.00100000000000033" classname="character(0)" name="ard_categorical_ci_by_"/>
    <testcase time="0.000999999999999446" classname="character(0)" name="ard_categorical_ci_by_"/>
  </testsuite>
  <testsuite name="ard_categorical_ci.survey.design" timestamp="2025-10-08T14:17:15Z" hostname="0d1ef0e902da" tests="2" skipped="0" failures="0" errors="0" time="0.002">
    <testcase time="0.00100000000000033" classname="character(0)" name="ard_categorical_ci_conf.level_"/>
    <testcase time="0.00100000000000033" classname="character(0)" name="ard_categorical_ci_conf.level_"/>
  </testsuite>
  <testsuite name="ard_categorical_ci.survey.design" timestamp="2025-10-08T14:17:15Z" hostname="0d1ef0e902da" tests="3" skipped="0" failures="0" errors="0" time="0.002">
    <testcase time="0.000999999999999446" classname="character(0)" name="ard_categorical_ci_method_"/>
    <testcase time="0.00100000000000033" classname="character(0)" name="ard_categorical_ci_method_"/>
    <testcase time="0" classname="character(0)" name="ard_categorical_ci_method_"/>
  </testsuite>
  <testsuite name="ard_categorical_ci.survey.design" timestamp="2025-10-08T14:17:15Z" hostname="0d1ef0e902da" tests="2" skipped="0" failures="0" errors="0" time="0.002">
    <testcase time="0.00199999999999978" classname="character(0)" name="ard_categorical_ci_value_"/>
    <testcase time="0" classname="character(0)" name="ard_categorical_ci_value_"/>
  </testsuite>
  <testsuite name="ard_categorical_ci.survey.design" timestamp="2025-10-08T14:17:15Z" hostname="0d1ef0e902da" tests="1" skipped="0" failures="0" errors="0" time="0.002">
    <testcase time="0.00199999999999978" classname="character(0)" name="ard_categorical_ci.survey.design_follows_ard_structure"/>
  </testsuite>
  <testsuite name="ard_continuous_ci.data.frame" timestamp="2025-10-08T14:17:15Z" hostname="0d1ef0e902da" tests="1" skipped="0" failures="0" errors="0" time="0.594">
    <testcase time="0.594" classname="character(0)" name="ard_continuous_ci.data.frame_method_t.test_"/>
  </testsuite>
  <testsuite name="ard_continuous_ci.data.frame" timestamp="2025-10-08T14:17:15Z" hostname="0d1ef0e902da" tests="1" skipped="0" failures="0" errors="0" time="0.002">
    <testcase time="0.00199999999999978" classname="character(0)" name="ard_continuous_ci.data.frame_method_wilcox.test_"/>
  </testsuite>
  <testsuite name="ard_continuous_ci.data.frame" timestamp="2025-10-08T14:17:15Z" hostname="0d1ef0e902da" tests="1" skipped="0" failures="0" errors="0" time="0.003">
    <testcase time="0.00300000000000011" classname="character(0)" name="ard_continuous_ci.data.frame_follows_ard_structure"/>
  </testsuite>
  <testsuite name="ard_categorical_ci.data.frame" timestamp="2025-10-08T14:17:17Z" hostname="0d1ef0e902da" tests="1" skipped="0" failures="0" errors="0" time="1.149">
    <testcase time="1.149" classname="character(0)" name="ard_categorical_ci.data.frame_method_wald_"/>
  </testsuite>
  <testsuite name="ard_categorical_ci.data.frame" timestamp="2025-10-08T14:17:17Z" hostname="0d1ef0e902da" tests="1" skipped="0" failures="0" errors="0" time="0.001">
    <testcase time="0.00100000000000033" classname="character(0)" name="ard_categorical_ci.data.frame_method_waldcc_"/>
  </testsuite>
  <testsuite name="ard_categorical_ci.data.frame" timestamp="2025-10-08T14:17:17Z" hostname="0d1ef0e902da" tests="1" skipped="0" failures="0" errors="0" time="0.002">
    <testcase time="0.00199999999999978" classname="character(0)" name="ard_categorical_ci.data.frame_method_clopper_pearson_"/>
  </testsuite>
  <testsuite name="ard_categorical_ci.data.frame" timestamp="2025-10-08T14:17:17Z" hostname="0d1ef0e902da" tests="1" skipped="0" failures="0" errors="0" time="0.001">
    <testcase time="0.00100000000000033" classname="character(0)" name="ard_categorical_ci.data.frame_method_wilson_"/>
  </testsuite>
  <testsuite name="ard_categorical_ci.data.frame" timestamp="2025-10-08T14:17:17Z" hostname="0d1ef0e902da" tests="1" skipped="0" failures="0" errors="0" time="0.002">
    <testcase time="0.00199999999999978" classname="character(0)" name="ard_categorical_ci.data.frame_method_wilsoncc_"/>
  </testsuite>
  <testsuite name="ard_categorical_ci.data.frame" timestamp="2025-10-08T14:17:17Z" hostname="0d1ef0e902da" tests="3" skipped="0" failures="0" errors="0" time="0.003">
    <testcase time="0.00100000000000033" classname="character(0)" name="ard_categorical_ci.data.frame_method_strat_wilson_"/>
    <testcase time="0.000999999999999446" classname="character(0)" name="ard_categorical_ci.data.frame_method_strat_wilson_"/>
    <testcase time="0.00100000000000033" classname="character(0)" name="ard_categorical_ci.data.frame_method_strat_wilson_"/>
  </testsuite>
  <testsuite name="ard_categorical_ci.data.frame" timestamp="2025-10-08T14:17:17Z" hostname="0d1ef0e902da" tests="1" skipped="0" failures="0" errors="0" time="0.001">
    <testcase time="0.000999999999999446" classname="character(0)" name="ard_categorical_ci.data.frame_method_strat_wilsoncc_"/>
  </testsuite>
  <testsuite name="ard_categorical_ci.data.frame" timestamp="2025-10-08T14:17:17Z" hostname="0d1ef0e902da" tests="1" skipped="0" failures="0" errors="0" time="0.002">
    <testcase time="0.00200000000000067" classname="character(0)" name="ard_categorical_ci.data.frame_method_jeffreys_"/>
  </testsuite>
  <testsuite name="ard_categorical_ci.data.frame" timestamp="2025-10-08T14:17:17Z" hostname="0d1ef0e902da" tests="1" skipped="0" failures="0" errors="0" time="0.001">
    <testcase time="0.000999999999999446" classname="character(0)" name="ard_categorical_ci.data.frame_method_agresti_coull_"/>
  </testsuite>
  <testsuite name="ard_categorical_ci.data.frame" timestamp="2025-10-08T14:17:17Z" hostname="0d1ef0e902da" tests="1" skipped="0" failures="0" errors="0" time="0.002">
    <testcase time="0.00200000000000067" classname="character(0)" name="ard_continuous_ci.data.frame_follows_ard_structure"/>
  </testsuite>
  <testsuite name="ard_categorical_ci.data.frame" timestamp="2025-10-08T14:17:17Z" hostname="0d1ef0e902da" tests="6" skipped="0" failures="0" errors="0" time="0.007">
    <testcase time="0.000999999999999446" classname="character(0)" name="ard_continuous_ci.data.frame_denominator_row_"/>
    <testcase time="0.00100000000000033" classname="character(0)" name="ard_continuous_ci.data.frame_denominator_row_"/>
    <testcase time="0" classname="character(0)" name="ard_continuous_ci.data.frame_denominator_row_"/>
    <testcase time="0.00300000000000011" classname="character(0)" name="ard_continuous_ci.data.frame_denominator_row_"/>
    <testcase time="0.000999999999999446" classname="character(0)" name="ard_continuous_ci.data.frame_denominator_row_"/>
    <testcase time="0.00100000000000033" classname="character(0)" name="ard_continuous_ci.data.frame_denominator_row_"/>
  </testsuite>
  <testsuite name="ard_categorical_ci.data.frame" timestamp="2025-10-08T14:17:17Z" hostname="0d1ef0e902da" tests="6" skipped="0" failures="0" errors="0" time="0.004">
    <testcase time="0.00100000000000033" classname="character(0)" name="ard_continuous_ci.data.frame_denominator_cell_"/>
    <testcase time="0.000999999999999446" classname="character(0)" name="ard_continuous_ci.data.frame_denominator_cell_"/>
    <testcase time="0" classname="character(0)" name="ard_continuous_ci.data.frame_denominator_cell_"/>
    <testcase time="0.00100000000000033" classname="character(0)" name="ard_continuous_ci.data.frame_denominator_cell_"/>
    <testcase time="0.000999999999999446" classname="character(0)" name="ard_continuous_ci.data.frame_denominator_cell_"/>
    <testcase time="0" classname="character(0)" name="ard_continuous_ci.data.frame_denominator_cell_"/>
  </testsuite>
  <testsuite name="ard_categorical_ci.data.frame" timestamp="2025-10-08T14:17:17Z" hostname="0d1ef0e902da" tests="2" skipped="0" failures="0" errors="0" time="0.002">
    <testcase time="0.00200000000000067" classname="character(0)" name="ard_continuous_ci.data.frame_denominator_column_with_all_NA_column"/>
    <testcase time="0" classname="character(0)" name="ard_continuous_ci.data.frame_denominator_column_with_all_NA_column"/>
  </testsuite>
  <testsuite name="ard_categorical_ci.data.frame" timestamp="2025-10-08T14:17:17Z" hostname="0d1ef0e902da" tests="2" skipped="0" failures="0" errors="0" time="0.002">
    <testcase time="0.00199999999999978" classname="character(0)" name="ard_continuous_ci.data.frame_denominator_row_with_all_NA_column"/>
    <testcase time="0" classname="character(0)" name="ard_continuous_ci.data.frame_denominator_row_with_all_NA_column"/>
  </testsuite>
  <testsuite name="ard_categorical_ci.data.frame" timestamp="2025-10-08T14:17:17Z" hostname="0d1ef0e902da" tests="2" skipped="0" failures="0" errors="0" time="0.002">
    <testcase time="0.00199999999999978" classname="character(0)" name="ard_continuous_ci.data.frame_denominator_cell_with_all_NA_column"/>
    <testcase time="0" classname="character(0)" name="ard_continuous_ci.data.frame_denominator_cell_with_all_NA_column"/>
  </testsuite>
  <testsuite name="ard_categorical_ci.data.frame" timestamp="2025-10-08T14:17:17Z" hostname="0d1ef0e902da" tests="3" skipped="0" failures="0" errors="0" time="0.003">
    <testcase time="0.00199999999999978" classname="character(0)" name="ard_continuous_ci.data.frame_NA_handling"/>
    <testcase time="0.00100000000000033" classname="character(0)" name="ard_continuous_ci.data.frame_NA_handling"/>
    <testcase time="0" classname="character(0)" name="ard_continuous_ci.data.frame_NA_handling"/>
  </testsuite>
  <testsuite name="ard_categorical_ci.data.frame" timestamp="2025-10-08T14:17:17Z" hostname="0d1ef0e902da" tests="2" skipped="0" failures="0" errors="0" time="0.002">
    <testcase time="0.00199999999999978" classname="character(0)" name="ard_categorical_ci_method_strat_wilson_NA_handling"/>
    <testcase time="0" classname="character(0)" name="ard_categorical_ci_method_strat_wilson_NA_handling"/>
  </testsuite>
  <testsuite name="ard_continuous_ci.survey.design" timestamp="2025-10-08T14:17:17Z" hostname="0d1ef0e902da" tests="1" skipped="0" failures="0" errors="0" time="0.057">
    <testcase time="0.0570000000000004" classname="character(0)" name="ard_continuous_ci_data_"/>
  </testsuite>
  <testsuite name="ard_continuous_ci.survey.design" timestamp="2025-10-08T14:17:17Z" hostname="0d1ef0e902da" tests="5" skipped="0" failures="0" errors="0" time="0.006">
    <testcase time="0.00199999999999978" classname="character(0)" name="ard_continuous_ci_variables_"/>
    <testcase time="0.00100000000000033" classname="character(0)" name="ard_continuous_ci_variables_"/>
    <testcase time="0.000999999999999446" classname="character(0)" name="ard_continuous_ci_variables_"/>
    <testcase time="0.00100000000000033" classname="character(0)" name="ard_continuous_ci_variables_"/>
    <testcase time="0.00100000000000033" classname="character(0)" name="ard_continuous_ci_variables_"/>
  </testsuite>
  <testsuite name="ard_continuous_ci.survey.design" timestamp="2025-10-08T14:17:17Z" hostname="0d1ef0e902da" tests="6" skipped="0" failures="0" errors="0" time="0.006">
    <testcase time="0.00300000000000011" classname="character(0)" name="ard_continuous_ci_by_"/>
    <testcase time="0.000999999999999446" classname="character(0)" name="ard_continuous_ci_by_"/>
    <testcase time="0" classname="character(0)" name="ard_continuous_ci_by_"/>
    <testcase time="0.00100000000000033" classname="character(0)" name="ard_continuous_ci_by_"/>
    <testcase time="0.000999999999999446" classname="character(0)" name="ard_continuous_ci_by_"/>
    <testcase time="0" classname="character(0)" name="ard_continuous_ci_by_"/>
  </testsuite>
  <testsuite name="ard_continuous_ci.survey.design" timestamp="2025-10-08T14:17:17Z" hostname="0d1ef0e902da" tests="2" skipped="0" failures="0" errors="0" time="0.002">
    <testcase time="0.00200000000000067" classname="character(0)" name="ard_continuous_ci_conf.level_"/>
    <testcase time="0" classname="character(0)" name="ard_continuous_ci_conf.level_"/>
  </testsuite>
  <testsuite name="ard_continuous_ci.survey.design" timestamp="2025-10-08T14:17:17Z" hostname="0d1ef0e902da" tests="3" skipped="0" failures="0" errors="0" time="0.003">
    <testcase time="0.00199999999999978" classname="character(0)" name="ard_continuous_ci_method_variables_"/>
    <testcase time="0" classname="character(0)" name="ard_continuous_ci_method_variables_"/>
    <testcase time="0.00100000000000033" classname="character(0)" name="ard_continuous_ci_method_variables_"/>
  </testsuite>
  <testsuite name="ard_continuous_ci.survey.design" timestamp="2025-10-08T14:17:17Z" hostname="0d1ef0e902da" tests="3" skipped="0" failures="0" errors="0" time="0.003">
    <testcase time="0.00199999999999978" classname="character(0)" name="ard_continuous_ci_method_by_"/>
    <testcase time="0" classname="character(0)" name="ard_continuous_ci_method_by_"/>
    <testcase time="0.000999999999999446" classname="character(0)" name="ard_continuous_ci_method_by_"/>
  </testsuite>
  <testsuite name="ard_continuous_ci.survey.design" timestamp="2025-10-08T14:17:17Z" hostname="0d1ef0e902da" tests="4" skipped="0" failures="0" errors="0" time="0.003">
    <testcase time="0.00100000000000033" classname="character(0)" name="ard_continuous_ci_..._"/>
    <testcase time="0.00100000000000033" classname="character(0)" name="ard_continuous_ci_..._"/>
    <testcase time="0" classname="character(0)" name="ard_continuous_ci_..._"/>
    <testcase time="0.000999999999999446" classname="character(0)" name="ard_continuous_ci_..._"/>
  </testsuite>
  <testsuite name="ard_continuous_ci.survey.design" timestamp="2025-10-08T14:17:17Z" hostname="0d1ef0e902da" tests="2" skipped="0" failures="0" errors="0" time="0.002">
    <testcase time="0.00200000000000067" classname="character(0)" name="ard_continuous_ci_errors_are_captured"/>
    <testcase time="0" classname="character(0)" name="ard_continuous_ci_errors_are_captured"/>
  </testsuite>
  <testsuite name="ard_continuous_ci.survey.design" timestamp="2025-10-08T14:17:17Z" hostname="0d1ef0e902da" tests="1" skipped="0" failures="0" errors="0" time="0.002">
    <testcase time="0.00199999999999978" classname="character(0)" name="ard_continuous_ci.survey.design_follows_ard_structure"/>
  </testsuite>
  <testsuite name="ard_effectsize_hedges_g" timestamp="2025-10-08T14:17:17Z" hostname="0d1ef0e902da" tests="4" skipped="0" failures="0" errors="0" time="0.606">
    <testcase time="0.604" classname="character(0)" name="ard_effectsize_hedges_g_works"/>
    <testcase time="0.000999999999999446" classname="character(0)" name="ard_effectsize_hedges_g_works"/>
    <testcase time="0.00100000000000033" classname="character(0)" name="ard_effectsize_hedges_g_works"/>
    <testcase time="0" classname="character(0)" name="ard_effectsize_hedges_g_works"/>
  </testsuite>
  <testsuite name="ard_effectsize_hedges_g" timestamp="2025-10-08T14:17:17Z" hostname="0d1ef0e902da" tests="3" skipped="0" failures="0" errors="0" time="0.004">
    <testcase time="0.00300000000000011" classname="character(0)" name="ard_effectsize_paired_hedges_g_works"/>
    <testcase time="0" classname="character(0)" name="ard_effectsize_paired_hedges_g_works"/>
    <testcase time="0.000999999999999446" classname="character(0)" name="ard_effectsize_paired_hedges_g_works"/>
  </testsuite>
  <testsuite name="ard_effectsize_hedges_g" timestamp="2025-10-08T14:17:17Z" hostname="0d1ef0e902da" tests="2" skipped="0" failures="0" errors="0" time="0.003">
    <testcase time="0.00200000000000067" classname="character(0)" name="ard_effectsize_cohens_d_follows_ard_structure"/>
    <testcase time="0.000999999999999446" classname="character(0)" name="ard_effectsize_cohens_d_follows_ard_structure"/>
  </testsuite>
  <testsuite name="ard_effectsize_cohens_d" timestamp="2025-10-08T14:17:18Z" hostname="0d1ef0e902da" tests="4" skipped="0" failures="0" errors="0" time="0.827">
    <testcase time="0.824" classname="character(0)" name="ard_effectsize_cohens_d_works"/>
    <testcase time="0.00100000000000122" classname="character(0)" name="ard_effectsize_cohens_d_works"/>
    <testcase time="0.000999999999999446" classname="character(0)" name="ard_effectsize_cohens_d_works"/>
    <testcase time="0.000999999999999446" classname="character(0)" name="ard_effectsize_cohens_d_works"/>
  </testsuite>
  <testsuite name="ard_effectsize_cohens_d" timestamp="2025-10-08T14:17:18Z" hostname="0d1ef0e902da" tests="3" skipped="0" failures="0" errors="0" time="0.004">
    <testcase time="0.00300000000000011" classname="character(0)" name="ard_effectsize_paired_cohens_d_works"/>
    <testcase time="0" classname="character(0)" name="ard_effectsize_paired_cohens_d_works"/>
    <testcase time="0.000999999999999446" classname="character(0)" name="ard_effectsize_paired_cohens_d_works"/>
  </testsuite>
  <testsuite name="ard_effectsize_cohens_d" timestamp="2025-10-08T14:17:18Z" hostname="0d1ef0e902da" tests="2" skipped="0" failures="0" errors="0" time="0.004">
    <testcase time="0.00300000000000011" classname="character(0)" name="ard_effectsize_cohens_d_follows_ard_structure"/>
    <testcase time="0.00100000000000122" classname="character(0)" name="ard_effectsize_cohens_d_follows_ard_structure"/>
  </testsuite>
  <testsuite name="ard_emmeans_contrast" timestamp="2025-10-08T14:17:19Z" hostname="0d1ef0e902da" tests="10" skipped="0" failures="0" errors="0" time="0.628">
    <testcase time="0.619999999999999" classname="character(0)" name="ard_emmeans_contrast_works"/>
    <testcase time="0" classname="character(0)" name="ard_emmeans_contrast_works"/>
    <testcase time="0.00100000000000122" classname="character(0)" name="ard_emmeans_contrast_works"/>
    <testcase time="0.000999999999999446" classname="character(0)" name="ard_emmeans_contrast_works"/>
    <testcase time="0.000999999999999446" classname="character(0)" name="ard_emmeans_contrast_works"/>
    <testcase time="0.00100000000000122" classname="character(0)" name="ard_emmeans_contrast_works"/>
    <testcase time="0.000999999999999446" classname="character(0)" name="ard_emmeans_contrast_works"/>
    <testcase time="0.000999999999999446" classname="character(0)" name="ard_emmeans_contrast_works"/>
    <testcase time="0.00100000000000122" classname="character(0)" name="ard_emmeans_contrast_works"/>
    <testcase time="0.000999999999999446" classname="character(0)" name="ard_emmeans_contrast_works"/>
  </testsuite>
  <testsuite name="ard_emmeans_contrast" timestamp="2025-10-08T14:17:19Z" hostname="0d1ef0e902da" tests="1" skipped="0" failures="0" errors="0" time="0.002">
    <testcase time="0.00200000000000067" classname="character(0)" name="ard_emmeans_contrast_follows_ard_structure"/>
  </testsuite>
  <testsuite name="ard_emmeans_contrast" timestamp="2025-10-08T14:17:19Z" hostname="0d1ef0e902da" tests="4" skipped="0" failures="0" errors="0" time="0.004">
    <testcase time="0.00199999999999889" classname="character(0)" name="ard_emmeans_contrast_errors_are_returned_correctly"/>
    <testcase time="0.000999999999999446" classname="character(0)" name="ard_emmeans_contrast_errors_are_returned_correctly"/>
    <testcase time="0" classname="character(0)" name="ard_emmeans_contrast_errors_are_returned_correctly"/>
    <testcase time="0.00100000000000122" classname="character(0)" name="ard_emmeans_contrast_errors_are_returned_correctly"/>
  </testsuite>
  <testsuite name="ard_incidence_rate" timestamp="2025-10-08T14:17:20Z" hostname="0d1ef0e902da" tests="10" skipped="0" failures="0" errors="0" time="0.89">
    <testcase time="0.881" classname="character(0)" name="ard_incidence_rate_works"/>
    <testcase time="0.000999999999999446" classname="character(0)" name="ard_incidence_rate_works"/>
    <testcase time="0.000999999999999446" classname="character(0)" name="ard_incidence_rate_works"/>
    <testcase time="0.00100000000000122" classname="character(0)" name="ard_incidence_rate_works"/>
    <testcase time="0.000999999999999446" classname="character(0)" name="ard_incidence_rate_works"/>
    <testcase time="0.000999999999999446" classname="character(0)" name="ard_incidence_rate_works"/>
    <testcase time="0.00100000000000122" classname="character(0)" name="ard_incidence_rate_works"/>
    <testcase time="0.000999999999999446" classname="character(0)" name="ard_incidence_rate_works"/>
    <testcase time="0.000999999999999446" classname="character(0)" name="ard_incidence_rate_works"/>
    <testcase time="0.000999999999999446" classname="character(0)" name="ard_incidence_rate_works"/>
  </testsuite>
  <testsuite name="ard_incidence_rate" timestamp="2025-10-08T14:17:20Z" hostname="0d1ef0e902da" tests="6" skipped="0" failures="0" errors="0" time="0.005">
    <testcase time="0.00200000000000067" classname="character(0)" name="ard_incidence_rate_conf.type_works"/>
    <testcase time="0" classname="character(0)" name="ard_incidence_rate_conf.type_works"/>
    <testcase time="0.000999999999999446" classname="character(0)" name="ard_incidence_rate_conf.type_works"/>
    <testcase time="0.00100000000000122" classname="character(0)" name="ard_incidence_rate_conf.type_works"/>
    <testcase time="0" classname="character(0)" name="ard_incidence_rate_conf.type_works"/>
    <testcase time="0.000999999999999446" classname="character(0)" name="ard_incidence_rate_conf.type_works"/>
  </testsuite>
  <testsuite name="ard_incidence_rate" timestamp="2025-10-08T14:17:20Z" hostname="0d1ef0e902da" tests="3" skipped="0" failures="0" errors="0" time="0.003">
    <testcase time="0.000999999999999446" classname="character(0)" name="ard_incidence_rate_errors_are_handled_correctly"/>
    <testcase time="0.00100000000000122" classname="character(0)" name="ard_incidence_rate_errors_are_handled_correctly"/>
    <testcase time="0.000999999999999446" classname="character(0)" name="ard_incidence_rate_errors_are_handled_correctly"/>
  </testsuite>
  <testsuite name="ard_emmeans_emmeans" timestamp="2025-10-08T14:17:20Z" hostname="0d1ef0e902da" tests="9" skipped="0" failures="0" errors="0" time="0.172">
    <testcase time="0.167999999999999" classname="character(0)" name="ard_emmeans_emmeans_works"/>
    <testcase time="0" classname="character(0)" name="ard_emmeans_emmeans_works"/>
    <testcase time="0.00100000000000122" classname="character(0)" name="ard_emmeans_emmeans_works"/>
    <testcase time="0.000999999999999446" classname="character(0)" name="ard_emmeans_emmeans_works"/>
    <testcase time="0" classname="character(0)" name="ard_emmeans_emmeans_works"/>
    <testcase time="0.000999999999999446" classname="character(0)" name="ard_emmeans_emmeans_works"/>
    <testcase time="0" classname="character(0)" name="ard_emmeans_emmeans_works"/>
    <testcase time="0.00100000000000122" classname="character(0)" name="ard_emmeans_emmeans_works"/>
    <testcase time="0" classname="character(0)" name="ard_emmeans_emmeans_works"/>
  </testsuite>
  <testsuite name="ard_emmeans_emmeans" timestamp="2025-10-08T14:17:20Z" hostname="0d1ef0e902da" tests="1" skipped="0" failures="0" errors="0" time="0.002">
    <testcase time="0.00199999999999889" classname="character(0)" name="ard_emmeans_emmeans_follows_ard_structure"/>
  </testsuite>
  <testsuite name="ard_emmeans_emmeans" timestamp="2025-10-08T14:17:20Z" hostname="0d1ef0e902da" tests="4" skipped="0" failures="0" errors="0" time="0.003">
    <testcase time="0.00200000000000067" classname="character(0)" name="ard_emmeans_emmeans_errors_are_returned_correctly"/>
    <testcase time="0" classname="character(0)" name="ard_emmeans_emmeans_errors_are_returned_correctly"/>
    <testcase time="0.000999999999999446" classname="character(0)" name="ard_emmeans_emmeans_errors_are_returned_correctly"/>
    <testcase time="0" classname="character(0)" name="ard_emmeans_emmeans_errors_are_returned_correctly"/>
  </testsuite>
  <testsuite name="ard_proportion_ci" timestamp="2025-10-08T14:17:21Z" hostname="0d1ef0e902da" tests="6" skipped="0" failures="0" errors="0" time="1.366">
    <testcase time="1.363" classname="character(0)" name="ard_categorical_ci_works"/>
    <testcase time="0.00100000000000122" classname="character(0)" name="ard_categorical_ci_works"/>
    <testcase time="0.000999999999999446" classname="character(0)" name="ard_categorical_ci_works"/>
    <testcase time="0" classname="character(0)" name="ard_categorical_ci_works"/>
    <testcase time="0.000999999999999446" classname="character(0)" name="ard_categorical_ci_works"/>
    <testcase time="0" classname="character(0)" name="ard_categorical_ci_works"/>
  </testsuite>
  <testsuite name="ard_proportion_ci" timestamp="2025-10-08T14:17:21Z" hostname="0d1ef0e902da" tests="4" skipped="0" failures="0" errors="0" time="0.003">
    <testcase time="0.00200000000000067" classname="character(0)" name="ard_categorical_ci_method_strat_wilson_works"/>
    <testcase time="0" classname="character(0)" name="ard_categorical_ci_method_strat_wilson_works"/>
    <testcase time="0" classname="character(0)" name="ard_categorical_ci_method_strat_wilson_works"/>
    <testcase time="0.00100000000000122" classname="character(0)" name="ard_categorical_ci_method_strat_wilson_works"/>
  </testsuite>
  <testsuite name="ard_proportion_ci" timestamp="2025-10-08T14:17:21Z" hostname="0d1ef0e902da" tests="1" skipped="0" failures="0" errors="0" time="0.001">
    <testcase time="0.000999999999999446" classname="character(0)" name="ard_categorical_ci_messaging"/>
  </testsuite>
  <testsuite name="ard_proportion_ci" timestamp="2025-10-08T14:17:21Z" hostname="0d1ef0e902da" tests="1" skipped="0" failures="0" errors="0" time="0.002">
    <testcase time="0.00200000000000067" classname="character(0)" name="ard_proportion_ci_follows_ard_structure"/>
  </testsuite>
  <testsuite name="ard_missing.survey.design" timestamp="2025-10-08T14:17:22Z" hostname="0d1ef0e902da" tests="19" skipped="0" failures="0" errors="0" time="0.978">
    <testcase time="0.963999999999999" classname="character(0)" name="ard_missing.survey.design_works"/>
    <testcase time="0.00100000000000122" classname="character(0)" name="ard_missing.survey.design_works"/>
    <testcase time="0.000999999999999446" classname="character(0)" name="ard_missing.survey.design_works"/>
    <testcase time="0.000999999999999446" classname="character(0)" name="ard_missing.survey.design_works"/>
    <testcase time="0.00100000000000122" classname="character(0)" name="ard_missing.survey.design_works"/>
    <testcase time="0.000999999999999446" classname="character(0)" name="ard_missing.survey.design_works"/>
    <testcase time="0.000999999999999446" classname="character(0)" name="ard_missing.survey.design_works"/>
    <testcase time="0.00100000000000122" classname="character(0)" name="ard_missing.survey.design_works"/>
    <testcase time="0.000999999999999446" classname="character(0)" name="ard_missing.survey.design_works"/>
    <testcase time="0.000999999999999446" classname="character(0)" name="ard_missing.survey.design_works"/>
    <testcase time="0" classname="character(0)" name="ard_missing.survey.design_works"/>
    <testcase time="0.00100000000000122" classname="character(0)" name="ard_missing.survey.design_works"/>
    <testcase time="0.000999999999999446" classname="character(0)" name="ard_missing.survey.design_works"/>
    <testcase time="0" classname="character(0)" name="ard_missing.survey.design_works"/>
    <testcase time="0.000999999999999446" classname="character(0)" name="ard_missing.survey.design_works"/>
    <testcase time="0" classname="character(0)" name="ard_missing.survey.design_works"/>
    <testcase time="0.000999999999999446" classname="character(0)" name="ard_missing.survey.design_works"/>
    <testcase time="0.00100000000000122" classname="character(0)" name="ard_missing.survey.design_works"/>
    <testcase time="0" classname="character(0)" name="ard_missing.survey.design_works"/>
  </testsuite>
  <testsuite name="ard_missing.survey.design" timestamp="2025-10-08T14:17:22Z" hostname="0d1ef0e902da" tests="1" skipped="0" failures="0" errors="0" time="0.002">
    <testcase time="0.00199999999999889" classname="character(0)" name="ard_missing.survey.design_follows_ard_structure"/>
  </testsuite>
  <testsuite name="ard_missing.survey.design" timestamp="2025-10-08T14:17:22Z" hostname="0d1ef0e902da" tests="1" skipped="0" failures="0" errors="0" time="0.002">
    <testcase time="0.00200000000000067" classname="character(0)" name="ard_missing.survey.design_works_on_design_columns"/>
  </testsuite>
  <testsuite name="ard_regression_basic" timestamp="2025-10-08T14:17:23Z" hostname="0d1ef0e902da" tests="3" skipped="0" failures="0" errors="0" time="1.269">
    <testcase time="1.268" classname="character(0)" name="ard_regression_basic_works"/>
    <testcase time="0.000999999999999446" classname="character(0)" name="ard_regression_basic_works"/>
    <testcase time="0" classname="character(0)" name="ard_regression_basic_works"/>
  </testsuite>
  <testsuite name="ard_regression_basic" timestamp="2025-10-08T14:17:23Z" hostname="0d1ef0e902da" tests="1" skipped="0" failures="0" errors="0" time="0.002">
    <testcase time="0.00200000000000067" classname="character(0)" name="ard_regression_basic_does_not_produce_variable_level_column_where_not_applicable"/>
  </testsuite>
  <testsuite name="ard_regression_basic" timestamp="2025-10-08T14:17:23Z" hostname="0d1ef0e902da" tests="1" skipped="0" failures="0" errors="0" time="0.002">
    <testcase time="0.00199999999999889" classname="character(0)" name="ard_regression_basic_follows_ard_structure"/>
  </testsuite>
  <testsuite name="ard_smd_smd" timestamp="2025-10-08T14:17:24Z" hostname="0d1ef0e902da" tests="3" skipped="0" failures="0" errors="0" time="0.608">
    <testcase time="0.606" classname="character(0)" name="ard_smd_smd_works"/>
    <testcase time="0.00100000000000122" classname="character(0)" name="ard_smd_smd_works"/>
    <testcase time="0.000999999999999446" classname="character(0)" name="ard_smd_smd_works"/>
  </testsuite>
  <testsuite name="ard_smd_smd" timestamp="2025-10-08T14:17:24Z" hostname="0d1ef0e902da" tests="2" skipped="0" failures="0" errors="0" time="0.004">
    <testcase time="0.00300000000000011" classname="character(0)" name="ard_smd_works_with_survey_data"/>
    <testcase time="0.000999999999999446" classname="character(0)" name="ard_smd_works_with_survey_data"/>
  </testsuite>
  <testsuite name="ard_smd_smd" timestamp="2025-10-08T14:17:24Z" hostname="0d1ef0e902da" tests="4" skipped="0" failures="0" errors="0" time="0.004">
    <testcase time="0.00200000000000067" classname="character(0)" name="ard_smd_smd_error_messaging"/>
    <testcase time="0.000999999999999446" classname="character(0)" name="ard_smd_smd_error_messaging"/>
    <testcase time="0.000999999999999446" classname="character(0)" name="ard_smd_smd_error_messaging"/>
    <testcase time="0" classname="character(0)" name="ard_smd_smd_error_messaging"/>
  </testsuite>
  <testsuite name="ard_smd_smd" timestamp="2025-10-08T14:17:24Z" hostname="0d1ef0e902da" tests="1" skipped="0" failures="0" errors="0" time="0.002">
    <testcase time="0.00200000000000067" classname="character(0)" name="ard_smd_smd_follows_ard_structure"/>
  </testsuite>
  <testsuite name="ard_regression" timestamp="2025-10-08T14:17:25Z" hostname="0d1ef0e902da" tests="4" skipped="0" failures="0" errors="0" time="0.889">
    <testcase time="0.887" classname="character(0)" name="ard_regression_works"/>
    <testcase time="0.000999999999999446" classname="character(0)" name="ard_regression_works"/>
    <testcase time="0.000999999999999446" classname="character(0)" name="ard_regression_works"/>
    <testcase time="0" classname="character(0)" name="ard_regression_works"/>
  </testsuite>
  <testsuite name="ard_regression" timestamp="2025-10-08T14:17:25Z" hostname="0d1ef0e902da" tests="1" skipped="0" failures="0" errors="0" time="0.002">
    <testcase time="0.00200000000000067" classname="character(0)" name="ard_regression_works_specifying_custom_tidier"/>
  </testsuite>
  <testsuite name="ard_regression" timestamp="2025-10-08T14:17:25Z" hostname="0d1ef0e902da" tests="1" skipped="0" failures="0" errors="0" time="0.002">
    <testcase time="0.00200000000000067" classname="character(0)" name="ard_regression_does_not_produce_variable_level_column_where_not_applicable"/>
  </testsuite>
  <testsuite name="ard_regression" timestamp="2025-10-08T14:17:25Z" hostname="0d1ef0e902da" tests="2" skipped="0" failures="0" errors="0" time="0.002">
    <testcase time="0.00199999999999889" classname="character(0)" name="ard_regression_warnings_and_errors_return_correctly"/>
    <testcase time="0" classname="character(0)" name="ard_regression_warnings_and_errors_return_correctly"/>
  </testsuite>
  <testsuite name="ard_regression" timestamp="2025-10-08T14:17:25Z" hostname="0d1ef0e902da" tests="1" skipped="0" failures="0" errors="0" time="0.002">
    <testcase time="0.00200000000000067" classname="character(0)" name="ard_regression_follows_ard_structure"/>
  </testsuite>
  <testsuite name="ard_stats_aov" timestamp="2025-10-08T14:17:25Z" hostname="0d1ef0e902da" tests="3" skipped="0" failures="0" errors="0" time="0.244">
    <testcase time="0.243" classname="character(0)" name="ard_aov_works"/>
    <testcase time="0.000999999999999446" classname="character(0)" name="ard_aov_works"/>
    <testcase time="0" classname="character(0)" name="ard_aov_works"/>
  </testsuite>
  <testsuite name="ard_stats_aov" timestamp="2025-10-08T14:17:25Z" hostname="0d1ef0e902da" tests="1" skipped="0" failures="0" errors="0" time="0.002">
    <testcase time="0.00200000000000067" classname="character(0)" name="ard_stats_aov_follows_ard_structure"/>
  </testsuite>
  <testsuite name="ard_stats_anova" timestamp="2025-10-08T14:17:25Z" hostname="0d1ef0e902da" tests="1" skipped="0" failures="0" errors="0" time="0.128">
    <testcase time="0.128" classname="character(0)" name="ard_stats_anova.anova_works"/>
  </testsuite>
  <testsuite name="ard_stats_anova" timestamp="2025-10-08T14:17:25Z" hostname="0d1ef0e902da" tests="7" skipped="0" failures="0" errors="0" time="0.009">
    <testcase time="0.00300000000000011" classname="character(0)" name="ard_stats_anova.data.frame_works"/>
    <testcase time="0.000999999999999446" classname="character(0)" name="ard_stats_anova.data.frame_works"/>
    <testcase time="0.000999999999999446" classname="character(0)" name="ard_stats_anova.data.frame_works"/>
    <testcase time="0.000999999999999446" classname="character(0)" name="ard_stats_anova.data.frame_works"/>
    <testcase time="0.00100000000000122" classname="character(0)" name="ard_stats_anova.data.frame_works"/>
    <testcase time="0.000999999999999446" classname="character(0)" name="ard_stats_anova.data.frame_works"/>
    <testcase time="0.000999999999999446" classname="character(0)" name="ard_stats_anova.data.frame_works"/>
  </testsuite>
  <testsuite name="ard_stats_anova" timestamp="2025-10-08T14:17:25Z" hostname="0d1ef0e902da" tests="1" skipped="0" failures="0" errors="0" time="0.003">
    <testcase time="0.00300000000000011" classname="character(0)" name="ard_stats_anova.data.frame_error_messaging"/>
  </testsuite>
  <testsuite name="ard_stats_anova" timestamp="2025-10-08T14:17:25Z" hostname="0d1ef0e902da" tests="1" skipped="0" failures="0" errors="0" time="0.001">
    <testcase time="0.00100000000000122" classname="character(0)" name="ard_stats_anova_follows_ard_structure"/>
  </testsuite>
  <testsuite name="ard_stats_chisq_test" timestamp="2025-10-08T14:17:25Z" hostname="0d1ef0e902da" tests="3" skipped="0" failures="0" errors="0" time="0.094">
    <testcase time="0.093" classname="character(0)" name="ard_stats_chisq_test_works"/>
    <testcase time="0.000999999999999446" classname="character(0)" name="ard_stats_chisq_test_works"/>
    <testcase time="0" classname="character(0)" name="ard_stats_chisq_test_works"/>
  </testsuite>
  <testsuite name="ard_stats_chisq_test" timestamp="2025-10-08T14:17:25Z" hostname="0d1ef0e902da" tests="1" skipped="0" failures="0" errors="0" time="0.002">
    <testcase time="0.00200000000000067" classname="character(0)" name="ard_stats_chisq_test_follows_ard_structure"/>
  </testsuite>
  <testsuite name="ard_stats_fisher_test" timestamp="2025-10-08T14:17:26Z" hostname="0d1ef0e902da" tests="3" skipped="0" failures="0" errors="0" time="0.121">
    <testcase time="0.119" classname="character(0)" name="ard_stats_fisher_test_works"/>
    <testcase time="0.000999999999999446" classname="character(0)" name="ard_stats_fisher_test_works"/>
    <testcase time="0.000999999999999446" classname="character(0)" name="ard_stats_fisher_test_works"/>
  </testsuite>
  <testsuite name="ard_stats_fisher_test" timestamp="2025-10-08T14:17:26Z" hostname="0d1ef0e902da" tests="1" skipped="0" failures="0" errors="0" time="0.003">
    <testcase time="0.00300000000000011" classname="character(0)" name="ard_stats_fisher_test_follows_ard_structure"/>
  </testsuite>
  <testsuite name="ard_stats_kruskal_test" timestamp="2025-10-08T14:17:26Z" hostname="0d1ef0e902da" tests="4" skipped="0" failures="0" errors="0" time="0.187">
    <testcase time="0.185000000000002" classname="character(0)" name="ard_stats_kruskal_test_works"/>
    <testcase time="0.000999999999997669" classname="character(0)" name="ard_stats_kruskal_test_works"/>
    <testcase time="0" classname="character(0)" name="ard_stats_kruskal_test_works"/>
    <testcase time="0.00100000000000122" classname="character(0)" name="ard_stats_kruskal_test_works"/>
  </testsuite>
  <testsuite name="ard_stats_kruskal_test" timestamp="2025-10-08T14:17:26Z" hostname="0d1ef0e902da" tests="1" skipped="0" failures="0" errors="0" time="0.002">
    <testcase time="0.00199999999999889" classname="character(0)" name="ard_stats_kruskal_test_follows_ard_structure"/>
  </testsuite>
  <testsuite name="ard_stats_mantelhaen_test" timestamp="2025-10-08T14:17:26Z" hostname="0d1ef0e902da" tests="5" skipped="0" failures="0" errors="0" time="0.149">
    <testcase time="0.145" classname="character(0)" name="ard_stats_mantelhaen_test_works"/>
    <testcase time="0.00100000000000122" classname="character(0)" name="ard_stats_mantelhaen_test_works"/>
    <testcase time="0.00100000000000122" classname="character(0)" name="ard_stats_mantelhaen_test_works"/>
    <testcase time="0.000999999999997669" classname="character(0)" name="ard_stats_mantelhaen_test_works"/>
    <testcase time="0.00100000000000122" classname="character(0)" name="ard_stats_mantelhaen_test_works"/>
  </testsuite>
  <testsuite name="ard_stats_mantelhaen_test" timestamp="2025-10-08T14:17:26Z" hostname="0d1ef0e902da" tests="3" skipped="0" failures="0" errors="0" time="0.004">
    <testcase time="0.00300000000000011" classname="character(0)" name="ard_stats_mantelhaen_test_displays_errors_correctly"/>
    <testcase time="0.000999999999997669" classname="character(0)" name="ard_stats_mantelhaen_test_displays_errors_correctly"/>
    <testcase time="0" classname="character(0)" name="ard_stats_mantelhaen_test_displays_errors_correctly"/>
  </testsuite>
  <testsuite name="ard_stats_mcnemar_test" timestamp="2025-10-08T14:17:26Z" hostname="0d1ef0e902da" tests="7" skipped="0" failures="0" errors="0" time="0.285">
    <testcase time="0.275000000000002" classname="character(0)" name="ard_stats_mcnemar_test_works"/>
    <testcase time="0.00100000000000122" classname="character(0)" name="ard_stats_mcnemar_test_works"/>
    <testcase time="0.000999999999997669" classname="character(0)" name="ard_stats_mcnemar_test_works"/>
    <testcase time="0.00100000000000122" classname="character(0)" name="ard_stats_mcnemar_test_works"/>
    <testcase time="0.00100000000000122" classname="character(0)" name="ard_stats_mcnemar_test_works"/>
    <testcase time="0.00499999999999901" classname="character(0)" name="ard_stats_mcnemar_test_works"/>
    <testcase time="0.000999999999997669" classname="character(0)" name="ard_stats_mcnemar_test_works"/>
  </testsuite>
  <testsuite name="ard_stats_mcnemar_test" timestamp="2025-10-08T14:17:26Z" hostname="0d1ef0e902da" tests="1" skipped="0" failures="0" errors="0" time="0.003">
    <testcase time="0.00300000000000011" classname="character(0)" name="ard_stats_mcnemar_test_follows_ard_structure"/>
  </testsuite>
  <testsuite name="ard_stats_mood_test" timestamp="2025-10-08T14:17:26Z" hostname="0d1ef0e902da" tests="4" skipped="0" failures="0" errors="0" time="0.043">
    <testcase time="0.0400000000000027" classname="character(0)" name="ard_stats_mood_test_works"/>
    <testcase time="0.000999999999997669" classname="character(0)" name="ard_stats_mood_test_works"/>
    <testcase time="0.00100000000000122" classname="character(0)" name="ard_stats_mood_test_works"/>
    <testcase time="0.00100000000000122" classname="character(0)" name="ard_stats_mood_test_works"/>
  </testsuite>
  <testsuite name="ard_stats_mood_test" timestamp="2025-10-08T14:17:26Z" hostname="0d1ef0e902da" tests="1" skipped="0" failures="0" errors="0" time="0.003">
    <testcase time="0.00300000000000011" classname="character(0)" name="ard_stats_mood_test_follows_ard_structure"/>
  </testsuite>
  <testsuite name="ard_stats_oneway_test" timestamp="2025-10-08T14:17:26Z" hostname="0d1ef0e902da" tests="3" skipped="0" failures="0" errors="0" time="0.22">
    <testcase time="0.218" classname="character(0)" name="ard_stats_oneway_test_works"/>
    <testcase time="0.000999999999997669" classname="character(0)" name="ard_stats_oneway_test_works"/>
    <testcase time="0.00100000000000122" classname="character(0)" name="ard_stats_oneway_test_works"/>
  </testsuite>
  <testsuite name="ard_stats_oneway_test" timestamp="2025-10-08T14:17:26Z" hostname="0d1ef0e902da" tests="1" skipped="0" failures="0" errors="0" time="0.003">
    <testcase time="0.00300000000000011" classname="character(0)" name="ard_stats_oneway_test_follows_ard_structure"/>
  </testsuite>
  <testsuite name="ard_stats_poisson_test" timestamp="2025-10-08T14:17:27Z" hostname="0d1ef0e902da" tests="3" skipped="0" failures="0" errors="0" time="0.123">
    <testcase time="0.122" classname="character(0)" name="ard_stats_poisson_test_works_for_one_sample_tests"/>
    <testcase time="0.00100000000000122" classname="character(0)" name="ard_stats_poisson_test_works_for_one_sample_tests"/>
    <testcase time="0" classname="character(0)" name="ard_stats_poisson_test_works_for_one_sample_tests"/>
  </testsuite>
  <testsuite name="ard_stats_poisson_test" timestamp="2025-10-08T14:17:27Z" hostname="0d1ef0e902da" tests="2" skipped="0" failures="0" errors="0" time="0.003">
    <testcase time="0.00199999999999889" classname="character(0)" name="ard_stats_poisson_test_works_for_two_sample_tests"/>
    <testcase time="0.00100000000000122" classname="character(0)" name="ard_stats_poisson_test_works_for_two_sample_tests"/>
  </testsuite>
  <testsuite name="ard_stats_poisson_test" timestamp="2025-10-08T14:17:27Z" hostname="0d1ef0e902da" tests="1" skipped="0" failures="0" errors="0" time="0.002">
    <testcase time="0.00199999999999889" classname="character(0)" name="ard_stats_poisson_test_errors_are_handled_correctly"/>
  </testsuite>
  <testsuite name="ard_stats_poisson_test" timestamp="2025-10-08T14:17:27Z" hostname="0d1ef0e902da" tests="1" skipped="0" failures="0" errors="0" time="0.001">
    <testcase time="0.00100000000000122" classname="character(0)" name="ard_stats_poisson_test_follows_ard_structure"/>
  </testsuite>
  <testsuite name="ard_stats_prop_test" timestamp="2025-10-08T14:17:27Z" hostname="0d1ef0e902da" tests="3" skipped="0" failures="0" errors="0" time="0.417">
    <testcase time="0.414999999999999" classname="character(0)" name="ard_stats_prop_test_works"/>
    <testcase time="0.000999999999997669" classname="character(0)" name="ard_stats_prop_test_works"/>
    <testcase time="0.00100000000000122" classname="character(0)" name="ard_stats_prop_test_works"/>
  </testsuite>
  <testsuite name="ard_stats_prop_test" timestamp="2025-10-08T14:17:27Z" hostname="0d1ef0e902da" tests="8" skipped="0" failures="0" errors="0" time="0.01">
    <testcase time="0.00300000000000011" classname="character(0)" name="ard_stats_prop_test_error_messaging"/>
    <testcase time="0.00100000000000122" classname="character(0)" name="ard_stats_prop_test_error_messaging"/>
    <testcase time="0.000999999999997669" classname="character(0)" name="ard_stats_prop_test_error_messaging"/>
    <testcase time="0.00100000000000122" classname="character(0)" name="ard_stats_prop_test_error_messaging"/>
    <testcase time="0.00100000000000122" classname="character(0)" name="ard_stats_prop_test_error_messaging"/>
    <testcase time="0.000999999999997669" classname="character(0)" name="ard_stats_prop_test_error_messaging"/>
    <testcase time="0.00100000000000122" classname="character(0)" name="ard_stats_prop_test_error_messaging"/>
    <testcase time="0.00100000000000122" classname="character(0)" name="ard_stats_prop_test_error_messaging"/>
  </testsuite>
  <testsuite name="ard_stats_prop_test" timestamp="2025-10-08T14:17:27Z" hostname="0d1ef0e902da" tests="1" skipped="0" failures="0" errors="0" time="0.004">
    <testcase time="0.00399999999999778" classname="character(0)" name="ard_stats_prop_test_follows_ard_structure"/>
  </testsuite>
  <testsuite name="ard_stats_t_test" timestamp="2025-10-08T14:17:27Z" hostname="0d1ef0e902da" tests="6" skipped="0" failures="0" errors="0" time="0.089">
    <testcase time="0.0839999999999996" classname="character(0)" name="ard_stats_t_test_works"/>
    <testcase time="0.00100000000000122" classname="character(0)" name="ard_stats_t_test_works"/>
    <testcase time="0.00100000000000122" classname="character(0)" name="ard_stats_t_test_works"/>
    <testcase time="0.000999999999997669" classname="character(0)" name="ard_stats_t_test_works"/>
    <testcase time="0.00100000000000122" classname="character(0)" name="ard_stats_t_test_works"/>
    <testcase time="0.00100000000000122" classname="character(0)" name="ard_stats_t_test_works"/>
  </testsuite>
  <testsuite name="ard_stats_t_test" timestamp="2025-10-08T14:17:27Z" hostname="0d1ef0e902da" tests="3" skipped="0" failures="0" errors="0" time="0.005">
    <testcase time="0.00300000000000011" classname="character(0)" name="ard_stats_paired_t_test_works"/>
    <testcase time="0.000999999999997669" classname="character(0)" name="ard_stats_paired_t_test_works"/>
    <testcase time="0.00100000000000122" classname="character(0)" name="ard_stats_paired_t_test_works"/>
  </testsuite>
  <testsuite name="ard_stats_t_test" timestamp="2025-10-08T14:17:27Z" hostname="0d1ef0e902da" tests="1" skipped="0" failures="0" errors="0" time="0.002">
    <testcase time="0.00199999999999889" classname="character(0)" name="ard_stats_t_test_follows_ard_structure"/>
  </testsuite>
  <testsuite name="ard_stats_t_test_onesample" timestamp="2025-10-08T14:17:27Z" hostname="0d1ef0e902da" tests="5" skipped="0" failures="0" errors="0" time="0.344">
    <testcase time="0.34" classname="character(0)" name="ard_stats_t_test_onesample_works"/>
    <testcase time="0.00100000000000122" classname="character(0)" name="ard_stats_t_test_onesample_works"/>
    <testcase time="0.00100000000000122" classname="character(0)" name="ard_stats_t_test_onesample_works"/>
    <testcase time="0.000999999999997669" classname="character(0)" name="ard_stats_t_test_onesample_works"/>
    <testcase time="0.00100000000000122" classname="character(0)" name="ard_stats_t_test_onesample_works"/>
  </testsuite>
  <testsuite name="ard_stats_t_test_onesample" timestamp="2025-10-08T14:17:27Z" hostname="0d1ef0e902da" tests="1" skipped="0" failures="0" errors="0" time="0.003">
    <testcase time="0.00300000000000011" classname="character(0)" name="ard_stats_t_test_onesample_follows_ard_structure"/>
  </testsuite>
  <testsuite name="ard_stats_wilcox_test" timestamp="2025-10-08T14:17:28Z" hostname="0d1ef0e902da" tests="6" skipped="0" failures="0" errors="0" time="0.302">
    <testcase time="0.298999999999999" classname="character(0)" name="ard_stats_wilcox_test_works"/>
    <testcase time="0.00100000000000122" classname="character(0)" name="ard_stats_wilcox_test_works"/>
    <testcase time="0" classname="character(0)" name="ard_stats_wilcox_test_works"/>
    <testcase time="0" classname="character(0)" name="ard_stats_wilcox_test_works"/>
    <testcase time="0.00100000000000122" classname="character(0)" name="ard_stats_wilcox_test_works"/>
    <testcase time="0.00100000000000122" classname="character(0)" name="ard_stats_wilcox_test_works"/>
  </testsuite>
  <testsuite name="ard_stats_wilcox_test" timestamp="2025-10-08T14:17:28Z" hostname="0d1ef0e902da" tests="3" skipped="0" failures="0" errors="0" time="0.006">
    <testcase time="0.00399999999999778" classname="character(0)" name="ard_stats_paired_wilcox_test_works"/>
    <testcase time="0.00100000000000122" classname="character(0)" name="ard_stats_paired_wilcox_test_works"/>
    <testcase time="0.00100000000000122" classname="character(0)" name="ard_stats_paired_wilcox_test_works"/>
  </testsuite>
  <testsuite name="ard_stats_wilcox_test" timestamp="2025-10-08T14:17:28Z" hostname="0d1ef0e902da" tests="1" skipped="0" failures="0" errors="0" time="0.003">
    <testcase time="0.00300000000000011" classname="character(0)" name="ard_stats_wilcox_test_follows_ard_structure"/>
  </testsuite>
  <testsuite name="ard_stats_wilcox_test_onesample" timestamp="2025-10-08T14:17:28Z" hostname="0d1ef0e902da" tests="5" skipped="0" failures="0" errors="0" time="0.226">
    <testcase time="0.222999999999999" classname="character(0)" name="ard_stats_wilcox_test_onesample_works"/>
    <testcase time="0.000999999999997669" classname="character(0)" name="ard_stats_wilcox_test_onesample_works"/>
    <testcase time="0.00100000000000122" classname="character(0)" name="ard_stats_wilcox_test_onesample_works"/>
    <testcase time="0" classname="character(0)" name="ard_stats_wilcox_test_onesample_works"/>
    <testcase time="0.00100000000000122" classname="character(0)" name="ard_stats_wilcox_test_onesample_works"/>
  </testsuite>
  <testsuite name="ard_stats_wilcox_test_onesample" timestamp="2025-10-08T14:17:28Z" hostname="0d1ef0e902da" tests="1" skipped="0" failures="0" errors="0" time="0.002">
    <testcase time="0.00199999999999889" classname="character(0)" name="ard_stats_wilcox_test_onesample_follows_ard_structure"/>
  </testsuite>
  <testsuite name="ard_survey_svychisq" timestamp="2025-10-08T14:17:29Z" hostname="0d1ef0e902da" tests="5" skipped="0" failures="0" errors="0" time="0.574">
    <testcase time="0.571999999999999" classname="character(0)" name="ard_survey_svychisq_works"/>
    <testcase time="0" classname="character(0)" name="ard_survey_svychisq_works"/>
    <testcase time="0.00100000000000122" classname="character(0)" name="ard_survey_svychisq_works"/>
    <testcase time="0.00100000000000122" classname="character(0)" name="ard_survey_svychisq_works"/>
    <testcase time="0" classname="character(0)" name="ard_survey_svychisq_works"/>
  </testsuite>
  <testsuite name="ard_survey_svychisq" timestamp="2025-10-08T14:17:29Z" hostname="0d1ef0e902da" tests="1" skipped="0" failures="0" errors="0" time="0.005">
    <testcase time="0.00499999999999901" classname="character(0)" name="ard_survey_svychisq_follows_ard_structure"/>
  </testsuite>
  <testsuite name="ard_survey_svyranktest" timestamp="2025-10-08T14:17:29Z" hostname="0d1ef0e902da" tests="4" skipped="0" failures="0" errors="0" time="0.613">
    <testcase time="0.611000000000001" classname="character(0)" name="ard_survey_svyranktest_works"/>
    <testcase time="0.000999999999997669" classname="character(0)" name="ard_survey_svyranktest_works"/>
    <testcase time="0" classname="character(0)" name="ard_survey_svyranktest_works"/>
    <testcase time="0.00100000000000122" classname="character(0)" name="ard_survey_svyranktest_works"/>
  </testsuite>
  <testsuite name="ard_survey_svyranktest" timestamp="2025-10-08T14:17:29Z" hostname="0d1ef0e902da" tests="1" skipped="0" failures="0" errors="0" time="0.002">
    <testcase time="0.00199999999999889" classname="character(0)" name="exact_values_match_for_ard_svyranktest_works"/>
  </testsuite>
  <testsuite name="ard_survey_svyranktest" timestamp="2025-10-08T14:17:29Z" hostname="0d1ef0e902da" tests="1" skipped="0" failures="0" errors="0" time="0.002">
    <testcase time="0.00200000000000244" classname="character(0)" name="ard_survey_svyranktest_follows_ard_structure"/>
  </testsuite>
  <testsuite name="ard_survey_svyttest" timestamp="2025-10-08T14:17:30Z" hostname="0d1ef0e902da" tests="4" skipped="0" failures="0" errors="0" time="0.473">
    <testcase time="0.471" classname="character(0)" name="ard_survey_svyttest_works"/>
    <testcase time="0.000999999999997669" classname="character(0)" name="ard_survey_svyttest_works"/>
    <testcase time="0.00100000000000122" classname="character(0)" name="ard_survey_svyttest_works"/>
    <testcase time="0" classname="character(0)" name="ard_survey_svyttest_works"/>
  </testsuite>
  <testsuite name="ard_survey_svyttest" timestamp="2025-10-08T14:17:30Z" hostname="0d1ef0e902da" tests="2" skipped="0" failures="0" errors="0" time="0.003">
    <testcase time="0.00199999999999889" classname="character(0)" name="ard_survey_svyttest_messaging"/>
    <testcase time="0.00100000000000122" classname="character(0)" name="ard_survey_svyttest_messaging"/>
  </testsuite>
  <testsuite name="ard_survey_svyttest" timestamp="2025-10-08T14:17:30Z" hostname="0d1ef0e902da" tests="1" skipped="0" failures="0" errors="0" time="0.002">
    <testcase time="0.00199999999999889" classname="character(0)" name="ard_survey_svyttest_follows_ard_structure"/>
  </testsuite>
  <testsuite name="ard_survival_survdiff" timestamp="2025-10-08T14:17:30Z" hostname="0d1ef0e902da" tests="6" skipped="0" failures="0" errors="0" time="0.267">
    <testcase time="0.263999999999999" classname="character(0)" name="ard_survival_survdiff_works"/>
    <testcase time="0.00100000000000122" classname="character(0)" name="ard_survival_survdiff_works"/>
    <testcase time="0" classname="character(0)" name="ard_survival_survdiff_works"/>
    <testcase time="0.00100000000000122" classname="character(0)" name="ard_survival_survdiff_works"/>
    <testcase time="0" classname="character(0)" name="ard_survival_survdiff_works"/>
    <testcase time="0.000999999999997669" classname="character(0)" name="ard_survival_survdiff_works"/>
  </testsuite>
  <testsuite name="ard_survival_survdiff" timestamp="2025-10-08T14:17:30Z" hostname="0d1ef0e902da" tests="4" skipped="0" failures="0" errors="0" time="0.003">
    <testcase time="0.00200000000000244" classname="character(0)" name="ard_survival_survdiff_error_messaging"/>
    <testcase time="0" classname="character(0)" name="ard_survival_survdiff_error_messaging"/>
    <testcase time="0.000999999999997669" classname="character(0)" name="ard_survival_survdiff_error_messaging"/>
    <testcase time="0" classname="character(0)" name="ard_survival_survdiff_error_messaging"/>
  </testsuite>
  <testsuite name="ard_survival_survdiff" timestamp="2025-10-08T14:17:30Z" hostname="0d1ef0e902da" tests="1" skipped="0" failures="0" errors="0" time="0.001">
    <testcase time="0.00100000000000122" classname="character(0)" name="ard_survival_survdiff_follows_ard_structure"/>
  </testsuite>
  <testsuite name="ard_survival_survfit" timestamp="2025-10-08T14:17:34Z" hostname="0d1ef0e902da" tests="1" skipped="0" failures="0" errors="0" time="3.542">
    <testcase time="3.542" classname="character(0)" name="ard_survival_survfit_works_with_times_provided"/>
  </testsuite>
  <testsuite name="ard_survival_survfit" timestamp="2025-10-08T14:17:34Z" hostname="0d1ef0e902da" tests="1" skipped="0" failures="0" errors="0" time="0.002">
    <testcase time="0.00200000000000244" classname="character(0)" name="ard_survival_survfit_works_with_different_type"/>
  </testsuite>
  <testsuite name="ard_survival_survfit" timestamp="2025-10-08T14:17:34Z" hostname="0d1ef0e902da" tests="1" skipped="0" failures="0" errors="0" time="0.002">
    <testcase time="0.00199999999999889" classname="character(0)" name="ard_survival_survfit_works_with_probs_provided"/>
  </testsuite>
  <testsuite name="ard_survival_survfit" timestamp="2025-10-08T14:17:34Z" hostname="0d1ef0e902da" tests="2" skipped="0" failures="0" errors="0" time="0.006">
    <testcase time="0.00499999999999901" classname="character(0)" name="ard_survival_survfit_works_with_unstratified_model"/>
    <testcase time="0.00100000000000122" classname="character(0)" name="ard_survival_survfit_works_with_unstratified_model"/>
  </testsuite>
  <testsuite name="ard_survival_survfit" timestamp="2025-10-08T14:17:34Z" hostname="0d1ef0e902da" tests="2" skipped="0" failures="0" errors="0" time="0.003">
    <testcase time="0.00199999999999889" classname="character(0)" name="ard_survival_survfit_works_with_multiple_stratification_variables"/>
    <testcase time="0.00100000000000122" classname="character(0)" name="ard_survival_survfit_works_with_multiple_stratification_variables"/>
  </testsuite>
  <testsuite name="ard_survival_survfit" timestamp="2025-10-08T14:17:34Z" hostname="0d1ef0e902da" tests="2" skipped="0" failures="0" errors="0" time="0.002">
    <testcase time="0.00199999999999889" classname="character(0)" name="ard_survival_survfit_works_with_competing_risks"/>
    <testcase time="0" classname="character(0)" name="ard_survival_survfit_works_with_competing_risks"/>
  </testsuite>
  <testsuite name="ard_survival_survfit" timestamp="2025-10-08T14:17:34Z" hostname="0d1ef0e902da" tests="8" skipped="0" failures="0" errors="0" time="0.006">
    <testcase time="0.00199999999999889" classname="character(0)" name="ard_survival_survfit_errors_are_properly_handled"/>
    <testcase time="0.00100000000000122" classname="character(0)" name="ard_survival_survfit_errors_are_properly_handled"/>
    <testcase time="0" classname="character(0)" name="ard_survival_survfit_errors_are_properly_handled"/>
    <testcase time="0.00100000000000122" classname="character(0)" name="ard_survival_survfit_errors_are_properly_handled"/>
    <testcase time="0" classname="character(0)" name="ard_survival_survfit_errors_are_properly_handled"/>
    <testcase time="0.000999999999997669" classname="character(0)" name="ard_survival_survfit_errors_are_properly_handled"/>
    <testcase time="0.00100000000000122" classname="character(0)" name="ard_survival_survfit_errors_are_properly_handled"/>
    <testcase time="0" classname="character(0)" name="ard_survival_survfit_errors_are_properly_handled"/>
  </testsuite>
  <testsuite name="ard_survival_survfit" timestamp="2025-10-08T14:17:34Z" hostname="0d1ef0e902da" tests="1" skipped="0" failures="0" errors="0" time="0.002">
    <testcase time="0.00199999999999889" classname="character(0)" name="ard_survival_survfit_works_with_non_syntactic_names"/>
  </testsuite>
  <testsuite name="ard_survival_survfit" timestamp="2025-10-08T14:17:34Z" hostname="0d1ef0e902da" tests="1" skipped="0" failures="0" errors="0" time="0.002">
    <testcase time="0.00200000000000244" classname="character(0)" name="ard_survival_survfit_errors_with_stratified_Cox_model"/>
  </testsuite>
  <testsuite name="ard_survival_survfit" timestamp="2025-10-08T14:17:34Z" hostname="0d1ef0e902da" tests="1" skipped="0" failures="0" errors="0" time="0.002">
    <testcase time="0.00199999999999889" classname="character(0)" name="ard_survival_survfit_works_with_in_strata_variable_level_labels"/>
  </testsuite>
  <testsuite name="ard_survival_survfit" timestamp="2025-10-08T14:17:34Z" hostname="0d1ef0e902da" tests="1" skipped="0" failures="0" errors="0" time="0.002">
    <testcase time="0.00199999999999889" classname="character(0)" name="ard_survival_survfit_follows_ard_structure"/>
  </testsuite>
  <testsuite name="ard_survival_survfit" timestamp="2025-10-08T14:17:34Z" hostname="0d1ef0e902da" tests="1" skipped="0" failures="0" errors="0" time="0.002">
    <testcase time="0.00200000000000244" classname="character(0)" name="ard_survival_survfit_extends_to_times_outside_range"/>
  </testsuite>
  <testsuite name="ard_survival_survfit" timestamp="2025-10-08T14:17:34Z" hostname="0d1ef0e902da" tests="5" skipped="0" failures="0" errors="0" time="0.004">
    <testcase time="0.00199999999999889" classname="character(0)" name="ard_survival_survfit.data.frame_works_as_expected"/>
    <testcase time="0" classname="character(0)" name="ard_survival_survfit.data.frame_works_as_expected"/>
    <testcase time="0.00100000000000122" classname="character(0)" name="ard_survival_survfit.data.frame_works_as_expected"/>
    <testcase time="0.000999999999997669" classname="character(0)" name="ard_survival_survfit.data.frame_works_as_expected"/>
    <testcase time="0" classname="character(0)" name="ard_survival_survfit.data.frame_works_as_expected"/>
  </testsuite>
  <testsuite name="ard_survival_survfit" timestamp="2025-10-08T14:17:34Z" hostname="0d1ef0e902da" tests="1" skipped="0" failures="0" errors="0" time="0.002">
    <testcase time="0.00200000000000244" classname="character(0)" name="ard_survival_survfit.data.frame_variables_NULL_for_unstratified_model"/>
  </testsuite>
  <testsuite name="ard_survival_survfit_diff" timestamp="2025-10-08T14:17:34Z" hostname="0d1ef0e902da" tests="4" skipped="0" failures="0" errors="0" time="0.908">
    <testcase time="0.905999999999999" classname="character(0)" name="ard_survival_survfit_diff_works"/>
    <testcase time="0.00100000000000122" classname="character(0)" name="ard_survival_survfit_diff_works"/>
    <testcase time="0" classname="character(0)" name="ard_survival_survfit_diff_works"/>
    <testcase time="0.000999999999997669" classname="character(0)" name="ard_survival_survfit_diff_works"/>
  </testsuite>
  <testsuite name="ard_survival_survfit_diff" timestamp="2025-10-08T14:17:34Z" hostname="0d1ef0e902da" tests="3" skipped="0" failures="0" errors="0" time="0.003">
    <testcase time="0.00200000000000244" classname="character(0)" name="ard_survival_survfit_diff_messaging"/>
    <testcase time="0.000999999999997669" classname="character(0)" name="ard_survival_survfit_diff_messaging"/>
    <testcase time="0" classname="character(0)" name="ard_survival_survfit_diff_messaging"/>
  </testsuite>
  <testsuite name="ard_survival_survfit_diff" timestamp="2025-10-08T14:17:34Z" hostname="0d1ef0e902da" tests="1" skipped="0" failures="0" errors="0" time="0.002">
    <testcase time="0.00199999999999889" classname="character(0)" name="ard_survival_survfit_diff_follows_ard_structure"/>
  </testsuite>
  <testsuite name="ard_tabulate.survey.design" timestamp="2025-10-08T14:17:58Z" hostname="0d1ef0e902da" tests="54" skipped="0" failures="0" errors="0" time="23.494">
    <testcase time="23.458" classname="character(0)" name="ard_tabulate.survey.design_works"/>
    <testcase time="0" classname="character(0)" name="ard_tabulate.survey.design_works"/>
    <testcase time="0.000999999999997669" classname="character(0)" name="ard_tabulate.survey.design_works"/>
    <testcase time="0.00100000000000477" classname="character(0)" name="ard_tabulate.survey.design_works"/>
    <testcase time="0" classname="character(0)" name="ard_tabulate.survey.design_works"/>
    <testcase time="0.00300000000000011" classname="character(0)" name="ard_tabulate.survey.design_works"/>
    <testcase time="0.000999999999997669" classname="character(0)" name="ard_tabulate.survey.design_works"/>
    <testcase time="0.000999999999997669" classname="character(0)" name="ard_tabulate.survey.design_works"/>
    <testcase time="0" classname="character(0)" name="ard_tabulate.survey.design_works"/>
    <testcase time="0.00100000000000477" classname="character(0)" name="ard_tabulate.survey.design_works"/>
    <testcase time="0.000999999999997669" classname="character(0)" name="ard_tabulate.survey.design_works"/>
    <testcase time="0" classname="character(0)" name="ard_tabulate.survey.design_works"/>
    <testcase time="0.000999999999997669" classname="character(0)" name="ard_tabulate.survey.design_works"/>
    <testcase time="0" classname="character(0)" name="ard_tabulate.survey.design_works"/>
    <testcase time="0.00100000000000477" classname="character(0)" name="ard_tabulate.survey.design_works"/>
    <testcase time="0" classname="character(0)" name="ard_tabulate.survey.design_works"/>
    <testcase time="0.000999999999997669" classname="character(0)" name="ard_tabulate.survey.design_works"/>
    <testcase time="0.000999999999997669" classname="character(0)" name="ard_tabulate.survey.design_works"/>
    <testcase time="0" classname="character(0)" name="ard_tabulate.survey.design_works"/>
    <testcase time="0.00100000000000477" classname="character(0)" name="ard_tabulate.survey.design_works"/>
    <testcase time="0.000999999999997669" classname="character(0)" name="ard_tabulate.survey.design_works"/>
    <testcase time="0" classname="character(0)" name="ard_tabulate.survey.design_works"/>
    <testcase time="0.000999999999997669" classname="character(0)" name="ard_tabulate.survey.design_works"/>
    <testcase time="0.00100000000000477" classname="character(0)" name="ard_tabulate.survey.design_works"/>
    <testcase time="0" classname="character(0)" name="ard_tabulate.survey.design_works"/>
    <testcase time="0.000999999999997669" classname="character(0)" name="ard_tabulate.survey.design_works"/>
    <testcase time="0" classname="character(0)" name="ard_tabulate.survey.design_works"/>
    <testcase time="0" classname="character(0)" name="ard_tabulate.survey.design_works"/>
    <testcase time="0.00100000000000477" classname="character(0)" name="ard_tabulate.survey.design_works"/>
    <testcase time="0" classname="character(0)" name="ard_tabulate.survey.design_works"/>
    <testcase time="0.000999999999997669" classname="character(0)" name="ard_tabulate.survey.design_works"/>
    <testcase time="0.000999999999997669" classname="character(0)" name="ard_tabulate.survey.design_works"/>
    <testcase time="0" classname="character(0)" name="ard_tabulate.survey.design_works"/>
    <testcase time="0.00100000000000477" classname="character(0)" name="ard_tabulate.survey.design_works"/>
    <testcase time="0.000999999999997669" classname="character(0)" name="ard_tabulate.survey.design_works"/>
    <testcase time="0" classname="character(0)" name="ard_tabulate.survey.design_works"/>
    <testcase time="0.000999999999997669" classname="character(0)" name="ard_tabulate.survey.design_works"/>
    <testcase time="0.00100000000000477" classname="character(0)" name="ard_tabulate.survey.design_works"/>
    <testcase time="0" classname="character(0)" name="ard_tabulate.survey.design_works"/>
    <testcase time="0.000999999999997669" classname="character(0)" name="ard_tabulate.survey.design_works"/>
    <testcase time="0.000999999999997669" classname="character(0)" name="ard_tabulate.survey.design_works"/>
    <testcase time="0" classname="character(0)" name="ard_tabulate.survey.design_works"/>
    <testcase time="0.00100000000000477" classname="character(0)" name="ard_tabulate.survey.design_works"/>
    <testcase time="0.000999999999997669" classname="character(0)" name="ard_tabulate.survey.design_works"/>
    <testcase time="0.000999999999997669" classname="character(0)" name="ard_tabulate.survey.design_works"/>
    <testcase time="0" classname="character(0)" name="ard_tabulate.survey.design_works"/>
    <testcase time="0.00100000000000477" classname="character(0)" name="ard_tabulate.survey.design_works"/>
    <testcase time="0.000999999999997669" classname="character(0)" name="ard_tabulate.survey.design_works"/>
    <testcase time="0" classname="character(0)" name="ard_tabulate.survey.design_works"/>
    <testcase time="0.000999999999997669" classname="character(0)" name="ard_tabulate.survey.design_works"/>
    <testcase time="0.00100000000000477" classname="character(0)" name="ard_tabulate.survey.design_works"/>
    <testcase time="0" classname="character(0)" name="ard_tabulate.survey.design_works"/>
    <testcase time="0.000999999999997669" classname="character(0)" name="ard_tabulate.survey.design_works"/>
    <testcase time="0.000999999999997669" classname="character(0)" name="ard_tabulate.survey.design_works"/>
  </testsuite>
  <testsuite name="ard_tabulate.survey.design" timestamp="2025-10-08T14:17:58Z" hostname="0d1ef0e902da" tests="3" skipped="0" failures="0" errors="0" time="0.003">
    <testcase time="0.00200000000000244" classname="character(0)" name="ard_tabulate.survey.design_returns_an_error_when_variables_have_all_NAs"/>
    <testcase time="0.000999999999997669" classname="character(0)" name="ard_tabulate.survey.design_returns_an_error_when_variables_have_all_NAs"/>
    <testcase time="0" classname="character(0)" name="ard_tabulate.survey.design_returns_an_error_when_variables_have_all_NAs"/>
  </testsuite>
  <testsuite name="ard_tabulate.survey.design" timestamp="2025-10-08T14:17:58Z" hostname="0d1ef0e902da" tests="39" skipped="0" failures="0" errors="0" time="0.029">
    <testcase time="0.00300000000000011" classname="character(0)" name="ard_tabulate.survey.design_works_for_unobserved_factor_levels"/>
    <testcase time="0" classname="character(0)" name="ard_tabulate.survey.design_works_for_unobserved_factor_levels"/>
    <testcase time="0.000999999999997669" classname="character(0)" name="ard_tabulate.survey.design_works_for_unobserved_factor_levels"/>
    <testcase time="0" classname="character(0)" name="ard_tabulate.survey.design_works_for_unobserved_factor_levels"/>
    <testcase time="0.00100000000000477" classname="character(0)" name="ard_tabulate.survey.design_works_for_unobserved_factor_levels"/>
    <testcase time="0" classname="character(0)" name="ard_tabulate.survey.design_works_for_unobserved_factor_levels"/>
    <testcase time="0.000999999999997669" classname="character(0)" name="ard_tabulate.survey.design_works_for_unobserved_factor_levels"/>
    <testcase time="0.000999999999997669" classname="character(0)" name="ard_tabulate.survey.design_works_for_unobserved_factor_levels"/>
    <testcase time="0" classname="character(0)" name="ard_tabulate.survey.design_works_for_unobserved_factor_levels"/>
    <testcase time="0.00100000000000477" classname="character(0)" name="ard_tabulate.survey.design_works_for_unobserved_factor_levels"/>
    <testcase time="0" classname="character(0)" name="ard_tabulate.survey.design_works_for_unobserved_factor_levels"/>
    <testcase time="0.000999999999997669" classname="character(0)" name="ard_tabulate.survey.design_works_for_unobserved_factor_levels"/>
    <testcase time="0.000999999999997669" classname="character(0)" name="ard_tabulate.survey.design_works_for_unobserved_factor_levels"/>
    <testcase time="0" classname="character(0)" name="ard_tabulate.survey.design_works_for_unobserved_factor_levels"/>
    <testcase time="0.00100000000000477" classname="character(0)" name="ard_tabulate.survey.design_works_for_unobserved_factor_levels"/>
    <testcase time="0" classname="character(0)" name="ard_tabulate.survey.design_works_for_unobserved_factor_levels"/>
    <testcase time="0.000999999999997669" classname="character(0)" name="ard_tabulate.survey.design_works_for_unobserved_factor_levels"/>
    <testcase time="0" classname="character(0)" name="ard_tabulate.survey.design_works_for_unobserved_factor_levels"/>
    <testcase time="0.000999999999997669" classname="character(0)" name="ard_tabulate.survey.design_works_for_unobserved_factor_levels"/>
    <testcase time="0.00100000000000477" classname="character(0)" name="ard_tabulate.survey.design_works_for_unobserved_factor_levels"/>
    <testcase time="0" classname="character(0)" name="ard_tabulate.survey.design_works_for_unobserved_factor_levels"/>
    <testcase time="0.000999999999997669" classname="character(0)" name="ard_tabulate.survey.design_works_for_unobserved_factor_levels"/>
    <testcase time="0" classname="character(0)" name="ard_tabulate.survey.design_works_for_unobserved_factor_levels"/>
    <testcase time="0.000999999999997669" classname="character(0)" name="ard_tabulate.survey.design_works_for_unobserved_factor_levels"/>
    <testcase time="0.00100000000000477" classname="character(0)" name="ard_tabulate.survey.design_works_for_unobserved_factor_levels"/>
    <testcase time="0" classname="character(0)" name="ard_tabulate.survey.design_works_for_unobserved_factor_levels"/>
    <testcase time="0.000999999999997669" classname="character(0)" name="ard_tabulate.survey.design_works_for_unobserved_factor_levels"/>
    <testcase time="0.00300000000000011" classname="character(0)" name="ard_tabulate.survey.design_works_for_unobserved_factor_levels"/>
    <testcase time="0.000999999999997669" classname="character(0)" name="ard_tabulate.survey.design_works_for_unobserved_factor_levels"/>
    <testcase time="0.00100000000000477" classname="character(0)" name="ard_tabulate.survey.design_works_for_unobserved_factor_levels"/>
    <testcase time="0" classname="character(0)" name="ard_tabulate.survey.design_works_for_unobserved_factor_levels"/>
    <testcase time="0.000999999999997669" classname="character(0)" name="ard_tabulate.survey.design_works_for_unobserved_factor_levels"/>
    <testcase time="0.000999999999997669" classname="character(0)" name="ard_tabulate.survey.design_works_for_unobserved_factor_levels"/>
    <testcase time="0" classname="character(0)" name="ard_tabulate.survey.design_works_for_unobserved_factor_levels"/>
    <testcase time="0.00100000000000477" classname="character(0)" name="ard_tabulate.survey.design_works_for_unobserved_factor_levels"/>
    <testcase time="0.000999999999997669" classname="character(0)" name="ard_tabulate.survey.design_works_for_unobserved_factor_levels"/>
    <testcase time="0" classname="character(0)" name="ard_tabulate.survey.design_works_for_unobserved_factor_levels"/>
    <testcase time="0.000999999999997669" classname="character(0)" name="ard_tabulate.survey.design_works_for_unobserved_factor_levels"/>
    <testcase time="0.00100000000000477" classname="character(0)" name="ard_tabulate.survey.design_works_for_unobserved_factor_levels"/>
  </testsuite>
  <testsuite name="ard_tabulate.survey.design" timestamp="2025-10-08T14:17:58Z" hostname="0d1ef0e902da" tests="39" skipped="0" failures="0" errors="0" time="0.024">
    <testcase time="0.00199999999999534" classname="character(0)" name="ard_tabulate.survey.design_works_for_unobserved_logical_levels"/>
    <testcase time="0.00100000000000477" classname="character(0)" name="ard_tabulate.survey.design_works_for_unobserved_logical_levels"/>
    <testcase time="0" classname="character(0)" name="ard_tabulate.survey.design_works_for_unobserved_logical_levels"/>
    <testcase time="0.000999999999997669" classname="character(0)" name="ard_tabulate.survey.design_works_for_unobserved_logical_levels"/>
    <testcase time="0" classname="character(0)" name="ard_tabulate.survey.design_works_for_unobserved_logical_levels"/>
    <testcase time="0.000999999999997669" classname="character(0)" name="ard_tabulate.survey.design_works_for_unobserved_logical_levels"/>
    <testcase time="0" classname="character(0)" name="ard_tabulate.survey.design_works_for_unobserved_logical_levels"/>
    <testcase time="0.00100000000000477" classname="character(0)" name="ard_tabulate.survey.design_works_for_unobserved_logical_levels"/>
    <testcase time="0.000999999999997669" classname="character(0)" name="ard_tabulate.survey.design_works_for_unobserved_logical_levels"/>
    <testcase time="0" classname="character(0)" name="ard_tabulate.survey.design_works_for_unobserved_logical_levels"/>
    <testcase time="0.000999999999997669" classname="character(0)" name="ard_tabulate.survey.design_works_for_unobserved_logical_levels"/>
    <testcase time="0" classname="character(0)" name="ard_tabulate.survey.design_works_for_unobserved_logical_levels"/>
    <testcase time="0.00100000000000477" classname="character(0)" name="ard_tabulate.survey.design_works_for_unobserved_logical_levels"/>
    <testcase time="0" classname="character(0)" name="ard_tabulate.survey.design_works_for_unobserved_logical_levels"/>
    <testcase time="0.000999999999997669" classname="character(0)" name="ard_tabulate.survey.design_works_for_unobserved_logical_levels"/>
    <testcase time="0" classname="character(0)" name="ard_tabulate.survey.design_works_for_unobserved_logical_levels"/>
    <testcase time="0" classname="character(0)" name="ard_tabulate.survey.design_works_for_unobserved_logical_levels"/>
    <testcase time="0.00100000000000477" classname="character(0)" name="ard_tabulate.survey.design_works_for_unobserved_logical_levels"/>
    <testcase time="0" classname="character(0)" name="ard_tabulate.survey.design_works_for_unobserved_logical_levels"/>
    <testcase time="0.000999999999997669" classname="character(0)" name="ard_tabulate.survey.design_works_for_unobserved_logical_levels"/>
    <testcase time="0.000999999999997669" classname="character(0)" name="ard_tabulate.survey.design_works_for_unobserved_logical_levels"/>
    <testcase time="0" classname="character(0)" name="ard_tabulate.survey.design_works_for_unobserved_logical_levels"/>
    <testcase time="0.00100000000000477" classname="character(0)" name="ard_tabulate.survey.design_works_for_unobserved_logical_levels"/>
    <testcase time="0" classname="character(0)" name="ard_tabulate.survey.design_works_for_unobserved_logical_levels"/>
    <testcase time="0.000999999999997669" classname="character(0)" name="ard_tabulate.survey.design_works_for_unobserved_logical_levels"/>
    <testcase time="0.000999999999997669" classname="character(0)" name="ard_tabulate.survey.design_works_for_unobserved_logical_levels"/>
    <testcase time="0" classname="character(0)" name="ard_tabulate.survey.design_works_for_unobserved_logical_levels"/>
    <testcase time="0.00100000000000477" classname="character(0)" name="ard_tabulate.survey.design_works_for_unobserved_logical_levels"/>
    <testcase time="0" classname="character(0)" name="ard_tabulate.survey.design_works_for_unobserved_logical_levels"/>
    <testcase time="0.000999999999997669" classname="character(0)" name="ard_tabulate.survey.design_works_for_unobserved_logical_levels"/>
    <testcase time="0.000999999999997669" classname="character(0)" name="ard_tabulate.survey.design_works_for_unobserved_logical_levels"/>
    <testcase time="0" classname="character(0)" name="ard_tabulate.survey.design_works_for_unobserved_logical_levels"/>
    <testcase time="0.00100000000000477" classname="character(0)" name="ard_tabulate.survey.design_works_for_unobserved_logical_levels"/>
    <testcase time="0.000999999999997669" classname="character(0)" name="ard_tabulate.survey.design_works_for_unobserved_logical_levels"/>
    <testcase time="0" classname="character(0)" name="ard_tabulate.survey.design_works_for_unobserved_logical_levels"/>
    <testcase time="0.000999999999997669" classname="character(0)" name="ard_tabulate.survey.design_works_for_unobserved_logical_levels"/>
    <testcase time="0.00100000000000477" classname="character(0)" name="ard_tabulate.survey.design_works_for_unobserved_logical_levels"/>
    <testcase time="0" classname="character(0)" name="ard_tabulate.survey.design_works_for_unobserved_logical_levels"/>
    <testcase time="0.000999999999997669" classname="character(0)" name="ard_tabulate.survey.design_works_for_unobserved_logical_levels"/>
  </testsuite>
  <testsuite name="ard_tabulate.survey.design" timestamp="2025-10-08T14:17:58Z" hostname="0d1ef0e902da" tests="18" skipped="0" failures="0" errors="0" time="0.012">
    <testcase time="0.00200000000000244" classname="character(0)" name="ard_tabulate.survey.design_works_with_variables_with_only_1_level"/>
    <testcase time="0.000999999999997669" classname="character(0)" name="ard_tabulate.survey.design_works_with_variables_with_only_1_level"/>
    <testcase time="0" classname="character(0)" name="ard_tabulate.survey.design_works_with_variables_with_only_1_level"/>
    <testcase time="0.000999999999997669" classname="character(0)" name="ard_tabulate.survey.design_works_with_variables_with_only_1_level"/>
    <testcase time="0.00100000000000477" classname="character(0)" name="ard_tabulate.survey.design_works_with_variables_with_only_1_level"/>
    <testcase time="0" classname="character(0)" name="ard_tabulate.survey.design_works_with_variables_with_only_1_level"/>
    <testcase time="0.000999999999997669" classname="character(0)" name="ard_tabulate.survey.design_works_with_variables_with_only_1_level"/>
    <testcase time="0" classname="character(0)" name="ard_tabulate.survey.design_works_with_variables_with_only_1_level"/>
    <testcase time="0.000999999999997669" classname="character(0)" name="ard_tabulate.survey.design_works_with_variables_with_only_1_level"/>
    <testcase time="0" classname="character(0)" name="ard_tabulate.survey.design_works_with_variables_with_only_1_level"/>
    <testcase time="0.000999999999997669" classname="character(0)" name="ard_tabulate.survey.design_works_with_variables_with_only_1_level"/>
    <testcase time="0" classname="character(0)" name="ard_tabulate.survey.design_works_with_variables_with_only_1_level"/>
    <testcase time="0.00100000000000477" classname="character(0)" name="ard_tabulate.survey.design_works_with_variables_with_only_1_level"/>
    <testcase time="0.000999999999997669" classname="character(0)" name="ard_tabulate.survey.design_works_with_variables_with_only_1_level"/>
    <testcase time="0" classname="character(0)" name="ard_tabulate.survey.design_works_with_variables_with_only_1_level"/>
    <testcase time="0.000999999999997669" classname="character(0)" name="ard_tabulate.survey.design_works_with_variables_with_only_1_level"/>
    <testcase time="0" classname="character(0)" name="ard_tabulate.survey.design_works_with_variables_with_only_1_level"/>
    <testcase time="0.00100000000000477" classname="character(0)" name="ard_tabulate.survey.design_works_with_variables_with_only_1_level"/>
  </testsuite>
  <testsuite name="ard_tabulate.survey.design" timestamp="2025-10-08T14:17:58Z" hostname="0d1ef0e902da" tests="4" skipped="0" failures="0" errors="0" time="0.004">
    <testcase time="0.00199999999999534" classname="character(0)" name="ard_tabulate.survey.design_by_messages_about_protected_names"/>
    <testcase time="0.00100000000000477" classname="character(0)" name="ard_tabulate.survey.design_by_messages_about_protected_names"/>
    <testcase time="0" classname="character(0)" name="ard_tabulate.survey.design_by_messages_about_protected_names"/>
    <testcase time="0.000999999999997669" classname="character(0)" name="ard_tabulate.survey.design_by_messages_about_protected_names"/>
  </testsuite>
  <testsuite name="ard_tabulate.survey.design" timestamp="2025-10-08T14:17:58Z" hostname="0d1ef0e902da" tests="10" skipped="0" failures="0" errors="0" time="0.01">
    <testcase time="0.00200000000000244" classname="character(0)" name="ard_tabulate.survey.design_works_when_using_generic_names_"/>
    <testcase time="0" classname="character(0)" name="ard_tabulate.survey.design_works_when_using_generic_names_"/>
    <testcase time="0.000999999999997669" classname="character(0)" name="ard_tabulate.survey.design_works_when_using_generic_names_"/>
    <testcase time="0" classname="character(0)" name="ard_tabulate.survey.design_works_when_using_generic_names_"/>
    <testcase time="0.000999999999997669" classname="character(0)" name="ard_tabulate.survey.design_works_when_using_generic_names_"/>
    <testcase time="0.00300000000000011" classname="character(0)" name="ard_tabulate.survey.design_works_when_using_generic_names_"/>
    <testcase time="0.00100000000000477" classname="character(0)" name="ard_tabulate.survey.design_works_when_using_generic_names_"/>
    <testcase time="0" classname="character(0)" name="ard_tabulate.survey.design_works_when_using_generic_names_"/>
    <testcase time="0.000999999999997669" classname="character(0)" name="ard_tabulate.survey.design_works_when_using_generic_names_"/>
    <testcase time="0.000999999999997669" classname="character(0)" name="ard_tabulate.survey.design_works_when_using_generic_names_"/>
  </testsuite>
  <testsuite name="ard_tabulate.survey.design" timestamp="2025-10-08T14:17:58Z" hostname="0d1ef0e902da" tests="1" skipped="0" failures="0" errors="0" time="0.002">
    <testcase time="0.00200000000000244" classname="character(0)" name="ard_tabulate.survey.design_statistic_properly_excluded_unweighted_stats_not_selected"/>
  </testsuite>
  <testsuite name="ard_tabulate.survey.design" timestamp="2025-10-08T14:17:58Z" hostname="0d1ef0e902da" tests="1" skipped="0" failures="0" errors="0" time="0.002">
    <testcase time="0.00200000000000244" classname="character(0)" name="ard_tabulate_follows_ard_structure"/>
  </testsuite>
  <testsuite name="ard_tabulate.survey.design" timestamp="2025-10-08T14:17:58Z" hostname="0d1ef0e902da" tests="6" skipped="0" failures="0" errors="0" time="0.004">
    <testcase time="0.00199999999999534" classname="character(0)" name="ard_tabulate.survey.design_original_types_are_retained"/>
    <testcase time="0" classname="character(0)" name="ard_tabulate.survey.design_original_types_are_retained"/>
    <testcase time="0.00100000000000477" classname="character(0)" name="ard_tabulate.survey.design_original_types_are_retained"/>
    <testcase time="0" classname="character(0)" name="ard_tabulate.survey.design_original_types_are_retained"/>
    <testcase time="0.000999999999997669" classname="character(0)" name="ard_tabulate.survey.design_original_types_are_retained"/>
    <testcase time="0" classname="character(0)" name="ard_tabulate.survey.design_original_types_are_retained"/>
  </testsuite>
  <testsuite name="ard_tabulate.survey.design" timestamp="2025-10-08T14:17:58Z" hostname="0d1ef0e902da" tests="3" skipped="0" failures="0" errors="0" time="0.004">
    <testcase time="0.00200000000000244" classname="character(0)" name="ard_tabulate.survey.design_works_with_all_NA_fct_variables"/>
    <testcase time="0.000999999999997669" classname="character(0)" name="ard_tabulate.survey.design_works_with_all_NA_fct_variables"/>
    <testcase time="0.000999999999997669" classname="character(0)" name="ard_tabulate.survey.design_works_with_all_NA_fct_variables"/>
  </testsuite>
  <testsuite name="ard_tabulate.survey.design" timestamp="2025-10-08T14:17:58Z" hostname="0d1ef0e902da" tests="1" skipped="0" failures="0" errors="0" time="0.002">
    <testcase time="0.00200000000000244" classname="character(0)" name="ard_tabulate.survey.design_messaging_with_all_NA_lgl_variables"/>
  </testsuite>
  <testsuite name="ard_tabulate_abnormal" timestamp="2025-10-08T14:17:59Z" hostname="0d1ef0e902da" tests="6" skipped="0" failures="0" errors="0" time="1.114">
    <testcase time="1.111" classname="character(0)" name="ard_tabulate_abnormal_works"/>
    <testcase time="0" classname="character(0)" name="ard_tabulate_abnormal_works"/>
    <testcase time="0.00100000000000477" classname="character(0)" name="ard_tabulate_abnormal_works"/>
    <testcase time="0.000999999999997669" classname="character(0)" name="ard_tabulate_abnormal_works"/>
    <testcase time="0" classname="character(0)" name="ard_tabulate_abnormal_works"/>
    <testcase time="0.000999999999997669" classname="character(0)" name="ard_tabulate_abnormal_works"/>
  </testsuite>
  <testsuite name="ard_tabulate_abnormal" timestamp="2025-10-08T14:17:59Z" hostname="0d1ef0e902da" tests="2" skipped="0" failures="0" errors="0" time="0.002">
    <testcase time="0.00200000000000244" classname="character(0)" name="ard_tabulate_abnormal_errors_are_handled_correctly"/>
    <testcase time="0" classname="character(0)" name="ard_tabulate_abnormal_errors_are_handled_correctly"/>
  </testsuite>
  <testsuite name="ard_tabulate_max" timestamp="2025-10-08T14:18:02Z" hostname="0d1ef0e902da" tests="8" skipped="0" failures="0" errors="0" time="3.294">
    <testcase time="3.29" classname="character(0)" name="ard_tabulate_max_works_with_default_settings"/>
    <testcase time="0.000999999999997669" classname="character(0)" name="ard_tabulate_max_works_with_default_settings"/>
    <testcase time="0" classname="character(0)" name="ard_tabulate_max_works_with_default_settings"/>
    <testcase time="0.00100000000000477" classname="character(0)" name="ard_tabulate_max_works_with_default_settings"/>
    <testcase time="0.000999999999997669" classname="character(0)" name="ard_tabulate_max_works_with_default_settings"/>
    <testcase time="0" classname="character(0)" name="ard_tabulate_max_works_with_default_settings"/>
    <testcase time="0.000999999999997669" classname="character(0)" name="ard_tabulate_max_works_with_default_settings"/>
    <testcase time="0" classname="character(0)" name="ard_tabulate_max_works_with_default_settings"/>
  </testsuite>
  <testsuite name="ard_tabulate_max" timestamp="2025-10-08T14:18:02Z" hostname="0d1ef0e902da" tests="1" skipped="0" failures="0" errors="0" time="0.003">
    <testcase time="0.00300000000000011" classname="character(0)" name="ard_tabulate_max_statistic_works"/>
  </testsuite>
  <testsuite name="ard_tabulate_max" timestamp="2025-10-08T14:18:02Z" hostname="0d1ef0e902da" tests="2" skipped="0" failures="0" errors="0" time="0.002">
    <testcase time="0.00200000000000244" classname="character(0)" name="ard_tabulate_max_denominator_works"/>
    <testcase time="0" classname="character(0)" name="ard_tabulate_max_denominator_works"/>
  </testsuite>
  <testsuite name="ard_tabulate_max" timestamp="2025-10-08T14:18:02Z" hostname="0d1ef0e902da" tests="1" skipped="0" failures="0" errors="0" time="0.002">
    <testcase time="0.00200000000000244" classname="character(0)" name="ard_tabulate_max_quiet_works"/>
  </testsuite>
  <testsuite name="ard_tabulate_max" timestamp="2025-10-08T14:18:02Z" hostname="0d1ef0e902da" tests="13" skipped="0" failures="0" errors="0" time="0.009">
    <testcase time="0.00199999999999534" classname="character(0)" name="ard_tabulate_max_works_with_pre_ordered_factor_variables"/>
    <testcase time="0.00100000000000477" classname="character(0)" name="ard_tabulate_max_works_with_pre_ordered_factor_variables"/>
    <testcase time="0.000999999999997669" classname="character(0)" name="ard_tabulate_max_works_with_pre_ordered_factor_variables"/>
    <testcase time="0" classname="character(0)" name="ard_tabulate_max_works_with_pre_ordered_factor_variables"/>
    <testcase time="0.000999999999997669" classname="character(0)" name="ard_tabulate_max_works_with_pre_ordered_factor_variables"/>
    <testcase time="0" classname="character(0)" name="ard_tabulate_max_works_with_pre_ordered_factor_variables"/>
    <testcase time="0.00100000000000477" classname="character(0)" name="ard_tabulate_max_works_with_pre_ordered_factor_variables"/>
    <testcase time="0" classname="character(0)" name="ard_tabulate_max_works_with_pre_ordered_factor_variables"/>
    <testcase time="0.000999999999997669" classname="character(0)" name="ard_tabulate_max_works_with_pre_ordered_factor_variables"/>
    <testcase time="0" classname="character(0)" name="ard_tabulate_max_works_with_pre_ordered_factor_variables"/>
    <testcase time="0.000999999999997669" classname="character(0)" name="ard_tabulate_max_works_with_pre_ordered_factor_variables"/>
    <testcase time="0.00100000000000477" classname="character(0)" name="ard_tabulate_max_works_with_pre_ordered_factor_variables"/>
    <testcase time="0" classname="character(0)" name="ard_tabulate_max_works_with_pre_ordered_factor_variables"/>
  </testsuite>
  <testsuite name="ard_tabulate_max" timestamp="2025-10-08T14:18:02Z" hostname="0d1ef0e902da" tests="2" skipped="0" failures="0" errors="0" time="0.003">
    <testcase time="0.00199999999999534" classname="character(0)" name="ard_tabulate_max_errors_with_incomplete_factor_columns"/>
    <testcase time="0.00100000000000477" classname="character(0)" name="ard_tabulate_max_errors_with_incomplete_factor_columns"/>
  </testsuite>
  <testsuite name="ard_tabulate_max" timestamp="2025-10-08T14:18:02Z" hostname="0d1ef0e902da" tests="1" skipped="0" failures="0" errors="0" time="0.002">
    <testcase time="0.00199999999999534" classname="character(0)" name="ard_tabulate_max_works_without_any_variables"/>
  </testsuite>
  <testsuite name="ard_tabulate_max" timestamp="2025-10-08T14:18:02Z" hostname="0d1ef0e902da" tests="1" skipped="0" failures="0" errors="0" time="0.002">
    <testcase time="0.00200000000000244" classname="character(0)" name="ard_tabulate_max_follows_ard_structure"/>
  </testsuite>
  <testsuite name="ard_tabulate_max" timestamp="2025-10-08T14:18:02Z" hostname="0d1ef0e902da" tests="2" skipped="0" failures="0" errors="0" time="0.003">
    <testcase time="0.00200000000000244" classname="character(0)" name="ard_tabulate_max_strata_works"/>
    <testcase time="0.000999999999997669" classname="character(0)" name="ard_tabulate_max_strata_works"/>
  </testsuite>
  <testsuite name="ard_tabulate_value.survey.design" timestamp="2025-10-08T14:18:09Z" hostname="0d1ef0e902da" tests="36" skipped="0" failures="0" errors="0" time="6.747">
    <testcase time="6.726" classname="character(0)" name="ard_tabulate_value.survey.design_works"/>
    <testcase time="0" classname="character(0)" name="ard_tabulate_value.survey.design_works"/>
    <testcase time="0.000999999999997669" classname="character(0)" name="ard_tabulate_value.survey.design_works"/>
    <testcase time="0" classname="character(0)" name="ard_tabulate_value.survey.design_works"/>
    <testcase time="0.00100000000000477" classname="character(0)" name="ard_tabulate_value.survey.design_works"/>
    <testcase time="0.000999999999997669" classname="character(0)" name="ard_tabulate_value.survey.design_works"/>
    <testcase time="0" classname="character(0)" name="ard_tabulate_value.survey.design_works"/>
    <testcase time="0.000999999999997669" classname="character(0)" name="ard_tabulate_value.survey.design_works"/>
    <testcase time="0" classname="character(0)" name="ard_tabulate_value.survey.design_works"/>
    <testcase time="0.00100000000000477" classname="character(0)" name="ard_tabulate_value.survey.design_works"/>
    <testcase time="0" classname="character(0)" name="ard_tabulate_value.survey.design_works"/>
    <testcase time="0.000999999999997669" classname="character(0)" name="ard_tabulate_value.survey.design_works"/>
    <testcase time="0.000999999999997669" classname="character(0)" name="ard_tabulate_value.survey.design_works"/>
    <testcase time="0" classname="character(0)" name="ard_tabulate_value.survey.design_works"/>
    <testcase time="0.00100000000000477" classname="character(0)" name="ard_tabulate_value.survey.design_works"/>
    <testcase time="0" classname="character(0)" name="ard_tabulate_value.survey.design_works"/>
    <testcase time="0.000999999999997669" classname="character(0)" name="ard_tabulate_value.survey.design_works"/>
    <testcase time="0.000999999999997669" classname="character(0)" name="ard_tabulate_value.survey.design_works"/>
    <testcase time="0" classname="character(0)" name="ard_tabulate_value.survey.design_works"/>
    <testcase time="0.00100000000000477" classname="character(0)" name="ard_tabulate_value.survey.design_works"/>
    <testcase time="0.000999999999997669" classname="character(0)" name="ard_tabulate_value.survey.design_works"/>
    <testcase time="0" classname="character(0)" name="ard_tabulate_value.survey.design_works"/>
    <testcase time="0.000999999999997669" classname="character(0)" name="ard_tabulate_value.survey.design_works"/>
    <testcase time="0" classname="character(0)" name="ard_tabulate_value.survey.design_works"/>
    <testcase time="0.00100000000000477" classname="character(0)" name="ard_tabulate_value.survey.design_works"/>
    <testcase time="0.000999999999997669" classname="character(0)" name="ard_tabulate_value.survey.design_works"/>
    <testcase time="0" classname="character(0)" name="ard_tabulate_value.survey.design_works"/>
    <testcase time="0.000999999999997669" classname="character(0)" name="ard_tabulate_value.survey.design_works"/>
    <testcase time="0.00100000000000477" classname="character(0)" name="ard_tabulate_value.survey.design_works"/>
    <testcase time="0" classname="character(0)" name="ard_tabulate_value.survey.design_works"/>
    <testcase time="0.000999999999997669" classname="character(0)" name="ard_tabulate_value.survey.design_works"/>
    <testcase time="0.000999999999997669" classname="character(0)" name="ard_tabulate_value.survey.design_works"/>
    <testcase time="0" classname="character(0)" name="ard_tabulate_value.survey.design_works"/>
    <testcase time="0.00100000000000477" classname="character(0)" name="ard_tabulate_value.survey.design_works"/>
    <testcase time="0" classname="character(0)" name="ard_tabulate_value.survey.design_works"/>
    <testcase time="0.000999999999997669" classname="character(0)" name="ard_tabulate_value.survey.design_works"/>
  </testsuite>
  <testsuite name="ard_tabulate_value.survey.design" timestamp="2025-10-08T14:18:09Z" hostname="0d1ef0e902da" tests="12" skipped="0" failures="0" errors="0" time="0.011">
    <testcase time="0.00200000000000244" classname="character(0)" name="ard_dichotomous.survey.design_works_with_various_input_types"/>
    <testcase time="0.000999999999997669" classname="character(0)" name="ard_dichotomous.survey.design_works_with_various_input_types"/>
    <testcase time="0" classname="character(0)" name="ard_dichotomous.survey.design_works_with_various_input_types"/>
    <testcase time="0.000999999999997669" classname="character(0)" name="ard_dichotomous.survey.design_works_with_various_input_types"/>
    <testcase time="0.00100000000000477" classname="character(0)" name="ard_dichotomous.survey.design_works_with_various_input_types"/>
    <testcase time="0" classname="character(0)" name="ard_dichotomous.survey.design_works_with_various_input_types"/>
    <testcase time="0.000999999999997669" classname="character(0)" name="ard_dichotomous.survey.design_works_with_various_input_types"/>
    <testcase time="0.00300000000000011" classname="character(0)" name="ard_dichotomous.survey.design_works_with_various_input_types"/>
    <testcase time="0.000999999999997669" classname="character(0)" name="ard_dichotomous.survey.design_works_with_various_input_types"/>
    <testcase time="0" classname="character(0)" name="ard_dichotomous.survey.design_works_with_various_input_types"/>
    <testcase time="0.00100000000000477" classname="character(0)" name="ard_dichotomous.survey.design_works_with_various_input_types"/>
    <testcase time="0" classname="character(0)" name="ard_dichotomous.survey.design_works_with_various_input_types"/>
  </testsuite>
  <testsuite name="ard_tabulate_value.survey.design" timestamp="2025-10-08T14:18:09Z" hostname="0d1ef0e902da" tests="3" skipped="0" failures="0" errors="0" time="0.004">
    <testcase time="0.00300000000000011" classname="character(0)" name="ard_tabulate_value.survey.design_returns_an_error_with_erroneous_input"/>
    <testcase time="0" classname="character(0)" name="ard_tabulate_value.survey.design_returns_an_error_with_erroneous_input"/>
    <testcase time="0.000999999999997669" classname="character(0)" name="ard_tabulate_value.survey.design_returns_an_error_with_erroneous_input"/>
  </testsuite>
  <testsuite name="ard_tabulate_value.survey.design" timestamp="2025-10-08T14:18:09Z" hostname="0d1ef0e902da" tests="1" skipped="0" failures="0" errors="0" time="0.002">
    <testcase time="0.00200000000000244" classname="character(0)" name="ard_tabulate_value.survey.design_follows_ard_structure"/>
  </testsuite>
  <testsuite name="ard_total_n.survey.design" timestamp="2025-10-08T14:18:10Z" hostname="0d1ef0e902da" tests="1" skipped="0" failures="0" errors="0" time="0.581">
    <testcase time="0.580999999999996" classname="character(0)" name="ard_total_n.survey.design_works"/>
  </testsuite>
  <testsuite name="ard_total_n.survey.design" timestamp="2025-10-08T14:18:10Z" hostname="0d1ef0e902da" tests="1" skipped="0" failures="0" errors="0" time="0.002">
    <testcase time="0.00200000000000244" classname="character(0)" name="ard_total_n.survey.design_follows_ard_structure"/>
  </testsuite>
  <testsuite name="ard_total_n.survey.design" timestamp="2025-10-08T14:18:10Z" hostname="0d1ef0e902da" tests="1" skipped="0" failures="0" errors="0" time="0.003">
    <testcase time="0.00300000000000011" classname="character(0)" name="ard_total_n.survey.design_using_update_"/>
  </testsuite>
  <testsuite name="construction_helpers" timestamp="2025-10-08T14:18:12Z" hostname="0d1ef0e902da" tests="10" skipped="0" failures="0" errors="0" time="2.148">
    <testcase time="2.143" classname="character(0)" name="construct_model_works"/>
    <testcase time="0.000999999999997669" classname="character(0)" name="construct_model_works"/>
    <testcase time="0" classname="character(0)" name="construct_model_works"/>
    <testcase time="0.000999999999997669" classname="character(0)" name="construct_model_works"/>
    <testcase time="0.00100000000000477" classname="character(0)" name="construct_model_works"/>
    <testcase time="0" classname="character(0)" name="construct_model_works"/>
    <testcase time="0.000999999999997669" classname="character(0)" name="construct_model_works"/>
    <testcase time="0" classname="character(0)" name="construct_model_works"/>
    <testcase time="0.000999999999997669" classname="character(0)" name="construct_model_works"/>
    <testcase time="0" classname="character(0)" name="construct_model_works"/>
  </testsuite>
  <testsuite name="construction_helpers" timestamp="2025-10-08T14:18:12Z" hostname="0d1ef0e902da" tests="6" skipped="0" failures="0" errors="0" time="0.005">
    <testcase time="0.00200000000000244" classname="character(0)" name="construct_model_messaging"/>
    <testcase time="0.000999999999997669" classname="character(0)" name="construct_model_messaging"/>
    <testcase time="0.00100000000000477" classname="character(0)" name="construct_model_messaging"/>
    <testcase time="0" classname="character(0)" name="construct_model_messaging"/>
    <testcase time="0.000999999999997669" classname="character(0)" name="construct_model_messaging"/>
    <testcase time="0" classname="character(0)" name="construct_model_messaging"/>
  </testsuite>
  <testsuite name="proportion_ci" timestamp="2025-10-08T14:18:14Z" hostname="0d1ef0e902da" tests="34" skipped="0" failures="0" errors="0" time="1.723">
    <testcase time="1.703" classname="character(0)" name="check_the_proportion_ci__functions_work"/>
    <testcase time="0" classname="character(0)" name="check_the_proportion_ci__functions_work"/>
    <testcase time="0.00100000000000477" classname="character(0)" name="check_the_proportion_ci__functions_work"/>
    <testcase time="0" classname="character(0)" name="check_the_proportion_ci__functions_work"/>
    <testcase time="0.00100000000000477" classname="character(0)" name="check_the_proportion_ci__functions_work"/>
    <testcase time="0.000999999999990564" classname="character(0)" name="check_the_proportion_ci__functions_work"/>
    <testcase time="0" classname="character(0)" name="check_the_proportion_ci__functions_work"/>
    <testcase time="0.00100000000000477" classname="character(0)" name="check_the_proportion_ci__functions_work"/>
    <testcase time="0" classname="character(0)" name="check_the_proportion_ci__functions_work"/>
    <testcase time="0.00100000000000477" classname="character(0)" name="check_the_proportion_ci__functions_work"/>
    <testcase time="0" classname="character(0)" name="check_the_proportion_ci__functions_work"/>
    <testcase time="0.000999999999990564" classname="character(0)" name="check_the_proportion_ci__functions_work"/>
    <testcase time="0.00100000000000477" classname="character(0)" name="check_the_proportion_ci__functions_work"/>
    <testcase time="0" classname="character(0)" name="check_the_proportion_ci__functions_work"/>
    <testcase time="0.00100000000000477" classname="character(0)" name="check_the_proportion_ci__functions_work"/>
    <testcase time="0" classname="character(0)" name="check_the_proportion_ci__functions_work"/>
    <testcase time="0.000999999999990564" classname="character(0)" name="check_the_proportion_ci__functions_work"/>
    <testcase time="0.00100000000000477" classname="character(0)" name="check_the_proportion_ci__functions_work"/>
    <testcase time="0" classname="character(0)" name="check_the_proportion_ci__functions_work"/>
    <testcase time="0.00100000000000477" classname="character(0)" name="check_the_proportion_ci__functions_work"/>
    <testcase time="0" classname="character(0)" name="check_the_proportion_ci__functions_work"/>
    <testcase time="0.000999999999990564" classname="character(0)" name="check_the_proportion_ci__functions_work"/>
    <testcase time="0.00100000000000477" classname="character(0)" name="check_the_proportion_ci__functions_work"/>
    <testcase time="0" classname="character(0)" name="check_the_proportion_ci__functions_work"/>
    <testcase time="0.00100000000000477" classname="character(0)" name="check_the_proportion_ci__functions_work"/>
    <testcase time="0.000999999999990564" classname="character(0)" name="check_the_proportion_ci__functions_work"/>
    <testcase time="0" classname="character(0)" name="check_the_proportion_ci__functions_work"/>
    <testcase time="0.00100000000000477" classname="character(0)" name="check_the_proportion_ci__functions_work"/>
    <testcase time="0" classname="character(0)" name="check_the_proportion_ci__functions_work"/>
    <testcase time="0.00100000000000477" classname="character(0)" name="check_the_proportion_ci__functions_work"/>
    <testcase time="0.000999999999990564" classname="character(0)" name="check_the_proportion_ci__functions_work"/>
    <testcase time="0" classname="character(0)" name="check_the_proportion_ci__functions_work"/>
    <testcase time="0.00100000000000477" classname="character(0)" name="check_the_proportion_ci__functions_work"/>
    <testcase time="0.00100000000000477" classname="character(0)" name="check_the_proportion_ci__functions_work"/>
  </testsuite>
  <testsuite name="proportion_ci" timestamp="2025-10-08T14:18:14Z" hostname="0d1ef0e902da" tests="10" skipped="0" failures="0" errors="0" time="0.01">
    <testcase time="0.00199999999999534" classname="character(0)" name="check_the_proportion_ci_strat_wilson_function_works"/>
    <testcase time="0.00100000000000477" classname="character(0)" name="check_the_proportion_ci_strat_wilson_function_works"/>
    <testcase time="0" classname="character(0)" name="check_the_proportion_ci_strat_wilson_function_works"/>
    <testcase time="0.000999999999990564" classname="character(0)" name="check_the_proportion_ci_strat_wilson_function_works"/>
    <testcase time="0" classname="character(0)" name="check_the_proportion_ci_strat_wilson_function_works"/>
    <testcase time="0.00100000000000477" classname="character(0)" name="check_the_proportion_ci_strat_wilson_function_works"/>
    <testcase time="0.00300000000000011" classname="character(0)" name="check_the_proportion_ci_strat_wilson_function_works"/>
    <testcase time="0.00100000000000477" classname="character(0)" name="check_the_proportion_ci_strat_wilson_function_works"/>
    <testcase time="0" classname="character(0)" name="check_the_proportion_ci_strat_wilson_function_works"/>
    <testcase time="0.000999999999990564" classname="character(0)" name="check_the_proportion_ci_strat_wilson_function_works"/>
  </testsuite>
  <testsuite name="ard_summary.survey.design" timestamp="2025-10-08T14:18:36Z" hostname="0d1ef0e902da" tests="12" skipped="0" failures="0" errors="0" time="21.949">
    <testcase time="21.942" classname="character(0)" name="unstratified_ard_summary.survey.design_works"/>
    <testcase time="0.000999999999990564" classname="character(0)" name="unstratified_ard_summary.survey.design_works"/>
    <testcase time="0.00100000000000477" classname="character(0)" name="unstratified_ard_summary.survey.design_works"/>
    <testcase time="0" classname="character(0)" name="unstratified_ard_summary.survey.design_works"/>
    <testcase time="0.00100000000000477" classname="character(0)" name="unstratified_ard_summary.survey.design_works"/>
    <testcase time="0" classname="character(0)" name="unstratified_ard_summary.survey.design_works"/>
    <testcase time="0.000999999999990564" classname="character(0)" name="unstratified_ard_summary.survey.design_works"/>
    <testcase time="0" classname="character(0)" name="unstratified_ard_summary.survey.design_works"/>
    <testcase time="0.00100000000000477" classname="character(0)" name="unstratified_ard_summary.survey.design_works"/>
    <testcase time="0.00100000000000477" classname="character(0)" name="unstratified_ard_summary.survey.design_works"/>
    <testcase time="0" classname="character(0)" name="unstratified_ard_summary.survey.design_works"/>
    <testcase time="0.000999999999990564" classname="character(0)" name="unstratified_ard_summary.survey.design_works"/>
  </testsuite>
  <testsuite name="ard_summary.survey.design" timestamp="2025-10-08T14:18:36Z" hostname="0d1ef0e902da" tests="11" skipped="0" failures="0" errors="0" time="0.008">
    <testcase time="0.00200000000000955" classname="character(0)" name="stratified_ard_summary.survey.design_works"/>
    <testcase time="0.000999999999990564" classname="character(0)" name="stratified_ard_summary.survey.design_works"/>
    <testcase time="0" classname="character(0)" name="stratified_ard_summary.survey.design_works"/>
    <testcase time="0.00100000000000477" classname="character(0)" name="stratified_ard_summary.survey.design_works"/>
    <testcase time="0" classname="character(0)" name="stratified_ard_summary.survey.design_works"/>
    <testcase time="0.00100000000000477" classname="character(0)" name="stratified_ard_summary.survey.design_works"/>
    <testcase time="0" classname="character(0)" name="stratified_ard_summary.survey.design_works"/>
    <testcase time="0.000999999999990564" classname="character(0)" name="stratified_ard_summary.survey.design_works"/>
    <testcase time="0.00100000000000477" classname="character(0)" name="stratified_ard_summary.survey.design_works"/>
    <testcase time="0" classname="character(0)" name="stratified_ard_summary.survey.design_works"/>
    <testcase time="0.00100000000000477" classname="character(0)" name="stratified_ard_summary.survey.design_works"/>
  </testsuite>
  <testsuite name="ard_summary.survey.design" timestamp="2025-10-08T14:18:36Z" hostname="0d1ef0e902da" tests="4" skipped="0" failures="0" errors="0" time="0.004">
    <testcase time="0.00199999999999534" classname="character(0)" name="ard_summary.survey.design_NA_handling"/>
    <testcase time="0" classname="character(0)" name="ard_summary.survey.design_NA_handling"/>
    <testcase time="0.00100000000000477" classname="character(0)" name="ard_summary.survey.design_NA_handling"/>
    <testcase time="0.000999999999990564" classname="character(0)" name="ard_summary.survey.design_NA_handling"/>
  </testsuite>
  <testsuite name="ard_summary.survey.design" timestamp="2025-10-08T14:18:36Z" hostname="0d1ef0e902da" tests="2" skipped="0" failures="0" errors="0" time="0.002">
    <testcase time="0.00200000000000955" classname="character(0)" name="ard_summary.survey.design_error_handling"/>
    <testcase time="0" classname="character(0)" name="ard_summary.survey.design_error_handling"/>
  </testsuite>
  <testsuite name="ard_summary.survey.design" timestamp="2025-10-08T14:18:36Z" hostname="0d1ef0e902da" tests="1" skipped="0" failures="0" errors="0" time="0.002">
    <testcase time="0.00199999999999534" classname="character(0)" name="ard_summary.survey.design_fmt_fun_"/>
  </testsuite>
  <testsuite name="ard_summary.survey.design" timestamp="2025-10-08T14:18:36Z" hostname="0d1ef0e902da" tests="1" skipped="0" failures="0" errors="0" time="0.002">
    <testcase time="0.00199999999999534" classname="character(0)" name="ard_summary.survey.design_stat_label_"/>
  </testsuite>
  <testsuite name="ard_summary.survey.design" timestamp="2025-10-08T14:18:36Z" hostname="0d1ef0e902da" tests="2" skipped="0" failures="0" errors="0" time="0.003">
    <testcase time="0.00200000000000955" classname="character(0)" name="ard_summary.survey.design_by_unobserved_levels_combinations"/>
    <testcase time="0.000999999999990564" classname="character(0)" name="ard_summary.survey.design_by_unobserved_levels_combinations"/>
  </testsuite>
  <testsuite name="ard_summary.survey.design" timestamp="2025-10-08T14:18:36Z" hostname="0d1ef0e902da" tests="19" skipped="0" failures="0" errors="0" time="0.015">
    <testcase time="0.00200000000000955" classname="character(0)" name="ard_summary.survey.design_works_when_using_generic_names_"/>
    <testcase time="0.000999999999990564" classname="character(0)" name="ard_summary.survey.design_works_when_using_generic_names_"/>
    <testcase time="0" classname="character(0)" name="ard_summary.survey.design_works_when_using_generic_names_"/>
    <testcase time="0.00100000000000477" classname="character(0)" name="ard_summary.survey.design_works_when_using_generic_names_"/>
    <testcase time="0" classname="character(0)" name="ard_summary.survey.design_works_when_using_generic_names_"/>
    <testcase time="0.00100000000000477" classname="character(0)" name="ard_summary.survey.design_works_when_using_generic_names_"/>
    <testcase time="0.000999999999990564" classname="character(0)" name="ard_summary.survey.design_works_when_using_generic_names_"/>
    <testcase time="0" classname="character(0)" name="ard_summary.survey.design_works_when_using_generic_names_"/>
    <testcase time="0.00100000000000477" classname="character(0)" name="ard_summary.survey.design_works_when_using_generic_names_"/>
    <testcase time="0" classname="character(0)" name="ard_summary.survey.design_works_when_using_generic_names_"/>
    <testcase time="0.00100000000000477" classname="character(0)" name="ard_summary.survey.design_works_when_using_generic_names_"/>
    <testcase time="0.00300000000000011" classname="character(0)" name="ard_summary.survey.design_works_when_using_generic_names_"/>
    <testcase time="0.000999999999990564" classname="character(0)" name="ard_summary.survey.design_works_when_using_generic_names_"/>
    <testcase time="0" classname="character(0)" name="ard_summary.survey.design_works_when_using_generic_names_"/>
    <testcase time="0.00100000000000477" classname="character(0)" name="ard_summary.survey.design_works_when_using_generic_names_"/>
    <testcase time="0" classname="character(0)" name="ard_summary.survey.design_works_when_using_generic_names_"/>
    <testcase time="0.00100000000000477" classname="character(0)" name="ard_summary.survey.design_works_when_using_generic_names_"/>
    <testcase time="0.000999999999990564" classname="character(0)" name="ard_summary.survey.design_works_when_using_generic_names_"/>
    <testcase time="0" classname="character(0)" name="ard_summary.survey.design_works_when_using_generic_names_"/>
  </testsuite>
  <testsuite name="ard_summary.survey.design" timestamp="2025-10-08T14:18:36Z" hostname="0d1ef0e902da" tests="1" skipped="0" failures="0" errors="0" time="0.002">
    <testcase time="0.00200000000000955" classname="character(0)" name="ard_summary.survey.design_follows_ard_structure"/>
  </testsuite>
  <testsuite name="ard_summary.survey.design" timestamp="2025-10-08T14:18:36Z" hostname="0d1ef0e902da" tests="4" skipped="0" failures="0" errors="0" time="0.004">
    <testcase time="0.00199999999999534" classname="character(0)" name="ard_summary.survey.design_original_types_are_retained"/>
    <testcase time="0.00100000000000477" classname="character(0)" name="ard_summary.survey.design_original_types_are_retained"/>
    <testcase time="0.000999999999990564" classname="character(0)" name="ard_summary.survey.design_original_types_are_retained"/>
    <testcase time="0" classname="character(0)" name="ard_summary.survey.design_original_types_are_retained"/>
  </testsuite>
</testsuites>
