<?xml version="1.0" encoding="UTF-8"?>
<testsuites>
  <testsuite name="ard_aod_wald_test" timestamp="2025-10-08T14:18:12Z" hostname="cb37434e5588" tests="3" skipped="1" failures="0" errors="0" time="1.619">
    <testcase time="1.595" classname="character(0)" name="ard_aod_wald_test_works"/>
    <testcase time="0.0180000000000002" classname="character(0)" name="ard_aod_wald_test_works"/>
    <testcase time="0.00599999999999978" classname="character(0)" name="ard_aod_wald_test_works">
      <skipped message="Reason: On CRAN ('test-ard_aod_wald_test.R:12:3')"/>
    </testcase>
  </testsuite>
  <testsuite name="ard_aod_wald_test" timestamp="2025-10-08T14:18:12Z" hostname="cb37434e5588" tests="1" skipped="0" failures="0" errors="0" time="0.025">
    <testcase time="0.0249999999999999" classname="character(0)" name="ard_aod_wald_test_follows_ard_structure"/>
  </testsuite>
  <testsuite name="ard_attributes.survey.design" timestamp="2025-10-08T14:18:12Z" hostname="cb37434e5588" tests="1" skipped="1" failures="0" errors="0" time="0.024">
    <testcase time="0.024" classname="character(0)" name="ard_attributes.survey.design_works">
      <skipped message="Reason: On CRAN ('test-ard_attributes.survey.design.R:8:3')"/>
    </testcase>
  </testsuite>
  <testsuite name="ard_car_vif" timestamp="2025-10-08T14:18:13Z" hostname="cb37434e5588" tests="1" skipped="1" failures="0" errors="0" time="0.503">
    <testcase time="0.503" classname="character(0)" name="ard_car_vif_works">
      <skipped message="Reason: On CRAN ('test-ard_car_vif.R:4:3')"/>
    </testcase>
  </testsuite>
  <testsuite name="ard_car_vif" timestamp="2025-10-08T14:18:13Z" hostname="cb37434e5588" tests="1" skipped="0" failures="0" errors="0" time="0.011">
    <testcase time="0.0110000000000001" classname="character(0)" name="ard_car_vif_appropriate_errors_are_given_for_model_with_only_1_term"/>
  </testsuite>
  <testsuite name="ard_car_vif" timestamp="2025-10-08T14:18:13Z" hostname="cb37434e5588" tests="1" skipped="1" failures="0" errors="0" time="0.001">
    <testcase time="0.00099999999999989" classname="character(0)" name="ard_vif_issues_friendly_messaging_for_incorrect_object_passed_in_can_t_get_terms_of_model">
      <skipped message="Reason: On CRAN ('test-ard_car_vif.R:29:3')"/>
    </testcase>
  </testsuite>
  <testsuite name="ard_car_vif" timestamp="2025-10-08T14:18:13Z" hostname="cb37434e5588" tests="1" skipped="0" failures="0" errors="0" time="0.019">
    <testcase time="0.0190000000000001" classname="character(0)" name="ard_car_vif_follows_ard_structure"/>
  </testsuite>
  <testsuite name="ard_car_anova" timestamp="2025-10-08T14:18:14Z" hostname="cb37434e5588" tests="3" skipped="1" failures="0" errors="0" time="0.771">
    <testcase time="0.769" classname="character(0)" name="ard_car_anova_works"/>
    <testcase time="0.00100000000000033" classname="character(0)" name="ard_car_anova_works"/>
    <testcase time="0.00099999999999989" classname="character(0)" name="ard_car_anova_works">
      <skipped message="Reason: On CRAN ('test-ard_car_anova.R:12:3')"/>
    </testcase>
  </testsuite>
  <testsuite name="ard_car_anova" timestamp="2025-10-08T14:18:14Z" hostname="cb37434e5588" tests="1" skipped="1" failures="0" errors="0" time="0.014">
    <testcase time="0.0139999999999998" classname="character(0)" name="ard_car_anova_messaging">
      <skipped message="Reason: On CRAN ('test-ard_car_anova.R:16:3')"/>
    </testcase>
  </testsuite>
  <testsuite name="ard_car_anova" timestamp="2025-10-08T14:18:14Z" hostname="cb37434e5588" tests="1" skipped="0" failures="0" errors="0" time="0.01">
    <testcase time="0.0100000000000002" classname="character(0)" name="ard_car_anova_follows_ard_structure"/>
  </testsuite>
  <testsuite name="ard_categorical_ci.survey.design" timestamp="2025-10-08T14:18:16Z" hostname="cb37434e5588" tests="1" skipped="1" failures="0" errors="0" time="2.168">
    <testcase time="2.168" classname="character(0)" name="ard_categorical_ci_data_">
      <skipped message="Reason: On CRAN ('test-ard_categorical_ci.survey.design.R:7:3')"/>
    </testcase>
  </testsuite>
  <testsuite name="ard_categorical_ci.survey.design" timestamp="2025-10-08T14:18:16Z" hostname="cb37434e5588" tests="5" skipped="0" failures="0" errors="0" time="0.017">
    <testcase time="0.0149999999999997" classname="character(0)" name="ard_categorical_ci_variables_"/>
    <testcase time="0.00100000000000033" classname="character(0)" name="ard_categorical_ci_variables_"/>
    <testcase time="0" classname="character(0)" name="ard_categorical_ci_variables_"/>
    <testcase time="0.000999999999999446" classname="character(0)" name="ard_categorical_ci_variables_"/>
    <testcase time="0" classname="character(0)" name="ard_categorical_ci_variables_"/>
  </testsuite>
  <testsuite name="ard_categorical_ci.survey.design" timestamp="2025-10-08T14:18:16Z" hostname="cb37434e5588" tests="4" skipped="0" failures="0" errors="0" time="0.004">
    <testcase time="0.00200000000000067" classname="character(0)" name="ard_categorical_ci_by_"/>
    <testcase time="0" classname="character(0)" name="ard_categorical_ci_by_"/>
    <testcase time="0.000999999999999446" classname="character(0)" name="ard_categorical_ci_by_"/>
    <testcase time="0.00100000000000033" classname="character(0)" name="ard_categorical_ci_by_"/>
  </testsuite>
  <testsuite name="ard_categorical_ci.survey.design" timestamp="2025-10-08T14:18:16Z" hostname="cb37434e5588" tests="2" skipped="0" failures="0" errors="0" time="0.002">
    <testcase time="0.00100000000000033" classname="character(0)" name="ard_categorical_ci_conf.level_"/>
    <testcase time="0.000999999999999446" classname="character(0)" name="ard_categorical_ci_conf.level_"/>
  </testsuite>
  <testsuite name="ard_categorical_ci.survey.design" timestamp="2025-10-08T14:18:16Z" hostname="cb37434e5588" tests="3" skipped="0" failures="0" errors="0" time="0.002">
    <testcase time="0.00100000000000033" classname="character(0)" name="ard_categorical_ci_method_"/>
    <testcase time="0.000999999999999446" classname="character(0)" name="ard_categorical_ci_method_"/>
    <testcase time="0" classname="character(0)" name="ard_categorical_ci_method_"/>
  </testsuite>
  <testsuite name="ard_categorical_ci.survey.design" timestamp="2025-10-08T14:18:16Z" hostname="cb37434e5588" tests="2" skipped="0" failures="0" errors="0" time="0.002">
    <testcase time="0.00200000000000067" classname="character(0)" name="ard_categorical_ci_value_"/>
    <testcase time="0" classname="character(0)" name="ard_categorical_ci_value_"/>
  </testsuite>
  <testsuite name="ard_categorical_ci.survey.design" timestamp="2025-10-08T14:18:16Z" hostname="cb37434e5588" tests="1" skipped="0" failures="0" errors="0" time="0.002">
    <testcase time="0.00199999999999978" classname="character(0)" name="ard_categorical_ci.survey.design_follows_ard_structure"/>
  </testsuite>
  <testsuite name="ard_continuous_ci.data.frame" timestamp="2025-10-08T14:18:17Z" hostname="cb37434e5588" tests="1" skipped="0" failures="0" errors="0" time="0.603">
    <testcase time="0.603" classname="character(0)" name="ard_continuous_ci.data.frame_method_t.test_"/>
  </testsuite>
  <testsuite name="ard_continuous_ci.data.frame" timestamp="2025-10-08T14:18:17Z" hostname="cb37434e5588" tests="1" skipped="0" failures="0" errors="0" time="0.003">
    <testcase time="0.00300000000000011" classname="character(0)" name="ard_continuous_ci.data.frame_method_wilcox.test_"/>
  </testsuite>
  <testsuite name="ard_continuous_ci.data.frame" timestamp="2025-10-08T14:18:17Z" hostname="cb37434e5588" tests="1" skipped="0" failures="0" errors="0" time="0.003">
    <testcase time="0.00300000000000011" classname="character(0)" name="ard_continuous_ci.data.frame_follows_ard_structure"/>
  </testsuite>
  <testsuite name="ard_categorical_ci.data.frame" timestamp="2025-10-08T14:18:17Z" hostname="cb37434e5588" tests="1" skipped="0" failures="0" errors="0" time="0.351">
    <testcase time="0.351" classname="character(0)" name="ard_categorical_ci.data.frame_method_wald_"/>
  </testsuite>
  <testsuite name="ard_categorical_ci.data.frame" timestamp="2025-10-08T14:18:17Z" hostname="cb37434e5588" tests="1" skipped="0" failures="0" errors="0" time="0.002">
    <testcase time="0.00199999999999978" classname="character(0)" name="ard_categorical_ci.data.frame_method_waldcc_"/>
  </testsuite>
  <testsuite name="ard_categorical_ci.data.frame" timestamp="2025-10-08T14:18:17Z" hostname="cb37434e5588" tests="1" skipped="0" failures="0" errors="0" time="0.001">
    <testcase time="0.00100000000000033" classname="character(0)" name="ard_categorical_ci.data.frame_method_clopper_pearson_"/>
  </testsuite>
  <testsuite name="ard_categorical_ci.data.frame" timestamp="2025-10-08T14:18:17Z" hostname="cb37434e5588" tests="1" skipped="0" failures="0" errors="0" time="0.002">
    <testcase time="0.00199999999999978" classname="character(0)" name="ard_categorical_ci.data.frame_method_wilson_"/>
  </testsuite>
  <testsuite name="ard_categorical_ci.data.frame" timestamp="2025-10-08T14:18:17Z" hostname="cb37434e5588" tests="1" skipped="0" failures="0" errors="0" time="0.001">
    <testcase time="0.00100000000000033" classname="character(0)" name="ard_categorical_ci.data.frame_method_wilsoncc_"/>
  </testsuite>
  <testsuite name="ard_categorical_ci.data.frame" timestamp="2025-10-08T14:18:17Z" hostname="cb37434e5588" tests="3" skipped="0" failures="0" errors="0" time="0.003">
    <testcase time="0.00199999999999978" classname="character(0)" name="ard_categorical_ci.data.frame_method_strat_wilson_"/>
    <testcase time="0" classname="character(0)" name="ard_categorical_ci.data.frame_method_strat_wilson_"/>
    <testcase time="0.00100000000000033" classname="character(0)" name="ard_categorical_ci.data.frame_method_strat_wilson_"/>
  </testsuite>
  <testsuite name="ard_categorical_ci.data.frame" timestamp="2025-10-08T14:18:17Z" hostname="cb37434e5588" tests="1" skipped="0" failures="0" errors="0" time="0.001">
    <testcase time="0.000999999999999446" classname="character(0)" name="ard_categorical_ci.data.frame_method_strat_wilsoncc_"/>
  </testsuite>
  <testsuite name="ard_categorical_ci.data.frame" timestamp="2025-10-08T14:18:17Z" hostname="cb37434e5588" tests="1" skipped="0" failures="0" errors="0" time="0.002">
    <testcase time="0.00199999999999978" classname="character(0)" name="ard_categorical_ci.data.frame_method_jeffreys_"/>
  </testsuite>
  <testsuite name="ard_categorical_ci.data.frame" timestamp="2025-10-08T14:18:17Z" hostname="cb37434e5588" tests="1" skipped="0" failures="0" errors="0" time="0.001">
    <testcase time="0.00100000000000033" classname="character(0)" name="ard_categorical_ci.data.frame_method_agresti_coull_"/>
  </testsuite>
  <testsuite name="ard_categorical_ci.data.frame" timestamp="2025-10-08T14:18:17Z" hostname="cb37434e5588" tests="1" skipped="0" failures="0" errors="0" time="0.002">
    <testcase time="0.00199999999999978" classname="character(0)" name="ard_continuous_ci.data.frame_follows_ard_structure"/>
  </testsuite>
  <testsuite name="ard_categorical_ci.data.frame" timestamp="2025-10-08T14:18:17Z" hostname="cb37434e5588" tests="6" skipped="0" failures="0" errors="0" time="0.004">
    <testcase time="0.00100000000000033" classname="character(0)" name="ard_continuous_ci.data.frame_denominator_row_"/>
    <testcase time="0.00100000000000033" classname="character(0)" name="ard_continuous_ci.data.frame_denominator_row_"/>
    <testcase time="0" classname="character(0)" name="ard_continuous_ci.data.frame_denominator_row_"/>
    <testcase time="0.000999999999999446" classname="character(0)" name="ard_continuous_ci.data.frame_denominator_row_"/>
    <testcase time="0.00100000000000033" classname="character(0)" name="ard_continuous_ci.data.frame_denominator_row_"/>
    <testcase time="0" classname="character(0)" name="ard_continuous_ci.data.frame_denominator_row_"/>
  </testsuite>
  <testsuite name="ard_categorical_ci.data.frame" timestamp="2025-10-08T14:18:17Z" hostname="cb37434e5588" tests="6" skipped="0" failures="0" errors="0" time="0.004">
    <testcase time="0.00199999999999978" classname="character(0)" name="ard_continuous_ci.data.frame_denominator_cell_"/>
    <testcase time="0" classname="character(0)" name="ard_continuous_ci.data.frame_denominator_cell_"/>
    <testcase time="0.00100000000000033" classname="character(0)" name="ard_continuous_ci.data.frame_denominator_cell_"/>
    <testcase time="0" classname="character(0)" name="ard_continuous_ci.data.frame_denominator_cell_"/>
    <testcase time="0.000999999999999446" classname="character(0)" name="ard_continuous_ci.data.frame_denominator_cell_"/>
    <testcase time="0" classname="character(0)" name="ard_continuous_ci.data.frame_denominator_cell_"/>
  </testsuite>
  <testsuite name="ard_categorical_ci.data.frame" timestamp="2025-10-08T14:18:17Z" hostname="cb37434e5588" tests="2" skipped="0" failures="0" errors="0" time="0.002">
    <testcase time="0.00200000000000067" classname="character(0)" name="ard_continuous_ci.data.frame_denominator_column_with_all_NA_column"/>
    <testcase time="0" classname="character(0)" name="ard_continuous_ci.data.frame_denominator_column_with_all_NA_column"/>
  </testsuite>
  <testsuite name="ard_categorical_ci.data.frame" timestamp="2025-10-08T14:18:17Z" hostname="cb37434e5588" tests="2" skipped="0" failures="0" errors="0" time="0.002">
    <testcase time="0.00199999999999978" classname="character(0)" name="ard_continuous_ci.data.frame_denominator_row_with_all_NA_column"/>
    <testcase time="0" classname="character(0)" name="ard_continuous_ci.data.frame_denominator_row_with_all_NA_column"/>
  </testsuite>
  <testsuite name="ard_categorical_ci.data.frame" timestamp="2025-10-08T14:18:17Z" hostname="cb37434e5588" tests="2" skipped="0" failures="0" errors="0" time="0.002">
    <testcase time="0.00199999999999978" classname="character(0)" name="ard_continuous_ci.data.frame_denominator_cell_with_all_NA_column"/>
    <testcase time="0" classname="character(0)" name="ard_continuous_ci.data.frame_denominator_cell_with_all_NA_column"/>
  </testsuite>
  <testsuite name="ard_categorical_ci.data.frame" timestamp="2025-10-08T14:18:17Z" hostname="cb37434e5588" tests="3" skipped="0" failures="0" errors="0" time="0.006">
    <testcase time="0.00499999999999989" classname="character(0)" name="ard_continuous_ci.data.frame_NA_handling"/>
    <testcase time="0" classname="character(0)" name="ard_continuous_ci.data.frame_NA_handling"/>
    <testcase time="0.00100000000000033" classname="character(0)" name="ard_continuous_ci.data.frame_NA_handling"/>
  </testsuite>
  <testsuite name="ard_categorical_ci.data.frame" timestamp="2025-10-08T14:18:17Z" hostname="cb37434e5588" tests="2" skipped="0" failures="0" errors="0" time="0.002">
    <testcase time="0.000999999999999446" classname="character(0)" name="ard_categorical_ci_method_strat_wilson_NA_handling"/>
    <testcase time="0.00100000000000033" classname="character(0)" name="ard_categorical_ci_method_strat_wilson_NA_handling"/>
  </testsuite>
  <testsuite name="ard_effectsize_cohens_d" timestamp="2025-10-08T14:18:18Z" hostname="cb37434e5588" tests="4" skipped="1" failures="0" errors="0" time="0.745">
    <testcase time="0.743" classname="character(0)" name="ard_effectsize_cohens_d_works"/>
    <testcase time="0.000999999999999446" classname="character(0)" name="ard_effectsize_cohens_d_works"/>
    <testcase time="0.00100000000000033" classname="character(0)" name="ard_effectsize_cohens_d_works"/>
    <testcase time="0" classname="character(0)" name="ard_effectsize_cohens_d_works">
      <skipped message="Reason: On CRAN ('test-ard_effectsize_cohens_d.R:38:3')"/>
    </testcase>
  </testsuite>
  <testsuite name="ard_effectsize_cohens_d" timestamp="2025-10-08T14:18:18Z" hostname="cb37434e5588" tests="3" skipped="0" failures="0" errors="0" time="0.012">
    <testcase time="0.0110000000000001" classname="character(0)" name="ard_effectsize_paired_cohens_d_works"/>
    <testcase time="0.000999999999999446" classname="character(0)" name="ard_effectsize_paired_cohens_d_works"/>
    <testcase time="0" classname="character(0)" name="ard_effectsize_paired_cohens_d_works"/>
  </testsuite>
  <testsuite name="ard_effectsize_cohens_d" timestamp="2025-10-08T14:18:18Z" hostname="cb37434e5588" tests="2" skipped="0" failures="0" errors="0" time="0.003">
    <testcase time="0.00200000000000067" classname="character(0)" name="ard_effectsize_cohens_d_follows_ard_structure"/>
    <testcase time="0.000999999999999446" classname="character(0)" name="ard_effectsize_cohens_d_follows_ard_structure"/>
  </testsuite>
  <testsuite name="ard_continuous_ci.survey.design" timestamp="2025-10-08T14:18:18Z" hostname="cb37434e5588" tests="1" skipped="1" failures="0" errors="0" time="0.013">
    <testcase time="0.0129999999999999" classname="character(0)" name="ard_continuous_ci_data_">
      <skipped message="Reason: On CRAN ('test-ard_continuous_ci.survey.design.R:7:3')"/>
    </testcase>
  </testsuite>
  <testsuite name="ard_continuous_ci.survey.design" timestamp="2025-10-08T14:18:18Z" hostname="cb37434e5588" tests="5" skipped="0" failures="0" errors="0" time="0.021">
    <testcase time="0.0180000000000007" classname="character(0)" name="ard_continuous_ci_variables_"/>
    <testcase time="0.000999999999999446" classname="character(0)" name="ard_continuous_ci_variables_"/>
    <testcase time="0.00100000000000033" classname="character(0)" name="ard_continuous_ci_variables_"/>
    <testcase time="0" classname="character(0)" name="ard_continuous_ci_variables_"/>
    <testcase time="0.00100000000000033" classname="character(0)" name="ard_continuous_ci_variables_"/>
  </testsuite>
  <testsuite name="ard_continuous_ci.survey.design" timestamp="2025-10-08T14:18:18Z" hostname="cb37434e5588" tests="6" skipped="0" failures="0" errors="0" time="0.004">
    <testcase time="0.00199999999999978" classname="character(0)" name="ard_continuous_ci_by_"/>
    <testcase time="0" classname="character(0)" name="ard_continuous_ci_by_"/>
    <testcase time="0.000999999999999446" classname="character(0)" name="ard_continuous_ci_by_"/>
    <testcase time="0" classname="character(0)" name="ard_continuous_ci_by_"/>
    <testcase time="0.00100000000000033" classname="character(0)" name="ard_continuous_ci_by_"/>
    <testcase time="0" classname="character(0)" name="ard_continuous_ci_by_"/>
  </testsuite>
  <testsuite name="ard_continuous_ci.survey.design" timestamp="2025-10-08T14:18:18Z" hostname="cb37434e5588" tests="2" skipped="0" failures="0" errors="0" time="0.003">
    <testcase time="0.00199999999999978" classname="character(0)" name="ard_continuous_ci_conf.level_"/>
    <testcase time="0.00100000000000033" classname="character(0)" name="ard_continuous_ci_conf.level_"/>
  </testsuite>
  <testsuite name="ard_continuous_ci.survey.design" timestamp="2025-10-08T14:18:18Z" hostname="cb37434e5588" tests="3" skipped="0" failures="0" errors="0" time="0.003">
    <testcase time="0.00100000000000033" classname="character(0)" name="ard_continuous_ci_method_variables_"/>
    <testcase time="0.000999999999999446" classname="character(0)" name="ard_continuous_ci_method_variables_"/>
    <testcase time="0.00100000000000033" classname="character(0)" name="ard_continuous_ci_method_variables_"/>
  </testsuite>
  <testsuite name="ard_continuous_ci.survey.design" timestamp="2025-10-08T14:18:18Z" hostname="cb37434e5588" tests="3" skipped="0" failures="0" errors="0" time="0.002">
    <testcase time="0.000999999999999446" classname="character(0)" name="ard_continuous_ci_method_by_"/>
    <testcase time="0.00100000000000033" classname="character(0)" name="ard_continuous_ci_method_by_"/>
    <testcase time="0" classname="character(0)" name="ard_continuous_ci_method_by_"/>
  </testsuite>
  <testsuite name="ard_continuous_ci.survey.design" timestamp="2025-10-08T14:18:18Z" hostname="cb37434e5588" tests="4" skipped="0" failures="0" errors="0" time="0.004">
    <testcase time="0.00199999999999978" classname="character(0)" name="ard_continuous_ci_..._"/>
    <testcase time="0.00100000000000033" classname="character(0)" name="ard_continuous_ci_..._"/>
    <testcase time="0" classname="character(0)" name="ard_continuous_ci_..._"/>
    <testcase time="0.00100000000000033" classname="character(0)" name="ard_continuous_ci_..._"/>
  </testsuite>
  <testsuite name="ard_continuous_ci.survey.design" timestamp="2025-10-08T14:18:18Z" hostname="cb37434e5588" tests="1" skipped="1" failures="0" errors="0" time="0.001">
    <testcase time="0.000999999999999446" classname="character(0)" name="ard_continuous_ci_errors_are_captured">
      <skipped message="Reason: On CRAN ('test-ard_continuous_ci.survey.design.R:194:3')"/>
    </testcase>
  </testsuite>
  <testsuite name="ard_continuous_ci.survey.design" timestamp="2025-10-08T14:18:18Z" hostname="cb37434e5588" tests="1" skipped="0" failures="0" errors="0" time="0.012">
    <testcase time="0.0120000000000005" classname="character(0)" name="ard_continuous_ci.survey.design_follows_ard_structure"/>
  </testsuite>
  <testsuite name="ard_effectsize_hedges_g" timestamp="2025-10-08T14:18:18Z" hostname="cb37434e5588" tests="4" skipped="1" failures="0" errors="0" time="0.502">
    <testcase time="0.499" classname="character(0)" name="ard_effectsize_hedges_g_works"/>
    <testcase time="0.000999999999999446" classname="character(0)" name="ard_effectsize_hedges_g_works"/>
    <testcase time="0.00100000000000122" classname="character(0)" name="ard_effectsize_hedges_g_works"/>
    <testcase time="0.000999999999999446" classname="character(0)" name="ard_effectsize_hedges_g_works">
      <skipped message="Reason: On CRAN ('test-ard_effectsize_hedges_g.R:34:3')"/>
    </testcase>
  </testsuite>
  <testsuite name="ard_effectsize_hedges_g" timestamp="2025-10-08T14:18:18Z" hostname="cb37434e5588" tests="3" skipped="0" failures="0" errors="0" time="0.02">
    <testcase time="0.0190000000000001" classname="character(0)" name="ard_effectsize_paired_hedges_g_works"/>
    <testcase time="0.000999999999999446" classname="character(0)" name="ard_effectsize_paired_hedges_g_works"/>
    <testcase time="0" classname="character(0)" name="ard_effectsize_paired_hedges_g_works"/>
  </testsuite>
  <testsuite name="ard_effectsize_hedges_g" timestamp="2025-10-08T14:18:18Z" hostname="cb37434e5588" tests="2" skipped="0" failures="0" errors="0" time="0.003">
    <testcase time="0.00200000000000067" classname="character(0)" name="ard_effectsize_cohens_d_follows_ard_structure"/>
    <testcase time="0.000999999999999446" classname="character(0)" name="ard_effectsize_cohens_d_follows_ard_structure"/>
  </testsuite>
  <testsuite name="ard_emmeans_contrast" timestamp="2025-10-08T14:18:18Z" hostname="cb37434e5588" tests="2" skipped="1" failures="0" errors="0" time="0.081">
    <testcase time="0.0800000000000001" classname="character(0)" name="ard_emmeans_contrast_works"/>
    <testcase time="0.000999999999999446" classname="character(0)" name="ard_emmeans_contrast_works">
      <skipped message="Reason: On CRAN ('test-ard_emmeans_contrast.R:16:3')"/>
    </testcase>
  </testsuite>
  <testsuite name="ard_emmeans_contrast" timestamp="2025-10-08T14:18:18Z" hostname="cb37434e5588" tests="1" skipped="0" failures="0" errors="0" time="0.019">
    <testcase time="0.0190000000000001" classname="character(0)" name="ard_emmeans_contrast_follows_ard_structure"/>
  </testsuite>
  <testsuite name="ard_emmeans_contrast" timestamp="2025-10-08T14:18:18Z" hostname="cb37434e5588" tests="2" skipped="1" failures="0" errors="0" time="0.004">
    <testcase time="0.00300000000000011" classname="character(0)" name="ard_emmeans_contrast_errors_are_returned_correctly"/>
    <testcase time="0.00100000000000122" classname="character(0)" name="ard_emmeans_contrast_errors_are_returned_correctly">
      <skipped message="Reason: On CRAN ('test-ard_emmeans_contrast.R:113:3')"/>
    </testcase>
  </testsuite>
  <testsuite name="ard_incidence_rate" timestamp="2025-10-08T14:18:19Z" hostname="cb37434e5588" tests="2" skipped="1" failures="0" errors="0" time="0.297">
    <testcase time="0.295999999999999" classname="character(0)" name="ard_incidence_rate_works"/>
    <testcase time="0.000999999999999446" classname="character(0)" name="ard_incidence_rate_works">
      <skipped message="Reason: On CRAN ('test-ard_incidence_rate.R:13:3')"/>
    </testcase>
  </testsuite>
  <testsuite name="ard_incidence_rate" timestamp="2025-10-08T14:18:19Z" hostname="cb37434e5588" tests="2" skipped="1" failures="0" errors="0" time="0.012">
    <testcase time="0.011000000000001" classname="character(0)" name="ard_incidence_rate_conf.type_works"/>
    <testcase time="0.000999999999999446" classname="character(0)" name="ard_incidence_rate_conf.type_works">
      <skipped message="Reason: On CRAN ('test-ard_incidence_rate.R:49:3')"/>
    </testcase>
  </testsuite>
  <testsuite name="ard_incidence_rate" timestamp="2025-10-08T14:18:19Z" hostname="cb37434e5588" tests="1" skipped="1" failures="0" errors="0" time="0.011">
    <testcase time="0.0109999999999992" classname="character(0)" name="ard_incidence_rate_errors_are_handled_correctly">
      <skipped message="Reason: On CRAN ('test-ard_incidence_rate.R:68:3')"/>
    </testcase>
  </testsuite>
  <testsuite name="ard_emmeans_emmeans" timestamp="2025-10-08T14:18:19Z" hostname="cb37434e5588" tests="2" skipped="1" failures="0" errors="0" time="0.268">
    <testcase time="0.267000000000001" classname="character(0)" name="ard_emmeans_emmeans_works"/>
    <testcase time="0.000999999999999446" classname="character(0)" name="ard_emmeans_emmeans_works">
      <skipped message="Reason: On CRAN ('test-ard_emmeans_emmeans.R:16:3')"/>
    </testcase>
  </testsuite>
  <testsuite name="ard_emmeans_emmeans" timestamp="2025-10-08T14:18:19Z" hostname="cb37434e5588" tests="1" skipped="0" failures="0" errors="0" time="0.012">
    <testcase time="0.0120000000000005" classname="character(0)" name="ard_emmeans_emmeans_follows_ard_structure"/>
  </testsuite>
  <testsuite name="ard_emmeans_emmeans" timestamp="2025-10-08T14:18:19Z" hostname="cb37434e5588" tests="2" skipped="1" failures="0" errors="0" time="0.002">
    <testcase time="0.00199999999999889" classname="character(0)" name="ard_emmeans_emmeans_errors_are_returned_correctly"/>
    <testcase time="0" classname="character(0)" name="ard_emmeans_emmeans_errors_are_returned_correctly">
      <skipped message="Reason: On CRAN ('test-ard_emmeans_emmeans.R:106:3')"/>
    </testcase>
  </testsuite>
  <testsuite name="ard_proportion_ci" timestamp="2025-10-08T14:18:20Z" hostname="cb37434e5588" tests="6" skipped="0" failures="0" errors="0" time="1.286">
    <testcase time="1.283" classname="character(0)" name="ard_categorical_ci_works"/>
    <testcase time="0" classname="character(0)" name="ard_categorical_ci_works"/>
    <testcase time="0.000999999999999446" classname="character(0)" name="ard_categorical_ci_works"/>
    <testcase time="0" classname="character(0)" name="ard_categorical_ci_works"/>
    <testcase time="0.00100000000000122" classname="character(0)" name="ard_categorical_ci_works"/>
    <testcase time="0.000999999999999446" classname="character(0)" name="ard_categorical_ci_works"/>
  </testsuite>
  <testsuite name="ard_proportion_ci" timestamp="2025-10-08T14:18:20Z" hostname="cb37434e5588" tests="2" skipped="1" failures="0" errors="0" time="0.002">
    <testcase time="0.000999999999999446" classname="character(0)" name="ard_categorical_ci_method_strat_wilson_works"/>
    <testcase time="0.00100000000000122" classname="character(0)" name="ard_categorical_ci_method_strat_wilson_works">
      <skipped message="Reason: On CRAN ('test-ard_proportion_ci.R:92:3')"/>
    </testcase>
  </testsuite>
  <testsuite name="ard_proportion_ci" timestamp="2025-10-08T14:18:20Z" hostname="cb37434e5588" tests="1" skipped="1" failures="0" errors="0" time="0.012">
    <testcase time="0.0119999999999987" classname="character(0)" name="ard_categorical_ci_messaging">
      <skipped message="Reason: On CRAN ('test-ard_proportion_ci.R:113:3')"/>
    </testcase>
  </testsuite>
  <testsuite name="ard_proportion_ci" timestamp="2025-10-08T14:18:20Z" hostname="cb37434e5588" tests="1" skipped="0" failures="0" errors="0" time="0.011">
    <testcase time="0.011000000000001" classname="character(0)" name="ard_proportion_ci_follows_ard_structure"/>
  </testsuite>
  <testsuite name="ard_missing.survey.design" timestamp="2025-10-08T14:18:21Z" hostname="cb37434e5588" tests="19" skipped="0" failures="0" errors="0" time="1.043">
    <testcase time="1.024" classname="character(0)" name="ard_missing.survey.design_works"/>
    <testcase time="0.00100000000000122" classname="character(0)" name="ard_missing.survey.design_works"/>
    <testcase time="0.00499999999999901" classname="character(0)" name="ard_missing.survey.design_works"/>
    <testcase time="0.000999999999999446" classname="character(0)" name="ard_missing.survey.design_works"/>
    <testcase time="0.00200000000000067" classname="character(0)" name="ard_missing.survey.design_works"/>
    <testcase time="0.000999999999999446" classname="character(0)" name="ard_missing.survey.design_works"/>
    <testcase time="0.00100000000000122" classname="character(0)" name="ard_missing.survey.design_works"/>
    <testcase time="0.000999999999999446" classname="character(0)" name="ard_missing.survey.design_works"/>
    <testcase time="0.000999999999999446" classname="character(0)" name="ard_missing.survey.design_works"/>
    <testcase time="0.00100000000000122" classname="character(0)" name="ard_missing.survey.design_works"/>
    <testcase time="0" classname="character(0)" name="ard_missing.survey.design_works"/>
    <testcase time="0.000999999999999446" classname="character(0)" name="ard_missing.survey.design_works"/>
    <testcase time="0.000999999999999446" classname="character(0)" name="ard_missing.survey.design_works"/>
    <testcase time="0" classname="character(0)" name="ard_missing.survey.design_works"/>
    <testcase time="0.00100000000000122" classname="character(0)" name="ard_missing.survey.design_works"/>
    <testcase time="0.000999999999999446" classname="character(0)" name="ard_missing.survey.design_works"/>
    <testcase time="0" classname="character(0)" name="ard_missing.survey.design_works"/>
    <testcase time="0.000999999999999446" classname="character(0)" name="ard_missing.survey.design_works"/>
    <testcase time="0" classname="character(0)" name="ard_missing.survey.design_works"/>
  </testsuite>
  <testsuite name="ard_missing.survey.design" timestamp="2025-10-08T14:18:21Z" hostname="cb37434e5588" tests="1" skipped="0" failures="0" errors="0" time="0.002">
    <testcase time="0.00200000000000067" classname="character(0)" name="ard_missing.survey.design_follows_ard_structure"/>
  </testsuite>
  <testsuite name="ard_missing.survey.design" timestamp="2025-10-08T14:18:21Z" hostname="cb37434e5588" tests="1" skipped="0" failures="0" errors="0" time="0.002">
    <testcase time="0.00199999999999889" classname="character(0)" name="ard_missing.survey.design_works_on_design_columns"/>
  </testsuite>
  <testsuite name="ard_regression_basic" timestamp="2025-10-08T14:18:22Z" hostname="cb37434e5588" tests="2" skipped="1" failures="0" errors="0" time="0.885">
    <testcase time="0.885000000000002" classname="character(0)" name="ard_regression_basic_works"/>
    <testcase time="0" classname="character(0)" name="ard_regression_basic_works">
      <skipped message="Reason: On CRAN ('test-ard_regression_basic.R:12:3')"/>
    </testcase>
  </testsuite>
  <testsuite name="ard_regression_basic" timestamp="2025-10-08T14:18:22Z" hostname="cb37434e5588" tests="1" skipped="0" failures="0" errors="0" time="0.012">
    <testcase time="0.0119999999999987" classname="character(0)" name="ard_regression_basic_does_not_produce_variable_level_column_where_not_applicable"/>
  </testsuite>
  <testsuite name="ard_regression_basic" timestamp="2025-10-08T14:18:22Z" hostname="cb37434e5588" tests="1" skipped="0" failures="0" errors="0" time="0.002">
    <testcase time="0.00200000000000067" classname="character(0)" name="ard_regression_basic_follows_ard_structure"/>
  </testsuite>
  <testsuite name="ard_regression" timestamp="2025-10-08T14:18:23Z" hostname="cb37434e5588" tests="2" skipped="1" failures="0" errors="0" time="0.588">
    <testcase time="0.587" classname="character(0)" name="ard_regression_works"/>
    <testcase time="0.000999999999999446" classname="character(0)" name="ard_regression_works">
      <skipped message="Reason: On CRAN ('test-ard_regression.R:12:3')"/>
    </testcase>
  </testsuite>
  <testsuite name="ard_regression" timestamp="2025-10-08T14:18:23Z" hostname="cb37434e5588" tests="1" skipped="1" failures="0" errors="0" time="0.017">
    <testcase time="0.0170000000000012" classname="character(0)" name="ard_regression_works_specifying_custom_tidier">
      <skipped message="Reason: On CRAN ('test-ard_regression.R:44:3')"/>
    </testcase>
  </testsuite>
  <testsuite name="ard_regression" timestamp="2025-10-08T14:18:23Z" hostname="cb37434e5588" tests="1" skipped="0" failures="0" errors="0" time="0.011">
    <testcase time="0.0109999999999992" classname="character(0)" name="ard_regression_does_not_produce_variable_level_column_where_not_applicable"/>
  </testsuite>
  <testsuite name="ard_regression" timestamp="2025-10-08T14:18:23Z" hostname="cb37434e5588" tests="2" skipped="0" failures="0" errors="0" time="0.002">
    <testcase time="0.000999999999999446" classname="character(0)" name="ard_regression_warnings_and_errors_return_correctly"/>
    <testcase time="0.00100000000000122" classname="character(0)" name="ard_regression_warnings_and_errors_return_correctly"/>
  </testsuite>
  <testsuite name="ard_regression" timestamp="2025-10-08T14:18:23Z" hostname="cb37434e5588" tests="1" skipped="0" failures="0" errors="0" time="0.002">
    <testcase time="0.00199999999999889" classname="character(0)" name="ard_regression_follows_ard_structure"/>
  </testsuite>
  <testsuite name="ard_smd_smd" timestamp="2025-10-08T14:18:23Z" hostname="cb37434e5588" tests="3" skipped="0" failures="0" errors="0" time="0.014">
    <testcase time="0.0120000000000005" classname="character(0)" name="ard_smd_smd_works"/>
    <testcase time="0.000999999999999446" classname="character(0)" name="ard_smd_smd_works"/>
    <testcase time="0.00100000000000122" classname="character(0)" name="ard_smd_smd_works"/>
  </testsuite>
  <testsuite name="ard_smd_smd" timestamp="2025-10-08T14:18:23Z" hostname="cb37434e5588" tests="2" skipped="0" failures="0" errors="0" time="0.003">
    <testcase time="0.00199999999999889" classname="character(0)" name="ard_smd_works_with_survey_data"/>
    <testcase time="0.00100000000000122" classname="character(0)" name="ard_smd_works_with_survey_data"/>
  </testsuite>
  <testsuite name="ard_smd_smd" timestamp="2025-10-08T14:18:23Z" hostname="cb37434e5588" tests="4" skipped="0" failures="0" errors="0" time="0.005">
    <testcase time="0.00300000000000011" classname="character(0)" name="ard_smd_smd_error_messaging"/>
    <testcase time="0.000999999999999446" classname="character(0)" name="ard_smd_smd_error_messaging"/>
    <testcase time="0" classname="character(0)" name="ard_smd_smd_error_messaging"/>
    <testcase time="0.000999999999999446" classname="character(0)" name="ard_smd_smd_error_messaging"/>
  </testsuite>
  <testsuite name="ard_smd_smd" timestamp="2025-10-08T14:18:23Z" hostname="cb37434e5588" tests="1" skipped="0" failures="0" errors="0" time="0.003">
    <testcase time="0.00300000000000011" classname="character(0)" name="ard_smd_smd_follows_ard_structure"/>
  </testsuite>
  <testsuite name="ard_stats_aov" timestamp="2025-10-08T14:18:23Z" hostname="cb37434e5588" tests="3" skipped="1" failures="0" errors="0" time="0.242">
    <testcase time="0.241" classname="character(0)" name="ard_aov_works"/>
    <testcase time="0" classname="character(0)" name="ard_aov_works"/>
    <testcase time="0.00100000000000122" classname="character(0)" name="ard_aov_works">
      <skipped message="Reason: On CRAN ('test-ard_stats_aov.R:26:3')"/>
    </testcase>
  </testsuite>
  <testsuite name="ard_stats_aov" timestamp="2025-10-08T14:18:23Z" hostname="cb37434e5588" tests="1" skipped="0" failures="0" errors="0" time="0.012">
    <testcase time="0.0119999999999987" classname="character(0)" name="ard_stats_aov_follows_ard_structure"/>
  </testsuite>
  <testsuite name="ard_stats_chisq_test" timestamp="2025-10-08T14:18:23Z" hostname="cb37434e5588" tests="3" skipped="0" failures="0" errors="0" time="0.226">
    <testcase time="0.225000000000001" classname="character(0)" name="ard_stats_chisq_test_works"/>
    <testcase time="0.000999999999999446" classname="character(0)" name="ard_stats_chisq_test_works"/>
    <testcase time="0" classname="character(0)" name="ard_stats_chisq_test_works"/>
  </testsuite>
  <testsuite name="ard_stats_chisq_test" timestamp="2025-10-08T14:18:23Z" hostname="cb37434e5588" tests="1" skipped="0" failures="0" errors="0" time="0.002">
    <testcase time="0.00200000000000067" classname="character(0)" name="ard_stats_chisq_test_follows_ard_structure"/>
  </testsuite>
  <testsuite name="ard_stats_fisher_test" timestamp="2025-10-08T14:18:24Z" hostname="cb37434e5588" tests="3" skipped="0" failures="0" errors="0" time="0.228">
    <testcase time="0.226999999999999" classname="character(0)" name="ard_stats_fisher_test_works"/>
    <testcase time="0.00100000000000122" classname="character(0)" name="ard_stats_fisher_test_works"/>
    <testcase time="0" classname="character(0)" name="ard_stats_fisher_test_works"/>
  </testsuite>
  <testsuite name="ard_stats_fisher_test" timestamp="2025-10-08T14:18:24Z" hostname="cb37434e5588" tests="1" skipped="0" failures="0" errors="0" time="0.002">
    <testcase time="0.00199999999999889" classname="character(0)" name="ard_stats_fisher_test_follows_ard_structure"/>
  </testsuite>
  <testsuite name="ard_stats_kruskal_test" timestamp="2025-10-08T14:18:24Z" hostname="cb37434e5588" tests="3" skipped="1" failures="0" errors="0" time="0.204">
    <testcase time="0.202" classname="character(0)" name="ard_stats_kruskal_test_works"/>
    <testcase time="0.00100000000000122" classname="character(0)" name="ard_stats_kruskal_test_works"/>
    <testcase time="0.000999999999999446" classname="character(0)" name="ard_stats_kruskal_test_works">
      <skipped message="Reason: On CRAN ('test-ard_stats_kruskal_test.R:22:3')"/>
    </testcase>
  </testsuite>
  <testsuite name="ard_stats_kruskal_test" timestamp="2025-10-08T14:18:24Z" hostname="cb37434e5588" tests="1" skipped="0" failures="0" errors="0" time="0.012">
    <testcase time="0.0120000000000005" classname="character(0)" name="ard_stats_kruskal_test_follows_ard_structure"/>
  </testsuite>
  <testsuite name="ard_stats_mantelhaen_test" timestamp="2025-10-08T14:18:24Z" hostname="cb37434e5588" tests="2" skipped="1" failures="0" errors="0" time="0.209">
    <testcase time="0.209" classname="character(0)" name="ard_stats_mantelhaen_test_works"/>
    <testcase time="0" classname="character(0)" name="ard_stats_mantelhaen_test_works">
      <skipped message="Reason: On CRAN ('test-ard_stats_mantelhaen_test.R:11:3')"/>
    </testcase>
  </testsuite>
  <testsuite name="ard_stats_mantelhaen_test" timestamp="2025-10-08T14:18:24Z" hostname="cb37434e5588" tests="3" skipped="0" failures="0" errors="0" time="0.013">
    <testcase time="0.0120000000000005" classname="character(0)" name="ard_stats_mantelhaen_test_displays_errors_correctly"/>
    <testcase time="0.000999999999999446" classname="character(0)" name="ard_stats_mantelhaen_test_displays_errors_correctly"/>
    <testcase time="0" classname="character(0)" name="ard_stats_mantelhaen_test_displays_errors_correctly"/>
  </testsuite>
  <testsuite name="ard_stats_anova" timestamp="2025-10-08T14:18:24Z" hostname="cb37434e5588" tests="1" skipped="0" failures="0" errors="0" time="0.351">
    <testcase time="0.351000000000001" classname="character(0)" name="ard_stats_anova.anova_works"/>
  </testsuite>
  <testsuite name="ard_stats_anova" timestamp="2025-10-08T14:18:24Z" hostname="cb37434e5588" tests="7" skipped="0" failures="0" errors="0" time="0.009">
    <testcase time="0.00299999999999834" classname="character(0)" name="ard_stats_anova.data.frame_works"/>
    <testcase time="0.00100000000000122" classname="character(0)" name="ard_stats_anova.data.frame_works"/>
    <testcase time="0.000999999999999446" classname="character(0)" name="ard_stats_anova.data.frame_works"/>
    <testcase time="0.000999999999999446" classname="character(0)" name="ard_stats_anova.data.frame_works"/>
    <testcase time="0.00100000000000122" classname="character(0)" name="ard_stats_anova.data.frame_works"/>
    <testcase time="0.000999999999999446" classname="character(0)" name="ard_stats_anova.data.frame_works"/>
    <testcase time="0.000999999999999446" classname="character(0)" name="ard_stats_anova.data.frame_works"/>
  </testsuite>
  <testsuite name="ard_stats_anova" timestamp="2025-10-08T14:18:24Z" hostname="cb37434e5588" tests="1" skipped="0" failures="0" errors="0" time="0.002">
    <testcase time="0.00200000000000067" classname="character(0)" name="ard_stats_anova.data.frame_error_messaging"/>
  </testsuite>
  <testsuite name="ard_stats_anova" timestamp="2025-10-08T14:18:24Z" hostname="cb37434e5588" tests="1" skipped="0" failures="0" errors="0" time="0.001">
    <testcase time="0.000999999999999446" classname="character(0)" name="ard_stats_anova_follows_ard_structure"/>
  </testsuite>
  <testsuite name="ard_stats_mcnemar_test" timestamp="2025-10-08T14:18:24Z" hostname="cb37434e5588" tests="7" skipped="0" failures="0" errors="0" time="0.067">
    <testcase time="0.0640000000000001" classname="character(0)" name="ard_stats_mcnemar_test_works"/>
    <testcase time="0.00100000000000122" classname="character(0)" name="ard_stats_mcnemar_test_works"/>
    <testcase time="0" classname="character(0)" name="ard_stats_mcnemar_test_works"/>
    <testcase time="0" classname="character(0)" name="ard_stats_mcnemar_test_works"/>
    <testcase time="0.000999999999999446" classname="character(0)" name="ard_stats_mcnemar_test_works"/>
    <testcase time="0" classname="character(0)" name="ard_stats_mcnemar_test_works"/>
    <testcase time="0.000999999999999446" classname="character(0)" name="ard_stats_mcnemar_test_works"/>
  </testsuite>
  <testsuite name="ard_stats_mcnemar_test" timestamp="2025-10-08T14:18:24Z" hostname="cb37434e5588" tests="1" skipped="0" failures="0" errors="0" time="0.002">
    <testcase time="0.00200000000000067" classname="character(0)" name="ard_stats_mcnemar_test_follows_ard_structure"/>
  </testsuite>
  <testsuite name="ard_stats_mood_test" timestamp="2025-10-08T14:18:25Z" hostname="cb37434e5588" tests="3" skipped="1" failures="0" errors="0" time="0.143">
    <testcase time="0.141" classname="character(0)" name="ard_stats_mood_test_works"/>
    <testcase time="0.000999999999999446" classname="character(0)" name="ard_stats_mood_test_works"/>
    <testcase time="0.00100000000000122" classname="character(0)" name="ard_stats_mood_test_works">
      <skipped message="Reason: On CRAN ('test-ard_stats_mood_test.R:22:3')"/>
    </testcase>
  </testsuite>
  <testsuite name="ard_stats_mood_test" timestamp="2025-10-08T14:18:25Z" hostname="cb37434e5588" tests="1" skipped="0" failures="0" errors="0" time="0.015">
    <testcase time="0.0149999999999988" classname="character(0)" name="ard_stats_mood_test_follows_ard_structure"/>
  </testsuite>
  <testsuite name="ard_stats_oneway_test" timestamp="2025-10-08T14:18:25Z" hostname="cb37434e5588" tests="3" skipped="1" failures="0" errors="0" time="0.099">
    <testcase time="0.0970000000000013" classname="character(0)" name="ard_stats_oneway_test_works"/>
    <testcase time="0.000999999999999446" classname="character(0)" name="ard_stats_oneway_test_works"/>
    <testcase time="0.000999999999999446" classname="character(0)" name="ard_stats_oneway_test_works">
      <skipped message="Reason: On CRAN ('test-ard_stats_oneway_test.R:24:3')"/>
    </testcase>
  </testsuite>
  <testsuite name="ard_stats_oneway_test" timestamp="2025-10-08T14:18:25Z" hostname="cb37434e5588" tests="1" skipped="0" failures="0" errors="0" time="0.016">
    <testcase time="0.016" classname="character(0)" name="ard_stats_oneway_test_follows_ard_structure"/>
  </testsuite>
  <testsuite name="ard_stats_poisson_test" timestamp="2025-10-08T14:18:25Z" hostname="cb37434e5588" tests="3" skipped="0" failures="0" errors="0" time="0.206">
    <testcase time="0.204000000000001" classname="character(0)" name="ard_stats_poisson_test_works_for_one_sample_tests"/>
    <testcase time="0.000999999999999446" classname="character(0)" name="ard_stats_poisson_test_works_for_one_sample_tests"/>
    <testcase time="0.00100000000000122" classname="character(0)" name="ard_stats_poisson_test_works_for_one_sample_tests"/>
  </testsuite>
  <testsuite name="ard_stats_poisson_test" timestamp="2025-10-08T14:18:25Z" hostname="cb37434e5588" tests="2" skipped="0" failures="0" errors="0" time="0.004">
    <testcase time="0.00300000000000011" classname="character(0)" name="ard_stats_poisson_test_works_for_two_sample_tests"/>
    <testcase time="0.000999999999999446" classname="character(0)" name="ard_stats_poisson_test_works_for_two_sample_tests"/>
  </testsuite>
  <testsuite name="ard_stats_poisson_test" timestamp="2025-10-08T14:18:25Z" hostname="cb37434e5588" tests="1" skipped="1" failures="0" errors="0" time="0.003">
    <testcase time="0.00300000000000011" classname="character(0)" name="ard_stats_poisson_test_errors_are_handled_correctly">
      <skipped message="Reason: On CRAN ('test-ard_stats_poisson_test.R:74:3')"/>
    </testcase>
  </testsuite>
  <testsuite name="ard_stats_poisson_test" timestamp="2025-10-08T14:18:25Z" hostname="cb37434e5588" tests="1" skipped="0" failures="0" errors="0" time="0.012">
    <testcase time="0.0120000000000005" classname="character(0)" name="ard_stats_poisson_test_follows_ard_structure"/>
  </testsuite>
  <testsuite name="ard_stats_prop_test" timestamp="2025-10-08T14:18:25Z" hostname="cb37434e5588" tests="3" skipped="0" failures="0" errors="0" time="0.326">
    <testcase time="0.324999999999999" classname="character(0)" name="ard_stats_prop_test_works"/>
    <testcase time="0.00100000000000122" classname="character(0)" name="ard_stats_prop_test_works"/>
    <testcase time="0" classname="character(0)" name="ard_stats_prop_test_works"/>
  </testsuite>
  <testsuite name="ard_stats_prop_test" timestamp="2025-10-08T14:18:25Z" hostname="cb37434e5588" tests="8" skipped="0" failures="0" errors="0" time="0.006">
    <testcase time="0.00199999999999889" classname="character(0)" name="ard_stats_prop_test_error_messaging"/>
    <testcase time="0.000999999999999446" classname="character(0)" name="ard_stats_prop_test_error_messaging"/>
    <testcase time="0" classname="character(0)" name="ard_stats_prop_test_error_messaging"/>
    <testcase time="0.00100000000000122" classname="character(0)" name="ard_stats_prop_test_error_messaging"/>
    <testcase time="0" classname="character(0)" name="ard_stats_prop_test_error_messaging"/>
    <testcase time="0.000999999999999446" classname="character(0)" name="ard_stats_prop_test_error_messaging"/>
    <testcase time="0.000999999999999446" classname="character(0)" name="ard_stats_prop_test_error_messaging"/>
    <testcase time="0" classname="character(0)" name="ard_stats_prop_test_error_messaging"/>
  </testsuite>
  <testsuite name="ard_stats_prop_test" timestamp="2025-10-08T14:18:25Z" hostname="cb37434e5588" tests="1" skipped="0" failures="0" errors="0" time="0.002">
    <testcase time="0.00200000000000067" classname="character(0)" name="ard_stats_prop_test_follows_ard_structure"/>
  </testsuite>
  <testsuite name="ard_stats_t_test" timestamp="2025-10-08T14:18:25Z" hostname="cb37434e5588" tests="6" skipped="0" failures="0" errors="0" time="0.135">
    <testcase time="0.129" classname="character(0)" name="ard_stats_t_test_works"/>
    <testcase time="0.00100000000000122" classname="character(0)" name="ard_stats_t_test_works"/>
    <testcase time="0.00199999999999889" classname="character(0)" name="ard_stats_t_test_works"/>
    <testcase time="0.00100000000000122" classname="character(0)" name="ard_stats_t_test_works"/>
    <testcase time="0.000999999999999446" classname="character(0)" name="ard_stats_t_test_works"/>
    <testcase time="0.000999999999999446" classname="character(0)" name="ard_stats_t_test_works"/>
  </testsuite>
  <testsuite name="ard_stats_t_test" timestamp="2025-10-08T14:18:25Z" hostname="cb37434e5588" tests="3" skipped="0" failures="0" errors="0" time="0.004">
    <testcase time="0.00300000000000011" classname="character(0)" name="ard_stats_paired_t_test_works"/>
    <testcase time="0" classname="character(0)" name="ard_stats_paired_t_test_works"/>
    <testcase time="0.000999999999999446" classname="character(0)" name="ard_stats_paired_t_test_works"/>
  </testsuite>
  <testsuite name="ard_stats_t_test" timestamp="2025-10-08T14:18:25Z" hostname="cb37434e5588" tests="1" skipped="0" failures="0" errors="0" time="0.002">
    <testcase time="0.00200000000000067" classname="character(0)" name="ard_stats_t_test_follows_ard_structure"/>
  </testsuite>
  <testsuite name="ard_stats_t_test_onesample" timestamp="2025-10-08T14:18:26Z" hostname="cb37434e5588" tests="5" skipped="0" failures="0" errors="0" time="0.284">
    <testcase time="0.279" classname="character(0)" name="ard_stats_t_test_onesample_works"/>
    <testcase time="0.00200000000000067" classname="character(0)" name="ard_stats_t_test_onesample_works"/>
    <testcase time="0.000999999999999446" classname="character(0)" name="ard_stats_t_test_onesample_works"/>
    <testcase time="0.000999999999999446" classname="character(0)" name="ard_stats_t_test_onesample_works"/>
    <testcase time="0.00100000000000122" classname="character(0)" name="ard_stats_t_test_onesample_works"/>
  </testsuite>
  <testsuite name="ard_stats_t_test_onesample" timestamp="2025-10-08T14:18:26Z" hostname="cb37434e5588" tests="1" skipped="0" failures="0" errors="0" time="0.002">
    <testcase time="0.00199999999999889" classname="character(0)" name="ard_stats_t_test_onesample_follows_ard_structure"/>
  </testsuite>
  <testsuite name="ard_stats_wilcox_test" timestamp="2025-10-08T14:18:26Z" hostname="cb37434e5588" tests="6" skipped="0" failures="0" errors="0" time="0.373">
    <testcase time="0.370000000000001" classname="character(0)" name="ard_stats_wilcox_test_works"/>
    <testcase time="0" classname="character(0)" name="ard_stats_wilcox_test_works"/>
    <testcase time="0.00100000000000122" classname="character(0)" name="ard_stats_wilcox_test_works"/>
    <testcase time="0.000999999999997669" classname="character(0)" name="ard_stats_wilcox_test_works"/>
    <testcase time="0" classname="character(0)" name="ard_stats_wilcox_test_works"/>
    <testcase time="0.00100000000000122" classname="character(0)" name="ard_stats_wilcox_test_works"/>
  </testsuite>
  <testsuite name="ard_stats_wilcox_test" timestamp="2025-10-08T14:18:26Z" hostname="cb37434e5588" tests="3" skipped="0" failures="0" errors="0" time="0.003">
    <testcase time="0.00199999999999889" classname="character(0)" name="ard_stats_paired_wilcox_test_works"/>
    <testcase time="0" classname="character(0)" name="ard_stats_paired_wilcox_test_works"/>
    <testcase time="0.00100000000000122" classname="character(0)" name="ard_stats_paired_wilcox_test_works"/>
  </testsuite>
  <testsuite name="ard_stats_wilcox_test" timestamp="2025-10-08T14:18:26Z" hostname="cb37434e5588" tests="1" skipped="0" failures="0" errors="0" time="0.002">
    <testcase time="0.00199999999999889" classname="character(0)" name="ard_stats_wilcox_test_follows_ard_structure"/>
  </testsuite>
  <testsuite name="ard_stats_wilcox_test_onesample" timestamp="2025-10-08T14:18:26Z" hostname="cb37434e5588" tests="5" skipped="0" failures="0" errors="0" time="0.152">
    <testcase time="0.148" classname="character(0)" name="ard_stats_wilcox_test_onesample_works"/>
    <testcase time="0.00100000000000122" classname="character(0)" name="ard_stats_wilcox_test_onesample_works"/>
    <testcase time="0.000999999999997669" classname="character(0)" name="ard_stats_wilcox_test_onesample_works"/>
    <testcase time="0.00100000000000122" classname="character(0)" name="ard_stats_wilcox_test_onesample_works"/>
    <testcase time="0.00100000000000122" classname="character(0)" name="ard_stats_wilcox_test_onesample_works"/>
  </testsuite>
  <testsuite name="ard_stats_wilcox_test_onesample" timestamp="2025-10-08T14:18:26Z" hostname="cb37434e5588" tests="1" skipped="0" failures="0" errors="0" time="0.004">
    <testcase time="0.00399999999999778" classname="character(0)" name="ard_stats_wilcox_test_onesample_follows_ard_structure"/>
  </testsuite>
  <testsuite name="ard_survey_svychisq" timestamp="2025-10-08T14:18:27Z" hostname="cb37434e5588" tests="3" skipped="1" failures="0" errors="0" time="0.382">
    <testcase time="0.380000000000003" classname="character(0)" name="ard_survey_svychisq_works"/>
    <testcase time="0.000999999999997669" classname="character(0)" name="ard_survey_svychisq_works"/>
    <testcase time="0.00100000000000122" classname="character(0)" name="ard_survey_svychisq_works">
      <skipped message="Reason: On CRAN ('test-ard_survey_svychisq.R:28:3')"/>
    </testcase>
  </testsuite>
  <testsuite name="ard_survey_svychisq" timestamp="2025-10-08T14:18:27Z" hostname="cb37434e5588" tests="1" skipped="0" failures="0" errors="0" time="0.015">
    <testcase time="0.0150000000000006" classname="character(0)" name="ard_survey_svychisq_follows_ard_structure"/>
  </testsuite>
  <testsuite name="ard_survey_svyranktest" timestamp="2025-10-08T14:18:27Z" hostname="cb37434e5588" tests="1" skipped="1" failures="0" errors="0" time="0.501">
    <testcase time="0.501000000000001" classname="character(0)" name="ard_survey_svyranktest_works">
      <skipped message="Reason: On CRAN ('test-ard_survey_svyranktest.R:18:3')"/>
    </testcase>
  </testsuite>
  <testsuite name="ard_survey_svyranktest" timestamp="2025-10-08T14:18:27Z" hostname="cb37434e5588" tests="1" skipped="0" failures="0" errors="0" time="0.012">
    <testcase time="0.0119999999999969" classname="character(0)" name="exact_values_match_for_ard_svyranktest_works"/>
  </testsuite>
  <testsuite name="ard_survey_svyranktest" timestamp="2025-10-08T14:18:27Z" hostname="cb37434e5588" tests="1" skipped="0" failures="0" errors="0" time="0.002">
    <testcase time="0.00200000000000244" classname="character(0)" name="ard_survey_svyranktest_follows_ard_structure"/>
  </testsuite>
  <testsuite name="ard_survey_svyttest" timestamp="2025-10-08T14:18:28Z" hostname="cb37434e5588" tests="4" skipped="0" failures="0" errors="0" time="0.49">
    <testcase time="0.488" classname="character(0)" name="ard_survey_svyttest_works"/>
    <testcase time="0.000999999999997669" classname="character(0)" name="ard_survey_svyttest_works"/>
    <testcase time="0" classname="character(0)" name="ard_survey_svyttest_works"/>
    <testcase time="0.00100000000000122" classname="character(0)" name="ard_survey_svyttest_works"/>
  </testsuite>
  <testsuite name="ard_survey_svyttest" timestamp="2025-10-08T14:18:28Z" hostname="cb37434e5588" tests="2" skipped="0" failures="0" errors="0" time="0.003">
    <testcase time="0.00199999999999889" classname="character(0)" name="ard_survey_svyttest_messaging"/>
    <testcase time="0.00100000000000122" classname="character(0)" name="ard_survey_svyttest_messaging"/>
  </testsuite>
  <testsuite name="ard_survey_svyttest" timestamp="2025-10-08T14:18:28Z" hostname="cb37434e5588" tests="1" skipped="0" failures="0" errors="0" time="0.002">
    <testcase time="0.00199999999999889" classname="character(0)" name="ard_survey_svyttest_follows_ard_structure"/>
  </testsuite>
  <testsuite name="ard_survival_survdiff" timestamp="2025-10-08T14:18:28Z" hostname="cb37434e5588" tests="6" skipped="0" failures="0" errors="0" time="0.269">
    <testcase time="0.266000000000002" classname="character(0)" name="ard_survival_survdiff_works"/>
    <testcase time="0.00100000000000122" classname="character(0)" name="ard_survival_survdiff_works"/>
    <testcase time="0.000999999999997669" classname="character(0)" name="ard_survival_survdiff_works"/>
    <testcase time="0" classname="character(0)" name="ard_survival_survdiff_works"/>
    <testcase time="0.00100000000000122" classname="character(0)" name="ard_survival_survdiff_works"/>
    <testcase time="0" classname="character(0)" name="ard_survival_survdiff_works"/>
  </testsuite>
  <testsuite name="ard_survival_survdiff" timestamp="2025-10-08T14:18:28Z" hostname="cb37434e5588" tests="4" skipped="0" failures="0" errors="0" time="0.004">
    <testcase time="0.00199999999999889" classname="character(0)" name="ard_survival_survdiff_error_messaging"/>
    <testcase time="0.00100000000000122" classname="character(0)" name="ard_survival_survdiff_error_messaging"/>
    <testcase time="0" classname="character(0)" name="ard_survival_survdiff_error_messaging"/>
    <testcase time="0.00100000000000122" classname="character(0)" name="ard_survival_survdiff_error_messaging"/>
  </testsuite>
  <testsuite name="ard_survival_survdiff" timestamp="2025-10-08T14:18:28Z" hostname="cb37434e5588" tests="1" skipped="0" failures="0" errors="0" time="0.002">
    <testcase time="0.00199999999999889" classname="character(0)" name="ard_survival_survdiff_follows_ard_structure"/>
  </testsuite>
  <testsuite name="ard_survival_survfit" timestamp="2025-10-08T14:18:30Z" hostname="cb37434e5588" tests="1" skipped="1" failures="0" errors="0" time="2.18">
    <testcase time="2.18" classname="character(0)" name="ard_survival_survfit_works_with_times_provided">
      <skipped message="Reason: On CRAN ('test-ard_survival_survfit.R:6:3')"/>
    </testcase>
  </testsuite>
  <testsuite name="ard_survival_survfit" timestamp="2025-10-08T14:18:30Z" hostname="cb37434e5588" tests="1" skipped="1" failures="0" errors="0" time="0.015">
    <testcase time="0.014999999999997" classname="character(0)" name="ard_survival_survfit_works_with_different_type">
      <skipped message="Reason: On CRAN ('test-ard_survival_survfit.R:19:3')"/>
    </testcase>
  </testsuite>
  <testsuite name="ard_survival_survfit" timestamp="2025-10-08T14:18:30Z" hostname="cb37434e5588" tests="1" skipped="1" failures="0" errors="0" time="0.011">
    <testcase time="0.0110000000000028" classname="character(0)" name="ard_survival_survfit_works_with_probs_provided">
      <skipped message="Reason: On CRAN ('test-ard_survival_survfit.R:32:3')"/>
    </testcase>
  </testsuite>
  <testsuite name="ard_survival_survfit" timestamp="2025-10-08T14:18:30Z" hostname="cb37434e5588" tests="1" skipped="1" failures="0" errors="0" time="0.011">
    <testcase time="0.0109999999999992" classname="character(0)" name="ard_survival_survfit_works_with_unstratified_model">
      <skipped message="Reason: On CRAN ('test-ard_survival_survfit.R:45:3')"/>
    </testcase>
  </testsuite>
  <testsuite name="ard_survival_survfit" timestamp="2025-10-08T14:18:30Z" hostname="cb37434e5588" tests="1" skipped="1" failures="0" errors="0" time="0.011">
    <testcase time="0.0109999999999992" classname="character(0)" name="ard_survival_survfit_works_with_multiple_stratification_variables">
      <skipped message="Reason: On CRAN ('test-ard_survival_survfit.R:67:3')"/>
    </testcase>
  </testsuite>
  <testsuite name="ard_survival_survfit" timestamp="2025-10-08T14:18:30Z" hostname="cb37434e5588" tests="1" skipped="1" failures="0" errors="0" time="0.014">
    <testcase time="0.0139999999999993" classname="character(0)" name="ard_survival_survfit_works_with_competing_risks">
      <skipped message="Reason: On CRAN ('test-ard_survival_survfit.R:103:3')"/>
    </testcase>
  </testsuite>
  <testsuite name="ard_survival_survfit" timestamp="2025-10-08T14:18:30Z" hostname="cb37434e5588" tests="1" skipped="1" failures="0" errors="0" time="0.01">
    <testcase time="0.0100000000000016" classname="character(0)" name="ard_survival_survfit_errors_are_properly_handled">
      <skipped message="Reason: On CRAN ('test-ard_survival_survfit.R:123:3')"/>
    </testcase>
  </testsuite>
  <testsuite name="ard_survival_survfit" timestamp="2025-10-08T14:18:30Z" hostname="cb37434e5588" tests="1" skipped="0" failures="0" errors="0" time="0.011">
    <testcase time="0.0110000000000028" classname="character(0)" name="ard_survival_survfit_works_with_non_syntactic_names"/>
  </testsuite>
  <testsuite name="ard_survival_survfit" timestamp="2025-10-08T14:18:30Z" hostname="cb37434e5588" tests="1" skipped="1" failures="0" errors="0" time="0.003">
    <testcase time="0.00300000000000011" classname="character(0)" name="ard_survival_survfit_errors_with_stratified_Cox_model">
      <skipped message="Reason: On CRAN ('test-ard_survival_survfit.R:193:3')"/>
    </testcase>
  </testsuite>
  <testsuite name="ard_survival_survfit" timestamp="2025-10-08T14:18:30Z" hostname="cb37434e5588" tests="1" skipped="1" failures="0" errors="0" time="0.012">
    <testcase time="0.0120000000000005" classname="character(0)" name="ard_survival_survfit_works_with_in_strata_variable_level_labels">
      <skipped message="Reason: On CRAN ('test-ard_survival_survfit.R:207:3')"/>
    </testcase>
  </testsuite>
  <testsuite name="ard_survival_survfit" timestamp="2025-10-08T14:18:30Z" hostname="cb37434e5588" tests="1" skipped="0" failures="0" errors="0" time="0.017">
    <testcase time="0.0169999999999995" classname="character(0)" name="ard_survival_survfit_follows_ard_structure"/>
  </testsuite>
  <testsuite name="ard_survival_survfit" timestamp="2025-10-08T14:18:30Z" hostname="cb37434e5588" tests="1" skipped="1" failures="0" errors="0" time="0.002">
    <testcase time="0.00199999999999889" classname="character(0)" name="ard_survival_survfit_extends_to_times_outside_range">
      <skipped message="Reason: On CRAN ('test-ard_survival_survfit.R:224:3')"/>
    </testcase>
  </testsuite>
  <testsuite name="ard_survival_survfit" timestamp="2025-10-08T14:18:30Z" hostname="cb37434e5588" tests="1" skipped="1" failures="0" errors="0" time="0.012">
    <testcase time="0.0120000000000005" classname="character(0)" name="ard_survival_survfit.data.frame_works_as_expected">
      <skipped message="Reason: On CRAN ('test-ard_survival_survfit.R:235:3')"/>
    </testcase>
  </testsuite>
  <testsuite name="ard_survival_survfit" timestamp="2025-10-08T14:18:30Z" hostname="cb37434e5588" tests="1" skipped="0" failures="0" errors="0" time="0.012">
    <testcase time="0.0120000000000005" classname="character(0)" name="ard_survival_survfit.data.frame_variables_NULL_for_unstratified_model"/>
  </testsuite>
  <testsuite name="ard_survival_survfit_diff" timestamp="2025-10-08T14:18:31Z" hostname="cb37434e5588" tests="4" skipped="0" failures="0" errors="0" time="0.424">
    <testcase time="0.422000000000001" classname="character(0)" name="ard_survival_survfit_diff_works"/>
    <testcase time="0.000999999999997669" classname="character(0)" name="ard_survival_survfit_diff_works"/>
    <testcase time="0.00100000000000122" classname="character(0)" name="ard_survival_survfit_diff_works"/>
    <testcase time="0" classname="character(0)" name="ard_survival_survfit_diff_works"/>
  </testsuite>
  <testsuite name="ard_survival_survfit_diff" timestamp="2025-10-08T14:18:31Z" hostname="cb37434e5588" tests="1" skipped="1" failures="0" errors="0" time="0.002">
    <testcase time="0.00199999999999889" classname="character(0)" name="ard_survival_survfit_diff_messaging">
      <skipped message="Reason: On CRAN ('test-ard_survival_survfit_diff.R:40:3')"/>
    </testcase>
  </testsuite>
  <testsuite name="ard_survival_survfit_diff" timestamp="2025-10-08T14:18:31Z" hostname="cb37434e5588" tests="1" skipped="0" failures="0" errors="0" time="0.015">
    <testcase time="0.0150000000000006" classname="character(0)" name="ard_survival_survfit_diff_follows_ard_structure"/>
  </testsuite>
  <testsuite name="ard_tabulate.survey.design" timestamp="2025-10-08T14:18:55Z" hostname="cb37434e5588" tests="54" skipped="0" failures="0" errors="0" time="24.345">
    <testcase time="24.308" classname="character(0)" name="ard_tabulate.survey.design_works"/>
    <testcase time="0.000999999999997669" classname="character(0)" name="ard_tabulate.survey.design_works"/>
    <testcase time="0.00100000000000477" classname="character(0)" name="ard_tabulate.survey.design_works"/>
    <testcase time="0" classname="character(0)" name="ard_tabulate.survey.design_works"/>
    <testcase time="0.000999999999997669" classname="character(0)" name="ard_tabulate.survey.design_works"/>
    <testcase time="0" classname="character(0)" name="ard_tabulate.survey.design_works"/>
    <testcase time="0.000999999999997669" classname="character(0)" name="ard_tabulate.survey.design_works"/>
    <testcase time="0" classname="character(0)" name="ard_tabulate.survey.design_works"/>
    <testcase time="0.00100000000000477" classname="character(0)" name="ard_tabulate.survey.design_works"/>
    <testcase time="0.000999999999997669" classname="character(0)" name="ard_tabulate.survey.design_works"/>
    <testcase time="0" classname="character(0)" name="ard_tabulate.survey.design_works"/>
    <testcase time="0.000999999999997669" classname="character(0)" name="ard_tabulate.survey.design_works"/>
    <testcase time="0" classname="character(0)" name="ard_tabulate.survey.design_works"/>
    <testcase time="0.00100000000000477" classname="character(0)" name="ard_tabulate.survey.design_works"/>
    <testcase time="0" classname="character(0)" name="ard_tabulate.survey.design_works"/>
    <testcase time="0.000999999999997669" classname="character(0)" name="ard_tabulate.survey.design_works"/>
    <testcase time="0.000999999999997669" classname="character(0)" name="ard_tabulate.survey.design_works"/>
    <testcase time="0" classname="character(0)" name="ard_tabulate.survey.design_works"/>
    <testcase time="0.00100000000000477" classname="character(0)" name="ard_tabulate.survey.design_works"/>
    <testcase time="0" classname="character(0)" name="ard_tabulate.survey.design_works"/>
    <testcase time="0.000999999999997669" classname="character(0)" name="ard_tabulate.survey.design_works"/>
    <testcase time="0.000999999999997669" classname="character(0)" name="ard_tabulate.survey.design_works"/>
    <testcase time="0" classname="character(0)" name="ard_tabulate.survey.design_works"/>
    <testcase time="0.00100000000000477" classname="character(0)" name="ard_tabulate.survey.design_works"/>
    <testcase time="0.00399999999999778" classname="character(0)" name="ard_tabulate.survey.design_works"/>
    <testcase time="0" classname="character(0)" name="ard_tabulate.survey.design_works"/>
    <testcase time="0.000999999999997669" classname="character(0)" name="ard_tabulate.survey.design_works"/>
    <testcase time="0.000999999999997669" classname="character(0)" name="ard_tabulate.survey.design_works"/>
    <testcase time="0" classname="character(0)" name="ard_tabulate.survey.design_works"/>
    <testcase time="0.00100000000000477" classname="character(0)" name="ard_tabulate.survey.design_works"/>
    <testcase time="0.000999999999997669" classname="character(0)" name="ard_tabulate.survey.design_works"/>
    <testcase time="0" classname="character(0)" name="ard_tabulate.survey.design_works"/>
    <testcase time="0.000999999999997669" classname="character(0)" name="ard_tabulate.survey.design_works"/>
    <testcase time="0.00100000000000477" classname="character(0)" name="ard_tabulate.survey.design_works"/>
    <testcase time="0" classname="character(0)" name="ard_tabulate.survey.design_works"/>
    <testcase time="0.000999999999997669" classname="character(0)" name="ard_tabulate.survey.design_works"/>
    <testcase time="0.000999999999997669" classname="character(0)" name="ard_tabulate.survey.design_works"/>
    <testcase time="0" classname="character(0)" name="ard_tabulate.survey.design_works"/>
    <testcase time="0.00100000000000477" classname="character(0)" name="ard_tabulate.survey.design_works"/>
    <testcase time="0.000999999999997669" classname="character(0)" name="ard_tabulate.survey.design_works"/>
    <testcase time="0" classname="character(0)" name="ard_tabulate.survey.design_works"/>
    <testcase time="0.000999999999997669" classname="character(0)" name="ard_tabulate.survey.design_works"/>
    <testcase time="0.00100000000000477" classname="character(0)" name="ard_tabulate.survey.design_works"/>
    <testcase time="0" classname="character(0)" name="ard_tabulate.survey.design_works"/>
    <testcase time="0.000999999999997669" classname="character(0)" name="ard_tabulate.survey.design_works"/>
    <testcase time="0.000999999999997669" classname="character(0)" name="ard_tabulate.survey.design_works"/>
    <testcase time="0" classname="character(0)" name="ard_tabulate.survey.design_works"/>
    <testcase time="0.00100000000000477" classname="character(0)" name="ard_tabulate.survey.design_works"/>
    <testcase time="0.000999999999997669" classname="character(0)" name="ard_tabulate.survey.design_works"/>
    <testcase time="0.000999999999997669" classname="character(0)" name="ard_tabulate.survey.design_works"/>
    <testcase time="0" classname="character(0)" name="ard_tabulate.survey.design_works"/>
    <testcase time="0.00100000000000477" classname="character(0)" name="ard_tabulate.survey.design_works"/>
    <testcase time="0.000999999999997669" classname="character(0)" name="ard_tabulate.survey.design_works"/>
    <testcase time="0" classname="character(0)" name="ard_tabulate.survey.design_works"/>
  </testsuite>
  <testsuite name="ard_tabulate.survey.design" timestamp="2025-10-08T14:18:55Z" hostname="cb37434e5588" tests="1" skipped="1" failures="0" errors="0" time="0.003">
    <testcase time="0.00300000000000011" classname="character(0)" name="ard_tabulate.survey.design_returns_an_error_when_variables_have_all_NAs">
      <skipped message="Reason: On CRAN ('test-ard_tabulate.survey.design.R:428:3')"/>
    </testcase>
  </testsuite>
  <testsuite name="ard_tabulate.survey.design" timestamp="2025-10-08T14:18:55Z" hostname="cb37434e5588" tests="39" skipped="0" failures="0" errors="0" time="0.039">
    <testcase time="0.0120000000000005" classname="character(0)" name="ard_tabulate.survey.design_works_for_unobserved_factor_levels"/>
    <testcase time="0.000999999999997669" classname="character(0)" name="ard_tabulate.survey.design_works_for_unobserved_factor_levels"/>
    <testcase time="0" classname="character(0)" name="ard_tabulate.survey.design_works_for_unobserved_factor_levels"/>
    <testcase time="0.00100000000000477" classname="character(0)" name="ard_tabulate.survey.design_works_for_unobserved_factor_levels"/>
    <testcase time="0" classname="character(0)" name="ard_tabulate.survey.design_works_for_unobserved_factor_levels"/>
    <testcase time="0.000999999999997669" classname="character(0)" name="ard_tabulate.survey.design_works_for_unobserved_factor_levels"/>
    <testcase time="0.000999999999997669" classname="character(0)" name="ard_tabulate.survey.design_works_for_unobserved_factor_levels"/>
    <testcase time="0" classname="character(0)" name="ard_tabulate.survey.design_works_for_unobserved_factor_levels"/>
    <testcase time="0.00100000000000477" classname="character(0)" name="ard_tabulate.survey.design_works_for_unobserved_factor_levels"/>
    <testcase time="0" classname="character(0)" name="ard_tabulate.survey.design_works_for_unobserved_factor_levels"/>
    <testcase time="0.000999999999997669" classname="character(0)" name="ard_tabulate.survey.design_works_for_unobserved_factor_levels"/>
    <testcase time="0" classname="character(0)" name="ard_tabulate.survey.design_works_for_unobserved_factor_levels"/>
    <testcase time="0.000999999999997669" classname="character(0)" name="ard_tabulate.survey.design_works_for_unobserved_factor_levels"/>
    <testcase time="0.00100000000000477" classname="character(0)" name="ard_tabulate.survey.design_works_for_unobserved_factor_levels"/>
    <testcase time="0" classname="character(0)" name="ard_tabulate.survey.design_works_for_unobserved_factor_levels"/>
    <testcase time="0.000999999999997669" classname="character(0)" name="ard_tabulate.survey.design_works_for_unobserved_factor_levels"/>
    <testcase time="0" classname="character(0)" name="ard_tabulate.survey.design_works_for_unobserved_factor_levels"/>
    <testcase time="0.000999999999997669" classname="character(0)" name="ard_tabulate.survey.design_works_for_unobserved_factor_levels"/>
    <testcase time="0.00100000000000477" classname="character(0)" name="ard_tabulate.survey.design_works_for_unobserved_factor_levels"/>
    <testcase time="0" classname="character(0)" name="ard_tabulate.survey.design_works_for_unobserved_factor_levels"/>
    <testcase time="0.000999999999997669" classname="character(0)" name="ard_tabulate.survey.design_works_for_unobserved_factor_levels"/>
    <testcase time="0" classname="character(0)" name="ard_tabulate.survey.design_works_for_unobserved_factor_levels"/>
    <testcase time="0.000999999999997669" classname="character(0)" name="ard_tabulate.survey.design_works_for_unobserved_factor_levels"/>
    <testcase time="0.00400000000000489" classname="character(0)" name="ard_tabulate.survey.design_works_for_unobserved_factor_levels"/>
    <testcase time="0.000999999999997669" classname="character(0)" name="ard_tabulate.survey.design_works_for_unobserved_factor_levels"/>
    <testcase time="0" classname="character(0)" name="ard_tabulate.survey.design_works_for_unobserved_factor_levels"/>
    <testcase time="0.000999999999997669" classname="character(0)" name="ard_tabulate.survey.design_works_for_unobserved_factor_levels"/>
    <testcase time="0.00100000000000477" classname="character(0)" name="ard_tabulate.survey.design_works_for_unobserved_factor_levels"/>
    <testcase time="0" classname="character(0)" name="ard_tabulate.survey.design_works_for_unobserved_factor_levels"/>
    <testcase time="0.000999999999997669" classname="character(0)" name="ard_tabulate.survey.design_works_for_unobserved_factor_levels"/>
    <testcase time="0.000999999999997669" classname="character(0)" name="ard_tabulate.survey.design_works_for_unobserved_factor_levels"/>
    <testcase time="0" classname="character(0)" name="ard_tabulate.survey.design_works_for_unobserved_factor_levels"/>
    <testcase time="0.00100000000000477" classname="character(0)" name="ard_tabulate.survey.design_works_for_unobserved_factor_levels"/>
    <testcase time="0.000999999999997669" classname="character(0)" name="ard_tabulate.survey.design_works_for_unobserved_factor_levels"/>
    <testcase time="0" classname="character(0)" name="ard_tabulate.survey.design_works_for_unobserved_factor_levels"/>
    <testcase time="0.000999999999997669" classname="character(0)" name="ard_tabulate.survey.design_works_for_unobserved_factor_levels"/>
    <testcase time="0.00100000000000477" classname="character(0)" name="ard_tabulate.survey.design_works_for_unobserved_factor_levels"/>
    <testcase time="0" classname="character(0)" name="ard_tabulate.survey.design_works_for_unobserved_factor_levels"/>
    <testcase time="0.000999999999997669" classname="character(0)" name="ard_tabulate.survey.design_works_for_unobserved_factor_levels"/>
  </testsuite>
  <testsuite name="ard_tabulate.survey.design" timestamp="2025-10-08T14:18:55Z" hostname="cb37434e5588" tests="39" skipped="0" failures="0" errors="0" time="0.025">
    <testcase time="0.00200000000000244" classname="character(0)" name="ard_tabulate.survey.design_works_for_unobserved_logical_levels"/>
    <testcase time="0.000999999999997669" classname="character(0)" name="ard_tabulate.survey.design_works_for_unobserved_logical_levels"/>
    <testcase time="0.000999999999997669" classname="character(0)" name="ard_tabulate.survey.design_works_for_unobserved_logical_levels"/>
    <testcase time="0" classname="character(0)" name="ard_tabulate.survey.design_works_for_unobserved_logical_levels"/>
    <testcase time="0.000999999999997669" classname="character(0)" name="ard_tabulate.survey.design_works_for_unobserved_logical_levels"/>
    <testcase time="0" classname="character(0)" name="ard_tabulate.survey.design_works_for_unobserved_logical_levels"/>
    <testcase time="0.00100000000000477" classname="character(0)" name="ard_tabulate.survey.design_works_for_unobserved_logical_levels"/>
    <testcase time="0" classname="character(0)" name="ard_tabulate.survey.design_works_for_unobserved_logical_levels"/>
    <testcase time="0.000999999999997669" classname="character(0)" name="ard_tabulate.survey.design_works_for_unobserved_logical_levels"/>
    <testcase time="0" classname="character(0)" name="ard_tabulate.survey.design_works_for_unobserved_logical_levels"/>
    <testcase time="0.000999999999997669" classname="character(0)" name="ard_tabulate.survey.design_works_for_unobserved_logical_levels"/>
    <testcase time="0.00100000000000477" classname="character(0)" name="ard_tabulate.survey.design_works_for_unobserved_logical_levels"/>
    <testcase time="0" classname="character(0)" name="ard_tabulate.survey.design_works_for_unobserved_logical_levels"/>
    <testcase time="0.000999999999997669" classname="character(0)" name="ard_tabulate.survey.design_works_for_unobserved_logical_levels"/>
    <testcase time="0" classname="character(0)" name="ard_tabulate.survey.design_works_for_unobserved_logical_levels"/>
    <testcase time="0.000999999999997669" classname="character(0)" name="ard_tabulate.survey.design_works_for_unobserved_logical_levels"/>
    <testcase time="0" classname="character(0)" name="ard_tabulate.survey.design_works_for_unobserved_logical_levels"/>
    <testcase time="0.00100000000000477" classname="character(0)" name="ard_tabulate.survey.design_works_for_unobserved_logical_levels"/>
    <testcase time="0.000999999999997669" classname="character(0)" name="ard_tabulate.survey.design_works_for_unobserved_logical_levels"/>
    <testcase time="0" classname="character(0)" name="ard_tabulate.survey.design_works_for_unobserved_logical_levels"/>
    <testcase time="0.000999999999997669" classname="character(0)" name="ard_tabulate.survey.design_works_for_unobserved_logical_levels"/>
    <testcase time="0" classname="character(0)" name="ard_tabulate.survey.design_works_for_unobserved_logical_levels"/>
    <testcase time="0" classname="character(0)" name="ard_tabulate.survey.design_works_for_unobserved_logical_levels"/>
    <testcase time="0.000999999999997669" classname="character(0)" name="ard_tabulate.survey.design_works_for_unobserved_logical_levels"/>
    <testcase time="0" classname="character(0)" name="ard_tabulate.survey.design_works_for_unobserved_logical_levels"/>
    <testcase time="0.000999999999997669" classname="character(0)" name="ard_tabulate.survey.design_works_for_unobserved_logical_levels"/>
    <testcase time="0.00100000000000477" classname="character(0)" name="ard_tabulate.survey.design_works_for_unobserved_logical_levels"/>
    <testcase time="0" classname="character(0)" name="ard_tabulate.survey.design_works_for_unobserved_logical_levels"/>
    <testcase time="0.000999999999997669" classname="character(0)" name="ard_tabulate.survey.design_works_for_unobserved_logical_levels"/>
    <testcase time="0.000999999999997669" classname="character(0)" name="ard_tabulate.survey.design_works_for_unobserved_logical_levels"/>
    <testcase time="0" classname="character(0)" name="ard_tabulate.survey.design_works_for_unobserved_logical_levels"/>
    <testcase time="0.00100000000000477" classname="character(0)" name="ard_tabulate.survey.design_works_for_unobserved_logical_levels"/>
    <testcase time="0" classname="character(0)" name="ard_tabulate.survey.design_works_for_unobserved_logical_levels"/>
    <testcase time="0.000999999999997669" classname="character(0)" name="ard_tabulate.survey.design_works_for_unobserved_logical_levels"/>
    <testcase time="0.000999999999997669" classname="character(0)" name="ard_tabulate.survey.design_works_for_unobserved_logical_levels"/>
    <testcase time="0.00100000000000477" classname="character(0)" name="ard_tabulate.survey.design_works_for_unobserved_logical_levels"/>
    <testcase time="0" classname="character(0)" name="ard_tabulate.survey.design_works_for_unobserved_logical_levels"/>
    <testcase time="0.000999999999997669" classname="character(0)" name="ard_tabulate.survey.design_works_for_unobserved_logical_levels"/>
    <testcase time="0.000999999999997669" classname="character(0)" name="ard_tabulate.survey.design_works_for_unobserved_logical_levels"/>
  </testsuite>
  <testsuite name="ard_tabulate.survey.design" timestamp="2025-10-08T14:18:55Z" hostname="cb37434e5588" tests="18" skipped="0" failures="0" errors="0" time="0.011">
    <testcase time="0.00200000000000244" classname="character(0)" name="ard_tabulate.survey.design_works_with_variables_with_only_1_level"/>
    <testcase time="0" classname="character(0)" name="ard_tabulate.survey.design_works_with_variables_with_only_1_level"/>
    <testcase time="0.000999999999997669" classname="character(0)" name="ard_tabulate.survey.design_works_with_variables_with_only_1_level"/>
    <testcase time="0" classname="character(0)" name="ard_tabulate.survey.design_works_with_variables_with_only_1_level"/>
    <testcase time="0.00100000000000477" classname="character(0)" name="ard_tabulate.survey.design_works_with_variables_with_only_1_level"/>
    <testcase time="0.000999999999997669" classname="character(0)" name="ard_tabulate.survey.design_works_with_variables_with_only_1_level"/>
    <testcase time="0" classname="character(0)" name="ard_tabulate.survey.design_works_with_variables_with_only_1_level"/>
    <testcase time="0.000999999999997669" classname="character(0)" name="ard_tabulate.survey.design_works_with_variables_with_only_1_level"/>
    <testcase time="0" classname="character(0)" name="ard_tabulate.survey.design_works_with_variables_with_only_1_level"/>
    <testcase time="0.00100000000000477" classname="character(0)" name="ard_tabulate.survey.design_works_with_variables_with_only_1_level"/>
    <testcase time="0" classname="character(0)" name="ard_tabulate.survey.design_works_with_variables_with_only_1_level"/>
    <testcase time="0.000999999999997669" classname="character(0)" name="ard_tabulate.survey.design_works_with_variables_with_only_1_level"/>
    <testcase time="0" classname="character(0)" name="ard_tabulate.survey.design_works_with_variables_with_only_1_level"/>
    <testcase time="0.000999999999997669" classname="character(0)" name="ard_tabulate.survey.design_works_with_variables_with_only_1_level"/>
    <testcase time="0.00100000000000477" classname="character(0)" name="ard_tabulate.survey.design_works_with_variables_with_only_1_level"/>
    <testcase time="0" classname="character(0)" name="ard_tabulate.survey.design_works_with_variables_with_only_1_level"/>
    <testcase time="0.000999999999997669" classname="character(0)" name="ard_tabulate.survey.design_works_with_variables_with_only_1_level"/>
    <testcase time="0" classname="character(0)" name="ard_tabulate.survey.design_works_with_variables_with_only_1_level"/>
  </testsuite>
  <testsuite name="ard_tabulate.survey.design" timestamp="2025-10-08T14:18:55Z" hostname="cb37434e5588" tests="1" skipped="1" failures="0" errors="0" time="0.011">
    <testcase time="0.0110000000000028" classname="character(0)" name="ard_tabulate.survey.design_by_messages_about_protected_names">
      <skipped message="Reason: On CRAN ('test-ard_tabulate.survey.design.R:1195:3')"/>
    </testcase>
  </testsuite>
  <testsuite name="ard_tabulate.survey.design" timestamp="2025-10-08T14:18:55Z" hostname="cb37434e5588" tests="10" skipped="0" failures="0" errors="0" time="0.019">
    <testcase time="0.0129999999999981" classname="character(0)" name="ard_tabulate.survey.design_works_when_using_generic_names_"/>
    <testcase time="0.000999999999997669" classname="character(0)" name="ard_tabulate.survey.design_works_when_using_generic_names_"/>
    <testcase time="0.00100000000000477" classname="character(0)" name="ard_tabulate.survey.design_works_when_using_generic_names_"/>
    <testcase time="0" classname="character(0)" name="ard_tabulate.survey.design_works_when_using_generic_names_"/>
    <testcase time="0.000999999999997669" classname="character(0)" name="ard_tabulate.survey.design_works_when_using_generic_names_"/>
    <testcase time="0.000999999999997669" classname="character(0)" name="ard_tabulate.survey.design_works_when_using_generic_names_"/>
    <testcase time="0" classname="character(0)" name="ard_tabulate.survey.design_works_when_using_generic_names_"/>
    <testcase time="0.00100000000000477" classname="character(0)" name="ard_tabulate.survey.design_works_when_using_generic_names_"/>
    <testcase time="0" classname="character(0)" name="ard_tabulate.survey.design_works_when_using_generic_names_"/>
    <testcase time="0.000999999999997669" classname="character(0)" name="ard_tabulate.survey.design_works_when_using_generic_names_"/>
  </testsuite>
  <testsuite name="ard_tabulate.survey.design" timestamp="2025-10-08T14:18:55Z" hostname="cb37434e5588" tests="1" skipped="0" failures="0" errors="0" time="0.002">
    <testcase time="0.00199999999999534" classname="character(0)" name="ard_tabulate.survey.design_statistic_properly_excluded_unweighted_stats_not_selected"/>
  </testsuite>
  <testsuite name="ard_tabulate.survey.design" timestamp="2025-10-08T14:18:55Z" hostname="cb37434e5588" tests="1" skipped="0" failures="0" errors="0" time="0.002">
    <testcase time="0.00200000000000244" classname="character(0)" name="ard_tabulate_follows_ard_structure"/>
  </testsuite>
  <testsuite name="ard_tabulate.survey.design" timestamp="2025-10-08T14:18:55Z" hostname="cb37434e5588" tests="6" skipped="0" failures="0" errors="0" time="0.004">
    <testcase time="0.00200000000000244" classname="character(0)" name="ard_tabulate.survey.design_original_types_are_retained"/>
    <testcase time="0.000999999999997669" classname="character(0)" name="ard_tabulate.survey.design_original_types_are_retained"/>
    <testcase time="0" classname="character(0)" name="ard_tabulate.survey.design_original_types_are_retained"/>
    <testcase time="0" classname="character(0)" name="ard_tabulate.survey.design_original_types_are_retained"/>
    <testcase time="0.00100000000000477" classname="character(0)" name="ard_tabulate.survey.design_original_types_are_retained"/>
    <testcase time="0" classname="character(0)" name="ard_tabulate.survey.design_original_types_are_retained"/>
  </testsuite>
  <testsuite name="ard_tabulate.survey.design" timestamp="2025-10-08T14:18:55Z" hostname="cb37434e5588" tests="3" skipped="0" failures="0" errors="0" time="0.004">
    <testcase time="0.00199999999999534" classname="character(0)" name="ard_tabulate.survey.design_works_with_all_NA_fct_variables"/>
    <testcase time="0.00100000000000477" classname="character(0)" name="ard_tabulate.survey.design_works_with_all_NA_fct_variables"/>
    <testcase time="0.000999999999997669" classname="character(0)" name="ard_tabulate.survey.design_works_with_all_NA_fct_variables"/>
  </testsuite>
  <testsuite name="ard_tabulate.survey.design" timestamp="2025-10-08T14:18:55Z" hostname="cb37434e5588" tests="1" skipped="1" failures="0" errors="0" time="0.002">
    <testcase time="0.00200000000000244" classname="character(0)" name="ard_tabulate.survey.design_messaging_with_all_NA_lgl_variables">
      <skipped message="Reason: On CRAN ('test-ard_tabulate.survey.design.R:1411:3')"/>
    </testcase>
  </testsuite>
  <testsuite name="ard_tabulate_abnormal" timestamp="2025-10-08T14:18:56Z" hostname="cb37434e5588" tests="3" skipped="1" failures="0" errors="0" time="0.389">
    <testcase time="0.387999999999998" classname="character(0)" name="ard_tabulate_abnormal_works"/>
    <testcase time="0" classname="character(0)" name="ard_tabulate_abnormal_works"/>
    <testcase time="0.000999999999997669" classname="character(0)" name="ard_tabulate_abnormal_works">
      <skipped message="Reason: On CRAN ('test-ard_tabulate_abnormal.R:15:3')"/>
    </testcase>
  </testsuite>
  <testsuite name="ard_tabulate_abnormal" timestamp="2025-10-08T14:18:56Z" hostname="cb37434e5588" tests="1" skipped="1" failures="0" errors="0" time="0.013">
    <testcase time="0.0130000000000052" classname="character(0)" name="ard_tabulate_abnormal_errors_are_handled_correctly">
      <skipped message="Reason: On CRAN ('test-ard_tabulate_abnormal.R:43:3')"/>
    </testcase>
  </testsuite>
  <testsuite name="ard_tabulate_max" timestamp="2025-10-08T14:18:57Z" hostname="cb37434e5588" tests="2" skipped="1" failures="0" errors="0" time="1.446">
    <testcase time="1.445" classname="character(0)" name="ard_tabulate_max_works_with_default_settings"/>
    <testcase time="0.000999999999997669" classname="character(0)" name="ard_tabulate_max_works_with_default_settings">
      <skipped message="Reason: On CRAN ('test-ard_tabulate_max.R:12:3')"/>
    </testcase>
  </testsuite>
  <testsuite name="ard_tabulate_max" timestamp="2025-10-08T14:18:57Z" hostname="cb37434e5588" tests="1" skipped="1" failures="0" errors="0" time="0.013">
    <testcase time="0.0129999999999981" classname="character(0)" name="ard_tabulate_max_statistic_works">
      <skipped message="Reason: On CRAN ('test-ard_tabulate_max.R:63:3')"/>
    </testcase>
  </testsuite>
  <testsuite name="ard_tabulate_max" timestamp="2025-10-08T14:18:57Z" hostname="cb37434e5588" tests="1" skipped="1" failures="0" errors="0" time="0.012">
    <testcase time="0.0120000000000005" classname="character(0)" name="ard_tabulate_max_denominator_works">
      <skipped message="Reason: On CRAN ('test-ard_tabulate_max.R:79:3')"/>
    </testcase>
  </testsuite>
  <testsuite name="ard_tabulate_max" timestamp="2025-10-08T14:18:57Z" hostname="cb37434e5588" tests="1" skipped="0" failures="0" errors="0" time="0.013">
    <testcase time="0.0129999999999981" classname="character(0)" name="ard_tabulate_max_quiet_works"/>
  </testsuite>
  <testsuite name="ard_tabulate_max" timestamp="2025-10-08T14:18:57Z" hostname="cb37434e5588" tests="2" skipped="1" failures="0" errors="0" time="0.003">
    <testcase time="0.00300000000000011" classname="character(0)" name="ard_tabulate_max_works_with_pre_ordered_factor_variables"/>
    <testcase time="0" classname="character(0)" name="ard_tabulate_max_works_with_pre_ordered_factor_variables">
      <skipped message="Reason: On CRAN ('test-ard_tabulate_max.R:135:3')"/>
    </testcase>
  </testsuite>
  <testsuite name="ard_tabulate_max" timestamp="2025-10-08T14:18:57Z" hostname="cb37434e5588" tests="1" skipped="1" failures="0" errors="0" time="0.016">
    <testcase time="0.0160000000000053" classname="character(0)" name="ard_tabulate_max_errors_with_incomplete_factor_columns">
      <skipped message="Reason: On CRAN ('test-ard_tabulate_max.R:212:3')"/>
    </testcase>
  </testsuite>
  <testsuite name="ard_tabulate_max" timestamp="2025-10-08T14:18:57Z" hostname="cb37434e5588" tests="1" skipped="1" failures="0" errors="0" time="0.012">
    <testcase time="0.0120000000000005" classname="character(0)" name="ard_tabulate_max_works_without_any_variables">
      <skipped message="Reason: On CRAN ('test-ard_tabulate_max.R:237:3')"/>
    </testcase>
  </testsuite>
  <testsuite name="ard_tabulate_max" timestamp="2025-10-08T14:18:57Z" hostname="cb37434e5588" tests="1" skipped="0" failures="0" errors="0" time="0.012">
    <testcase time="0.0119999999999933" classname="character(0)" name="ard_tabulate_max_follows_ard_structure"/>
  </testsuite>
  <testsuite name="ard_tabulate_max" timestamp="2025-10-08T14:18:57Z" hostname="cb37434e5588" tests="2" skipped="1" failures="0" errors="0" time="0.003">
    <testcase time="0.00300000000000011" classname="character(0)" name="ard_tabulate_max_strata_works"/>
    <testcase time="0" classname="character(0)" name="ard_tabulate_max_strata_works">
      <skipped message="Reason: On CRAN ('test-ard_tabulate_max.R:277:3')"/>
    </testcase>
  </testsuite>
  <testsuite name="ard_tabulate_value.survey.design" timestamp="2025-10-08T14:19:04Z" hostname="cb37434e5588" tests="36" skipped="0" failures="0" errors="0" time="6.624">
    <testcase time="6.599" classname="character(0)" name="ard_tabulate_value.survey.design_works"/>
    <testcase time="0" classname="character(0)" name="ard_tabulate_value.survey.design_works"/>
    <testcase time="0.000999999999997669" classname="character(0)" name="ard_tabulate_value.survey.design_works"/>
    <testcase time="0.00100000000000477" classname="character(0)" name="ard_tabulate_value.survey.design_works"/>
    <testcase time="0" classname="character(0)" name="ard_tabulate_value.survey.design_works"/>
    <testcase time="0.000999999999997669" classname="character(0)" name="ard_tabulate_value.survey.design_works"/>
    <testcase time="0" classname="character(0)" name="ard_tabulate_value.survey.design_works"/>
    <testcase time="0" classname="character(0)" name="ard_tabulate_value.survey.design_works"/>
    <testcase time="0.00100000000000477" classname="character(0)" name="ard_tabulate_value.survey.design_works"/>
    <testcase time="0" classname="character(0)" name="ard_tabulate_value.survey.design_works"/>
    <testcase time="0.000999999999997669" classname="character(0)" name="ard_tabulate_value.survey.design_works"/>
    <testcase time="0.000999999999997669" classname="character(0)" name="ard_tabulate_value.survey.design_works"/>
    <testcase time="0" classname="character(0)" name="ard_tabulate_value.survey.design_works"/>
    <testcase time="0.00100000000000477" classname="character(0)" name="ard_tabulate_value.survey.design_works"/>
    <testcase time="0" classname="character(0)" name="ard_tabulate_value.survey.design_works"/>
    <testcase time="0.000999999999997669" classname="character(0)" name="ard_tabulate_value.survey.design_works"/>
    <testcase time="0.000999999999997669" classname="character(0)" name="ard_tabulate_value.survey.design_works"/>
    <testcase time="0" classname="character(0)" name="ard_tabulate_value.survey.design_works"/>
    <testcase time="0.00100000000000477" classname="character(0)" name="ard_tabulate_value.survey.design_works"/>
    <testcase time="0" classname="character(0)" name="ard_tabulate_value.survey.design_works"/>
    <testcase time="0.000999999999997669" classname="character(0)" name="ard_tabulate_value.survey.design_works"/>
    <testcase time="0.000999999999997669" classname="character(0)" name="ard_tabulate_value.survey.design_works"/>
    <testcase time="0" classname="character(0)" name="ard_tabulate_value.survey.design_works"/>
    <testcase time="0.00100000000000477" classname="character(0)" name="ard_tabulate_value.survey.design_works"/>
    <testcase time="0.000999999999997669" classname="character(0)" name="ard_tabulate_value.survey.design_works"/>
    <testcase time="0" classname="character(0)" name="ard_tabulate_value.survey.design_works"/>
    <testcase time="0.000999999999997669" classname="character(0)" name="ard_tabulate_value.survey.design_works"/>
    <testcase time="0" classname="character(0)" name="ard_tabulate_value.survey.design_works"/>
    <testcase time="0.00500000000000256" classname="character(0)" name="ard_tabulate_value.survey.design_works"/>
    <testcase time="0.000999999999997669" classname="character(0)" name="ard_tabulate_value.survey.design_works"/>
    <testcase time="0" classname="character(0)" name="ard_tabulate_value.survey.design_works"/>
    <testcase time="0.000999999999997669" classname="character(0)" name="ard_tabulate_value.survey.design_works"/>
    <testcase time="0.00100000000000477" classname="character(0)" name="ard_tabulate_value.survey.design_works"/>
    <testcase time="0.000999999999997669" classname="character(0)" name="ard_tabulate_value.survey.design_works"/>
    <testcase time="0" classname="character(0)" name="ard_tabulate_value.survey.design_works"/>
    <testcase time="0.000999999999997669" classname="character(0)" name="ard_tabulate_value.survey.design_works"/>
  </testsuite>
  <testsuite name="ard_tabulate_value.survey.design" timestamp="2025-10-08T14:19:04Z" hostname="cb37434e5588" tests="12" skipped="0" failures="0" errors="0" time="0.009">
    <testcase time="0.00300000000000011" classname="character(0)" name="ard_dichotomous.survey.design_works_with_various_input_types"/>
    <testcase time="0" classname="character(0)" name="ard_dichotomous.survey.design_works_with_various_input_types"/>
    <testcase time="0.00100000000000477" classname="character(0)" name="ard_dichotomous.survey.design_works_with_various_input_types"/>
    <testcase time="0" classname="character(0)" name="ard_dichotomous.survey.design_works_with_various_input_types"/>
    <testcase time="0.000999999999997669" classname="character(0)" name="ard_dichotomous.survey.design_works_with_various_input_types"/>
    <testcase time="0" classname="character(0)" name="ard_dichotomous.survey.design_works_with_various_input_types"/>
    <testcase time="0.000999999999997669" classname="character(0)" name="ard_dichotomous.survey.design_works_with_various_input_types"/>
    <testcase time="0.00100000000000477" classname="character(0)" name="ard_dichotomous.survey.design_works_with_various_input_types"/>
    <testcase time="0" classname="character(0)" name="ard_dichotomous.survey.design_works_with_various_input_types"/>
    <testcase time="0.000999999999997669" classname="character(0)" name="ard_dichotomous.survey.design_works_with_various_input_types"/>
    <testcase time="0" classname="character(0)" name="ard_dichotomous.survey.design_works_with_various_input_types"/>
    <testcase time="0.000999999999997669" classname="character(0)" name="ard_dichotomous.survey.design_works_with_various_input_types"/>
  </testsuite>
  <testsuite name="ard_tabulate_value.survey.design" timestamp="2025-10-08T14:19:04Z" hostname="cb37434e5588" tests="1" skipped="1" failures="0" errors="0" time="0.002">
    <testcase time="0.00200000000000244" classname="character(0)" name="ard_tabulate_value.survey.design_returns_an_error_with_erroneous_input">
      <skipped message="Reason: On CRAN ('test-ard_tabulate_value.survey.design.R:743:3')"/>
    </testcase>
  </testsuite>
  <testsuite name="ard_tabulate_value.survey.design" timestamp="2025-10-08T14:19:04Z" hostname="cb37434e5588" tests="1" skipped="0" failures="0" errors="0" time="0.014">
    <testcase time="0.0140000000000029" classname="character(0)" name="ard_tabulate_value.survey.design_follows_ard_structure"/>
  </testsuite>
  <testsuite name="ard_total_n.survey.design" timestamp="2025-10-08T14:19:04Z" hostname="cb37434e5588" tests="1" skipped="1" failures="0" errors="0" time="0.588">
    <testcase time="0.588000000000001" classname="character(0)" name="ard_total_n.survey.design_works">
      <skipped message="Reason: On CRAN ('test-ard_total_n.survey.design.R:4:3')"/>
    </testcase>
  </testsuite>
  <testsuite name="ard_total_n.survey.design" timestamp="2025-10-08T14:19:04Z" hostname="cb37434e5588" tests="1" skipped="0" failures="0" errors="0" time="0.015">
    <testcase time="0.0149999999999935" classname="character(0)" name="ard_total_n.survey.design_follows_ard_structure"/>
  </testsuite>
  <testsuite name="ard_total_n.survey.design" timestamp="2025-10-08T14:19:04Z" hostname="cb37434e5588" tests="1" skipped="0" failures="0" errors="0" time="0.002">
    <testcase time="0.00200000000000244" classname="character(0)" name="ard_total_n.survey.design_using_update_"/>
  </testsuite>
  <testsuite name="construction_helpers" timestamp="2025-10-08T14:19:05Z" hostname="cb37434e5588" tests="1" skipped="1" failures="0" errors="0" time="0.409">
    <testcase time="0.408999999999999" classname="character(0)" name="construct_model_works">
      <skipped message="Reason: On CRAN ('test-construction_helpers.R:4:3')"/>
    </testcase>
  </testsuite>
  <testsuite name="construction_helpers" timestamp="2025-10-08T14:19:05Z" hostname="cb37434e5588" tests="1" skipped="1" failures="0" errors="0" time="0.013">
    <testcase time="0.0130000000000052" classname="character(0)" name="construct_model_messaging">
      <skipped message="Reason: On CRAN ('test-construction_helpers.R:104:3')"/>
    </testcase>
  </testsuite>
  <testsuite name="proportion_ci" timestamp="2025-10-08T14:19:05Z" hostname="cb37434e5588" tests="1" skipped="1" failures="0" errors="0" time="0.13">
    <testcase time="0.129999999999995" classname="character(0)" name="check_the_proportion_ci__functions_work">
      <skipped message="Reason: On CRAN ('test-proportion_ci.R:12:3')"/>
    </testcase>
  </testsuite>
  <testsuite name="proportion_ci" timestamp="2025-10-08T14:19:05Z" hostname="cb37434e5588" tests="1" skipped="1" failures="0" errors="0" time="0.016">
    <testcase time="0.0159999999999982" classname="character(0)" name="check_the_proportion_ci_strat_wilson_function_works">
      <skipped message="Reason: On CRAN ('test-proportion_ci.R:138:3')"/>
    </testcase>
  </testsuite>
  <testsuite name="ard_summary.survey.design" timestamp="2025-10-08T14:19:34Z" hostname="cb37434e5588" tests="12" skipped="1" failures="0" errors="0" time="29.365">
    <testcase time="29.359" classname="character(0)" name="unstratified_ard_summary.survey.design_works"/>
    <testcase time="0.000999999999990564" classname="character(0)" name="unstratified_ard_summary.survey.design_works"/>
    <testcase time="0" classname="character(0)" name="unstratified_ard_summary.survey.design_works"/>
    <testcase time="0.00100000000000477" classname="character(0)" name="unstratified_ard_summary.survey.design_works"/>
    <testcase time="0.00100000000000477" classname="character(0)" name="unstratified_ard_summary.survey.design_works"/>
    <testcase time="0" classname="character(0)" name="unstratified_ard_summary.survey.design_works"/>
    <testcase time="0.000999999999990564" classname="character(0)" name="unstratified_ard_summary.survey.design_works"/>
    <testcase time="0" classname="character(0)" name="unstratified_ard_summary.survey.design_works"/>
    <testcase time="0.00100000000000477" classname="character(0)" name="unstratified_ard_summary.survey.design_works"/>
    <testcase time="0" classname="character(0)" name="unstratified_ard_summary.survey.design_works"/>
    <testcase time="0.00100000000000477" classname="character(0)" name="unstratified_ard_summary.survey.design_works"/>
    <testcase time="0" classname="character(0)" name="unstratified_ard_summary.survey.design_works">
      <skipped message="Reason: On CRAN ('test-ard_summary.survey.design.R:70:3')"/>
    </testcase>
  </testsuite>
  <testsuite name="ard_summary.survey.design" timestamp="2025-10-08T14:19:34Z" hostname="cb37434e5588" tests="11" skipped="0" failures="0" errors="0" time="0.019">
    <testcase time="0.0150000000000006" classname="character(0)" name="stratified_ard_summary.survey.design_works"/>
    <testcase time="0" classname="character(0)" name="stratified_ard_summary.survey.design_works"/>
    <testcase time="0" classname="character(0)" name="stratified_ard_summary.survey.design_works"/>
    <testcase time="0.00100000000000477" classname="character(0)" name="stratified_ard_summary.survey.design_works"/>
    <testcase time="0" classname="character(0)" name="stratified_ard_summary.survey.design_works"/>
    <testcase time="0.00100000000000477" classname="character(0)" name="stratified_ard_summary.survey.design_works"/>
    <testcase time="0" classname="character(0)" name="stratified_ard_summary.survey.design_works"/>
    <testcase time="0.000999999999990564" classname="character(0)" name="stratified_ard_summary.survey.design_works"/>
    <testcase time="0" classname="character(0)" name="stratified_ard_summary.survey.design_works"/>
    <testcase time="0.00100000000000477" classname="character(0)" name="stratified_ard_summary.survey.design_works"/>
    <testcase time="0" classname="character(0)" name="stratified_ard_summary.survey.design_works"/>
  </testsuite>
  <testsuite name="ard_summary.survey.design" timestamp="2025-10-08T14:19:34Z" hostname="cb37434e5588" tests="4" skipped="0" failures="0" errors="0" time="0.004">
    <testcase time="0.00199999999999534" classname="character(0)" name="ard_summary.survey.design_NA_handling"/>
    <testcase time="0.00100000000000477" classname="character(0)" name="ard_summary.survey.design_NA_handling"/>
    <testcase time="0" classname="character(0)" name="ard_summary.survey.design_NA_handling"/>
    <testcase time="0.00100000000000477" classname="character(0)" name="ard_summary.survey.design_NA_handling"/>
  </testsuite>
  <testsuite name="ard_summary.survey.design" timestamp="2025-10-08T14:19:34Z" hostname="cb37434e5588" tests="2" skipped="0" failures="0" errors="0" time="0.003">
    <testcase time="0.00199999999999534" classname="character(0)" name="ard_summary.survey.design_error_handling"/>
    <testcase time="0.00100000000000477" classname="character(0)" name="ard_summary.survey.design_error_handling"/>
  </testsuite>
  <testsuite name="ard_summary.survey.design" timestamp="2025-10-08T14:19:34Z" hostname="cb37434e5588" tests="1" skipped="1" failures="0" errors="0" time="0.002">
    <testcase time="0.00199999999999534" classname="character(0)" name="ard_summary.survey.design_fmt_fun_">
      <skipped message="Reason: On CRAN ('test-ard_summary.survey.design.R:322:3')"/>
    </testcase>
  </testsuite>
  <testsuite name="ard_summary.survey.design" timestamp="2025-10-08T14:19:34Z" hostname="cb37434e5588" tests="1" skipped="1" failures="0" errors="0" time="0.011">
    <testcase time="0.0109999999999957" classname="character(0)" name="ard_summary.survey.design_stat_label_">
      <skipped message="Reason: On CRAN ('test-ard_summary.survey.design.R:338:3')"/>
    </testcase>
  </testsuite>
  <testsuite name="ard_summary.survey.design" timestamp="2025-10-08T14:19:34Z" hostname="cb37434e5588" tests="2" skipped="0" failures="0" errors="0" time="0.011">
    <testcase time="0.0100000000000051" classname="character(0)" name="ard_summary.survey.design_by_unobserved_levels_combinations"/>
    <testcase time="0.000999999999990564" classname="character(0)" name="ard_summary.survey.design_by_unobserved_levels_combinations"/>
  </testsuite>
  <testsuite name="ard_summary.survey.design" timestamp="2025-10-08T14:19:34Z" hostname="cb37434e5588" tests="19" skipped="0" failures="0" errors="0" time="0.014">
    <testcase time="0.00500000000000966" classname="character(0)" name="ard_summary.survey.design_works_when_using_generic_names_"/>
    <testcase time="0" classname="character(0)" name="ard_summary.survey.design_works_when_using_generic_names_"/>
    <testcase time="0.000999999999990564" classname="character(0)" name="ard_summary.survey.design_works_when_using_generic_names_"/>
    <testcase time="0" classname="character(0)" name="ard_summary.survey.design_works_when_using_generic_names_"/>
    <testcase time="0" classname="character(0)" name="ard_summary.survey.design_works_when_using_generic_names_"/>
    <testcase time="0.00100000000000477" classname="character(0)" name="ard_summary.survey.design_works_when_using_generic_names_"/>
    <testcase time="0" classname="character(0)" name="ard_summary.survey.design_works_when_using_generic_names_"/>
    <testcase time="0.000999999999990564" classname="character(0)" name="ard_summary.survey.design_works_when_using_generic_names_"/>
    <testcase time="0" classname="character(0)" name="ard_summary.survey.design_works_when_using_generic_names_"/>
    <testcase time="0.00100000000000477" classname="character(0)" name="ard_summary.survey.design_works_when_using_generic_names_"/>
    <testcase time="0" classname="character(0)" name="ard_summary.survey.design_works_when_using_generic_names_"/>
    <testcase time="0.00100000000000477" classname="character(0)" name="ard_summary.survey.design_works_when_using_generic_names_"/>
    <testcase time="0.000999999999990564" classname="character(0)" name="ard_summary.survey.design_works_when_using_generic_names_"/>
    <testcase time="0" classname="character(0)" name="ard_summary.survey.design_works_when_using_generic_names_"/>
    <testcase time="0.00100000000000477" classname="character(0)" name="ard_summary.survey.design_works_when_using_generic_names_"/>
    <testcase time="0" classname="character(0)" name="ard_summary.survey.design_works_when_using_generic_names_"/>
    <testcase time="0.00100000000000477" classname="character(0)" name="ard_summary.survey.design_works_when_using_generic_names_"/>
    <testcase time="0" classname="character(0)" name="ard_summary.survey.design_works_when_using_generic_names_"/>
    <testcase time="0.000999999999990564" classname="character(0)" name="ard_summary.survey.design_works_when_using_generic_names_"/>
  </testsuite>
  <testsuite name="ard_summary.survey.design" timestamp="2025-10-08T14:19:34Z" hostname="cb37434e5588" tests="1" skipped="0" failures="0" errors="0" time="0.002">
    <testcase time="0.00200000000000955" classname="character(0)" name="ard_summary.survey.design_follows_ard_structure"/>
  </testsuite>
  <testsuite name="ard_summary.survey.design" timestamp="2025-10-08T14:19:34Z" hostname="cb37434e5588" tests="4" skipped="0" failures="0" errors="0" time="0.004">
    <testcase time="0.00199999999999534" classname="character(0)" name="ard_summary.survey.design_original_types_are_retained"/>
    <testcase time="0.00100000000000477" classname="character(0)" name="ard_summary.survey.design_original_types_are_retained"/>
    <testcase time="0" classname="character(0)" name="ard_summary.survey.design_original_types_are_retained"/>
    <testcase time="0.000999999999990564" classname="character(0)" name="ard_summary.survey.design_original_types_are_retained"/>
  </testsuite>
</testsuites>
