<?xml version="1.0" encoding="UTF-8"?>
<testsuites>
  <testsuite name="ard_chisqtest" timestamp="2024-01-31T00:31:09Z" hostname="6e01cd06d045" tests="2" skipped="0" failures="0" errors="0" time="0.713">
    <testcase time="0.699" classname="character(0)" name="ard_chisqtest_works"/>
    <testcase time="0.014" classname="character(0)" name="ard_chisqtest_works"/>
  </testsuite>
  <testsuite name="ard_ttest" timestamp="2024-01-31T00:31:09Z" hostname="6e01cd06d045" tests="3" skipped="1" failures="0" errors="0" time="0.267">
    <testcase time="0.266" classname="character(0)" name="ard_ttest_works"/>
    <testcase time="0" classname="character(0)" name="ard_ttest_works"/>
    <testcase time="0.00100000000000011" classname="character(0)" name="ard_ttest_works">
      <skipped message="Reason: On CRAN ('test-ard_ttest.R:25:3')"/>
    </testcase>
  </testsuite>
  <testsuite name="ard_ttest" timestamp="2024-01-31T00:31:09Z" hostname="6e01cd06d045" tests="3" skipped="1" failures="0" errors="0" time="0.028">
    <testcase time="0.0269999999999999" classname="character(0)" name="ard_paired_ttest_works"/>
    <testcase time="0.00099999999999989" classname="character(0)" name="ard_paired_ttest_works"/>
    <testcase time="0" classname="character(0)" name="ard_paired_ttest_works">
      <skipped message="Reason: On CRAN ('test-ard_ttest.R:70:3')"/>
    </testcase>
  </testsuite>
</testsuites>
