<?xml version="1.0" encoding="UTF-8"?>
<testsuites>
  <testsuite name="ard_ttest" timestamp="2024-02-04T00:08:36Z" hostname="b291045a2822" tests="3" skipped="1" failures="0" errors="0" time="1.094">
    <testcase time="1.053" classname="character(0)" name="ard_ttest_works"/>
    <testcase time="0.026" classname="character(0)" name="ard_ttest_works"/>
    <testcase time="0.0149999999999999" classname="character(0)" name="ard_ttest_works">
      <skipped message="Reason: On CRAN ('test-ard_ttest.R:25:3')"/>
    </testcase>
  </testsuite>
  <testsuite name="ard_ttest" timestamp="2024-02-04T00:08:36Z" hostname="b291045a2822" tests="3" skipped="1" failures="0" errors="0" time="0.028">
    <testcase time="0.0269999999999999" classname="character(0)" name="ard_paired_ttest_works"/>
    <testcase time="0" classname="character(0)" name="ard_paired_ttest_works"/>
    <testcase time="0.00100000000000011" classname="character(0)" name="ard_paired_ttest_works">
      <skipped message="Reason: On CRAN ('test-ard_ttest.R:70:3')"/>
    </testcase>
  </testsuite>
  <testsuite name="ard_wilcoxtest" timestamp="2024-02-04T00:08:36Z" hostname="b291045a2822" tests="3" skipped="1" failures="0" errors="0" time="0.066">
    <testcase time="0.0649999999999999" classname="character(0)" name="ard_wilcoxtest_works"/>
    <testcase time="0.00100000000000011" classname="character(0)" name="ard_wilcoxtest_works"/>
    <testcase time="0" classname="character(0)" name="ard_wilcoxtest_works">
      <skipped message="Reason: On CRAN ('test-ard_wilcoxtest.R:26:3')"/>
    </testcase>
  </testsuite>
  <testsuite name="ard_wilcoxtest" timestamp="2024-02-04T00:08:36Z" hostname="b291045a2822" tests="3" skipped="1" failures="0" errors="0" time="0.011">
    <testcase time="0.01" classname="character(0)" name="ard_paired_wilcoxtest_works"/>
    <testcase time="0" classname="character(0)" name="ard_paired_wilcoxtest_works"/>
    <testcase time="0.00099999999999989" classname="character(0)" name="ard_paired_wilcoxtest_works">
      <skipped message="Reason: On CRAN ('test-ard_wilcoxtest.R:75:3')"/>
    </testcase>
  </testsuite>
</testsuites>
