<?xml version="1.0" encoding="UTF-8"?>
<testsuites>
  <testsuite name="ard_ttest" timestamp="2024-02-08T04:33:40Z" hostname="ad05d16bf737" tests="3" skipped="1" failures="0" errors="0" time="1.07">
    <testcase time="1.048" classname="character(0)" name="ard_ttest_works"/>
    <testcase time="0.014" classname="character(0)" name="ard_ttest_works"/>
    <testcase time="0.00800000000000001" classname="character(0)" name="ard_ttest_works">
      <skipped message="Reason: On CRAN ('test-ard_ttest.R:25:3')"/>
    </testcase>
  </testsuite>
  <testsuite name="ard_ttest" timestamp="2024-02-08T04:33:40Z" hostname="ad05d16bf737" tests="3" skipped="1" failures="0" errors="0" time="0.024">
    <testcase time="0.0230000000000001" classname="character(0)" name="ard_paired_ttest_works"/>
    <testcase time="0" classname="character(0)" name="ard_paired_ttest_works"/>
    <testcase time="0.00099999999999989" classname="character(0)" name="ard_paired_ttest_works">
      <skipped message="Reason: On CRAN ('test-ard_ttest.R:70:3')"/>
    </testcase>
  </testsuite>
  <testsuite name="ard_wilcoxtest" timestamp="2024-02-08T04:33:40Z" hostname="ad05d16bf737" tests="3" skipped="1" failures="0" errors="0" time="0.045">
    <testcase time="0.044" classname="character(0)" name="ard_wilcoxtest_works"/>
    <testcase time="0" classname="character(0)" name="ard_wilcoxtest_works"/>
    <testcase time="0.00099999999999989" classname="character(0)" name="ard_wilcoxtest_works">
      <skipped message="Reason: On CRAN ('test-ard_wilcoxtest.R:26:3')"/>
    </testcase>
  </testsuite>
  <testsuite name="ard_wilcoxtest" timestamp="2024-02-08T04:33:40Z" hostname="ad05d16bf737" tests="3" skipped="1" failures="0" errors="0" time="0.01">
    <testcase time="0.00900000000000012" classname="character(0)" name="ard_paired_wilcoxtest_works"/>
    <testcase time="0.00099999999999989" classname="character(0)" name="ard_paired_wilcoxtest_works"/>
    <testcase time="0" classname="character(0)" name="ard_paired_wilcoxtest_works">
      <skipped message="Reason: On CRAN ('test-ard_wilcoxtest.R:75:3')"/>
    </testcase>
  </testsuite>
</testsuites>
