<?xml version="1.0" encoding="UTF-8"?>
<testsuites>
  <testsuite name="ard_fishertest" timestamp="2024-02-21T16:52:06Z" hostname="41275dbe3349" tests="2" skipped="0" failures="0" errors="0" time="0.773">
    <testcase time="0.758" classname="character(0)" name="ard_fishertest_works"/>
    <testcase time="0.0150000000000001" classname="character(0)" name="ard_fishertest_works"/>
  </testsuite>
  <testsuite name="ard_kruskaltest" timestamp="2024-02-21T16:52:06Z" hostname="41275dbe3349" tests="3" skipped="1" failures="0" errors="0" time="0.188">
    <testcase time="0.187" classname="character(0)" name="ard_kurskaltest_works"/>
    <testcase time="0" classname="character(0)" name="ard_kurskaltest_works"/>
    <testcase time="0.00099999999999989" classname="character(0)" name="ard_kurskaltest_works">
      <skipped message="Reason: On CRAN ('test-ard_kruskaltest.R:20:3')"/>
    </testcase>
  </testsuite>
  <testsuite name="ard_chisqtest" timestamp="2024-02-21T16:52:06Z" hostname="41275dbe3349" tests="2" skipped="0" failures="0" errors="0" time="0.167">
    <testcase time="0.166" classname="character(0)" name="ard_chisqtest_works"/>
    <testcase time="0.00099999999999989" classname="character(0)" name="ard_chisqtest_works"/>
  </testsuite>
  <testsuite name="ard_chisqtest" timestamp="2024-02-21T16:52:06Z" hostname="41275dbe3349" tests="1" skipped="0" failures="0" errors="1" time="0.001">
    <testcase time="0.00100000000000011" classname="character(0)" name="shuffle_ard_fills_missing_group_levels_if_the_group_is_meaningful">
      <error type="error" message="Error in `dplyr::filter(.detect_msgs(x, &quot;warning&quot;, &quot;error&quot;), map_lgl(.data$statistic,  ('test-ard_chisqtest.R:23:3')">Error in `dplyr::filter(.detect_msgs(x, "warning", "error"), map_lgl(.data$statistic, 
    function(x) is.numeric(x) || is.na(x) || is.null(x)))`: i In argument: `map_lgl(...)`.
Caused by error in `is.numeric(x) || is.na(x)`:
! 'length = 3' in coercion to 'logical(1)'
Backtrace:
     ▆
  1. ├─base::as.data.frame(...)
  2. ├─cards::shuffle_ard(...)
  3. │ └─cards:::.trim_ard(dat_cards_out)
  4. │   ├─dplyr::select(...)
  5. │   ├─dplyr::mutate(...)
  6. │   ├─dplyr::filter(...)
  7. │   └─dplyr:::filter.data.frame(...)
  8. │     └─dplyr:::filter_rows(.data, dots, by)
  9. │       └─dplyr:::filter_eval(...)
 10. │         ├─base::withCallingHandlers(...)
 11. │         └─mask$eval_all_filter(dots, env_filter)
 12. │           └─dplyr (local) eval()
 13. ├─cards:::map_lgl(...)
 14. │ └─cards:::.rlang_purrr_map_mold(.x, .f, logical(1), ...)
 15. │   └─base::vapply(.x, .f, .mold, ..., USE.NAMES = FALSE)
 16. │     └─cards (local) FUN(X[[i]], ...)
 17. └─base::.handleSimpleError(...)
 18.   └─dplyr (local) h(simpleError(msg, call))
 19.     └─rlang::abort(message, class = error_class, parent = parent, call = error_call)</error>
    </testcase>
  </testsuite>
  <testsuite name="ard_mcnemartest" timestamp="2024-02-21T16:52:06Z" hostname="41275dbe3349" tests="4" skipped="0" failures="0" errors="0" time="0.088">
    <testcase time="0.0779999999999998" classname="character(0)" name="ard_mcnemartest_works"/>
    <testcase time="0.00100000000000011" classname="character(0)" name="ard_mcnemartest_works"/>
    <testcase time="0.0089999999999999" classname="character(0)" name="ard_mcnemartest_works"/>
    <testcase time="0" classname="character(0)" name="ard_mcnemartest_works"/>
  </testsuite>
  <testsuite name="ard_proportion_ci" timestamp="2024-02-21T16:52:07Z" hostname="41275dbe3349" tests="1" skipped="0" failures="0" errors="0" time="0.441">
    <testcase time="0.441" classname="character(0)" name="ard_proportion_ci_works"/>
  </testsuite>
  <testsuite name="ard_proportion_ci" timestamp="2024-02-21T16:52:07Z" hostname="41275dbe3349" tests="2" skipped="1" failures="0" errors="0" time="0.003">
    <testcase time="0.00200000000000022" classname="character(0)" name="ard_proportion_ci_method_strat_wilson_works"/>
    <testcase time="0.00099999999999989" classname="character(0)" name="ard_proportion_ci_method_strat_wilson_works">
      <skipped message="Reason: On CRAN ('test-ard_proportion_ci.R:50:3')"/>
    </testcase>
  </testsuite>
  <testsuite name="ard_ttest" timestamp="2024-02-21T16:52:07Z" hostname="41275dbe3349" tests="3" skipped="1" failures="0" errors="0" time="0.34">
    <testcase time="0.338" classname="character(0)" name="ard_ttest_works"/>
    <testcase time="0.00099999999999989" classname="character(0)" name="ard_ttest_works"/>
    <testcase time="0.00100000000000033" classname="character(0)" name="ard_ttest_works">
      <skipped message="Reason: On CRAN ('test-ard_ttest.R:25:3')"/>
    </testcase>
  </testsuite>
  <testsuite name="ard_ttest" timestamp="2024-02-21T16:52:07Z" hostname="41275dbe3349" tests="3" skipped="1" failures="0" errors="0" time="0.02">
    <testcase time="0.0179999999999998" classname="character(0)" name="ard_paired_ttest_works"/>
    <testcase time="0.00099999999999989" classname="character(0)" name="ard_paired_ttest_works"/>
    <testcase time="0.00100000000000033" classname="character(0)" name="ard_paired_ttest_works">
      <skipped message="Reason: On CRAN ('test-ard_ttest.R:70:3')"/>
    </testcase>
  </testsuite>
  <testsuite name="ard_regression" timestamp="2024-02-21T16:52:07Z" hostname="41275dbe3349" tests="1" skipped="1" failures="0" errors="0" time="0.125">
    <testcase time="0.125" classname="character(0)" name="ard_regression_works">
      <skipped message="Reason: On CRAN ('test-ard_regression.R:2:3')"/>
    </testcase>
  </testsuite>
  <testsuite name="proportion_ci" timestamp="2024-02-21T16:52:08Z" hostname="41275dbe3349" tests="1" skipped="1" failures="0" errors="0" time="0.128">
    <testcase time="0.128" classname="character(0)" name="check_the_proportion_ci__functions_work">
      <skipped message="Reason: On CRAN ('test-proportion_ci.R:10:3')"/>
    </testcase>
  </testsuite>
  <testsuite name="proportion_ci" timestamp="2024-02-21T16:52:08Z" hostname="41275dbe3349" tests="1" skipped="1" failures="0" errors="0" time="0.01">
    <testcase time="0.0100000000000002" classname="character(0)" name="check_the_proportion_ci_strat_wilson_function_works">
      <skipped message="Reason: On CRAN ('test-proportion_ci.R:136:3')"/>
    </testcase>
  </testsuite>
  <testsuite name="ard_wilcoxtest" timestamp="2024-02-21T16:52:08Z" hostname="41275dbe3349" tests="3" skipped="0" failures="0" errors="0" time="0.112">
    <testcase time="0.111" classname="character(0)" name="ard_wilcoxtest_works"/>
    <testcase time="0" classname="character(0)" name="ard_wilcoxtest_works"/>
    <testcase time="0.00100000000000033" classname="character(0)" name="ard_wilcoxtest_works"/>
  </testsuite>
  <testsuite name="ard_wilcoxtest" timestamp="2024-02-21T16:52:08Z" hostname="41275dbe3349" tests="3" skipped="0" failures="0" errors="0" time="0.002">
    <testcase time="0.00099999999999989" classname="character(0)" name="ard_paired_wilcoxtest_works"/>
    <testcase time="0.00099999999999989" classname="character(0)" name="ard_paired_wilcoxtest_works"/>
    <testcase time="0" classname="character(0)" name="ard_paired_wilcoxtest_works"/>
  </testsuite>
</testsuites>
