<?xml version="1.0" encoding="UTF-8"?>
<testsuites>
  <testsuite name="ard_fishertest" timestamp="2024-02-15T13:10:05Z" hostname="a0ece54d3470" tests="2" skipped="0" failures="0" errors="0" time="0.726">
    <testcase time="0.705" classname="character(0)" name="ard_fishertest_works"/>
    <testcase time="0.0209999999999999" classname="character(0)" name="ard_fishertest_works"/>
  </testsuite>
  <testsuite name="ard_mcnemartest" timestamp="2024-02-15T13:10:05Z" hostname="a0ece54d3470" tests="4" skipped="0" failures="0" errors="0" time="0.168">
    <testcase time="0.166" classname="character(0)" name="ard_mcnemartest_works"/>
    <testcase time="0.00099999999999989" classname="character(0)" name="ard_mcnemartest_works"/>
    <testcase time="0" classname="character(0)" name="ard_mcnemartest_works"/>
    <testcase time="0.00100000000000011" classname="character(0)" name="ard_mcnemartest_works"/>
  </testsuite>
  <testsuite name="ard_chisqtest" timestamp="2024-02-15T13:10:05Z" hostname="a0ece54d3470" tests="2" skipped="0" failures="0" errors="0" time="0.033">
    <testcase time="0.0319999999999998" classname="character(0)" name="ard_chisqtest_works"/>
    <testcase time="0.00100000000000011" classname="character(0)" name="ard_chisqtest_works"/>
  </testsuite>
  <testsuite name="ard_chisqtest" timestamp="2024-02-15T13:10:05Z" hostname="a0ece54d3470" tests="1" skipped="1" failures="0" errors="0" time="0.002">
    <testcase time="0.002" classname="character(0)" name="shuffle_ard_fills_missing_group_levels_if_the_group_is_meaningful">
      <skipped message="Reason: On CRAN ('test-ard_chisqtest.R:23:3')"/>
    </testcase>
  </testsuite>
  <testsuite name="ard_proportion_ci" timestamp="2024-02-15T13:10:05Z" hostname="a0ece54d3470" tests="1" skipped="0" failures="0" errors="0" time="0.484">
    <testcase time="0.484" classname="character(0)" name="ard_proportion_ci_works"/>
  </testsuite>
  <testsuite name="ard_proportion_ci" timestamp="2024-02-15T13:10:05Z" hostname="a0ece54d3470" tests="2" skipped="1" failures="0" errors="0" time="0.004">
    <testcase time="0.00299999999999967" classname="character(0)" name="ard_proportion_ci_method_strat_wilson_works"/>
    <testcase time="0.00100000000000033" classname="character(0)" name="ard_proportion_ci_method_strat_wilson_works">
      <skipped message="Reason: On CRAN ('test-ard_proportion_ci.R:50:3')"/>
    </testcase>
  </testsuite>
  <testsuite name="ard_ttest" timestamp="2024-02-15T13:10:06Z" hostname="a0ece54d3470" tests="3" skipped="1" failures="0" errors="0" time="0.38">
    <testcase time="0.379" classname="character(0)" name="ard_ttest_works"/>
    <testcase time="0.00099999999999989" classname="character(0)" name="ard_ttest_works"/>
    <testcase time="0" classname="character(0)" name="ard_ttest_works">
      <skipped message="Reason: On CRAN ('test-ard_ttest.R:25:3')"/>
    </testcase>
  </testsuite>
  <testsuite name="ard_ttest" timestamp="2024-02-15T13:10:06Z" hostname="a0ece54d3470" tests="3" skipped="1" failures="0" errors="0" time="0.015">
    <testcase time="0.0139999999999998" classname="character(0)" name="ard_paired_ttest_works"/>
    <testcase time="0" classname="character(0)" name="ard_paired_ttest_works"/>
    <testcase time="0.00099999999999989" classname="character(0)" name="ard_paired_ttest_works">
      <skipped message="Reason: On CRAN ('test-ard_ttest.R:70:3')"/>
    </testcase>
  </testsuite>
  <testsuite name="ard_regression" timestamp="2024-02-15T13:10:06Z" hostname="a0ece54d3470" tests="1" skipped="1" failures="0" errors="0" time="0.025">
    <testcase time="0.0250000000000004" classname="character(0)" name="ard_regression_works">
      <skipped message="Reason: On CRAN ('test-ard_regression.R:2:3')"/>
    </testcase>
  </testsuite>
  <testsuite name="proportion_ci" timestamp="2024-02-15T13:10:06Z" hostname="a0ece54d3470" tests="1" skipped="1" failures="0" errors="0" time="0.142">
    <testcase time="0.142" classname="character(0)" name="check_the_proportion_ci__functions_work">
      <skipped message="Reason: On CRAN ('test-proportion_ci.R:10:3')"/>
    </testcase>
  </testsuite>
  <testsuite name="proportion_ci" timestamp="2024-02-15T13:10:06Z" hostname="a0ece54d3470" tests="1" skipped="1" failures="0" errors="0" time="0.022">
    <testcase time="0.0219999999999998" classname="character(0)" name="check_the_proportion_ci_strat_wilson_function_works">
      <skipped message="Reason: On CRAN ('test-proportion_ci.R:136:3')"/>
    </testcase>
  </testsuite>
  <testsuite name="ard_wilcoxtest" timestamp="2024-02-15T13:10:06Z" hostname="a0ece54d3470" tests="3" skipped="0" failures="0" errors="0" time="0.199">
    <testcase time="0.197" classname="character(0)" name="ard_wilcoxtest_works"/>
    <testcase time="0.00099999999999989" classname="character(0)" name="ard_wilcoxtest_works"/>
    <testcase time="0.00100000000000033" classname="character(0)" name="ard_wilcoxtest_works"/>
  </testsuite>
  <testsuite name="ard_wilcoxtest" timestamp="2024-02-15T13:10:06Z" hostname="a0ece54d3470" tests="3" skipped="0" failures="0" errors="0" time="0.002">
    <testcase time="0.00099999999999989" classname="character(0)" name="ard_paired_wilcoxtest_works"/>
    <testcase time="0" classname="character(0)" name="ard_paired_wilcoxtest_works"/>
    <testcase time="0.00099999999999989" classname="character(0)" name="ard_paired_wilcoxtest_works"/>
  </testsuite>
</testsuites>
