<?xml version="1.0" encoding="UTF-8"?>
<testsuites>
  <testsuite name="ard_attributes.survey.design" timestamp="2025-05-27T22:34:36Z" hostname="9903cf6c352b" tests="1" skipped="0" failures="0" errors="0" time="1.669">
    <testcase time="1.669" classname="character(0)" name="ard_attributes.survey.design_works"/>
  </testsuite>
  <testsuite name="ard_aod_wald_test" timestamp="2025-05-27T22:34:36Z" hostname="9903cf6c352b" tests="4" skipped="0" failures="0" errors="0" time="0.065">
    <testcase time="0.0539999999999998" classname="character(0)" name="ard_aod_wald_test_works"/>
    <testcase time="0.00100000000000033" classname="character(0)" name="ard_aod_wald_test_works"/>
    <testcase time="0.0089999999999999" classname="character(0)" name="ard_aod_wald_test_works"/>
    <testcase time="0.00099999999999989" classname="character(0)" name="ard_aod_wald_test_works"/>
  </testsuite>
  <testsuite name="ard_aod_wald_test" timestamp="2025-05-27T22:34:36Z" hostname="9903cf6c352b" tests="1" skipped="0" failures="0" errors="0" time="0.007">
    <testcase time="0.00700000000000012" classname="character(0)" name="ard_aod_wald_test_follows_ard_structure"/>
  </testsuite>
  <testsuite name="ard_car_vif" timestamp="2025-05-27T22:34:36Z" hostname="9903cf6c352b" tests="2" skipped="0" failures="0" errors="0" time="0.428">
    <testcase time="0.428" classname="character(0)" name="ard_car_vif_works"/>
    <testcase time="0" classname="character(0)" name="ard_car_vif_works"/>
  </testsuite>
  <testsuite name="ard_car_vif" timestamp="2025-05-27T22:34:36Z" hostname="9903cf6c352b" tests="1" skipped="0" failures="0" errors="0" time="0.002">
    <testcase time="0.00200000000000022" classname="character(0)" name="ard_car_vif_appropriate_errors_are_given_for_model_with_only_1_term"/>
  </testsuite>
  <testsuite name="ard_car_vif" timestamp="2025-05-27T22:34:36Z" hostname="9903cf6c352b" tests="1" skipped="0" failures="0" errors="0" time="0.001">
    <testcase time="0.00099999999999989" classname="character(0)" name="ard_vif_issues_friendly_messaging_for_incorrect_object_passed_in_can_t_get_terms_of_model"/>
  </testsuite>
  <testsuite name="ard_car_vif" timestamp="2025-05-27T22:34:36Z" hostname="9903cf6c352b" tests="1" skipped="0" failures="0" errors="0" time="0.002">
    <testcase time="0.00199999999999978" classname="character(0)" name="ard_car_vif_follows_ard_structure"/>
  </testsuite>
  <testsuite name="ard_car_anova" timestamp="2025-05-27T22:34:36Z" hostname="9903cf6c352b" tests="3" skipped="0" failures="0" errors="0" time="0.269">
    <testcase time="0.267" classname="character(0)" name="ard_car_anova_works"/>
    <testcase time="0.00100000000000033" classname="character(0)" name="ard_car_anova_works"/>
    <testcase time="0.00099999999999989" classname="character(0)" name="ard_car_anova_works"/>
  </testsuite>
  <testsuite name="ard_car_anova" timestamp="2025-05-27T22:34:36Z" hostname="9903cf6c352b" tests="1" skipped="0" failures="0" errors="0" time="0.002">
    <testcase time="0.00199999999999978" classname="character(0)" name="ard_car_anova_messaging"/>
  </testsuite>
  <testsuite name="ard_car_anova" timestamp="2025-05-27T22:34:36Z" hostname="9903cf6c352b" tests="1" skipped="0" failures="0" errors="0" time="0.002">
    <testcase time="0.00200000000000022" classname="character(0)" name="ard_car_anova_follows_ard_structure"/>
  </testsuite>
  <testsuite name="ard_categorical_ci.data.frame" timestamp="2025-05-27T22:34:40Z" hostname="9903cf6c352b" tests="1" skipped="0" failures="0" errors="0" time="3.79">
    <testcase time="3.79" classname="character(0)" name="ard_categorical_ci.data.frame_method_wald_"/>
  </testsuite>
  <testsuite name="ard_categorical_ci.data.frame" timestamp="2025-05-27T22:34:40Z" hostname="9903cf6c352b" tests="1" skipped="0" failures="0" errors="0" time="0.003">
    <testcase time="0.00300000000000011" classname="character(0)" name="ard_categorical_ci.data.frame_method_waldcc_"/>
  </testsuite>
  <testsuite name="ard_categorical_ci.data.frame" timestamp="2025-05-27T22:34:40Z" hostname="9903cf6c352b" tests="1" skipped="0" failures="0" errors="0" time="0.002">
    <testcase time="0.00199999999999978" classname="character(0)" name="ard_categorical_ci.data.frame_method_clopper_pearson_"/>
  </testsuite>
  <testsuite name="ard_categorical_ci.data.frame" timestamp="2025-05-27T22:34:40Z" hostname="9903cf6c352b" tests="1" skipped="0" failures="0" errors="0" time="0.003">
    <testcase time="0.00300000000000011" classname="character(0)" name="ard_categorical_ci.data.frame_method_wilson_"/>
  </testsuite>
  <testsuite name="ard_categorical_ci.data.frame" timestamp="2025-05-27T22:34:40Z" hostname="9903cf6c352b" tests="1" skipped="0" failures="0" errors="0" time="0.002">
    <testcase time="0.00199999999999978" classname="character(0)" name="ard_categorical_ci.data.frame_method_wilsoncc_"/>
  </testsuite>
  <testsuite name="ard_categorical_ci.data.frame" timestamp="2025-05-27T22:34:40Z" hostname="9903cf6c352b" tests="3" skipped="0" failures="0" errors="0" time="0.002">
    <testcase time="0.00100000000000033" classname="character(0)" name="ard_categorical_ci.data.frame_method_strat_wilson_"/>
    <testcase time="0.00100000000000033" classname="character(0)" name="ard_categorical_ci.data.frame_method_strat_wilson_"/>
    <testcase time="0" classname="character(0)" name="ard_categorical_ci.data.frame_method_strat_wilson_"/>
  </testsuite>
  <testsuite name="ard_categorical_ci.data.frame" timestamp="2025-05-27T22:34:40Z" hostname="9903cf6c352b" tests="1" skipped="0" failures="0" errors="0" time="0.002">
    <testcase time="0.00199999999999978" classname="character(0)" name="ard_categorical_ci.data.frame_method_strat_wilsoncc_"/>
  </testsuite>
  <testsuite name="ard_categorical_ci.data.frame" timestamp="2025-05-27T22:34:40Z" hostname="9903cf6c352b" tests="1" skipped="0" failures="0" errors="0" time="0.001">
    <testcase time="0.000999999999999446" classname="character(0)" name="ard_categorical_ci.data.frame_method_jeffreys_"/>
  </testsuite>
  <testsuite name="ard_categorical_ci.data.frame" timestamp="2025-05-27T22:34:40Z" hostname="9903cf6c352b" tests="1" skipped="0" failures="0" errors="0" time="0.002">
    <testcase time="0.00200000000000067" classname="character(0)" name="ard_categorical_ci.data.frame_method_agresti_coull_"/>
  </testsuite>
  <testsuite name="ard_categorical_ci.data.frame" timestamp="2025-05-27T22:34:40Z" hostname="9903cf6c352b" tests="1" skipped="0" failures="0" errors="0" time="0.001">
    <testcase time="0.000999999999999446" classname="character(0)" name="ard_continuous_ci.data.frame_follows_ard_structure"/>
  </testsuite>
  <testsuite name="ard_categorical_ci.data.frame" timestamp="2025-05-27T22:34:40Z" hostname="9903cf6c352b" tests="6" skipped="0" failures="0" errors="0" time="0.004">
    <testcase time="0.00200000000000067" classname="character(0)" name="ard_continuous_ci.data.frame_denominator_row_"/>
    <testcase time="0" classname="character(0)" name="ard_continuous_ci.data.frame_denominator_row_"/>
    <testcase time="0.000999999999999446" classname="character(0)" name="ard_continuous_ci.data.frame_denominator_row_"/>
    <testcase time="0" classname="character(0)" name="ard_continuous_ci.data.frame_denominator_row_"/>
    <testcase time="0.00100000000000033" classname="character(0)" name="ard_continuous_ci.data.frame_denominator_row_"/>
    <testcase time="0" classname="character(0)" name="ard_continuous_ci.data.frame_denominator_row_"/>
  </testsuite>
  <testsuite name="ard_categorical_ci.data.frame" timestamp="2025-05-27T22:34:40Z" hostname="9903cf6c352b" tests="6" skipped="0" failures="0" errors="0" time="0.007">
    <testcase time="0.00199999999999978" classname="character(0)" name="ard_continuous_ci.data.frame_denominator_cell_"/>
    <testcase time="0" classname="character(0)" name="ard_continuous_ci.data.frame_denominator_cell_"/>
    <testcase time="0.00100000000000033" classname="character(0)" name="ard_continuous_ci.data.frame_denominator_cell_"/>
    <testcase time="0" classname="character(0)" name="ard_continuous_ci.data.frame_denominator_cell_"/>
    <testcase time="0.00300000000000011" classname="character(0)" name="ard_continuous_ci.data.frame_denominator_cell_"/>
    <testcase time="0.000999999999999446" classname="character(0)" name="ard_continuous_ci.data.frame_denominator_cell_"/>
  </testsuite>
  <testsuite name="ard_categorical_ci.data.frame" timestamp="2025-05-27T22:34:40Z" hostname="9903cf6c352b" tests="2" skipped="0" failures="0" errors="0" time="0.002">
    <testcase time="0.00100000000000033" classname="character(0)" name="ard_continuous_ci.data.frame_denominator_column_with_all_NA_column"/>
    <testcase time="0.000999999999999446" classname="character(0)" name="ard_continuous_ci.data.frame_denominator_column_with_all_NA_column"/>
  </testsuite>
  <testsuite name="ard_categorical_ci.data.frame" timestamp="2025-05-27T22:34:40Z" hostname="9903cf6c352b" tests="2" skipped="0" failures="0" errors="0" time="0.002">
    <testcase time="0.00100000000000033" classname="character(0)" name="ard_continuous_ci.data.frame_denominator_row_with_all_NA_column"/>
    <testcase time="0.00100000000000033" classname="character(0)" name="ard_continuous_ci.data.frame_denominator_row_with_all_NA_column"/>
  </testsuite>
  <testsuite name="ard_categorical_ci.data.frame" timestamp="2025-05-27T22:34:40Z" hostname="9903cf6c352b" tests="2" skipped="0" failures="0" errors="0" time="0.002">
    <testcase time="0.000999999999999446" classname="character(0)" name="ard_continuous_ci.data.frame_denominator_cell_with_all_NA_column"/>
    <testcase time="0.00100000000000033" classname="character(0)" name="ard_continuous_ci.data.frame_denominator_cell_with_all_NA_column"/>
  </testsuite>
  <testsuite name="ard_categorical_ci.data.frame" timestamp="2025-05-27T22:34:40Z" hostname="9903cf6c352b" tests="3" skipped="0" failures="0" errors="0" time="0.002">
    <testcase time="0.00100000000000033" classname="character(0)" name="ard_continuous_ci.data.frame_NA_handling"/>
    <testcase time="0.000999999999999446" classname="character(0)" name="ard_continuous_ci.data.frame_NA_handling"/>
    <testcase time="0" classname="character(0)" name="ard_continuous_ci.data.frame_NA_handling"/>
  </testsuite>
  <testsuite name="ard_categorical_ci.survey.design" timestamp="2025-05-27T22:34:42Z" hostname="9903cf6c352b" tests="1" skipped="0" failures="0" errors="0" time="1.946">
    <testcase time="1.946" classname="character(0)" name="ard_categorical_ci_data_"/>
  </testsuite>
  <testsuite name="ard_categorical_ci.survey.design" timestamp="2025-05-27T22:34:42Z" hostname="9903cf6c352b" tests="5" skipped="0" failures="0" errors="0" time="0.006">
    <testcase time="0.00200000000000067" classname="character(0)" name="ard_categorical_ci_variables_"/>
    <testcase time="0.000999999999999446" classname="character(0)" name="ard_categorical_ci_variables_"/>
    <testcase time="0.000999999999999446" classname="character(0)" name="ard_categorical_ci_variables_"/>
    <testcase time="0.00100000000000122" classname="character(0)" name="ard_categorical_ci_variables_"/>
    <testcase time="0.000999999999999446" classname="character(0)" name="ard_categorical_ci_variables_"/>
  </testsuite>
  <testsuite name="ard_categorical_ci.survey.design" timestamp="2025-05-27T22:34:42Z" hostname="9903cf6c352b" tests="4" skipped="0" failures="0" errors="0" time="0.006">
    <testcase time="0.00300000000000011" classname="character(0)" name="ard_categorical_ci_by_"/>
    <testcase time="0.000999999999999446" classname="character(0)" name="ard_categorical_ci_by_"/>
    <testcase time="0.000999999999999446" classname="character(0)" name="ard_categorical_ci_by_"/>
    <testcase time="0.00100000000000122" classname="character(0)" name="ard_categorical_ci_by_"/>
  </testsuite>
  <testsuite name="ard_categorical_ci.survey.design" timestamp="2025-05-27T22:34:42Z" hostname="9903cf6c352b" tests="2" skipped="0" failures="0" errors="0" time="0.003">
    <testcase time="0.00199999999999889" classname="character(0)" name="ard_categorical_ci_conf.level_"/>
    <testcase time="0.00100000000000122" classname="character(0)" name="ard_categorical_ci_conf.level_"/>
  </testsuite>
  <testsuite name="ard_categorical_ci.survey.design" timestamp="2025-05-27T22:34:42Z" hostname="9903cf6c352b" tests="3" skipped="0" failures="0" errors="0" time="0.005">
    <testcase time="0.00300000000000011" classname="character(0)" name="ard_categorical_ci_method_"/>
    <testcase time="0.000999999999999446" classname="character(0)" name="ard_categorical_ci_method_"/>
    <testcase time="0.000999999999999446" classname="character(0)" name="ard_categorical_ci_method_"/>
  </testsuite>
  <testsuite name="ard_categorical_ci.survey.design" timestamp="2025-05-27T22:34:42Z" hostname="9903cf6c352b" tests="2" skipped="0" failures="0" errors="0" time="0.003">
    <testcase time="0.00200000000000067" classname="character(0)" name="ard_categorical_ci_value_"/>
    <testcase time="0.000999999999999446" classname="character(0)" name="ard_categorical_ci_value_"/>
  </testsuite>
  <testsuite name="ard_categorical_ci.survey.design" timestamp="2025-05-27T22:34:42Z" hostname="9903cf6c352b" tests="1" skipped="0" failures="0" errors="0" time="0.002">
    <testcase time="0.00200000000000067" classname="character(0)" name="ard_categorical_ci.survey.design_follows_ard_structure"/>
  </testsuite>
  <testsuite name="ard_categorical_max" timestamp="2025-05-27T22:34:45Z" hostname="9903cf6c352b" tests="8" skipped="0" failures="0" errors="0" time="2.943">
    <testcase time="2.937" classname="character(0)" name="ard_categorical_max_works_with_default_settings"/>
    <testcase time="0.00100000000000122" classname="character(0)" name="ard_categorical_max_works_with_default_settings"/>
    <testcase time="0.000999999999999446" classname="character(0)" name="ard_categorical_max_works_with_default_settings"/>
    <testcase time="0" classname="character(0)" name="ard_categorical_max_works_with_default_settings"/>
    <testcase time="0.000999999999999446" classname="character(0)" name="ard_categorical_max_works_with_default_settings"/>
    <testcase time="0.000999999999999446" classname="character(0)" name="ard_categorical_max_works_with_default_settings"/>
    <testcase time="0.00100000000000122" classname="character(0)" name="ard_categorical_max_works_with_default_settings"/>
    <testcase time="0.000999999999999446" classname="character(0)" name="ard_categorical_max_works_with_default_settings"/>
  </testsuite>
  <testsuite name="ard_categorical_max" timestamp="2025-05-27T22:34:45Z" hostname="9903cf6c352b" tests="1" skipped="0" failures="0" errors="0" time="0.002">
    <testcase time="0.00200000000000067" classname="character(0)" name="ard_categorical_max_statistic_works"/>
  </testsuite>
  <testsuite name="ard_categorical_max" timestamp="2025-05-27T22:34:45Z" hostname="9903cf6c352b" tests="2" skipped="0" failures="0" errors="0" time="0.002">
    <testcase time="0.000999999999999446" classname="character(0)" name="ard_categorical_max_denominator_works"/>
    <testcase time="0.000999999999999446" classname="character(0)" name="ard_categorical_max_denominator_works"/>
  </testsuite>
  <testsuite name="ard_categorical_max" timestamp="2025-05-27T22:34:45Z" hostname="9903cf6c352b" tests="1" skipped="0" failures="0" errors="0" time="0.001">
    <testcase time="0.00100000000000122" classname="character(0)" name="ard_categorical_max_quiet_works"/>
  </testsuite>
  <testsuite name="ard_categorical_max" timestamp="2025-05-27T22:34:45Z" hostname="9903cf6c352b" tests="13" skipped="0" failures="0" errors="0" time="0.011">
    <testcase time="0.00199999999999889" classname="character(0)" name="ard_categorical_max_works_with_pre_ordered_factor_variables"/>
    <testcase time="0" classname="character(0)" name="ard_categorical_max_works_with_pre_ordered_factor_variables"/>
    <testcase time="0.00300000000000011" classname="character(0)" name="ard_categorical_max_works_with_pre_ordered_factor_variables"/>
    <testcase time="0.00100000000000122" classname="character(0)" name="ard_categorical_max_works_with_pre_ordered_factor_variables"/>
    <testcase time="0" classname="character(0)" name="ard_categorical_max_works_with_pre_ordered_factor_variables"/>
    <testcase time="0.000999999999999446" classname="character(0)" name="ard_categorical_max_works_with_pre_ordered_factor_variables"/>
    <testcase time="0" classname="character(0)" name="ard_categorical_max_works_with_pre_ordered_factor_variables"/>
    <testcase time="0.000999999999999446" classname="character(0)" name="ard_categorical_max_works_with_pre_ordered_factor_variables"/>
    <testcase time="0.000999999999999446" classname="character(0)" name="ard_categorical_max_works_with_pre_ordered_factor_variables"/>
    <testcase time="0" classname="character(0)" name="ard_categorical_max_works_with_pre_ordered_factor_variables"/>
    <testcase time="0.00100000000000122" classname="character(0)" name="ard_categorical_max_works_with_pre_ordered_factor_variables"/>
    <testcase time="0" classname="character(0)" name="ard_categorical_max_works_with_pre_ordered_factor_variables"/>
    <testcase time="0.000999999999999446" classname="character(0)" name="ard_categorical_max_works_with_pre_ordered_factor_variables"/>
  </testsuite>
  <testsuite name="ard_categorical_max" timestamp="2025-05-27T22:34:45Z" hostname="9903cf6c352b" tests="2" skipped="0" failures="0" errors="0" time="0.002">
    <testcase time="0.000999999999999446" classname="character(0)" name="ard_categorical_max_errors_with_incomplete_factor_columns"/>
    <testcase time="0.00100000000000122" classname="character(0)" name="ard_categorical_max_errors_with_incomplete_factor_columns"/>
  </testsuite>
  <testsuite name="ard_categorical_max" timestamp="2025-05-27T22:34:45Z" hostname="9903cf6c352b" tests="1" skipped="0" failures="0" errors="0" time="0.001">
    <testcase time="0.000999999999999446" classname="character(0)" name="ard_categorical_max_works_without_any_variables"/>
  </testsuite>
  <testsuite name="ard_categorical_max" timestamp="2025-05-27T22:34:45Z" hostname="9903cf6c352b" tests="1" skipped="0" failures="0" errors="0" time="0.002">
    <testcase time="0.00200000000000067" classname="character(0)" name="ard_categorical_max_follows_ard_structure"/>
  </testsuite>
  <testsuite name="ard_categorical.survey.design" timestamp="2025-05-27T22:35:01Z" hostname="9903cf6c352b" tests="54" skipped="0" failures="0" errors="0" time="15.453">
    <testcase time="15.418" classname="character(0)" name="ard_categorical.survey.design_works"/>
    <testcase time="0" classname="character(0)" name="ard_categorical.survey.design_works"/>
    <testcase time="0.000999999999997669" classname="character(0)" name="ard_categorical.survey.design_works"/>
    <testcase time="0" classname="character(0)" name="ard_categorical.survey.design_works"/>
    <testcase time="0.00100000000000122" classname="character(0)" name="ard_categorical.survey.design_works"/>
    <testcase time="0" classname="character(0)" name="ard_categorical.survey.design_works"/>
    <testcase time="0.00100000000000122" classname="character(0)" name="ard_categorical.survey.design_works"/>
    <testcase time="0" classname="character(0)" name="ard_categorical.survey.design_works"/>
    <testcase time="0.000999999999997669" classname="character(0)" name="ard_categorical.survey.design_works"/>
    <testcase time="0.00100000000000122" classname="character(0)" name="ard_categorical.survey.design_works"/>
    <testcase time="0" classname="character(0)" name="ard_categorical.survey.design_works"/>
    <testcase time="0.00100000000000122" classname="character(0)" name="ard_categorical.survey.design_works"/>
    <testcase time="0.00300000000000011" classname="character(0)" name="ard_categorical.survey.design_works"/>
    <testcase time="0.000999999999997669" classname="character(0)" name="ard_categorical.survey.design_works"/>
    <testcase time="0" classname="character(0)" name="ard_categorical.survey.design_works"/>
    <testcase time="0.00100000000000122" classname="character(0)" name="ard_categorical.survey.design_works"/>
    <testcase time="0" classname="character(0)" name="ard_categorical.survey.design_works"/>
    <testcase time="0.000999999999997669" classname="character(0)" name="ard_categorical.survey.design_works"/>
    <testcase time="0" classname="character(0)" name="ard_categorical.survey.design_works"/>
    <testcase time="0.00100000000000122" classname="character(0)" name="ard_categorical.survey.design_works"/>
    <testcase time="0.00100000000000122" classname="character(0)" name="ard_categorical.survey.design_works"/>
    <testcase time="0" classname="character(0)" name="ard_categorical.survey.design_works"/>
    <testcase time="0.000999999999997669" classname="character(0)" name="ard_categorical.survey.design_works"/>
    <testcase time="0" classname="character(0)" name="ard_categorical.survey.design_works"/>
    <testcase time="0.00100000000000122" classname="character(0)" name="ard_categorical.survey.design_works"/>
    <testcase time="0.00100000000000122" classname="character(0)" name="ard_categorical.survey.design_works"/>
    <testcase time="0" classname="character(0)" name="ard_categorical.survey.design_works"/>
    <testcase time="0.000999999999997669" classname="character(0)" name="ard_categorical.survey.design_works"/>
    <testcase time="0" classname="character(0)" name="ard_categorical.survey.design_works"/>
    <testcase time="0.00100000000000122" classname="character(0)" name="ard_categorical.survey.design_works"/>
    <testcase time="0.00100000000000122" classname="character(0)" name="ard_categorical.survey.design_works"/>
    <testcase time="0" classname="character(0)" name="ard_categorical.survey.design_works"/>
    <testcase time="0.000999999999997669" classname="character(0)" name="ard_categorical.survey.design_works"/>
    <testcase time="0.00100000000000122" classname="character(0)" name="ard_categorical.survey.design_works"/>
    <testcase time="0" classname="character(0)" name="ard_categorical.survey.design_works"/>
    <testcase time="0.00100000000000122" classname="character(0)" name="ard_categorical.survey.design_works"/>
    <testcase time="0.000999999999997669" classname="character(0)" name="ard_categorical.survey.design_works"/>
    <testcase time="0" classname="character(0)" name="ard_categorical.survey.design_works"/>
    <testcase time="0.00100000000000122" classname="character(0)" name="ard_categorical.survey.design_works"/>
    <testcase time="0.00100000000000122" classname="character(0)" name="ard_categorical.survey.design_works"/>
    <testcase time="0" classname="character(0)" name="ard_categorical.survey.design_works"/>
    <testcase time="0.000999999999997669" classname="character(0)" name="ard_categorical.survey.design_works"/>
    <testcase time="0.00100000000000122" classname="character(0)" name="ard_categorical.survey.design_works"/>
    <testcase time="0" classname="character(0)" name="ard_categorical.survey.design_works"/>
    <testcase time="0.00100000000000122" classname="character(0)" name="ard_categorical.survey.design_works"/>
    <testcase time="0.000999999999997669" classname="character(0)" name="ard_categorical.survey.design_works"/>
    <testcase time="0" classname="character(0)" name="ard_categorical.survey.design_works"/>
    <testcase time="0.00100000000000122" classname="character(0)" name="ard_categorical.survey.design_works"/>
    <testcase time="0.00100000000000122" classname="character(0)" name="ard_categorical.survey.design_works"/>
    <testcase time="0" classname="character(0)" name="ard_categorical.survey.design_works"/>
    <testcase time="0.000999999999997669" classname="character(0)" name="ard_categorical.survey.design_works"/>
    <testcase time="0.00100000000000122" classname="character(0)" name="ard_categorical.survey.design_works"/>
    <testcase time="0" classname="character(0)" name="ard_categorical.survey.design_works"/>
    <testcase time="0.00100000000000122" classname="character(0)" name="ard_categorical.survey.design_works"/>
  </testsuite>
  <testsuite name="ard_categorical.survey.design" timestamp="2025-05-27T22:35:01Z" hostname="9903cf6c352b" tests="3" skipped="0" failures="0" errors="0" time="0.003">
    <testcase time="0.00199999999999889" classname="character(0)" name="ard_categorical.survey.design_returns_an_error_when_variables_have_all_NAs"/>
    <testcase time="0.00100000000000122" classname="character(0)" name="ard_categorical.survey.design_returns_an_error_when_variables_have_all_NAs"/>
    <testcase time="0" classname="character(0)" name="ard_categorical.survey.design_returns_an_error_when_variables_have_all_NAs"/>
  </testsuite>
  <testsuite name="ard_categorical.survey.design" timestamp="2025-05-27T22:35:01Z" hostname="9903cf6c352b" tests="39" skipped="0" failures="0" errors="0" time="0.027">
    <testcase time="0.00199999999999889" classname="character(0)" name="ard_categorical.survey.design_works_for_unobserved_factor_levels"/>
    <testcase time="0" classname="character(0)" name="ard_categorical.survey.design_works_for_unobserved_factor_levels"/>
    <testcase time="0.00100000000000122" classname="character(0)" name="ard_categorical.survey.design_works_for_unobserved_factor_levels"/>
    <testcase time="0" classname="character(0)" name="ard_categorical.survey.design_works_for_unobserved_factor_levels"/>
    <testcase time="0.000999999999997669" classname="character(0)" name="ard_categorical.survey.design_works_for_unobserved_factor_levels"/>
    <testcase time="0.00100000000000122" classname="character(0)" name="ard_categorical.survey.design_works_for_unobserved_factor_levels"/>
    <testcase time="0" classname="character(0)" name="ard_categorical.survey.design_works_for_unobserved_factor_levels"/>
    <testcase time="0.000999999999997669" classname="character(0)" name="ard_categorical.survey.design_works_for_unobserved_factor_levels"/>
    <testcase time="0" classname="character(0)" name="ard_categorical.survey.design_works_for_unobserved_factor_levels"/>
    <testcase time="0.00100000000000122" classname="character(0)" name="ard_categorical.survey.design_works_for_unobserved_factor_levels"/>
    <testcase time="0" classname="character(0)" name="ard_categorical.survey.design_works_for_unobserved_factor_levels"/>
    <testcase time="0.00100000000000122" classname="character(0)" name="ard_categorical.survey.design_works_for_unobserved_factor_levels"/>
    <testcase time="0" classname="character(0)" name="ard_categorical.survey.design_works_for_unobserved_factor_levels"/>
    <testcase time="0.000999999999997669" classname="character(0)" name="ard_categorical.survey.design_works_for_unobserved_factor_levels"/>
    <testcase time="0.00100000000000122" classname="character(0)" name="ard_categorical.survey.design_works_for_unobserved_factor_levels"/>
    <testcase time="0" classname="character(0)" name="ard_categorical.survey.design_works_for_unobserved_factor_levels"/>
    <testcase time="0.00100000000000122" classname="character(0)" name="ard_categorical.survey.design_works_for_unobserved_factor_levels"/>
    <testcase time="0" classname="character(0)" name="ard_categorical.survey.design_works_for_unobserved_factor_levels"/>
    <testcase time="0.000999999999997669" classname="character(0)" name="ard_categorical.survey.design_works_for_unobserved_factor_levels"/>
    <testcase time="0.00100000000000122" classname="character(0)" name="ard_categorical.survey.design_works_for_unobserved_factor_levels"/>
    <testcase time="0" classname="character(0)" name="ard_categorical.survey.design_works_for_unobserved_factor_levels"/>
    <testcase time="0.00100000000000122" classname="character(0)" name="ard_categorical.survey.design_works_for_unobserved_factor_levels"/>
    <testcase time="0" classname="character(0)" name="ard_categorical.survey.design_works_for_unobserved_factor_levels"/>
    <testcase time="0.000999999999997669" classname="character(0)" name="ard_categorical.survey.design_works_for_unobserved_factor_levels"/>
    <testcase time="0.00100000000000122" classname="character(0)" name="ard_categorical.survey.design_works_for_unobserved_factor_levels"/>
    <testcase time="0" classname="character(0)" name="ard_categorical.survey.design_works_for_unobserved_factor_levels"/>
    <testcase time="0.00100000000000122" classname="character(0)" name="ard_categorical.survey.design_works_for_unobserved_factor_levels"/>
    <testcase time="0.000999999999997669" classname="character(0)" name="ard_categorical.survey.design_works_for_unobserved_factor_levels"/>
    <testcase time="0" classname="character(0)" name="ard_categorical.survey.design_works_for_unobserved_factor_levels"/>
    <testcase time="0.00100000000000122" classname="character(0)" name="ard_categorical.survey.design_works_for_unobserved_factor_levels"/>
    <testcase time="0" classname="character(0)" name="ard_categorical.survey.design_works_for_unobserved_factor_levels"/>
    <testcase time="0.00100000000000122" classname="character(0)" name="ard_categorical.survey.design_works_for_unobserved_factor_levels"/>
    <testcase time="0.000999999999997669" classname="character(0)" name="ard_categorical.survey.design_works_for_unobserved_factor_levels"/>
    <testcase time="0" classname="character(0)" name="ard_categorical.survey.design_works_for_unobserved_factor_levels"/>
    <testcase time="0.00100000000000122" classname="character(0)" name="ard_categorical.survey.design_works_for_unobserved_factor_levels"/>
    <testcase time="0.00300000000000011" classname="character(0)" name="ard_categorical.survey.design_works_for_unobserved_factor_levels"/>
    <testcase time="0.00100000000000122" classname="character(0)" name="ard_categorical.survey.design_works_for_unobserved_factor_levels"/>
    <testcase time="0.000999999999997669" classname="character(0)" name="ard_categorical.survey.design_works_for_unobserved_factor_levels"/>
    <testcase time="0" classname="character(0)" name="ard_categorical.survey.design_works_for_unobserved_factor_levels"/>
  </testsuite>
  <testsuite name="ard_categorical.survey.design" timestamp="2025-05-27T22:35:01Z" hostname="9903cf6c352b" tests="39" skipped="0" failures="0" errors="0" time="0.025">
    <testcase time="0.00200000000000244" classname="character(0)" name="ard_categorical.survey.design_works_for_unobserved_logical_levels"/>
    <testcase time="0.000999999999997669" classname="character(0)" name="ard_categorical.survey.design_works_for_unobserved_logical_levels"/>
    <testcase time="0" classname="character(0)" name="ard_categorical.survey.design_works_for_unobserved_logical_levels"/>
    <testcase time="0.00100000000000122" classname="character(0)" name="ard_categorical.survey.design_works_for_unobserved_logical_levels"/>
    <testcase time="0" classname="character(0)" name="ard_categorical.survey.design_works_for_unobserved_logical_levels"/>
    <testcase time="0.00100000000000122" classname="character(0)" name="ard_categorical.survey.design_works_for_unobserved_logical_levels"/>
    <testcase time="0" classname="character(0)" name="ard_categorical.survey.design_works_for_unobserved_logical_levels"/>
    <testcase time="0.000999999999997669" classname="character(0)" name="ard_categorical.survey.design_works_for_unobserved_logical_levels"/>
    <testcase time="0.00100000000000122" classname="character(0)" name="ard_categorical.survey.design_works_for_unobserved_logical_levels"/>
    <testcase time="0" classname="character(0)" name="ard_categorical.survey.design_works_for_unobserved_logical_levels"/>
    <testcase time="0.00100000000000122" classname="character(0)" name="ard_categorical.survey.design_works_for_unobserved_logical_levels"/>
    <testcase time="0" classname="character(0)" name="ard_categorical.survey.design_works_for_unobserved_logical_levels"/>
    <testcase time="0.000999999999997669" classname="character(0)" name="ard_categorical.survey.design_works_for_unobserved_logical_levels"/>
    <testcase time="0" classname="character(0)" name="ard_categorical.survey.design_works_for_unobserved_logical_levels"/>
    <testcase time="0.00100000000000122" classname="character(0)" name="ard_categorical.survey.design_works_for_unobserved_logical_levels"/>
    <testcase time="0.000999999999997669" classname="character(0)" name="ard_categorical.survey.design_works_for_unobserved_logical_levels"/>
    <testcase time="0" classname="character(0)" name="ard_categorical.survey.design_works_for_unobserved_logical_levels"/>
    <testcase time="0.00100000000000122" classname="character(0)" name="ard_categorical.survey.design_works_for_unobserved_logical_levels"/>
    <testcase time="0" classname="character(0)" name="ard_categorical.survey.design_works_for_unobserved_logical_levels"/>
    <testcase time="0.00100000000000122" classname="character(0)" name="ard_categorical.survey.design_works_for_unobserved_logical_levels"/>
    <testcase time="0.000999999999997669" classname="character(0)" name="ard_categorical.survey.design_works_for_unobserved_logical_levels"/>
    <testcase time="0" classname="character(0)" name="ard_categorical.survey.design_works_for_unobserved_logical_levels"/>
    <testcase time="0.00100000000000122" classname="character(0)" name="ard_categorical.survey.design_works_for_unobserved_logical_levels"/>
    <testcase time="0" classname="character(0)" name="ard_categorical.survey.design_works_for_unobserved_logical_levels"/>
    <testcase time="0.00100000000000122" classname="character(0)" name="ard_categorical.survey.design_works_for_unobserved_logical_levels"/>
    <testcase time="0.000999999999997669" classname="character(0)" name="ard_categorical.survey.design_works_for_unobserved_logical_levels"/>
    <testcase time="0" classname="character(0)" name="ard_categorical.survey.design_works_for_unobserved_logical_levels"/>
    <testcase time="0.00100000000000122" classname="character(0)" name="ard_categorical.survey.design_works_for_unobserved_logical_levels"/>
    <testcase time="0.00100000000000122" classname="character(0)" name="ard_categorical.survey.design_works_for_unobserved_logical_levels"/>
    <testcase time="0" classname="character(0)" name="ard_categorical.survey.design_works_for_unobserved_logical_levels"/>
    <testcase time="0.000999999999997669" classname="character(0)" name="ard_categorical.survey.design_works_for_unobserved_logical_levels"/>
    <testcase time="0" classname="character(0)" name="ard_categorical.survey.design_works_for_unobserved_logical_levels"/>
    <testcase time="0.00100000000000122" classname="character(0)" name="ard_categorical.survey.design_works_for_unobserved_logical_levels"/>
    <testcase time="0.00100000000000122" classname="character(0)" name="ard_categorical.survey.design_works_for_unobserved_logical_levels"/>
    <testcase time="0" classname="character(0)" name="ard_categorical.survey.design_works_for_unobserved_logical_levels"/>
    <testcase time="0.000999999999997669" classname="character(0)" name="ard_categorical.survey.design_works_for_unobserved_logical_levels"/>
    <testcase time="0.00100000000000122" classname="character(0)" name="ard_categorical.survey.design_works_for_unobserved_logical_levels"/>
    <testcase time="0" classname="character(0)" name="ard_categorical.survey.design_works_for_unobserved_logical_levels"/>
    <testcase time="0.00100000000000122" classname="character(0)" name="ard_categorical.survey.design_works_for_unobserved_logical_levels"/>
  </testsuite>
  <testsuite name="ard_categorical.survey.design" timestamp="2025-05-27T22:35:01Z" hostname="9903cf6c352b" tests="18" skipped="0" failures="0" errors="0" time="0.012">
    <testcase time="0.00199999999999889" classname="character(0)" name="ard_categorical.survey.design_works_with_variables_with_only_1_level"/>
    <testcase time="0.00100000000000122" classname="character(0)" name="ard_categorical.survey.design_works_with_variables_with_only_1_level"/>
    <testcase time="0" classname="character(0)" name="ard_categorical.survey.design_works_with_variables_with_only_1_level"/>
    <testcase time="0.000999999999997669" classname="character(0)" name="ard_categorical.survey.design_works_with_variables_with_only_1_level"/>
    <testcase time="0" classname="character(0)" name="ard_categorical.survey.design_works_with_variables_with_only_1_level"/>
    <testcase time="0.00100000000000122" classname="character(0)" name="ard_categorical.survey.design_works_with_variables_with_only_1_level"/>
    <testcase time="0" classname="character(0)" name="ard_categorical.survey.design_works_with_variables_with_only_1_level"/>
    <testcase time="0.00100000000000122" classname="character(0)" name="ard_categorical.survey.design_works_with_variables_with_only_1_level"/>
    <testcase time="0" classname="character(0)" name="ard_categorical.survey.design_works_with_variables_with_only_1_level"/>
    <testcase time="0.000999999999997669" classname="character(0)" name="ard_categorical.survey.design_works_with_variables_with_only_1_level"/>
    <testcase time="0.00100000000000122" classname="character(0)" name="ard_categorical.survey.design_works_with_variables_with_only_1_level"/>
    <testcase time="0" classname="character(0)" name="ard_categorical.survey.design_works_with_variables_with_only_1_level"/>
    <testcase time="0.00100000000000122" classname="character(0)" name="ard_categorical.survey.design_works_with_variables_with_only_1_level"/>
    <testcase time="0" classname="character(0)" name="ard_categorical.survey.design_works_with_variables_with_only_1_level"/>
    <testcase time="0.000999999999997669" classname="character(0)" name="ard_categorical.survey.design_works_with_variables_with_only_1_level"/>
    <testcase time="0" classname="character(0)" name="ard_categorical.survey.design_works_with_variables_with_only_1_level"/>
    <testcase time="0.00100000000000122" classname="character(0)" name="ard_categorical.survey.design_works_with_variables_with_only_1_level"/>
    <testcase time="0.00100000000000122" classname="character(0)" name="ard_categorical.survey.design_works_with_variables_with_only_1_level"/>
  </testsuite>
  <testsuite name="ard_categorical.survey.design" timestamp="2025-05-27T22:35:01Z" hostname="9903cf6c352b" tests="4" skipped="0" failures="0" errors="0" time="0.003">
    <testcase time="0.000999999999997669" classname="character(0)" name="ard_categorical.survey.design_by_messages_about_protected_names"/>
    <testcase time="0.00100000000000122" classname="character(0)" name="ard_categorical.survey.design_by_messages_about_protected_names"/>
    <testcase time="0" classname="character(0)" name="ard_categorical.survey.design_by_messages_about_protected_names"/>
    <testcase time="0.00100000000000122" classname="character(0)" name="ard_categorical.survey.design_by_messages_about_protected_names"/>
  </testsuite>
  <testsuite name="ard_categorical.survey.design" timestamp="2025-05-27T22:35:01Z" hostname="9903cf6c352b" tests="10" skipped="0" failures="0" errors="0" time="0.007">
    <testcase time="0.00199999999999889" classname="character(0)" name="ard_categorical.survey.design_works_when_using_generic_names_"/>
    <testcase time="0" classname="character(0)" name="ard_categorical.survey.design_works_when_using_generic_names_"/>
    <testcase time="0.000999999999997669" classname="character(0)" name="ard_categorical.survey.design_works_when_using_generic_names_"/>
    <testcase time="0" classname="character(0)" name="ard_categorical.survey.design_works_when_using_generic_names_"/>
    <testcase time="0.00100000000000122" classname="character(0)" name="ard_categorical.survey.design_works_when_using_generic_names_"/>
    <testcase time="0" classname="character(0)" name="ard_categorical.survey.design_works_when_using_generic_names_"/>
    <testcase time="0.00100000000000122" classname="character(0)" name="ard_categorical.survey.design_works_when_using_generic_names_"/>
    <testcase time="0.000999999999997669" classname="character(0)" name="ard_categorical.survey.design_works_when_using_generic_names_"/>
    <testcase time="0" classname="character(0)" name="ard_categorical.survey.design_works_when_using_generic_names_"/>
    <testcase time="0.00100000000000122" classname="character(0)" name="ard_categorical.survey.design_works_when_using_generic_names_"/>
  </testsuite>
  <testsuite name="ard_categorical.survey.design" timestamp="2025-05-27T22:35:01Z" hostname="9903cf6c352b" tests="1" skipped="0" failures="0" errors="0" time="0.001">
    <testcase time="0.00100000000000122" classname="character(0)" name="ard_categorical.survey.design_statistic_properly_excluded_unweighted_stats_not_selected"/>
  </testsuite>
  <testsuite name="ard_categorical.survey.design" timestamp="2025-05-27T22:35:01Z" hostname="9903cf6c352b" tests="1" skipped="0" failures="0" errors="0" time="0.002">
    <testcase time="0.00199999999999889" classname="character(0)" name="ard_categorical_follows_ard_structure"/>
  </testsuite>
  <testsuite name="ard_categorical.survey.design" timestamp="2025-05-27T22:35:01Z" hostname="9903cf6c352b" tests="6" skipped="0" failures="0" errors="0" time="0.007">
    <testcase time="0.00199999999999889" classname="character(0)" name="ard_categorical.survey.design_original_types_are_retained"/>
    <testcase time="0" classname="character(0)" name="ard_categorical.survey.design_original_types_are_retained"/>
    <testcase time="0.00100000000000122" classname="character(0)" name="ard_categorical.survey.design_original_types_are_retained"/>
    <testcase time="0" classname="character(0)" name="ard_categorical.survey.design_original_types_are_retained"/>
    <testcase time="0.00300000000000011" classname="character(0)" name="ard_categorical.survey.design_original_types_are_retained"/>
    <testcase time="0.00100000000000122" classname="character(0)" name="ard_categorical.survey.design_original_types_are_retained"/>
  </testsuite>
  <testsuite name="ard_categorical.survey.design" timestamp="2025-05-27T22:35:01Z" hostname="9903cf6c352b" tests="3" skipped="0" failures="0" errors="0" time="0.003">
    <testcase time="0.000999999999997669" classname="character(0)" name="ard_categorical.survey.design_works_with_all_NA_fct_variables"/>
    <testcase time="0.00100000000000122" classname="character(0)" name="ard_categorical.survey.design_works_with_all_NA_fct_variables"/>
    <testcase time="0.00100000000000122" classname="character(0)" name="ard_categorical.survey.design_works_with_all_NA_fct_variables"/>
  </testsuite>
  <testsuite name="ard_categorical.survey.design" timestamp="2025-05-27T22:35:01Z" hostname="9903cf6c352b" tests="1" skipped="0" failures="0" errors="0" time="0.001">
    <testcase time="0.000999999999997669" classname="character(0)" name="ard_categorical.survey.design_messaging_with_all_NA_lgl_variables"/>
  </testsuite>
  <testsuite name="ard_continuous_ci.data.frame" timestamp="2025-05-27T22:35:01Z" hostname="9903cf6c352b" tests="1" skipped="0" failures="0" errors="0" time="0.632">
    <testcase time="0.632000000000001" classname="character(0)" name="ard_continuous_ci.data.frame_method_t.test_"/>
  </testsuite>
  <testsuite name="ard_continuous_ci.data.frame" timestamp="2025-05-27T22:35:01Z" hostname="9903cf6c352b" tests="1" skipped="0" failures="0" errors="0" time="0.002">
    <testcase time="0.00199999999999889" classname="character(0)" name="ard_continuous_ci.data.frame_method_wilcox.test_"/>
  </testsuite>
  <testsuite name="ard_continuous_ci.data.frame" timestamp="2025-05-27T22:35:01Z" hostname="9903cf6c352b" tests="1" skipped="0" failures="0" errors="0" time="0.001">
    <testcase time="0.00100000000000122" classname="character(0)" name="ard_continuous_ci.data.frame_follows_ard_structure"/>
  </testsuite>
  <testsuite name="ard_continuous_ci.survey.design" timestamp="2025-05-27T22:35:03Z" hostname="9903cf6c352b" tests="1" skipped="0" failures="0" errors="0" time="1.253">
    <testcase time="1.253" classname="character(0)" name="ard_continuous_ci_data_"/>
  </testsuite>
  <testsuite name="ard_continuous_ci.survey.design" timestamp="2025-05-27T22:35:03Z" hostname="9903cf6c352b" tests="5" skipped="0" failures="0" errors="0" time="0.007">
    <testcase time="0.00300000000000011" classname="character(0)" name="ard_continuous_ci_variables_"/>
    <testcase time="0.000999999999997669" classname="character(0)" name="ard_continuous_ci_variables_"/>
    <testcase time="0.00100000000000122" classname="character(0)" name="ard_continuous_ci_variables_"/>
    <testcase time="0.00100000000000122" classname="character(0)" name="ard_continuous_ci_variables_"/>
    <testcase time="0.000999999999997669" classname="character(0)" name="ard_continuous_ci_variables_"/>
  </testsuite>
  <testsuite name="ard_continuous_ci.survey.design" timestamp="2025-05-27T22:35:03Z" hostname="9903cf6c352b" tests="6" skipped="0" failures="0" errors="0" time="0.004">
    <testcase time="0.00200000000000244" classname="character(0)" name="ard_continuous_ci_by_"/>
    <testcase time="0" classname="character(0)" name="ard_continuous_ci_by_"/>
    <testcase time="0.000999999999997669" classname="character(0)" name="ard_continuous_ci_by_"/>
    <testcase time="0" classname="character(0)" name="ard_continuous_ci_by_"/>
    <testcase time="0.00100000000000122" classname="character(0)" name="ard_continuous_ci_by_"/>
    <testcase time="0" classname="character(0)" name="ard_continuous_ci_by_"/>
  </testsuite>
  <testsuite name="ard_continuous_ci.survey.design" timestamp="2025-05-27T22:35:03Z" hostname="9903cf6c352b" tests="2" skipped="0" failures="0" errors="0" time="0.021">
    <testcase time="0.0199999999999996" classname="character(0)" name="ard_continuous_ci_conf.level_"/>
    <testcase time="0.00100000000000122" classname="character(0)" name="ard_continuous_ci_conf.level_"/>
  </testsuite>
  <testsuite name="ard_continuous_ci.survey.design" timestamp="2025-05-27T22:35:03Z" hostname="9903cf6c352b" tests="3" skipped="0" failures="0" errors="0" time="0.003">
    <testcase time="0.000999999999997669" classname="character(0)" name="ard_continuous_ci_method_variables_"/>
    <testcase time="0.00100000000000122" classname="character(0)" name="ard_continuous_ci_method_variables_"/>
    <testcase time="0.00100000000000122" classname="character(0)" name="ard_continuous_ci_method_variables_"/>
  </testsuite>
  <testsuite name="ard_continuous_ci.survey.design" timestamp="2025-05-27T22:35:03Z" hostname="9903cf6c352b" tests="3" skipped="0" failures="0" errors="0" time="0.002">
    <testcase time="0.000999999999997669" classname="character(0)" name="ard_continuous_ci_method_by_"/>
    <testcase time="0.00100000000000122" classname="character(0)" name="ard_continuous_ci_method_by_"/>
    <testcase time="0" classname="character(0)" name="ard_continuous_ci_method_by_"/>
  </testsuite>
  <testsuite name="ard_continuous_ci.survey.design" timestamp="2025-05-27T22:35:03Z" hostname="9903cf6c352b" tests="4" skipped="0" failures="0" errors="0" time="0.004">
    <testcase time="0.00199999999999889" classname="character(0)" name="ard_continuous_ci_..._"/>
    <testcase time="0" classname="character(0)" name="ard_continuous_ci_..._"/>
    <testcase time="0.00100000000000122" classname="character(0)" name="ard_continuous_ci_..._"/>
    <testcase time="0.00100000000000122" classname="character(0)" name="ard_continuous_ci_..._"/>
  </testsuite>
  <testsuite name="ard_continuous_ci.survey.design" timestamp="2025-05-27T22:35:03Z" hostname="9903cf6c352b" tests="2" skipped="0" failures="0" errors="0" time="0.002">
    <testcase time="0.000999999999997669" classname="character(0)" name="ard_continuous_ci_errors_are_captured"/>
    <testcase time="0.00100000000000122" classname="character(0)" name="ard_continuous_ci_errors_are_captured"/>
  </testsuite>
  <testsuite name="ard_continuous_ci.survey.design" timestamp="2025-05-27T22:35:03Z" hostname="9903cf6c352b" tests="1" skipped="0" failures="0" errors="0" time="0.001">
    <testcase time="0.00100000000000122" classname="character(0)" name="ard_continuous_ci.survey.design_follows_ard_structure"/>
  </testsuite>
  <testsuite name="ard_dichotomous.survey.design" timestamp="2025-05-27T22:35:09Z" hostname="9903cf6c352b" tests="33" skipped="0" failures="0" errors="0" time="5.845">
    <testcase time="5.823" classname="character(0)" name="ard_dichotomous.survey.design_works"/>
    <testcase time="0" classname="character(0)" name="ard_dichotomous.survey.design_works"/>
    <testcase time="0.00100000000000477" classname="character(0)" name="ard_dichotomous.survey.design_works"/>
    <testcase time="0.000999999999997669" classname="character(0)" name="ard_dichotomous.survey.design_works"/>
    <testcase time="0" classname="character(0)" name="ard_dichotomous.survey.design_works"/>
    <testcase time="0.000999999999997669" classname="character(0)" name="ard_dichotomous.survey.design_works"/>
    <testcase time="0" classname="character(0)" name="ard_dichotomous.survey.design_works"/>
    <testcase time="0.00100000000000477" classname="character(0)" name="ard_dichotomous.survey.design_works"/>
    <testcase time="0" classname="character(0)" name="ard_dichotomous.survey.design_works"/>
    <testcase time="0.000999999999997669" classname="character(0)" name="ard_dichotomous.survey.design_works"/>
    <testcase time="0.000999999999997669" classname="character(0)" name="ard_dichotomous.survey.design_works"/>
    <testcase time="0" classname="character(0)" name="ard_dichotomous.survey.design_works"/>
    <testcase time="0.00100000000000477" classname="character(0)" name="ard_dichotomous.survey.design_works"/>
    <testcase time="0.00300000000000011" classname="character(0)" name="ard_dichotomous.survey.design_works"/>
    <testcase time="0.000999999999997669" classname="character(0)" name="ard_dichotomous.survey.design_works"/>
    <testcase time="0.000999999999997669" classname="character(0)" name="ard_dichotomous.survey.design_works"/>
    <testcase time="0" classname="character(0)" name="ard_dichotomous.survey.design_works"/>
    <testcase time="0.00100000000000477" classname="character(0)" name="ard_dichotomous.survey.design_works"/>
    <testcase time="0" classname="character(0)" name="ard_dichotomous.survey.design_works"/>
    <testcase time="0.000999999999997669" classname="character(0)" name="ard_dichotomous.survey.design_works"/>
    <testcase time="0.000999999999997669" classname="character(0)" name="ard_dichotomous.survey.design_works"/>
    <testcase time="0" classname="character(0)" name="ard_dichotomous.survey.design_works"/>
    <testcase time="0.00100000000000477" classname="character(0)" name="ard_dichotomous.survey.design_works"/>
    <testcase time="0" classname="character(0)" name="ard_dichotomous.survey.design_works"/>
    <testcase time="0.000999999999997669" classname="character(0)" name="ard_dichotomous.survey.design_works"/>
    <testcase time="0.000999999999997669" classname="character(0)" name="ard_dichotomous.survey.design_works"/>
    <testcase time="0" classname="character(0)" name="ard_dichotomous.survey.design_works"/>
    <testcase time="0.00100000000000477" classname="character(0)" name="ard_dichotomous.survey.design_works"/>
    <testcase time="0.000999999999997669" classname="character(0)" name="ard_dichotomous.survey.design_works"/>
    <testcase time="0" classname="character(0)" name="ard_dichotomous.survey.design_works"/>
    <testcase time="0.000999999999997669" classname="character(0)" name="ard_dichotomous.survey.design_works"/>
    <testcase time="0" classname="character(0)" name="ard_dichotomous.survey.design_works"/>
    <testcase time="0.00100000000000477" classname="character(0)" name="ard_dichotomous.survey.design_works"/>
  </testsuite>
  <testsuite name="ard_dichotomous.survey.design" timestamp="2025-05-27T22:35:09Z" hostname="9903cf6c352b" tests="12" skipped="0" failures="0" errors="0" time="0.008">
    <testcase time="0.00199999999999534" classname="character(0)" name="ard_dichotomous.survey.design_works_with_various_input_types"/>
    <testcase time="0.00100000000000477" classname="character(0)" name="ard_dichotomous.survey.design_works_with_various_input_types"/>
    <testcase time="0" classname="character(0)" name="ard_dichotomous.survey.design_works_with_various_input_types"/>
    <testcase time="0.000999999999997669" classname="character(0)" name="ard_dichotomous.survey.design_works_with_various_input_types"/>
    <testcase time="0" classname="character(0)" name="ard_dichotomous.survey.design_works_with_various_input_types"/>
    <testcase time="0.000999999999997669" classname="character(0)" name="ard_dichotomous.survey.design_works_with_various_input_types"/>
    <testcase time="0" classname="character(0)" name="ard_dichotomous.survey.design_works_with_various_input_types"/>
    <testcase time="0.000999999999997669" classname="character(0)" name="ard_dichotomous.survey.design_works_with_various_input_types"/>
    <testcase time="0" classname="character(0)" name="ard_dichotomous.survey.design_works_with_various_input_types"/>
    <testcase time="0.00100000000000477" classname="character(0)" name="ard_dichotomous.survey.design_works_with_various_input_types"/>
    <testcase time="0.000999999999997669" classname="character(0)" name="ard_dichotomous.survey.design_works_with_various_input_types"/>
    <testcase time="0" classname="character(0)" name="ard_dichotomous.survey.design_works_with_various_input_types"/>
  </testsuite>
  <testsuite name="ard_dichotomous.survey.design" timestamp="2025-05-27T22:35:09Z" hostname="9903cf6c352b" tests="3" skipped="0" failures="0" errors="0" time="0.003">
    <testcase time="0.00200000000000244" classname="character(0)" name="ard_dichotomous.survey.design_returns_an_error_with_erroneous_input"/>
    <testcase time="0.000999999999997669" classname="character(0)" name="ard_dichotomous.survey.design_returns_an_error_with_erroneous_input"/>
    <testcase time="0" classname="character(0)" name="ard_dichotomous.survey.design_returns_an_error_with_erroneous_input"/>
  </testsuite>
  <testsuite name="ard_dichotomous.survey.design" timestamp="2025-05-27T22:35:09Z" hostname="9903cf6c352b" tests="1" skipped="0" failures="0" errors="0" time="0.002">
    <testcase time="0.00200000000000244" classname="character(0)" name="ard_dichotomous.survey.design_follows_ard_structure"/>
  </testsuite>
  <testsuite name="ard_effectsize_cohens_d" timestamp="2025-05-27T22:35:09Z" hostname="9903cf6c352b" tests="4" skipped="0" failures="0" errors="0" time="0.779">
    <testcase time="0.777000000000001" classname="character(0)" name="ard_effectsize_cohens_d_works"/>
    <testcase time="0" classname="character(0)" name="ard_effectsize_cohens_d_works"/>
    <testcase time="0.000999999999997669" classname="character(0)" name="ard_effectsize_cohens_d_works"/>
    <testcase time="0.000999999999997669" classname="character(0)" name="ard_effectsize_cohens_d_works"/>
  </testsuite>
  <testsuite name="ard_effectsize_cohens_d" timestamp="2025-05-27T22:35:09Z" hostname="9903cf6c352b" tests="3" skipped="0" failures="0" errors="0" time="0.002">
    <testcase time="0.00100000000000477" classname="character(0)" name="ard_effectsize_paired_cohens_d_works"/>
    <testcase time="0.000999999999997669" classname="character(0)" name="ard_effectsize_paired_cohens_d_works"/>
    <testcase time="0" classname="character(0)" name="ard_effectsize_paired_cohens_d_works"/>
  </testsuite>
  <testsuite name="ard_effectsize_cohens_d" timestamp="2025-05-27T22:35:09Z" hostname="9903cf6c352b" tests="2" skipped="0" failures="0" errors="0" time="0.003">
    <testcase time="0.00200000000000244" classname="character(0)" name="ard_effectsize_cohens_d_follows_ard_structure"/>
    <testcase time="0.000999999999997669" classname="character(0)" name="ard_effectsize_cohens_d_follows_ard_structure"/>
  </testsuite>
  <testsuite name="ard_effectsize_hedges_g" timestamp="2025-05-27T22:35:10Z" hostname="9903cf6c352b" tests="4" skipped="0" failures="0" errors="0" time="0.651">
    <testcase time="0.649999999999999" classname="character(0)" name="ard_effectsize_hedges_g_works"/>
    <testcase time="0" classname="character(0)" name="ard_effectsize_hedges_g_works"/>
    <testcase time="0.000999999999997669" classname="character(0)" name="ard_effectsize_hedges_g_works"/>
    <testcase time="0" classname="character(0)" name="ard_effectsize_hedges_g_works"/>
  </testsuite>
  <testsuite name="ard_effectsize_hedges_g" timestamp="2025-05-27T22:35:10Z" hostname="9903cf6c352b" tests="3" skipped="0" failures="0" errors="0" time="0.003">
    <testcase time="0.00200000000000244" classname="character(0)" name="ard_effectsize_paired_hedges_g_works"/>
    <testcase time="0.000999999999997669" classname="character(0)" name="ard_effectsize_paired_hedges_g_works"/>
    <testcase time="0" classname="character(0)" name="ard_effectsize_paired_hedges_g_works"/>
  </testsuite>
  <testsuite name="ard_effectsize_hedges_g" timestamp="2025-05-27T22:35:10Z" hostname="9903cf6c352b" tests="2" skipped="0" failures="0" errors="0" time="0.003">
    <testcase time="0.00200000000000244" classname="character(0)" name="ard_effectsize_cohens_d_follows_ard_structure"/>
    <testcase time="0.000999999999997669" classname="character(0)" name="ard_effectsize_cohens_d_follows_ard_structure"/>
  </testsuite>
  <testsuite name="ard_emmeans_mean_difference" timestamp="2025-05-27T22:35:12Z" hostname="9903cf6c352b" tests="10" skipped="0" failures="0" errors="0" time="1.582">
    <testcase time="1.57700000000001" classname="character(0)" name="ard_emmeans_mean_difference_works"/>
    <testcase time="0" classname="character(0)" name="ard_emmeans_mean_difference_works"/>
    <testcase time="0.000999999999997669" classname="character(0)" name="ard_emmeans_mean_difference_works"/>
    <testcase time="0" classname="character(0)" name="ard_emmeans_mean_difference_works"/>
    <testcase time="0.000999999999997669" classname="character(0)" name="ard_emmeans_mean_difference_works"/>
    <testcase time="0.00100000000000477" classname="character(0)" name="ard_emmeans_mean_difference_works"/>
    <testcase time="0" classname="character(0)" name="ard_emmeans_mean_difference_works"/>
    <testcase time="0.000999999999997669" classname="character(0)" name="ard_emmeans_mean_difference_works"/>
    <testcase time="0" classname="character(0)" name="ard_emmeans_mean_difference_works"/>
    <testcase time="0.000999999999997669" classname="character(0)" name="ard_emmeans_mean_difference_works"/>
  </testsuite>
  <testsuite name="ard_emmeans_mean_difference" timestamp="2025-05-27T22:35:12Z" hostname="9903cf6c352b" tests="1" skipped="0" failures="0" errors="0" time="0.002">
    <testcase time="0.00200000000000244" classname="character(0)" name="ard_emmeans_mean_difference_follows_ard_structure"/>
  </testsuite>
  <testsuite name="ard_emmeans_mean_difference" timestamp="2025-05-27T22:35:12Z" hostname="9903cf6c352b" tests="4" skipped="0" failures="0" errors="0" time="0.003">
    <testcase time="0.000999999999997669" classname="character(0)" name="ard_emmeans_mean_difference_errors_are_returned_correctly"/>
    <testcase time="0.00100000000000477" classname="character(0)" name="ard_emmeans_mean_difference_errors_are_returned_correctly"/>
    <testcase time="0.000999999999997669" classname="character(0)" name="ard_emmeans_mean_difference_errors_are_returned_correctly"/>
    <testcase time="0" classname="character(0)" name="ard_emmeans_mean_difference_errors_are_returned_correctly"/>
  </testsuite>
  <testsuite name="ard_incidence_rate" timestamp="2025-05-27T22:35:12Z" hostname="9903cf6c352b" tests="10" skipped="0" failures="0" errors="0" time="0.887">
    <testcase time="0.875999999999998" classname="character(0)" name="ard_incidence_rate_works"/>
    <testcase time="0.00100000000000477" classname="character(0)" name="ard_incidence_rate_works"/>
    <testcase time="0.000999999999997669" classname="character(0)" name="ard_incidence_rate_works"/>
    <testcase time="0.000999999999997669" classname="character(0)" name="ard_incidence_rate_works"/>
    <testcase time="0.00100000000000477" classname="character(0)" name="ard_incidence_rate_works"/>
    <testcase time="0.000999999999997669" classname="character(0)" name="ard_incidence_rate_works"/>
    <testcase time="0.000999999999997669" classname="character(0)" name="ard_incidence_rate_works"/>
    <testcase time="0.00100000000000477" classname="character(0)" name="ard_incidence_rate_works"/>
    <testcase time="0.00300000000000011" classname="character(0)" name="ard_incidence_rate_works"/>
    <testcase time="0.000999999999997669" classname="character(0)" name="ard_incidence_rate_works"/>
  </testsuite>
  <testsuite name="ard_incidence_rate" timestamp="2025-05-27T22:35:12Z" hostname="9903cf6c352b" tests="6" skipped="0" failures="0" errors="0" time="0.004">
    <testcase time="0.000999999999997669" classname="character(0)" name="ard_incidence_rate_conf.type_works"/>
    <testcase time="0.00100000000000477" classname="character(0)" name="ard_incidence_rate_conf.type_works"/>
    <testcase time="0.000999999999997669" classname="character(0)" name="ard_incidence_rate_conf.type_works"/>
    <testcase time="0" classname="character(0)" name="ard_incidence_rate_conf.type_works"/>
    <testcase time="0.000999999999997669" classname="character(0)" name="ard_incidence_rate_conf.type_works"/>
    <testcase time="0" classname="character(0)" name="ard_incidence_rate_conf.type_works"/>
  </testsuite>
  <testsuite name="ard_incidence_rate" timestamp="2025-05-27T22:35:12Z" hostname="9903cf6c352b" tests="3" skipped="0" failures="0" errors="0" time="0.003">
    <testcase time="0.00200000000000244" classname="character(0)" name="ard_incidence_rate_errors_are_handled_correctly"/>
    <testcase time="0" classname="character(0)" name="ard_incidence_rate_errors_are_handled_correctly"/>
    <testcase time="0.000999999999997669" classname="character(0)" name="ard_incidence_rate_errors_are_handled_correctly"/>
  </testsuite>
  <testsuite name="ard_missing.survey.design" timestamp="2025-05-27T22:35:15Z" hostname="9903cf6c352b" tests="19" skipped="0" failures="0" errors="0" time="2.509">
    <testcase time="2.494" classname="character(0)" name="ard_missing.survey.design_works"/>
    <testcase time="0.00100000000000477" classname="character(0)" name="ard_missing.survey.design_works"/>
    <testcase time="0.000999999999997669" classname="character(0)" name="ard_missing.survey.design_works"/>
    <testcase time="0.000999999999997669" classname="character(0)" name="ard_missing.survey.design_works"/>
    <testcase time="0.00100000000000477" classname="character(0)" name="ard_missing.survey.design_works"/>
    <testcase time="0.000999999999997669" classname="character(0)" name="ard_missing.survey.design_works"/>
    <testcase time="0.000999999999997669" classname="character(0)" name="ard_missing.survey.design_works"/>
    <testcase time="0.00100000000000477" classname="character(0)" name="ard_missing.survey.design_works"/>
    <testcase time="0.000999999999997669" classname="character(0)" name="ard_missing.survey.design_works"/>
    <testcase time="0.000999999999997669" classname="character(0)" name="ard_missing.survey.design_works"/>
    <testcase time="0.00100000000000477" classname="character(0)" name="ard_missing.survey.design_works"/>
    <testcase time="0.000999999999997669" classname="character(0)" name="ard_missing.survey.design_works"/>
    <testcase time="0" classname="character(0)" name="ard_missing.survey.design_works"/>
    <testcase time="0.000999999999997669" classname="character(0)" name="ard_missing.survey.design_works"/>
    <testcase time="0" classname="character(0)" name="ard_missing.survey.design_works"/>
    <testcase time="0.00100000000000477" classname="character(0)" name="ard_missing.survey.design_works"/>
    <testcase time="0.000999999999997669" classname="character(0)" name="ard_missing.survey.design_works"/>
    <testcase time="0" classname="character(0)" name="ard_missing.survey.design_works"/>
    <testcase time="0.000999999999997669" classname="character(0)" name="ard_missing.survey.design_works"/>
  </testsuite>
  <testsuite name="ard_missing.survey.design" timestamp="2025-05-27T22:35:15Z" hostname="9903cf6c352b" tests="1" skipped="0" failures="0" errors="0" time="0.002">
    <testcase time="0.00200000000000244" classname="character(0)" name="ard_missing.survey.design_follows_ard_structure"/>
  </testsuite>
  <testsuite name="ard_missing.survey.design" timestamp="2025-05-27T22:35:15Z" hostname="9903cf6c352b" tests="1" skipped="0" failures="0" errors="0" time="0.001">
    <testcase time="0.000999999999997669" classname="character(0)" name="ard_missing.survey.design_works_on_design_columns"/>
  </testsuite>
  <testsuite name="ard_proportion_ci" timestamp="2025-05-27T22:35:16Z" hostname="9903cf6c352b" tests="6" skipped="0" failures="0" errors="0" time="1.469">
    <testcase time="1.466" classname="character(0)" name="ard_categorical_ci_works"/>
    <testcase time="0.000999999999997669" classname="character(0)" name="ard_categorical_ci_works"/>
    <testcase time="0" classname="character(0)" name="ard_categorical_ci_works"/>
    <testcase time="0.00100000000000477" classname="character(0)" name="ard_categorical_ci_works"/>
    <testcase time="0" classname="character(0)" name="ard_categorical_ci_works"/>
    <testcase time="0.000999999999997669" classname="character(0)" name="ard_categorical_ci_works"/>
  </testsuite>
  <testsuite name="ard_proportion_ci" timestamp="2025-05-27T22:35:16Z" hostname="9903cf6c352b" tests="4" skipped="0" failures="0" errors="0" time="0.003">
    <testcase time="0.00200000000000244" classname="character(0)" name="ard_categorical_ci_method_strat_wilson_works"/>
    <testcase time="0" classname="character(0)" name="ard_categorical_ci_method_strat_wilson_works"/>
    <testcase time="0.000999999999997669" classname="character(0)" name="ard_categorical_ci_method_strat_wilson_works"/>
    <testcase time="0" classname="character(0)" name="ard_categorical_ci_method_strat_wilson_works"/>
  </testsuite>
  <testsuite name="ard_proportion_ci" timestamp="2025-05-27T22:35:16Z" hostname="9903cf6c352b" tests="1" skipped="0" failures="0" errors="0" time="0.002">
    <testcase time="0.00200000000000244" classname="character(0)" name="ard_categorical_ci_messaging"/>
  </testsuite>
  <testsuite name="ard_proportion_ci" timestamp="2025-05-27T22:35:16Z" hostname="9903cf6c352b" tests="1" skipped="0" failures="0" errors="0" time="0.002">
    <testcase time="0.00199999999999534" classname="character(0)" name="ard_proportion_ci_follows_ard_structure"/>
  </testsuite>
  <testsuite name="ard_regression" timestamp="2025-05-27T22:35:20Z" hostname="9903cf6c352b" tests="4" skipped="0" failures="0" errors="0" time="3.745">
    <testcase time="3.744" classname="character(0)" name="ard_regression_works"/>
    <testcase time="0" classname="character(0)" name="ard_regression_works"/>
    <testcase time="0.00100000000000477" classname="character(0)" name="ard_regression_works"/>
    <testcase time="0" classname="character(0)" name="ard_regression_works"/>
  </testsuite>
  <testsuite name="ard_regression" timestamp="2025-05-27T22:35:20Z" hostname="9903cf6c352b" tests="1" skipped="0" failures="0" errors="0" time="0.002">
    <testcase time="0.00199999999999534" classname="character(0)" name="ard_regression_works_specifying_custom_tidier"/>
  </testsuite>
  <testsuite name="ard_regression" timestamp="2025-05-27T22:35:20Z" hostname="9903cf6c352b" tests="1" skipped="0" failures="0" errors="0" time="0.002">
    <testcase time="0.00200000000000244" classname="character(0)" name="ard_regression_does_not_produce_variable_level_column_where_not_applicable"/>
  </testsuite>
  <testsuite name="ard_regression" timestamp="2025-05-27T22:35:20Z" hostname="9903cf6c352b" tests="2" skipped="0" failures="0" errors="0" time="0.002">
    <testcase time="0.00200000000000244" classname="character(0)" name="ard_regression_warnings_and_errors_return_correctly"/>
    <testcase time="0" classname="character(0)" name="ard_regression_warnings_and_errors_return_correctly"/>
  </testsuite>
  <testsuite name="ard_regression" timestamp="2025-05-27T22:35:20Z" hostname="9903cf6c352b" tests="1" skipped="0" failures="0" errors="0" time="0.002">
    <testcase time="0.00199999999999534" classname="character(0)" name="ard_regression_follows_ard_structure"/>
  </testsuite>
  <testsuite name="ard_regression_basic" timestamp="2025-05-27T22:35:22Z" hostname="9903cf6c352b" tests="3" skipped="0" failures="0" errors="0" time="1.304">
    <testcase time="1.302" classname="character(0)" name="ard_regression_basic_works"/>
    <testcase time="0.00100000000000477" classname="character(0)" name="ard_regression_basic_works"/>
    <testcase time="0.000999999999997669" classname="character(0)" name="ard_regression_basic_works"/>
  </testsuite>
  <testsuite name="ard_regression_basic" timestamp="2025-05-27T22:35:22Z" hostname="9903cf6c352b" tests="1" skipped="0" failures="0" errors="0" time="0.002">
    <testcase time="0.00200000000000244" classname="character(0)" name="ard_regression_basic_does_not_produce_variable_level_column_where_not_applicable"/>
  </testsuite>
  <testsuite name="ard_regression_basic" timestamp="2025-05-27T22:35:22Z" hostname="9903cf6c352b" tests="1" skipped="0" failures="0" errors="0" time="0.001">
    <testcase time="0.000999999999997669" classname="character(0)" name="ard_regression_basic_follows_ard_structure"/>
  </testsuite>
  <testsuite name="ard_smd_smd" timestamp="2025-05-27T22:35:22Z" hostname="9903cf6c352b" tests="3" skipped="0" failures="0" errors="0" time="0.749">
    <testcase time="0.747" classname="character(0)" name="ard_smd_smd_works"/>
    <testcase time="0.000999999999997669" classname="character(0)" name="ard_smd_smd_works"/>
    <testcase time="0.00100000000000477" classname="character(0)" name="ard_smd_smd_works"/>
  </testsuite>
  <testsuite name="ard_smd_smd" timestamp="2025-05-27T22:35:22Z" hostname="9903cf6c352b" tests="2" skipped="0" failures="0" errors="0" time="0.002">
    <testcase time="0.000999999999997669" classname="character(0)" name="ard_smd_works_with_survey_data"/>
    <testcase time="0.000999999999997669" classname="character(0)" name="ard_smd_works_with_survey_data"/>
  </testsuite>
  <testsuite name="ard_smd_smd" timestamp="2025-05-27T22:35:22Z" hostname="9903cf6c352b" tests="4" skipped="0" failures="0" errors="0" time="0.003">
    <testcase time="0.00200000000000244" classname="character(0)" name="ard_smd_smd_error_messaging"/>
    <testcase time="0" classname="character(0)" name="ard_smd_smd_error_messaging"/>
    <testcase time="0.000999999999997669" classname="character(0)" name="ard_smd_smd_error_messaging"/>
    <testcase time="0" classname="character(0)" name="ard_smd_smd_error_messaging"/>
  </testsuite>
  <testsuite name="ard_smd_smd" timestamp="2025-05-27T22:35:22Z" hostname="9903cf6c352b" tests="1" skipped="0" failures="0" errors="0" time="0.002">
    <testcase time="0.00200000000000244" classname="character(0)" name="ard_smd_smd_follows_ard_structure"/>
  </testsuite>
  <testsuite name="ard_stats_anova" timestamp="2025-05-27T22:35:24Z" hostname="9903cf6c352b" tests="1" skipped="0" failures="0" errors="0" time="1.359">
    <testcase time="1.359" classname="character(0)" name="ard_stats_anova.anova_works"/>
  </testsuite>
  <testsuite name="ard_stats_anova" timestamp="2025-05-27T22:35:24Z" hostname="9903cf6c352b" tests="7" skipped="0" failures="0" errors="0" time="0.009">
    <testcase time="0.00300000000000011" classname="character(0)" name="ard_stats_anova.data.frame_works"/>
    <testcase time="0.000999999999997669" classname="character(0)" name="ard_stats_anova.data.frame_works"/>
    <testcase time="0.000999999999997669" classname="character(0)" name="ard_stats_anova.data.frame_works"/>
    <testcase time="0.00100000000000477" classname="character(0)" name="ard_stats_anova.data.frame_works"/>
    <testcase time="0.000999999999997669" classname="character(0)" name="ard_stats_anova.data.frame_works"/>
    <testcase time="0.000999999999997669" classname="character(0)" name="ard_stats_anova.data.frame_works"/>
    <testcase time="0.00100000000000477" classname="character(0)" name="ard_stats_anova.data.frame_works"/>
  </testsuite>
  <testsuite name="ard_stats_anova" timestamp="2025-05-27T22:35:24Z" hostname="9903cf6c352b" tests="1" skipped="0" failures="0" errors="0" time="0.004">
    <testcase time="0.00399999999999778" classname="character(0)" name="ard_stats_anova.data.frame_error_messaging"/>
  </testsuite>
  <testsuite name="ard_stats_anova" timestamp="2025-05-27T22:35:24Z" hostname="9903cf6c352b" tests="1" skipped="0" failures="0" errors="0" time="0.002">
    <testcase time="0.00200000000000244" classname="character(0)" name="ard_stats_anova_follows_ard_structure"/>
  </testsuite>
  <testsuite name="ard_stats_aov" timestamp="2025-05-27T22:35:24Z" hostname="9903cf6c352b" tests="3" skipped="0" failures="0" errors="0" time="0.28">
    <testcase time="0.274999999999999" classname="character(0)" name="ard_aov_works"/>
    <testcase time="0.000999999999997669" classname="character(0)" name="ard_aov_works"/>
    <testcase time="0.00399999999999778" classname="character(0)" name="ard_aov_works"/>
  </testsuite>
  <testsuite name="ard_stats_aov" timestamp="2025-05-27T22:35:24Z" hostname="9903cf6c352b" tests="1" skipped="0" failures="0" errors="0" time="0.003">
    <testcase time="0.00300000000000011" classname="character(0)" name="ard_stats_aov_follows_ard_structure"/>
  </testsuite>
  <testsuite name="ard_stats_chisq_test" timestamp="2025-05-27T22:35:24Z" hostname="9903cf6c352b" tests="3" skipped="0" failures="0" errors="0" time="0.251">
    <testcase time="0.248999999999995" classname="character(0)" name="ard_stats_chisq_test_works"/>
    <testcase time="0.00100000000000477" classname="character(0)" name="ard_stats_chisq_test_works"/>
    <testcase time="0.000999999999997669" classname="character(0)" name="ard_stats_chisq_test_works"/>
  </testsuite>
  <testsuite name="ard_stats_chisq_test" timestamp="2025-05-27T22:35:24Z" hostname="9903cf6c352b" tests="1" skipped="0" failures="0" errors="0" time="0.003">
    <testcase time="0.00300000000000011" classname="character(0)" name="ard_stats_chisq_test_follows_ard_structure"/>
  </testsuite>
  <testsuite name="ard_stats_fisher_test" timestamp="2025-05-27T22:35:24Z" hostname="9903cf6c352b" tests="3" skipped="0" failures="0" errors="0" time="0.251">
    <testcase time="0.249000000000002" classname="character(0)" name="ard_stats_fisher_test_works"/>
    <testcase time="0.000999999999997669" classname="character(0)" name="ard_stats_fisher_test_works"/>
    <testcase time="0.000999999999997669" classname="character(0)" name="ard_stats_fisher_test_works"/>
  </testsuite>
  <testsuite name="ard_stats_fisher_test" timestamp="2025-05-27T22:35:24Z" hostname="9903cf6c352b" tests="1" skipped="0" failures="0" errors="0" time="0.003">
    <testcase time="0.00300000000000011" classname="character(0)" name="ard_stats_fisher_test_follows_ard_structure"/>
  </testsuite>
  <testsuite name="ard_stats_kruskal_test" timestamp="2025-05-27T22:35:25Z" hostname="9903cf6c352b" tests="4" skipped="0" failures="0" errors="0" time="0.316">
    <testcase time="0.314" classname="character(0)" name="ard_stats_kruskal_test_works"/>
    <testcase time="0" classname="character(0)" name="ard_stats_kruskal_test_works"/>
    <testcase time="0.00100000000000477" classname="character(0)" name="ard_stats_kruskal_test_works"/>
    <testcase time="0.000999999999997669" classname="character(0)" name="ard_stats_kruskal_test_works"/>
  </testsuite>
  <testsuite name="ard_stats_kruskal_test" timestamp="2025-05-27T22:35:25Z" hostname="9903cf6c352b" tests="1" skipped="0" failures="0" errors="0" time="0.001">
    <testcase time="0.000999999999997669" classname="character(0)" name="ard_stats_kruskal_test_follows_ard_structure"/>
  </testsuite>
  <testsuite name="ard_stats_mantelhaen_test" timestamp="2025-05-27T22:35:25Z" hostname="9903cf6c352b" tests="5" skipped="0" failures="0" errors="0" time="0.347">
    <testcase time="0.345000000000006" classname="character(0)" name="ard_stats_mantelhaen_test_works"/>
    <testcase time="0.000999999999997669" classname="character(0)" name="ard_stats_mantelhaen_test_works"/>
    <testcase time="0" classname="character(0)" name="ard_stats_mantelhaen_test_works"/>
    <testcase time="0.000999999999997669" classname="character(0)" name="ard_stats_mantelhaen_test_works"/>
    <testcase time="0" classname="character(0)" name="ard_stats_mantelhaen_test_works"/>
  </testsuite>
  <testsuite name="ard_stats_mantelhaen_test" timestamp="2025-05-27T22:35:25Z" hostname="9903cf6c352b" tests="3" skipped="0" failures="0" errors="0" time="0.006">
    <testcase time="0.00500000000000256" classname="character(0)" name="ard_stats_mantelhaen_test_displays_errors_correctly"/>
    <testcase time="0.000999999999997669" classname="character(0)" name="ard_stats_mantelhaen_test_displays_errors_correctly"/>
    <testcase time="0" classname="character(0)" name="ard_stats_mantelhaen_test_displays_errors_correctly"/>
  </testsuite>
  <testsuite name="ard_stats_mcnemar_test" timestamp="2025-05-27T22:35:26Z" hostname="9903cf6c352b" tests="7" skipped="0" failures="0" errors="0" time="0.464">
    <testcase time="0.460000000000001" classname="character(0)" name="ard_stats_mcnemar_test_works"/>
    <testcase time="0.000999999999997669" classname="character(0)" name="ard_stats_mcnemar_test_works"/>
    <testcase time="0.00100000000000477" classname="character(0)" name="ard_stats_mcnemar_test_works"/>
    <testcase time="0" classname="character(0)" name="ard_stats_mcnemar_test_works"/>
    <testcase time="0.000999999999997669" classname="character(0)" name="ard_stats_mcnemar_test_works"/>
    <testcase time="0" classname="character(0)" name="ard_stats_mcnemar_test_works"/>
    <testcase time="0.000999999999997669" classname="character(0)" name="ard_stats_mcnemar_test_works"/>
  </testsuite>
  <testsuite name="ard_stats_mcnemar_test" timestamp="2025-05-27T22:35:26Z" hostname="9903cf6c352b" tests="1" skipped="0" failures="0" errors="0" time="0.002">
    <testcase time="0.00200000000000244" classname="character(0)" name="ard_stats_mcnemar_test_follows_ard_structure"/>
  </testsuite>
  <testsuite name="ard_stats_mood_test" timestamp="2025-05-27T22:35:26Z" hostname="9903cf6c352b" tests="4" skipped="0" failures="0" errors="0" time="0.346">
    <testcase time="0.344000000000001" classname="character(0)" name="ard_stats_mood_test_works"/>
    <testcase time="0.000999999999997669" classname="character(0)" name="ard_stats_mood_test_works"/>
    <testcase time="0" classname="character(0)" name="ard_stats_mood_test_works"/>
    <testcase time="0.00100000000000477" classname="character(0)" name="ard_stats_mood_test_works"/>
  </testsuite>
  <testsuite name="ard_stats_mood_test" timestamp="2025-05-27T22:35:26Z" hostname="9903cf6c352b" tests="1" skipped="0" failures="0" errors="0" time="0.002">
    <testcase time="0.00199999999999534" classname="character(0)" name="ard_stats_mood_test_follows_ard_structure"/>
  </testsuite>
  <testsuite name="ard_stats_oneway_test" timestamp="2025-05-27T22:35:26Z" hostname="9903cf6c352b" tests="3" skipped="0" failures="0" errors="0" time="0.282">
    <testcase time="0.280999999999999" classname="character(0)" name="ard_stats_oneway_test_works"/>
    <testcase time="0.00100000000000477" classname="character(0)" name="ard_stats_oneway_test_works"/>
    <testcase time="0" classname="character(0)" name="ard_stats_oneway_test_works"/>
  </testsuite>
  <testsuite name="ard_stats_oneway_test" timestamp="2025-05-27T22:35:26Z" hostname="9903cf6c352b" tests="1" skipped="0" failures="0" errors="0" time="0.001">
    <testcase time="0.000999999999997669" classname="character(0)" name="ard_stats_oneway_test_follows_ard_structure"/>
  </testsuite>
  <testsuite name="ard_stats_poisson_test" timestamp="2025-05-27T22:35:27Z" hostname="9903cf6c352b" tests="3" skipped="0" failures="0" errors="0" time="0.365">
    <testcase time="0.363" classname="character(0)" name="ard_stats_poisson_test_works_for_one_sample_tests"/>
    <testcase time="0.00100000000000477" classname="character(0)" name="ard_stats_poisson_test_works_for_one_sample_tests"/>
    <testcase time="0.000999999999997669" classname="character(0)" name="ard_stats_poisson_test_works_for_one_sample_tests"/>
  </testsuite>
  <testsuite name="ard_stats_poisson_test" timestamp="2025-05-27T22:35:27Z" hostname="9903cf6c352b" tests="2" skipped="0" failures="0" errors="0" time="0.005">
    <testcase time="0.00399999999999778" classname="character(0)" name="ard_stats_poisson_test_works_for_two_sample_tests"/>
    <testcase time="0.00100000000000477" classname="character(0)" name="ard_stats_poisson_test_works_for_two_sample_tests"/>
  </testsuite>
  <testsuite name="ard_stats_poisson_test" timestamp="2025-05-27T22:35:27Z" hostname="9903cf6c352b" tests="1" skipped="0" failures="0" errors="0" time="0.003">
    <testcase time="0.00300000000000011" classname="character(0)" name="ard_stats_poisson_test_errors_are_handled_correctly"/>
  </testsuite>
  <testsuite name="ard_stats_poisson_test" timestamp="2025-05-27T22:35:27Z" hostname="9903cf6c352b" tests="1" skipped="0" failures="0" errors="0" time="0.002">
    <testcase time="0.00199999999999534" classname="character(0)" name="ard_stats_poisson_test_follows_ard_structure"/>
  </testsuite>
  <testsuite name="ard_stats_prop_test" timestamp="2025-05-27T22:35:27Z" hostname="9903cf6c352b" tests="3" skipped="0" failures="0" errors="0" time="0.546">
    <testcase time="0.544000000000004" classname="character(0)" name="ard_stats_prop_test_works"/>
    <testcase time="0.000999999999997669" classname="character(0)" name="ard_stats_prop_test_works"/>
    <testcase time="0.000999999999997669" classname="character(0)" name="ard_stats_prop_test_works"/>
  </testsuite>
  <testsuite name="ard_stats_prop_test" timestamp="2025-05-27T22:35:27Z" hostname="9903cf6c352b" tests="8" skipped="0" failures="0" errors="0" time="0.008">
    <testcase time="0.00400000000000489" classname="character(0)" name="ard_stats_prop_test_error_messaging"/>
    <testcase time="0.000999999999997669" classname="character(0)" name="ard_stats_prop_test_error_messaging"/>
    <testcase time="0.000999999999997669" classname="character(0)" name="ard_stats_prop_test_error_messaging"/>
    <testcase time="0.00100000000000477" classname="character(0)" name="ard_stats_prop_test_error_messaging"/>
    <testcase time="0" classname="character(0)" name="ard_stats_prop_test_error_messaging"/>
    <testcase time="0.000999999999997669" classname="character(0)" name="ard_stats_prop_test_error_messaging"/>
    <testcase time="0" classname="character(0)" name="ard_stats_prop_test_error_messaging"/>
    <testcase time="0" classname="character(0)" name="ard_stats_prop_test_error_messaging"/>
  </testsuite>
  <testsuite name="ard_stats_prop_test" timestamp="2025-05-27T22:35:27Z" hostname="9903cf6c352b" tests="1" skipped="0" failures="0" errors="0" time="0.002">
    <testcase time="0.00199999999999534" classname="character(0)" name="ard_stats_prop_test_follows_ard_structure"/>
  </testsuite>
  <testsuite name="ard_stats_t_test" timestamp="2025-05-27T22:35:28Z" hostname="9903cf6c352b" tests="6" skipped="0" failures="0" errors="0" time="0.529">
    <testcase time="0.527000000000001" classname="character(0)" name="ard_stats_t_test_works"/>
    <testcase time="0" classname="character(0)" name="ard_stats_t_test_works"/>
    <testcase time="0.00100000000000477" classname="character(0)" name="ard_stats_t_test_works"/>
    <testcase time="0" classname="character(0)" name="ard_stats_t_test_works"/>
    <testcase time="0.000999999999997669" classname="character(0)" name="ard_stats_t_test_works"/>
    <testcase time="0" classname="character(0)" name="ard_stats_t_test_works"/>
  </testsuite>
  <testsuite name="ard_stats_t_test" timestamp="2025-05-27T22:35:28Z" hostname="9903cf6c352b" tests="3" skipped="0" failures="0" errors="0" time="0.003">
    <testcase time="0.00200000000000244" classname="character(0)" name="ard_stats_paired_t_test_works"/>
    <testcase time="0.000999999999997669" classname="character(0)" name="ard_stats_paired_t_test_works"/>
    <testcase time="0" classname="character(0)" name="ard_stats_paired_t_test_works"/>
  </testsuite>
  <testsuite name="ard_stats_t_test" timestamp="2025-05-27T22:35:28Z" hostname="9903cf6c352b" tests="1" skipped="0" failures="0" errors="0" time="0.005">
    <testcase time="0.00499999999999545" classname="character(0)" name="ard_stats_t_test_follows_ard_structure"/>
  </testsuite>
  <testsuite name="ard_stats_t_test_onesample" timestamp="2025-05-27T22:35:28Z" hostname="9903cf6c352b" tests="5" skipped="0" failures="0" errors="0" time="0.414">
    <testcase time="0.412000000000006" classname="character(0)" name="ard_stats_t_test_onesample_works"/>
    <testcase time="0" classname="character(0)" name="ard_stats_t_test_onesample_works"/>
    <testcase time="0.000999999999997669" classname="character(0)" name="ard_stats_t_test_onesample_works"/>
    <testcase time="0" classname="character(0)" name="ard_stats_t_test_onesample_works"/>
    <testcase time="0.000999999999997669" classname="character(0)" name="ard_stats_t_test_onesample_works"/>
  </testsuite>
  <testsuite name="ard_stats_t_test_onesample" timestamp="2025-05-27T22:35:28Z" hostname="9903cf6c352b" tests="1" skipped="0" failures="0" errors="0" time="0.002">
    <testcase time="0.00200000000000244" classname="character(0)" name="ard_stats_t_test_onesample_follows_ard_structure"/>
  </testsuite>
  <testsuite name="ard_stats_wilcox_test" timestamp="2025-05-27T22:35:29Z" hostname="9903cf6c352b" tests="6" skipped="0" failures="0" errors="0" time="0.668">
    <testcase time="0.664999999999999" classname="character(0)" name="ard_stats_wilcox_test_works"/>
    <testcase time="0.000999999999997669" classname="character(0)" name="ard_stats_wilcox_test_works"/>
    <testcase time="0" classname="character(0)" name="ard_stats_wilcox_test_works"/>
    <testcase time="0.00100000000000477" classname="character(0)" name="ard_stats_wilcox_test_works"/>
    <testcase time="0" classname="character(0)" name="ard_stats_wilcox_test_works"/>
    <testcase time="0.000999999999997669" classname="character(0)" name="ard_stats_wilcox_test_works"/>
  </testsuite>
  <testsuite name="ard_stats_wilcox_test" timestamp="2025-05-27T22:35:29Z" hostname="9903cf6c352b" tests="3" skipped="0" failures="0" errors="0" time="0.003">
    <testcase time="0.00200000000000244" classname="character(0)" name="ard_stats_paired_wilcox_test_works"/>
    <testcase time="0.000999999999997669" classname="character(0)" name="ard_stats_paired_wilcox_test_works"/>
    <testcase time="0" classname="character(0)" name="ard_stats_paired_wilcox_test_works"/>
  </testsuite>
  <testsuite name="ard_stats_wilcox_test" timestamp="2025-05-27T22:35:29Z" hostname="9903cf6c352b" tests="1" skipped="0" failures="0" errors="0" time="0.002">
    <testcase time="0.00200000000000244" classname="character(0)" name="ard_stats_wilcox_test_follows_ard_structure"/>
  </testsuite>
  <testsuite name="ard_stats_wilcox_test_onesample" timestamp="2025-05-27T22:35:29Z" hostname="9903cf6c352b" tests="5" skipped="0" failures="0" errors="0" time="0.516">
    <testcase time="0.512999999999998" classname="character(0)" name="ard_stats_wilcox_test_onesample_works"/>
    <testcase time="0.000999999999997669" classname="character(0)" name="ard_stats_wilcox_test_onesample_works"/>
    <testcase time="0" classname="character(0)" name="ard_stats_wilcox_test_onesample_works"/>
    <testcase time="0.00100000000000477" classname="character(0)" name="ard_stats_wilcox_test_onesample_works"/>
    <testcase time="0.000999999999997669" classname="character(0)" name="ard_stats_wilcox_test_onesample_works"/>
  </testsuite>
  <testsuite name="ard_stats_wilcox_test_onesample" timestamp="2025-05-27T22:35:29Z" hostname="9903cf6c352b" tests="1" skipped="0" failures="0" errors="0" time="0.001">
    <testcase time="0.000999999999997669" classname="character(0)" name="ard_stats_wilcox_test_onesample_follows_ard_structure"/>
  </testsuite>
  <testsuite name="ard_survey_svychisq" timestamp="2025-05-27T22:35:30Z" hostname="9903cf6c352b" tests="5" skipped="0" failures="0" errors="0" time="0.584">
    <testcase time="0.581000000000003" classname="character(0)" name="ard_survey_svychisq_works"/>
    <testcase time="0.000999999999997669" classname="character(0)" name="ard_survey_svychisq_works"/>
    <testcase time="0.000999999999997669" classname="character(0)" name="ard_survey_svychisq_works"/>
    <testcase time="0" classname="character(0)" name="ard_survey_svychisq_works"/>
    <testcase time="0.00100000000000477" classname="character(0)" name="ard_survey_svychisq_works"/>
  </testsuite>
  <testsuite name="ard_survey_svychisq" timestamp="2025-05-27T22:35:30Z" hostname="9903cf6c352b" tests="1" skipped="0" failures="0" errors="0" time="0.002">
    <testcase time="0.00199999999999534" classname="character(0)" name="ard_survey_svychisq_follows_ard_structure"/>
  </testsuite>
  <testsuite name="ard_survey_svyranktest" timestamp="2025-05-27T22:35:30Z" hostname="9903cf6c352b" tests="4" skipped="0" failures="0" errors="0" time="0.604">
    <testcase time="0.602000000000004" classname="character(0)" name="ard_survey_svyranktest_works"/>
    <testcase time="0.000999999999997669" classname="character(0)" name="ard_survey_svyranktest_works"/>
    <testcase time="0.00100000000000477" classname="character(0)" name="ard_survey_svyranktest_works"/>
    <testcase time="0" classname="character(0)" name="ard_survey_svyranktest_works"/>
  </testsuite>
  <testsuite name="ard_survey_svyranktest" timestamp="2025-05-27T22:35:30Z" hostname="9903cf6c352b" tests="1" skipped="0" failures="0" errors="0" time="0.002">
    <testcase time="0.00199999999999534" classname="character(0)" name="exact_values_match_for_ard_svyranktest_works"/>
  </testsuite>
  <testsuite name="ard_survey_svyranktest" timestamp="2025-05-27T22:35:30Z" hostname="9903cf6c352b" tests="1" skipped="0" failures="0" errors="0" time="0.002">
    <testcase time="0.00200000000000244" classname="character(0)" name="ard_survey_svyranktest_follows_ard_structure"/>
  </testsuite>
  <testsuite name="ard_survey_svyttest" timestamp="2025-05-27T22:35:31Z" hostname="9903cf6c352b" tests="4" skipped="0" failures="0" errors="0" time="0.482">
    <testcase time="0.479999999999997" classname="character(0)" name="ard_survey_svyttest_works"/>
    <testcase time="0" classname="character(0)" name="ard_survey_svyttest_works"/>
    <testcase time="0.00100000000000477" classname="character(0)" name="ard_survey_svyttest_works"/>
    <testcase time="0.000999999999997669" classname="character(0)" name="ard_survey_svyttest_works"/>
  </testsuite>
  <testsuite name="ard_survey_svyttest" timestamp="2025-05-27T22:35:31Z" hostname="9903cf6c352b" tests="2" skipped="0" failures="0" errors="0" time="0.002">
    <testcase time="0.000999999999997669" classname="character(0)" name="ard_survey_svyttest_messaging"/>
    <testcase time="0.00100000000000477" classname="character(0)" name="ard_survey_svyttest_messaging"/>
  </testsuite>
  <testsuite name="ard_survey_svyttest" timestamp="2025-05-27T22:35:31Z" hostname="9903cf6c352b" tests="1" skipped="0" failures="0" errors="0" time="0.002">
    <testcase time="0.00199999999999534" classname="character(0)" name="ard_survey_svyttest_follows_ard_structure"/>
  </testsuite>
  <testsuite name="ard_survival_survdiff" timestamp="2025-05-27T22:35:31Z" hostname="9903cf6c352b" tests="6" skipped="0" failures="0" errors="0" time="0.285">
    <testcase time="0.283000000000001" classname="character(0)" name="ard_survival_survdiff_works"/>
    <testcase time="0" classname="character(0)" name="ard_survival_survdiff_works"/>
    <testcase time="0" classname="character(0)" name="ard_survival_survdiff_works"/>
    <testcase time="0.00100000000000477" classname="character(0)" name="ard_survival_survdiff_works"/>
    <testcase time="0" classname="character(0)" name="ard_survival_survdiff_works"/>
    <testcase time="0.000999999999997669" classname="character(0)" name="ard_survival_survdiff_works"/>
  </testsuite>
  <testsuite name="ard_survival_survdiff" timestamp="2025-05-27T22:35:31Z" hostname="9903cf6c352b" tests="4" skipped="0" failures="0" errors="0" time="0.003">
    <testcase time="0.00200000000000244" classname="character(0)" name="ard_survival_survdiff_error_messaging"/>
    <testcase time="0" classname="character(0)" name="ard_survival_survdiff_error_messaging"/>
    <testcase time="0.000999999999997669" classname="character(0)" name="ard_survival_survdiff_error_messaging"/>
    <testcase time="0" classname="character(0)" name="ard_survival_survdiff_error_messaging"/>
  </testsuite>
  <testsuite name="ard_survival_survdiff" timestamp="2025-05-27T22:35:31Z" hostname="9903cf6c352b" tests="1" skipped="0" failures="0" errors="0" time="0.002">
    <testcase time="0.00200000000000244" classname="character(0)" name="ard_survival_survdiff_follows_ard_structure"/>
  </testsuite>
  <testsuite name="ard_survival_survfit" timestamp="2025-05-27T22:35:35Z" hostname="9903cf6c352b" tests="1" skipped="0" failures="0" errors="0" time="3.474">
    <testcase time="3.474" classname="character(0)" name="ard_survival_survfit_works_with_times_provided"/>
  </testsuite>
  <testsuite name="ard_survival_survfit" timestamp="2025-05-27T22:35:35Z" hostname="9903cf6c352b" tests="1" skipped="0" failures="0" errors="0" time="0.008">
    <testcase time="0.00800000000000267" classname="character(0)" name="ard_survival_survfit_works_with_different_type"/>
  </testsuite>
  <testsuite name="ard_survival_survfit" timestamp="2025-05-27T22:35:35Z" hostname="9903cf6c352b" tests="1" skipped="0" failures="0" errors="0" time="0.003">
    <testcase time="0.00300000000000011" classname="character(0)" name="ard_survival_survfit_works_with_probs_provided"/>
  </testsuite>
  <testsuite name="ard_survival_survfit" timestamp="2025-05-27T22:35:35Z" hostname="9903cf6c352b" tests="2" skipped="0" failures="0" errors="0" time="0.005">
    <testcase time="0.00399999999999778" classname="character(0)" name="ard_survival_survfit_works_with_unstratified_model"/>
    <testcase time="0.000999999999997669" classname="character(0)" name="ard_survival_survfit_works_with_unstratified_model"/>
  </testsuite>
  <testsuite name="ard_survival_survfit" timestamp="2025-05-27T22:35:35Z" hostname="9903cf6c352b" tests="2" skipped="0" failures="0" errors="0" time="0.003">
    <testcase time="0.00300000000000011" classname="character(0)" name="ard_survival_survfit_works_with_multiple_stratification_variables"/>
    <testcase time="0" classname="character(0)" name="ard_survival_survfit_works_with_multiple_stratification_variables"/>
  </testsuite>
  <testsuite name="ard_survival_survfit" timestamp="2025-05-27T22:35:35Z" hostname="9903cf6c352b" tests="2" skipped="0" failures="0" errors="0" time="0.005">
    <testcase time="0.00399999999999778" classname="character(0)" name="ard_survival_survfit_works_with_competing_risks"/>
    <testcase time="0.000999999999997669" classname="character(0)" name="ard_survival_survfit_works_with_competing_risks"/>
  </testsuite>
  <testsuite name="ard_survival_survfit" timestamp="2025-05-27T22:35:35Z" hostname="9903cf6c352b" tests="8" skipped="0" failures="0" errors="0" time="0.01">
    <testcase time="0.00300000000000011" classname="character(0)" name="ard_survival_survfit_errors_are_properly_handled"/>
    <testcase time="0.00100000000000477" classname="character(0)" name="ard_survival_survfit_errors_are_properly_handled"/>
    <testcase time="0.000999999999997669" classname="character(0)" name="ard_survival_survfit_errors_are_properly_handled"/>
    <testcase time="0.000999999999997669" classname="character(0)" name="ard_survival_survfit_errors_are_properly_handled"/>
    <testcase time="0.00100000000000477" classname="character(0)" name="ard_survival_survfit_errors_are_properly_handled"/>
    <testcase time="0.000999999999997669" classname="character(0)" name="ard_survival_survfit_errors_are_properly_handled"/>
    <testcase time="0.000999999999997669" classname="character(0)" name="ard_survival_survfit_errors_are_properly_handled"/>
    <testcase time="0.00100000000000477" classname="character(0)" name="ard_survival_survfit_errors_are_properly_handled"/>
  </testsuite>
  <testsuite name="ard_survival_survfit" timestamp="2025-05-27T22:35:35Z" hostname="9903cf6c352b" tests="1" skipped="0" failures="0" errors="0" time="0.004">
    <testcase time="0.00399999999999778" classname="character(0)" name="ard_survival_survfit_works_with_non_syntactic_names"/>
  </testsuite>
  <testsuite name="ard_survival_survfit" timestamp="2025-05-27T22:35:35Z" hostname="9903cf6c352b" tests="1" skipped="0" failures="0" errors="0" time="0.003">
    <testcase time="0.00300000000000011" classname="character(0)" name="ard_survival_survfit_errors_with_stratified_Cox_model"/>
  </testsuite>
  <testsuite name="ard_survival_survfit" timestamp="2025-05-27T22:35:35Z" hostname="9903cf6c352b" tests="1" skipped="0" failures="0" errors="0" time="0.004">
    <testcase time="0.00399999999999778" classname="character(0)" name="ard_survival_survfit_works_with_in_strata_variable_level_labels"/>
  </testsuite>
  <testsuite name="ard_survival_survfit" timestamp="2025-05-27T22:35:35Z" hostname="9903cf6c352b" tests="1" skipped="0" failures="0" errors="0" time="0.003">
    <testcase time="0.00300000000000011" classname="character(0)" name="ard_survival_survfit_follows_ard_structure"/>
  </testsuite>
  <testsuite name="ard_survival_survfit" timestamp="2025-05-27T22:35:35Z" hostname="9903cf6c352b" tests="1" skipped="0" failures="0" errors="0" time="0.004">
    <testcase time="0.00400000000000489" classname="character(0)" name="ard_survival_survfit_extends_to_times_outside_range"/>
  </testsuite>
  <testsuite name="ard_survival_survfit" timestamp="2025-05-27T22:35:35Z" hostname="9903cf6c352b" tests="5" skipped="0" failures="0" errors="0" time="0.007">
    <testcase time="0.00300000000000011" classname="character(0)" name="ard_survival_survfit.data.frame_works_as_expected"/>
    <testcase time="0.000999999999997669" classname="character(0)" name="ard_survival_survfit.data.frame_works_as_expected"/>
    <testcase time="0.000999999999997669" classname="character(0)" name="ard_survival_survfit.data.frame_works_as_expected"/>
    <testcase time="0.00100000000000477" classname="character(0)" name="ard_survival_survfit.data.frame_works_as_expected"/>
    <testcase time="0.000999999999997669" classname="character(0)" name="ard_survival_survfit.data.frame_works_as_expected"/>
  </testsuite>
  <testsuite name="ard_survival_survfit" timestamp="2025-05-27T22:35:35Z" hostname="9903cf6c352b" tests="1" skipped="0" failures="0" errors="0" time="0.004">
    <testcase time="0.00399999999999778" classname="character(0)" name="ard_survival_survfit.data.frame_variables_NULL_for_unstratified_model"/>
  </testsuite>
  <testsuite name="ard_survival_survfit_diff" timestamp="2025-05-27T22:35:35Z" hostname="9903cf6c352b" tests="4" skipped="0" failures="0" errors="0" time="0.653">
    <testcase time="0.651000000000003" classname="character(0)" name="ard_survival_survfit_diff_works"/>
    <testcase time="0" classname="character(0)" name="ard_survival_survfit_diff_works"/>
    <testcase time="0.000999999999997669" classname="character(0)" name="ard_survival_survfit_diff_works"/>
    <testcase time="0.000999999999997669" classname="character(0)" name="ard_survival_survfit_diff_works"/>
  </testsuite>
  <testsuite name="ard_survival_survfit_diff" timestamp="2025-05-27T22:35:35Z" hostname="9903cf6c352b" tests="3" skipped="0" failures="0" errors="0" time="0.005">
    <testcase time="0.00200000000000244" classname="character(0)" name="ard_survival_survfit_diff_messaging"/>
    <testcase time="0.00200000000000244" classname="character(0)" name="ard_survival_survfit_diff_messaging"/>
    <testcase time="0.000999999999997669" classname="character(0)" name="ard_survival_survfit_diff_messaging"/>
  </testsuite>
  <testsuite name="ard_survival_survfit_diff" timestamp="2025-05-27T22:35:35Z" hostname="9903cf6c352b" tests="1" skipped="0" failures="0" errors="0" time="0.003">
    <testcase time="0.00300000000000011" classname="character(0)" name="ard_survival_survfit_diff_follows_ard_structure"/>
  </testsuite>
  <testsuite name="ard_total_n.survey.design" timestamp="2025-05-27T22:35:36Z" hostname="9903cf6c352b" tests="1" skipped="0" failures="0" errors="0" time="0.438">
    <testcase time="0.438000000000002" classname="character(0)" name="ard_total_n.survey.design_works"/>
  </testsuite>
  <testsuite name="ard_total_n.survey.design" timestamp="2025-05-27T22:35:36Z" hostname="9903cf6c352b" tests="1" skipped="0" failures="0" errors="0" time="0.002">
    <testcase time="0.00199999999999534" classname="character(0)" name="ard_total_n.survey.design_follows_ard_structure"/>
  </testsuite>
  <testsuite name="construction_helpers" timestamp="2025-05-27T22:35:38Z" hostname="9903cf6c352b" tests="10" skipped="0" failures="0" errors="0" time="2.15">
    <testcase time="2.145" classname="character(0)" name="construct_model_works"/>
    <testcase time="0" classname="character(0)" name="construct_model_works"/>
    <testcase time="0.00100000000000477" classname="character(0)" name="construct_model_works"/>
    <testcase time="0" classname="character(0)" name="construct_model_works"/>
    <testcase time="0.000999999999990564" classname="character(0)" name="construct_model_works"/>
    <testcase time="0.00100000000000477" classname="character(0)" name="construct_model_works"/>
    <testcase time="0" classname="character(0)" name="construct_model_works"/>
    <testcase time="0.00100000000000477" classname="character(0)" name="construct_model_works"/>
    <testcase time="0" classname="character(0)" name="construct_model_works"/>
    <testcase time="0.000999999999990564" classname="character(0)" name="construct_model_works"/>
  </testsuite>
  <testsuite name="construction_helpers" timestamp="2025-05-27T22:35:38Z" hostname="9903cf6c352b" tests="6" skipped="0" failures="0" errors="0" time="0.005">
    <testcase time="0.00200000000000955" classname="character(0)" name="construct_model_messaging"/>
    <testcase time="0.000999999999990564" classname="character(0)" name="construct_model_messaging"/>
    <testcase time="0" classname="character(0)" name="construct_model_messaging"/>
    <testcase time="0.00100000000000477" classname="character(0)" name="construct_model_messaging"/>
    <testcase time="0" classname="character(0)" name="construct_model_messaging"/>
    <testcase time="0.00100000000000477" classname="character(0)" name="construct_model_messaging"/>
  </testsuite>
  <testsuite name="proportion_ci" timestamp="2025-05-27T22:35:40Z" hostname="9903cf6c352b" tests="34" skipped="0" failures="0" errors="0" time="1.706">
    <testcase time="1.68799999999999" classname="character(0)" name="check_the_proportion_ci__functions_work"/>
    <testcase time="0" classname="character(0)" name="check_the_proportion_ci__functions_work"/>
    <testcase time="0.00100000000000477" classname="character(0)" name="check_the_proportion_ci__functions_work"/>
    <testcase time="0" classname="character(0)" name="check_the_proportion_ci__functions_work"/>
    <testcase time="0.00100000000000477" classname="character(0)" name="check_the_proportion_ci__functions_work"/>
    <testcase time="0.000999999999990564" classname="character(0)" name="check_the_proportion_ci__functions_work"/>
    <testcase time="0" classname="character(0)" name="check_the_proportion_ci__functions_work"/>
    <testcase time="0.00100000000000477" classname="character(0)" name="check_the_proportion_ci__functions_work"/>
    <testcase time="0" classname="character(0)" name="check_the_proportion_ci__functions_work"/>
    <testcase time="0.00100000000000477" classname="character(0)" name="check_the_proportion_ci__functions_work"/>
    <testcase time="0" classname="character(0)" name="check_the_proportion_ci__functions_work"/>
    <testcase time="0.000999999999990564" classname="character(0)" name="check_the_proportion_ci__functions_work"/>
    <testcase time="0.00100000000000477" classname="character(0)" name="check_the_proportion_ci__functions_work"/>
    <testcase time="0" classname="character(0)" name="check_the_proportion_ci__functions_work"/>
    <testcase time="0.00100000000000477" classname="character(0)" name="check_the_proportion_ci__functions_work"/>
    <testcase time="0" classname="character(0)" name="check_the_proportion_ci__functions_work"/>
    <testcase time="0.000999999999990564" classname="character(0)" name="check_the_proportion_ci__functions_work"/>
    <testcase time="0.00100000000000477" classname="character(0)" name="check_the_proportion_ci__functions_work"/>
    <testcase time="0" classname="character(0)" name="check_the_proportion_ci__functions_work"/>
    <testcase time="0.00100000000000477" classname="character(0)" name="check_the_proportion_ci__functions_work"/>
    <testcase time="0" classname="character(0)" name="check_the_proportion_ci__functions_work"/>
    <testcase time="0.000999999999990564" classname="character(0)" name="check_the_proportion_ci__functions_work"/>
    <testcase time="0.00100000000000477" classname="character(0)" name="check_the_proportion_ci__functions_work"/>
    <testcase time="0" classname="character(0)" name="check_the_proportion_ci__functions_work"/>
    <testcase time="0.00100000000000477" classname="character(0)" name="check_the_proportion_ci__functions_work"/>
    <testcase time="0" classname="character(0)" name="check_the_proportion_ci__functions_work"/>
    <testcase time="0" classname="character(0)" name="check_the_proportion_ci__functions_work"/>
    <testcase time="0.00100000000000477" classname="character(0)" name="check_the_proportion_ci__functions_work"/>
    <testcase time="0" classname="character(0)" name="check_the_proportion_ci__functions_work"/>
    <testcase time="0.00100000000000477" classname="character(0)" name="check_the_proportion_ci__functions_work"/>
    <testcase time="0.000999999999990564" classname="character(0)" name="check_the_proportion_ci__functions_work"/>
    <testcase time="0" classname="character(0)" name="check_the_proportion_ci__functions_work"/>
    <testcase time="0" classname="character(0)" name="check_the_proportion_ci__functions_work"/>
    <testcase time="0.00100000000000477" classname="character(0)" name="check_the_proportion_ci__functions_work"/>
  </testsuite>
  <testsuite name="proportion_ci" timestamp="2025-05-27T22:35:40Z" hostname="9903cf6c352b" tests="10" skipped="0" failures="0" errors="0" time="0.006">
    <testcase time="0.00199999999999534" classname="character(0)" name="check_the_proportion_ci_strat_wilson_function_works"/>
    <testcase time="0.00100000000000477" classname="character(0)" name="check_the_proportion_ci_strat_wilson_function_works"/>
    <testcase time="0" classname="character(0)" name="check_the_proportion_ci_strat_wilson_function_works"/>
    <testcase time="0.000999999999990564" classname="character(0)" name="check_the_proportion_ci_strat_wilson_function_works"/>
    <testcase time="0" classname="character(0)" name="check_the_proportion_ci_strat_wilson_function_works"/>
    <testcase time="0.00100000000000477" classname="character(0)" name="check_the_proportion_ci_strat_wilson_function_works"/>
    <testcase time="0" classname="character(0)" name="check_the_proportion_ci_strat_wilson_function_works"/>
    <testcase time="0.00100000000000477" classname="character(0)" name="check_the_proportion_ci_strat_wilson_function_works"/>
    <testcase time="0" classname="character(0)" name="check_the_proportion_ci_strat_wilson_function_works"/>
    <testcase time="0" classname="character(0)" name="check_the_proportion_ci_strat_wilson_function_works"/>
  </testsuite>
  <testsuite name="ard_continuous.survey.design" timestamp="2025-05-27T22:35:52Z" hostname="9903cf6c352b" tests="12" skipped="0" failures="0" errors="0" time="11.934">
    <testcase time="11.928" classname="character(0)" name="unstratified_ard_continuous.survey.design_works"/>
    <testcase time="0.000999999999990564" classname="character(0)" name="unstratified_ard_continuous.survey.design_works"/>
    <testcase time="0" classname="character(0)" name="unstratified_ard_continuous.survey.design_works"/>
    <testcase time="0.00100000000000477" classname="character(0)" name="unstratified_ard_continuous.survey.design_works"/>
    <testcase time="0" classname="character(0)" name="unstratified_ard_continuous.survey.design_works"/>
    <testcase time="0.00100000000000477" classname="character(0)" name="unstratified_ard_continuous.survey.design_works"/>
    <testcase time="0" classname="character(0)" name="unstratified_ard_continuous.survey.design_works"/>
    <testcase time="0.000999999999990564" classname="character(0)" name="unstratified_ard_continuous.survey.design_works"/>
    <testcase time="0" classname="character(0)" name="unstratified_ard_continuous.survey.design_works"/>
    <testcase time="0.00100000000000477" classname="character(0)" name="unstratified_ard_continuous.survey.design_works"/>
    <testcase time="0.00100000000000477" classname="character(0)" name="unstratified_ard_continuous.survey.design_works"/>
    <testcase time="0" classname="character(0)" name="unstratified_ard_continuous.survey.design_works"/>
  </testsuite>
  <testsuite name="ard_continuous.survey.design" timestamp="2025-05-27T22:35:52Z" hostname="9903cf6c352b" tests="11" skipped="0" failures="0" errors="0" time="0.008">
    <testcase time="0.00199999999999534" classname="character(0)" name="stratified_ard_continuous.survey.design_works"/>
    <testcase time="0.00100000000000477" classname="character(0)" name="stratified_ard_continuous.survey.design_works"/>
    <testcase time="0" classname="character(0)" name="stratified_ard_continuous.survey.design_works"/>
    <testcase time="0.000999999999990564" classname="character(0)" name="stratified_ard_continuous.survey.design_works"/>
    <testcase time="0" classname="character(0)" name="stratified_ard_continuous.survey.design_works"/>
    <testcase time="0.00100000000000477" classname="character(0)" name="stratified_ard_continuous.survey.design_works"/>
    <testcase time="0" classname="character(0)" name="stratified_ard_continuous.survey.design_works"/>
    <testcase time="0.00100000000000477" classname="character(0)" name="stratified_ard_continuous.survey.design_works"/>
    <testcase time="0.000999999999990564" classname="character(0)" name="stratified_ard_continuous.survey.design_works"/>
    <testcase time="0" classname="character(0)" name="stratified_ard_continuous.survey.design_works"/>
    <testcase time="0.00100000000000477" classname="character(0)" name="stratified_ard_continuous.survey.design_works"/>
  </testsuite>
  <testsuite name="ard_continuous.survey.design" timestamp="2025-05-27T22:35:52Z" hostname="9903cf6c352b" tests="4" skipped="0" failures="0" errors="0" time="0.003">
    <testcase time="0.00199999999999534" classname="character(0)" name="ard_continuous.survey.design_NA_handling"/>
    <testcase time="0" classname="character(0)" name="ard_continuous.survey.design_NA_handling"/>
    <testcase time="0.00100000000000477" classname="character(0)" name="ard_continuous.survey.design_NA_handling"/>
    <testcase time="0" classname="character(0)" name="ard_continuous.survey.design_NA_handling"/>
  </testsuite>
  <testsuite name="ard_continuous.survey.design" timestamp="2025-05-27T22:35:52Z" hostname="9903cf6c352b" tests="2" skipped="0" failures="0" errors="0" time="0.003">
    <testcase time="0.00199999999999534" classname="character(0)" name="ard_continuous.survey.design_error_handling"/>
    <testcase time="0.00100000000000477" classname="character(0)" name="ard_continuous.survey.design_error_handling"/>
  </testsuite>
  <testsuite name="ard_continuous.survey.design" timestamp="2025-05-27T22:35:52Z" hostname="9903cf6c352b" tests="1" skipped="0" failures="0" errors="0" time="0.002">
    <testcase time="0.00199999999999534" classname="character(0)" name="ard_continuous.survey.design_fmt_fn_"/>
  </testsuite>
  <testsuite name="ard_continuous.survey.design" timestamp="2025-05-27T22:35:52Z" hostname="9903cf6c352b" tests="1" skipped="0" failures="0" errors="0" time="0.002">
    <testcase time="0.00200000000000955" classname="character(0)" name="ard_continuous.survey.design_stat_label_"/>
  </testsuite>
  <testsuite name="ard_continuous.survey.design" timestamp="2025-05-27T22:35:52Z" hostname="9903cf6c352b" tests="2" skipped="0" failures="0" errors="0" time="0.002">
    <testcase time="0.00199999999999534" classname="character(0)" name="ard_continuous.survey.design_by_unobserved_levels_combinations"/>
    <testcase time="0" classname="character(0)" name="ard_continuous.survey.design_by_unobserved_levels_combinations"/>
  </testsuite>
  <testsuite name="ard_continuous.survey.design" timestamp="2025-05-27T22:35:52Z" hostname="9903cf6c352b" tests="19" skipped="0" failures="0" errors="0" time="0.013">
    <testcase time="0.00199999999999534" classname="character(0)" name="ard_continuous.survey.design_works_when_using_generic_names_"/>
    <testcase time="0.00100000000000477" classname="character(0)" name="ard_continuous.survey.design_works_when_using_generic_names_"/>
    <testcase time="0.000999999999990564" classname="character(0)" name="ard_continuous.survey.design_works_when_using_generic_names_"/>
    <testcase time="0" classname="character(0)" name="ard_continuous.survey.design_works_when_using_generic_names_"/>
    <testcase time="0.00100000000000477" classname="character(0)" name="ard_continuous.survey.design_works_when_using_generic_names_"/>
    <testcase time="0" classname="character(0)" name="ard_continuous.survey.design_works_when_using_generic_names_"/>
    <testcase time="0.00100000000000477" classname="character(0)" name="ard_continuous.survey.design_works_when_using_generic_names_"/>
    <testcase time="0" classname="character(0)" name="ard_continuous.survey.design_works_when_using_generic_names_"/>
    <testcase time="0.000999999999990564" classname="character(0)" name="ard_continuous.survey.design_works_when_using_generic_names_"/>
    <testcase time="0" classname="character(0)" name="ard_continuous.survey.design_works_when_using_generic_names_"/>
    <testcase time="0.00100000000000477" classname="character(0)" name="ard_continuous.survey.design_works_when_using_generic_names_"/>
    <testcase time="0" classname="character(0)" name="ard_continuous.survey.design_works_when_using_generic_names_"/>
    <testcase time="0.00100000000000477" classname="character(0)" name="ard_continuous.survey.design_works_when_using_generic_names_"/>
    <testcase time="0.000999999999990564" classname="character(0)" name="ard_continuous.survey.design_works_when_using_generic_names_"/>
    <testcase time="0" classname="character(0)" name="ard_continuous.survey.design_works_when_using_generic_names_"/>
    <testcase time="0.00100000000000477" classname="character(0)" name="ard_continuous.survey.design_works_when_using_generic_names_"/>
    <testcase time="0" classname="character(0)" name="ard_continuous.survey.design_works_when_using_generic_names_"/>
    <testcase time="0.00100000000000477" classname="character(0)" name="ard_continuous.survey.design_works_when_using_generic_names_"/>
    <testcase time="0.000999999999990564" classname="character(0)" name="ard_continuous.survey.design_works_when_using_generic_names_"/>
  </testsuite>
  <testsuite name="ard_continuous.survey.design" timestamp="2025-05-27T22:35:52Z" hostname="9903cf6c352b" tests="1" skipped="0" failures="0" errors="0" time="0.002">
    <testcase time="0.00200000000000955" classname="character(0)" name="ard_continuous.survey.design_follows_ard_structure"/>
  </testsuite>
  <testsuite name="ard_continuous.survey.design" timestamp="2025-05-27T22:35:52Z" hostname="9903cf6c352b" tests="4" skipped="0" failures="0" errors="0" time="0.003">
    <testcase time="0.00199999999999534" classname="character(0)" name="ard_continuous.survey.design_original_types_are_retained"/>
    <testcase time="0" classname="character(0)" name="ard_continuous.survey.design_original_types_are_retained"/>
    <testcase time="0.00100000000000477" classname="character(0)" name="ard_continuous.survey.design_original_types_are_retained"/>
    <testcase time="0" classname="character(0)" name="ard_continuous.survey.design_original_types_are_retained"/>
  </testsuite>
</testsuites>
