<?xml version="1.0" encoding="UTF-8"?>
<testsuites>
  <testsuite name="ard_chisqtest" timestamp="2024-03-15T19:57:14Z" hostname="213a96d4dcd5" tests="2" skipped="0" failures="0" errors="0" time="0.987">
    <testcase time="0.969" classname="character(0)" name="ard_chisqtest_works"/>
    <testcase time="0.018" classname="character(0)" name="ard_chisqtest_works"/>
  </testsuite>
  <testsuite name="ard_chisqtest" timestamp="2024-03-15T19:57:14Z" hostname="213a96d4dcd5" tests="1" skipped="1" failures="0" errors="0" time="0.006">
    <testcase time="0.00600000000000001" classname="character(0)" name="shuffle_ard_fills_missing_group_levels_if_the_group_is_meaningful">
      <skipped message="Reason: On CRAN ('test-ard_chisqtest.R:25:3')"/>
    </testcase>
  </testsuite>
  <testsuite name="ard_car_anova" timestamp="2024-03-15T19:57:15Z" hostname="213a96d4dcd5" tests="3" skipped="1" failures="0" errors="0" time="0.859">
    <testcase time="0.858" classname="character(0)" name="ard_car_anova_works"/>
    <testcase time="0.00099999999999989" classname="character(0)" name="ard_car_anova_works"/>
    <testcase time="0" classname="character(0)" name="ard_car_anova_works">
      <skipped message="Reason: On CRAN ('test-ard_car_anova.R:10:3')"/>
    </testcase>
  </testsuite>
  <testsuite name="ard_car_anova" timestamp="2024-03-15T19:57:15Z" hostname="213a96d4dcd5" tests="1" skipped="1" failures="0" errors="0" time="0.016">
    <testcase time="0.016" classname="character(0)" name="ard_car_anova_messaging">
      <skipped message="Reason: On CRAN ('test-ard_car_anova.R:14:3')"/>
    </testcase>
  </testsuite>
  <testsuite name="ard_fishertest" timestamp="2024-03-15T19:57:15Z" hostname="213a96d4dcd5" tests="2" skipped="0" failures="0" errors="0" time="0.145">
    <testcase time="0.144" classname="character(0)" name="ard_fishertest_works"/>
    <testcase time="0.00099999999999989" classname="character(0)" name="ard_fishertest_works"/>
  </testsuite>
  <testsuite name="ard_cohens_d" timestamp="2024-03-15T19:57:15Z" hostname="213a96d4dcd5" tests="3" skipped="1" failures="0" errors="0" time="0.276">
    <testcase time="0.275" classname="character(0)" name="ard_cohens_d_works"/>
    <testcase time="0" classname="character(0)" name="ard_cohens_d_works"/>
    <testcase time="0.00100000000000033" classname="character(0)" name="ard_cohens_d_works">
      <skipped message="Reason: On CRAN ('test-ard_cohens_d.R:26:3')"/>
    </testcase>
  </testsuite>
  <testsuite name="ard_cohens_d" timestamp="2024-03-15T19:57:15Z" hostname="213a96d4dcd5" tests="3" skipped="1" failures="0" errors="0" time="0.016">
    <testcase time="0.0149999999999997" classname="character(0)" name="ard_paired_cohens_d_works"/>
    <testcase time="0" classname="character(0)" name="ard_paired_cohens_d_works"/>
    <testcase time="0.00100000000000033" classname="character(0)" name="ard_paired_cohens_d_works">
      <skipped message="Reason: On CRAN ('test-ard_cohens_d.R:83:3')"/>
    </testcase>
  </testsuite>
  <testsuite name="ard_hedges_g" timestamp="2024-03-15T19:57:15Z" hostname="213a96d4dcd5" tests="3" skipped="1" failures="0" errors="0" time="0.151">
    <testcase time="0.149" classname="character(0)" name="ard_hedges_g_works"/>
    <testcase time="0.00099999999999989" classname="character(0)" name="ard_hedges_g_works"/>
    <testcase time="0.00099999999999989" classname="character(0)" name="ard_hedges_g_works">
      <skipped message="Reason: On CRAN ('test-ard_hedges_g.R:25:3')"/>
    </testcase>
  </testsuite>
  <testsuite name="ard_hedges_g" timestamp="2024-03-15T19:57:15Z" hostname="213a96d4dcd5" tests="3" skipped="1" failures="0" errors="0" time="0.017">
    <testcase time="0.016" classname="character(0)" name="ard_paired_hedges_g_works"/>
    <testcase time="0" classname="character(0)" name="ard_paired_hedges_g_works"/>
    <testcase time="0.00099999999999989" classname="character(0)" name="ard_paired_hedges_g_works">
      <skipped message="Reason: On CRAN ('test-ard_hedges_g.R:82:3')"/>
    </testcase>
  </testsuite>
  <testsuite name="ard_kruskaltest" timestamp="2024-03-15T19:57:15Z" hostname="213a96d4dcd5" tests="3" skipped="1" failures="0" errors="0" time="0.016">
    <testcase time="0.0150000000000001" classname="character(0)" name="ard_kurskaltest_works"/>
    <testcase time="0" classname="character(0)" name="ard_kurskaltest_works"/>
    <testcase time="0.00099999999999989" classname="character(0)" name="ard_kurskaltest_works">
      <skipped message="Reason: On CRAN ('test-ard_kruskaltest.R:22:3')"/>
    </testcase>
  </testsuite>
  <testsuite name="ard_moodtest" timestamp="2024-03-15T19:57:16Z" hostname="213a96d4dcd5" tests="3" skipped="1" failures="0" errors="0" time="0.176">
    <testcase time="0.175" classname="character(0)" name="ard_moodtest_works"/>
    <testcase time="0" classname="character(0)" name="ard_moodtest_works"/>
    <testcase time="0.00099999999999989" classname="character(0)" name="ard_moodtest_works">
      <skipped message="Reason: On CRAN ('test-ard_moodtest.R:22:3')"/>
    </testcase>
  </testsuite>
  <testsuite name="ard_mcnemartest" timestamp="2024-03-15T19:57:16Z" hostname="213a96d4dcd5" tests="4" skipped="0" failures="0" errors="0" time="0.028">
    <testcase time="0.0249999999999999" classname="character(0)" name="ard_mcnemartest_works"/>
    <testcase time="0.00099999999999989" classname="character(0)" name="ard_mcnemartest_works"/>
    <testcase time="0.00100000000000033" classname="character(0)" name="ard_mcnemartest_works"/>
    <testcase time="0.00099999999999989" classname="character(0)" name="ard_mcnemartest_works"/>
  </testsuite>
  <testsuite name="ard_proptest" timestamp="2024-03-15T19:57:16Z" hostname="213a96d4dcd5" tests="2" skipped="0" failures="0" errors="0" time="0.294">
    <testcase time="0.293" classname="character(0)" name="ard_proptest_works"/>
    <testcase time="0.00100000000000033" classname="character(0)" name="ard_proptest_works"/>
  </testsuite>
  <testsuite name="ard_proptest" timestamp="2024-03-15T19:57:16Z" hostname="213a96d4dcd5" tests="8" skipped="0" failures="0" errors="0" time="0.005">
    <testcase time="0.00099999999999989" classname="character(0)" name="ard_proptest_error_messaging"/>
    <testcase time="0.00099999999999989" classname="character(0)" name="ard_proptest_error_messaging"/>
    <testcase time="0" classname="character(0)" name="ard_proptest_error_messaging"/>
    <testcase time="0.00099999999999989" classname="character(0)" name="ard_proptest_error_messaging"/>
    <testcase time="0" classname="character(0)" name="ard_proptest_error_messaging"/>
    <testcase time="0.00100000000000033" classname="character(0)" name="ard_proptest_error_messaging"/>
    <testcase time="0" classname="character(0)" name="ard_proptest_error_messaging"/>
    <testcase time="0.00099999999999989" classname="character(0)" name="ard_proptest_error_messaging"/>
  </testsuite>
  <testsuite name="ard_proportion_ci" timestamp="2024-03-15T19:57:16Z" hostname="213a96d4dcd5" tests="1" skipped="0" failures="0" errors="0" time="0.293">
    <testcase time="0.293" classname="character(0)" name="ard_proportion_ci_works"/>
  </testsuite>
  <testsuite name="ard_proportion_ci" timestamp="2024-03-15T19:57:16Z" hostname="213a96d4dcd5" tests="2" skipped="1" failures="0" errors="0" time="0.003">
    <testcase time="0.00199999999999978" classname="character(0)" name="ard_proportion_ci_method_strat_wilson_works"/>
    <testcase time="0.00100000000000033" classname="character(0)" name="ard_proportion_ci_method_strat_wilson_works">
      <skipped message="Reason: On CRAN ('test-ard_proportion_ci.R:52:3')"/>
    </testcase>
  </testsuite>
  <testsuite name="ard_regression_basic" timestamp="2024-03-15T19:57:17Z" hostname="213a96d4dcd5" tests="2" skipped="1" failures="0" errors="0" time="0.467">
    <testcase time="0.465999999999999" classname="character(0)" name="ard_regression_basic_works"/>
    <testcase time="0.00100000000000033" classname="character(0)" name="ard_regression_basic_works">
      <skipped message="Reason: On CRAN ('test-ard_regression_basic.R:10:3')"/>
    </testcase>
  </testsuite>
  <testsuite name="ard_regression" timestamp="2024-03-15T19:57:17Z" hostname="213a96d4dcd5" tests="1" skipped="1" failures="0" errors="0" time="0.045">
    <testcase time="0.0449999999999999" classname="character(0)" name="ard_regression_works">
      <skipped message="Reason: On CRAN ('test-ard_regression.R:4:3')"/>
    </testcase>
  </testsuite>
  <testsuite name="ard_smd" timestamp="2024-03-15T19:57:17Z" hostname="213a96d4dcd5" tests="2" skipped="0" failures="0" errors="0" time="0.164">
    <testcase time="0.164000000000001" classname="character(0)" name="ard_smd_works"/>
    <testcase time="0" classname="character(0)" name="ard_smd_works"/>
  </testsuite>
  <testsuite name="ard_smd" timestamp="2024-03-15T19:57:17Z" hostname="213a96d4dcd5" tests="4" skipped="0" failures="0" errors="0" time="0.003">
    <testcase time="0.00199999999999978" classname="character(0)" name="ard_proptest_error_messaging"/>
    <testcase time="0" classname="character(0)" name="ard_proptest_error_messaging"/>
    <testcase time="0.000999999999999446" classname="character(0)" name="ard_proptest_error_messaging"/>
    <testcase time="0" classname="character(0)" name="ard_proptest_error_messaging"/>
  </testsuite>
  <testsuite name="ard_single_ci" timestamp="2024-03-15T19:57:17Z" hostname="213a96d4dcd5" tests="1" skipped="0" failures="0" errors="0" time="0.117">
    <testcase time="0.117" classname="character(0)" name="ard_single_ci_works"/>
  </testsuite>
  <testsuite name="ard_single_ci" timestamp="2024-03-15T19:57:17Z" hostname="213a96d4dcd5" tests="1" skipped="1" failures="0" errors="0" time="0.002">
    <testcase time="0.00200000000000067" classname="character(0)" name="ard_single_ci_method_mean_with_T_works">
      <skipped message="Reason: On CRAN ('test-ard_single_ci.R:22:3')"/>
    </testcase>
  </testsuite>
  <testsuite name="ard_single_ci" timestamp="2024-03-15T19:57:17Z" hostname="213a96d4dcd5" tests="1" skipped="1" failures="0" errors="0" time="0.016">
    <testcase time="0.016" classname="character(0)" name="ard_single_ci_method_mean_with_Z_works">
      <skipped message="Reason: On CRAN ('test-ard_single_ci.R:27:3')"/>
    </testcase>
  </testsuite>
  <testsuite name="ard_single_ci" timestamp="2024-03-15T19:57:17Z" hostname="213a96d4dcd5" tests="1" skipped="1" failures="0" errors="0" time="0.016">
    <testcase time="0.016" classname="character(0)" name="ard_single_ci_method_sd_works">
      <skipped message="Reason: On CRAN ('test-ard_single_ci.R:32:3')"/>
    </testcase>
  </testsuite>
  <testsuite name="ard_single_ci" timestamp="2024-03-15T19:57:17Z" hostname="213a96d4dcd5" tests="1" skipped="1" failures="0" errors="0" time="0.015">
    <testcase time="0.0149999999999997" classname="character(0)" name="ard_single_ci_method_var_works">
      <skipped message="Reason: On CRAN ('test-ard_single_ci.R:37:3')"/>
    </testcase>
  </testsuite>
  <testsuite name="ard_svychisq" timestamp="2024-03-15T19:57:17Z" hostname="213a96d4dcd5" tests="3" skipped="1" failures="0" errors="0" time="0.458">
    <testcase time="0.457" classname="character(0)" name="ard_svychisq_works"/>
    <testcase time="0.00100000000000033" classname="character(0)" name="ard_svychisq_works"/>
    <testcase time="0" classname="character(0)" name="ard_svychisq_works">
      <skipped message="Reason: On CRAN ('test-ard_svychisq.R:28:3')"/>
    </testcase>
  </testsuite>
  <testsuite name="ard_svyttest" timestamp="2024-03-15T19:57:18Z" hostname="213a96d4dcd5" tests="4" skipped="0" failures="0" errors="0" time="0.073">
    <testcase time="0.0709999999999997" classname="character(0)" name="ard_svyttest_works"/>
    <testcase time="0.00100000000000033" classname="character(0)" name="ard_svyttest_works"/>
    <testcase time="0" classname="character(0)" name="ard_svyttest_works"/>
    <testcase time="0.000999999999999446" classname="character(0)" name="ard_svyttest_works"/>
  </testsuite>
  <testsuite name="ard_svyttest" timestamp="2024-03-15T19:57:18Z" hostname="213a96d4dcd5" tests="2" skipped="0" failures="0" errors="0" time="0.002">
    <testcase time="0.00100000000000033" classname="character(0)" name="ard_svyttest_messaging"/>
    <testcase time="0.00100000000000033" classname="character(0)" name="ard_svyttest_messaging"/>
  </testsuite>
  <testsuite name="ard_vif" timestamp="2024-03-15T19:57:18Z" hostname="213a96d4dcd5" tests="1" skipped="1" failures="0" errors="0" time="0.176">
    <testcase time="0.175999999999999" classname="character(0)" name="ard_vif_works">
      <skipped message="Reason: On CRAN ('test-ard_vif.R:2:3')"/>
    </testcase>
  </testsuite>
  <testsuite name="ard_vif" timestamp="2024-03-15T19:57:18Z" hostname="213a96d4dcd5" tests="1" skipped="1" failures="0" errors="0" time="0.013">
    <testcase time="0.0130000000000008" classname="character(0)" name="ard_vif_appropriate_errors_are_given_for_model_with_only_1_term">
      <skipped message="Reason: On CRAN ('test-ard_vif.R:16:3')"/>
    </testcase>
  </testsuite>
  <testsuite name="ard_vif" timestamp="2024-03-15T19:57:18Z" hostname="213a96d4dcd5" tests="1" skipped="1" failures="0" errors="0" time="0.009">
    <testcase time="0.00899999999999945" classname="character(0)" name="ard_vif_issues_friendly_messaging_for_incorrect_object_passed_in_can_t_get_terms_of_model">
      <skipped message="Reason: On CRAN ('test-ard_vif.R:33:3')"/>
    </testcase>
  </testsuite>
  <testsuite name="ard_ttest" timestamp="2024-03-15T19:57:18Z" hostname="213a96d4dcd5" tests="3" skipped="1" failures="0" errors="0" time="0.062">
    <testcase time="0.0609999999999999" classname="character(0)" name="ard_ttest_works"/>
    <testcase time="0.00100000000000033" classname="character(0)" name="ard_ttest_works"/>
    <testcase time="0" classname="character(0)" name="ard_ttest_works">
      <skipped message="Reason: On CRAN ('test-ard_ttest.R:27:3')"/>
    </testcase>
  </testsuite>
  <testsuite name="ard_ttest" timestamp="2024-03-15T19:57:18Z" hostname="213a96d4dcd5" tests="3" skipped="1" failures="0" errors="0" time="0.013">
    <testcase time="0.0119999999999996" classname="character(0)" name="ard_paired_ttest_works"/>
    <testcase time="0.00100000000000033" classname="character(0)" name="ard_paired_ttest_works"/>
    <testcase time="0" classname="character(0)" name="ard_paired_ttest_works">
      <skipped message="Reason: On CRAN ('test-ard_ttest.R:85:3')"/>
    </testcase>
  </testsuite>
  <testsuite name="proportion_ci" timestamp="2024-03-15T19:57:18Z" hostname="213a96d4dcd5" tests="1" skipped="1" failures="0" errors="0" time="0.147">
    <testcase time="0.147" classname="character(0)" name="check_the_proportion_ci__functions_work">
      <skipped message="Reason: On CRAN ('test-proportion_ci.R:12:3')"/>
    </testcase>
  </testsuite>
  <testsuite name="proportion_ci" timestamp="2024-03-15T19:57:18Z" hostname="213a96d4dcd5" tests="1" skipped="1" failures="0" errors="0" time="0.011">
    <testcase time="0.0110000000000001" classname="character(0)" name="check_the_proportion_ci_strat_wilson_function_works">
      <skipped message="Reason: On CRAN ('test-proportion_ci.R:138:3')"/>
    </testcase>
  </testsuite>
  <testsuite name="single_ci" timestamp="2024-03-15T19:57:18Z" hostname="213a96d4dcd5" tests="1" skipped="1" failures="0" errors="0" time="0.065">
    <testcase time="0.0649999999999995" classname="character(0)" name="check_the_single_ci__functions_work">
      <skipped message="Reason: On CRAN ('test-single_ci.R:6:3')"/>
    </testcase>
  </testsuite>
  <testsuite name="ard_wilcoxtest" timestamp="2024-03-15T19:57:18Z" hostname="213a96d4dcd5" tests="4" skipped="0" failures="0" errors="0" time="0.234">
    <testcase time="0.233000000000001" classname="character(0)" name="ard_wilcoxtest_works"/>
    <testcase time="0" classname="character(0)" name="ard_wilcoxtest_works"/>
    <testcase time="0.000999999999999446" classname="character(0)" name="ard_wilcoxtest_works"/>
    <testcase time="0" classname="character(0)" name="ard_wilcoxtest_works"/>
  </testsuite>
  <testsuite name="ard_wilcoxtest" timestamp="2024-03-15T19:57:18Z" hostname="213a96d4dcd5" tests="3" skipped="0" failures="0" errors="0" time="0.003">
    <testcase time="0.00199999999999978" classname="character(0)" name="ard_paired_wilcoxtest_works"/>
    <testcase time="0" classname="character(0)" name="ard_paired_wilcoxtest_works"/>
    <testcase time="0.00100000000000033" classname="character(0)" name="ard_paired_wilcoxtest_works"/>
  </testsuite>
</testsuites>
