<?xml version="1.0" encoding="UTF-8"?>
<testsuites>
  <testsuite name="ard_chisqtest" timestamp="2024-02-22T18:49:00Z" hostname="d93e1f4d77ca" tests="2" skipped="0" failures="0" errors="0" time="0.911">
    <testcase time="0.894" classname="character(0)" name="ard_chisqtest_works"/>
    <testcase time="0.0169999999999999" classname="character(0)" name="ard_chisqtest_works"/>
  </testsuite>
  <testsuite name="ard_chisqtest" timestamp="2024-02-22T18:49:00Z" hostname="d93e1f4d77ca" tests="1" skipped="1" failures="0" errors="0" time="0.007">
    <testcase time="0.00700000000000012" classname="character(0)" name="shuffle_ard_fills_missing_group_levels_if_the_group_is_meaningful">
      <skipped message="Reason: On CRAN ('test-ard_chisqtest.R:23:3')"/>
    </testcase>
  </testsuite>
  <testsuite name="ard_fishertest" timestamp="2024-02-22T18:49:00Z" hostname="d93e1f4d77ca" tests="2" skipped="0" failures="0" errors="0" time="0.108">
    <testcase time="0.108" classname="character(0)" name="ard_fishertest_works"/>
    <testcase time="0" classname="character(0)" name="ard_fishertest_works"/>
  </testsuite>
  <testsuite name="ard_cohensd" timestamp="2024-02-22T18:49:01Z" hostname="d93e1f4d77ca" tests="4" skipped="1" failures="0" errors="0" time="1.053">
    <testcase time="1.05" classname="character(0)" name="ard_cohensd_works"/>
    <testcase time="0.00099999999999989" classname="character(0)" name="ard_cohensd_works"/>
    <testcase time="0.00099999999999989" classname="character(0)" name="ard_cohensd_works"/>
    <testcase time="0.00100000000000033" classname="character(0)" name="ard_cohensd_works">
      <skipped message="Reason: On CRAN ('test-ard_cohensd.R:23:3')"/>
    </testcase>
  </testsuite>
  <testsuite name="ard_cohensd" timestamp="2024-02-22T18:49:01Z" hostname="d93e1f4d77ca" tests="4" skipped="1" failures="0" errors="0" time="0.03">
    <testcase time="0.028" classname="character(0)" name="ard_paired_cohensd_works"/>
    <testcase time="0.00099999999999989" classname="character(0)" name="ard_paired_cohensd_works"/>
    <testcase time="0" classname="character(0)" name="ard_paired_cohensd_works"/>
    <testcase time="0.00099999999999989" classname="character(0)" name="ard_paired_cohensd_works">
      <skipped message="Reason: On CRAN ('test-ard_cohensd.R:69:3')"/>
    </testcase>
  </testsuite>
  <testsuite name="ard_kruskaltest" timestamp="2024-02-22T18:49:01Z" hostname="d93e1f4d77ca" tests="3" skipped="1" failures="0" errors="0" time="0.165">
    <testcase time="0.164" classname="character(0)" name="ard_kurskaltest_works"/>
    <testcase time="0.00099999999999989" classname="character(0)" name="ard_kurskaltest_works"/>
    <testcase time="0" classname="character(0)" name="ard_kurskaltest_works">
      <skipped message="Reason: On CRAN ('test-ard_kruskaltest.R:20:3')"/>
    </testcase>
  </testsuite>
  <testsuite name="ard_hedgesg" timestamp="2024-02-22T18:49:01Z" hostname="d93e1f4d77ca" tests="4" skipped="1" failures="0" errors="0" time="0.185">
    <testcase time="0.183" classname="character(0)" name="ard_hedgesg_works"/>
    <testcase time="0.00099999999999989" classname="character(0)" name="ard_hedgesg_works"/>
    <testcase time="0" classname="character(0)" name="ard_hedgesg_works"/>
    <testcase time="0.00099999999999989" classname="character(0)" name="ard_hedgesg_works">
      <skipped message="Reason: On CRAN ('test-ard_hedgesg.R:23:3')"/>
    </testcase>
  </testsuite>
  <testsuite name="ard_hedgesg" timestamp="2024-02-22T18:49:01Z" hostname="d93e1f4d77ca" tests="4" skipped="1" failures="0" errors="0" time="0.013">
    <testcase time="0.012" classname="character(0)" name="ard_paired_hedgesg_works"/>
    <testcase time="0" classname="character(0)" name="ard_paired_hedgesg_works"/>
    <testcase time="0.00099999999999989" classname="character(0)" name="ard_paired_hedgesg_works"/>
    <testcase time="0" classname="character(0)" name="ard_paired_hedgesg_works">
      <skipped message="Reason: On CRAN ('test-ard_hedgesg.R:69:3')"/>
    </testcase>
  </testsuite>
  <testsuite name="ard_mcnemartest" timestamp="2024-02-22T18:49:01Z" hostname="d93e1f4d77ca" tests="4" skipped="0" failures="0" errors="0" time="0.018">
    <testcase time="0.016" classname="character(0)" name="ard_mcnemartest_works"/>
    <testcase time="0.00099999999999989" classname="character(0)" name="ard_mcnemartest_works"/>
    <testcase time="0" classname="character(0)" name="ard_mcnemartest_works"/>
    <testcase time="0.00100000000000033" classname="character(0)" name="ard_mcnemartest_works"/>
  </testsuite>
  <testsuite name="ard_moodtest" timestamp="2024-02-22T18:49:02Z" hostname="d93e1f4d77ca" tests="3" skipped="1" failures="0" errors="0" time="0.118">
    <testcase time="0.116" classname="character(0)" name="ard_moodtest_works"/>
    <testcase time="0.00100000000000033" classname="character(0)" name="ard_moodtest_works"/>
    <testcase time="0.00099999999999989" classname="character(0)" name="ard_moodtest_works">
      <skipped message="Reason: On CRAN ('test-ard_moodtest.R:20:3')"/>
    </testcase>
  </testsuite>
  <testsuite name="ard_proportion_ci" timestamp="2024-02-22T18:49:02Z" hostname="d93e1f4d77ca" tests="1" skipped="0" failures="0" errors="0" time="0.309">
    <testcase time="0.309" classname="character(0)" name="ard_proportion_ci_works"/>
  </testsuite>
  <testsuite name="ard_proportion_ci" timestamp="2024-02-22T18:49:02Z" hostname="d93e1f4d77ca" tests="2" skipped="1" failures="0" errors="0" time="0.003">
    <testcase time="0.00299999999999967" classname="character(0)" name="ard_proportion_ci_method_strat_wilson_works"/>
    <testcase time="0" classname="character(0)" name="ard_proportion_ci_method_strat_wilson_works">
      <skipped message="Reason: On CRAN ('test-ard_proportion_ci.R:50:3')"/>
    </testcase>
  </testsuite>
  <testsuite name="ard_ttest" timestamp="2024-02-22T18:49:02Z" hostname="d93e1f4d77ca" tests="3" skipped="1" failures="0" errors="0" time="0.295">
    <testcase time="0.294" classname="character(0)" name="ard_ttest_works"/>
    <testcase time="0" classname="character(0)" name="ard_ttest_works"/>
    <testcase time="0.00100000000000033" classname="character(0)" name="ard_ttest_works">
      <skipped message="Reason: On CRAN ('test-ard_ttest.R:25:3')"/>
    </testcase>
  </testsuite>
  <testsuite name="ard_ttest" timestamp="2024-02-22T18:49:02Z" hostname="d93e1f4d77ca" tests="3" skipped="1" failures="0" errors="0" time="0.02">
    <testcase time="0.0179999999999998" classname="character(0)" name="ard_paired_ttest_works"/>
    <testcase time="0.00099999999999989" classname="character(0)" name="ard_paired_ttest_works"/>
    <testcase time="0.00099999999999989" classname="character(0)" name="ard_paired_ttest_works">
      <skipped message="Reason: On CRAN ('test-ard_ttest.R:70:3')"/>
    </testcase>
  </testsuite>
  <testsuite name="ard_regression" timestamp="2024-02-22T18:49:02Z" hostname="d93e1f4d77ca" tests="1" skipped="1" failures="0" errors="0" time="0.201">
    <testcase time="0.201000000000001" classname="character(0)" name="ard_regression_works">
      <skipped message="Reason: On CRAN ('test-ard_regression.R:2:3')"/>
    </testcase>
  </testsuite>
  <testsuite name="proportion_ci" timestamp="2024-02-22T18:49:02Z" hostname="d93e1f4d77ca" tests="1" skipped="1" failures="0" errors="0" time="0.136">
    <testcase time="0.136" classname="character(0)" name="check_the_proportion_ci__functions_work">
      <skipped message="Reason: On CRAN ('test-proportion_ci.R:10:3')"/>
    </testcase>
  </testsuite>
  <testsuite name="proportion_ci" timestamp="2024-02-22T18:49:03Z" hostname="d93e1f4d77ca" tests="1" skipped="1" failures="0" errors="0" time="0.01">
    <testcase time="0.00999999999999979" classname="character(0)" name="check_the_proportion_ci_strat_wilson_function_works">
      <skipped message="Reason: On CRAN ('test-proportion_ci.R:136:3')"/>
    </testcase>
  </testsuite>
  <testsuite name="ard_wilcoxtest" timestamp="2024-02-22T18:49:03Z" hostname="d93e1f4d77ca" tests="3" skipped="0" failures="0" errors="0" time="0.015">
    <testcase time="0.0140000000000002" classname="character(0)" name="ard_wilcoxtest_works"/>
    <testcase time="0" classname="character(0)" name="ard_wilcoxtest_works"/>
    <testcase time="0.00100000000000033" classname="character(0)" name="ard_wilcoxtest_works"/>
  </testsuite>
  <testsuite name="ard_wilcoxtest" timestamp="2024-02-22T18:49:03Z" hostname="d93e1f4d77ca" tests="3" skipped="0" failures="0" errors="0" time="0.002">
    <testcase time="0.000999999999999446" classname="character(0)" name="ard_paired_wilcoxtest_works"/>
    <testcase time="0" classname="character(0)" name="ard_paired_wilcoxtest_works"/>
    <testcase time="0.00100000000000033" classname="character(0)" name="ard_paired_wilcoxtest_works"/>
  </testsuite>
</testsuites>
