<?xml version="1.0" encoding="UTF-8"?>
<testsuites>
  <testsuite name="ard_chisqtest" timestamp="2024-03-01T23:27:27Z" hostname="9f1e4e21472f" tests="2" skipped="0" failures="0" errors="0" time="0.878">
    <testcase time="0.861" classname="character(0)" name="ard_chisqtest_works"/>
    <testcase time="0.0169999999999999" classname="character(0)" name="ard_chisqtest_works"/>
  </testsuite>
  <testsuite name="ard_chisqtest" timestamp="2024-03-01T23:27:27Z" hostname="9f1e4e21472f" tests="1" skipped="1" failures="0" errors="0" time="0.006">
    <testcase time="0.00600000000000001" classname="character(0)" name="shuffle_ard_fills_missing_group_levels_if_the_group_is_meaningful">
      <skipped message="Reason: On CRAN ('test-ard_chisqtest.R:23:3')"/>
    </testcase>
  </testsuite>
  <testsuite name="ard_fishertest" timestamp="2024-03-01T23:27:28Z" hostname="9f1e4e21472f" tests="2" skipped="0" failures="0" errors="0" time="0.107">
    <testcase time="0.106" classname="character(0)" name="ard_fishertest_works"/>
    <testcase time="0.00099999999999989" classname="character(0)" name="ard_fishertest_works"/>
  </testsuite>
  <testsuite name="ard_cohensd" timestamp="2024-03-01T23:27:28Z" hostname="9f1e4e21472f" tests="3" skipped="1" failures="0" errors="0" time="0.856">
    <testcase time="0.855" classname="character(0)" name="ard_cohensd_works"/>
    <testcase time="0.00099999999999989" classname="character(0)" name="ard_cohensd_works"/>
    <testcase time="0" classname="character(0)" name="ard_cohensd_works">
      <skipped message="Reason: On CRAN ('test-ard_cohensd.R:23:3')"/>
    </testcase>
  </testsuite>
  <testsuite name="ard_cohensd" timestamp="2024-03-01T23:27:28Z" hostname="9f1e4e21472f" tests="3" skipped="1" failures="0" errors="0" time="0.022">
    <testcase time="0.0209999999999999" classname="character(0)" name="ard_paired_cohensd_works"/>
    <testcase time="0.00099999999999989" classname="character(0)" name="ard_paired_cohensd_works"/>
    <testcase time="0" classname="character(0)" name="ard_paired_cohensd_works">
      <skipped message="Reason: On CRAN ('test-ard_cohensd.R:69:3')"/>
    </testcase>
  </testsuite>
  <testsuite name="ard_kruskaltest" timestamp="2024-03-01T23:27:29Z" hostname="9f1e4e21472f" tests="3" skipped="1" failures="0" errors="0" time="0.185">
    <testcase time="0.183" classname="character(0)" name="ard_kurskaltest_works"/>
    <testcase time="0.00099999999999989" classname="character(0)" name="ard_kurskaltest_works"/>
    <testcase time="0.00099999999999989" classname="character(0)" name="ard_kurskaltest_works">
      <skipped message="Reason: On CRAN ('test-ard_kruskaltest.R:20:3')"/>
    </testcase>
  </testsuite>
  <testsuite name="ard_hedgesg" timestamp="2024-03-01T23:27:29Z" hostname="9f1e4e21472f" tests="3" skipped="1" failures="0" errors="0" time="0.224">
    <testcase time="0.223" classname="character(0)" name="ard_hedgesg_works"/>
    <testcase time="0" classname="character(0)" name="ard_hedgesg_works"/>
    <testcase time="0.00099999999999989" classname="character(0)" name="ard_hedgesg_works">
      <skipped message="Reason: On CRAN ('test-ard_hedgesg.R:23:3')"/>
    </testcase>
  </testsuite>
  <testsuite name="ard_hedgesg" timestamp="2024-03-01T23:27:29Z" hostname="9f1e4e21472f" tests="3" skipped="1" failures="0" errors="0" time="0.01">
    <testcase time="0.00999999999999979" classname="character(0)" name="ard_paired_hedgesg_works"/>
    <testcase time="0" classname="character(0)" name="ard_paired_hedgesg_works"/>
    <testcase time="0" classname="character(0)" name="ard_paired_hedgesg_works">
      <skipped message="Reason: On CRAN ('test-ard_hedgesg.R:69:3')"/>
    </testcase>
  </testsuite>
  <testsuite name="ard_mcnemartest" timestamp="2024-03-01T23:27:29Z" hostname="9f1e4e21472f" tests="4" skipped="0" failures="0" errors="0" time="0.093">
    <testcase time="0.0899999999999999" classname="character(0)" name="ard_mcnemartest_works"/>
    <testcase time="0.00099999999999989" classname="character(0)" name="ard_mcnemartest_works"/>
    <testcase time="0.00099999999999989" classname="character(0)" name="ard_mcnemartest_works"/>
    <testcase time="0.00100000000000033" classname="character(0)" name="ard_mcnemartest_works"/>
  </testsuite>
  <testsuite name="ard_moodtest" timestamp="2024-03-01T23:27:29Z" hostname="9f1e4e21472f" tests="3" skipped="1" failures="0" errors="0" time="0.048">
    <testcase time="0.0469999999999997" classname="character(0)" name="ard_moodtest_works"/>
    <testcase time="0" classname="character(0)" name="ard_moodtest_works"/>
    <testcase time="0.00100000000000033" classname="character(0)" name="ard_moodtest_works">
      <skipped message="Reason: On CRAN ('test-ard_moodtest.R:20:3')"/>
    </testcase>
  </testsuite>
  <testsuite name="ard_proportion_ci" timestamp="2024-03-01T23:27:29Z" hostname="9f1e4e21472f" tests="1" skipped="0" failures="0" errors="0" time="0.407">
    <testcase time="0.407" classname="character(0)" name="ard_proportion_ci_works"/>
  </testsuite>
  <testsuite name="ard_proportion_ci" timestamp="2024-03-01T23:27:29Z" hostname="9f1e4e21472f" tests="2" skipped="1" failures="0" errors="0" time="0.001">
    <testcase time="0.00099999999999989" classname="character(0)" name="ard_proportion_ci_method_strat_wilson_works"/>
    <testcase time="0" classname="character(0)" name="ard_proportion_ci_method_strat_wilson_works">
      <skipped message="Reason: On CRAN ('test-ard_proportion_ci.R:50:3')"/>
    </testcase>
  </testsuite>
  <testsuite name="ard_regression" timestamp="2024-03-01T23:27:30Z" hostname="9f1e4e21472f" tests="1" skipped="1" failures="0" errors="0" time="0.368">
    <testcase time="0.368" classname="character(0)" name="ard_regression_works">
      <skipped message="Reason: On CRAN ('test-ard_regression.R:2:3')"/>
    </testcase>
  </testsuite>
  <testsuite name="ard_regression_basic" timestamp="2024-03-01T23:27:30Z" hostname="9f1e4e21472f" tests="2" skipped="1" failures="0" errors="0" time="0.056">
    <testcase time="0.056" classname="character(0)" name="ard_regression_basic_works"/>
    <testcase time="0" classname="character(0)" name="ard_regression_basic_works">
      <skipped message="Reason: On CRAN ('test-ard_regression_basic.R:8:3')"/>
    </testcase>
  </testsuite>
  <testsuite name="ard_ttest" timestamp="2024-03-01T23:27:30Z" hostname="9f1e4e21472f" tests="3" skipped="1" failures="0" errors="0" time="0.241">
    <testcase time="0.239" classname="character(0)" name="ard_ttest_works"/>
    <testcase time="0.00100000000000033" classname="character(0)" name="ard_ttest_works"/>
    <testcase time="0.000999999999999446" classname="character(0)" name="ard_ttest_works">
      <skipped message="Reason: On CRAN ('test-ard_ttest.R:25:3')"/>
    </testcase>
  </testsuite>
  <testsuite name="ard_ttest" timestamp="2024-03-01T23:27:30Z" hostname="9f1e4e21472f" tests="3" skipped="1" failures="0" errors="0" time="0.019">
    <testcase time="0.0180000000000007" classname="character(0)" name="ard_paired_ttest_works"/>
    <testcase time="0" classname="character(0)" name="ard_paired_ttest_works"/>
    <testcase time="0.000999999999999446" classname="character(0)" name="ard_paired_ttest_works">
      <skipped message="Reason: On CRAN ('test-ard_ttest.R:70:3')"/>
    </testcase>
  </testsuite>
  <testsuite name="ard_wilcoxtest" timestamp="2024-03-01T23:27:30Z" hostname="9f1e4e21472f" tests="3" skipped="0" failures="0" errors="0" time="0.072">
    <testcase time="0.0700000000000003" classname="character(0)" name="ard_wilcoxtest_works"/>
    <testcase time="0.00100000000000033" classname="character(0)" name="ard_wilcoxtest_works"/>
    <testcase time="0.000999999999999446" classname="character(0)" name="ard_wilcoxtest_works"/>
  </testsuite>
  <testsuite name="ard_wilcoxtest" timestamp="2024-03-01T23:27:30Z" hostname="9f1e4e21472f" tests="3" skipped="0" failures="0" errors="0" time="0.004">
    <testcase time="0.00199999999999978" classname="character(0)" name="ard_paired_wilcoxtest_works"/>
    <testcase time="0.00100000000000033" classname="character(0)" name="ard_paired_wilcoxtest_works"/>
    <testcase time="0.00100000000000033" classname="character(0)" name="ard_paired_wilcoxtest_works"/>
  </testsuite>
  <testsuite name="proportion_ci" timestamp="2024-03-01T23:27:30Z" hostname="9f1e4e21472f" tests="1" skipped="1" failures="0" errors="0" time="0.045">
    <testcase time="0.0449999999999999" classname="character(0)" name="check_the_proportion_ci__functions_work">
      <skipped message="Reason: On CRAN ('test-proportion_ci.R:10:3')"/>
    </testcase>
  </testsuite>
  <testsuite name="proportion_ci" timestamp="2024-03-01T23:27:30Z" hostname="9f1e4e21472f" tests="1" skipped="1" failures="0" errors="0" time="0.01">
    <testcase time="0.00999999999999979" classname="character(0)" name="check_the_proportion_ci_strat_wilson_function_works">
      <skipped message="Reason: On CRAN ('test-proportion_ci.R:136:3')"/>
    </testcase>
  </testsuite>
</testsuites>
