<?xml version="1.0" encoding="UTF-8"?>
<testsuites>
  <testsuite name="ard_chisqtest" timestamp="2024-03-02T04:06:31Z" hostname="80aec7dcd7d1" tests="2" skipped="0" failures="0" errors="0" time="0.957">
    <testcase time="0.927" classname="character(0)" name="ard_chisqtest_works"/>
    <testcase time="0.03" classname="character(0)" name="ard_chisqtest_works"/>
  </testsuite>
  <testsuite name="ard_chisqtest" timestamp="2024-03-02T04:06:31Z" hostname="80aec7dcd7d1" tests="1" skipped="1" failures="0" errors="0" time="0.007">
    <testcase time="0.0069999999999999" classname="character(0)" name="shuffle_ard_fills_missing_group_levels_if_the_group_is_meaningful">
      <skipped message="Reason: On CRAN ('test-ard_chisqtest.R:23:3')"/>
    </testcase>
  </testsuite>
  <testsuite name="ard_fishertest" timestamp="2024-03-02T04:06:31Z" hostname="80aec7dcd7d1" tests="2" skipped="0" failures="0" errors="0" time="0.112">
    <testcase time="0.111" classname="character(0)" name="ard_fishertest_works"/>
    <testcase time="0.00099999999999989" classname="character(0)" name="ard_fishertest_works"/>
  </testsuite>
  <testsuite name="ard_cohensd" timestamp="2024-03-02T04:06:32Z" hostname="80aec7dcd7d1" tests="3" skipped="1" failures="0" errors="0" time="1.145">
    <testcase time="1.144" classname="character(0)" name="ard_cohensd_works"/>
    <testcase time="0" classname="character(0)" name="ard_cohensd_works"/>
    <testcase time="0.00100000000000033" classname="character(0)" name="ard_cohensd_works">
      <skipped message="Reason: On CRAN ('test-ard_cohensd.R:27:3')"/>
    </testcase>
  </testsuite>
  <testsuite name="ard_cohensd" timestamp="2024-03-02T04:06:32Z" hostname="80aec7dcd7d1" tests="3" skipped="1" failures="0" errors="0" time="0.032">
    <testcase time="0.0299999999999998" classname="character(0)" name="ard_paired_cohensd_works"/>
    <testcase time="0.00099999999999989" classname="character(0)" name="ard_paired_cohensd_works"/>
    <testcase time="0.00100000000000033" classname="character(0)" name="ard_paired_cohensd_works">
      <skipped message="Reason: On CRAN ('test-ard_cohensd.R:73:3')"/>
    </testcase>
  </testsuite>
  <testsuite name="ard_hedgesg" timestamp="2024-03-02T04:06:33Z" hostname="80aec7dcd7d1" tests="3" skipped="1" failures="0" errors="0" time="0.198">
    <testcase time="0.196" classname="character(0)" name="ard_hedgesg_works"/>
    <testcase time="0.00099999999999989" classname="character(0)" name="ard_hedgesg_works"/>
    <testcase time="0.00100000000000033" classname="character(0)" name="ard_hedgesg_works">
      <skipped message="Reason: On CRAN ('test-ard_hedgesg.R:26:3')"/>
    </testcase>
  </testsuite>
  <testsuite name="ard_hedgesg" timestamp="2024-03-02T04:06:33Z" hostname="80aec7dcd7d1" tests="3" skipped="1" failures="0" errors="0" time="0.019">
    <testcase time="0.0179999999999998" classname="character(0)" name="ard_paired_hedgesg_works"/>
    <testcase time="0" classname="character(0)" name="ard_paired_hedgesg_works"/>
    <testcase time="0.00099999999999989" classname="character(0)" name="ard_paired_hedgesg_works">
      <skipped message="Reason: On CRAN ('test-ard_hedgesg.R:72:3')"/>
    </testcase>
  </testsuite>
  <testsuite name="ard_kruskaltest" timestamp="2024-03-02T04:06:33Z" hostname="80aec7dcd7d1" tests="3" skipped="1" failures="0" errors="0" time="0.017">
    <testcase time="0.016" classname="character(0)" name="ard_kurskaltest_works"/>
    <testcase time="0" classname="character(0)" name="ard_kurskaltest_works"/>
    <testcase time="0.00100000000000033" classname="character(0)" name="ard_kurskaltest_works">
      <skipped message="Reason: On CRAN ('test-ard_kruskaltest.R:20:3')"/>
    </testcase>
  </testsuite>
  <testsuite name="ard_moodtest" timestamp="2024-03-02T04:06:33Z" hostname="80aec7dcd7d1" tests="3" skipped="1" failures="0" errors="0" time="0.146">
    <testcase time="0.145" classname="character(0)" name="ard_moodtest_works"/>
    <testcase time="0.00099999999999989" classname="character(0)" name="ard_moodtest_works"/>
    <testcase time="0" classname="character(0)" name="ard_moodtest_works">
      <skipped message="Reason: On CRAN ('test-ard_moodtest.R:20:3')"/>
    </testcase>
  </testsuite>
  <testsuite name="ard_mcnemartest" timestamp="2024-03-02T04:06:33Z" hostname="80aec7dcd7d1" tests="4" skipped="0" failures="0" errors="0" time="0.038">
    <testcase time="0.0350000000000001" classname="character(0)" name="ard_mcnemartest_works"/>
    <testcase time="0.00099999999999989" classname="character(0)" name="ard_mcnemartest_works"/>
    <testcase time="0.00099999999999989" classname="character(0)" name="ard_mcnemartest_works"/>
    <testcase time="0.00099999999999989" classname="character(0)" name="ard_mcnemartest_works"/>
  </testsuite>
  <testsuite name="ard_proportion_ci" timestamp="2024-03-02T04:06:33Z" hostname="80aec7dcd7d1" tests="1" skipped="0" failures="0" errors="0" time="0.412">
    <testcase time="0.412" classname="character(0)" name="ard_proportion_ci_works"/>
  </testsuite>
  <testsuite name="ard_proportion_ci" timestamp="2024-03-02T04:06:33Z" hostname="80aec7dcd7d1" tests="2" skipped="1" failures="0" errors="0" time="0.002">
    <testcase time="0.00200000000000022" classname="character(0)" name="ard_proportion_ci_method_strat_wilson_works"/>
    <testcase time="0" classname="character(0)" name="ard_proportion_ci_method_strat_wilson_works">
      <skipped message="Reason: On CRAN ('test-ard_proportion_ci.R:50:3')"/>
    </testcase>
  </testsuite>
  <testsuite name="ard_regression" timestamp="2024-03-02T04:06:34Z" hostname="80aec7dcd7d1" tests="1" skipped="1" failures="0" errors="0" time="0.401">
    <testcase time="0.401" classname="character(0)" name="ard_regression_works">
      <skipped message="Reason: On CRAN ('test-ard_regression.R:2:3')"/>
    </testcase>
  </testsuite>
  <testsuite name="ard_regression_basic" timestamp="2024-03-02T04:06:34Z" hostname="80aec7dcd7d1" tests="2" skipped="1" failures="0" errors="0" time="0.071">
    <testcase time="0.0710000000000006" classname="character(0)" name="ard_regression_basic_works"/>
    <testcase time="0" classname="character(0)" name="ard_regression_basic_works">
      <skipped message="Reason: On CRAN ('test-ard_regression_basic.R:8:3')"/>
    </testcase>
  </testsuite>
  <testsuite name="ard_ttest" timestamp="2024-03-02T04:06:34Z" hostname="80aec7dcd7d1" tests="3" skipped="1" failures="0" errors="0" time="0.24">
    <testcase time="0.238" classname="character(0)" name="ard_ttest_works"/>
    <testcase time="0.000999999999999446" classname="character(0)" name="ard_ttest_works"/>
    <testcase time="0.00100000000000033" classname="character(0)" name="ard_ttest_works">
      <skipped message="Reason: On CRAN ('test-ard_ttest.R:25:3')"/>
    </testcase>
  </testsuite>
  <testsuite name="ard_ttest" timestamp="2024-03-02T04:06:34Z" hostname="80aec7dcd7d1" tests="3" skipped="1" failures="0" errors="0" time="0.02">
    <testcase time="0.0179999999999998" classname="character(0)" name="ard_paired_ttest_works"/>
    <testcase time="0.00100000000000033" classname="character(0)" name="ard_paired_ttest_works"/>
    <testcase time="0.000999999999999446" classname="character(0)" name="ard_paired_ttest_works">
      <skipped message="Reason: On CRAN ('test-ard_ttest.R:70:3')"/>
    </testcase>
  </testsuite>
  <testsuite name="ard_wilcoxtest" timestamp="2024-03-02T04:06:34Z" hostname="80aec7dcd7d1" tests="3" skipped="0" failures="0" errors="0" time="0.095">
    <testcase time="0.093" classname="character(0)" name="ard_wilcoxtest_works"/>
    <testcase time="0.00100000000000033" classname="character(0)" name="ard_wilcoxtest_works"/>
    <testcase time="0.00100000000000033" classname="character(0)" name="ard_wilcoxtest_works"/>
  </testsuite>
  <testsuite name="ard_wilcoxtest" timestamp="2024-03-02T04:06:34Z" hostname="80aec7dcd7d1" tests="3" skipped="0" failures="0" errors="0" time="0.004">
    <testcase time="0.00199999999999978" classname="character(0)" name="ard_paired_wilcoxtest_works"/>
    <testcase time="0.00100000000000033" classname="character(0)" name="ard_paired_wilcoxtest_works"/>
    <testcase time="0.000999999999999446" classname="character(0)" name="ard_paired_wilcoxtest_works"/>
  </testsuite>
  <testsuite name="proportion_ci" timestamp="2024-03-02T04:06:34Z" hostname="80aec7dcd7d1" tests="1" skipped="1" failures="0" errors="0" time="0.029">
    <testcase time="0.0289999999999999" classname="character(0)" name="check_the_proportion_ci__functions_work">
      <skipped message="Reason: On CRAN ('test-proportion_ci.R:10:3')"/>
    </testcase>
  </testsuite>
  <testsuite name="proportion_ci" timestamp="2024-03-02T04:06:34Z" hostname="80aec7dcd7d1" tests="1" skipped="1" failures="0" errors="0" time="0.01">
    <testcase time="0.0100000000000007" classname="character(0)" name="check_the_proportion_ci_strat_wilson_function_works">
      <skipped message="Reason: On CRAN ('test-proportion_ci.R:136:3')"/>
    </testcase>
  </testsuite>
</testsuites>
