<?xml version="1.0" encoding="UTF-8"?>
<testsuites>
  <testsuite name="ard_chisqtest" timestamp="2024-02-22T15:02:12Z" hostname="724ca207a280" tests="2" skipped="0" failures="0" errors="0" time="0.933">
    <testcase time="0.914" classname="character(0)" name="ard_chisqtest_works"/>
    <testcase time="0.0189999999999999" classname="character(0)" name="ard_chisqtest_works"/>
  </testsuite>
  <testsuite name="ard_chisqtest" timestamp="2024-02-22T15:02:12Z" hostname="724ca207a280" tests="1" skipped="1" failures="0" errors="0" time="0.008">
    <testcase time="0.00800000000000001" classname="character(0)" name="shuffle_ard_fills_missing_group_levels_if_the_group_is_meaningful">
      <skipped message="Reason: On CRAN ('test-ard_chisqtest.R:23:3')"/>
    </testcase>
  </testsuite>
  <testsuite name="ard_fishertest" timestamp="2024-02-22T15:02:12Z" hostname="724ca207a280" tests="2" skipped="0" failures="0" errors="0" time="0.111">
    <testcase time="0.11" classname="character(0)" name="ard_fishertest_works"/>
    <testcase time="0.00099999999999989" classname="character(0)" name="ard_fishertest_works"/>
  </testsuite>
  <testsuite name="ard_cohensd" timestamp="2024-02-22T15:02:13Z" hostname="724ca207a280" tests="3" skipped="1" failures="0" errors="0" time="1.018">
    <testcase time="1.017" classname="character(0)" name="ard_cohensd_works"/>
    <testcase time="0.00100000000000033" classname="character(0)" name="ard_cohensd_works"/>
    <testcase time="0" classname="character(0)" name="ard_cohensd_works">
      <skipped message="Reason: On CRAN ('test-ard_cohensd.R:23:3')"/>
    </testcase>
  </testsuite>
  <testsuite name="ard_cohensd" timestamp="2024-02-22T15:02:13Z" hostname="724ca207a280" tests="3" skipped="1" failures="0" errors="0" time="0.023">
    <testcase time="0.0219999999999998" classname="character(0)" name="ard_paired_cohensd_works"/>
    <testcase time="0" classname="character(0)" name="ard_paired_cohensd_works"/>
    <testcase time="0.00099999999999989" classname="character(0)" name="ard_paired_cohensd_works">
      <skipped message="Reason: On CRAN ('test-ard_cohensd.R:69:3')"/>
    </testcase>
  </testsuite>
  <testsuite name="ard_kruskaltest" timestamp="2024-02-22T15:02:13Z" hostname="724ca207a280" tests="3" skipped="1" failures="0" errors="0" time="0.163">
    <testcase time="0.162" classname="character(0)" name="ard_kurskaltest_works"/>
    <testcase time="0" classname="character(0)" name="ard_kurskaltest_works"/>
    <testcase time="0.00100000000000033" classname="character(0)" name="ard_kurskaltest_works">
      <skipped message="Reason: On CRAN ('test-ard_kruskaltest.R:20:3')"/>
    </testcase>
  </testsuite>
  <testsuite name="ard_hedgesg" timestamp="2024-02-22T15:02:13Z" hostname="724ca207a280" tests="3" skipped="1" failures="0" errors="0" time="0.055">
    <testcase time="0.0529999999999999" classname="character(0)" name="ard_hedgesg_works"/>
    <testcase time="0.00099999999999989" classname="character(0)" name="ard_hedgesg_works"/>
    <testcase time="0.00099999999999989" classname="character(0)" name="ard_hedgesg_works">
      <skipped message="Reason: On CRAN ('test-ard_hedgesg.R:23:3')"/>
    </testcase>
  </testsuite>
  <testsuite name="ard_hedgesg" timestamp="2024-02-22T15:02:13Z" hostname="724ca207a280" tests="3" skipped="1" failures="0" errors="0" time="0.018">
    <testcase time="0.0170000000000003" classname="character(0)" name="ard_paired_hedgesg_works"/>
    <testcase time="0.00099999999999989" classname="character(0)" name="ard_paired_hedgesg_works"/>
    <testcase time="0" classname="character(0)" name="ard_paired_hedgesg_works">
      <skipped message="Reason: On CRAN ('test-ard_hedgesg.R:69:3')"/>
    </testcase>
  </testsuite>
  <testsuite name="ard_mcnemartest" timestamp="2024-02-22T15:02:13Z" hostname="724ca207a280" tests="4" skipped="0" failures="0" errors="0" time="0.141">
    <testcase time="0.139" classname="character(0)" name="ard_mcnemartest_works"/>
    <testcase time="0.00100000000000033" classname="character(0)" name="ard_mcnemartest_works"/>
    <testcase time="0" classname="character(0)" name="ard_mcnemartest_works"/>
    <testcase time="0.00099999999999989" classname="character(0)" name="ard_mcnemartest_works"/>
  </testsuite>
  <testsuite name="ard_moodtest" timestamp="2024-02-22T15:02:13Z" hostname="724ca207a280" tests="3" skipped="1" failures="0" errors="0" time="0.009">
    <testcase time="0.00800000000000001" classname="character(0)" name="ard_moodtest_works"/>
    <testcase time="0.00099999999999989" classname="character(0)" name="ard_moodtest_works"/>
    <testcase time="0" classname="character(0)" name="ard_moodtest_works">
      <skipped message="Reason: On CRAN ('test-ard_moodtest.R:20:3')"/>
    </testcase>
  </testsuite>
  <testsuite name="ard_proportion_ci" timestamp="2024-02-22T15:02:13Z" hostname="724ca207a280" tests="1" skipped="0" failures="0" errors="0" time="0.419">
    <testcase time="0.419" classname="character(0)" name="ard_proportion_ci_works"/>
  </testsuite>
  <testsuite name="ard_proportion_ci" timestamp="2024-02-22T15:02:13Z" hostname="724ca207a280" tests="2" skipped="1" failures="0" errors="0" time="0.003">
    <testcase time="0.00199999999999978" classname="character(0)" name="ard_proportion_ci_method_strat_wilson_works"/>
    <testcase time="0.00100000000000033" classname="character(0)" name="ard_proportion_ci_method_strat_wilson_works">
      <skipped message="Reason: On CRAN ('test-ard_proportion_ci.R:50:3')"/>
    </testcase>
  </testsuite>
  <testsuite name="ard_ttest" timestamp="2024-02-22T15:02:14Z" hostname="724ca207a280" tests="3" skipped="1" failures="0" errors="0" time="0.313">
    <testcase time="0.307" classname="character(0)" name="ard_ttest_works"/>
    <testcase time="0.00499999999999989" classname="character(0)" name="ard_ttest_works"/>
    <testcase time="0.00099999999999989" classname="character(0)" name="ard_ttest_works">
      <skipped message="Reason: On CRAN ('test-ard_ttest.R:25:3')"/>
    </testcase>
  </testsuite>
  <testsuite name="ard_ttest" timestamp="2024-02-22T15:02:14Z" hostname="724ca207a280" tests="3" skipped="1" failures="0" errors="0" time="0.021">
    <testcase time="0.0190000000000001" classname="character(0)" name="ard_paired_ttest_works"/>
    <testcase time="0.00099999999999989" classname="character(0)" name="ard_paired_ttest_works"/>
    <testcase time="0.00100000000000033" classname="character(0)" name="ard_paired_ttest_works">
      <skipped message="Reason: On CRAN ('test-ard_ttest.R:70:3')"/>
    </testcase>
  </testsuite>
  <testsuite name="ard_regression" timestamp="2024-02-22T15:02:14Z" hostname="724ca207a280" tests="1" skipped="1" failures="0" errors="0" time="0.103">
    <testcase time="0.103" classname="character(0)" name="ard_regression_works">
      <skipped message="Reason: On CRAN ('test-ard_regression.R:2:3')"/>
    </testcase>
  </testsuite>
  <testsuite name="proportion_ci" timestamp="2024-02-22T15:02:14Z" hostname="724ca207a280" tests="1" skipped="1" failures="0" errors="0" time="0.119">
    <testcase time="0.119" classname="character(0)" name="check_the_proportion_ci__functions_work">
      <skipped message="Reason: On CRAN ('test-proportion_ci.R:10:3')"/>
    </testcase>
  </testsuite>
  <testsuite name="proportion_ci" timestamp="2024-02-22T15:02:14Z" hostname="724ca207a280" tests="1" skipped="1" failures="0" errors="0" time="0.012">
    <testcase time="0.0119999999999996" classname="character(0)" name="check_the_proportion_ci_strat_wilson_function_works">
      <skipped message="Reason: On CRAN ('test-proportion_ci.R:136:3')"/>
    </testcase>
  </testsuite>
  <testsuite name="ard_wilcoxtest" timestamp="2024-02-22T15:02:14Z" hostname="724ca207a280" tests="3" skipped="0" failures="0" errors="0" time="0.101">
    <testcase time="0.100000000000001" classname="character(0)" name="ard_wilcoxtest_works"/>
    <testcase time="0" classname="character(0)" name="ard_wilcoxtest_works"/>
    <testcase time="0.000999999999999446" classname="character(0)" name="ard_wilcoxtest_works"/>
  </testsuite>
  <testsuite name="ard_wilcoxtest" timestamp="2024-02-22T15:02:14Z" hostname="724ca207a280" tests="3" skipped="0" failures="0" errors="0" time="0.002">
    <testcase time="0.00100000000000033" classname="character(0)" name="ard_paired_wilcoxtest_works"/>
    <testcase time="0.00100000000000033" classname="character(0)" name="ard_paired_wilcoxtest_works"/>
    <testcase time="0" classname="character(0)" name="ard_paired_wilcoxtest_works"/>
  </testsuite>
</testsuites>
