<?xml version="1.0" encoding="UTF-8"?>
<testsuites>
  <testsuite name="ard_cohensd" timestamp="2024-02-21T21:11:34Z" hostname="fb2589fcae5b" tests="4" skipped="0" failures="0" errors="1" time="0.852">
    <testcase time="0.818" classname="character(0)" name="ard_cohensd_works"/>
    <testcase time="0.028" classname="character(0)" name="ard_cohensd_works"/>
    <testcase time="0.00600000000000001" classname="character(0)" name="ard_cohensd_works"/>
    <testcase time="0" classname="character(0)" name="ard_cohensd_works">
      <error type="error" message="&lt;packageNotFoundError/error/condition&gt; ('test-ard_cohensd.R:10:3')">&lt;packageNotFoundError/error/condition&gt;
Error in `loadNamespace(x)`: there is no package called 'parameters'
Backtrace:
    ▆
 1. ├─testthat::expect_equal(...) at test-ard_cohensd.R:10:3
 2. │ └─testthat::quasi_label(enquo(expected), expected.label, arg = "expected")
 3. │   └─rlang::eval_bare(expr, quo_get_env(quo))
 4. ├─dplyr::select(...)
 5. └─base::loadNamespace(x)
 6.   └─base::withRestarts(stop(cond), retry_loadNamespace = function() NULL)
 7.     └─base (local) withOneRestart(expr, restarts[[1L]])
 8.       └─base (local) doWithOneRestart(return(expr), restart)</error>
    </testcase>
  </testsuite>
  <testsuite name="ard_cohensd" timestamp="2024-02-21T21:11:34Z" hostname="fb2589fcae5b" tests="4" skipped="0" failures="0" errors="1" time="0.035">
    <testcase time="0.034" classname="character(0)" name="ard_paired_cohensd_works"/>
    <testcase time="0" classname="character(0)" name="ard_paired_cohensd_works"/>
    <testcase time="0.00100000000000011" classname="character(0)" name="ard_paired_cohensd_works"/>
    <testcase time="0" classname="character(0)" name="ard_paired_cohensd_works">
      <error type="error" message="&lt;packageNotFoundError/error/condition&gt; ('test-ard_cohensd.R:47:3')">&lt;packageNotFoundError/error/condition&gt;
Error in `loadNamespace(x)`: there is no package called 'parameters'
Backtrace:
     ▆
  1. ├─testthat::expect_equal(...) at test-ard_cohensd.R:47:3
  2. │ └─testthat::quasi_label(enquo(expected), expected.label, arg = "expected")
  3. │   └─rlang::eval_bare(expr, quo_get_env(quo))
  4. ├─base::with(...)
  5. ├─base::with.default(...)
  6. │ └─base::eval(substitute(expr), data, enclos = parent.frame())
  7. │   └─base::eval(substitute(expr), data, enclos = parent.frame())
  8. │     └─dplyr::select(...)
  9. └─base::loadNamespace(x)
 10.   └─base::withRestarts(stop(cond), retry_loadNamespace = function() NULL)
 11.     └─base (local) withOneRestart(expr, restarts[[1L]])
 12.       └─base (local) doWithOneRestart(return(expr), restart)</error>
    </testcase>
  </testsuite>
  <testsuite name="ard_chisqtest" timestamp="2024-02-21T21:11:34Z" hostname="fb2589fcae5b" tests="2" skipped="0" failures="0" errors="0" time="0.053">
    <testcase time="0.0519999999999998" classname="character(0)" name="ard_chisqtest_works"/>
    <testcase time="0.00100000000000011" classname="character(0)" name="ard_chisqtest_works"/>
  </testsuite>
  <testsuite name="ard_chisqtest" timestamp="2024-02-21T21:11:34Z" hostname="fb2589fcae5b" tests="1" skipped="1" failures="0" errors="0" time="0.001">
    <testcase time="0.00099999999999989" classname="character(0)" name="shuffle_ard_fills_missing_group_levels_if_the_group_is_meaningful">
      <skipped message="Reason: On CRAN ('test-ard_chisqtest.R:23:3')"/>
    </testcase>
  </testsuite>
  <testsuite name="ard_fishertest" timestamp="2024-02-21T21:11:34Z" hostname="fb2589fcae5b" tests="2" skipped="0" failures="0" errors="0" time="0.066">
    <testcase time="0.0650000000000002" classname="character(0)" name="ard_fishertest_works"/>
    <testcase time="0.00099999999999989" classname="character(0)" name="ard_fishertest_works"/>
  </testsuite>
  <testsuite name="ard_kruskaltest" timestamp="2024-02-21T21:11:34Z" hostname="fb2589fcae5b" tests="3" skipped="1" failures="0" errors="0" time="0.16">
    <testcase time="0.158" classname="character(0)" name="ard_kurskaltest_works"/>
    <testcase time="0.00099999999999989" classname="character(0)" name="ard_kurskaltest_works"/>
    <testcase time="0.00100000000000011" classname="character(0)" name="ard_kurskaltest_works">
      <skipped message="Reason: On CRAN ('test-ard_kruskaltest.R:20:3')"/>
    </testcase>
  </testsuite>
  <testsuite name="ard_hedgesg" timestamp="2024-02-21T21:11:34Z" hostname="fb2589fcae5b" tests="4" skipped="0" failures="0" errors="1" time="0.016">
    <testcase time="0.0139999999999998" classname="character(0)" name="ard_hedgesg_works"/>
    <testcase time="0.00100000000000011" classname="character(0)" name="ard_hedgesg_works"/>
    <testcase time="0" classname="character(0)" name="ard_hedgesg_works"/>
    <testcase time="0.00099999999999989" classname="character(0)" name="ard_hedgesg_works">
      <error type="error" message="&lt;packageNotFoundError/error/condition&gt; ('test-ard_hedgesg.R:10:3')">&lt;packageNotFoundError/error/condition&gt;
Error in `loadNamespace(x)`: there is no package called 'parameters'
Backtrace:
    ▆
 1. ├─testthat::expect_equal(...) at test-ard_hedgesg.R:10:3
 2. │ └─testthat::quasi_label(enquo(expected), expected.label, arg = "expected")
 3. │   └─rlang::eval_bare(expr, quo_get_env(quo))
 4. ├─dplyr::select(...)
 5. └─base::loadNamespace(x)
 6.   └─base::withRestarts(stop(cond), retry_loadNamespace = function() NULL)
 7.     └─base (local) withOneRestart(expr, restarts[[1L]])
 8.       └─base (local) doWithOneRestart(return(expr), restart)</error>
    </testcase>
  </testsuite>
  <testsuite name="ard_hedgesg" timestamp="2024-02-21T21:11:34Z" hostname="fb2589fcae5b" tests="4" skipped="0" failures="0" errors="1" time="0.02">
    <testcase time="0.018" classname="character(0)" name="ard_paired_hedgesg_works"/>
    <testcase time="0.00100000000000011" classname="character(0)" name="ard_paired_hedgesg_works"/>
    <testcase time="0" classname="character(0)" name="ard_paired_hedgesg_works"/>
    <testcase time="0.00099999999999989" classname="character(0)" name="ard_paired_hedgesg_works">
      <error type="error" message="&lt;packageNotFoundError/error/condition&gt; ('test-ard_hedgesg.R:47:3')">&lt;packageNotFoundError/error/condition&gt;
Error in `loadNamespace(x)`: there is no package called 'parameters'
Backtrace:
     ▆
  1. ├─testthat::expect_equal(...) at test-ard_hedgesg.R:47:3
  2. │ └─testthat::quasi_label(enquo(expected), expected.label, arg = "expected")
  3. │   └─rlang::eval_bare(expr, quo_get_env(quo))
  4. ├─base::with(...)
  5. ├─base::with.default(...)
  6. │ └─base::eval(substitute(expr), data, enclos = parent.frame())
  7. │   └─base::eval(substitute(expr), data, enclos = parent.frame())
  8. │     └─dplyr::select(...)
  9. └─base::loadNamespace(x)
 10.   └─base::withRestarts(stop(cond), retry_loadNamespace = function() NULL)
 11.     └─base (local) withOneRestart(expr, restarts[[1L]])
 12.       └─base (local) doWithOneRestart(return(expr), restart)</error>
    </testcase>
  </testsuite>
  <testsuite name="ard_moodtest" timestamp="2024-02-21T21:11:34Z" hostname="fb2589fcae5b" tests="3" skipped="1" failures="0" errors="0" time="0.145">
    <testcase time="0.144" classname="character(0)" name="ard_moodtest_works"/>
    <testcase time="0" classname="character(0)" name="ard_moodtest_works"/>
    <testcase time="0.00100000000000033" classname="character(0)" name="ard_moodtest_works">
      <skipped message="Reason: On CRAN ('test-ard_moodtest.R:20:3')"/>
    </testcase>
  </testsuite>
  <testsuite name="ard_mcnemartest" timestamp="2024-02-21T21:11:34Z" hostname="fb2589fcae5b" tests="4" skipped="0" failures="0" errors="0" time="0.021">
    <testcase time="0.0179999999999998" classname="character(0)" name="ard_mcnemartest_works"/>
    <testcase time="0.00099999999999989" classname="character(0)" name="ard_mcnemartest_works"/>
    <testcase time="0.00100000000000033" classname="character(0)" name="ard_mcnemartest_works"/>
    <testcase time="0.00099999999999989" classname="character(0)" name="ard_mcnemartest_works"/>
  </testsuite>
  <testsuite name="ard_proportion_ci" timestamp="2024-02-21T21:11:35Z" hostname="fb2589fcae5b" tests="1" skipped="0" failures="0" errors="0" time="0.433">
    <testcase time="0.433" classname="character(0)" name="ard_proportion_ci_works"/>
  </testsuite>
  <testsuite name="ard_proportion_ci" timestamp="2024-02-21T21:11:35Z" hostname="fb2589fcae5b" tests="2" skipped="1" failures="0" errors="0" time="0.002">
    <testcase time="0.00200000000000022" classname="character(0)" name="ard_proportion_ci_method_strat_wilson_works"/>
    <testcase time="0" classname="character(0)" name="ard_proportion_ci_method_strat_wilson_works">
      <skipped message="Reason: On CRAN ('test-ard_proportion_ci.R:50:3')"/>
    </testcase>
  </testsuite>
  <testsuite name="ard_ttest" timestamp="2024-02-21T21:11:35Z" hostname="fb2589fcae5b" tests="3" skipped="1" failures="0" errors="0" time="0.307">
    <testcase time="0.306" classname="character(0)" name="ard_ttest_works"/>
    <testcase time="0" classname="character(0)" name="ard_ttest_works"/>
    <testcase time="0.00099999999999989" classname="character(0)" name="ard_ttest_works">
      <skipped message="Reason: On CRAN ('test-ard_ttest.R:25:3')"/>
    </testcase>
  </testsuite>
  <testsuite name="ard_ttest" timestamp="2024-02-21T21:11:35Z" hostname="fb2589fcae5b" tests="3" skipped="1" failures="0" errors="0" time="0.013">
    <testcase time="0.012" classname="character(0)" name="ard_paired_ttest_works"/>
    <testcase time="0.00099999999999989" classname="character(0)" name="ard_paired_ttest_works"/>
    <testcase time="0" classname="character(0)" name="ard_paired_ttest_works">
      <skipped message="Reason: On CRAN ('test-ard_ttest.R:70:3')"/>
    </testcase>
  </testsuite>
  <testsuite name="ard_regression" timestamp="2024-02-21T21:11:35Z" hostname="fb2589fcae5b" tests="1" skipped="1" failures="0" errors="0" time="0.043">
    <testcase time="0.0430000000000001" classname="character(0)" name="ard_regression_works">
      <skipped message="Reason: On CRAN ('test-ard_regression.R:2:3')"/>
    </testcase>
  </testsuite>
  <testsuite name="proportion_ci" timestamp="2024-02-21T21:11:35Z" hostname="fb2589fcae5b" tests="1" skipped="1" failures="0" errors="0" time="0.122">
    <testcase time="0.122" classname="character(0)" name="check_the_proportion_ci__functions_work">
      <skipped message="Reason: On CRAN ('test-proportion_ci.R:10:3')"/>
    </testcase>
  </testsuite>
  <testsuite name="proportion_ci" timestamp="2024-02-21T21:11:35Z" hostname="fb2589fcae5b" tests="1" skipped="1" failures="0" errors="0" time="0.017">
    <testcase time="0.0169999999999999" classname="character(0)" name="check_the_proportion_ci_strat_wilson_function_works">
      <skipped message="Reason: On CRAN ('test-proportion_ci.R:136:3')"/>
    </testcase>
  </testsuite>
  <testsuite name="ard_wilcoxtest" timestamp="2024-02-21T21:11:35Z" hostname="fb2589fcae5b" tests="3" skipped="0" failures="0" errors="0" time="0.158">
    <testcase time="0.157" classname="character(0)" name="ard_wilcoxtest_works"/>
    <testcase time="0" classname="character(0)" name="ard_wilcoxtest_works"/>
    <testcase time="0.00099999999999989" classname="character(0)" name="ard_wilcoxtest_works"/>
  </testsuite>
  <testsuite name="ard_wilcoxtest" timestamp="2024-02-21T21:11:35Z" hostname="fb2589fcae5b" tests="3" skipped="0" failures="0" errors="0" time="0.002">
    <testcase time="0.00100000000000033" classname="character(0)" name="ard_paired_wilcoxtest_works"/>
    <testcase time="0.00099999999999989" classname="character(0)" name="ard_paired_wilcoxtest_works"/>
    <testcase time="0" classname="character(0)" name="ard_paired_wilcoxtest_works"/>
  </testsuite>
</testsuites>
