<?xml version="1.0" encoding="UTF-8"?>
<testsuites>
  <testsuite name="ard_chisqtest" timestamp="2024-03-08T04:27:21Z" hostname="90eb0c19ed80" tests="2" skipped="0" failures="0" errors="0" time="0.931">
    <testcase time="0.913" classname="character(0)" name="ard_chisqtest_works"/>
    <testcase time="0.018" classname="character(0)" name="ard_chisqtest_works"/>
  </testsuite>
  <testsuite name="ard_chisqtest" timestamp="2024-03-08T04:27:21Z" hostname="90eb0c19ed80" tests="1" skipped="1" failures="0" errors="0" time="0.008">
    <testcase time="0.00800000000000001" classname="character(0)" name="shuffle_ard_fills_missing_group_levels_if_the_group_is_meaningful">
      <skipped message="Reason: On CRAN ('test-ard_chisqtest.R:25:3')"/>
    </testcase>
  </testsuite>
  <testsuite name="ard_car_anova" timestamp="2024-03-08T04:27:22Z" hostname="90eb0c19ed80" tests="3" skipped="1" failures="0" errors="0" time="0.821">
    <testcase time="0.82" classname="character(0)" name="ard_car_anova_works"/>
    <testcase time="0.00099999999999989" classname="character(0)" name="ard_car_anova_works"/>
    <testcase time="0" classname="character(0)" name="ard_car_anova_works">
      <skipped message="Reason: On CRAN ('test-ard_car_anova.R:10:3')"/>
    </testcase>
  </testsuite>
  <testsuite name="ard_car_anova" timestamp="2024-03-08T04:27:22Z" hostname="90eb0c19ed80" tests="1" skipped="1" failures="0" errors="0" time="0.017">
    <testcase time="0.0170000000000003" classname="character(0)" name="ard_car_anova_messaging">
      <skipped message="Reason: On CRAN ('test-ard_car_anova.R:14:3')"/>
    </testcase>
  </testsuite>
  <testsuite name="ard_fishertest" timestamp="2024-03-08T04:27:22Z" hostname="90eb0c19ed80" tests="2" skipped="0" failures="0" errors="0" time="0.191">
    <testcase time="0.19" classname="character(0)" name="ard_fishertest_works"/>
    <testcase time="0.00099999999999989" classname="character(0)" name="ard_fishertest_works"/>
  </testsuite>
  <testsuite name="ard_cohens_d" timestamp="2024-03-08T04:27:23Z" hostname="90eb0c19ed80" tests="3" skipped="1" failures="0" errors="0" time="0.262">
    <testcase time="0.26" classname="character(0)" name="ard_cohens_d_works"/>
    <testcase time="0.00099999999999989" classname="character(0)" name="ard_cohens_d_works"/>
    <testcase time="0.00099999999999989" classname="character(0)" name="ard_cohens_d_works">
      <skipped message="Reason: On CRAN ('test-ard_cohens_d.R:26:3')"/>
    </testcase>
  </testsuite>
  <testsuite name="ard_cohens_d" timestamp="2024-03-08T04:27:23Z" hostname="90eb0c19ed80" tests="3" skipped="1" failures="0" errors="0" time="0.015">
    <testcase time="0.0150000000000001" classname="character(0)" name="ard_paired_cohens_d_works"/>
    <testcase time="0" classname="character(0)" name="ard_paired_cohens_d_works"/>
    <testcase time="0" classname="character(0)" name="ard_paired_cohens_d_works">
      <skipped message="Reason: On CRAN ('test-ard_cohens_d.R:72:3')"/>
    </testcase>
  </testsuite>
  <testsuite name="ard_hedges_g" timestamp="2024-03-08T04:27:23Z" hostname="90eb0c19ed80" tests="3" skipped="1" failures="0" errors="0" time="0.147">
    <testcase time="0.146" classname="character(0)" name="ard_hedges_g_works"/>
    <testcase time="0" classname="character(0)" name="ard_hedges_g_works"/>
    <testcase time="0.00099999999999989" classname="character(0)" name="ard_hedges_g_works">
      <skipped message="Reason: On CRAN ('test-ard_hedges_g.R:25:3')"/>
    </testcase>
  </testsuite>
  <testsuite name="ard_hedges_g" timestamp="2024-03-08T04:27:23Z" hostname="90eb0c19ed80" tests="3" skipped="1" failures="0" errors="0" time="0.015">
    <testcase time="0.0110000000000001" classname="character(0)" name="ard_paired_hedges_g_works"/>
    <testcase time="0" classname="character(0)" name="ard_paired_hedges_g_works"/>
    <testcase time="0.004" classname="character(0)" name="ard_paired_hedges_g_works">
      <skipped message="Reason: On CRAN ('test-ard_hedges_g.R:71:3')"/>
    </testcase>
  </testsuite>
  <testsuite name="ard_kruskaltest" timestamp="2024-03-08T04:27:23Z" hostname="90eb0c19ed80" tests="3" skipped="1" failures="0" errors="0" time="0.044">
    <testcase time="0.0430000000000001" classname="character(0)" name="ard_kurskaltest_works"/>
    <testcase time="0.00099999999999989" classname="character(0)" name="ard_kurskaltest_works"/>
    <testcase time="0" classname="character(0)" name="ard_kurskaltest_works">
      <skipped message="Reason: On CRAN ('test-ard_kruskaltest.R:22:3')"/>
    </testcase>
  </testsuite>
  <testsuite name="ard_mcnemartest" timestamp="2024-03-08T04:27:23Z" hostname="90eb0c19ed80" tests="4" skipped="0" failures="0" errors="0" time="0.193">
    <testcase time="0.191" classname="character(0)" name="ard_mcnemartest_works"/>
    <testcase time="0.00100000000000033" classname="character(0)" name="ard_mcnemartest_works"/>
    <testcase time="0" classname="character(0)" name="ard_mcnemartest_works"/>
    <testcase time="0.00099999999999989" classname="character(0)" name="ard_mcnemartest_works"/>
  </testsuite>
  <testsuite name="ard_moodtest" timestamp="2024-03-08T04:27:23Z" hostname="90eb0c19ed80" tests="3" skipped="1" failures="0" errors="0" time="0.01">
    <testcase time="0.00800000000000001" classname="character(0)" name="ard_moodtest_works"/>
    <testcase time="0.00099999999999989" classname="character(0)" name="ard_moodtest_works"/>
    <testcase time="0.00099999999999989" classname="character(0)" name="ard_moodtest_works">
      <skipped message="Reason: On CRAN ('test-ard_moodtest.R:22:3')"/>
    </testcase>
  </testsuite>
  <testsuite name="ard_proptest" timestamp="2024-03-08T04:27:24Z" hostname="90eb0c19ed80" tests="2" skipped="0" failures="0" errors="0" time="0.512">
    <testcase time="0.511" classname="character(0)" name="ard_proptest_works"/>
    <testcase time="0.00099999999999989" classname="character(0)" name="ard_proptest_works"/>
  </testsuite>
  <testsuite name="ard_proptest" timestamp="2024-03-08T04:27:24Z" hostname="90eb0c19ed80" tests="8" skipped="0" failures="0" errors="0" time="0.007">
    <testcase time="0.00200000000000022" classname="character(0)" name="ard_proptest_error_messaging"/>
    <testcase time="0.00099999999999989" classname="character(0)" name="ard_proptest_error_messaging"/>
    <testcase time="0.00099999999999989" classname="character(0)" name="ard_proptest_error_messaging"/>
    <testcase time="0.00100000000000033" classname="character(0)" name="ard_proptest_error_messaging"/>
    <testcase time="0.00099999999999989" classname="character(0)" name="ard_proptest_error_messaging"/>
    <testcase time="0.00099999999999989" classname="character(0)" name="ard_proptest_error_messaging"/>
    <testcase time="0" classname="character(0)" name="ard_proptest_error_messaging"/>
    <testcase time="0" classname="character(0)" name="ard_proptest_error_messaging"/>
  </testsuite>
  <testsuite name="ard_proportion_ci" timestamp="2024-03-08T04:27:24Z" hostname="90eb0c19ed80" tests="1" skipped="0" failures="0" errors="0" time="0.02">
    <testcase time="0.02" classname="character(0)" name="ard_proportion_ci_works"/>
  </testsuite>
  <testsuite name="ard_proportion_ci" timestamp="2024-03-08T04:27:24Z" hostname="90eb0c19ed80" tests="2" skipped="1" failures="0" errors="0" time="0.002">
    <testcase time="0.00200000000000022" classname="character(0)" name="ard_proportion_ci_method_strat_wilson_works"/>
    <testcase time="0" classname="character(0)" name="ard_proportion_ci_method_strat_wilson_works">
      <skipped message="Reason: On CRAN ('test-ard_proportion_ci.R:52:3')"/>
    </testcase>
  </testsuite>
  <testsuite name="ard_regression_basic" timestamp="2024-03-08T04:27:24Z" hostname="90eb0c19ed80" tests="2" skipped="1" failures="0" errors="0" time="0.448">
    <testcase time="0.447" classname="character(0)" name="ard_regression_basic_works"/>
    <testcase time="0.00100000000000033" classname="character(0)" name="ard_regression_basic_works">
      <skipped message="Reason: On CRAN ('test-ard_regression_basic.R:10:3')"/>
    </testcase>
  </testsuite>
  <testsuite name="ard_smd" timestamp="2024-03-08T04:27:24Z" hostname="90eb0c19ed80" tests="2" skipped="0" failures="0" errors="0" time="0.168">
    <testcase time="0.168" classname="character(0)" name="ard_smd_works"/>
    <testcase time="0" classname="character(0)" name="ard_smd_works"/>
  </testsuite>
  <testsuite name="ard_smd" timestamp="2024-03-08T04:27:24Z" hostname="90eb0c19ed80" tests="4" skipped="0" failures="0" errors="0" time="0.003">
    <testcase time="0.00199999999999978" classname="character(0)" name="ard_proptest_error_messaging"/>
    <testcase time="0" classname="character(0)" name="ard_proptest_error_messaging"/>
    <testcase time="0.00100000000000033" classname="character(0)" name="ard_proptest_error_messaging"/>
    <testcase time="0" classname="character(0)" name="ard_proptest_error_messaging"/>
  </testsuite>
  <testsuite name="ard_regression" timestamp="2024-03-08T04:27:24Z" hostname="90eb0c19ed80" tests="1" skipped="1" failures="0" errors="0" time="0.165">
    <testcase time="0.165" classname="character(0)" name="ard_regression_works">
      <skipped message="Reason: On CRAN ('test-ard_regression.R:4:3')"/>
    </testcase>
  </testsuite>
  <testsuite name="ard_ttest" timestamp="2024-03-08T04:27:25Z" hostname="90eb0c19ed80" tests="3" skipped="1" failures="0" errors="0" time="0.294">
    <testcase time="0.292" classname="character(0)" name="ard_ttest_works"/>
    <testcase time="0.00100000000000033" classname="character(0)" name="ard_ttest_works"/>
    <testcase time="0.000999999999999446" classname="character(0)" name="ard_ttest_works">
      <skipped message="Reason: On CRAN ('test-ard_ttest.R:27:3')"/>
    </testcase>
  </testsuite>
  <testsuite name="ard_ttest" timestamp="2024-03-08T04:27:25Z" hostname="90eb0c19ed80" tests="3" skipped="1" failures="0" errors="0" time="0.017">
    <testcase time="0.016" classname="character(0)" name="ard_paired_ttest_works"/>
    <testcase time="0.00100000000000033" classname="character(0)" name="ard_paired_ttest_works"/>
    <testcase time="0" classname="character(0)" name="ard_paired_ttest_works">
      <skipped message="Reason: On CRAN ('test-ard_ttest.R:72:3')"/>
    </testcase>
  </testsuite>
  <testsuite name="ard_wilcoxtest" timestamp="2024-03-08T04:27:25Z" hostname="90eb0c19ed80" tests="3" skipped="0" failures="0" errors="0" time="0.069">
    <testcase time="0.0679999999999996" classname="character(0)" name="ard_wilcoxtest_works"/>
    <testcase time="0" classname="character(0)" name="ard_wilcoxtest_works"/>
    <testcase time="0.00100000000000033" classname="character(0)" name="ard_wilcoxtest_works"/>
  </testsuite>
  <testsuite name="ard_wilcoxtest" timestamp="2024-03-08T04:27:25Z" hostname="90eb0c19ed80" tests="3" skipped="0" failures="0" errors="0" time="0.002">
    <testcase time="0.000999999999999446" classname="character(0)" name="ard_paired_wilcoxtest_works"/>
    <testcase time="0.00100000000000033" classname="character(0)" name="ard_paired_wilcoxtest_works"/>
    <testcase time="0" classname="character(0)" name="ard_paired_wilcoxtest_works"/>
  </testsuite>
  <testsuite name="proportion_ci" timestamp="2024-03-08T04:27:25Z" hostname="90eb0c19ed80" tests="1" skipped="1" failures="0" errors="0" time="0.096">
    <testcase time="0.0960000000000001" classname="character(0)" name="check_the_proportion_ci__functions_work">
      <skipped message="Reason: On CRAN ('test-proportion_ci.R:12:3')"/>
    </testcase>
  </testsuite>
  <testsuite name="proportion_ci" timestamp="2024-03-08T04:27:25Z" hostname="90eb0c19ed80" tests="1" skipped="1" failures="0" errors="0" time="0.01">
    <testcase time="0.00999999999999979" classname="character(0)" name="check_the_proportion_ci_strat_wilson_function_works">
      <skipped message="Reason: On CRAN ('test-proportion_ci.R:138:3')"/>
    </testcase>
  </testsuite>
</testsuites>
