<?xml version="1.0" encoding="UTF-8"?>
<testsuites>
  <testsuite name="ard_aov" timestamp="2024-04-05T20:32:11Z" hostname="ac7beae81054" tests="3" skipped="1" failures="0" errors="0" time="1.696">
    <testcase time="1.673" classname="character(0)" name="ard_aov_works"/>
    <testcase time="0.0169999999999999" classname="character(0)" name="ard_aov_works"/>
    <testcase time="0.00599999999999978" classname="character(0)" name="ard_aov_works">
      <skipped message="Reason: On CRAN ('test-ard_aov.R:25:3')"/>
    </testcase>
  </testsuite>
  <testsuite name="ard_car_anova" timestamp="2024-04-05T20:32:11Z" hostname="ac7beae81054" tests="3" skipped="1" failures="0" errors="0" time="0.102">
    <testcase time="0.1" classname="character(0)" name="ard_car_anova_works"/>
    <testcase time="0.00099999999999989" classname="character(0)" name="ard_car_anova_works"/>
    <testcase time="0.00100000000000033" classname="character(0)" name="ard_car_anova_works">
      <skipped message="Reason: On CRAN ('test-ard_car_anova.R:12:3')"/>
    </testcase>
  </testsuite>
  <testsuite name="ard_car_anova" timestamp="2024-04-05T20:32:11Z" hostname="ac7beae81054" tests="1" skipped="1" failures="0" errors="0" time="0.032">
    <testcase time="0.032" classname="character(0)" name="ard_car_anova_messaging">
      <skipped message="Reason: On CRAN ('test-ard_car_anova.R:16:3')"/>
    </testcase>
  </testsuite>
  <testsuite name="ard_chisqtest" timestamp="2024-04-05T20:32:11Z" hostname="ac7beae81054" tests="3" skipped="0" failures="0" errors="0" time="0.351">
    <testcase time="0.35" classname="character(0)" name="ard_chisqtest_works"/>
    <testcase time="0" classname="character(0)" name="ard_chisqtest_works"/>
    <testcase time="0.00100000000000033" classname="character(0)" name="ard_chisqtest_works"/>
  </testsuite>
  <testsuite name="ard_chisqtest" timestamp="2024-04-05T20:32:11Z" hostname="ac7beae81054" tests="1" skipped="1" failures="0" errors="0" time="0.001">
    <testcase time="0.00099999999999989" classname="character(0)" name="shuffle_ard_fills_missing_group_levels_if_the_group_is_meaningful">
      <skipped message="Reason: On CRAN ('test-ard_chisqtest.R:36:3')"/>
    </testcase>
  </testsuite>
  <testsuite name="ard_cohens_d" timestamp="2024-04-05T20:32:12Z" hostname="ac7beae81054" tests="3" skipped="1" failures="0" errors="0" time="0.193">
    <testcase time="0.192" classname="character(0)" name="ard_cohens_d_works"/>
    <testcase time="0" classname="character(0)" name="ard_cohens_d_works"/>
    <testcase time="0.00100000000000033" classname="character(0)" name="ard_cohens_d_works">
      <skipped message="Reason: On CRAN ('test-ard_cohens_d.R:29:3')"/>
    </testcase>
  </testsuite>
  <testsuite name="ard_cohens_d" timestamp="2024-04-05T20:32:12Z" hostname="ac7beae81054" tests="3" skipped="1" failures="0" errors="0" time="0.011">
    <testcase time="0.00999999999999979" classname="character(0)" name="ard_paired_cohens_d_works"/>
    <testcase time="0" classname="character(0)" name="ard_paired_cohens_d_works"/>
    <testcase time="0.00099999999999989" classname="character(0)" name="ard_paired_cohens_d_works">
      <skipped message="Reason: On CRAN ('test-ard_cohens_d.R:86:3')"/>
    </testcase>
  </testsuite>
  <testsuite name="ard_fishertest" timestamp="2024-04-05T20:32:12Z" hostname="ac7beae81054" tests="3" skipped="0" failures="0" errors="0" time="0.015">
    <testcase time="0.0140000000000002" classname="character(0)" name="ard_fishertest_works"/>
    <testcase time="0.00099999999999989" classname="character(0)" name="ard_fishertest_works"/>
    <testcase time="0" classname="character(0)" name="ard_fishertest_works"/>
  </testsuite>
  <testsuite name="ard_kruskaltest" timestamp="2024-04-05T20:32:12Z" hostname="ac7beae81054" tests="3" skipped="1" failures="0" errors="0" time="0.132">
    <testcase time="0.131" classname="character(0)" name="ard_kurskaltest_works"/>
    <testcase time="0" classname="character(0)" name="ard_kurskaltest_works"/>
    <testcase time="0.00099999999999989" classname="character(0)" name="ard_kurskaltest_works">
      <skipped message="Reason: On CRAN ('test-ard_kruskaltest.R:22:3')"/>
    </testcase>
  </testsuite>
  <testsuite name="ard_hedges_g" timestamp="2024-04-05T20:32:12Z" hostname="ac7beae81054" tests="3" skipped="1" failures="0" errors="0" time="0.22">
    <testcase time="0.218" classname="character(0)" name="ard_hedges_g_works"/>
    <testcase time="0.00099999999999989" classname="character(0)" name="ard_hedges_g_works"/>
    <testcase time="0.00099999999999989" classname="character(0)" name="ard_hedges_g_works">
      <skipped message="Reason: On CRAN ('test-ard_hedges_g.R:27:3')"/>
    </testcase>
  </testsuite>
  <testsuite name="ard_hedges_g" timestamp="2024-04-05T20:32:12Z" hostname="ac7beae81054" tests="3" skipped="1" failures="0" errors="0" time="0.012">
    <testcase time="0.0110000000000001" classname="character(0)" name="ard_paired_hedges_g_works"/>
    <testcase time="0" classname="character(0)" name="ard_paired_hedges_g_works"/>
    <testcase time="0.00099999999999989" classname="character(0)" name="ard_paired_hedges_g_works">
      <skipped message="Reason: On CRAN ('test-ard_hedges_g.R:86:3')"/>
    </testcase>
  </testsuite>
  <testsuite name="ard_mcnemartest" timestamp="2024-04-05T20:32:12Z" hostname="ac7beae81054" tests="5" skipped="0" failures="0" errors="0" time="0.053">
    <testcase time="0.0510000000000002" classname="character(0)" name="ard_mcnemartest_works"/>
    <testcase time="0.00099999999999989" classname="character(0)" name="ard_mcnemartest_works"/>
    <testcase time="0" classname="character(0)" name="ard_mcnemartest_works"/>
    <testcase time="0.00100000000000033" classname="character(0)" name="ard_mcnemartest_works"/>
    <testcase time="0" classname="character(0)" name="ard_mcnemartest_works"/>
  </testsuite>
  <testsuite name="ard_moodtest" timestamp="2024-04-05T20:32:12Z" hostname="ac7beae81054" tests="3" skipped="1" failures="0" errors="0" time="0.185">
    <testcase time="0.184" classname="character(0)" name="ard_moodtest_works"/>
    <testcase time="0" classname="character(0)" name="ard_moodtest_works"/>
    <testcase time="0.00099999999999989" classname="character(0)" name="ard_moodtest_works">
      <skipped message="Reason: On CRAN ('test-ard_moodtest.R:22:3')"/>
    </testcase>
  </testsuite>
  <testsuite name="ard_onewaytest" timestamp="2024-04-05T20:32:12Z" hostname="ac7beae81054" tests="3" skipped="1" failures="0" errors="0" time="0.042">
    <testcase time="0.0410000000000004" classname="character(0)" name="ard_onewaytest_works"/>
    <testcase time="0.00099999999999989" classname="character(0)" name="ard_onewaytest_works"/>
    <testcase time="0" classname="character(0)" name="ard_onewaytest_works">
      <skipped message="Reason: On CRAN ('test-ard_onewaytest.R:24:3')"/>
    </testcase>
  </testsuite>
  <testsuite name="ard_proportion_ci" timestamp="2024-04-05T20:32:13Z" hostname="ac7beae81054" tests="1" skipped="0" failures="0" errors="0" time="0.413">
    <testcase time="0.413" classname="character(0)" name="ard_proportion_ci_works"/>
  </testsuite>
  <testsuite name="ard_proportion_ci" timestamp="2024-04-05T20:32:13Z" hostname="ac7beae81054" tests="2" skipped="1" failures="0" errors="0" time="0.003">
    <testcase time="0.00199999999999978" classname="character(0)" name="ard_proportion_ci_method_strat_wilson_works"/>
    <testcase time="0.00100000000000033" classname="character(0)" name="ard_proportion_ci_method_strat_wilson_works">
      <skipped message="Reason: On CRAN ('test-ard_proportion_ci.R:52:3')"/>
    </testcase>
  </testsuite>
  <testsuite name="ard_proptest" timestamp="2024-04-05T20:32:13Z" hostname="ac7beae81054" tests="3" skipped="0" failures="0" errors="0" time="0.087">
    <testcase time="0.0859999999999994" classname="character(0)" name="ard_proptest_works"/>
    <testcase time="0" classname="character(0)" name="ard_proptest_works"/>
    <testcase time="0.00100000000000033" classname="character(0)" name="ard_proptest_works"/>
  </testsuite>
  <testsuite name="ard_proptest" timestamp="2024-04-05T20:32:13Z" hostname="ac7beae81054" tests="8" skipped="0" failures="0" errors="0" time="0.004">
    <testcase time="0.000999999999999446" classname="character(0)" name="ard_proptest_error_messaging"/>
    <testcase time="0" classname="character(0)" name="ard_proptest_error_messaging"/>
    <testcase time="0.00100000000000033" classname="character(0)" name="ard_proptest_error_messaging"/>
    <testcase time="0" classname="character(0)" name="ard_proptest_error_messaging"/>
    <testcase time="0.00100000000000033" classname="character(0)" name="ard_proptest_error_messaging"/>
    <testcase time="0" classname="character(0)" name="ard_proptest_error_messaging"/>
    <testcase time="0.000999999999999446" classname="character(0)" name="ard_proptest_error_messaging"/>
    <testcase time="0" classname="character(0)" name="ard_proptest_error_messaging"/>
  </testsuite>
  <testsuite name="ard_regression_basic" timestamp="2024-04-05T20:32:13Z" hostname="ac7beae81054" tests="2" skipped="1" failures="0" errors="0" time="0.379">
    <testcase time="0.379" classname="character(0)" name="ard_regression_basic_works"/>
    <testcase time="0" classname="character(0)" name="ard_regression_basic_works">
      <skipped message="Reason: On CRAN ('test-ard_regression_basic.R:10:3')"/>
    </testcase>
  </testsuite>
  <testsuite name="ard_regression" timestamp="2024-04-05T20:32:13Z" hostname="ac7beae81054" tests="1" skipped="1" failures="0" errors="0" time="0.252">
    <testcase time="0.252" classname="character(0)" name="ard_regression_works">
      <skipped message="Reason: On CRAN ('test-ard_regression.R:4:3')"/>
    </testcase>
  </testsuite>
  <testsuite name="ard_smd" timestamp="2024-04-05T20:32:14Z" hostname="ac7beae81054" tests="3" skipped="0" failures="0" errors="0" time="0.201">
    <testcase time="0.199" classname="character(0)" name="ard_smd_works"/>
    <testcase time="0.00100000000000033" classname="character(0)" name="ard_smd_works"/>
    <testcase time="0.00100000000000033" classname="character(0)" name="ard_smd_works"/>
  </testsuite>
  <testsuite name="ard_smd" timestamp="2024-04-05T20:32:14Z" hostname="ac7beae81054" tests="2" skipped="0" failures="0" errors="0" time="0.003">
    <testcase time="0.00199999999999978" classname="character(0)" name="ard_smd_works_with_survey_data"/>
    <testcase time="0.000999999999999446" classname="character(0)" name="ard_smd_works_with_survey_data"/>
  </testsuite>
  <testsuite name="ard_smd" timestamp="2024-04-05T20:32:14Z" hostname="ac7beae81054" tests="4" skipped="0" failures="0" errors="0" time="0.005">
    <testcase time="0.00200000000000067" classname="character(0)" name="ard_proptest_error_messaging"/>
    <testcase time="0.000999999999999446" classname="character(0)" name="ard_proptest_error_messaging"/>
    <testcase time="0.00100000000000033" classname="character(0)" name="ard_proptest_error_messaging"/>
    <testcase time="0.00100000000000033" classname="character(0)" name="ard_proptest_error_messaging"/>
  </testsuite>
  <testsuite name="ard_stats_anova" timestamp="2024-04-05T20:32:15Z" hostname="ac7beae81054" tests="1" skipped="0" failures="0" errors="0" time="1.264">
    <testcase time="1.264" classname="character(0)" name="ard_stats_anova.anova_works"/>
  </testsuite>
  <testsuite name="ard_stats_anova" timestamp="2024-04-05T20:32:15Z" hostname="ac7beae81054" tests="7" skipped="0" failures="0" errors="0" time="0.007">
    <testcase time="0.00200000000000067" classname="character(0)" name="ard_stats_anova.data.frame_works"/>
    <testcase time="0.000999999999999446" classname="character(0)" name="ard_stats_anova.data.frame_works"/>
    <testcase time="0.00100000000000033" classname="character(0)" name="ard_stats_anova.data.frame_works"/>
    <testcase time="0" classname="character(0)" name="ard_stats_anova.data.frame_works"/>
    <testcase time="0.000999999999999446" classname="character(0)" name="ard_stats_anova.data.frame_works"/>
    <testcase time="0.00100000000000033" classname="character(0)" name="ard_stats_anova.data.frame_works"/>
    <testcase time="0.00100000000000033" classname="character(0)" name="ard_stats_anova.data.frame_works"/>
  </testsuite>
  <testsuite name="ard_survfit" timestamp="2024-04-05T20:32:15Z" hostname="ac7beae81054" tests="1" skipped="1" failures="0" errors="0" time="0.147">
    <testcase time="0.146999999999999" classname="character(0)" name="ard_survfit_works_with_times_provided">
      <skipped message="Reason: On CRAN ('test-ard_survfit.R:4:3')"/>
    </testcase>
  </testsuite>
  <testsuite name="ard_survfit" timestamp="2024-04-05T20:32:15Z" hostname="ac7beae81054" tests="1" skipped="1" failures="0" errors="0" time="0.017">
    <testcase time="0.0170000000000003" classname="character(0)" name="ard_survfit_works_with_different_type">
      <skipped message="Reason: On CRAN ('test-ard_survfit.R:15:3')"/>
    </testcase>
  </testsuite>
  <testsuite name="ard_survfit" timestamp="2024-04-05T20:32:15Z" hostname="ac7beae81054" tests="1" skipped="1" failures="0" errors="0" time="0.02">
    <testcase time="0.0199999999999996" classname="character(0)" name="ard_survfit_works_with_probs_provided">
      <skipped message="Reason: On CRAN ('test-ard_survfit.R:26:3')"/>
    </testcase>
  </testsuite>
  <testsuite name="ard_survfit" timestamp="2024-04-05T20:32:15Z" hostname="ac7beae81054" tests="1" skipped="1" failures="0" errors="0" time="0.016">
    <testcase time="0.016" classname="character(0)" name="ard_survfit_works_with_unstratified_model">
      <skipped message="Reason: On CRAN ('test-ard_survfit.R:37:3')"/>
    </testcase>
  </testsuite>
  <testsuite name="ard_survfit" timestamp="2024-04-05T20:32:15Z" hostname="ac7beae81054" tests="1" skipped="1" failures="0" errors="0" time="0.016">
    <testcase time="0.016" classname="character(0)" name="ard_survfit_works_with_multiple_stratification_variables">
      <skipped message="Reason: On CRAN ('test-ard_survfit.R:57:3')"/>
    </testcase>
  </testsuite>
  <testsuite name="ard_survfit" timestamp="2024-04-05T20:32:15Z" hostname="ac7beae81054" tests="1" skipped="1" failures="0" errors="0" time="0.015">
    <testcase time="0.0149999999999997" classname="character(0)" name="ard_survfit_works_with_competing_risks">
      <skipped message="Reason: On CRAN ('test-ard_survfit.R:91:3')"/>
    </testcase>
  </testsuite>
  <testsuite name="ard_survfit" timestamp="2024-04-05T20:32:15Z" hostname="ac7beae81054" tests="1" skipped="1" failures="0" errors="0" time="0.016">
    <testcase time="0.016" classname="character(0)" name="ard_survfit_errors_are_properly_handled">
      <skipped message="Reason: On CRAN ('test-ard_survfit.R:102:3')"/>
    </testcase>
  </testsuite>
  <testsuite name="ard_survfit" timestamp="2024-04-05T20:32:15Z" hostname="ac7beae81054" tests="1" skipped="0" failures="0" errors="0" time="0.017">
    <testcase time="0.0170000000000003" classname="character(0)" name="ard_survfit_works_with_non_syntactic_names"/>
  </testsuite>
  <testsuite name="ard_survfit" timestamp="2024-04-05T20:32:15Z" hostname="ac7beae81054" tests="1" skipped="1" failures="0" errors="0" time="0.001">
    <testcase time="0.00100000000000033" classname="character(0)" name="ard_survfit_errors_with_stratified_Cox_model">
      <skipped message="Reason: On CRAN ('test-ard_survfit.R:137:3')"/>
    </testcase>
  </testsuite>
  <testsuite name="ard_svychisq" timestamp="2024-04-05T20:32:15Z" hostname="ac7beae81054" tests="3" skipped="1" failures="0" errors="0" time="0.15">
    <testcase time="0.149" classname="character(0)" name="ard_svychisq_works"/>
    <testcase time="0" classname="character(0)" name="ard_svychisq_works"/>
    <testcase time="0.000999999999999446" classname="character(0)" name="ard_svychisq_works">
      <skipped message="Reason: On CRAN ('test-ard_svychisq.R:28:3')"/>
    </testcase>
  </testsuite>
  <testsuite name="ard_svyranktest" timestamp="2024-04-05T20:32:16Z" hostname="ac7beae81054" tests="1" skipped="1" failures="0" errors="0" time="0.351">
    <testcase time="0.351" classname="character(0)" name="ard_svyranktest_works">
      <skipped message="Reason: On CRAN ('test-ard_svyranktest.R:18:3')"/>
    </testcase>
  </testsuite>
  <testsuite name="ard_svyranktest" timestamp="2024-04-05T20:32:16Z" hostname="ac7beae81054" tests="1" skipped="0" failures="0" errors="0" time="0.011">
    <testcase time="0.0110000000000001" classname="character(0)" name="exact_values_match_for_ard_svyranktest_works"/>
  </testsuite>
  <testsuite name="ard_svyttest" timestamp="2024-04-05T20:32:16Z" hostname="ac7beae81054" tests="4" skipped="0" failures="0" errors="0" time="0.319">
    <testcase time="0.317" classname="character(0)" name="ard_svyttest_works"/>
    <testcase time="0.00100000000000033" classname="character(0)" name="ard_svyttest_works"/>
    <testcase time="0.000999999999999446" classname="character(0)" name="ard_svyttest_works"/>
    <testcase time="0" classname="character(0)" name="ard_svyttest_works"/>
  </testsuite>
  <testsuite name="ard_svyttest" timestamp="2024-04-05T20:32:16Z" hostname="ac7beae81054" tests="2" skipped="0" failures="0" errors="0" time="0.002">
    <testcase time="0.00199999999999978" classname="character(0)" name="ard_svyttest_messaging"/>
    <testcase time="0" classname="character(0)" name="ard_svyttest_messaging"/>
  </testsuite>
  <testsuite name="ard_ttest" timestamp="2024-04-05T20:32:16Z" hostname="ac7beae81054" tests="5" skipped="1" failures="0" errors="0" time="0.34">
    <testcase time="0.321000000000001" classname="character(0)" name="ard_ttest_works"/>
    <testcase time="0.000999999999999446" classname="character(0)" name="ard_ttest_works"/>
    <testcase time="0.0170000000000003" classname="character(0)" name="ard_ttest_works"/>
    <testcase time="0" classname="character(0)" name="ard_ttest_works"/>
    <testcase time="0.00100000000000033" classname="character(0)" name="ard_ttest_works">
      <skipped message="Reason: On CRAN ('test-ard_ttest.R:47:3')"/>
    </testcase>
  </testsuite>
  <testsuite name="ard_ttest" timestamp="2024-04-05T20:32:16Z" hostname="ac7beae81054" tests="3" skipped="1" failures="0" errors="0" time="0.01">
    <testcase time="0.00999999999999979" classname="character(0)" name="ard_paired_ttest_works"/>
    <testcase time="0" classname="character(0)" name="ard_paired_ttest_works"/>
    <testcase time="0" classname="character(0)" name="ard_paired_ttest_works">
      <skipped message="Reason: On CRAN ('test-ard_ttest.R:105:3')"/>
    </testcase>
  </testsuite>
  <testsuite name="ard_vif" timestamp="2024-04-05T20:32:16Z" hostname="ac7beae81054" tests="1" skipped="1" failures="0" errors="0" time="0.172">
    <testcase time="0.172000000000001" classname="character(0)" name="ard_vif_works">
      <skipped message="Reason: On CRAN ('test-ard_vif.R:2:3')"/>
    </testcase>
  </testsuite>
  <testsuite name="ard_vif" timestamp="2024-04-05T20:32:16Z" hostname="ac7beae81054" tests="1" skipped="1" failures="0" errors="0" time="0.01">
    <testcase time="0.00999999999999979" classname="character(0)" name="ard_vif_appropriate_errors_are_given_for_model_with_only_1_term">
      <skipped message="Reason: On CRAN ('test-ard_vif.R:16:3')"/>
    </testcase>
  </testsuite>
  <testsuite name="ard_vif" timestamp="2024-04-05T20:32:16Z" hostname="ac7beae81054" tests="1" skipped="1" failures="0" errors="0" time="0.013">
    <testcase time="0.0129999999999999" classname="character(0)" name="ard_vif_issues_friendly_messaging_for_incorrect_object_passed_in_can_t_get_terms_of_model">
      <skipped message="Reason: On CRAN ('test-ard_vif.R:33:3')"/>
    </testcase>
  </testsuite>
  <testsuite name="ard_svycontinuous" timestamp="2024-04-05T20:32:17Z" hostname="ac7beae81054" tests="12" skipped="1" failures="0" errors="0" time="0.338">
    <testcase time="0.327999999999999" classname="character(0)" name="unstratified_ard_svycontinuous_works"/>
    <testcase time="0.00100000000000122" classname="character(0)" name="unstratified_ard_svycontinuous_works"/>
    <testcase time="0.000999999999999446" classname="character(0)" name="unstratified_ard_svycontinuous_works"/>
    <testcase time="0.000999999999999446" classname="character(0)" name="unstratified_ard_svycontinuous_works"/>
    <testcase time="0.00100000000000122" classname="character(0)" name="unstratified_ard_svycontinuous_works"/>
    <testcase time="0" classname="character(0)" name="unstratified_ard_svycontinuous_works"/>
    <testcase time="0.000999999999999446" classname="character(0)" name="unstratified_ard_svycontinuous_works"/>
    <testcase time="0.000999999999999446" classname="character(0)" name="unstratified_ard_svycontinuous_works"/>
    <testcase time="0.00100000000000122" classname="character(0)" name="unstratified_ard_svycontinuous_works"/>
    <testcase time="0.000999999999999446" classname="character(0)" name="unstratified_ard_svycontinuous_works"/>
    <testcase time="0.000999999999999446" classname="character(0)" name="unstratified_ard_svycontinuous_works"/>
    <testcase time="0.00100000000000122" classname="character(0)" name="unstratified_ard_svycontinuous_works">
      <skipped message="Reason: On CRAN ('test-ard_svycontinuous.R:70:3')"/>
    </testcase>
  </testsuite>
  <testsuite name="ard_svycontinuous" timestamp="2024-04-05T20:32:17Z" hostname="ac7beae81054" tests="11" skipped="0" failures="0" errors="0" time="0.024">
    <testcase time="0.016" classname="character(0)" name="stratified_ard_svycontinuous_works"/>
    <testcase time="0.000999999999999446" classname="character(0)" name="stratified_ard_svycontinuous_works"/>
    <testcase time="0" classname="character(0)" name="stratified_ard_svycontinuous_works"/>
    <testcase time="0.000999999999999446" classname="character(0)" name="stratified_ard_svycontinuous_works"/>
    <testcase time="0" classname="character(0)" name="stratified_ard_svycontinuous_works"/>
    <testcase time="0.000999999999999446" classname="character(0)" name="stratified_ard_svycontinuous_works"/>
    <testcase time="0.00200000000000067" classname="character(0)" name="stratified_ard_svycontinuous_works"/>
    <testcase time="0.000999999999999446" classname="character(0)" name="stratified_ard_svycontinuous_works"/>
    <testcase time="0.00100000000000122" classname="character(0)" name="stratified_ard_svycontinuous_works"/>
    <testcase time="0" classname="character(0)" name="stratified_ard_svycontinuous_works"/>
    <testcase time="0.000999999999999446" classname="character(0)" name="stratified_ard_svycontinuous_works"/>
  </testsuite>
  <testsuite name="ard_svycontinuous" timestamp="2024-04-05T20:32:17Z" hostname="ac7beae81054" tests="4" skipped="0" failures="0" errors="0" time="0.003">
    <testcase time="0.000999999999999446" classname="character(0)" name="ard_svycontinuous_NA_handling"/>
    <testcase time="0.00100000000000122" classname="character(0)" name="ard_svycontinuous_NA_handling"/>
    <testcase time="0" classname="character(0)" name="ard_svycontinuous_NA_handling"/>
    <testcase time="0.000999999999999446" classname="character(0)" name="ard_svycontinuous_NA_handling"/>
  </testsuite>
  <testsuite name="ard_svycontinuous" timestamp="2024-04-05T20:32:17Z" hostname="ac7beae81054" tests="2" skipped="0" failures="0" errors="0" time="0.002">
    <testcase time="0.000999999999999446" classname="character(0)" name="ard_svycontinuous_error_handling"/>
    <testcase time="0.00100000000000122" classname="character(0)" name="ard_svycontinuous_error_handling"/>
  </testsuite>
  <testsuite name="ard_svycontinuous" timestamp="2024-04-05T20:32:17Z" hostname="ac7beae81054" tests="1" skipped="1" failures="0" errors="0" time="0.001">
    <testcase time="0.000999999999999446" classname="character(0)" name="ard_svycontinuous_fmt_fn_">
      <skipped message="Reason: On CRAN ('test-ard_svycontinuous.R:322:3')"/>
    </testcase>
  </testsuite>
  <testsuite name="ard_svycontinuous" timestamp="2024-04-05T20:32:17Z" hostname="ac7beae81054" tests="1" skipped="1" failures="0" errors="0" time="0.01">
    <testcase time="0.00999999999999979" classname="character(0)" name="ard_svycontinuous_stat_label_">
      <skipped message="Reason: On CRAN ('test-ard_svycontinuous.R:336:3')"/>
    </testcase>
  </testsuite>
  <testsuite name="ard_svycontinuous" timestamp="2024-04-05T20:32:17Z" hostname="ac7beae81054" tests="2" skipped="0" failures="0" errors="0" time="0.01">
    <testcase time="0.00999999999999979" classname="character(0)" name="ard_svycontinuous_by_unobserved_levels_combinations"/>
    <testcase time="0" classname="character(0)" name="ard_svycontinuous_by_unobserved_levels_combinations"/>
  </testsuite>
  <testsuite name="proportion_ci" timestamp="2024-04-05T20:32:17Z" hostname="ac7beae81054" tests="1" skipped="1" failures="0" errors="0" time="0.182">
    <testcase time="0.182" classname="character(0)" name="check_the_proportion_ci__functions_work">
      <skipped message="Reason: On CRAN ('test-proportion_ci.R:12:3')"/>
    </testcase>
  </testsuite>
  <testsuite name="proportion_ci" timestamp="2024-04-05T20:32:17Z" hostname="ac7beae81054" tests="1" skipped="1" failures="0" errors="0" time="0.013">
    <testcase time="0.0129999999999999" classname="character(0)" name="check_the_proportion_ci_strat_wilson_function_works">
      <skipped message="Reason: On CRAN ('test-proportion_ci.R:138:3')"/>
    </testcase>
  </testsuite>
  <testsuite name="ard_wilcoxtest" timestamp="2024-04-05T20:32:17Z" hostname="ac7beae81054" tests="6" skipped="0" failures="0" errors="0" time="0.016">
    <testcase time="0.0139999999999993" classname="character(0)" name="ard_wilcoxtest_works"/>
    <testcase time="0" classname="character(0)" name="ard_wilcoxtest_works"/>
    <testcase time="0.00100000000000122" classname="character(0)" name="ard_wilcoxtest_works"/>
    <testcase time="0" classname="character(0)" name="ard_wilcoxtest_works"/>
    <testcase time="0.000999999999999446" classname="character(0)" name="ard_wilcoxtest_works"/>
    <testcase time="0" classname="character(0)" name="ard_wilcoxtest_works"/>
  </testsuite>
  <testsuite name="ard_wilcoxtest" timestamp="2024-04-05T20:32:17Z" hostname="ac7beae81054" tests="3" skipped="0" failures="0" errors="0" time="0.003">
    <testcase time="0.00200000000000067" classname="character(0)" name="ard_paired_wilcoxtest_works"/>
    <testcase time="0" classname="character(0)" name="ard_paired_wilcoxtest_works"/>
    <testcase time="0.000999999999999446" classname="character(0)" name="ard_paired_wilcoxtest_works"/>
  </testsuite>
</testsuites>
