<?xml version="1.0" encoding="UTF-8"?>
<testsuites>
  <testsuite name="ard_chisqtest" timestamp="2024-03-08T23:10:55Z" hostname="14ab13555a60" tests="2" skipped="0" failures="0" errors="0" time="0.896">
    <testcase time="0.878" classname="character(0)" name="ard_chisqtest_works"/>
    <testcase time="0.018" classname="character(0)" name="ard_chisqtest_works"/>
  </testsuite>
  <testsuite name="ard_chisqtest" timestamp="2024-03-08T23:10:55Z" hostname="14ab13555a60" tests="1" skipped="1" failures="0" errors="0" time="0.007">
    <testcase time="0.00700000000000012" classname="character(0)" name="shuffle_ard_fills_missing_group_levels_if_the_group_is_meaningful">
      <skipped message="Reason: On CRAN ('test-ard_chisqtest.R:25:3')"/>
    </testcase>
  </testsuite>
  <testsuite name="ard_car_anova" timestamp="2024-03-08T23:10:56Z" hostname="14ab13555a60" tests="3" skipped="1" failures="0" errors="0" time="0.879">
    <testcase time="0.878" classname="character(0)" name="ard_car_anova_works"/>
    <testcase time="0.00099999999999989" classname="character(0)" name="ard_car_anova_works"/>
    <testcase time="0" classname="character(0)" name="ard_car_anova_works">
      <skipped message="Reason: On CRAN ('test-ard_car_anova.R:10:3')"/>
    </testcase>
  </testsuite>
  <testsuite name="ard_car_anova" timestamp="2024-03-08T23:10:56Z" hostname="14ab13555a60" tests="1" skipped="1" failures="0" errors="0" time="0.017">
    <testcase time="0.0169999999999999" classname="character(0)" name="ard_car_anova_messaging">
      <skipped message="Reason: On CRAN ('test-ard_car_anova.R:14:3')"/>
    </testcase>
  </testsuite>
  <testsuite name="ard_fishertest" timestamp="2024-03-08T23:10:56Z" hostname="14ab13555a60" tests="2" skipped="0" failures="0" errors="0" time="0.187">
    <testcase time="0.187" classname="character(0)" name="ard_fishertest_works"/>
    <testcase time="0" classname="character(0)" name="ard_fishertest_works"/>
  </testsuite>
  <testsuite name="ard_cohens_d" timestamp="2024-03-08T23:10:56Z" hostname="14ab13555a60" tests="3" skipped="1" failures="0" errors="0" time="0.172">
    <testcase time="0.171" classname="character(0)" name="ard_cohens_d_works"/>
    <testcase time="0" classname="character(0)" name="ard_cohens_d_works"/>
    <testcase time="0.00099999999999989" classname="character(0)" name="ard_cohens_d_works">
      <skipped message="Reason: On CRAN ('test-ard_cohens_d.R:26:3')"/>
    </testcase>
  </testsuite>
  <testsuite name="ard_cohens_d" timestamp="2024-03-08T23:10:56Z" hostname="14ab13555a60" tests="3" skipped="1" failures="0" errors="0" time="0.02">
    <testcase time="0.0180000000000002" classname="character(0)" name="ard_paired_cohens_d_works"/>
    <testcase time="0.00099999999999989" classname="character(0)" name="ard_paired_cohens_d_works"/>
    <testcase time="0.00099999999999989" classname="character(0)" name="ard_paired_cohens_d_works">
      <skipped message="Reason: On CRAN ('test-ard_cohens_d.R:72:3')"/>
    </testcase>
  </testsuite>
  <testsuite name="ard_kruskaltest" timestamp="2024-03-08T23:10:56Z" hostname="14ab13555a60" tests="3" skipped="1" failures="0" errors="0" time="0.156">
    <testcase time="0.154" classname="character(0)" name="ard_kurskaltest_works"/>
    <testcase time="0.00100000000000033" classname="character(0)" name="ard_kurskaltest_works"/>
    <testcase time="0.00099999999999989" classname="character(0)" name="ard_kurskaltest_works">
      <skipped message="Reason: On CRAN ('test-ard_kruskaltest.R:22:3')"/>
    </testcase>
  </testsuite>
  <testsuite name="ard_hedges_g" timestamp="2024-03-08T23:10:56Z" hostname="14ab13555a60" tests="3" skipped="1" failures="0" errors="0" time="0.051">
    <testcase time="0.0499999999999998" classname="character(0)" name="ard_hedges_g_works"/>
    <testcase time="0" classname="character(0)" name="ard_hedges_g_works"/>
    <testcase time="0.00099999999999989" classname="character(0)" name="ard_hedges_g_works">
      <skipped message="Reason: On CRAN ('test-ard_hedges_g.R:25:3')"/>
    </testcase>
  </testsuite>
  <testsuite name="ard_hedges_g" timestamp="2024-03-08T23:10:56Z" hostname="14ab13555a60" tests="3" skipped="1" failures="0" errors="0" time="0.011">
    <testcase time="0.0100000000000002" classname="character(0)" name="ard_paired_hedges_g_works"/>
    <testcase time="0" classname="character(0)" name="ard_paired_hedges_g_works"/>
    <testcase time="0.00099999999999989" classname="character(0)" name="ard_paired_hedges_g_works">
      <skipped message="Reason: On CRAN ('test-ard_hedges_g.R:71:3')"/>
    </testcase>
  </testsuite>
  <testsuite name="ard_moodtest" timestamp="2024-03-08T23:10:56Z" hostname="14ab13555a60" tests="3" skipped="1" failures="0" errors="0" time="0.163">
    <testcase time="0.162" classname="character(0)" name="ard_moodtest_works"/>
    <testcase time="0" classname="character(0)" name="ard_moodtest_works"/>
    <testcase time="0.00100000000000033" classname="character(0)" name="ard_moodtest_works">
      <skipped message="Reason: On CRAN ('test-ard_moodtest.R:22:3')"/>
    </testcase>
  </testsuite>
  <testsuite name="ard_mcnemartest" timestamp="2024-03-08T23:10:56Z" hostname="14ab13555a60" tests="4" skipped="0" failures="0" errors="0" time="0.04">
    <testcase time="0.0369999999999999" classname="character(0)" name="ard_mcnemartest_works"/>
    <testcase time="0.00099999999999989" classname="character(0)" name="ard_mcnemartest_works"/>
    <testcase time="0.00099999999999989" classname="character(0)" name="ard_mcnemartest_works"/>
    <testcase time="0.00100000000000033" classname="character(0)" name="ard_mcnemartest_works"/>
  </testsuite>
  <testsuite name="ard_proptest" timestamp="2024-03-08T23:10:57Z" hostname="14ab13555a60" tests="2" skipped="0" failures="0" errors="0" time="0.421">
    <testcase time="0.42" classname="character(0)" name="ard_proptest_works"/>
    <testcase time="0.00099999999999989" classname="character(0)" name="ard_proptest_works"/>
  </testsuite>
  <testsuite name="ard_proptest" timestamp="2024-03-08T23:10:57Z" hostname="14ab13555a60" tests="8" skipped="0" failures="0" errors="0" time="0.008">
    <testcase time="0.00300000000000011" classname="character(0)" name="ard_proptest_error_messaging"/>
    <testcase time="0" classname="character(0)" name="ard_proptest_error_messaging"/>
    <testcase time="0" classname="character(0)" name="ard_proptest_error_messaging"/>
    <testcase time="0.00099999999999989" classname="character(0)" name="ard_proptest_error_messaging"/>
    <testcase time="0.00099999999999989" classname="character(0)" name="ard_proptest_error_messaging"/>
    <testcase time="0.00100000000000033" classname="character(0)" name="ard_proptest_error_messaging"/>
    <testcase time="0.00099999999999989" classname="character(0)" name="ard_proptest_error_messaging"/>
    <testcase time="0.00099999999999989" classname="character(0)" name="ard_proptest_error_messaging"/>
  </testsuite>
  <testsuite name="ard_proportion_ci" timestamp="2024-03-08T23:10:57Z" hostname="14ab13555a60" tests="1" skipped="0" failures="0" errors="0" time="0.011">
    <testcase time="0.0110000000000001" classname="character(0)" name="ard_proportion_ci_works"/>
  </testsuite>
  <testsuite name="ard_proportion_ci" timestamp="2024-03-08T23:10:57Z" hostname="14ab13555a60" tests="2" skipped="1" failures="0" errors="0" time="0.001">
    <testcase time="0.00099999999999989" classname="character(0)" name="ard_proportion_ci_method_strat_wilson_works"/>
    <testcase time="0" classname="character(0)" name="ard_proportion_ci_method_strat_wilson_works">
      <skipped message="Reason: On CRAN ('test-ard_proportion_ci.R:52:3')"/>
    </testcase>
  </testsuite>
  <testsuite name="ard_regression_basic" timestamp="2024-03-08T23:10:57Z" hostname="14ab13555a60" tests="2" skipped="1" failures="0" errors="0" time="0.444">
    <testcase time="0.444" classname="character(0)" name="ard_regression_basic_works"/>
    <testcase time="0" classname="character(0)" name="ard_regression_basic_works">
      <skipped message="Reason: On CRAN ('test-ard_regression_basic.R:10:3')"/>
    </testcase>
  </testsuite>
  <testsuite name="ard_smd" timestamp="2024-03-08T23:10:57Z" hostname="14ab13555a60" tests="2" skipped="0" failures="0" errors="0" time="0.159">
    <testcase time="0.158" classname="character(0)" name="ard_smd_works"/>
    <testcase time="0.00100000000000033" classname="character(0)" name="ard_smd_works"/>
  </testsuite>
  <testsuite name="ard_smd" timestamp="2024-03-08T23:10:57Z" hostname="14ab13555a60" tests="4" skipped="0" failures="0" errors="0" time="0.003">
    <testcase time="0.000999999999999446" classname="character(0)" name="ard_proptest_error_messaging"/>
    <testcase time="0.00100000000000033" classname="character(0)" name="ard_proptest_error_messaging"/>
    <testcase time="0" classname="character(0)" name="ard_proptest_error_messaging"/>
    <testcase time="0.000999999999999446" classname="character(0)" name="ard_proptest_error_messaging"/>
  </testsuite>
  <testsuite name="ard_regression" timestamp="2024-03-08T23:10:58Z" hostname="14ab13555a60" tests="1" skipped="1" failures="0" errors="0" time="0.172">
    <testcase time="0.172000000000001" classname="character(0)" name="ard_regression_works">
      <skipped message="Reason: On CRAN ('test-ard_regression.R:4:3')"/>
    </testcase>
  </testsuite>
  <testsuite name="ard_vif" timestamp="2024-03-08T23:10:58Z" hostname="14ab13555a60" tests="1" skipped="1" failures="0" errors="0" time="0.216">
    <testcase time="0.215999999999999" classname="character(0)" name="ard_vif_works">
      <skipped message="Reason: On CRAN ('test-ard_vif.R:2:3')"/>
    </testcase>
  </testsuite>
  <testsuite name="ard_vif" timestamp="2024-03-08T23:10:58Z" hostname="14ab13555a60" tests="1" skipped="1" failures="0" errors="0" time="0.022">
    <testcase time="0.0220000000000002" classname="character(0)" name="ard_vif_appropriate_errors_are_given_for_model_with_only_1_term">
      <skipped message="Reason: On CRAN ('test-ard_vif.R:16:3')"/>
    </testcase>
  </testsuite>
  <testsuite name="ard_vif" timestamp="2024-03-08T23:10:58Z" hostname="14ab13555a60" tests="1" skipped="1" failures="0" errors="0" time="0.018">
    <testcase time="0.0179999999999998" classname="character(0)" name="ard_vif_issues_friendly_messaging_for_incorrect_object_passed_in_can_t_get_terms_of_model">
      <skipped message="Reason: On CRAN ('test-ard_vif.R:33:3')"/>
    </testcase>
  </testsuite>
  <testsuite name="ard_ttest" timestamp="2024-03-08T23:10:58Z" hostname="14ab13555a60" tests="3" skipped="1" failures="0" errors="0" time="0.092">
    <testcase time="0.0910000000000002" classname="character(0)" name="ard_ttest_works"/>
    <testcase time="0" classname="character(0)" name="ard_ttest_works"/>
    <testcase time="0.00100000000000033" classname="character(0)" name="ard_ttest_works">
      <skipped message="Reason: On CRAN ('test-ard_ttest.R:27:3')"/>
    </testcase>
  </testsuite>
  <testsuite name="ard_ttest" timestamp="2024-03-08T23:10:58Z" hostname="14ab13555a60" tests="3" skipped="1" failures="0" errors="0" time="0.011">
    <testcase time="0.00999999999999979" classname="character(0)" name="ard_paired_ttest_works"/>
    <testcase time="0" classname="character(0)" name="ard_paired_ttest_works"/>
    <testcase time="0.00100000000000033" classname="character(0)" name="ard_paired_ttest_works">
      <skipped message="Reason: On CRAN ('test-ard_ttest.R:72:3')"/>
    </testcase>
  </testsuite>
  <testsuite name="proportion_ci" timestamp="2024-03-08T23:10:58Z" hostname="14ab13555a60" tests="1" skipped="1" failures="0" errors="0" time="0.152">
    <testcase time="0.152" classname="character(0)" name="check_the_proportion_ci__functions_work">
      <skipped message="Reason: On CRAN ('test-proportion_ci.R:12:3')"/>
    </testcase>
  </testsuite>
  <testsuite name="proportion_ci" timestamp="2024-03-08T23:10:58Z" hostname="14ab13555a60" tests="1" skipped="1" failures="0" errors="0" time="0.01">
    <testcase time="0.00999999999999979" classname="character(0)" name="check_the_proportion_ci_strat_wilson_function_works">
      <skipped message="Reason: On CRAN ('test-proportion_ci.R:138:3')"/>
    </testcase>
  </testsuite>
  <testsuite name="ard_wilcoxtest" timestamp="2024-03-08T23:10:58Z" hostname="14ab13555a60" tests="3" skipped="0" failures="0" errors="0" time="0.08">
    <testcase time="0.0789999999999997" classname="character(0)" name="ard_wilcoxtest_works"/>
    <testcase time="0" classname="character(0)" name="ard_wilcoxtest_works"/>
    <testcase time="0.00100000000000033" classname="character(0)" name="ard_wilcoxtest_works"/>
  </testsuite>
  <testsuite name="ard_wilcoxtest" timestamp="2024-03-08T23:10:58Z" hostname="14ab13555a60" tests="3" skipped="0" failures="0" errors="0" time="0.004">
    <testcase time="0.00300000000000011" classname="character(0)" name="ard_paired_wilcoxtest_works"/>
    <testcase time="0.000999999999999446" classname="character(0)" name="ard_paired_wilcoxtest_works"/>
    <testcase time="0" classname="character(0)" name="ard_paired_wilcoxtest_works"/>
  </testsuite>
</testsuites>
