<?xml version="1.0" encoding="UTF-8"?>
<testsuites>
  <testsuite name="ard_chisqtest" timestamp="2024-03-05T15:31:35Z" hostname="69806ed65c9e" tests="2" skipped="0" failures="0" errors="0" time="0.915">
    <testcase time="0.888" classname="character(0)" name="ard_chisqtest_works"/>
    <testcase time="0.0270000000000001" classname="character(0)" name="ard_chisqtest_works"/>
  </testsuite>
  <testsuite name="ard_chisqtest" timestamp="2024-03-05T15:31:35Z" hostname="69806ed65c9e" tests="1" skipped="1" failures="0" errors="0" time="0.007">
    <testcase time="0.0069999999999999" classname="character(0)" name="shuffle_ard_fills_missing_group_levels_if_the_group_is_meaningful">
      <skipped message="Reason: On CRAN ('test-ard_chisqtest.R:25:3')"/>
    </testcase>
  </testsuite>
  <testsuite name="ard_fishertest" timestamp="2024-03-05T15:31:35Z" hostname="69806ed65c9e" tests="2" skipped="0" failures="0" errors="0" time="0.141">
    <testcase time="0.14" classname="character(0)" name="ard_fishertest_works"/>
    <testcase time="0.00099999999999989" classname="character(0)" name="ard_fishertest_works"/>
  </testsuite>
  <testsuite name="ard_cohens_d" timestamp="2024-03-05T15:31:36Z" hostname="69806ed65c9e" tests="3" skipped="1" failures="0" errors="0" time="0.972">
    <testcase time="0.971" classname="character(0)" name="ard_cohens_d_works"/>
    <testcase time="0.00100000000000033" classname="character(0)" name="ard_cohens_d_works"/>
    <testcase time="0" classname="character(0)" name="ard_cohens_d_works">
      <skipped message="Reason: On CRAN ('test-ard_cohens_d.R:26:3')"/>
    </testcase>
  </testsuite>
  <testsuite name="ard_cohens_d" timestamp="2024-03-05T15:31:36Z" hostname="69806ed65c9e" tests="3" skipped="1" failures="0" errors="0" time="0.018">
    <testcase time="0.0169999999999999" classname="character(0)" name="ard_paired_cohens_d_works"/>
    <testcase time="0" classname="character(0)" name="ard_paired_cohens_d_works"/>
    <testcase time="0.00099999999999989" classname="character(0)" name="ard_paired_cohens_d_works">
      <skipped message="Reason: On CRAN ('test-ard_cohens_d.R:72:3')"/>
    </testcase>
  </testsuite>
  <testsuite name="ard_kruskaltest" timestamp="2024-03-05T15:31:36Z" hostname="69806ed65c9e" tests="3" skipped="1" failures="0" errors="0" time="0.208">
    <testcase time="0.207" classname="character(0)" name="ard_kurskaltest_works"/>
    <testcase time="0" classname="character(0)" name="ard_kurskaltest_works"/>
    <testcase time="0.00100000000000033" classname="character(0)" name="ard_kurskaltest_works">
      <skipped message="Reason: On CRAN ('test-ard_kruskaltest.R:22:3')"/>
    </testcase>
  </testsuite>
  <testsuite name="ard_hedges_g" timestamp="2024-03-05T15:31:36Z" hostname="69806ed65c9e" tests="3" skipped="1" failures="0" errors="0" time="0.061">
    <testcase time="0.0600000000000001" classname="character(0)" name="ard_hedges_g_works"/>
    <testcase time="0" classname="character(0)" name="ard_hedges_g_works"/>
    <testcase time="0.00099999999999989" classname="character(0)" name="ard_hedges_g_works">
      <skipped message="Reason: On CRAN ('test-ard_hedges_g.R:25:3')"/>
    </testcase>
  </testsuite>
  <testsuite name="ard_hedges_g" timestamp="2024-03-05T15:31:36Z" hostname="69806ed65c9e" tests="3" skipped="1" failures="0" errors="0" time="0.011">
    <testcase time="0.00999999999999979" classname="character(0)" name="ard_paired_hedges_g_works"/>
    <testcase time="0" classname="character(0)" name="ard_paired_hedges_g_works"/>
    <testcase time="0.00100000000000033" classname="character(0)" name="ard_paired_hedges_g_works">
      <skipped message="Reason: On CRAN ('test-ard_hedges_g.R:71:3')"/>
    </testcase>
  </testsuite>
  <testsuite name="ard_mcnemartest" timestamp="2024-03-05T15:31:36Z" hostname="69806ed65c9e" tests="4" skipped="0" failures="0" errors="0" time="0.176">
    <testcase time="0.174" classname="character(0)" name="ard_mcnemartest_works"/>
    <testcase time="0.00099999999999989" classname="character(0)" name="ard_mcnemartest_works"/>
    <testcase time="0" classname="character(0)" name="ard_mcnemartest_works"/>
    <testcase time="0.00099999999999989" classname="character(0)" name="ard_mcnemartest_works"/>
  </testsuite>
  <testsuite name="ard_moodtest" timestamp="2024-03-05T15:31:36Z" hostname="69806ed65c9e" tests="3" skipped="1" failures="0" errors="0" time="0.063">
    <testcase time="0.0609999999999999" classname="character(0)" name="ard_moodtest_works"/>
    <testcase time="0.00100000000000033" classname="character(0)" name="ard_moodtest_works"/>
    <testcase time="0.00099999999999989" classname="character(0)" name="ard_moodtest_works">
      <skipped message="Reason: On CRAN ('test-ard_moodtest.R:22:3')"/>
    </testcase>
  </testsuite>
  <testsuite name="ard_proportion_ci" timestamp="2024-03-05T15:31:37Z" hostname="69806ed65c9e" tests="1" skipped="0" failures="0" errors="0" time="0.398">
    <testcase time="0.398" classname="character(0)" name="ard_proportion_ci_works"/>
  </testsuite>
  <testsuite name="ard_proportion_ci" timestamp="2024-03-05T15:31:37Z" hostname="69806ed65c9e" tests="2" skipped="1" failures="0" errors="0" time="0.002">
    <testcase time="0.00199999999999978" classname="character(0)" name="ard_proportion_ci_method_strat_wilson_works"/>
    <testcase time="0" classname="character(0)" name="ard_proportion_ci_method_strat_wilson_works">
      <skipped message="Reason: On CRAN ('test-ard_proportion_ci.R:52:3')"/>
    </testcase>
  </testsuite>
  <testsuite name="ard_proptest" timestamp="2024-03-05T15:31:37Z" hostname="69806ed65c9e" tests="2" skipped="0" failures="0" errors="0" time="0.039">
    <testcase time="0.0390000000000001" classname="character(0)" name="ard_proptest_works"/>
    <testcase time="0" classname="character(0)" name="ard_proptest_works"/>
  </testsuite>
  <testsuite name="ard_proptest" timestamp="2024-03-05T15:31:37Z" hostname="69806ed65c9e" tests="8" skipped="0" failures="0" errors="0" time="0.009">
    <testcase time="0.00299999999999967" classname="character(0)" name="ard_proptest_error_messaging"/>
    <testcase time="0" classname="character(0)" name="ard_proptest_error_messaging"/>
    <testcase time="0.00100000000000033" classname="character(0)" name="ard_proptest_error_messaging"/>
    <testcase time="0.00099999999999989" classname="character(0)" name="ard_proptest_error_messaging"/>
    <testcase time="0.00099999999999989" classname="character(0)" name="ard_proptest_error_messaging"/>
    <testcase time="0.00099999999999989" classname="character(0)" name="ard_proptest_error_messaging"/>
    <testcase time="0.00100000000000033" classname="character(0)" name="ard_proptest_error_messaging"/>
    <testcase time="0.00099999999999989" classname="character(0)" name="ard_proptest_error_messaging"/>
  </testsuite>
  <testsuite name="ard_regression_basic" timestamp="2024-03-05T15:31:37Z" hostname="69806ed65c9e" tests="2" skipped="1" failures="0" errors="0" time="0.479">
    <testcase time="0.478" classname="character(0)" name="ard_regression_basic_works"/>
    <testcase time="0.00100000000000033" classname="character(0)" name="ard_regression_basic_works">
      <skipped message="Reason: On CRAN ('test-ard_regression_basic.R:10:3')"/>
    </testcase>
  </testsuite>
  <testsuite name="ard_regression" timestamp="2024-03-05T15:31:37Z" hostname="69806ed65c9e" tests="1" skipped="1" failures="0" errors="0" time="0.269">
    <testcase time="0.269" classname="character(0)" name="ard_regression_works">
      <skipped message="Reason: On CRAN ('test-ard_regression.R:4:3')"/>
    </testcase>
  </testsuite>
  <testsuite name="ard_ttest" timestamp="2024-03-05T15:31:37Z" hostname="69806ed65c9e" tests="3" skipped="1" failures="0" errors="0" time="0.042">
    <testcase time="0.04" classname="character(0)" name="ard_ttest_works"/>
    <testcase time="0.000999999999999446" classname="character(0)" name="ard_ttest_works"/>
    <testcase time="0.00100000000000033" classname="character(0)" name="ard_ttest_works">
      <skipped message="Reason: On CRAN ('test-ard_ttest.R:27:3')"/>
    </testcase>
  </testsuite>
  <testsuite name="ard_ttest" timestamp="2024-03-05T15:31:38Z" hostname="69806ed65c9e" tests="3" skipped="1" failures="0" errors="0" time="0.022">
    <testcase time="0.0209999999999999" classname="character(0)" name="ard_paired_ttest_works"/>
    <testcase time="0" classname="character(0)" name="ard_paired_ttest_works"/>
    <testcase time="0.00100000000000033" classname="character(0)" name="ard_paired_ttest_works">
      <skipped message="Reason: On CRAN ('test-ard_ttest.R:72:3')"/>
    </testcase>
  </testsuite>
  <testsuite name="ard_vif" timestamp="2024-03-05T15:31:38Z" hostname="69806ed65c9e" tests="1" skipped="1" failures="0" errors="0" time="0.128">
    <testcase time="0.128" classname="character(0)" name="ard_vif_works">
      <skipped message="Reason: On CRAN ('test-ard_vif.R:2:3')"/>
    </testcase>
  </testsuite>
  <testsuite name="ard_vif" timestamp="2024-03-05T15:31:38Z" hostname="69806ed65c9e" tests="1" skipped="1" failures="0" errors="0" time="0.011">
    <testcase time="0.0109999999999992" classname="character(0)" name="ard_vif_appropriate_errors_are_given_for_model_with_only_1_term">
      <skipped message="Reason: On CRAN ('test-ard_vif.R:9:3')"/>
    </testcase>
  </testsuite>
  <testsuite name="proportion_ci" timestamp="2024-03-05T15:31:38Z" hostname="69806ed65c9e" tests="1" skipped="1" failures="0" errors="0" time="0.131">
    <testcase time="0.131" classname="character(0)" name="check_the_proportion_ci__functions_work">
      <skipped message="Reason: On CRAN ('test-proportion_ci.R:12:3')"/>
    </testcase>
  </testsuite>
  <testsuite name="proportion_ci" timestamp="2024-03-05T15:31:38Z" hostname="69806ed65c9e" tests="1" skipped="1" failures="0" errors="0" time="0.01">
    <testcase time="0.00999999999999979" classname="character(0)" name="check_the_proportion_ci_strat_wilson_function_works">
      <skipped message="Reason: On CRAN ('test-proportion_ci.R:138:3')"/>
    </testcase>
  </testsuite>
  <testsuite name="ard_wilcoxtest" timestamp="2024-03-05T15:31:38Z" hostname="69806ed65c9e" tests="3" skipped="0" failures="0" errors="0" time="0.064">
    <testcase time="0.0630000000000006" classname="character(0)" name="ard_wilcoxtest_works"/>
    <testcase time="0" classname="character(0)" name="ard_wilcoxtest_works"/>
    <testcase time="0.000999999999999446" classname="character(0)" name="ard_wilcoxtest_works"/>
  </testsuite>
  <testsuite name="ard_wilcoxtest" timestamp="2024-03-05T15:31:38Z" hostname="69806ed65c9e" tests="3" skipped="0" failures="0" errors="0" time="0.002">
    <testcase time="0.00100000000000033" classname="character(0)" name="ard_paired_wilcoxtest_works"/>
    <testcase time="0.00100000000000033" classname="character(0)" name="ard_paired_wilcoxtest_works"/>
    <testcase time="0" classname="character(0)" name="ard_paired_wilcoxtest_works"/>
  </testsuite>
</testsuites>
