<?xml version="1.0" encoding="UTF-8"?>
<testsuites>
  <testsuite name="ard_fishertest" timestamp="2024-02-23T20:49:00Z" hostname="5d65ed6453d6" tests="2" skipped="0" failures="0" errors="0" time="0.729">
    <testcase time="0.706" classname="character(0)" name="ard_fishertest_works"/>
    <testcase time="0.0229999999999999" classname="character(0)" name="ard_fishertest_works"/>
  </testsuite>
  <testsuite name="ard_kruskaltest" timestamp="2024-02-23T20:49:01Z" hostname="5d65ed6453d6" tests="3" skipped="1" failures="0" errors="0" time="0.187">
    <testcase time="0.186" classname="character(0)" name="ard_kurskaltest_works"/>
    <testcase time="0.00099999999999989" classname="character(0)" name="ard_kurskaltest_works"/>
    <testcase time="0" classname="character(0)" name="ard_kurskaltest_works">
      <skipped message="Reason: On CRAN ('test-ard_kruskaltest.R:20:3')"/>
    </testcase>
  </testsuite>
  <testsuite name="ard_chisqtest" timestamp="2024-02-23T20:49:01Z" hostname="5d65ed6453d6" tests="2" skipped="0" failures="0" errors="0" time="0.039">
    <testcase time="0.038" classname="character(0)" name="ard_chisqtest_works"/>
    <testcase time="0.00099999999999989" classname="character(0)" name="ard_chisqtest_works"/>
  </testsuite>
  <testsuite name="ard_chisqtest" timestamp="2024-02-23T20:49:01Z" hostname="5d65ed6453d6" tests="1" skipped="1" failures="0" errors="0" time="0.002">
    <testcase time="0.002" classname="character(0)" name="shuffle_ard_fills_missing_group_levels_if_the_group_is_meaningful">
      <skipped message="Reason: On CRAN ('test-ard_chisqtest.R:23:3')"/>
    </testcase>
  </testsuite>
  <testsuite name="ard_moodtest" timestamp="2024-02-23T20:49:01Z" hostname="5d65ed6453d6" tests="3" skipped="1" failures="0" errors="0" time="0.149">
    <testcase time="0.148" classname="character(0)" name="ard_moodtest_works"/>
    <testcase time="0" classname="character(0)" name="ard_moodtest_works"/>
    <testcase time="0.00099999999999989" classname="character(0)" name="ard_moodtest_works">
      <skipped message="Reason: On CRAN ('test-ard_moodtest.R:20:3')"/>
    </testcase>
  </testsuite>
  <testsuite name="ard_mcnemartest" timestamp="2024-02-23T20:49:01Z" hostname="5d65ed6453d6" tests="4" skipped="0" failures="0" errors="0" time="0.036">
    <testcase time="0.034" classname="character(0)" name="ard_mcnemartest_works"/>
    <testcase time="0.00100000000000011" classname="character(0)" name="ard_mcnemartest_works"/>
    <testcase time="0.00099999999999989" classname="character(0)" name="ard_mcnemartest_works"/>
    <testcase time="0" classname="character(0)" name="ard_mcnemartest_works"/>
  </testsuite>
  <testsuite name="ard_proportion_ci" timestamp="2024-02-23T20:49:01Z" hostname="5d65ed6453d6" tests="1" skipped="0" failures="0" errors="0" time="0.391">
    <testcase time="0.391" classname="character(0)" name="ard_proportion_ci_works"/>
  </testsuite>
  <testsuite name="ard_proportion_ci" timestamp="2024-02-23T20:49:01Z" hostname="5d65ed6453d6" tests="2" skipped="1" failures="0" errors="0" time="0.002">
    <testcase time="0.00199999999999978" classname="character(0)" name="ard_proportion_ci_method_strat_wilson_works"/>
    <testcase time="0" classname="character(0)" name="ard_proportion_ci_method_strat_wilson_works">
      <skipped message="Reason: On CRAN ('test-ard_proportion_ci.R:50:3')"/>
    </testcase>
  </testsuite>
  <testsuite name="ard_ttest" timestamp="2024-02-23T20:49:02Z" hostname="5d65ed6453d6" tests="3" skipped="1" failures="0" errors="0" time="0.384">
    <testcase time="0.383" classname="character(0)" name="ard_ttest_works"/>
    <testcase time="0.00100000000000033" classname="character(0)" name="ard_ttest_works"/>
    <testcase time="0" classname="character(0)" name="ard_ttest_works">
      <skipped message="Reason: On CRAN ('test-ard_ttest.R:25:3')"/>
    </testcase>
  </testsuite>
  <testsuite name="ard_ttest" timestamp="2024-02-23T20:49:02Z" hostname="5d65ed6453d6" tests="3" skipped="1" failures="0" errors="0" time="0.011">
    <testcase time="0.00999999999999979" classname="character(0)" name="ard_paired_ttest_works"/>
    <testcase time="0.00099999999999989" classname="character(0)" name="ard_paired_ttest_works"/>
    <testcase time="0" classname="character(0)" name="ard_paired_ttest_works">
      <skipped message="Reason: On CRAN ('test-ard_ttest.R:70:3')"/>
    </testcase>
  </testsuite>
  <testsuite name="ard_regression" timestamp="2024-02-23T20:49:02Z" hostname="5d65ed6453d6" tests="1" skipped="1" failures="0" errors="0" time="0.053">
    <testcase time="0.0529999999999999" classname="character(0)" name="ard_regression_works">
      <skipped message="Reason: On CRAN ('test-ard_regression.R:2:3')"/>
    </testcase>
  </testsuite>
  <testsuite name="ard_vif" timestamp="2024-02-23T20:49:02Z" hostname="5d65ed6453d6" tests="1" skipped="1" failures="0" errors="0" time="0.165">
    <testcase time="0.165" classname="character(0)" name="ard_vif_works">
      <skipped message="Reason: On CRAN ('test-ard_vif.R:2:3')"/>
    </testcase>
  </testsuite>
  <testsuite name="ard_vif" timestamp="2024-02-23T20:49:02Z" hostname="5d65ed6453d6" tests="1" skipped="0" failures="0" errors="0" time="0.01">
    <testcase time="0.0100000000000002" classname="character(0)" name="ard_vif_appropriate_errors_are_given_for_model_with_only_1_term"/>
  </testsuite>
  <testsuite name="proportion_ci" timestamp="2024-02-23T20:49:02Z" hostname="5d65ed6453d6" tests="1" skipped="1" failures="0" errors="0" time="0.104">
    <testcase time="0.104" classname="character(0)" name="check_the_proportion_ci__functions_work">
      <skipped message="Reason: On CRAN ('test-proportion_ci.R:10:3')"/>
    </testcase>
  </testsuite>
  <testsuite name="proportion_ci" timestamp="2024-02-23T20:49:02Z" hostname="5d65ed6453d6" tests="1" skipped="1" failures="0" errors="0" time="0.01">
    <testcase time="0.00999999999999979" classname="character(0)" name="check_the_proportion_ci_strat_wilson_function_works">
      <skipped message="Reason: On CRAN ('test-proportion_ci.R:136:3')"/>
    </testcase>
  </testsuite>
  <testsuite name="ard_wilcoxtest" timestamp="2024-02-23T20:49:02Z" hostname="5d65ed6453d6" tests="3" skipped="0" failures="0" errors="0" time="0.086">
    <testcase time="0.0840000000000001" classname="character(0)" name="ard_wilcoxtest_works"/>
    <testcase time="0.00099999999999989" classname="character(0)" name="ard_wilcoxtest_works"/>
    <testcase time="0.00099999999999989" classname="character(0)" name="ard_wilcoxtest_works"/>
  </testsuite>
  <testsuite name="ard_wilcoxtest" timestamp="2024-02-23T20:49:02Z" hostname="5d65ed6453d6" tests="3" skipped="0" failures="0" errors="0" time="0.002">
    <testcase time="0.00100000000000033" classname="character(0)" name="ard_paired_wilcoxtest_works"/>
    <testcase time="0" classname="character(0)" name="ard_paired_wilcoxtest_works"/>
    <testcase time="0.00099999999999989" classname="character(0)" name="ard_paired_wilcoxtest_works"/>
  </testsuite>
</testsuites>
