<?xml version="1.0" encoding="UTF-8"?>
<testsuites>
  <testsuite name="ard_fishertest" timestamp="2024-02-27T15:46:37Z" hostname="b934fefe63a1" tests="2" skipped="0" failures="0" errors="0" time="0.738">
    <testcase time="0.718" classname="character(0)" name="ard_fishertest_works"/>
    <testcase time="0.02" classname="character(0)" name="ard_fishertest_works"/>
  </testsuite>
  <testsuite name="ard_chisqtest" timestamp="2024-02-27T15:46:37Z" hostname="b934fefe63a1" tests="2" skipped="0" failures="0" errors="0" time="0.182">
    <testcase time="0.181" classname="character(0)" name="ard_chisqtest_works"/>
    <testcase time="0.00100000000000011" classname="character(0)" name="ard_chisqtest_works"/>
  </testsuite>
  <testsuite name="ard_chisqtest" timestamp="2024-02-27T15:46:37Z" hostname="b934fefe63a1" tests="1" skipped="1" failures="0" errors="0" time="0.007">
    <testcase time="0.0069999999999999" classname="character(0)" name="shuffle_ard_fills_missing_group_levels_if_the_group_is_meaningful">
      <skipped message="Reason: On CRAN ('test-ard_chisqtest.R:23:3')"/>
    </testcase>
  </testsuite>
  <testsuite name="ard_kruskaltest" timestamp="2024-02-27T15:46:37Z" hostname="b934fefe63a1" tests="3" skipped="1" failures="0" errors="0" time="0.029">
    <testcase time="0.028" classname="character(0)" name="ard_kurskaltest_works"/>
    <testcase time="0.00100000000000011" classname="character(0)" name="ard_kurskaltest_works"/>
    <testcase time="0" classname="character(0)" name="ard_kurskaltest_works">
      <skipped message="Reason: On CRAN ('test-ard_kruskaltest.R:20:3')"/>
    </testcase>
  </testsuite>
  <testsuite name="ard_moodtest" timestamp="2024-02-27T15:46:37Z" hostname="b934fefe63a1" tests="3" skipped="1" failures="0" errors="0" time="0.154">
    <testcase time="0.153" classname="character(0)" name="ard_moodtest_works"/>
    <testcase time="0" classname="character(0)" name="ard_moodtest_works"/>
    <testcase time="0.00099999999999989" classname="character(0)" name="ard_moodtest_works">
      <skipped message="Reason: On CRAN ('test-ard_moodtest.R:20:3')"/>
    </testcase>
  </testsuite>
  <testsuite name="ard_mcnemartest" timestamp="2024-02-27T15:46:37Z" hostname="b934fefe63a1" tests="4" skipped="0" failures="0" errors="0" time="0.045">
    <testcase time="0.042" classname="character(0)" name="ard_mcnemartest_works"/>
    <testcase time="0.00100000000000011" classname="character(0)" name="ard_mcnemartest_works"/>
    <testcase time="0.00099999999999989" classname="character(0)" name="ard_mcnemartest_works"/>
    <testcase time="0.00100000000000011" classname="character(0)" name="ard_mcnemartest_works"/>
  </testsuite>
  <testsuite name="ard_proportion_ci" timestamp="2024-02-27T15:46:38Z" hostname="b934fefe63a1" tests="1" skipped="0" failures="0" errors="0" time="0.393">
    <testcase time="0.393" classname="character(0)" name="ard_proportion_ci_works"/>
  </testsuite>
  <testsuite name="ard_proportion_ci" timestamp="2024-02-27T15:46:38Z" hostname="b934fefe63a1" tests="2" skipped="1" failures="0" errors="0" time="0.002">
    <testcase time="0.00200000000000022" classname="character(0)" name="ard_proportion_ci_method_strat_wilson_works"/>
    <testcase time="0" classname="character(0)" name="ard_proportion_ci_method_strat_wilson_works">
      <skipped message="Reason: On CRAN ('test-ard_proportion_ci.R:50:3')"/>
    </testcase>
  </testsuite>
  <testsuite name="ard_ttest" timestamp="2024-02-27T15:46:38Z" hostname="b934fefe63a1" tests="3" skipped="1" failures="0" errors="0" time="0.345">
    <testcase time="0.344" classname="character(0)" name="ard_ttest_works"/>
    <testcase time="0.00099999999999989" classname="character(0)" name="ard_ttest_works"/>
    <testcase time="0" classname="character(0)" name="ard_ttest_works">
      <skipped message="Reason: On CRAN ('test-ard_ttest.R:25:3')"/>
    </testcase>
  </testsuite>
  <testsuite name="ard_ttest" timestamp="2024-02-27T15:46:38Z" hostname="b934fefe63a1" tests="3" skipped="1" failures="0" errors="0" time="0.011">
    <testcase time="0.0100000000000002" classname="character(0)" name="ard_paired_ttest_works"/>
    <testcase time="0.00099999999999989" classname="character(0)" name="ard_paired_ttest_works"/>
    <testcase time="0" classname="character(0)" name="ard_paired_ttest_works">
      <skipped message="Reason: On CRAN ('test-ard_ttest.R:70:3')"/>
    </testcase>
  </testsuite>
  <testsuite name="ard_regression" timestamp="2024-02-27T15:46:38Z" hostname="b934fefe63a1" tests="1" skipped="1" failures="0" errors="0" time="0.062">
    <testcase time="0.0619999999999998" classname="character(0)" name="ard_regression_works">
      <skipped message="Reason: On CRAN ('test-ard_regression.R:2:3')"/>
    </testcase>
  </testsuite>
  <testsuite name="ard_vif" timestamp="2024-02-27T15:46:38Z" hostname="b934fefe63a1" tests="1" skipped="1" failures="0" errors="0" time="0.132">
    <testcase time="0.132" classname="character(0)" name="ard_vif_works">
      <skipped message="Reason: On CRAN ('test-ard_vif.R:2:3')"/>
    </testcase>
  </testsuite>
  <testsuite name="ard_vif" timestamp="2024-02-27T15:46:38Z" hostname="b934fefe63a1" tests="1" skipped="1" failures="0" errors="0" time="0.01">
    <testcase time="0.0100000000000002" classname="character(0)" name="ard_vif_appropriate_errors_are_given_for_model_with_only_1_term">
      <skipped message="Reason: On CRAN ('test-ard_vif.R:9:3')"/>
    </testcase>
  </testsuite>
  <testsuite name="proportion_ci" timestamp="2024-02-27T15:46:38Z" hostname="b934fefe63a1" tests="1" skipped="1" failures="0" errors="0" time="0.114">
    <testcase time="0.114" classname="character(0)" name="check_the_proportion_ci__functions_work">
      <skipped message="Reason: On CRAN ('test-proportion_ci.R:10:3')"/>
    </testcase>
  </testsuite>
  <testsuite name="proportion_ci" timestamp="2024-02-27T15:46:38Z" hostname="b934fefe63a1" tests="1" skipped="1" failures="0" errors="0" time="0.01">
    <testcase time="0.00999999999999979" classname="character(0)" name="check_the_proportion_ci_strat_wilson_function_works">
      <skipped message="Reason: On CRAN ('test-proportion_ci.R:136:3')"/>
    </testcase>
  </testsuite>
  <testsuite name="ard_wilcoxtest" timestamp="2024-02-27T15:46:38Z" hostname="b934fefe63a1" tests="3" skipped="0" failures="0" errors="0" time="0.091">
    <testcase time="0.0900000000000003" classname="character(0)" name="ard_wilcoxtest_works"/>
    <testcase time="0" classname="character(0)" name="ard_wilcoxtest_works"/>
    <testcase time="0.00099999999999989" classname="character(0)" name="ard_wilcoxtest_works"/>
  </testsuite>
  <testsuite name="ard_wilcoxtest" timestamp="2024-02-27T15:46:38Z" hostname="b934fefe63a1" tests="3" skipped="0" failures="0" errors="0" time="0.002">
    <testcase time="0.00099999999999989" classname="character(0)" name="ard_paired_wilcoxtest_works"/>
    <testcase time="0.00099999999999989" classname="character(0)" name="ard_paired_wilcoxtest_works"/>
    <testcase time="0" classname="character(0)" name="ard_paired_wilcoxtest_works"/>
  </testsuite>
</testsuites>
