<?xml version="1.0" encoding="UTF-8"?>
<testsuites>
  <testsuite name="ard_fishertest" timestamp="2024-02-28T18:03:29Z" hostname="4ab6137b096e" tests="2" skipped="0" failures="0" errors="0" time="0.727">
    <testcase time="0.701" classname="character(0)" name="ard_fishertest_works"/>
    <testcase time="0.0259999999999998" classname="character(0)" name="ard_fishertest_works"/>
  </testsuite>
  <testsuite name="ard_kruskaltest" timestamp="2024-02-28T18:03:29Z" hostname="4ab6137b096e" tests="3" skipped="1" failures="0" errors="0" time="0.181">
    <testcase time="0.179" classname="character(0)" name="ard_kurskaltest_works"/>
    <testcase time="0.00100000000000011" classname="character(0)" name="ard_kurskaltest_works"/>
    <testcase time="0.00099999999999989" classname="character(0)" name="ard_kurskaltest_works">
      <skipped message="Reason: On CRAN ('test-ard_kruskaltest.R:20:3')"/>
    </testcase>
  </testsuite>
  <testsuite name="ard_chisqtest" timestamp="2024-02-28T18:03:29Z" hostname="4ab6137b096e" tests="2" skipped="0" failures="0" errors="0" time="0.036">
    <testcase time="0.036" classname="character(0)" name="ard_chisqtest_works"/>
    <testcase time="0" classname="character(0)" name="ard_chisqtest_works"/>
  </testsuite>
  <testsuite name="ard_chisqtest" timestamp="2024-02-28T18:03:29Z" hostname="4ab6137b096e" tests="1" skipped="1" failures="0" errors="0" time="0.002">
    <testcase time="0.002" classname="character(0)" name="shuffle_ard_fills_missing_group_levels_if_the_group_is_meaningful">
      <skipped message="Reason: On CRAN ('test-ard_chisqtest.R:23:3')"/>
    </testcase>
  </testsuite>
  <testsuite name="ard_moodtest" timestamp="2024-02-28T18:03:30Z" hostname="4ab6137b096e" tests="3" skipped="1" failures="0" errors="0" time="0.139">
    <testcase time="0.138" classname="character(0)" name="ard_moodtest_works"/>
    <testcase time="0.00099999999999989" classname="character(0)" name="ard_moodtest_works"/>
    <testcase time="0" classname="character(0)" name="ard_moodtest_works">
      <skipped message="Reason: On CRAN ('test-ard_moodtest.R:20:3')"/>
    </testcase>
  </testsuite>
  <testsuite name="ard_mcnemartest" timestamp="2024-02-28T18:03:30Z" hostname="4ab6137b096e" tests="4" skipped="0" failures="0" errors="0" time="0.022">
    <testcase time="0.02" classname="character(0)" name="ard_mcnemartest_works"/>
    <testcase time="0" classname="character(0)" name="ard_mcnemartest_works"/>
    <testcase time="0.00099999999999989" classname="character(0)" name="ard_mcnemartest_works"/>
    <testcase time="0.00100000000000011" classname="character(0)" name="ard_mcnemartest_works"/>
  </testsuite>
  <testsuite name="ard_proportion_ci" timestamp="2024-02-28T18:03:30Z" hostname="4ab6137b096e" tests="1" skipped="0" failures="0" errors="0" time="0.405">
    <testcase time="0.405" classname="character(0)" name="ard_proportion_ci_works"/>
  </testsuite>
  <testsuite name="ard_proportion_ci" timestamp="2024-02-28T18:03:30Z" hostname="4ab6137b096e" tests="2" skipped="1" failures="0" errors="0" time="0.002">
    <testcase time="0.00200000000000022" classname="character(0)" name="ard_proportion_ci_method_strat_wilson_works"/>
    <testcase time="0" classname="character(0)" name="ard_proportion_ci_method_strat_wilson_works">
      <skipped message="Reason: On CRAN ('test-ard_proportion_ci.R:50:3')"/>
    </testcase>
  </testsuite>
  <testsuite name="ard_ttest" timestamp="2024-02-28T18:03:30Z" hostname="4ab6137b096e" tests="3" skipped="1" failures="0" errors="0" time="0.333">
    <testcase time="0.332" classname="character(0)" name="ard_ttest_works"/>
    <testcase time="0" classname="character(0)" name="ard_ttest_works"/>
    <testcase time="0.00100000000000033" classname="character(0)" name="ard_ttest_works">
      <skipped message="Reason: On CRAN ('test-ard_ttest.R:25:3')"/>
    </testcase>
  </testsuite>
  <testsuite name="ard_ttest" timestamp="2024-02-28T18:03:30Z" hostname="4ab6137b096e" tests="3" skipped="1" failures="0" errors="0" time="0.011">
    <testcase time="0.00999999999999979" classname="character(0)" name="ard_paired_ttest_works"/>
    <testcase time="0" classname="character(0)" name="ard_paired_ttest_works"/>
    <testcase time="0.00099999999999989" classname="character(0)" name="ard_paired_ttest_works">
      <skipped message="Reason: On CRAN ('test-ard_ttest.R:70:3')"/>
    </testcase>
  </testsuite>
  <testsuite name="ard_regression" timestamp="2024-02-28T18:03:30Z" hostname="4ab6137b096e" tests="1" skipped="1" failures="0" errors="0" time="0.026">
    <testcase time="0.0260000000000002" classname="character(0)" name="ard_regression_works">
      <skipped message="Reason: On CRAN ('test-ard_regression.R:2:3')"/>
    </testcase>
  </testsuite>
  <testsuite name="ard_vif" timestamp="2024-02-28T18:03:30Z" hostname="4ab6137b096e" tests="1" skipped="1" failures="0" errors="0" time="0.161">
    <testcase time="0.161" classname="character(0)" name="ard_vif_works">
      <skipped message="Reason: On CRAN ('test-ard_vif.R:2:3')"/>
    </testcase>
  </testsuite>
  <testsuite name="ard_vif" timestamp="2024-02-28T18:03:31Z" hostname="4ab6137b096e" tests="1" skipped="1" failures="0" errors="0" time="0.018">
    <testcase time="0.0179999999999998" classname="character(0)" name="ard_vif_appropriate_errors_are_given_for_model_with_only_1_term">
      <skipped message="Reason: On CRAN ('test-ard_vif.R:9:3')"/>
    </testcase>
  </testsuite>
  <testsuite name="proportion_ci" timestamp="2024-02-28T18:03:31Z" hostname="4ab6137b096e" tests="1" skipped="1" failures="0" errors="0" time="0.122">
    <testcase time="0.122" classname="character(0)" name="check_the_proportion_ci__functions_work">
      <skipped message="Reason: On CRAN ('test-proportion_ci.R:10:3')"/>
    </testcase>
  </testsuite>
  <testsuite name="proportion_ci" timestamp="2024-02-28T18:03:31Z" hostname="4ab6137b096e" tests="1" skipped="1" failures="0" errors="0" time="0.017">
    <testcase time="0.0170000000000003" classname="character(0)" name="check_the_proportion_ci_strat_wilson_function_works">
      <skipped message="Reason: On CRAN ('test-proportion_ci.R:136:3')"/>
    </testcase>
  </testsuite>
  <testsuite name="ard_wilcoxtest" timestamp="2024-02-28T18:03:31Z" hostname="4ab6137b096e" tests="3" skipped="0" failures="0" errors="0" time="0.07">
    <testcase time="0.069" classname="character(0)" name="ard_wilcoxtest_works"/>
    <testcase time="0.00099999999999989" classname="character(0)" name="ard_wilcoxtest_works"/>
    <testcase time="0" classname="character(0)" name="ard_wilcoxtest_works"/>
  </testsuite>
  <testsuite name="ard_wilcoxtest" timestamp="2024-02-28T18:03:31Z" hostname="4ab6137b096e" tests="3" skipped="0" failures="0" errors="0" time="0.002">
    <testcase time="0.00099999999999989" classname="character(0)" name="ard_paired_wilcoxtest_works"/>
    <testcase time="0.00099999999999989" classname="character(0)" name="ard_paired_wilcoxtest_works"/>
    <testcase time="0" classname="character(0)" name="ard_paired_wilcoxtest_works"/>
  </testsuite>
</testsuites>
