<?xml version="1.0" encoding="UTF-8"?>
<testsuites>
  <testsuite name="ard_chisqtest" timestamp="2024-03-06T20:00:49Z" hostname="8602a629b007" tests="2" skipped="0" failures="0" errors="0" time="0.926">
    <testcase time="0.898" classname="character(0)" name="ard_chisqtest_works"/>
    <testcase time="0.028" classname="character(0)" name="ard_chisqtest_works"/>
  </testsuite>
  <testsuite name="ard_chisqtest" timestamp="2024-03-06T20:00:49Z" hostname="8602a629b007" tests="1" skipped="1" failures="0" errors="0" time="0.011">
    <testcase time="0.0109999999999999" classname="character(0)" name="shuffle_ard_fills_missing_group_levels_if_the_group_is_meaningful">
      <skipped message="Reason: On CRAN ('test-ard_chisqtest.R:25:3')"/>
    </testcase>
  </testsuite>
  <testsuite name="ard_fishertest" timestamp="2024-03-06T20:00:49Z" hostname="8602a629b007" tests="2" skipped="0" failures="0" errors="0" time="0.162">
    <testcase time="0.157" classname="character(0)" name="ard_fishertest_works"/>
    <testcase time="0.00499999999999989" classname="character(0)" name="ard_fishertest_works"/>
  </testsuite>
  <testsuite name="ard_cohens_d" timestamp="2024-03-06T20:00:50Z" hostname="8602a629b007" tests="3" skipped="1" failures="0" errors="0" time="1.002">
    <testcase time="1.001" classname="character(0)" name="ard_cohens_d_works"/>
    <testcase time="0" classname="character(0)" name="ard_cohens_d_works"/>
    <testcase time="0.00100000000000033" classname="character(0)" name="ard_cohens_d_works">
      <skipped message="Reason: On CRAN ('test-ard_cohens_d.R:26:3')"/>
    </testcase>
  </testsuite>
  <testsuite name="ard_cohens_d" timestamp="2024-03-06T20:00:50Z" hostname="8602a629b007" tests="3" skipped="1" failures="0" errors="0" time="0.017">
    <testcase time="0.016" classname="character(0)" name="ard_paired_cohens_d_works"/>
    <testcase time="0.00099999999999989" classname="character(0)" name="ard_paired_cohens_d_works"/>
    <testcase time="0" classname="character(0)" name="ard_paired_cohens_d_works">
      <skipped message="Reason: On CRAN ('test-ard_cohens_d.R:72:3')"/>
    </testcase>
  </testsuite>
  <testsuite name="ard_kruskaltest" timestamp="2024-03-06T20:00:50Z" hostname="8602a629b007" tests="3" skipped="1" failures="0" errors="0" time="0.21">
    <testcase time="0.208" classname="character(0)" name="ard_kurskaltest_works"/>
    <testcase time="0.00099999999999989" classname="character(0)" name="ard_kurskaltest_works"/>
    <testcase time="0.00099999999999989" classname="character(0)" name="ard_kurskaltest_works">
      <skipped message="Reason: On CRAN ('test-ard_kruskaltest.R:22:3')"/>
    </testcase>
  </testsuite>
  <testsuite name="ard_hedges_g" timestamp="2024-03-06T20:00:50Z" hostname="8602a629b007" tests="3" skipped="1" failures="0" errors="0" time="0.017">
    <testcase time="0.016" classname="character(0)" name="ard_hedges_g_works"/>
    <testcase time="0" classname="character(0)" name="ard_hedges_g_works"/>
    <testcase time="0.00099999999999989" classname="character(0)" name="ard_hedges_g_works">
      <skipped message="Reason: On CRAN ('test-ard_hedges_g.R:25:3')"/>
    </testcase>
  </testsuite>
  <testsuite name="ard_hedges_g" timestamp="2024-03-06T20:00:50Z" hostname="8602a629b007" tests="3" skipped="1" failures="0" errors="0" time="0.017">
    <testcase time="0.0150000000000001" classname="character(0)" name="ard_paired_hedges_g_works"/>
    <testcase time="0.00099999999999989" classname="character(0)" name="ard_paired_hedges_g_works"/>
    <testcase time="0.00099999999999989" classname="character(0)" name="ard_paired_hedges_g_works">
      <skipped message="Reason: On CRAN ('test-ard_hedges_g.R:71:3')"/>
    </testcase>
  </testsuite>
  <testsuite name="ard_moodtest" timestamp="2024-03-06T20:00:51Z" hostname="8602a629b007" tests="3" skipped="1" failures="0" errors="0" time="0.164">
    <testcase time="0.162" classname="character(0)" name="ard_moodtest_works"/>
    <testcase time="0.00099999999999989" classname="character(0)" name="ard_moodtest_works"/>
    <testcase time="0.00099999999999989" classname="character(0)" name="ard_moodtest_works">
      <skipped message="Reason: On CRAN ('test-ard_moodtest.R:22:3')"/>
    </testcase>
  </testsuite>
  <testsuite name="ard_mcnemartest" timestamp="2024-03-06T20:00:51Z" hostname="8602a629b007" tests="4" skipped="0" failures="0" errors="0" time="0.044">
    <testcase time="0.0420000000000003" classname="character(0)" name="ard_mcnemartest_works"/>
    <testcase time="0.00099999999999989" classname="character(0)" name="ard_mcnemartest_works"/>
    <testcase time="0" classname="character(0)" name="ard_mcnemartest_works"/>
    <testcase time="0.00099999999999989" classname="character(0)" name="ard_mcnemartest_works"/>
  </testsuite>
  <testsuite name="ard_proptest" timestamp="2024-03-06T20:00:51Z" hostname="8602a629b007" tests="2" skipped="0" failures="0" errors="0" time="0.274">
    <testcase time="0.273" classname="character(0)" name="ard_proptest_works"/>
    <testcase time="0.00099999999999989" classname="character(0)" name="ard_proptest_works"/>
  </testsuite>
  <testsuite name="ard_proptest" timestamp="2024-03-06T20:00:51Z" hostname="8602a629b007" tests="8" skipped="0" failures="0" errors="0" time="0.006">
    <testcase time="0.00200000000000022" classname="character(0)" name="ard_proptest_error_messaging"/>
    <testcase time="0" classname="character(0)" name="ard_proptest_error_messaging"/>
    <testcase time="0.00099999999999989" classname="character(0)" name="ard_proptest_error_messaging"/>
    <testcase time="0.00099999999999989" classname="character(0)" name="ard_proptest_error_messaging"/>
    <testcase time="0" classname="character(0)" name="ard_proptest_error_messaging"/>
    <testcase time="0.00099999999999989" classname="character(0)" name="ard_proptest_error_messaging"/>
    <testcase time="0.00100000000000033" classname="character(0)" name="ard_proptest_error_messaging"/>
    <testcase time="0" classname="character(0)" name="ard_proptest_error_messaging"/>
  </testsuite>
  <testsuite name="ard_proportion_ci" timestamp="2024-03-06T20:00:51Z" hostname="8602a629b007" tests="1" skipped="0" failures="0" errors="0" time="0.357">
    <testcase time="0.357" classname="character(0)" name="ard_proportion_ci_works"/>
  </testsuite>
  <testsuite name="ard_proportion_ci" timestamp="2024-03-06T20:00:51Z" hostname="8602a629b007" tests="2" skipped="1" failures="0" errors="0" time="0.004">
    <testcase time="0.00300000000000011" classname="character(0)" name="ard_proportion_ci_method_strat_wilson_works"/>
    <testcase time="0.00099999999999989" classname="character(0)" name="ard_proportion_ci_method_strat_wilson_works">
      <skipped message="Reason: On CRAN ('test-ard_proportion_ci.R:52:3')"/>
    </testcase>
  </testsuite>
  <testsuite name="ard_regression" timestamp="2024-03-06T20:00:52Z" hostname="8602a629b007" tests="1" skipped="1" failures="0" errors="0" time="0.421">
    <testcase time="0.421" classname="character(0)" name="ard_regression_works">
      <skipped message="Reason: On CRAN ('test-ard_regression.R:4:3')"/>
    </testcase>
  </testsuite>
  <testsuite name="ard_regression_basic" timestamp="2024-03-06T20:00:52Z" hostname="8602a629b007" tests="2" skipped="1" failures="0" errors="0" time="0.045">
    <testcase time="0.0439999999999996" classname="character(0)" name="ard_regression_basic_works"/>
    <testcase time="0.00100000000000033" classname="character(0)" name="ard_regression_basic_works">
      <skipped message="Reason: On CRAN ('test-ard_regression_basic.R:10:3')"/>
    </testcase>
  </testsuite>
  <testsuite name="ard_smd" timestamp="2024-03-06T20:00:52Z" hostname="8602a629b007" tests="2" skipped="0" failures="0" errors="0" time="0.117">
    <testcase time="0.116" classname="character(0)" name="ard_smd_works"/>
    <testcase time="0.00100000000000033" classname="character(0)" name="ard_smd_works"/>
  </testsuite>
  <testsuite name="ard_smd" timestamp="2024-03-06T20:00:52Z" hostname="8602a629b007" tests="4" skipped="0" failures="0" errors="0" time="0.003">
    <testcase time="0.000999999999999446" classname="character(0)" name="ard_proptest_error_messaging"/>
    <testcase time="0.00100000000000033" classname="character(0)" name="ard_proptest_error_messaging"/>
    <testcase time="0.00100000000000033" classname="character(0)" name="ard_proptest_error_messaging"/>
    <testcase time="0" classname="character(0)" name="ard_proptest_error_messaging"/>
  </testsuite>
  <testsuite name="ard_vif" timestamp="2024-03-06T20:00:52Z" hostname="8602a629b007" tests="1" skipped="1" failures="0" errors="0" time="0.176">
    <testcase time="0.176" classname="character(0)" name="ard_vif_works">
      <skipped message="Reason: On CRAN ('test-ard_vif.R:2:3')"/>
    </testcase>
  </testsuite>
  <testsuite name="ard_vif" timestamp="2024-03-06T20:00:52Z" hostname="8602a629b007" tests="1" skipped="1" failures="0" errors="0" time="0.01">
    <testcase time="0.00999999999999979" classname="character(0)" name="ard_vif_appropriate_errors_are_given_for_model_with_only_1_term">
      <skipped message="Reason: On CRAN ('test-ard_vif.R:9:3')"/>
    </testcase>
  </testsuite>
  <testsuite name="ard_ttest" timestamp="2024-03-06T20:00:52Z" hostname="8602a629b007" tests="3" skipped="1" failures="0" errors="0" time="0.019">
    <testcase time="0.0179999999999998" classname="character(0)" name="ard_ttest_works"/>
    <testcase time="0.00100000000000033" classname="character(0)" name="ard_ttest_works"/>
    <testcase time="0" classname="character(0)" name="ard_ttest_works">
      <skipped message="Reason: On CRAN ('test-ard_ttest.R:27:3')"/>
    </testcase>
  </testsuite>
  <testsuite name="ard_ttest" timestamp="2024-03-06T20:00:52Z" hostname="8602a629b007" tests="3" skipped="1" failures="0" errors="0" time="0.017">
    <testcase time="0.016" classname="character(0)" name="ard_paired_ttest_works"/>
    <testcase time="0.000999999999999446" classname="character(0)" name="ard_paired_ttest_works"/>
    <testcase time="0" classname="character(0)" name="ard_paired_ttest_works">
      <skipped message="Reason: On CRAN ('test-ard_ttest.R:72:3')"/>
    </testcase>
  </testsuite>
  <testsuite name="proportion_ci" timestamp="2024-03-06T20:00:52Z" hostname="8602a629b007" tests="1" skipped="1" failures="0" errors="0" time="0.168">
    <testcase time="0.168" classname="character(0)" name="check_the_proportion_ci__functions_work">
      <skipped message="Reason: On CRAN ('test-proportion_ci.R:12:3')"/>
    </testcase>
  </testsuite>
  <testsuite name="proportion_ci" timestamp="2024-03-06T20:00:52Z" hostname="8602a629b007" tests="1" skipped="1" failures="0" errors="0" time="0.018">
    <testcase time="0.0179999999999998" classname="character(0)" name="check_the_proportion_ci_strat_wilson_function_works">
      <skipped message="Reason: On CRAN ('test-proportion_ci.R:138:3')"/>
    </testcase>
  </testsuite>
  <testsuite name="ard_wilcoxtest" timestamp="2024-03-06T20:00:52Z" hostname="8602a629b007" tests="3" skipped="0" failures="0" errors="0" time="0.19">
    <testcase time="0.189" classname="character(0)" name="ard_wilcoxtest_works"/>
    <testcase time="0" classname="character(0)" name="ard_wilcoxtest_works"/>
    <testcase time="0.00100000000000033" classname="character(0)" name="ard_wilcoxtest_works"/>
  </testsuite>
  <testsuite name="ard_wilcoxtest" timestamp="2024-03-06T20:00:52Z" hostname="8602a629b007" tests="3" skipped="0" failures="0" errors="0" time="0.002">
    <testcase time="0.00100000000000033" classname="character(0)" name="ard_paired_wilcoxtest_works"/>
    <testcase time="0.000999999999999446" classname="character(0)" name="ard_paired_wilcoxtest_works"/>
    <testcase time="0" classname="character(0)" name="ard_paired_wilcoxtest_works"/>
  </testsuite>
</testsuites>
