<?xml version="1.0" encoding="UTF-8"?>
<testsuites>
  <testsuite name="ard_kruskaltest" timestamp="2024-02-09T18:47:10Z" hostname="f233868e9bca" tests="2" skipped="0" failures="0" errors="1" time="0.896">
    <testcase time="0.871" classname="character(0)" name="ard_kurskaltest_works"/>
    <testcase time="0.0249999999999999" classname="character(0)" name="ard_kurskaltest_works">
      <error type="error" message="Error in `eval(substitute(expr), data, enclos = parent.frame())`: object 'AGEG' not found ('test-ard_kruskaltest.R:9:3')">Error in `eval(substitute(expr), data, enclos = parent.frame())`: object 'AGEG' not found
Backtrace:
     ▆
  1. ├─testthat::expect_equal(...) at test-ard_kruskaltest.R:9:3
  2. │ └─testthat::quasi_label(enquo(expected), expected.label, arg = "expected")
  3. │   └─rlang::eval_bare(expr, quo_get_env(quo))
  4. ├─dplyr::select(...)
  5. ├─broom::tidy(with(cards::ADSL, kruskal.test(AGEG, ARM)))
  6. ├─base::with(cards::ADSL, kruskal.test(AGEG, ARM))
  7. └─base::with.default(cards::ADSL, kruskal.test(AGEG, ARM))
  8.   └─base::eval(substitute(expr), data, enclos = parent.frame())
  9.     └─base::eval(substitute(expr), data, enclos = parent.frame())
 10.       └─stats::kruskal.test(AGEG, ARM)</error>
    </testcase>
  </testsuite>
  <testsuite name="ard_kruskaltest" timestamp="2024-02-09T18:47:10Z" hostname="f233868e9bca" tests="1" skipped="1" failures="0" errors="0" time="0.048">
    <testcase time="0.048" classname="character(0)" name="shuffle_ard_fills_missing_group_levels_if_the_group_is_meaningful">
      <skipped message="Reason: On CRAN ('test-ard_kruskaltest.R:23:3')"/>
    </testcase>
  </testsuite>
  <testsuite name="ard_ttest" timestamp="2024-02-09T18:47:10Z" hostname="f233868e9bca" tests="3" skipped="1" failures="0" errors="0" time="0.122">
    <testcase time="0.12" classname="character(0)" name="ard_ttest_works"/>
    <testcase time="0.00100000000000011" classname="character(0)" name="ard_ttest_works"/>
    <testcase time="0.00099999999999989" classname="character(0)" name="ard_ttest_works">
      <skipped message="Reason: On CRAN ('test-ard_ttest.R:25:3')"/>
    </testcase>
  </testsuite>
  <testsuite name="ard_ttest" timestamp="2024-02-09T18:47:10Z" hostname="f233868e9bca" tests="3" skipped="1" failures="0" errors="0" time="0.019">
    <testcase time="0.0170000000000001" classname="character(0)" name="ard_paired_ttest_works"/>
    <testcase time="0.00099999999999989" classname="character(0)" name="ard_paired_ttest_works"/>
    <testcase time="0.00100000000000011" classname="character(0)" name="ard_paired_ttest_works">
      <skipped message="Reason: On CRAN ('test-ard_ttest.R:70:3')"/>
    </testcase>
  </testsuite>
  <testsuite name="ard_wilcoxtest" timestamp="2024-02-09T18:47:10Z" hostname="f233868e9bca" tests="3" skipped="0" failures="0" errors="0" time="0.255">
    <testcase time="0.254" classname="character(0)" name="ard_wilcoxtest_works"/>
    <testcase time="0.00099999999999989" classname="character(0)" name="ard_wilcoxtest_works"/>
    <testcase time="0" classname="character(0)" name="ard_wilcoxtest_works"/>
  </testsuite>
  <testsuite name="ard_wilcoxtest" timestamp="2024-02-09T18:47:10Z" hostname="f233868e9bca" tests="3" skipped="0" failures="0" errors="0" time="0.003">
    <testcase time="0.002" classname="character(0)" name="ard_paired_wilcoxtest_works"/>
    <testcase time="0" classname="character(0)" name="ard_paired_wilcoxtest_works"/>
    <testcase time="0.00100000000000011" classname="character(0)" name="ard_paired_wilcoxtest_works"/>
  </testsuite>
</testsuites>
