<?xml version="1.0" encoding="UTF-8"?>
<testsuites>
  <testsuite name="ard_kwtest" timestamp="2024-02-08T14:55:28Z" hostname="52bbf9a07d8d" tests="2" skipped="0" failures="0" errors="0" time="0.931">
    <testcase time="0.915" classname="character(0)" name="ard_kurskaltest_works"/>
    <testcase time="0.016" classname="character(0)" name="ard_kurskaltest_works"/>
  </testsuite>
  <testsuite name="ard_kwtest" timestamp="2024-02-08T14:55:28Z" hostname="52bbf9a07d8d" tests="1" skipped="1" failures="0" errors="0" time="0.009">
    <testcase time="0.00900000000000012" classname="character(0)" name="shuffle_ard_fills_missing_group_levels_if_the_group_is_meaningful">
      <skipped message="Reason: On CRAN ('test-ard_kwtest.R:23:3')"/>
    </testcase>
  </testsuite>
  <testsuite name="ard_ttest" timestamp="2024-02-08T14:55:28Z" hostname="52bbf9a07d8d" tests="3" skipped="1" failures="0" errors="0" time="0.155">
    <testcase time="0.154" classname="character(0)" name="ard_ttest_works"/>
    <testcase time="0.00099999999999989" classname="character(0)" name="ard_ttest_works"/>
    <testcase time="0" classname="character(0)" name="ard_ttest_works">
      <skipped message="Reason: On CRAN ('test-ard_ttest.R:25:3')"/>
    </testcase>
  </testsuite>
  <testsuite name="ard_ttest" timestamp="2024-02-08T14:55:28Z" hostname="52bbf9a07d8d" tests="3" skipped="1" failures="0" errors="0" time="0.021">
    <testcase time="0.02" classname="character(0)" name="ard_paired_ttest_works"/>
    <testcase time="0.00100000000000011" classname="character(0)" name="ard_paired_ttest_works"/>
    <testcase time="0" classname="character(0)" name="ard_paired_ttest_works">
      <skipped message="Reason: On CRAN ('test-ard_ttest.R:70:3')"/>
    </testcase>
  </testsuite>
</testsuites>
