<?xml version="1.0" encoding="UTF-8"?>
<testsuites>
  <testsuite name="ard_kruskaltest" timestamp="2024-02-09T18:43:00Z" hostname="a7c009409a83" tests="2" skipped="0" failures="1" errors="0" time="1.049">
    <testcase time="1.034" classname="character(0)" name="ard_kurskaltest_works"/>
    <testcase time="0.0150000000000001" classname="character(0)" name="ard_kurskaltest_works">
      <failure type="failure" message="cards::get_ard_statistics(...) (`actual`) not equal to unclass(...) (`expected`). ('test-ard_kruskaltest.R:9:3')">cards::get_ard_statistics(...) (`actual`) not equal to unclass(...) (`expected`).

  `actual[[1]]`: 2
`expected[[1]]`: 5

  `actual[[2]]`: 0.4
`expected[[2]]`: 0.1</failure>
    </testcase>
  </testsuite>
  <testsuite name="ard_kruskaltest" timestamp="2024-02-09T18:43:00Z" hostname="a7c009409a83" tests="1" skipped="1" failures="0" errors="0" time="0.036">
    <testcase time="0.036" classname="character(0)" name="shuffle_ard_fills_missing_group_levels_if_the_group_is_meaningful">
      <skipped message="Reason: On CRAN ('test-ard_kruskaltest.R:23:3')"/>
    </testcase>
  </testsuite>
  <testsuite name="ard_ttest" timestamp="2024-02-09T18:43:00Z" hostname="a7c009409a83" tests="3" skipped="1" failures="0" errors="0" time="0.043">
    <testcase time="0.0419999999999998" classname="character(0)" name="ard_ttest_works"/>
    <testcase time="0.00100000000000011" classname="character(0)" name="ard_ttest_works"/>
    <testcase time="0" classname="character(0)" name="ard_ttest_works">
      <skipped message="Reason: On CRAN ('test-ard_ttest.R:25:3')"/>
    </testcase>
  </testsuite>
  <testsuite name="ard_ttest" timestamp="2024-02-09T18:43:00Z" hostname="a7c009409a83" tests="3" skipped="1" failures="0" errors="0" time="0.011">
    <testcase time="0.01" classname="character(0)" name="ard_paired_ttest_works"/>
    <testcase time="0.00099999999999989" classname="character(0)" name="ard_paired_ttest_works"/>
    <testcase time="0" classname="character(0)" name="ard_paired_ttest_works">
      <skipped message="Reason: On CRAN ('test-ard_ttest.R:70:3')"/>
    </testcase>
  </testsuite>
  <testsuite name="ard_wilcoxtest" timestamp="2024-02-09T18:43:01Z" hostname="a7c009409a83" tests="3" skipped="0" failures="0" errors="0" time="0.331">
    <testcase time="0.327" classname="character(0)" name="ard_wilcoxtest_works"/>
    <testcase time="0.00300000000000011" classname="character(0)" name="ard_wilcoxtest_works"/>
    <testcase time="0.00099999999999989" classname="character(0)" name="ard_wilcoxtest_works"/>
  </testsuite>
  <testsuite name="ard_wilcoxtest" timestamp="2024-02-09T18:43:01Z" hostname="a7c009409a83" tests="3" skipped="0" failures="0" errors="0" time="0.002">
    <testcase time="0.00100000000000033" classname="character(0)" name="ard_paired_wilcoxtest_works"/>
    <testcase time="0" classname="character(0)" name="ard_paired_wilcoxtest_works"/>
    <testcase time="0.00099999999999989" classname="character(0)" name="ard_paired_wilcoxtest_works"/>
  </testsuite>
</testsuites>
