<?xml version="1.0" encoding="UTF-8"?>
<testsuites>
  <testsuite name="ard_car_vif" timestamp="2024-04-12T04:03:42Z" hostname="4b682bf48e98" tests="1" skipped="1" failures="0" errors="0" time="0.779">
    <testcase time="0.779" classname="character(0)" name="ard_car_vif_works">
      <skipped message="Reason: On CRAN ('test-ard_car_vif.R:2:3')"/>
    </testcase>
  </testsuite>
  <testsuite name="ard_car_vif" timestamp="2024-04-12T04:03:42Z" hostname="4b682bf48e98" tests="1" skipped="1" failures="0" errors="0" time="0.045">
    <testcase time="0.0449999999999999" classname="character(0)" name="ard_car_vif_appropriate_errors_are_given_for_model_with_only_1_term">
      <skipped message="Reason: On CRAN ('test-ard_car_vif.R:16:3')"/>
    </testcase>
  </testsuite>
  <testsuite name="ard_car_vif" timestamp="2024-04-12T04:03:42Z" hostname="4b682bf48e98" tests="1" skipped="1" failures="0" errors="0" time="0.031">
    <testcase time="0.0309999999999999" classname="character(0)" name="ard_vif_issues_friendly_messaging_for_incorrect_object_passed_in_can_t_get_terms_of_model">
      <skipped message="Reason: On CRAN ('test-ard_car_vif.R:33:3')"/>
    </testcase>
  </testsuite>
  <testsuite name="ard_car_anova" timestamp="2024-04-12T04:03:43Z" hostname="4b682bf48e98" tests="3" skipped="1" failures="0" errors="0" time="0.927">
    <testcase time="0.925" classname="character(0)" name="ard_car_anova_works"/>
    <testcase time="0.00099999999999989" classname="character(0)" name="ard_car_anova_works"/>
    <testcase time="0.00099999999999989" classname="character(0)" name="ard_car_anova_works">
      <skipped message="Reason: On CRAN ('test-ard_car_anova.R:12:3')"/>
    </testcase>
  </testsuite>
  <testsuite name="ard_car_anova" timestamp="2024-04-12T04:03:43Z" hostname="4b682bf48e98" tests="1" skipped="1" failures="0" errors="0" time="0.012">
    <testcase time="0.012" classname="character(0)" name="ard_car_anova_messaging">
      <skipped message="Reason: On CRAN ('test-ard_car_anova.R:16:3')"/>
    </testcase>
  </testsuite>
  <testsuite name="ard_effectsize_cohens_d" timestamp="2024-04-12T04:03:43Z" hostname="4b682bf48e98" tests="3" skipped="1" failures="0" errors="0" time="0.352">
    <testcase time="0.35" classname="character(0)" name="ard_effectsize_cohens_d_works"/>
    <testcase time="0.00099999999999989" classname="character(0)" name="ard_effectsize_cohens_d_works"/>
    <testcase time="0.00099999999999989" classname="character(0)" name="ard_effectsize_cohens_d_works">
      <skipped message="Reason: On CRAN ('test-ard_effectsize_cohens_d.R:29:3')"/>
    </testcase>
  </testsuite>
  <testsuite name="ard_effectsize_cohens_d" timestamp="2024-04-12T04:03:43Z" hostname="4b682bf48e98" tests="3" skipped="1" failures="0" errors="0" time="0.019">
    <testcase time="0.0170000000000003" classname="character(0)" name="ard_effectsize_paired_cohens_d_works"/>
    <testcase time="0.00099999999999989" classname="character(0)" name="ard_effectsize_paired_cohens_d_works"/>
    <testcase time="0.00099999999999989" classname="character(0)" name="ard_effectsize_paired_cohens_d_works">
      <skipped message="Reason: On CRAN ('test-ard_effectsize_cohens_d.R:86:3')"/>
    </testcase>
  </testsuite>
  <testsuite name="ard_effectsize_hedges_g" timestamp="2024-04-12T04:03:43Z" hostname="4b682bf48e98" tests="3" skipped="1" failures="0" errors="0" time="0.194">
    <testcase time="0.192" classname="character(0)" name="ard_effectsize_hedges_g_works"/>
    <testcase time="0.00099999999999989" classname="character(0)" name="ard_effectsize_hedges_g_works"/>
    <testcase time="0.00099999999999989" classname="character(0)" name="ard_effectsize_hedges_g_works">
      <skipped message="Reason: On CRAN ('test-ard_effectsize_hedges_g.R:27:3')"/>
    </testcase>
  </testsuite>
  <testsuite name="ard_effectsize_hedges_g" timestamp="2024-04-12T04:03:43Z" hostname="4b682bf48e98" tests="3" skipped="1" failures="0" errors="0" time="0.011">
    <testcase time="0.0100000000000002" classname="character(0)" name="ard_effectsize_paired_hedges_g_works"/>
    <testcase time="0" classname="character(0)" name="ard_effectsize_paired_hedges_g_works"/>
    <testcase time="0.00099999999999989" classname="character(0)" name="ard_effectsize_paired_hedges_g_works">
      <skipped message="Reason: On CRAN ('test-ard_effectsize_hedges_g.R:86:3')"/>
    </testcase>
  </testsuite>
  <testsuite name="ard_proportion_ci" timestamp="2024-04-12T04:03:44Z" hostname="4b682bf48e98" tests="1" skipped="0" failures="0" errors="0" time="0.249">
    <testcase time="0.249" classname="character(0)" name="ard_proportion_ci_works"/>
  </testsuite>
  <testsuite name="ard_proportion_ci" timestamp="2024-04-12T04:03:44Z" hostname="4b682bf48e98" tests="2" skipped="1" failures="0" errors="0" time="0.003">
    <testcase time="0.00299999999999967" classname="character(0)" name="ard_proportion_ci_method_strat_wilson_works"/>
    <testcase time="0" classname="character(0)" name="ard_proportion_ci_method_strat_wilson_works">
      <skipped message="Reason: On CRAN ('test-ard_proportion_ci.R:52:3')"/>
    </testcase>
  </testsuite>
  <testsuite name="ard_regression" timestamp="2024-04-12T04:03:44Z" hostname="4b682bf48e98" tests="1" skipped="1" failures="0" errors="0" time="0.512">
    <testcase time="0.512" classname="character(0)" name="ard_regression_works">
      <skipped message="Reason: On CRAN ('test-ard_regression.R:4:3')"/>
    </testcase>
  </testsuite>
  <testsuite name="ard_regression_basic" timestamp="2024-04-12T04:03:44Z" hostname="4b682bf48e98" tests="2" skipped="1" failures="0" errors="0" time="0.085">
    <testcase time="0.0840000000000001" classname="character(0)" name="ard_regression_basic_works"/>
    <testcase time="0.00100000000000033" classname="character(0)" name="ard_regression_basic_works">
      <skipped message="Reason: On CRAN ('test-ard_regression_basic.R:10:3')"/>
    </testcase>
  </testsuite>
  <testsuite name="ard_stats_aov" timestamp="2024-04-12T04:03:44Z" hostname="4b682bf48e98" tests="3" skipped="1" failures="0" errors="0" time="0.214">
    <testcase time="0.213" classname="character(0)" name="ard_aov_works"/>
    <testcase time="0.00100000000000033" classname="character(0)" name="ard_aov_works"/>
    <testcase time="0" classname="character(0)" name="ard_aov_works">
      <skipped message="Reason: On CRAN ('test-ard_stats_aov.R:25:3')"/>
    </testcase>
  </testsuite>
  <testsuite name="ard_smd_smd" timestamp="2024-04-12T04:03:45Z" hostname="4b682bf48e98" tests="3" skipped="0" failures="0" errors="0" time="0.191">
    <testcase time="0.189" classname="character(0)" name="ard_smd_smd_works"/>
    <testcase time="0.000999999999999446" classname="character(0)" name="ard_smd_smd_works"/>
    <testcase time="0.00100000000000033" classname="character(0)" name="ard_smd_smd_works"/>
  </testsuite>
  <testsuite name="ard_smd_smd" timestamp="2024-04-12T04:03:45Z" hostname="4b682bf48e98" tests="2" skipped="0" failures="0" errors="0" time="0.002">
    <testcase time="0.00100000000000033" classname="character(0)" name="ard_smd_works_with_survey_data"/>
    <testcase time="0.000999999999999446" classname="character(0)" name="ard_smd_works_with_survey_data"/>
  </testsuite>
  <testsuite name="ard_smd_smd" timestamp="2024-04-12T04:03:45Z" hostname="4b682bf48e98" tests="4" skipped="0" failures="0" errors="0" time="0.002">
    <testcase time="0.00100000000000033" classname="character(0)" name="ard_proptest_error_messaging"/>
    <testcase time="0" classname="character(0)" name="ard_proptest_error_messaging"/>
    <testcase time="0.000999999999999446" classname="character(0)" name="ard_proptest_error_messaging"/>
    <testcase time="0" classname="character(0)" name="ard_proptest_error_messaging"/>
  </testsuite>
  <testsuite name="ard_stats_chisq_test" timestamp="2024-04-12T04:03:45Z" hostname="4b682bf48e98" tests="3" skipped="0" failures="0" errors="0" time="0.121">
    <testcase time="0.119000000000001" classname="character(0)" name="ard_stats_chisq_test_works"/>
    <testcase time="0.000999999999999446" classname="character(0)" name="ard_stats_chisq_test_works"/>
    <testcase time="0.00100000000000033" classname="character(0)" name="ard_stats_chisq_test_works"/>
  </testsuite>
  <testsuite name="ard_stats_chisq_test" timestamp="2024-04-12T04:03:45Z" hostname="4b682bf48e98" tests="1" skipped="1" failures="0" errors="0" time="0.002">
    <testcase time="0.00199999999999978" classname="character(0)" name="shuffle_ard_fills_missing_group_levels_if_the_group_is_meaningful">
      <skipped message="Reason: On CRAN ('test-ard_stats_chisq_test.R:36:3')"/>
    </testcase>
  </testsuite>
  <testsuite name="ard_stats_fisher_test" timestamp="2024-04-12T04:03:45Z" hostname="4b682bf48e98" tests="3" skipped="0" failures="0" errors="0" time="0.066">
    <testcase time="0.0640000000000001" classname="character(0)" name="ard_stats_fisher_test_works"/>
    <testcase time="0.00100000000000033" classname="character(0)" name="ard_stats_fisher_test_works"/>
    <testcase time="0.000999999999999446" classname="character(0)" name="ard_stats_fisher_test_works"/>
  </testsuite>
  <testsuite name="ard_stats_kruskal_test" timestamp="2024-04-12T04:03:45Z" hostname="4b682bf48e98" tests="3" skipped="1" failures="0" errors="0" time="0.092">
    <testcase time="0.0910000000000002" classname="character(0)" name="ard_stats_kruskal_test_works"/>
    <testcase time="0.00100000000000033" classname="character(0)" name="ard_stats_kruskal_test_works"/>
    <testcase time="0" classname="character(0)" name="ard_stats_kruskal_test_works">
      <skipped message="Reason: On CRAN ('test-ard_stats_kruskal_test.R:22:3')"/>
    </testcase>
  </testsuite>
  <testsuite name="ard_stats_mood_test" timestamp="2024-04-12T04:03:45Z" hostname="4b682bf48e98" tests="3" skipped="1" failures="0" errors="0" time="0.15">
    <testcase time="0.149" classname="character(0)" name="ard_stats_mood_test_works"/>
    <testcase time="0" classname="character(0)" name="ard_stats_mood_test_works"/>
    <testcase time="0.000999999999999446" classname="character(0)" name="ard_stats_mood_test_works">
      <skipped message="Reason: On CRAN ('test-ard_stats_mood_test.R:22:3')"/>
    </testcase>
  </testsuite>
  <testsuite name="ard_stats_mcnemar_test" timestamp="2024-04-12T04:03:45Z" hostname="4b682bf48e98" tests="5" skipped="0" failures="0" errors="0" time="0.03">
    <testcase time="0.0270000000000001" classname="character(0)" name="ard_stats_mcnemar_test_works"/>
    <testcase time="0.00100000000000033" classname="character(0)" name="ard_stats_mcnemar_test_works"/>
    <testcase time="0.00100000000000033" classname="character(0)" name="ard_stats_mcnemar_test_works"/>
    <testcase time="0.000999999999999446" classname="character(0)" name="ard_stats_mcnemar_test_works"/>
    <testcase time="0" classname="character(0)" name="ard_stats_mcnemar_test_works"/>
  </testsuite>
  <testsuite name="ard_stats_oneway_test" timestamp="2024-04-12T04:03:45Z" hostname="4b682bf48e98" tests="3" skipped="1" failures="0" errors="0" time="0.137">
    <testcase time="0.136" classname="character(0)" name="ard_stats_oneway_test_works"/>
    <testcase time="0.00100000000000033" classname="character(0)" name="ard_stats_oneway_test_works"/>
    <testcase time="0" classname="character(0)" name="ard_stats_oneway_test_works">
      <skipped message="Reason: On CRAN ('test-ard_stats_oneway_test.R:24:3')"/>
    </testcase>
  </testsuite>
  <testsuite name="ard_stats_prop_test" timestamp="2024-04-12T04:03:46Z" hostname="4b682bf48e98" tests="3" skipped="0" failures="0" errors="0" time="0.305">
    <testcase time="0.303" classname="character(0)" name="ard_stats_prop_test_works"/>
    <testcase time="0.000999999999999446" classname="character(0)" name="ard_stats_prop_test_works"/>
    <testcase time="0.00100000000000033" classname="character(0)" name="ard_stats_prop_test_works"/>
  </testsuite>
  <testsuite name="ard_stats_prop_test" timestamp="2024-04-12T04:03:46Z" hostname="4b682bf48e98" tests="8" skipped="0" failures="0" errors="0" time="0.008">
    <testcase time="0.00199999999999978" classname="character(0)" name="ard_stats_prop_test_error_messaging"/>
    <testcase time="0.00100000000000033" classname="character(0)" name="ard_stats_prop_test_error_messaging"/>
    <testcase time="0.000999999999999446" classname="character(0)" name="ard_stats_prop_test_error_messaging"/>
    <testcase time="0" classname="character(0)" name="ard_stats_prop_test_error_messaging"/>
    <testcase time="0.00100000000000033" classname="character(0)" name="ard_stats_prop_test_error_messaging"/>
    <testcase time="0.00100000000000033" classname="character(0)" name="ard_stats_prop_test_error_messaging"/>
    <testcase time="0.000999999999999446" classname="character(0)" name="ard_stats_prop_test_error_messaging"/>
    <testcase time="0.00100000000000033" classname="character(0)" name="ard_stats_prop_test_error_messaging"/>
  </testsuite>
  <testsuite name="ard_stats_t_test" timestamp="2024-04-12T04:03:46Z" hostname="4b682bf48e98" tests="5" skipped="1" failures="0" errors="0" time="0.047">
    <testcase time="0.0449999999999999" classname="character(0)" name="ard_stats_t_test_works"/>
    <testcase time="0" classname="character(0)" name="ard_stats_t_test_works"/>
    <testcase time="0.00100000000000033" classname="character(0)" name="ard_stats_t_test_works"/>
    <testcase time="0" classname="character(0)" name="ard_stats_t_test_works"/>
    <testcase time="0.000999999999999446" classname="character(0)" name="ard_stats_t_test_works">
      <skipped message="Reason: On CRAN ('test-ard_stats_t_test.R:47:3')"/>
    </testcase>
  </testsuite>
  <testsuite name="ard_stats_t_test" timestamp="2024-04-12T04:03:46Z" hostname="4b682bf48e98" tests="3" skipped="1" failures="0" errors="0" time="0.014">
    <testcase time="0.0129999999999999" classname="character(0)" name="ard_stats_paired_t_test_works"/>
    <testcase time="0" classname="character(0)" name="ard_stats_paired_t_test_works"/>
    <testcase time="0.00100000000000033" classname="character(0)" name="ard_stats_paired_t_test_works">
      <skipped message="Reason: On CRAN ('test-ard_stats_t_test.R:105:3')"/>
    </testcase>
  </testsuite>
  <testsuite name="ard_survey_svychisq" timestamp="2024-04-12T04:03:46Z" hostname="4b682bf48e98" tests="3" skipped="1" failures="0" errors="0" time="0.42">
    <testcase time="0.419" classname="character(0)" name="ard_survey_svychisq_works"/>
    <testcase time="0.000999999999999446" classname="character(0)" name="ard_survey_svychisq_works"/>
    <testcase time="0" classname="character(0)" name="ard_survey_svychisq_works">
      <skipped message="Reason: On CRAN ('test-ard_survey_svychisq.R:28:3')"/>
    </testcase>
  </testsuite>
  <testsuite name="ard_stats_wilcox_test" timestamp="2024-04-12T04:03:46Z" hostname="4b682bf48e98" tests="6" skipped="0" failures="0" errors="0" time="0.061">
    <testcase time="0.056" classname="character(0)" name="ard_stats_wilcox_test_works"/>
    <testcase time="0.00100000000000033" classname="character(0)" name="ard_stats_wilcox_test_works"/>
    <testcase time="0.000999999999999446" classname="character(0)" name="ard_stats_wilcox_test_works"/>
    <testcase time="0.00100000000000033" classname="character(0)" name="ard_stats_wilcox_test_works"/>
    <testcase time="0.00100000000000033" classname="character(0)" name="ard_stats_wilcox_test_works"/>
    <testcase time="0.000999999999999446" classname="character(0)" name="ard_stats_wilcox_test_works"/>
  </testsuite>
  <testsuite name="ard_stats_wilcox_test" timestamp="2024-04-12T04:03:46Z" hostname="4b682bf48e98" tests="3" skipped="0" failures="0" errors="0" time="0.007">
    <testcase time="0.00499999999999989" classname="character(0)" name="ard_stats_paired_wilcox_test_works"/>
    <testcase time="0.00100000000000033" classname="character(0)" name="ard_stats_paired_wilcox_test_works"/>
    <testcase time="0.00100000000000033" classname="character(0)" name="ard_stats_paired_wilcox_test_works"/>
  </testsuite>
  <testsuite name="ard_survey_svyranktest" timestamp="2024-04-12T04:03:46Z" hostname="4b682bf48e98" tests="1" skipped="1" failures="0" errors="0" time="0.347">
    <testcase time="0.347" classname="character(0)" name="ard_survey_svyranktest_works">
      <skipped message="Reason: On CRAN ('test-ard_survey_svyranktest.R:18:3')"/>
    </testcase>
  </testsuite>
  <testsuite name="ard_survey_svyranktest" timestamp="2024-04-12T04:03:46Z" hostname="4b682bf48e98" tests="1" skipped="0" failures="0" errors="0" time="0.011">
    <testcase time="0.0110000000000001" classname="character(0)" name="exact_values_match_for_ard_svyranktest_works"/>
  </testsuite>
  <testsuite name="ard_survey_svyttest" timestamp="2024-04-12T04:03:47Z" hostname="4b682bf48e98" tests="4" skipped="0" failures="0" errors="0" time="0.334">
    <testcase time="0.332" classname="character(0)" name="ard_survey_svyttest_works"/>
    <testcase time="0.00100000000000033" classname="character(0)" name="ard_survey_svyttest_works"/>
    <testcase time="0" classname="character(0)" name="ard_survey_svyttest_works"/>
    <testcase time="0.000999999999999446" classname="character(0)" name="ard_survey_svyttest_works"/>
  </testsuite>
  <testsuite name="ard_survey_svyttest" timestamp="2024-04-12T04:03:47Z" hostname="4b682bf48e98" tests="2" skipped="0" failures="0" errors="0" time="0.004">
    <testcase time="0.00400000000000045" classname="character(0)" name="ard_survey_svyttest_messaging"/>
    <testcase time="0" classname="character(0)" name="ard_survey_svyttest_messaging"/>
  </testsuite>
  <testsuite name="ard_survey_svycontinuous" timestamp="2024-04-12T04:03:48Z" hostname="4b682bf48e98" tests="12" skipped="1" failures="0" errors="0" time="1.021">
    <testcase time="1.013" classname="character(0)" name="unstratified_ard_survey_svycontinuous_works"/>
    <testcase time="0" classname="character(0)" name="unstratified_ard_survey_svycontinuous_works"/>
    <testcase time="0.00100000000000033" classname="character(0)" name="unstratified_ard_survey_svycontinuous_works"/>
    <testcase time="0.000999999999999446" classname="character(0)" name="unstratified_ard_survey_svycontinuous_works"/>
    <testcase time="0.00100000000000033" classname="character(0)" name="unstratified_ard_survey_svycontinuous_works"/>
    <testcase time="0.00100000000000033" classname="character(0)" name="unstratified_ard_survey_svycontinuous_works"/>
    <testcase time="0.000999999999999446" classname="character(0)" name="unstratified_ard_survey_svycontinuous_works"/>
    <testcase time="0.00100000000000033" classname="character(0)" name="unstratified_ard_survey_svycontinuous_works"/>
    <testcase time="0" classname="character(0)" name="unstratified_ard_survey_svycontinuous_works"/>
    <testcase time="0" classname="character(0)" name="unstratified_ard_survey_svycontinuous_works"/>
    <testcase time="0.00100000000000033" classname="character(0)" name="unstratified_ard_survey_svycontinuous_works"/>
    <testcase time="0.00100000000000033" classname="character(0)" name="unstratified_ard_survey_svycontinuous_works">
      <skipped message="Reason: On CRAN ('test-ard_survey_svycontinuous.R:70:3')"/>
    </testcase>
  </testsuite>
  <testsuite name="ard_survey_svycontinuous" timestamp="2024-04-12T04:03:48Z" hostname="4b682bf48e98" tests="11" skipped="0" failures="0" errors="0" time="0.045">
    <testcase time="0.0179999999999998" classname="character(0)" name="stratified_ard_survey_svycontinuous_works"/>
    <testcase time="0.000999999999999446" classname="character(0)" name="stratified_ard_survey_svycontinuous_works"/>
    <testcase time="0" classname="character(0)" name="stratified_ard_survey_svycontinuous_works"/>
    <testcase time="0.00100000000000033" classname="character(0)" name="stratified_ard_survey_svycontinuous_works"/>
    <testcase time="0.0200000000000005" classname="character(0)" name="stratified_ard_survey_svycontinuous_works"/>
    <testcase time="0.000999999999999446" classname="character(0)" name="stratified_ard_survey_svycontinuous_works"/>
    <testcase time="0.00100000000000033" classname="character(0)" name="stratified_ard_survey_svycontinuous_works"/>
    <testcase time="0.000999999999999446" classname="character(0)" name="stratified_ard_survey_svycontinuous_works"/>
    <testcase time="0.00100000000000033" classname="character(0)" name="stratified_ard_survey_svycontinuous_works"/>
    <testcase time="0.00100000000000033" classname="character(0)" name="stratified_ard_survey_svycontinuous_works"/>
    <testcase time="0" classname="character(0)" name="stratified_ard_survey_svycontinuous_works"/>
  </testsuite>
  <testsuite name="ard_survey_svycontinuous" timestamp="2024-04-12T04:03:48Z" hostname="4b682bf48e98" tests="4" skipped="0" failures="0" errors="0" time="0.003">
    <testcase time="0.00199999999999978" classname="character(0)" name="ard_survey_svycontinuous_NA_handling"/>
    <testcase time="0" classname="character(0)" name="ard_survey_svycontinuous_NA_handling"/>
    <testcase time="0.00100000000000033" classname="character(0)" name="ard_survey_svycontinuous_NA_handling"/>
    <testcase time="0" classname="character(0)" name="ard_survey_svycontinuous_NA_handling"/>
  </testsuite>
  <testsuite name="ard_survey_svycontinuous" timestamp="2024-04-12T04:03:48Z" hostname="4b682bf48e98" tests="2" skipped="0" failures="0" errors="0" time="0.002">
    <testcase time="0.00199999999999978" classname="character(0)" name="ard_survey_svycontinuous_error_handling"/>
    <testcase time="0" classname="character(0)" name="ard_survey_svycontinuous_error_handling"/>
  </testsuite>
  <testsuite name="ard_survey_svycontinuous" timestamp="2024-04-12T04:03:48Z" hostname="4b682bf48e98" tests="1" skipped="1" failures="0" errors="0" time="0.002">
    <testcase time="0.00199999999999978" classname="character(0)" name="ard_survey_svycontinuous_fmt_fn_">
      <skipped message="Reason: On CRAN ('test-ard_survey_svycontinuous.R:322:3')"/>
    </testcase>
  </testsuite>
  <testsuite name="ard_survey_svycontinuous" timestamp="2024-04-12T04:03:48Z" hostname="4b682bf48e98" tests="1" skipped="1" failures="0" errors="0" time="0.01">
    <testcase time="0.00999999999999979" classname="character(0)" name="ard_survey_svycontinuous_stat_label_">
      <skipped message="Reason: On CRAN ('test-ard_survey_svycontinuous.R:336:3')"/>
    </testcase>
  </testsuite>
  <testsuite name="ard_survey_svycontinuous" timestamp="2024-04-12T04:03:48Z" hostname="4b682bf48e98" tests="2" skipped="0" failures="0" errors="0" time="0.01">
    <testcase time="0.00900000000000034" classname="character(0)" name="ard_survey_svycontinuous_by_unobserved_levels_combinations"/>
    <testcase time="0.00100000000000033" classname="character(0)" name="ard_survey_svycontinuous_by_unobserved_levels_combinations"/>
  </testsuite>
  <testsuite name="proportion_ci" timestamp="2024-04-12T04:03:48Z" hostname="4b682bf48e98" tests="1" skipped="1" failures="0" errors="0" time="0.142">
    <testcase time="0.141999999999999" classname="character(0)" name="check_the_proportion_ci__functions_work">
      <skipped message="Reason: On CRAN ('test-proportion_ci.R:12:3')"/>
    </testcase>
  </testsuite>
  <testsuite name="proportion_ci" timestamp="2024-04-12T04:03:48Z" hostname="4b682bf48e98" tests="1" skipped="1" failures="0" errors="0" time="0.022">
    <testcase time="0.0220000000000002" classname="character(0)" name="check_the_proportion_ci_strat_wilson_function_works">
      <skipped message="Reason: On CRAN ('test-proportion_ci.R:138:3')"/>
    </testcase>
  </testsuite>
  <testsuite name="ard_survival_survfit" timestamp="2024-04-12T04:03:48Z" hostname="4b682bf48e98" tests="1" skipped="1" failures="0" errors="0" time="0.158">
    <testcase time="0.157999999999999" classname="character(0)" name="ard_survival_survfit_works_with_times_provided">
      <skipped message="Reason: On CRAN ('test-ard_survival_survfit.R:4:3')"/>
    </testcase>
  </testsuite>
  <testsuite name="ard_survival_survfit" timestamp="2024-04-12T04:03:48Z" hostname="4b682bf48e98" tests="1" skipped="1" failures="0" errors="0" time="0.01">
    <testcase time="0.0100000000000007" classname="character(0)" name="ard_survival_survfit_works_with_different_type">
      <skipped message="Reason: On CRAN ('test-ard_survival_survfit.R:15:3')"/>
    </testcase>
  </testsuite>
  <testsuite name="ard_survival_survfit" timestamp="2024-04-12T04:03:48Z" hostname="4b682bf48e98" tests="1" skipped="1" failures="0" errors="0" time="0.01">
    <testcase time="0.00999999999999979" classname="character(0)" name="ard_survival_survfit_works_with_probs_provided">
      <skipped message="Reason: On CRAN ('test-ard_survival_survfit.R:26:3')"/>
    </testcase>
  </testsuite>
  <testsuite name="ard_survival_survfit" timestamp="2024-04-12T04:03:48Z" hostname="4b682bf48e98" tests="1" skipped="1" failures="0" errors="0" time="0.012">
    <testcase time="0.0119999999999996" classname="character(0)" name="ard_survival_survfit_works_with_unstratified_model">
      <skipped message="Reason: On CRAN ('test-ard_survival_survfit.R:37:3')"/>
    </testcase>
  </testsuite>
  <testsuite name="ard_survival_survfit" timestamp="2024-04-12T04:03:48Z" hostname="4b682bf48e98" tests="1" skipped="1" failures="0" errors="0" time="0.01">
    <testcase time="0.0100000000000007" classname="character(0)" name="ard_survival_survfit_works_with_multiple_stratification_variables">
      <skipped message="Reason: On CRAN ('test-ard_survival_survfit.R:57:3')"/>
    </testcase>
  </testsuite>
  <testsuite name="ard_survival_survfit" timestamp="2024-04-12T04:03:48Z" hostname="4b682bf48e98" tests="1" skipped="1" failures="0" errors="0" time="0.01">
    <testcase time="0.00999999999999979" classname="character(0)" name="ard_survival_survfit_works_with_competing_risks">
      <skipped message="Reason: On CRAN ('test-ard_survival_survfit.R:91:3')"/>
    </testcase>
  </testsuite>
  <testsuite name="ard_survival_survfit" timestamp="2024-04-12T04:03:48Z" hostname="4b682bf48e98" tests="1" skipped="1" failures="0" errors="0" time="0.009">
    <testcase time="0.00900000000000034" classname="character(0)" name="ard_survival_survfit_errors_are_properly_handled">
      <skipped message="Reason: On CRAN ('test-ard_survival_survfit.R:102:3')"/>
    </testcase>
  </testsuite>
  <testsuite name="ard_survival_survfit" timestamp="2024-04-12T04:03:48Z" hostname="4b682bf48e98" tests="1" skipped="0" failures="0" errors="0" time="0.012">
    <testcase time="0.0120000000000005" classname="character(0)" name="ard_survival_survfit_works_with_non_syntactic_names"/>
  </testsuite>
  <testsuite name="ard_survival_survfit" timestamp="2024-04-12T04:03:48Z" hostname="4b682bf48e98" tests="1" skipped="1" failures="0" errors="0" time="0.001">
    <testcase time="0.000999999999999446" classname="character(0)" name="ard_survival_survfit_errors_with_stratified_Cox_model">
      <skipped message="Reason: On CRAN ('test-ard_survival_survfit.R:137:3')"/>
    </testcase>
  </testsuite>
</testsuites>
