<?xml version="1.0" encoding="UTF-8"?>
<testsuites>
  <testsuite name="ard_car_vif" timestamp="2024-04-12T03:58:59Z" hostname="14afbca9517d" tests="1" skipped="1" failures="0" errors="0" time="0.848">
    <testcase time="0.848" classname="character(0)" name="ard_car_vif_works">
      <skipped message="Reason: On CRAN ('test-ard_car_vif.R:2:3')"/>
    </testcase>
  </testsuite>
  <testsuite name="ard_car_vif" timestamp="2024-04-12T03:58:59Z" hostname="14afbca9517d" tests="1" skipped="1" failures="0" errors="0" time="0.047">
    <testcase time="0.0470000000000002" classname="character(0)" name="ard_car_vif_appropriate_errors_are_given_for_model_with_only_1_term">
      <skipped message="Reason: On CRAN ('test-ard_car_vif.R:16:3')"/>
    </testcase>
  </testsuite>
  <testsuite name="ard_car_vif" timestamp="2024-04-12T03:58:59Z" hostname="14afbca9517d" tests="1" skipped="1" failures="0" errors="0" time="0.033">
    <testcase time="0.0329999999999999" classname="character(0)" name="ard_vif_issues_friendly_messaging_for_incorrect_object_passed_in_can_t_get_terms_of_model">
      <skipped message="Reason: On CRAN ('test-ard_car_vif.R:33:3')"/>
    </testcase>
  </testsuite>
  <testsuite name="ard_car_anova" timestamp="2024-04-12T03:59:00Z" hostname="14afbca9517d" tests="3" skipped="1" failures="0" errors="0" time="0.997">
    <testcase time="0.995" classname="character(0)" name="ard_car_anova_works"/>
    <testcase time="0.00100000000000033" classname="character(0)" name="ard_car_anova_works"/>
    <testcase time="0.00099999999999989" classname="character(0)" name="ard_car_anova_works">
      <skipped message="Reason: On CRAN ('test-ard_car_anova.R:12:3')"/>
    </testcase>
  </testsuite>
  <testsuite name="ard_car_anova" timestamp="2024-04-12T03:59:00Z" hostname="14afbca9517d" tests="1" skipped="1" failures="0" errors="0" time="0.021">
    <testcase time="0.0209999999999999" classname="character(0)" name="ard_car_anova_messaging">
      <skipped message="Reason: On CRAN ('test-ard_car_anova.R:16:3')"/>
    </testcase>
  </testsuite>
  <testsuite name="ard_effectsize_cohens_d" timestamp="2024-04-12T03:59:00Z" hostname="14afbca9517d" tests="3" skipped="1" failures="0" errors="0" time="0.362">
    <testcase time="0.361" classname="character(0)" name="ard_effectsize_cohens_d_works"/>
    <testcase time="0.00099999999999989" classname="character(0)" name="ard_effectsize_cohens_d_works"/>
    <testcase time="0" classname="character(0)" name="ard_effectsize_cohens_d_works">
      <skipped message="Reason: On CRAN ('test-ard_effectsize_cohens_d.R:29:3')"/>
    </testcase>
  </testsuite>
  <testsuite name="ard_effectsize_cohens_d" timestamp="2024-04-12T03:59:00Z" hostname="14afbca9517d" tests="3" skipped="1" failures="0" errors="0" time="0.011">
    <testcase time="0.00999999999999979" classname="character(0)" name="ard_effectsize_paired_cohens_d_works"/>
    <testcase time="0.00099999999999989" classname="character(0)" name="ard_effectsize_paired_cohens_d_works"/>
    <testcase time="0" classname="character(0)" name="ard_effectsize_paired_cohens_d_works">
      <skipped message="Reason: On CRAN ('test-ard_effectsize_cohens_d.R:86:3')"/>
    </testcase>
  </testsuite>
  <testsuite name="ard_effectsize_hedges_g" timestamp="2024-04-12T03:59:01Z" hostname="14afbca9517d" tests="3" skipped="1" failures="0" errors="0" time="0.243">
    <testcase time="0.241" classname="character(0)" name="ard_effectsize_hedges_g_works"/>
    <testcase time="0.00100000000000033" classname="character(0)" name="ard_effectsize_hedges_g_works"/>
    <testcase time="0.00099999999999989" classname="character(0)" name="ard_effectsize_hedges_g_works">
      <skipped message="Reason: On CRAN ('test-ard_effectsize_hedges_g.R:27:3')"/>
    </testcase>
  </testsuite>
  <testsuite name="ard_effectsize_hedges_g" timestamp="2024-04-12T03:59:01Z" hostname="14afbca9517d" tests="3" skipped="1" failures="0" errors="0" time="0.019">
    <testcase time="0.0179999999999998" classname="character(0)" name="ard_effectsize_paired_hedges_g_works"/>
    <testcase time="0.00099999999999989" classname="character(0)" name="ard_effectsize_paired_hedges_g_works"/>
    <testcase time="0" classname="character(0)" name="ard_effectsize_paired_hedges_g_works">
      <skipped message="Reason: On CRAN ('test-ard_effectsize_hedges_g.R:86:3')"/>
    </testcase>
  </testsuite>
  <testsuite name="ard_proportion_ci" timestamp="2024-04-12T03:59:01Z" hostname="14afbca9517d" tests="1" skipped="0" failures="0" errors="0" time="0.228">
    <testcase time="0.228" classname="character(0)" name="ard_proportion_ci_works"/>
  </testsuite>
  <testsuite name="ard_proportion_ci" timestamp="2024-04-12T03:59:01Z" hostname="14afbca9517d" tests="2" skipped="1" failures="0" errors="0" time="0.002">
    <testcase time="0.00200000000000022" classname="character(0)" name="ard_proportion_ci_method_strat_wilson_works"/>
    <testcase time="0" classname="character(0)" name="ard_proportion_ci_method_strat_wilson_works">
      <skipped message="Reason: On CRAN ('test-ard_proportion_ci.R:52:3')"/>
    </testcase>
  </testsuite>
  <testsuite name="ard_regression" timestamp="2024-04-12T03:59:02Z" hostname="14afbca9517d" tests="1" skipped="1" failures="0" errors="0" time="0.576">
    <testcase time="0.576" classname="character(0)" name="ard_regression_works">
      <skipped message="Reason: On CRAN ('test-ard_regression.R:4:3')"/>
    </testcase>
  </testsuite>
  <testsuite name="ard_regression_basic" timestamp="2024-04-12T03:59:02Z" hostname="14afbca9517d" tests="2" skipped="1" failures="0" errors="0" time="0.066">
    <testcase time="0.0660000000000007" classname="character(0)" name="ard_regression_basic_works"/>
    <testcase time="0" classname="character(0)" name="ard_regression_basic_works">
      <skipped message="Reason: On CRAN ('test-ard_regression_basic.R:10:3')"/>
    </testcase>
  </testsuite>
  <testsuite name="ard_stats_aov" timestamp="2024-04-12T03:59:02Z" hostname="14afbca9517d" tests="3" skipped="1" failures="0" errors="0" time="0.226">
    <testcase time="0.225" classname="character(0)" name="ard_aov_works"/>
    <testcase time="0" classname="character(0)" name="ard_aov_works"/>
    <testcase time="0.00100000000000033" classname="character(0)" name="ard_aov_works">
      <skipped message="Reason: On CRAN ('test-ard_stats_aov.R:25:3')"/>
    </testcase>
  </testsuite>
  <testsuite name="ard_smd_smd" timestamp="2024-04-12T03:59:02Z" hostname="14afbca9517d" tests="3" skipped="0" failures="0" errors="0" time="0.188">
    <testcase time="0.188" classname="character(0)" name="ard_smd_smd_works"/>
    <testcase time="0" classname="character(0)" name="ard_smd_smd_works"/>
    <testcase time="0" classname="character(0)" name="ard_smd_smd_works"/>
  </testsuite>
  <testsuite name="ard_smd_smd" timestamp="2024-04-12T03:59:02Z" hostname="14afbca9517d" tests="2" skipped="0" failures="0" errors="0" time="0.004">
    <testcase time="0.00300000000000011" classname="character(0)" name="ard_smd_works_with_survey_data"/>
    <testcase time="0.00100000000000033" classname="character(0)" name="ard_smd_works_with_survey_data"/>
  </testsuite>
  <testsuite name="ard_smd_smd" timestamp="2024-04-12T03:59:02Z" hostname="14afbca9517d" tests="4" skipped="0" failures="0" errors="0" time="0.005">
    <testcase time="0.00199999999999978" classname="character(0)" name="ard_proptest_error_messaging"/>
    <testcase time="0.000999999999999446" classname="character(0)" name="ard_proptest_error_messaging"/>
    <testcase time="0.00100000000000033" classname="character(0)" name="ard_proptest_error_messaging"/>
    <testcase time="0.00100000000000033" classname="character(0)" name="ard_proptest_error_messaging"/>
  </testsuite>
  <testsuite name="ard_stats_chisq_test" timestamp="2024-04-12T03:59:02Z" hostname="14afbca9517d" tests="3" skipped="0" failures="0" errors="0" time="0.136">
    <testcase time="0.135" classname="character(0)" name="ard_stats_chisq_test_works"/>
    <testcase time="0" classname="character(0)" name="ard_stats_chisq_test_works"/>
    <testcase time="0.00100000000000033" classname="character(0)" name="ard_stats_chisq_test_works"/>
  </testsuite>
  <testsuite name="ard_stats_chisq_test" timestamp="2024-04-12T03:59:02Z" hostname="14afbca9517d" tests="1" skipped="1" failures="0" errors="0" time="0.001">
    <testcase time="0.000999999999999446" classname="character(0)" name="shuffle_ard_fills_missing_group_levels_if_the_group_is_meaningful">
      <skipped message="Reason: On CRAN ('test-ard_stats_chisq_test.R:36:3')"/>
    </testcase>
  </testsuite>
  <testsuite name="ard_stats_fisher_test" timestamp="2024-04-12T03:59:02Z" hostname="14afbca9517d" tests="3" skipped="0" failures="0" errors="0" time="0.044">
    <testcase time="0.0390000000000006" classname="character(0)" name="ard_stats_fisher_test_works"/>
    <testcase time="0.000999999999999446" classname="character(0)" name="ard_stats_fisher_test_works"/>
    <testcase time="0.00400000000000045" classname="character(0)" name="ard_stats_fisher_test_works"/>
  </testsuite>
  <testsuite name="ard_stats_kruskal_test" timestamp="2024-04-12T03:59:02Z" hostname="14afbca9517d" tests="3" skipped="1" failures="0" errors="0" time="0.11">
    <testcase time="0.109" classname="character(0)" name="ard_stats_kruskal_test_works"/>
    <testcase time="0" classname="character(0)" name="ard_stats_kruskal_test_works"/>
    <testcase time="0.00100000000000033" classname="character(0)" name="ard_stats_kruskal_test_works">
      <skipped message="Reason: On CRAN ('test-ard_stats_kruskal_test.R:22:3')"/>
    </testcase>
  </testsuite>
  <testsuite name="ard_stats_mood_test" timestamp="2024-04-12T03:59:02Z" hostname="14afbca9517d" tests="3" skipped="1" failures="0" errors="0" time="0.153">
    <testcase time="0.152" classname="character(0)" name="ard_stats_mood_test_works"/>
    <testcase time="0" classname="character(0)" name="ard_stats_mood_test_works"/>
    <testcase time="0.000999999999999446" classname="character(0)" name="ard_stats_mood_test_works">
      <skipped message="Reason: On CRAN ('test-ard_stats_mood_test.R:22:3')"/>
    </testcase>
  </testsuite>
  <testsuite name="ard_stats_mcnemar_test" timestamp="2024-04-12T03:59:02Z" hostname="14afbca9517d" tests="5" skipped="0" failures="0" errors="0" time="0.019">
    <testcase time="0.016" classname="character(0)" name="ard_stats_mcnemar_test_works"/>
    <testcase time="0.00100000000000033" classname="character(0)" name="ard_stats_mcnemar_test_works"/>
    <testcase time="0.00100000000000033" classname="character(0)" name="ard_stats_mcnemar_test_works"/>
    <testcase time="0.000999999999999446" classname="character(0)" name="ard_stats_mcnemar_test_works"/>
    <testcase time="0" classname="character(0)" name="ard_stats_mcnemar_test_works"/>
  </testsuite>
  <testsuite name="ard_stats_oneway_test" timestamp="2024-04-12T03:59:03Z" hostname="14afbca9517d" tests="3" skipped="1" failures="0" errors="0" time="0.145">
    <testcase time="0.144" classname="character(0)" name="ard_stats_oneway_test_works"/>
    <testcase time="0.00100000000000033" classname="character(0)" name="ard_stats_oneway_test_works"/>
    <testcase time="0" classname="character(0)" name="ard_stats_oneway_test_works">
      <skipped message="Reason: On CRAN ('test-ard_stats_oneway_test.R:24:3')"/>
    </testcase>
  </testsuite>
  <testsuite name="ard_stats_prop_test" timestamp="2024-04-12T03:59:03Z" hostname="14afbca9517d" tests="3" skipped="0" failures="0" errors="0" time="0.285">
    <testcase time="0.282999999999999" classname="character(0)" name="ard_stats_prop_test_works"/>
    <testcase time="0.00100000000000033" classname="character(0)" name="ard_stats_prop_test_works"/>
    <testcase time="0.00100000000000033" classname="character(0)" name="ard_stats_prop_test_works"/>
  </testsuite>
  <testsuite name="ard_stats_prop_test" timestamp="2024-04-12T03:59:03Z" hostname="14afbca9517d" tests="8" skipped="0" failures="0" errors="0" time="0.009">
    <testcase time="0.00299999999999923" classname="character(0)" name="ard_stats_prop_test_error_messaging"/>
    <testcase time="0" classname="character(0)" name="ard_stats_prop_test_error_messaging"/>
    <testcase time="0.00100000000000033" classname="character(0)" name="ard_stats_prop_test_error_messaging"/>
    <testcase time="0.00100000000000033" classname="character(0)" name="ard_stats_prop_test_error_messaging"/>
    <testcase time="0.000999999999999446" classname="character(0)" name="ard_stats_prop_test_error_messaging"/>
    <testcase time="0.00100000000000033" classname="character(0)" name="ard_stats_prop_test_error_messaging"/>
    <testcase time="0.00100000000000033" classname="character(0)" name="ard_stats_prop_test_error_messaging"/>
    <testcase time="0.000999999999999446" classname="character(0)" name="ard_stats_prop_test_error_messaging"/>
  </testsuite>
  <testsuite name="ard_stats_t_test" timestamp="2024-04-12T03:59:03Z" hostname="14afbca9517d" tests="5" skipped="1" failures="0" errors="0" time="0.066">
    <testcase time="0.0640000000000001" classname="character(0)" name="ard_stats_t_test_works"/>
    <testcase time="0" classname="character(0)" name="ard_stats_t_test_works"/>
    <testcase time="0.00100000000000033" classname="character(0)" name="ard_stats_t_test_works"/>
    <testcase time="0" classname="character(0)" name="ard_stats_t_test_works"/>
    <testcase time="0.000999999999999446" classname="character(0)" name="ard_stats_t_test_works">
      <skipped message="Reason: On CRAN ('test-ard_stats_t_test.R:47:3')"/>
    </testcase>
  </testsuite>
  <testsuite name="ard_stats_t_test" timestamp="2024-04-12T03:59:03Z" hostname="14afbca9517d" tests="3" skipped="1" failures="0" errors="0" time="0.014">
    <testcase time="0.0130000000000008" classname="character(0)" name="ard_stats_paired_t_test_works"/>
    <testcase time="0.000999999999999446" classname="character(0)" name="ard_stats_paired_t_test_works"/>
    <testcase time="0" classname="character(0)" name="ard_stats_paired_t_test_works">
      <skipped message="Reason: On CRAN ('test-ard_stats_t_test.R:105:3')"/>
    </testcase>
  </testsuite>
  <testsuite name="ard_survey_svychisq" timestamp="2024-04-12T03:59:03Z" hostname="14afbca9517d" tests="3" skipped="1" failures="0" errors="0" time="0.416">
    <testcase time="0.414" classname="character(0)" name="ard_survey_svychisq_works"/>
    <testcase time="0.00100000000000033" classname="character(0)" name="ard_survey_svychisq_works"/>
    <testcase time="0.00100000000000033" classname="character(0)" name="ard_survey_svychisq_works">
      <skipped message="Reason: On CRAN ('test-ard_survey_svychisq.R:28:3')"/>
    </testcase>
  </testsuite>
  <testsuite name="ard_stats_wilcox_test" timestamp="2024-04-12T03:59:03Z" hostname="14afbca9517d" tests="6" skipped="0" failures="0" errors="0" time="0.054">
    <testcase time="0.0519999999999996" classname="character(0)" name="ard_stats_wilcox_test_works"/>
    <testcase time="0" classname="character(0)" name="ard_stats_wilcox_test_works"/>
    <testcase time="0.00100000000000033" classname="character(0)" name="ard_stats_wilcox_test_works"/>
    <testcase time="0" classname="character(0)" name="ard_stats_wilcox_test_works"/>
    <testcase time="0.000999999999999446" classname="character(0)" name="ard_stats_wilcox_test_works"/>
    <testcase time="0" classname="character(0)" name="ard_stats_wilcox_test_works"/>
  </testsuite>
  <testsuite name="ard_stats_wilcox_test" timestamp="2024-04-12T03:59:03Z" hostname="14afbca9517d" tests="3" skipped="0" failures="0" errors="0" time="0.003">
    <testcase time="0.00200000000000067" classname="character(0)" name="ard_stats_paired_wilcox_test_works"/>
    <testcase time="0" classname="character(0)" name="ard_stats_paired_wilcox_test_works"/>
    <testcase time="0.000999999999999446" classname="character(0)" name="ard_stats_paired_wilcox_test_works"/>
  </testsuite>
  <testsuite name="ard_survey_svyranktest" timestamp="2024-04-12T03:59:04Z" hostname="14afbca9517d" tests="1" skipped="1" failures="0" errors="0" time="0.335">
    <testcase time="0.335" classname="character(0)" name="ard_survey_svyranktest_works">
      <skipped message="Reason: On CRAN ('test-ard_survey_svyranktest.R:18:3')"/>
    </testcase>
  </testsuite>
  <testsuite name="ard_survey_svyranktest" timestamp="2024-04-12T03:59:04Z" hostname="14afbca9517d" tests="1" skipped="0" failures="0" errors="0" time="0.017">
    <testcase time="0.0170000000000003" classname="character(0)" name="exact_values_match_for_ard_svyranktest_works"/>
  </testsuite>
  <testsuite name="ard_survey_svyttest" timestamp="2024-04-12T03:59:04Z" hostname="14afbca9517d" tests="4" skipped="0" failures="0" errors="0" time="0.332">
    <testcase time="0.329" classname="character(0)" name="ard_survey_svyttest_works"/>
    <testcase time="0.00100000000000033" classname="character(0)" name="ard_survey_svyttest_works"/>
    <testcase time="0.00100000000000033" classname="character(0)" name="ard_survey_svyttest_works"/>
    <testcase time="0.000999999999999446" classname="character(0)" name="ard_survey_svyttest_works"/>
  </testsuite>
  <testsuite name="ard_survey_svyttest" timestamp="2024-04-12T03:59:04Z" hostname="14afbca9517d" tests="2" skipped="0" failures="0" errors="0" time="0.003">
    <testcase time="0.00300000000000011" classname="character(0)" name="ard_survey_svyttest_messaging"/>
    <testcase time="0" classname="character(0)" name="ard_survey_svyttest_messaging"/>
  </testsuite>
  <testsuite name="ard_survey_svycontinuous" timestamp="2024-04-12T03:59:05Z" hostname="14afbca9517d" tests="12" skipped="1" failures="0" errors="0" time="1.116">
    <testcase time="1.11" classname="character(0)" name="unstratified_ard_survey_svycontinuous_works"/>
    <testcase time="0.000999999999999446" classname="character(0)" name="unstratified_ard_survey_svycontinuous_works"/>
    <testcase time="0" classname="character(0)" name="unstratified_ard_survey_svycontinuous_works"/>
    <testcase time="0.00100000000000033" classname="character(0)" name="unstratified_ard_survey_svycontinuous_works"/>
    <testcase time="0" classname="character(0)" name="unstratified_ard_survey_svycontinuous_works"/>
    <testcase time="0.00100000000000033" classname="character(0)" name="unstratified_ard_survey_svycontinuous_works"/>
    <testcase time="0" classname="character(0)" name="unstratified_ard_survey_svycontinuous_works"/>
    <testcase time="0.000999999999999446" classname="character(0)" name="unstratified_ard_survey_svycontinuous_works"/>
    <testcase time="0" classname="character(0)" name="unstratified_ard_survey_svycontinuous_works"/>
    <testcase time="0.00100000000000033" classname="character(0)" name="unstratified_ard_survey_svycontinuous_works"/>
    <testcase time="0" classname="character(0)" name="unstratified_ard_survey_svycontinuous_works"/>
    <testcase time="0.000999999999999446" classname="character(0)" name="unstratified_ard_survey_svycontinuous_works">
      <skipped message="Reason: On CRAN ('test-ard_survey_svycontinuous.R:70:3')"/>
    </testcase>
  </testsuite>
  <testsuite name="ard_survey_svycontinuous" timestamp="2024-04-12T03:59:05Z" hostname="14afbca9517d" tests="11" skipped="0" failures="0" errors="0" time="0.034">
    <testcase time="0.0110000000000001" classname="character(0)" name="stratified_ard_survey_svycontinuous_works"/>
    <testcase time="0" classname="character(0)" name="stratified_ard_survey_svycontinuous_works"/>
    <testcase time="0.00100000000000033" classname="character(0)" name="stratified_ard_survey_svycontinuous_works"/>
    <testcase time="0.0179999999999998" classname="character(0)" name="stratified_ard_survey_svycontinuous_works"/>
    <testcase time="0" classname="character(0)" name="stratified_ard_survey_svycontinuous_works"/>
    <testcase time="0.000999999999999446" classname="character(0)" name="stratified_ard_survey_svycontinuous_works"/>
    <testcase time="0.00100000000000033" classname="character(0)" name="stratified_ard_survey_svycontinuous_works"/>
    <testcase time="0" classname="character(0)" name="stratified_ard_survey_svycontinuous_works"/>
    <testcase time="0.00100000000000033" classname="character(0)" name="stratified_ard_survey_svycontinuous_works"/>
    <testcase time="0" classname="character(0)" name="stratified_ard_survey_svycontinuous_works"/>
    <testcase time="0.000999999999999446" classname="character(0)" name="stratified_ard_survey_svycontinuous_works"/>
  </testsuite>
  <testsuite name="ard_survey_svycontinuous" timestamp="2024-04-12T03:59:05Z" hostname="14afbca9517d" tests="4" skipped="0" failures="0" errors="0" time="0.003">
    <testcase time="0.00100000000000033" classname="character(0)" name="ard_survey_svycontinuous_NA_handling"/>
    <testcase time="0.000999999999999446" classname="character(0)" name="ard_survey_svycontinuous_NA_handling"/>
    <testcase time="0" classname="character(0)" name="ard_survey_svycontinuous_NA_handling"/>
    <testcase time="0.00100000000000033" classname="character(0)" name="ard_survey_svycontinuous_NA_handling"/>
  </testsuite>
  <testsuite name="ard_survey_svycontinuous" timestamp="2024-04-12T03:59:05Z" hostname="14afbca9517d" tests="2" skipped="0" failures="0" errors="0" time="0.002">
    <testcase time="0.00100000000000033" classname="character(0)" name="ard_survey_svycontinuous_error_handling"/>
    <testcase time="0.000999999999999446" classname="character(0)" name="ard_survey_svycontinuous_error_handling"/>
  </testsuite>
  <testsuite name="ard_survey_svycontinuous" timestamp="2024-04-12T03:59:05Z" hostname="14afbca9517d" tests="1" skipped="1" failures="0" errors="0" time="0.001">
    <testcase time="0.00100000000000033" classname="character(0)" name="ard_survey_svycontinuous_fmt_fn_">
      <skipped message="Reason: On CRAN ('test-ard_survey_svycontinuous.R:322:3')"/>
    </testcase>
  </testsuite>
  <testsuite name="ard_survey_svycontinuous" timestamp="2024-04-12T03:59:05Z" hostname="14afbca9517d" tests="1" skipped="1" failures="0" errors="0" time="0.011">
    <testcase time="0.0110000000000001" classname="character(0)" name="ard_survey_svycontinuous_stat_label_">
      <skipped message="Reason: On CRAN ('test-ard_survey_svycontinuous.R:336:3')"/>
    </testcase>
  </testsuite>
  <testsuite name="ard_survey_svycontinuous" timestamp="2024-04-12T03:59:05Z" hostname="14afbca9517d" tests="2" skipped="0" failures="0" errors="0" time="0.011">
    <testcase time="0.00999999999999979" classname="character(0)" name="ard_survey_svycontinuous_by_unobserved_levels_combinations"/>
    <testcase time="0.00100000000000033" classname="character(0)" name="ard_survey_svycontinuous_by_unobserved_levels_combinations"/>
  </testsuite>
  <testsuite name="proportion_ci" timestamp="2024-04-12T03:59:05Z" hostname="14afbca9517d" tests="1" skipped="1" failures="0" errors="0" time="0.124">
    <testcase time="0.124000000000001" classname="character(0)" name="check_the_proportion_ci__functions_work">
      <skipped message="Reason: On CRAN ('test-proportion_ci.R:12:3')"/>
    </testcase>
  </testsuite>
  <testsuite name="proportion_ci" timestamp="2024-04-12T03:59:05Z" hostname="14afbca9517d" tests="1" skipped="1" failures="0" errors="0" time="0.014">
    <testcase time="0.0139999999999993" classname="character(0)" name="check_the_proportion_ci_strat_wilson_function_works">
      <skipped message="Reason: On CRAN ('test-proportion_ci.R:138:3')"/>
    </testcase>
  </testsuite>
  <testsuite name="ard_survival_survfit" timestamp="2024-04-12T03:59:06Z" hostname="14afbca9517d" tests="1" skipped="1" failures="0" errors="0" time="0.063">
    <testcase time="0.0630000000000006" classname="character(0)" name="ard_survival_survfit_works_with_times_provided">
      <skipped message="Reason: On CRAN ('test-ard_survival_survfit.R:4:3')"/>
    </testcase>
  </testsuite>
  <testsuite name="ard_survival_survfit" timestamp="2024-04-12T03:59:06Z" hostname="14afbca9517d" tests="1" skipped="1" failures="0" errors="0" time="0.011">
    <testcase time="0.0109999999999992" classname="character(0)" name="ard_survival_survfit_works_with_different_type">
      <skipped message="Reason: On CRAN ('test-ard_survival_survfit.R:15:3')"/>
    </testcase>
  </testsuite>
  <testsuite name="ard_survival_survfit" timestamp="2024-04-12T03:59:06Z" hostname="14afbca9517d" tests="1" skipped="1" failures="0" errors="0" time="0.01">
    <testcase time="0.00999999999999979" classname="character(0)" name="ard_survival_survfit_works_with_probs_provided">
      <skipped message="Reason: On CRAN ('test-ard_survival_survfit.R:26:3')"/>
    </testcase>
  </testsuite>
  <testsuite name="ard_survival_survfit" timestamp="2024-04-12T03:59:06Z" hostname="14afbca9517d" tests="1" skipped="1" failures="0" errors="0" time="0.013">
    <testcase time="0.0129999999999999" classname="character(0)" name="ard_survival_survfit_works_with_unstratified_model">
      <skipped message="Reason: On CRAN ('test-ard_survival_survfit.R:37:3')"/>
    </testcase>
  </testsuite>
  <testsuite name="ard_survival_survfit" timestamp="2024-04-12T03:59:06Z" hostname="14afbca9517d" tests="1" skipped="1" failures="0" errors="0" time="0.011">
    <testcase time="0.011000000000001" classname="character(0)" name="ard_survival_survfit_works_with_multiple_stratification_variables">
      <skipped message="Reason: On CRAN ('test-ard_survival_survfit.R:57:3')"/>
    </testcase>
  </testsuite>
  <testsuite name="ard_survival_survfit" timestamp="2024-04-12T03:59:06Z" hostname="14afbca9517d" tests="1" skipped="1" failures="0" errors="0" time="0.01">
    <testcase time="0.00999999999999979" classname="character(0)" name="ard_survival_survfit_works_with_competing_risks">
      <skipped message="Reason: On CRAN ('test-ard_survival_survfit.R:91:3')"/>
    </testcase>
  </testsuite>
  <testsuite name="ard_survival_survfit" timestamp="2024-04-12T03:59:06Z" hostname="14afbca9517d" tests="1" skipped="1" failures="0" errors="0" time="0.01">
    <testcase time="0.00999999999999979" classname="character(0)" name="ard_survival_survfit_errors_are_properly_handled">
      <skipped message="Reason: On CRAN ('test-ard_survival_survfit.R:102:3')"/>
    </testcase>
  </testsuite>
  <testsuite name="ard_survival_survfit" timestamp="2024-04-12T03:59:06Z" hostname="14afbca9517d" tests="1" skipped="0" failures="0" errors="0" time="0.01">
    <testcase time="0.00999999999999979" classname="character(0)" name="ard_survival_survfit_works_with_non_syntactic_names"/>
  </testsuite>
  <testsuite name="ard_survival_survfit" timestamp="2024-04-12T03:59:06Z" hostname="14afbca9517d" tests="1" skipped="1" failures="0" errors="0" time="0.005">
    <testcase time="0.00500000000000078" classname="character(0)" name="ard_survival_survfit_errors_with_stratified_Cox_model">
      <skipped message="Reason: On CRAN ('test-ard_survival_survfit.R:137:3')"/>
    </testcase>
  </testsuite>
</testsuites>
