<?xml version="1.0" encoding="UTF-8"?>
<testsuites>
  <testsuite name="ard_aod_wald_test" timestamp="2024-06-24T22:26:11Z" hostname="eb851a7e8253" tests="3" skipped="1" failures="0" errors="0" time="1.282">
    <testcase time="1.257" classname="character(0)" name="ard_aod_wald_test_works"/>
    <testcase time="0.0190000000000001" classname="character(0)" name="ard_aod_wald_test_works"/>
    <testcase time="0.00599999999999978" classname="character(0)" name="ard_aod_wald_test_works">
      <skipped message="Reason: On CRAN ('test-ard_aod_wald_test.R:12:3')"/>
    </testcase>
  </testsuite>
  <testsuite name="ard_attributes.survey.design" timestamp="2024-06-24T22:26:11Z" hostname="eb851a7e8253" tests="1" skipped="1" failures="0" errors="0" time="0.369">
    <testcase time="0.369" classname="character(0)" name="ard_attributes.survey.design_works">
      <skipped message="Reason: On CRAN ('test-ard_attributes.survey.design.R:7:3')"/>
    </testcase>
  </testsuite>
  <testsuite name="ard_car_vif" timestamp="2024-06-24T22:26:11Z" hostname="eb851a7e8253" tests="1" skipped="1" failures="0" errors="0" time="0.312">
    <testcase time="0.312" classname="character(0)" name="ard_car_vif_works">
      <skipped message="Reason: On CRAN ('test-ard_car_vif.R:4:3')"/>
    </testcase>
  </testsuite>
  <testsuite name="ard_car_vif" timestamp="2024-06-24T22:26:11Z" hostname="eb851a7e8253" tests="1" skipped="0" failures="0" errors="0" time="0.01">
    <testcase time="0.0100000000000002" classname="character(0)" name="ard_car_vif_appropriate_errors_are_given_for_model_with_only_1_term"/>
  </testsuite>
  <testsuite name="ard_car_vif" timestamp="2024-06-24T22:26:11Z" hostname="eb851a7e8253" tests="1" skipped="1" failures="0" errors="0" time="0.002">
    <testcase time="0.00199999999999978" classname="character(0)" name="ard_vif_issues_friendly_messaging_for_incorrect_object_passed_in_can_t_get_terms_of_model">
      <skipped message="Reason: On CRAN ('test-ard_car_vif.R:29:3')"/>
    </testcase>
  </testsuite>
  <testsuite name="ard_car_anova" timestamp="2024-06-24T22:26:12Z" hostname="eb851a7e8253" tests="3" skipped="1" failures="0" errors="0" time="0.366">
    <testcase time="0.365" classname="character(0)" name="ard_car_anova_works"/>
    <testcase time="0.00099999999999989" classname="character(0)" name="ard_car_anova_works"/>
    <testcase time="0" classname="character(0)" name="ard_car_anova_works">
      <skipped message="Reason: On CRAN ('test-ard_car_anova.R:14:3')"/>
    </testcase>
  </testsuite>
  <testsuite name="ard_car_anova" timestamp="2024-06-24T22:26:12Z" hostname="eb851a7e8253" tests="1" skipped="1" failures="0" errors="0" time="0.01">
    <testcase time="0.00999999999999979" classname="character(0)" name="ard_car_anova_messaging">
      <skipped message="Reason: On CRAN ('test-ard_car_anova.R:18:3')"/>
    </testcase>
  </testsuite>
  <testsuite name="ard_continuous.survey.design" timestamp="2024-06-24T22:26:14Z" hostname="eb851a7e8253" tests="12" skipped="1" failures="0" errors="0" time="2.181">
    <testcase time="2.171" classname="character(0)" name="unstratified_ard_continuous.survey.design_works"/>
    <testcase time="0.00100000000000033" classname="character(0)" name="unstratified_ard_continuous.survey.design_works"/>
    <testcase time="0.00100000000000033" classname="character(0)" name="unstratified_ard_continuous.survey.design_works"/>
    <testcase time="0.000999999999999446" classname="character(0)" name="unstratified_ard_continuous.survey.design_works"/>
    <testcase time="0" classname="character(0)" name="unstratified_ard_continuous.survey.design_works"/>
    <testcase time="0.00100000000000033" classname="character(0)" name="unstratified_ard_continuous.survey.design_works"/>
    <testcase time="0.00100000000000033" classname="character(0)" name="unstratified_ard_continuous.survey.design_works"/>
    <testcase time="0.000999999999999446" classname="character(0)" name="unstratified_ard_continuous.survey.design_works"/>
    <testcase time="0.00100000000000033" classname="character(0)" name="unstratified_ard_continuous.survey.design_works"/>
    <testcase time="0.000999999999999446" classname="character(0)" name="unstratified_ard_continuous.survey.design_works"/>
    <testcase time="0.00100000000000033" classname="character(0)" name="unstratified_ard_continuous.survey.design_works"/>
    <testcase time="0.00100000000000033" classname="character(0)" name="unstratified_ard_continuous.survey.design_works">
      <skipped message="Reason: On CRAN ('test-ard_continuous.survey.design.R:70:3')"/>
    </testcase>
  </testsuite>
  <testsuite name="ard_continuous.survey.design" timestamp="2024-06-24T22:26:14Z" hostname="eb851a7e8253" tests="11" skipped="0" failures="0" errors="0" time="0.026">
    <testcase time="0.0169999999999995" classname="character(0)" name="stratified_ard_continuous.survey.design_works"/>
    <testcase time="0.00100000000000033" classname="character(0)" name="stratified_ard_continuous.survey.design_works"/>
    <testcase time="0.00100000000000033" classname="character(0)" name="stratified_ard_continuous.survey.design_works"/>
    <testcase time="0.000999999999999446" classname="character(0)" name="stratified_ard_continuous.survey.design_works"/>
    <testcase time="0.00100000000000033" classname="character(0)" name="stratified_ard_continuous.survey.design_works"/>
    <testcase time="0" classname="character(0)" name="stratified_ard_continuous.survey.design_works"/>
    <testcase time="0.000999999999999446" classname="character(0)" name="stratified_ard_continuous.survey.design_works"/>
    <testcase time="0.00100000000000033" classname="character(0)" name="stratified_ard_continuous.survey.design_works"/>
    <testcase time="0.00100000000000033" classname="character(0)" name="stratified_ard_continuous.survey.design_works"/>
    <testcase time="0.000999999999999446" classname="character(0)" name="stratified_ard_continuous.survey.design_works"/>
    <testcase time="0.00100000000000033" classname="character(0)" name="stratified_ard_continuous.survey.design_works"/>
  </testsuite>
  <testsuite name="ard_continuous.survey.design" timestamp="2024-06-24T22:26:14Z" hostname="eb851a7e8253" tests="4" skipped="0" failures="0" errors="0" time="0.008">
    <testcase time="0.00199999999999978" classname="character(0)" name="ard_continuous.survey.design_NA_handling"/>
    <testcase time="0.00100000000000033" classname="character(0)" name="ard_continuous.survey.design_NA_handling"/>
    <testcase time="0.00499999999999989" classname="character(0)" name="ard_continuous.survey.design_NA_handling"/>
    <testcase time="0" classname="character(0)" name="ard_continuous.survey.design_NA_handling"/>
  </testsuite>
  <testsuite name="ard_continuous.survey.design" timestamp="2024-06-24T22:26:14Z" hostname="eb851a7e8253" tests="2" skipped="0" failures="0" errors="0" time="0.003">
    <testcase time="0.00300000000000011" classname="character(0)" name="ard_continuous.survey.design_error_handling"/>
    <testcase time="0" classname="character(0)" name="ard_continuous.survey.design_error_handling"/>
  </testsuite>
  <testsuite name="ard_continuous.survey.design" timestamp="2024-06-24T22:26:14Z" hostname="eb851a7e8253" tests="1" skipped="1" failures="0" errors="0" time="0.003">
    <testcase time="0.00300000000000011" classname="character(0)" name="ard_continuous.survey.design_fmt_fn_">
      <skipped message="Reason: On CRAN ('test-ard_continuous.survey.design.R:322:3')"/>
    </testcase>
  </testsuite>
  <testsuite name="ard_continuous.survey.design" timestamp="2024-06-24T22:26:14Z" hostname="eb851a7e8253" tests="1" skipped="1" failures="0" errors="0" time="0.017">
    <testcase time="0.0169999999999995" classname="character(0)" name="ard_continuous.survey.design_stat_label_">
      <skipped message="Reason: On CRAN ('test-ard_continuous.survey.design.R:336:3')"/>
    </testcase>
  </testsuite>
  <testsuite name="ard_continuous.survey.design" timestamp="2024-06-24T22:26:14Z" hostname="eb851a7e8253" tests="2" skipped="0" failures="0" errors="0" time="0.018">
    <testcase time="0.0170000000000003" classname="character(0)" name="ard_continuous.survey.design_by_unobserved_levels_combinations"/>
    <testcase time="0.00100000000000033" classname="character(0)" name="ard_continuous.survey.design_by_unobserved_levels_combinations"/>
  </testsuite>
  <testsuite name="ard_dichotomous.survey.design" timestamp="2024-06-24T22:26:14Z" hostname="eb851a7e8253" tests="2" skipped="0" failures="1" errors="1" time="0.266">
    <testcase time="0.218999999999999" classname="character(0)" name="ard_dichotomous.survey.design_works">
      <failure type="failure" message="`... &lt;- NULL` threw an unexpected error. ('test-ard_dichotomous.survey.design.R:6:3')">`... &lt;- NULL` threw an unexpected error.
Message: The size of `nm` (5) must be compatible with the size of `x` (4).
Class:   rlang_error/error/condition
Backtrace:
     ▆
  1. ├─testthat::expect_error(...) at test-ard_dichotomous.survey.design.R:6:3
  2. │ └─testthat:::expect_condition_matching(...)
  3. │   └─testthat:::quasi_capture(...)
  4. │     ├─testthat (local) .capture(...)
  5. │     │ └─base::withCallingHandlers(...)
  6. │     └─rlang::eval_bare(quo_get_expr(.quo), quo_get_env(.quo))
  7. ├─cards::ard_dichotomous(...)
  8. ├─cardx:::ard_dichotomous.survey.design(...)
  9. │ ├─dplyr::mutate(...)
 10. │ ├─dplyr::filter(...)
 11. │ ├─cards::ard_categorical(...)
 12. │ └─cardx:::ard_categorical.survey.design(...)
 13. │   └─cardx:::.svytable_rate_stats(...)
 14. │     ├─dplyr::bind_rows(...)
 15. │     │ └─rlang::list2(...)
 16. │     └─base::lapply(...)
 17. │       └─cardx (local) FUN(X[[i]], ...)
 18. │         ├─cardx:::case_switch(...)
 19. │         │ └─base::eval(f_rhs(f), envir = attr(f, ".Environment"))
 20. │         │   └─base::eval(f_rhs(f), envir = attr(f, ".Environment"))
 21. │         └─cardx:::.one_svytable_rates_by_row(data, variable, by, deff)
 22. │           ├─dplyr::mutate(...)
 23. │           └─rlang::set_names(...)
 24. └─rlang::abort(message = message)</failure>
    </testcase>
    <testcase time="0.0470000000000006" classname="character(0)" name="ard_dichotomous.survey.design_works">
      <error type="error" message="Error in `eval(code, test_env)`: object 'ard_dichotomous_row' not found ('test-ard_dichotomous.survey.design.R:13:3')">Error in `eval(code, test_env)`: object 'ard_dichotomous_row' not found
Backtrace:
    ▆
 1. ├─testthat::expect_invisible(...) at test-ard_dichotomous.survey.design.R:13:3
 2. │ └─base::withVisible(call)
 3. └─cards::check_ard_structure(ard_dichotomous_row, method = FALSE)</error>
    </testcase>
  </testsuite>
  <testsuite name="ard_effectsize_cohens_d" timestamp="2024-06-24T22:26:15Z" hostname="eb851a7e8253" tests="4" skipped="1" failures="0" errors="0" time="0.415">
    <testcase time="0.412" classname="character(0)" name="ard_effectsize_cohens_d_works"/>
    <testcase time="0.000999999999999446" classname="character(0)" name="ard_effectsize_cohens_d_works"/>
    <testcase time="0.00100000000000033" classname="character(0)" name="ard_effectsize_cohens_d_works"/>
    <testcase time="0.000999999999999446" classname="character(0)" name="ard_effectsize_cohens_d_works">
      <skipped message="Reason: On CRAN ('test-ard_effectsize_cohens_d.R:38:3')"/>
    </testcase>
  </testsuite>
  <testsuite name="ard_effectsize_cohens_d" timestamp="2024-06-24T22:26:15Z" hostname="eb851a7e8253" tests="3" skipped="0" failures="0" errors="0" time="0.023">
    <testcase time="0.0220000000000002" classname="character(0)" name="ard_effectsize_paired_cohens_d_works"/>
    <testcase time="0" classname="character(0)" name="ard_effectsize_paired_cohens_d_works"/>
    <testcase time="0.00100000000000033" classname="character(0)" name="ard_effectsize_paired_cohens_d_works"/>
  </testsuite>
  <testsuite name="ard_effectsize_hedges_g" timestamp="2024-06-24T22:26:15Z" hostname="eb851a7e8253" tests="4" skipped="1" failures="0" errors="0" time="0.379">
    <testcase time="0.377" classname="character(0)" name="ard_effectsize_hedges_g_works"/>
    <testcase time="0.00100000000000033" classname="character(0)" name="ard_effectsize_hedges_g_works"/>
    <testcase time="0" classname="character(0)" name="ard_effectsize_hedges_g_works"/>
    <testcase time="0.000999999999999446" classname="character(0)" name="ard_effectsize_hedges_g_works">
      <skipped message="Reason: On CRAN ('test-ard_effectsize_hedges_g.R:34:3')"/>
    </testcase>
  </testsuite>
  <testsuite name="ard_effectsize_hedges_g" timestamp="2024-06-24T22:26:15Z" hostname="eb851a7e8253" tests="3" skipped="0" failures="0" errors="0" time="0.01">
    <testcase time="0.00900000000000034" classname="character(0)" name="ard_effectsize_paired_hedges_g_works"/>
    <testcase time="0.00100000000000033" classname="character(0)" name="ard_effectsize_paired_hedges_g_works"/>
    <testcase time="0" classname="character(0)" name="ard_effectsize_paired_hedges_g_works"/>
  </testsuite>
  <testsuite name="ard_emmeans_mean_difference" timestamp="2024-06-24T22:26:16Z" hostname="eb851a7e8253" tests="9" skipped="0" failures="0" errors="0" time="1.109">
    <testcase time="1.105" classname="character(0)" name="ard_emmeans_mean_difference_works"/>
    <testcase time="0" classname="character(0)" name="ard_emmeans_mean_difference_works"/>
    <testcase time="0.00100000000000033" classname="character(0)" name="ard_emmeans_mean_difference_works"/>
    <testcase time="0" classname="character(0)" name="ard_emmeans_mean_difference_works"/>
    <testcase time="0.000999999999999446" classname="character(0)" name="ard_emmeans_mean_difference_works"/>
    <testcase time="0" classname="character(0)" name="ard_emmeans_mean_difference_works"/>
    <testcase time="0.00100000000000033" classname="character(0)" name="ard_emmeans_mean_difference_works"/>
    <testcase time="0" classname="character(0)" name="ard_emmeans_mean_difference_works"/>
    <testcase time="0.00100000000000033" classname="character(0)" name="ard_emmeans_mean_difference_works"/>
  </testsuite>
  <testsuite name="ard_proportion_ci" timestamp="2024-06-24T22:26:17Z" hostname="eb851a7e8253" tests="6" skipped="0" failures="0" errors="0" time="0.966">
    <testcase time="0.962999999999999" classname="character(0)" name="ard_proportion_ci_works"/>
    <testcase time="0.00100000000000122" classname="character(0)" name="ard_proportion_ci_works"/>
    <testcase time="0" classname="character(0)" name="ard_proportion_ci_works"/>
    <testcase time="0.000999999999999446" classname="character(0)" name="ard_proportion_ci_works"/>
    <testcase time="0" classname="character(0)" name="ard_proportion_ci_works"/>
    <testcase time="0.000999999999999446" classname="character(0)" name="ard_proportion_ci_works"/>
  </testsuite>
  <testsuite name="ard_proportion_ci" timestamp="2024-06-24T22:26:17Z" hostname="eb851a7e8253" tests="2" skipped="1" failures="0" errors="0" time="0.001">
    <testcase time="0.00100000000000122" classname="character(0)" name="ard_proportion_ci_method_strat_wilson_works"/>
    <testcase time="0" classname="character(0)" name="ard_proportion_ci_method_strat_wilson_works">
      <skipped message="Reason: On CRAN ('test-ard_proportion_ci.R:92:3')"/>
    </testcase>
  </testsuite>
  <testsuite name="ard_proportion_ci" timestamp="2024-06-24T22:26:17Z" hostname="eb851a7e8253" tests="1" skipped="1" failures="0" errors="0" time="0.01">
    <testcase time="0.00999999999999979" classname="character(0)" name="ard_proportion_ci_messaging">
      <skipped message="Reason: On CRAN ('test-ard_proportion_ci.R:113:3')"/>
    </testcase>
  </testsuite>
  <testsuite name="ard_regression" timestamp="2024-06-24T22:26:19Z" hostname="eb851a7e8253" tests="1" skipped="1" failures="0" errors="0" time="1.271">
    <testcase time="1.271" classname="character(0)" name="ard_regression_works">
      <skipped message="Reason: On CRAN ('test-ard_regression.R:4:3')"/>
    </testcase>
  </testsuite>
  <testsuite name="ard_regression" timestamp="2024-06-24T22:26:19Z" hostname="eb851a7e8253" tests="1" skipped="1" failures="0" errors="0" time="0.01">
    <testcase time="0.00999999999999979" classname="character(0)" name="ard_regression_works_specifying_custom_tidier">
      <skipped message="Reason: On CRAN ('test-ard_regression.R:26:3')"/>
    </testcase>
  </testsuite>
  <testsuite name="ard_regression" timestamp="2024-06-24T22:26:19Z" hostname="eb851a7e8253" tests="1" skipped="0" failures="0" errors="0" time="0.01">
    <testcase time="0.00999999999999979" classname="character(0)" name="ard_regression_does_not_produce_variable_level_column_where_not_applicable"/>
  </testsuite>
  <testsuite name="ard_regression_basic" timestamp="2024-06-24T22:26:19Z" hostname="eb851a7e8253" tests="2" skipped="1" failures="0" errors="0" time="0.526">
    <testcase time="0.526000000000002" classname="character(0)" name="ard_regression_basic_works"/>
    <testcase time="0" classname="character(0)" name="ard_regression_basic_works">
      <skipped message="Reason: On CRAN ('test-ard_regression_basic.R:10:3')"/>
    </testcase>
  </testsuite>
  <testsuite name="ard_regression_basic" timestamp="2024-06-24T22:26:19Z" hostname="eb851a7e8253" tests="1" skipped="0" failures="0" errors="0" time="0.01">
    <testcase time="0.00999999999999979" classname="character(0)" name="ard_regression_basic_does_not_produce_variable_level_column_where_not_applicable"/>
  </testsuite>
  <testsuite name="ard_smd_smd" timestamp="2024-06-24T22:26:19Z" hostname="eb851a7e8253" tests="3" skipped="0" failures="0" errors="0" time="0.321">
    <testcase time="0.32" classname="character(0)" name="ard_smd_smd_works"/>
    <testcase time="0" classname="character(0)" name="ard_smd_smd_works"/>
    <testcase time="0.000999999999999446" classname="character(0)" name="ard_smd_smd_works"/>
  </testsuite>
  <testsuite name="ard_smd_smd" timestamp="2024-06-24T22:26:19Z" hostname="eb851a7e8253" tests="2" skipped="0" failures="0" errors="0" time="0.001">
    <testcase time="0.000999999999999446" classname="character(0)" name="ard_smd_works_with_survey_data"/>
    <testcase time="0" classname="character(0)" name="ard_smd_works_with_survey_data"/>
  </testsuite>
  <testsuite name="ard_smd_smd" timestamp="2024-06-24T22:26:19Z" hostname="eb851a7e8253" tests="4" skipped="0" failures="0" errors="0" time="0.003">
    <testcase time="0.00200000000000067" classname="character(0)" name="ard_smd_smd_error_messaging"/>
    <testcase time="0" classname="character(0)" name="ard_smd_smd_error_messaging"/>
    <testcase time="0.000999999999999446" classname="character(0)" name="ard_smd_smd_error_messaging"/>
    <testcase time="0" classname="character(0)" name="ard_smd_smd_error_messaging"/>
  </testsuite>
  <testsuite name="ard_stats_anova" timestamp="2024-06-24T22:26:21Z" hostname="eb851a7e8253" tests="1" skipped="0" failures="0" errors="0" time="1.335">
    <testcase time="1.335" classname="character(0)" name="ard_stats_anova.anova_works"/>
  </testsuite>
  <testsuite name="ard_stats_anova" timestamp="2024-06-24T22:26:21Z" hostname="eb851a7e8253" tests="7" skipped="0" failures="0" errors="0" time="0.004">
    <testcase time="0.000999999999999446" classname="character(0)" name="ard_stats_anova.data.frame_works"/>
    <testcase time="0.000999999999999446" classname="character(0)" name="ard_stats_anova.data.frame_works"/>
    <testcase time="0" classname="character(0)" name="ard_stats_anova.data.frame_works"/>
    <testcase time="0.00100000000000122" classname="character(0)" name="ard_stats_anova.data.frame_works"/>
    <testcase time="0" classname="character(0)" name="ard_stats_anova.data.frame_works"/>
    <testcase time="0.000999999999999446" classname="character(0)" name="ard_stats_anova.data.frame_works"/>
    <testcase time="0" classname="character(0)" name="ard_stats_anova.data.frame_works"/>
  </testsuite>
  <testsuite name="ard_stats_anova" timestamp="2024-06-24T22:26:21Z" hostname="eb851a7e8253" tests="1" skipped="0" failures="0" errors="0" time="0.002">
    <testcase time="0.00200000000000067" classname="character(0)" name="ard_stats_anova.data.frame_error_messaging"/>
  </testsuite>
  <testsuite name="ard_stats_aov" timestamp="2024-06-24T22:26:21Z" hostname="eb851a7e8253" tests="3" skipped="1" failures="0" errors="0" time="0.175">
    <testcase time="0.173999999999999" classname="character(0)" name="ard_aov_works"/>
    <testcase time="0.000999999999999446" classname="character(0)" name="ard_aov_works"/>
    <testcase time="0" classname="character(0)" name="ard_aov_works">
      <skipped message="Reason: On CRAN ('test-ard_stats_aov.R:25:3')"/>
    </testcase>
  </testsuite>
  <testsuite name="ard_stats_chisq_test" timestamp="2024-06-24T22:26:21Z" hostname="eb851a7e8253" tests="3" skipped="0" failures="0" errors="0" time="0.324">
    <testcase time="0.322000000000001" classname="character(0)" name="ard_stats_chisq_test_works"/>
    <testcase time="0.000999999999999446" classname="character(0)" name="ard_stats_chisq_test_works"/>
    <testcase time="0.000999999999999446" classname="character(0)" name="ard_stats_chisq_test_works"/>
  </testsuite>
  <testsuite name="ard_stats_chisq_test" timestamp="2024-06-24T22:26:21Z" hostname="eb851a7e8253" tests="1" skipped="1" failures="0" errors="0" time="0.001">
    <testcase time="0.00100000000000122" classname="character(0)" name="shuffle_ard_fills_missing_group_levels_if_the_group_is_meaningful">
      <skipped message="Reason: On CRAN ('test-ard_stats_chisq_test.R:36:3')"/>
    </testcase>
  </testsuite>
  <testsuite name="ard_stats_fisher_test" timestamp="2024-06-24T22:26:21Z" hostname="eb851a7e8253" tests="3" skipped="0" failures="0" errors="0" time="0.171">
    <testcase time="0.168999999999999" classname="character(0)" name="ard_stats_fisher_test_works"/>
    <testcase time="0.00100000000000122" classname="character(0)" name="ard_stats_fisher_test_works"/>
    <testcase time="0.000999999999999446" classname="character(0)" name="ard_stats_fisher_test_works"/>
  </testsuite>
  <testsuite name="ard_stats_kruskal_test" timestamp="2024-06-24T22:26:22Z" hostname="eb851a7e8253" tests="3" skipped="1" failures="0" errors="0" time="0.131">
    <testcase time="0.129" classname="character(0)" name="ard_stats_kruskal_test_works"/>
    <testcase time="0.000999999999999446" classname="character(0)" name="ard_stats_kruskal_test_works"/>
    <testcase time="0.00100000000000122" classname="character(0)" name="ard_stats_kruskal_test_works">
      <skipped message="Reason: On CRAN ('test-ard_stats_kruskal_test.R:22:3')"/>
    </testcase>
  </testsuite>
  <testsuite name="ard_stats_mcnemar_test" timestamp="2024-06-24T22:26:22Z" hostname="eb851a7e8253" tests="7" skipped="0" failures="0" errors="0" time="0.33">
    <testcase time="0.324" classname="character(0)" name="ard_stats_mcnemar_test_works"/>
    <testcase time="0.000999999999999446" classname="character(0)" name="ard_stats_mcnemar_test_works"/>
    <testcase time="0.000999999999999446" classname="character(0)" name="ard_stats_mcnemar_test_works"/>
    <testcase time="0.00100000000000122" classname="character(0)" name="ard_stats_mcnemar_test_works"/>
    <testcase time="0.000999999999999446" classname="character(0)" name="ard_stats_mcnemar_test_works"/>
    <testcase time="0.000999999999999446" classname="character(0)" name="ard_stats_mcnemar_test_works"/>
    <testcase time="0.00100000000000122" classname="character(0)" name="ard_stats_mcnemar_test_works"/>
  </testsuite>
  <testsuite name="ard_stats_mood_test" timestamp="2024-06-24T22:26:22Z" hostname="eb851a7e8253" tests="3" skipped="1" failures="0" errors="0" time="0.142">
    <testcase time="0.139999999999999" classname="character(0)" name="ard_stats_mood_test_works"/>
    <testcase time="0.00100000000000122" classname="character(0)" name="ard_stats_mood_test_works"/>
    <testcase time="0.000999999999999446" classname="character(0)" name="ard_stats_mood_test_works">
      <skipped message="Reason: On CRAN ('test-ard_stats_mood_test.R:22:3')"/>
    </testcase>
  </testsuite>
  <testsuite name="ard_stats_oneway_test" timestamp="2024-06-24T22:26:22Z" hostname="eb851a7e8253" tests="3" skipped="1" failures="0" errors="0" time="0.225">
    <testcase time="0.224" classname="character(0)" name="ard_stats_oneway_test_works"/>
    <testcase time="0" classname="character(0)" name="ard_stats_oneway_test_works"/>
    <testcase time="0.000999999999999446" classname="character(0)" name="ard_stats_oneway_test_works">
      <skipped message="Reason: On CRAN ('test-ard_stats_oneway_test.R:24:3')"/>
    </testcase>
  </testsuite>
  <testsuite name="ard_stats_prop_test" timestamp="2024-06-24T22:26:23Z" hostname="eb851a7e8253" tests="3" skipped="0" failures="0" errors="0" time="0.434">
    <testcase time="0.433" classname="character(0)" name="ard_stats_prop_test_works"/>
    <testcase time="0" classname="character(0)" name="ard_stats_prop_test_works"/>
    <testcase time="0.00100000000000122" classname="character(0)" name="ard_stats_prop_test_works"/>
  </testsuite>
  <testsuite name="ard_stats_prop_test" timestamp="2024-06-24T22:26:23Z" hostname="eb851a7e8253" tests="8" skipped="0" failures="0" errors="0" time="0.005">
    <testcase time="0.000999999999999446" classname="character(0)" name="ard_stats_prop_test_error_messaging"/>
    <testcase time="0.000999999999999446" classname="character(0)" name="ard_stats_prop_test_error_messaging"/>
    <testcase time="0" classname="character(0)" name="ard_stats_prop_test_error_messaging"/>
    <testcase time="0.00100000000000122" classname="character(0)" name="ard_stats_prop_test_error_messaging"/>
    <testcase time="0" classname="character(0)" name="ard_stats_prop_test_error_messaging"/>
    <testcase time="0.000999999999999446" classname="character(0)" name="ard_stats_prop_test_error_messaging"/>
    <testcase time="0" classname="character(0)" name="ard_stats_prop_test_error_messaging"/>
    <testcase time="0.000999999999999446" classname="character(0)" name="ard_stats_prop_test_error_messaging"/>
  </testsuite>
  <testsuite name="ard_stats_t_test" timestamp="2024-06-24T22:26:23Z" hostname="eb851a7e8253" tests="6" skipped="0" failures="0" errors="0" time="0.366">
    <testcase time="0.364000000000001" classname="character(0)" name="ard_stats_t_test_works"/>
    <testcase time="0" classname="character(0)" name="ard_stats_t_test_works"/>
    <testcase time="0.000999999999999446" classname="character(0)" name="ard_stats_t_test_works"/>
    <testcase time="0" classname="character(0)" name="ard_stats_t_test_works"/>
    <testcase time="0.000999999999999446" classname="character(0)" name="ard_stats_t_test_works"/>
    <testcase time="0" classname="character(0)" name="ard_stats_t_test_works"/>
  </testsuite>
  <testsuite name="ard_stats_t_test" timestamp="2024-06-24T22:26:23Z" hostname="eb851a7e8253" tests="3" skipped="0" failures="0" errors="0" time="0.003">
    <testcase time="0.00200000000000067" classname="character(0)" name="ard_stats_paired_t_test_works"/>
    <testcase time="0" classname="character(0)" name="ard_stats_paired_t_test_works"/>
    <testcase time="0.000999999999999446" classname="character(0)" name="ard_stats_paired_t_test_works"/>
  </testsuite>
  <testsuite name="ard_stats_t_test_onesample" timestamp="2024-06-24T22:26:23Z" hostname="eb851a7e8253" tests="5" skipped="0" failures="0" errors="0" time="0.21">
    <testcase time="0.208" classname="character(0)" name="ard_stats_t_test_onesample_works"/>
    <testcase time="0.00100000000000122" classname="character(0)" name="ard_stats_t_test_onesample_works"/>
    <testcase time="0" classname="character(0)" name="ard_stats_t_test_onesample_works"/>
    <testcase time="0.000999999999999446" classname="character(0)" name="ard_stats_t_test_onesample_works"/>
    <testcase time="0" classname="character(0)" name="ard_stats_t_test_onesample_works"/>
  </testsuite>
  <testsuite name="ard_stats_wilcox_test" timestamp="2024-06-24T22:26:24Z" hostname="eb851a7e8253" tests="6" skipped="0" failures="0" errors="0" time="0.726">
    <testcase time="0.724" classname="character(0)" name="ard_stats_wilcox_test_works"/>
    <testcase time="0" classname="character(0)" name="ard_stats_wilcox_test_works"/>
    <testcase time="0.000999999999999446" classname="character(0)" name="ard_stats_wilcox_test_works"/>
    <testcase time="0" classname="character(0)" name="ard_stats_wilcox_test_works"/>
    <testcase time="0.000999999999999446" classname="character(0)" name="ard_stats_wilcox_test_works"/>
    <testcase time="0" classname="character(0)" name="ard_stats_wilcox_test_works"/>
  </testsuite>
  <testsuite name="ard_stats_wilcox_test" timestamp="2024-06-24T22:26:24Z" hostname="eb851a7e8253" tests="3" skipped="0" failures="0" errors="0" time="0.003">
    <testcase time="0.00200000000000067" classname="character(0)" name="ard_stats_paired_wilcox_test_works"/>
    <testcase time="0" classname="character(0)" name="ard_stats_paired_wilcox_test_works"/>
    <testcase time="0.000999999999999446" classname="character(0)" name="ard_stats_paired_wilcox_test_works"/>
  </testsuite>
  <testsuite name="ard_stats_wilcox_test_onesample" timestamp="2024-06-24T22:26:24Z" hostname="eb851a7e8253" tests="5" skipped="0" failures="0" errors="0" time="0.271">
    <testcase time="0.269" classname="character(0)" name="ard_stats_wilcox_test_onesample_works"/>
    <testcase time="0" classname="character(0)" name="ard_stats_wilcox_test_onesample_works"/>
    <testcase time="0.00100000000000122" classname="character(0)" name="ard_stats_wilcox_test_onesample_works"/>
    <testcase time="0" classname="character(0)" name="ard_stats_wilcox_test_onesample_works"/>
    <testcase time="0.000999999999999446" classname="character(0)" name="ard_stats_wilcox_test_onesample_works"/>
  </testsuite>
  <testsuite name="ard_survey_svychisq" timestamp="2024-06-24T22:26:25Z" hostname="eb851a7e8253" tests="3" skipped="1" failures="0" errors="0" time="0.238">
    <testcase time="0.237" classname="character(0)" name="ard_survey_svychisq_works"/>
    <testcase time="0.000999999999999446" classname="character(0)" name="ard_survey_svychisq_works"/>
    <testcase time="0" classname="character(0)" name="ard_survey_svychisq_works">
      <skipped message="Reason: On CRAN ('test-ard_survey_svychisq.R:28:3')"/>
    </testcase>
  </testsuite>
  <testsuite name="ard_survey_svyranktest" timestamp="2024-06-24T22:26:25Z" hostname="eb851a7e8253" tests="1" skipped="1" failures="0" errors="0" time="0.349">
    <testcase time="0.349000000000002" classname="character(0)" name="ard_survey_svyranktest_works">
      <skipped message="Reason: On CRAN ('test-ard_survey_svyranktest.R:18:3')"/>
    </testcase>
  </testsuite>
  <testsuite name="ard_survey_svyranktest" timestamp="2024-06-24T22:26:25Z" hostname="eb851a7e8253" tests="1" skipped="0" failures="0" errors="0" time="0.01">
    <testcase time="0.00999999999999801" classname="character(0)" name="exact_values_match_for_ard_svyranktest_works"/>
  </testsuite>
  <testsuite name="ard_survey_svyttest" timestamp="2024-06-24T22:26:25Z" hostname="eb851a7e8253" tests="4" skipped="0" failures="0" errors="0" time="0.322">
    <testcase time="0.321000000000002" classname="character(0)" name="ard_survey_svyttest_works"/>
    <testcase time="0" classname="character(0)" name="ard_survey_svyttest_works"/>
    <testcase time="0.000999999999997669" classname="character(0)" name="ard_survey_svyttest_works"/>
    <testcase time="0" classname="character(0)" name="ard_survey_svyttest_works"/>
  </testsuite>
  <testsuite name="ard_survey_svyttest" timestamp="2024-06-24T22:26:25Z" hostname="eb851a7e8253" tests="2" skipped="0" failures="0" errors="0" time="0.002">
    <testcase time="0.00200000000000244" classname="character(0)" name="ard_survey_svyttest_messaging"/>
    <testcase time="0" classname="character(0)" name="ard_survey_svyttest_messaging"/>
  </testsuite>
  <testsuite name="ard_survival_survdiff" timestamp="2024-06-24T22:26:25Z" hostname="eb851a7e8253" tests="6" skipped="0" failures="0" errors="0" time="0.227">
    <testcase time="0.225999999999999" classname="character(0)" name="ard_survival_survdiff_works"/>
    <testcase time="0" classname="character(0)" name="ard_survival_survdiff_works"/>
    <testcase time="0" classname="character(0)" name="ard_survival_survdiff_works"/>
    <testcase time="0.000999999999997669" classname="character(0)" name="ard_survival_survdiff_works"/>
    <testcase time="0" classname="character(0)" name="ard_survival_survdiff_works"/>
    <testcase time="0" classname="character(0)" name="ard_survival_survdiff_works"/>
  </testsuite>
  <testsuite name="ard_survival_survdiff" timestamp="2024-06-24T22:26:25Z" hostname="eb851a7e8253" tests="4" skipped="0" failures="0" errors="0" time="0.004">
    <testcase time="0.00199999999999889" classname="character(0)" name="ard_survival_survdiff_error_messaging"/>
    <testcase time="0" classname="character(0)" name="ard_survival_survdiff_error_messaging"/>
    <testcase time="0.00100000000000122" classname="character(0)" name="ard_survival_survdiff_error_messaging"/>
    <testcase time="0.00100000000000122" classname="character(0)" name="ard_survival_survdiff_error_messaging"/>
  </testsuite>
  <testsuite name="ard_survival_survfit" timestamp="2024-06-24T22:26:27Z" hostname="eb851a7e8253" tests="1" skipped="1" failures="0" errors="0" time="1.183">
    <testcase time="1.183" classname="character(0)" name="ard_survival_survfit_works_with_times_provided">
      <skipped message="Reason: On CRAN ('test-ard_survival_survfit.R:4:3')"/>
    </testcase>
  </testsuite>
  <testsuite name="ard_survival_survfit" timestamp="2024-06-24T22:26:27Z" hostname="eb851a7e8253" tests="1" skipped="1" failures="0" errors="0" time="0.01">
    <testcase time="0.00999999999999801" classname="character(0)" name="ard_survival_survfit_works_with_different_type">
      <skipped message="Reason: On CRAN ('test-ard_survival_survfit.R:15:3')"/>
    </testcase>
  </testsuite>
  <testsuite name="ard_survival_survfit" timestamp="2024-06-24T22:26:27Z" hostname="eb851a7e8253" tests="1" skipped="1" failures="0" errors="0" time="0.01">
    <testcase time="0.0100000000000016" classname="character(0)" name="ard_survival_survfit_works_with_probs_provided">
      <skipped message="Reason: On CRAN ('test-ard_survival_survfit.R:26:3')"/>
    </testcase>
  </testsuite>
  <testsuite name="ard_survival_survfit" timestamp="2024-06-24T22:26:27Z" hostname="eb851a7e8253" tests="1" skipped="1" failures="0" errors="0" time="0.013">
    <testcase time="0.0130000000000017" classname="character(0)" name="ard_survival_survfit_works_with_unstratified_model">
      <skipped message="Reason: On CRAN ('test-ard_survival_survfit.R:37:3')"/>
    </testcase>
  </testsuite>
  <testsuite name="ard_survival_survfit" timestamp="2024-06-24T22:26:27Z" hostname="eb851a7e8253" tests="1" skipped="1" failures="0" errors="0" time="0.01">
    <testcase time="0.00999999999999801" classname="character(0)" name="ard_survival_survfit_works_with_multiple_stratification_variables">
      <skipped message="Reason: On CRAN ('test-ard_survival_survfit.R:57:3')"/>
    </testcase>
  </testsuite>
  <testsuite name="ard_survival_survfit" timestamp="2024-06-24T22:26:27Z" hostname="eb851a7e8253" tests="1" skipped="1" failures="0" errors="0" time="0.01">
    <testcase time="0.0100000000000016" classname="character(0)" name="ard_survival_survfit_works_with_competing_risks">
      <skipped message="Reason: On CRAN ('test-ard_survival_survfit.R:91:3')"/>
    </testcase>
  </testsuite>
  <testsuite name="ard_survival_survfit" timestamp="2024-06-24T22:26:27Z" hostname="eb851a7e8253" tests="1" skipped="1" failures="0" errors="0" time="0.01">
    <testcase time="0.00999999999999801" classname="character(0)" name="ard_survival_survfit_errors_are_properly_handled">
      <skipped message="Reason: On CRAN ('test-ard_survival_survfit.R:102:3')"/>
    </testcase>
  </testsuite>
  <testsuite name="ard_survival_survfit" timestamp="2024-06-24T22:26:27Z" hostname="eb851a7e8253" tests="1" skipped="0" failures="0" errors="0" time="0.013">
    <testcase time="0.0130000000000017" classname="character(0)" name="ard_survival_survfit_works_with_non_syntactic_names"/>
  </testsuite>
  <testsuite name="ard_survival_survfit" timestamp="2024-06-24T22:26:27Z" hostname="eb851a7e8253" tests="1" skipped="1" failures="0" errors="0" time="0.001">
    <testcase time="0.000999999999997669" classname="character(0)" name="ard_survival_survfit_errors_with_stratified_Cox_model">
      <skipped message="Reason: On CRAN ('test-ard_survival_survfit.R:137:3')"/>
    </testcase>
  </testsuite>
  <testsuite name="ard_survival_survfit_diff" timestamp="2024-06-24T22:26:27Z" hostname="eb851a7e8253" tests="4" skipped="0" failures="0" errors="0" time="0.289">
    <testcase time="0.288" classname="character(0)" name="ard_survival_survfit_diff_works"/>
    <testcase time="0" classname="character(0)" name="ard_survival_survfit_diff_works"/>
    <testcase time="0.00100000000000122" classname="character(0)" name="ard_survival_survfit_diff_works"/>
    <testcase time="0" classname="character(0)" name="ard_survival_survfit_diff_works"/>
  </testsuite>
  <testsuite name="ard_survival_survfit_diff" timestamp="2024-06-24T22:26:27Z" hostname="eb851a7e8253" tests="1" skipped="1" failures="0" errors="0" time="0.002">
    <testcase time="0.00199999999999889" classname="character(0)" name="ard_survival_survfit_diff_messaging">
      <skipped message="Reason: On CRAN ('test-ard_survival_survfit_diff.R:40:3')"/>
    </testcase>
  </testsuite>
  <testsuite name="ard_categorical.survey.design" timestamp="2024-06-24T22:26:27Z" hostname="eb851a7e8253" tests="1" skipped="0" failures="0" errors="0" time="0.318">
    <testcase time="0.318000000000001" classname="character(0)" name="multiplication_works"/>
  </testsuite>
  <testsuite name="ard_categorical.survey.design" timestamp="2024-06-24T22:26:27Z" hostname="eb851a7e8253" tests="54" skipped="0" failures="0" errors="0" time="0.048">
    <testcase time="0.00300000000000011" classname="character(0)" name="ard_categorical.survey.design_works"/>
    <testcase time="0.00100000000000122" classname="character(0)" name="ard_categorical.survey.design_works"/>
    <testcase time="0.00499999999999901" classname="character(0)" name="ard_categorical.survey.design_works"/>
    <testcase time="0.000999999999997669" classname="character(0)" name="ard_categorical.survey.design_works"/>
    <testcase time="0" classname="character(0)" name="ard_categorical.survey.design_works"/>
    <testcase time="0" classname="character(0)" name="ard_categorical.survey.design_works"/>
    <testcase time="0.00100000000000122" classname="character(0)" name="ard_categorical.survey.design_works"/>
    <testcase time="0.000999999999997669" classname="character(0)" name="ard_categorical.survey.design_works"/>
    <testcase time="0.00100000000000122" classname="character(0)" name="ard_categorical.survey.design_works"/>
    <testcase time="0.00100000000000122" classname="character(0)" name="ard_categorical.survey.design_works"/>
    <testcase time="0.000999999999997669" classname="character(0)" name="ard_categorical.survey.design_works"/>
    <testcase time="0.00100000000000122" classname="character(0)" name="ard_categorical.survey.design_works"/>
    <testcase time="0" classname="character(0)" name="ard_categorical.survey.design_works"/>
    <testcase time="0.00100000000000122" classname="character(0)" name="ard_categorical.survey.design_works"/>
    <testcase time="0.000999999999997669" classname="character(0)" name="ard_categorical.survey.design_works"/>
    <testcase time="0.00100000000000122" classname="character(0)" name="ard_categorical.survey.design_works"/>
    <testcase time="0.00100000000000122" classname="character(0)" name="ard_categorical.survey.design_works"/>
    <testcase time="0.000999999999997669" classname="character(0)" name="ard_categorical.survey.design_works"/>
    <testcase time="0.00100000000000122" classname="character(0)" name="ard_categorical.survey.design_works"/>
    <testcase time="0.00100000000000122" classname="character(0)" name="ard_categorical.survey.design_works"/>
    <testcase time="0.000999999999997669" classname="character(0)" name="ard_categorical.survey.design_works"/>
    <testcase time="0.00100000000000122" classname="character(0)" name="ard_categorical.survey.design_works"/>
    <testcase time="0.00100000000000122" classname="character(0)" name="ard_categorical.survey.design_works"/>
    <testcase time="0.000999999999997669" classname="character(0)" name="ard_categorical.survey.design_works"/>
    <testcase time="0.00100000000000122" classname="character(0)" name="ard_categorical.survey.design_works"/>
    <testcase time="0.00100000000000122" classname="character(0)" name="ard_categorical.survey.design_works"/>
    <testcase time="0.000999999999997669" classname="character(0)" name="ard_categorical.survey.design_works"/>
    <testcase time="0.00100000000000122" classname="character(0)" name="ard_categorical.survey.design_works"/>
    <testcase time="0.00100000000000122" classname="character(0)" name="ard_categorical.survey.design_works"/>
    <testcase time="0.000999999999997669" classname="character(0)" name="ard_categorical.survey.design_works"/>
    <testcase time="0.00100000000000122" classname="character(0)" name="ard_categorical.survey.design_works"/>
    <testcase time="0" classname="character(0)" name="ard_categorical.survey.design_works"/>
    <testcase time="0.000999999999997669" classname="character(0)" name="ard_categorical.survey.design_works"/>
    <testcase time="0" classname="character(0)" name="ard_categorical.survey.design_works"/>
    <testcase time="0.00100000000000122" classname="character(0)" name="ard_categorical.survey.design_works"/>
    <testcase time="0.00100000000000122" classname="character(0)" name="ard_categorical.survey.design_works"/>
    <testcase time="0" classname="character(0)" name="ard_categorical.survey.design_works"/>
    <testcase time="0.000999999999997669" classname="character(0)" name="ard_categorical.survey.design_works"/>
    <testcase time="0" classname="character(0)" name="ard_categorical.survey.design_works"/>
    <testcase time="0.00100000000000122" classname="character(0)" name="ard_categorical.survey.design_works"/>
    <testcase time="0.00100000000000122" classname="character(0)" name="ard_categorical.survey.design_works"/>
    <testcase time="0" classname="character(0)" name="ard_categorical.survey.design_works"/>
    <testcase time="0.000999999999997669" classname="character(0)" name="ard_categorical.survey.design_works"/>
    <testcase time="0" classname="character(0)" name="ard_categorical.survey.design_works"/>
    <testcase time="0.00100000000000122" classname="character(0)" name="ard_categorical.survey.design_works"/>
    <testcase time="0.00100000000000122" classname="character(0)" name="ard_categorical.survey.design_works"/>
    <testcase time="0" classname="character(0)" name="ard_categorical.survey.design_works"/>
    <testcase time="0.000999999999997669" classname="character(0)" name="ard_categorical.survey.design_works"/>
    <testcase time="0" classname="character(0)" name="ard_categorical.survey.design_works"/>
    <testcase time="0.00100000000000122" classname="character(0)" name="ard_categorical.survey.design_works"/>
    <testcase time="0.00100000000000122" classname="character(0)" name="ard_categorical.survey.design_works"/>
    <testcase time="0" classname="character(0)" name="ard_categorical.survey.design_works"/>
    <testcase time="0.000999999999997669" classname="character(0)" name="ard_categorical.survey.design_works"/>
    <testcase time="0.00100000000000122" classname="character(0)" name="ard_categorical.survey.design_works"/>
  </testsuite>
  <testsuite name="ard_categorical.survey.design" timestamp="2024-06-24T22:26:27Z" hostname="eb851a7e8253" tests="3" skipped="0" failures="0" errors="0" time="0.002">
    <testcase time="0.00100000000000122" classname="character(0)" name="ard_categorical.survey.design_works_when_variables_have_all_NAs"/>
    <testcase time="0.000999999999997669" classname="character(0)" name="ard_categorical.survey.design_works_when_variables_have_all_NAs"/>
    <testcase time="0" classname="character(0)" name="ard_categorical.survey.design_works_when_variables_have_all_NAs"/>
  </testsuite>
  <testsuite name="ard_categorical.survey.design" timestamp="2024-06-24T22:26:27Z" hostname="eb851a7e8253" tests="18" skipped="0" failures="0" errors="0" time="0.01">
    <testcase time="0.00200000000000244" classname="character(0)" name="ard_categorical.survey.design_works_for_unobserved_factor_levels"/>
    <testcase time="0" classname="character(0)" name="ard_categorical.survey.design_works_for_unobserved_factor_levels"/>
    <testcase time="0.000999999999997669" classname="character(0)" name="ard_categorical.survey.design_works_for_unobserved_factor_levels"/>
    <testcase time="0" classname="character(0)" name="ard_categorical.survey.design_works_for_unobserved_factor_levels"/>
    <testcase time="0.00100000000000122" classname="character(0)" name="ard_categorical.survey.design_works_for_unobserved_factor_levels"/>
    <testcase time="0" classname="character(0)" name="ard_categorical.survey.design_works_for_unobserved_factor_levels"/>
    <testcase time="0.00100000000000122" classname="character(0)" name="ard_categorical.survey.design_works_for_unobserved_factor_levels"/>
    <testcase time="0" classname="character(0)" name="ard_categorical.survey.design_works_for_unobserved_factor_levels"/>
    <testcase time="0.000999999999997669" classname="character(0)" name="ard_categorical.survey.design_works_for_unobserved_factor_levels"/>
    <testcase time="0" classname="character(0)" name="ard_categorical.survey.design_works_for_unobserved_factor_levels"/>
    <testcase time="0.00100000000000122" classname="character(0)" name="ard_categorical.survey.design_works_for_unobserved_factor_levels"/>
    <testcase time="0" classname="character(0)" name="ard_categorical.survey.design_works_for_unobserved_factor_levels"/>
    <testcase time="0.00100000000000122" classname="character(0)" name="ard_categorical.survey.design_works_for_unobserved_factor_levels"/>
    <testcase time="0" classname="character(0)" name="ard_categorical.survey.design_works_for_unobserved_factor_levels"/>
    <testcase time="0.000999999999997669" classname="character(0)" name="ard_categorical.survey.design_works_for_unobserved_factor_levels"/>
    <testcase time="0" classname="character(0)" name="ard_categorical.survey.design_works_for_unobserved_factor_levels"/>
    <testcase time="0.00100000000000122" classname="character(0)" name="ard_categorical.survey.design_works_for_unobserved_factor_levels"/>
    <testcase time="0" classname="character(0)" name="ard_categorical.survey.design_works_for_unobserved_factor_levels"/>
  </testsuite>
  <testsuite name="ard_categorical.survey.design" timestamp="2024-06-24T22:26:27Z" hostname="eb851a7e8253" tests="18" skipped="0" failures="0" errors="0" time="0.01">
    <testcase time="0.00199999999999889" classname="character(0)" name="ard_categorical.survey.design_works_for_unobserved_logical_levels"/>
    <testcase time="0" classname="character(0)" name="ard_categorical.survey.design_works_for_unobserved_logical_levels"/>
    <testcase time="0.00100000000000122" classname="character(0)" name="ard_categorical.survey.design_works_for_unobserved_logical_levels"/>
    <testcase time="0" classname="character(0)" name="ard_categorical.survey.design_works_for_unobserved_logical_levels"/>
    <testcase time="0.00100000000000122" classname="character(0)" name="ard_categorical.survey.design_works_for_unobserved_logical_levels"/>
    <testcase time="0" classname="character(0)" name="ard_categorical.survey.design_works_for_unobserved_logical_levels"/>
    <testcase time="0.000999999999997669" classname="character(0)" name="ard_categorical.survey.design_works_for_unobserved_logical_levels"/>
    <testcase time="0" classname="character(0)" name="ard_categorical.survey.design_works_for_unobserved_logical_levels"/>
    <testcase time="0.00100000000000122" classname="character(0)" name="ard_categorical.survey.design_works_for_unobserved_logical_levels"/>
    <testcase time="0" classname="character(0)" name="ard_categorical.survey.design_works_for_unobserved_logical_levels"/>
    <testcase time="0.000999999999997669" classname="character(0)" name="ard_categorical.survey.design_works_for_unobserved_logical_levels"/>
    <testcase time="0" classname="character(0)" name="ard_categorical.survey.design_works_for_unobserved_logical_levels"/>
    <testcase time="0.00100000000000122" classname="character(0)" name="ard_categorical.survey.design_works_for_unobserved_logical_levels"/>
    <testcase time="0" classname="character(0)" name="ard_categorical.survey.design_works_for_unobserved_logical_levels"/>
    <testcase time="0.00100000000000122" classname="character(0)" name="ard_categorical.survey.design_works_for_unobserved_logical_levels"/>
    <testcase time="0" classname="character(0)" name="ard_categorical.survey.design_works_for_unobserved_logical_levels"/>
    <testcase time="0.000999999999997669" classname="character(0)" name="ard_categorical.survey.design_works_for_unobserved_logical_levels"/>
    <testcase time="0" classname="character(0)" name="ard_categorical.survey.design_works_for_unobserved_logical_levels"/>
  </testsuite>
  <testsuite name="ard_categorical.survey.design" timestamp="2024-06-24T22:26:27Z" hostname="eb851a7e8253" tests="18" skipped="0" failures="0" errors="0" time="0.013">
    <testcase time="0.00500000000000256" classname="character(0)" name="ard_categorical.survey.design_works_with_variables_with_only_1_level"/>
    <testcase time="0" classname="character(0)" name="ard_categorical.survey.design_works_with_variables_with_only_1_level"/>
    <testcase time="0.000999999999997669" classname="character(0)" name="ard_categorical.survey.design_works_with_variables_with_only_1_level"/>
    <testcase time="0" classname="character(0)" name="ard_categorical.survey.design_works_with_variables_with_only_1_level"/>
    <testcase time="0.00100000000000122" classname="character(0)" name="ard_categorical.survey.design_works_with_variables_with_only_1_level"/>
    <testcase time="0" classname="character(0)" name="ard_categorical.survey.design_works_with_variables_with_only_1_level"/>
    <testcase time="0.00100000000000122" classname="character(0)" name="ard_categorical.survey.design_works_with_variables_with_only_1_level"/>
    <testcase time="0" classname="character(0)" name="ard_categorical.survey.design_works_with_variables_with_only_1_level"/>
    <testcase time="0.000999999999997669" classname="character(0)" name="ard_categorical.survey.design_works_with_variables_with_only_1_level"/>
    <testcase time="0" classname="character(0)" name="ard_categorical.survey.design_works_with_variables_with_only_1_level"/>
    <testcase time="0.00100000000000122" classname="character(0)" name="ard_categorical.survey.design_works_with_variables_with_only_1_level"/>
    <testcase time="0" classname="character(0)" name="ard_categorical.survey.design_works_with_variables_with_only_1_level"/>
    <testcase time="0.00100000000000122" classname="character(0)" name="ard_categorical.survey.design_works_with_variables_with_only_1_level"/>
    <testcase time="0" classname="character(0)" name="ard_categorical.survey.design_works_with_variables_with_only_1_level"/>
    <testcase time="0.000999999999997669" classname="character(0)" name="ard_categorical.survey.design_works_with_variables_with_only_1_level"/>
    <testcase time="0" classname="character(0)" name="ard_categorical.survey.design_works_with_variables_with_only_1_level"/>
    <testcase time="0.00100000000000122" classname="character(0)" name="ard_categorical.survey.design_works_with_variables_with_only_1_level"/>
    <testcase time="0" classname="character(0)" name="ard_categorical.survey.design_works_with_variables_with_only_1_level"/>
  </testsuite>
  <testsuite name="construction_helpers" timestamp="2024-06-24T22:26:27Z" hostname="eb851a7e8253" tests="1" skipped="1" failures="0" errors="0" time="0.009">
    <testcase time="0.00900000000000034" classname="character(0)" name="construct_model_works">
      <skipped message="Reason: On CRAN ('test-construction_helpers.R:4:3')"/>
    </testcase>
  </testsuite>
  <testsuite name="construction_helpers" timestamp="2024-06-24T22:26:27Z" hostname="eb851a7e8253" tests="1" skipped="1" failures="0" errors="0" time="0.01">
    <testcase time="0.00999999999999801" classname="character(0)" name="construct_model_messaging">
      <skipped message="Reason: On CRAN ('test-construction_helpers.R:97:3')"/>
    </testcase>
  </testsuite>
  <testsuite name="proportion_ci" timestamp="2024-06-24T22:26:28Z" hostname="eb851a7e8253" tests="1" skipped="1" failures="0" errors="0" time="0.121">
    <testcase time="0.121000000000002" classname="character(0)" name="check_the_proportion_ci__functions_work">
      <skipped message="Reason: On CRAN ('test-proportion_ci.R:12:3')"/>
    </testcase>
  </testsuite>
  <testsuite name="proportion_ci" timestamp="2024-06-24T22:26:28Z" hostname="eb851a7e8253" tests="1" skipped="1" failures="0" errors="0" time="0.013">
    <testcase time="0.0129999999999981" classname="character(0)" name="check_the_proportion_ci_strat_wilson_function_works">
      <skipped message="Reason: On CRAN ('test-proportion_ci.R:138:3')"/>
    </testcase>
  </testsuite>
</testsuites>
