<?xml version="1.0" encoding="UTF-8"?>
<testsuites>
  <testsuite name="ard_aod_wald_test" timestamp="2024-07-03T02:38:42Z" hostname="123f95ce5c8a" tests="3" skipped="1" failures="0" errors="0" time="1.204">
    <testcase time="1.183" classname="character(0)" name="ard_aod_wald_test_works"/>
    <testcase time="0.0149999999999999" classname="character(0)" name="ard_aod_wald_test_works"/>
    <testcase time="0.00600000000000001" classname="character(0)" name="ard_aod_wald_test_works">
      <skipped message="Reason: On CRAN ('test-ard_aod_wald_test.R:12:3')"/>
    </testcase>
  </testsuite>
  <testsuite name="ard_attributes.survey.design" timestamp="2024-07-03T02:38:43Z" hostname="123f95ce5c8a" tests="1" skipped="1" failures="0" errors="0" time="0.35">
    <testcase time="0.35" classname="character(0)" name="ard_attributes.survey.design_works">
      <skipped message="Reason: On CRAN ('test-ard_attributes.survey.design.R:7:3')"/>
    </testcase>
  </testsuite>
  <testsuite name="ard_car_vif" timestamp="2024-07-03T02:38:43Z" hostname="123f95ce5c8a" tests="1" skipped="1" failures="0" errors="0" time="0.312">
    <testcase time="0.312" classname="character(0)" name="ard_car_vif_works">
      <skipped message="Reason: On CRAN ('test-ard_car_vif.R:4:3')"/>
    </testcase>
  </testsuite>
  <testsuite name="ard_car_vif" timestamp="2024-07-03T02:38:43Z" hostname="123f95ce5c8a" tests="1" skipped="0" failures="0" errors="0" time="0.01">
    <testcase time="0.00999999999999979" classname="character(0)" name="ard_car_vif_appropriate_errors_are_given_for_model_with_only_1_term"/>
  </testsuite>
  <testsuite name="ard_car_vif" timestamp="2024-07-03T02:38:43Z" hostname="123f95ce5c8a" tests="1" skipped="1" failures="0" errors="0" time="0.001">
    <testcase time="0.00099999999999989" classname="character(0)" name="ard_vif_issues_friendly_messaging_for_incorrect_object_passed_in_can_t_get_terms_of_model">
      <skipped message="Reason: On CRAN ('test-ard_car_vif.R:29:3')"/>
    </testcase>
  </testsuite>
  <testsuite name="ard_car_anova" timestamp="2024-07-03T02:38:43Z" hostname="123f95ce5c8a" tests="3" skipped="1" failures="0" errors="0" time="0.386">
    <testcase time="0.385" classname="character(0)" name="ard_car_anova_works"/>
    <testcase time="0.00099999999999989" classname="character(0)" name="ard_car_anova_works"/>
    <testcase time="0" classname="character(0)" name="ard_car_anova_works">
      <skipped message="Reason: On CRAN ('test-ard_car_anova.R:14:3')"/>
    </testcase>
  </testsuite>
  <testsuite name="ard_car_anova" timestamp="2024-07-03T02:38:43Z" hostname="123f95ce5c8a" tests="1" skipped="1" failures="0" errors="0" time="0.018">
    <testcase time="0.0180000000000002" classname="character(0)" name="ard_car_anova_messaging">
      <skipped message="Reason: On CRAN ('test-ard_car_anova.R:18:3')"/>
    </testcase>
  </testsuite>
  <testsuite name="ard_continuous.survey.design" timestamp="2024-07-03T02:38:45Z" hostname="123f95ce5c8a" tests="12" skipped="1" failures="0" errors="0" time="2.237">
    <testcase time="2.231" classname="character(0)" name="unstratified_ard_continuous.survey.design_works"/>
    <testcase time="0.00100000000000033" classname="character(0)" name="unstratified_ard_continuous.survey.design_works"/>
    <testcase time="0" classname="character(0)" name="unstratified_ard_continuous.survey.design_works"/>
    <testcase time="0.000999999999999446" classname="character(0)" name="unstratified_ard_continuous.survey.design_works"/>
    <testcase time="0" classname="character(0)" name="unstratified_ard_continuous.survey.design_works"/>
    <testcase time="0.00100000000000033" classname="character(0)" name="unstratified_ard_continuous.survey.design_works"/>
    <testcase time="0" classname="character(0)" name="unstratified_ard_continuous.survey.design_works"/>
    <testcase time="0.00100000000000033" classname="character(0)" name="unstratified_ard_continuous.survey.design_works"/>
    <testcase time="0" classname="character(0)" name="unstratified_ard_continuous.survey.design_works"/>
    <testcase time="0.000999999999999446" classname="character(0)" name="unstratified_ard_continuous.survey.design_works"/>
    <testcase time="0" classname="character(0)" name="unstratified_ard_continuous.survey.design_works"/>
    <testcase time="0.00100000000000033" classname="character(0)" name="unstratified_ard_continuous.survey.design_works">
      <skipped message="Reason: On CRAN ('test-ard_continuous.survey.design.R:70:3')"/>
    </testcase>
  </testsuite>
  <testsuite name="ard_continuous.survey.design" timestamp="2024-07-03T02:38:46Z" hostname="123f95ce5c8a" tests="11" skipped="0" failures="0" errors="0" time="0.017">
    <testcase time="0.0119999999999996" classname="character(0)" name="stratified_ard_continuous.survey.design_works"/>
    <testcase time="0" classname="character(0)" name="stratified_ard_continuous.survey.design_works"/>
    <testcase time="0.00100000000000033" classname="character(0)" name="stratified_ard_continuous.survey.design_works"/>
    <testcase time="0" classname="character(0)" name="stratified_ard_continuous.survey.design_works"/>
    <testcase time="0.000999999999999446" classname="character(0)" name="stratified_ard_continuous.survey.design_works"/>
    <testcase time="0" classname="character(0)" name="stratified_ard_continuous.survey.design_works"/>
    <testcase time="0.00100000000000033" classname="character(0)" name="stratified_ard_continuous.survey.design_works"/>
    <testcase time="0" classname="character(0)" name="stratified_ard_continuous.survey.design_works"/>
    <testcase time="0.00100000000000033" classname="character(0)" name="stratified_ard_continuous.survey.design_works"/>
    <testcase time="0" classname="character(0)" name="stratified_ard_continuous.survey.design_works"/>
    <testcase time="0.000999999999999446" classname="character(0)" name="stratified_ard_continuous.survey.design_works"/>
  </testsuite>
  <testsuite name="ard_continuous.survey.design" timestamp="2024-07-03T02:38:46Z" hostname="123f95ce5c8a" tests="4" skipped="0" failures="0" errors="0" time="0.003">
    <testcase time="0.00100000000000033" classname="character(0)" name="ard_continuous.survey.design_NA_handling"/>
    <testcase time="0.00100000000000033" classname="character(0)" name="ard_continuous.survey.design_NA_handling"/>
    <testcase time="0" classname="character(0)" name="ard_continuous.survey.design_NA_handling"/>
    <testcase time="0.000999999999999446" classname="character(0)" name="ard_continuous.survey.design_NA_handling"/>
  </testsuite>
  <testsuite name="ard_continuous.survey.design" timestamp="2024-07-03T02:38:46Z" hostname="123f95ce5c8a" tests="2" skipped="0" failures="0" errors="0" time="0.001">
    <testcase time="0.00100000000000033" classname="character(0)" name="ard_continuous.survey.design_error_handling"/>
    <testcase time="0" classname="character(0)" name="ard_continuous.survey.design_error_handling"/>
  </testsuite>
  <testsuite name="ard_continuous.survey.design" timestamp="2024-07-03T02:38:46Z" hostname="123f95ce5c8a" tests="1" skipped="1" failures="0" errors="0" time="0.002">
    <testcase time="0.00199999999999978" classname="character(0)" name="ard_continuous.survey.design_fmt_fn_">
      <skipped message="Reason: On CRAN ('test-ard_continuous.survey.design.R:322:3')"/>
    </testcase>
  </testsuite>
  <testsuite name="ard_continuous.survey.design" timestamp="2024-07-03T02:38:46Z" hostname="123f95ce5c8a" tests="1" skipped="1" failures="0" errors="0" time="0.009">
    <testcase time="0.00900000000000034" classname="character(0)" name="ard_continuous.survey.design_stat_label_">
      <skipped message="Reason: On CRAN ('test-ard_continuous.survey.design.R:338:3')"/>
    </testcase>
  </testsuite>
  <testsuite name="ard_continuous.survey.design" timestamp="2024-07-03T02:38:46Z" hostname="123f95ce5c8a" tests="2" skipped="0" failures="0" errors="0" time="0.01">
    <testcase time="0.00999999999999979" classname="character(0)" name="ard_continuous.survey.design_by_unobserved_levels_combinations"/>
    <testcase time="0" classname="character(0)" name="ard_continuous.survey.design_by_unobserved_levels_combinations"/>
  </testsuite>
  <testsuite name="ard_dichotomous.survey.design" timestamp="2024-07-03T02:38:50Z" hostname="123f95ce5c8a" tests="33" skipped="0" failures="0" errors="0" time="4.228">
    <testcase time="4.209" classname="character(0)" name="ard_dichotomous.survey.design_works"/>
    <testcase time="0.00100000000000122" classname="character(0)" name="ard_dichotomous.survey.design_works"/>
    <testcase time="0" classname="character(0)" name="ard_dichotomous.survey.design_works"/>
    <testcase time="0.000999999999999446" classname="character(0)" name="ard_dichotomous.survey.design_works"/>
    <testcase time="0" classname="character(0)" name="ard_dichotomous.survey.design_works"/>
    <testcase time="0.000999999999999446" classname="character(0)" name="ard_dichotomous.survey.design_works"/>
    <testcase time="0" classname="character(0)" name="ard_dichotomous.survey.design_works"/>
    <testcase time="0.000999999999999446" classname="character(0)" name="ard_dichotomous.survey.design_works"/>
    <testcase time="0" classname="character(0)" name="ard_dichotomous.survey.design_works"/>
    <testcase time="0.00100000000000122" classname="character(0)" name="ard_dichotomous.survey.design_works"/>
    <testcase time="0" classname="character(0)" name="ard_dichotomous.survey.design_works"/>
    <testcase time="0.000999999999999446" classname="character(0)" name="ard_dichotomous.survey.design_works"/>
    <testcase time="0" classname="character(0)" name="ard_dichotomous.survey.design_works"/>
    <testcase time="0.000999999999999446" classname="character(0)" name="ard_dichotomous.survey.design_works"/>
    <testcase time="0" classname="character(0)" name="ard_dichotomous.survey.design_works"/>
    <testcase time="0.00100000000000122" classname="character(0)" name="ard_dichotomous.survey.design_works"/>
    <testcase time="0" classname="character(0)" name="ard_dichotomous.survey.design_works"/>
    <testcase time="0.00300000000000011" classname="character(0)" name="ard_dichotomous.survey.design_works"/>
    <testcase time="0.000999999999999446" classname="character(0)" name="ard_dichotomous.survey.design_works"/>
    <testcase time="0" classname="character(0)" name="ard_dichotomous.survey.design_works"/>
    <testcase time="0.000999999999999446" classname="character(0)" name="ard_dichotomous.survey.design_works"/>
    <testcase time="0" classname="character(0)" name="ard_dichotomous.survey.design_works"/>
    <testcase time="0.00100000000000122" classname="character(0)" name="ard_dichotomous.survey.design_works"/>
    <testcase time="0" classname="character(0)" name="ard_dichotomous.survey.design_works"/>
    <testcase time="0.000999999999999446" classname="character(0)" name="ard_dichotomous.survey.design_works"/>
    <testcase time="0" classname="character(0)" name="ard_dichotomous.survey.design_works"/>
    <testcase time="0.000999999999999446" classname="character(0)" name="ard_dichotomous.survey.design_works"/>
    <testcase time="0.00100000000000122" classname="character(0)" name="ard_dichotomous.survey.design_works"/>
    <testcase time="0" classname="character(0)" name="ard_dichotomous.survey.design_works"/>
    <testcase time="0.000999999999999446" classname="character(0)" name="ard_dichotomous.survey.design_works"/>
    <testcase time="0" classname="character(0)" name="ard_dichotomous.survey.design_works"/>
    <testcase time="0.000999999999999446" classname="character(0)" name="ard_dichotomous.survey.design_works"/>
    <testcase time="0" classname="character(0)" name="ard_dichotomous.survey.design_works"/>
  </testsuite>
  <testsuite name="ard_dichotomous.survey.design" timestamp="2024-07-03T02:38:50Z" hostname="123f95ce5c8a" tests="12" skipped="0" failures="0" errors="0" time="0.007">
    <testcase time="0.00200000000000067" classname="character(0)" name="ard_dichotomous.survey.design_works_with_various_input_types"/>
    <testcase time="0" classname="character(0)" name="ard_dichotomous.survey.design_works_with_various_input_types"/>
    <testcase time="0.000999999999999446" classname="character(0)" name="ard_dichotomous.survey.design_works_with_various_input_types"/>
    <testcase time="0" classname="character(0)" name="ard_dichotomous.survey.design_works_with_various_input_types"/>
    <testcase time="0.000999999999999446" classname="character(0)" name="ard_dichotomous.survey.design_works_with_various_input_types"/>
    <testcase time="0" classname="character(0)" name="ard_dichotomous.survey.design_works_with_various_input_types"/>
    <testcase time="0.00100000000000122" classname="character(0)" name="ard_dichotomous.survey.design_works_with_various_input_types"/>
    <testcase time="0" classname="character(0)" name="ard_dichotomous.survey.design_works_with_various_input_types"/>
    <testcase time="0.000999999999999446" classname="character(0)" name="ard_dichotomous.survey.design_works_with_various_input_types"/>
    <testcase time="0" classname="character(0)" name="ard_dichotomous.survey.design_works_with_various_input_types"/>
    <testcase time="0.000999999999999446" classname="character(0)" name="ard_dichotomous.survey.design_works_with_various_input_types"/>
    <testcase time="0" classname="character(0)" name="ard_dichotomous.survey.design_works_with_various_input_types"/>
  </testsuite>
  <testsuite name="ard_dichotomous.survey.design" timestamp="2024-07-03T02:38:50Z" hostname="123f95ce5c8a" tests="1" skipped="1" failures="0" errors="0" time="0.002">
    <testcase time="0.00200000000000067" classname="character(0)" name="ard_dichotomous.survey.design_returns_an_error_with_erroneous_input">
      <skipped message="Reason: On CRAN ('test-ard_dichotomous.survey.design.R:415:3')"/>
    </testcase>
  </testsuite>
  <testsuite name="ard_effectsize_cohens_d" timestamp="2024-07-03T02:38:50Z" hostname="123f95ce5c8a" tests="4" skipped="1" failures="0" errors="0" time="0.397">
    <testcase time="0.395" classname="character(0)" name="ard_effectsize_cohens_d_works"/>
    <testcase time="0.00100000000000122" classname="character(0)" name="ard_effectsize_cohens_d_works"/>
    <testcase time="0.000999999999999446" classname="character(0)" name="ard_effectsize_cohens_d_works"/>
    <testcase time="0" classname="character(0)" name="ard_effectsize_cohens_d_works">
      <skipped message="Reason: On CRAN ('test-ard_effectsize_cohens_d.R:38:3')"/>
    </testcase>
  </testsuite>
  <testsuite name="ard_effectsize_cohens_d" timestamp="2024-07-03T02:38:50Z" hostname="123f95ce5c8a" tests="3" skipped="0" failures="0" errors="0" time="0.016">
    <testcase time="0.0150000000000006" classname="character(0)" name="ard_effectsize_paired_cohens_d_works"/>
    <testcase time="0.000999999999999446" classname="character(0)" name="ard_effectsize_paired_cohens_d_works"/>
    <testcase time="0" classname="character(0)" name="ard_effectsize_paired_cohens_d_works"/>
  </testsuite>
  <testsuite name="ard_effectsize_hedges_g" timestamp="2024-07-03T02:38:51Z" hostname="123f95ce5c8a" tests="4" skipped="1" failures="0" errors="0" time="0.398">
    <testcase time="0.395999999999999" classname="character(0)" name="ard_effectsize_hedges_g_works"/>
    <testcase time="0.00100000000000122" classname="character(0)" name="ard_effectsize_hedges_g_works"/>
    <testcase time="0" classname="character(0)" name="ard_effectsize_hedges_g_works"/>
    <testcase time="0.000999999999999446" classname="character(0)" name="ard_effectsize_hedges_g_works">
      <skipped message="Reason: On CRAN ('test-ard_effectsize_hedges_g.R:34:3')"/>
    </testcase>
  </testsuite>
  <testsuite name="ard_effectsize_hedges_g" timestamp="2024-07-03T02:38:51Z" hostname="123f95ce5c8a" tests="3" skipped="0" failures="0" errors="0" time="0.011">
    <testcase time="0.00999999999999979" classname="character(0)" name="ard_effectsize_paired_hedges_g_works"/>
    <testcase time="0" classname="character(0)" name="ard_effectsize_paired_hedges_g_works"/>
    <testcase time="0.000999999999999446" classname="character(0)" name="ard_effectsize_paired_hedges_g_works"/>
  </testsuite>
  <testsuite name="ard_emmeans_mean_difference" timestamp="2024-07-03T02:38:52Z" hostname="123f95ce5c8a" tests="9" skipped="0" failures="0" errors="0" time="1.08">
    <testcase time="1.076" classname="character(0)" name="ard_emmeans_mean_difference_works"/>
    <testcase time="0.000999999999999446" classname="character(0)" name="ard_emmeans_mean_difference_works"/>
    <testcase time="0" classname="character(0)" name="ard_emmeans_mean_difference_works"/>
    <testcase time="0.00100000000000122" classname="character(0)" name="ard_emmeans_mean_difference_works"/>
    <testcase time="0" classname="character(0)" name="ard_emmeans_mean_difference_works"/>
    <testcase time="0.000999999999999446" classname="character(0)" name="ard_emmeans_mean_difference_works"/>
    <testcase time="0" classname="character(0)" name="ard_emmeans_mean_difference_works"/>
    <testcase time="0.000999999999999446" classname="character(0)" name="ard_emmeans_mean_difference_works"/>
    <testcase time="0" classname="character(0)" name="ard_emmeans_mean_difference_works"/>
  </testsuite>
  <testsuite name="ard_missing.survey.design" timestamp="2024-07-03T02:38:53Z" hostname="123f95ce5c8a" tests="19" skipped="0" failures="0" errors="0" time="1.582">
    <testcase time="1.565" classname="character(0)" name="ard_missing.survey.design_works"/>
    <testcase time="0.000999999999999446" classname="character(0)" name="ard_missing.survey.design_works"/>
    <testcase time="0.000999999999999446" classname="character(0)" name="ard_missing.survey.design_works"/>
    <testcase time="0.00100000000000122" classname="character(0)" name="ard_missing.survey.design_works"/>
    <testcase time="0.000999999999999446" classname="character(0)" name="ard_missing.survey.design_works"/>
    <testcase time="0.000999999999999446" classname="character(0)" name="ard_missing.survey.design_works"/>
    <testcase time="0.00100000000000122" classname="character(0)" name="ard_missing.survey.design_works"/>
    <testcase time="0.000999999999999446" classname="character(0)" name="ard_missing.survey.design_works"/>
    <testcase time="0" classname="character(0)" name="ard_missing.survey.design_works"/>
    <testcase time="0.000999999999999446" classname="character(0)" name="ard_missing.survey.design_works"/>
    <testcase time="0.00100000000000122" classname="character(0)" name="ard_missing.survey.design_works"/>
    <testcase time="0.000999999999999446" classname="character(0)" name="ard_missing.survey.design_works"/>
    <testcase time="0.000999999999999446" classname="character(0)" name="ard_missing.survey.design_works"/>
    <testcase time="0.000999999999999446" classname="character(0)" name="ard_missing.survey.design_works"/>
    <testcase time="0.00100000000000122" classname="character(0)" name="ard_missing.survey.design_works"/>
    <testcase time="0.000999999999999446" classname="character(0)" name="ard_missing.survey.design_works"/>
    <testcase time="0.000999999999999446" classname="character(0)" name="ard_missing.survey.design_works"/>
    <testcase time="0.00100000000000122" classname="character(0)" name="ard_missing.survey.design_works"/>
    <testcase time="0.000999999999999446" classname="character(0)" name="ard_missing.survey.design_works"/>
  </testsuite>
  <testsuite name="ard_proportion_ci" timestamp="2024-07-03T02:38:54Z" hostname="123f95ce5c8a" tests="6" skipped="0" failures="0" errors="0" time="0.92">
    <testcase time="0.915000000000001" classname="character(0)" name="ard_proportion_ci_works"/>
    <testcase time="0.000999999999999446" classname="character(0)" name="ard_proportion_ci_works"/>
    <testcase time="0.000999999999999446" classname="character(0)" name="ard_proportion_ci_works"/>
    <testcase time="0.000999999999999446" classname="character(0)" name="ard_proportion_ci_works"/>
    <testcase time="0.00100000000000122" classname="character(0)" name="ard_proportion_ci_works"/>
    <testcase time="0.000999999999999446" classname="character(0)" name="ard_proportion_ci_works"/>
  </testsuite>
  <testsuite name="ard_proportion_ci" timestamp="2024-07-03T02:38:54Z" hostname="123f95ce5c8a" tests="2" skipped="1" failures="0" errors="0" time="0.003">
    <testcase time="0.00200000000000067" classname="character(0)" name="ard_proportion_ci_method_strat_wilson_works"/>
    <testcase time="0.000999999999999446" classname="character(0)" name="ard_proportion_ci_method_strat_wilson_works">
      <skipped message="Reason: On CRAN ('test-ard_proportion_ci.R:92:3')"/>
    </testcase>
  </testsuite>
  <testsuite name="ard_proportion_ci" timestamp="2024-07-03T02:38:54Z" hostname="123f95ce5c8a" tests="1" skipped="1" failures="0" errors="0" time="0.019">
    <testcase time="0.0190000000000001" classname="character(0)" name="ard_proportion_ci_messaging">
      <skipped message="Reason: On CRAN ('test-ard_proportion_ci.R:113:3')"/>
    </testcase>
  </testsuite>
  <testsuite name="ard_regression" timestamp="2024-07-03T02:38:56Z" hostname="123f95ce5c8a" tests="1" skipped="1" failures="0" errors="0" time="1.366">
    <testcase time="1.366" classname="character(0)" name="ard_regression_works">
      <skipped message="Reason: On CRAN ('test-ard_regression.R:4:3')"/>
    </testcase>
  </testsuite>
  <testsuite name="ard_regression" timestamp="2024-07-03T02:38:56Z" hostname="123f95ce5c8a" tests="1" skipped="1" failures="0" errors="0" time="0.016">
    <testcase time="0.016" classname="character(0)" name="ard_regression_works_specifying_custom_tidier">
      <skipped message="Reason: On CRAN ('test-ard_regression.R:26:3')"/>
    </testcase>
  </testsuite>
  <testsuite name="ard_regression" timestamp="2024-07-03T02:38:56Z" hostname="123f95ce5c8a" tests="1" skipped="0" failures="0" errors="0" time="0.027">
    <testcase time="0.027000000000001" classname="character(0)" name="ard_regression_does_not_produce_variable_level_column_where_not_applicable"/>
  </testsuite>
  <testsuite name="ard_regression_basic" timestamp="2024-07-03T02:38:56Z" hostname="123f95ce5c8a" tests="2" skipped="1" failures="0" errors="0" time="0.504">
    <testcase time="0.503" classname="character(0)" name="ard_regression_basic_works"/>
    <testcase time="0.000999999999999446" classname="character(0)" name="ard_regression_basic_works">
      <skipped message="Reason: On CRAN ('test-ard_regression_basic.R:10:3')"/>
    </testcase>
  </testsuite>
  <testsuite name="ard_regression_basic" timestamp="2024-07-03T02:38:56Z" hostname="123f95ce5c8a" tests="1" skipped="0" failures="0" errors="0" time="0.017">
    <testcase time="0.0169999999999995" classname="character(0)" name="ard_regression_basic_does_not_produce_variable_level_column_where_not_applicable"/>
  </testsuite>
  <testsuite name="ard_smd_smd" timestamp="2024-07-03T02:38:56Z" hostname="123f95ce5c8a" tests="3" skipped="0" failures="0" errors="0" time="0.302">
    <testcase time="0.300000000000001" classname="character(0)" name="ard_smd_smd_works"/>
    <testcase time="0.00100000000000122" classname="character(0)" name="ard_smd_smd_works"/>
    <testcase time="0.000999999999997669" classname="character(0)" name="ard_smd_smd_works"/>
  </testsuite>
  <testsuite name="ard_smd_smd" timestamp="2024-07-03T02:38:56Z" hostname="123f95ce5c8a" tests="2" skipped="0" failures="0" errors="0" time="0.003">
    <testcase time="0.00199999999999889" classname="character(0)" name="ard_smd_works_with_survey_data"/>
    <testcase time="0.00100000000000122" classname="character(0)" name="ard_smd_works_with_survey_data"/>
  </testsuite>
  <testsuite name="ard_smd_smd" timestamp="2024-07-03T02:38:56Z" hostname="123f95ce5c8a" tests="4" skipped="0" failures="0" errors="0" time="0.005">
    <testcase time="0.00300000000000011" classname="character(0)" name="ard_smd_smd_error_messaging"/>
    <testcase time="0" classname="character(0)" name="ard_smd_smd_error_messaging"/>
    <testcase time="0.00100000000000122" classname="character(0)" name="ard_smd_smd_error_messaging"/>
    <testcase time="0.000999999999997669" classname="character(0)" name="ard_smd_smd_error_messaging"/>
  </testsuite>
  <testsuite name="ard_categorical.survey.design" timestamp="2024-07-03T02:38:57Z" hostname="123f95ce5c8a" tests="1" skipped="0" failures="0" errors="0" time="0.693">
    <testcase time="0.693000000000001" classname="character(0)" name="multiplication_works"/>
  </testsuite>
  <testsuite name="ard_categorical.survey.design" timestamp="2024-07-03T02:38:57Z" hostname="123f95ce5c8a" tests="54" skipped="0" failures="0" errors="0" time="0.044">
    <testcase time="0.00300000000000011" classname="character(0)" name="ard_categorical.survey.design_works"/>
    <testcase time="0.00100000000000122" classname="character(0)" name="ard_categorical.survey.design_works"/>
    <testcase time="0.000999999999997669" classname="character(0)" name="ard_categorical.survey.design_works"/>
    <testcase time="0" classname="character(0)" name="ard_categorical.survey.design_works"/>
    <testcase time="0.00100000000000122" classname="character(0)" name="ard_categorical.survey.design_works"/>
    <testcase time="0.00100000000000122" classname="character(0)" name="ard_categorical.survey.design_works"/>
    <testcase time="0.000999999999997669" classname="character(0)" name="ard_categorical.survey.design_works"/>
    <testcase time="0.00100000000000122" classname="character(0)" name="ard_categorical.survey.design_works"/>
    <testcase time="0.00100000000000122" classname="character(0)" name="ard_categorical.survey.design_works"/>
    <testcase time="0.000999999999997669" classname="character(0)" name="ard_categorical.survey.design_works"/>
    <testcase time="0.00100000000000122" classname="character(0)" name="ard_categorical.survey.design_works"/>
    <testcase time="0.00100000000000122" classname="character(0)" name="ard_categorical.survey.design_works"/>
    <testcase time="0" classname="character(0)" name="ard_categorical.survey.design_works"/>
    <testcase time="0.000999999999997669" classname="character(0)" name="ard_categorical.survey.design_works"/>
    <testcase time="0.00100000000000122" classname="character(0)" name="ard_categorical.survey.design_works"/>
    <testcase time="0.00100000000000122" classname="character(0)" name="ard_categorical.survey.design_works"/>
    <testcase time="0.000999999999997669" classname="character(0)" name="ard_categorical.survey.design_works"/>
    <testcase time="0.00100000000000122" classname="character(0)" name="ard_categorical.survey.design_works"/>
    <testcase time="0.000999999999997669" classname="character(0)" name="ard_categorical.survey.design_works"/>
    <testcase time="0.00100000000000122" classname="character(0)" name="ard_categorical.survey.design_works"/>
    <testcase time="0.00100000000000122" classname="character(0)" name="ard_categorical.survey.design_works"/>
    <testcase time="0.000999999999997669" classname="character(0)" name="ard_categorical.survey.design_works"/>
    <testcase time="0.00100000000000122" classname="character(0)" name="ard_categorical.survey.design_works"/>
    <testcase time="0.00100000000000122" classname="character(0)" name="ard_categorical.survey.design_works"/>
    <testcase time="0.000999999999997669" classname="character(0)" name="ard_categorical.survey.design_works"/>
    <testcase time="0.00100000000000122" classname="character(0)" name="ard_categorical.survey.design_works"/>
    <testcase time="0.00100000000000122" classname="character(0)" name="ard_categorical.survey.design_works"/>
    <testcase time="0.000999999999997669" classname="character(0)" name="ard_categorical.survey.design_works"/>
    <testcase time="0.00100000000000122" classname="character(0)" name="ard_categorical.survey.design_works"/>
    <testcase time="0.00100000000000122" classname="character(0)" name="ard_categorical.survey.design_works"/>
    <testcase time="0.000999999999997669" classname="character(0)" name="ard_categorical.survey.design_works"/>
    <testcase time="0" classname="character(0)" name="ard_categorical.survey.design_works"/>
    <testcase time="0.00100000000000122" classname="character(0)" name="ard_categorical.survey.design_works"/>
    <testcase time="0" classname="character(0)" name="ard_categorical.survey.design_works"/>
    <testcase time="0.000999999999997669" classname="character(0)" name="ard_categorical.survey.design_works"/>
    <testcase time="0.00100000000000122" classname="character(0)" name="ard_categorical.survey.design_works"/>
    <testcase time="0" classname="character(0)" name="ard_categorical.survey.design_works"/>
    <testcase time="0.00100000000000122" classname="character(0)" name="ard_categorical.survey.design_works"/>
    <testcase time="0" classname="character(0)" name="ard_categorical.survey.design_works"/>
    <testcase time="0.000999999999997669" classname="character(0)" name="ard_categorical.survey.design_works"/>
    <testcase time="0.00100000000000122" classname="character(0)" name="ard_categorical.survey.design_works"/>
    <testcase time="0" classname="character(0)" name="ard_categorical.survey.design_works"/>
    <testcase time="0.00100000000000122" classname="character(0)" name="ard_categorical.survey.design_works"/>
    <testcase time="0" classname="character(0)" name="ard_categorical.survey.design_works"/>
    <testcase time="0.000999999999997669" classname="character(0)" name="ard_categorical.survey.design_works"/>
    <testcase time="0.00100000000000122" classname="character(0)" name="ard_categorical.survey.design_works"/>
    <testcase time="0" classname="character(0)" name="ard_categorical.survey.design_works"/>
    <testcase time="0.00100000000000122" classname="character(0)" name="ard_categorical.survey.design_works"/>
    <testcase time="0" classname="character(0)" name="ard_categorical.survey.design_works"/>
    <testcase time="0" classname="character(0)" name="ard_categorical.survey.design_works"/>
    <testcase time="0.00100000000000122" classname="character(0)" name="ard_categorical.survey.design_works"/>
    <testcase time="0" classname="character(0)" name="ard_categorical.survey.design_works"/>
    <testcase time="0.00100000000000122" classname="character(0)" name="ard_categorical.survey.design_works"/>
    <testcase time="0.000999999999997669" classname="character(0)" name="ard_categorical.survey.design_works"/>
  </testsuite>
  <testsuite name="ard_categorical.survey.design" timestamp="2024-07-03T02:38:57Z" hostname="123f95ce5c8a" tests="1" skipped="1" failures="0" errors="0" time="0.001">
    <testcase time="0.00100000000000122" classname="character(0)" name="ard_categorical.survey.design_returns_an_error_when_variables_have_all_NAs">
      <skipped message="Reason: On CRAN ('test-ard_categorical.survey.design.R:431:3')"/>
    </testcase>
  </testsuite>
  <testsuite name="ard_categorical.survey.design" timestamp="2024-07-03T02:38:57Z" hostname="123f95ce5c8a" tests="39" skipped="0" failures="0" errors="0" time="0.033">
    <testcase time="0.0120000000000005" classname="character(0)" name="ard_categorical.survey.design_works_for_unobserved_factor_levels"/>
    <testcase time="0.000999999999997669" classname="character(0)" name="ard_categorical.survey.design_works_for_unobserved_factor_levels"/>
    <testcase time="0" classname="character(0)" name="ard_categorical.survey.design_works_for_unobserved_factor_levels"/>
    <testcase time="0.00100000000000122" classname="character(0)" name="ard_categorical.survey.design_works_for_unobserved_factor_levels"/>
    <testcase time="0" classname="character(0)" name="ard_categorical.survey.design_works_for_unobserved_factor_levels"/>
    <testcase time="0.00100000000000122" classname="character(0)" name="ard_categorical.survey.design_works_for_unobserved_factor_levels"/>
    <testcase time="0" classname="character(0)" name="ard_categorical.survey.design_works_for_unobserved_factor_levels"/>
    <testcase time="0.000999999999997669" classname="character(0)" name="ard_categorical.survey.design_works_for_unobserved_factor_levels"/>
    <testcase time="0" classname="character(0)" name="ard_categorical.survey.design_works_for_unobserved_factor_levels"/>
    <testcase time="0.00100000000000122" classname="character(0)" name="ard_categorical.survey.design_works_for_unobserved_factor_levels"/>
    <testcase time="0" classname="character(0)" name="ard_categorical.survey.design_works_for_unobserved_factor_levels"/>
    <testcase time="0.00100000000000122" classname="character(0)" name="ard_categorical.survey.design_works_for_unobserved_factor_levels"/>
    <testcase time="0" classname="character(0)" name="ard_categorical.survey.design_works_for_unobserved_factor_levels"/>
    <testcase time="0.000999999999997669" classname="character(0)" name="ard_categorical.survey.design_works_for_unobserved_factor_levels"/>
    <testcase time="0" classname="character(0)" name="ard_categorical.survey.design_works_for_unobserved_factor_levels"/>
    <testcase time="0.00100000000000122" classname="character(0)" name="ard_categorical.survey.design_works_for_unobserved_factor_levels"/>
    <testcase time="0" classname="character(0)" name="ard_categorical.survey.design_works_for_unobserved_factor_levels"/>
    <testcase time="0.00100000000000122" classname="character(0)" name="ard_categorical.survey.design_works_for_unobserved_factor_levels"/>
    <testcase time="0" classname="character(0)" name="ard_categorical.survey.design_works_for_unobserved_factor_levels"/>
    <testcase time="0.000999999999997669" classname="character(0)" name="ard_categorical.survey.design_works_for_unobserved_factor_levels"/>
    <testcase time="0" classname="character(0)" name="ard_categorical.survey.design_works_for_unobserved_factor_levels"/>
    <testcase time="0.00100000000000122" classname="character(0)" name="ard_categorical.survey.design_works_for_unobserved_factor_levels"/>
    <testcase time="0.00100000000000122" classname="character(0)" name="ard_categorical.survey.design_works_for_unobserved_factor_levels"/>
    <testcase time="0" classname="character(0)" name="ard_categorical.survey.design_works_for_unobserved_factor_levels"/>
    <testcase time="0.000999999999997669" classname="character(0)" name="ard_categorical.survey.design_works_for_unobserved_factor_levels"/>
    <testcase time="0" classname="character(0)" name="ard_categorical.survey.design_works_for_unobserved_factor_levels"/>
    <testcase time="0.00100000000000122" classname="character(0)" name="ard_categorical.survey.design_works_for_unobserved_factor_levels"/>
    <testcase time="0" classname="character(0)" name="ard_categorical.survey.design_works_for_unobserved_factor_levels"/>
    <testcase time="0.00100000000000122" classname="character(0)" name="ard_categorical.survey.design_works_for_unobserved_factor_levels"/>
    <testcase time="0.000999999999997669" classname="character(0)" name="ard_categorical.survey.design_works_for_unobserved_factor_levels"/>
    <testcase time="0" classname="character(0)" name="ard_categorical.survey.design_works_for_unobserved_factor_levels"/>
    <testcase time="0.00100000000000122" classname="character(0)" name="ard_categorical.survey.design_works_for_unobserved_factor_levels"/>
    <testcase time="0" classname="character(0)" name="ard_categorical.survey.design_works_for_unobserved_factor_levels"/>
    <testcase time="0.00100000000000122" classname="character(0)" name="ard_categorical.survey.design_works_for_unobserved_factor_levels"/>
    <testcase time="0" classname="character(0)" name="ard_categorical.survey.design_works_for_unobserved_factor_levels"/>
    <testcase time="0.000999999999997669" classname="character(0)" name="ard_categorical.survey.design_works_for_unobserved_factor_levels"/>
    <testcase time="0.00100000000000122" classname="character(0)" name="ard_categorical.survey.design_works_for_unobserved_factor_levels"/>
    <testcase time="0" classname="character(0)" name="ard_categorical.survey.design_works_for_unobserved_factor_levels"/>
    <testcase time="0.00100000000000122" classname="character(0)" name="ard_categorical.survey.design_works_for_unobserved_factor_levels"/>
  </testsuite>
  <testsuite name="ard_categorical.survey.design" timestamp="2024-07-03T02:38:57Z" hostname="123f95ce5c8a" tests="39" skipped="0" failures="1" errors="0" time="0.03">
    <testcase time="0.000999999999997669" classname="character(0)" name="ard_categorical.survey.design_works_for_unobserved_logical_levels"/>
    <testcase time="0.00100000000000122" classname="character(0)" name="ard_categorical.survey.design_works_for_unobserved_logical_levels"/>
    <testcase time="0" classname="character(0)" name="ard_categorical.survey.design_works_for_unobserved_logical_levels"/>
    <testcase time="0.000999999999997669" classname="character(0)" name="ard_categorical.survey.design_works_for_unobserved_logical_levels"/>
    <testcase time="0" classname="character(0)" name="ard_categorical.survey.design_works_for_unobserved_logical_levels"/>
    <testcase time="0.00100000000000122" classname="character(0)" name="ard_categorical.survey.design_works_for_unobserved_logical_levels"/>
    <testcase time="0" classname="character(0)" name="ard_categorical.survey.design_works_for_unobserved_logical_levels"/>
    <testcase time="0.00100000000000122" classname="character(0)" name="ard_categorical.survey.design_works_for_unobserved_logical_levels"/>
    <testcase time="0" classname="character(0)" name="ard_categorical.survey.design_works_for_unobserved_logical_levels"/>
    <testcase time="0.000999999999997669" classname="character(0)" name="ard_categorical.survey.design_works_for_unobserved_logical_levels"/>
    <testcase time="0" classname="character(0)" name="ard_categorical.survey.design_works_for_unobserved_logical_levels"/>
    <testcase time="0.00100000000000122" classname="character(0)" name="ard_categorical.survey.design_works_for_unobserved_logical_levels"/>
    <testcase time="0" classname="character(0)" name="ard_categorical.survey.design_works_for_unobserved_logical_levels"/>
    <testcase time="0.00100000000000122" classname="character(0)" name="ard_categorical.survey.design_works_for_unobserved_logical_levels"/>
    <testcase time="0" classname="character(0)" name="ard_categorical.survey.design_works_for_unobserved_logical_levels"/>
    <testcase time="0.000999999999997669" classname="character(0)" name="ard_categorical.survey.design_works_for_unobserved_logical_levels"/>
    <testcase time="0" classname="character(0)" name="ard_categorical.survey.design_works_for_unobserved_logical_levels"/>
    <testcase time="0.00100000000000122" classname="character(0)" name="ard_categorical.survey.design_works_for_unobserved_logical_levels"/>
    <testcase time="0" classname="character(0)" name="ard_categorical.survey.design_works_for_unobserved_logical_levels"/>
    <testcase time="0.00100000000000122" classname="character(0)" name="ard_categorical.survey.design_works_for_unobserved_logical_levels"/>
    <testcase time="0" classname="character(0)" name="ard_categorical.survey.design_works_for_unobserved_logical_levels"/>
    <testcase time="0.000999999999997669" classname="character(0)" name="ard_categorical.survey.design_works_for_unobserved_logical_levels"/>
    <testcase time="0.00100000000000122" classname="character(0)" name="ard_categorical.survey.design_works_for_unobserved_logical_levels"/>
    <testcase time="0" classname="character(0)" name="ard_categorical.survey.design_works_for_unobserved_logical_levels">
      <failure type="failure" message="sort(...) (`actual`) not equal to sort(...) (`expected`). ('test-ard_categorical.survey.design.R:941:3')">sort(...) (`actual`) not equal to sort(...) (`expected`).

    actual             | expected              
[1] 0                  -                       
[2] 0                  -                       
[3] 0                  -                       
[4] 0                  -                       
[5] 0                  -                       
[6] 0                  -                       
[7] 0.0282865211179912 | 0.0282865211179912 [1]
[8] 0.0282865211179912 | 0.0282865211179912 [2]
[9] 0.0863017248926611 | 0.0863017248926611 [3]</failure>
    </testcase>
    <testcase time="0.00900000000000034" classname="character(0)" name="ard_categorical.survey.design_works_for_unobserved_logical_levels"/>
    <testcase time="0.00100000000000122" classname="character(0)" name="ard_categorical.survey.design_works_for_unobserved_logical_levels"/>
    <testcase time="0" classname="character(0)" name="ard_categorical.survey.design_works_for_unobserved_logical_levels"/>
    <testcase time="0.000999999999997669" classname="character(0)" name="ard_categorical.survey.design_works_for_unobserved_logical_levels"/>
    <testcase time="0" classname="character(0)" name="ard_categorical.survey.design_works_for_unobserved_logical_levels"/>
    <testcase time="0.00100000000000122" classname="character(0)" name="ard_categorical.survey.design_works_for_unobserved_logical_levels"/>
    <testcase time="0" classname="character(0)" name="ard_categorical.survey.design_works_for_unobserved_logical_levels"/>
    <testcase time="0.00100000000000122" classname="character(0)" name="ard_categorical.survey.design_works_for_unobserved_logical_levels"/>
    <testcase time="0.000999999999997669" classname="character(0)" name="ard_categorical.survey.design_works_for_unobserved_logical_levels"/>
    <testcase time="0" classname="character(0)" name="ard_categorical.survey.design_works_for_unobserved_logical_levels"/>
    <testcase time="0.00100000000000122" classname="character(0)" name="ard_categorical.survey.design_works_for_unobserved_logical_levels"/>
    <testcase time="0" classname="character(0)" name="ard_categorical.survey.design_works_for_unobserved_logical_levels"/>
    <testcase time="0.00100000000000122" classname="character(0)" name="ard_categorical.survey.design_works_for_unobserved_logical_levels"/>
    <testcase time="0.000999999999997669" classname="character(0)" name="ard_categorical.survey.design_works_for_unobserved_logical_levels"/>
    <testcase time="0" classname="character(0)" name="ard_categorical.survey.design_works_for_unobserved_logical_levels"/>
  </testsuite>
  <testsuite name="ard_categorical.survey.design" timestamp="2024-07-03T02:38:57Z" hostname="123f95ce5c8a" tests="18" skipped="0" failures="0" errors="0" time="0.012">
    <testcase time="0.00400000000000134" classname="character(0)" name="ard_categorical.survey.design_works_with_variables_with_only_1_level"/>
    <testcase time="0.000999999999997669" classname="character(0)" name="ard_categorical.survey.design_works_with_variables_with_only_1_level"/>
    <testcase time="0" classname="character(0)" name="ard_categorical.survey.design_works_with_variables_with_only_1_level"/>
    <testcase time="0.00100000000000122" classname="character(0)" name="ard_categorical.survey.design_works_with_variables_with_only_1_level"/>
    <testcase time="0.00100000000000122" classname="character(0)" name="ard_categorical.survey.design_works_with_variables_with_only_1_level"/>
    <testcase time="0" classname="character(0)" name="ard_categorical.survey.design_works_with_variables_with_only_1_level"/>
    <testcase time="0" classname="character(0)" name="ard_categorical.survey.design_works_with_variables_with_only_1_level"/>
    <testcase time="0.000999999999997669" classname="character(0)" name="ard_categorical.survey.design_works_with_variables_with_only_1_level"/>
    <testcase time="0" classname="character(0)" name="ard_categorical.survey.design_works_with_variables_with_only_1_level"/>
    <testcase time="0.00100000000000122" classname="character(0)" name="ard_categorical.survey.design_works_with_variables_with_only_1_level"/>
    <testcase time="0" classname="character(0)" name="ard_categorical.survey.design_works_with_variables_with_only_1_level"/>
    <testcase time="0.00100000000000122" classname="character(0)" name="ard_categorical.survey.design_works_with_variables_with_only_1_level"/>
    <testcase time="0" classname="character(0)" name="ard_categorical.survey.design_works_with_variables_with_only_1_level"/>
    <testcase time="0.000999999999997669" classname="character(0)" name="ard_categorical.survey.design_works_with_variables_with_only_1_level"/>
    <testcase time="0" classname="character(0)" name="ard_categorical.survey.design_works_with_variables_with_only_1_level"/>
    <testcase time="0.00100000000000122" classname="character(0)" name="ard_categorical.survey.design_works_with_variables_with_only_1_level"/>
    <testcase time="0" classname="character(0)" name="ard_categorical.survey.design_works_with_variables_with_only_1_level"/>
    <testcase time="0" classname="character(0)" name="ard_categorical.survey.design_works_with_variables_with_only_1_level"/>
  </testsuite>
  <testsuite name="ard_stats_aov" timestamp="2024-07-03T02:38:58Z" hostname="123f95ce5c8a" tests="3" skipped="1" failures="0" errors="0" time="0.378">
    <testcase time="0.376999999999999" classname="character(0)" name="ard_aov_works"/>
    <testcase time="0.00100000000000122" classname="character(0)" name="ard_aov_works"/>
    <testcase time="0" classname="character(0)" name="ard_aov_works">
      <skipped message="Reason: On CRAN ('test-ard_stats_aov.R:25:3')"/>
    </testcase>
  </testsuite>
  <testsuite name="ard_stats_anova" timestamp="2024-07-03T02:38:58Z" hostname="123f95ce5c8a" tests="1" skipped="0" failures="0" errors="0" time="0.095">
    <testcase time="0.0949999999999989" classname="character(0)" name="ard_stats_anova.anova_works"/>
  </testsuite>
  <testsuite name="ard_stats_anova" timestamp="2024-07-03T02:38:58Z" hostname="123f95ce5c8a" tests="7" skipped="0" failures="0" errors="0" time="0.007">
    <testcase time="0.00300000000000011" classname="character(0)" name="ard_stats_anova.data.frame_works"/>
    <testcase time="0.00100000000000122" classname="character(0)" name="ard_stats_anova.data.frame_works"/>
    <testcase time="0.000999999999997669" classname="character(0)" name="ard_stats_anova.data.frame_works"/>
    <testcase time="0.00100000000000122" classname="character(0)" name="ard_stats_anova.data.frame_works"/>
    <testcase time="0" classname="character(0)" name="ard_stats_anova.data.frame_works"/>
    <testcase time="0" classname="character(0)" name="ard_stats_anova.data.frame_works"/>
    <testcase time="0.000999999999997669" classname="character(0)" name="ard_stats_anova.data.frame_works"/>
  </testsuite>
  <testsuite name="ard_stats_anova" timestamp="2024-07-03T02:38:58Z" hostname="123f95ce5c8a" tests="1" skipped="0" failures="0" errors="0" time="0.003">
    <testcase time="0.00300000000000011" classname="character(0)" name="ard_stats_anova.data.frame_error_messaging"/>
  </testsuite>
  <testsuite name="ard_stats_fisher_test" timestamp="2024-07-03T02:38:58Z" hostname="123f95ce5c8a" tests="3" skipped="0" failures="0" errors="0" time="0.154">
    <testcase time="0.152000000000001" classname="character(0)" name="ard_stats_fisher_test_works"/>
    <testcase time="0.00100000000000122" classname="character(0)" name="ard_stats_fisher_test_works"/>
    <testcase time="0.000999999999997669" classname="character(0)" name="ard_stats_fisher_test_works"/>
  </testsuite>
  <testsuite name="ard_stats_chisq_test" timestamp="2024-07-03T02:38:58Z" hostname="123f95ce5c8a" tests="3" skipped="0" failures="0" errors="0" time="0.1">
    <testcase time="0.0990000000000002" classname="character(0)" name="ard_stats_chisq_test_works"/>
    <testcase time="0.00100000000000122" classname="character(0)" name="ard_stats_chisq_test_works"/>
    <testcase time="0" classname="character(0)" name="ard_stats_chisq_test_works"/>
  </testsuite>
  <testsuite name="ard_stats_chisq_test" timestamp="2024-07-03T02:38:58Z" hostname="123f95ce5c8a" tests="1" skipped="1" failures="0" errors="0" time="0.002">
    <testcase time="0.00199999999999889" classname="character(0)" name="shuffle_ard_fills_missing_group_levels_if_the_group_is_meaningful">
      <skipped message="Reason: On CRAN ('test-ard_stats_chisq_test.R:36:3')"/>
    </testcase>
  </testsuite>
  <testsuite name="ard_stats_kruskal_test" timestamp="2024-07-03T02:38:58Z" hostname="123f95ce5c8a" tests="3" skipped="1" failures="0" errors="0" time="0.028">
    <testcase time="0.027000000000001" classname="character(0)" name="ard_stats_kruskal_test_works"/>
    <testcase time="0.00100000000000122" classname="character(0)" name="ard_stats_kruskal_test_works"/>
    <testcase time="0" classname="character(0)" name="ard_stats_kruskal_test_works">
      <skipped message="Reason: On CRAN ('test-ard_stats_kruskal_test.R:22:3')"/>
    </testcase>
  </testsuite>
  <testsuite name="ard_stats_mood_test" timestamp="2024-07-03T02:38:58Z" hostname="123f95ce5c8a" tests="3" skipped="1" failures="0" errors="0" time="0.154">
    <testcase time="0.152999999999999" classname="character(0)" name="ard_stats_mood_test_works"/>
    <testcase time="0" classname="character(0)" name="ard_stats_mood_test_works"/>
    <testcase time="0.00100000000000122" classname="character(0)" name="ard_stats_mood_test_works">
      <skipped message="Reason: On CRAN ('test-ard_stats_mood_test.R:22:3')"/>
    </testcase>
  </testsuite>
  <testsuite name="ard_stats_mcnemar_test" timestamp="2024-07-03T02:38:58Z" hostname="123f95ce5c8a" tests="7" skipped="0" failures="0" errors="0" time="0.15">
    <testcase time="0.143999999999998" classname="character(0)" name="ard_stats_mcnemar_test_works"/>
    <testcase time="0.00100000000000122" classname="character(0)" name="ard_stats_mcnemar_test_works"/>
    <testcase time="0.000999999999997669" classname="character(0)" name="ard_stats_mcnemar_test_works"/>
    <testcase time="0.00100000000000122" classname="character(0)" name="ard_stats_mcnemar_test_works"/>
    <testcase time="0.00100000000000122" classname="character(0)" name="ard_stats_mcnemar_test_works"/>
    <testcase time="0.000999999999997669" classname="character(0)" name="ard_stats_mcnemar_test_works"/>
    <testcase time="0.00100000000000122" classname="character(0)" name="ard_stats_mcnemar_test_works"/>
  </testsuite>
  <testsuite name="ard_stats_oneway_test" timestamp="2024-07-03T02:38:58Z" hostname="123f95ce5c8a" tests="3" skipped="1" failures="0" errors="0" time="0.012">
    <testcase time="0.0109999999999992" classname="character(0)" name="ard_stats_oneway_test_works"/>
    <testcase time="0" classname="character(0)" name="ard_stats_oneway_test_works"/>
    <testcase time="0.00100000000000122" classname="character(0)" name="ard_stats_oneway_test_works">
      <skipped message="Reason: On CRAN ('test-ard_stats_oneway_test.R:24:3')"/>
    </testcase>
  </testsuite>
  <testsuite name="ard_stats_t_test" timestamp="2024-07-03T02:38:59Z" hostname="123f95ce5c8a" tests="6" skipped="0" failures="0" errors="0" time="0.361">
    <testcase time="0.358000000000001" classname="character(0)" name="ard_stats_t_test_works"/>
    <testcase time="0.000999999999997669" classname="character(0)" name="ard_stats_t_test_works"/>
    <testcase time="0" classname="character(0)" name="ard_stats_t_test_works"/>
    <testcase time="0" classname="character(0)" name="ard_stats_t_test_works"/>
    <testcase time="0.00100000000000122" classname="character(0)" name="ard_stats_t_test_works"/>
    <testcase time="0.000999999999997669" classname="character(0)" name="ard_stats_t_test_works"/>
  </testsuite>
  <testsuite name="ard_stats_t_test" timestamp="2024-07-03T02:38:59Z" hostname="123f95ce5c8a" tests="3" skipped="0" failures="0" errors="0" time="0.004">
    <testcase time="0.00300000000000011" classname="character(0)" name="ard_stats_paired_t_test_works"/>
    <testcase time="0" classname="character(0)" name="ard_stats_paired_t_test_works"/>
    <testcase time="0.00100000000000122" classname="character(0)" name="ard_stats_paired_t_test_works"/>
  </testsuite>
  <testsuite name="ard_stats_prop_test" timestamp="2024-07-03T02:38:59Z" hostname="123f95ce5c8a" tests="3" skipped="0" failures="0" errors="0" time="0.048">
    <testcase time="0.0470000000000006" classname="character(0)" name="ard_stats_prop_test_works"/>
    <testcase time="0" classname="character(0)" name="ard_stats_prop_test_works"/>
    <testcase time="0.000999999999997669" classname="character(0)" name="ard_stats_prop_test_works"/>
  </testsuite>
  <testsuite name="ard_stats_prop_test" timestamp="2024-07-03T02:38:59Z" hostname="123f95ce5c8a" tests="8" skipped="0" failures="0" errors="0" time="0.005">
    <testcase time="0.00100000000000122" classname="character(0)" name="ard_stats_prop_test_error_messaging"/>
    <testcase time="0.00100000000000122" classname="character(0)" name="ard_stats_prop_test_error_messaging"/>
    <testcase time="0" classname="character(0)" name="ard_stats_prop_test_error_messaging"/>
    <testcase time="0.000999999999997669" classname="character(0)" name="ard_stats_prop_test_error_messaging"/>
    <testcase time="0" classname="character(0)" name="ard_stats_prop_test_error_messaging"/>
    <testcase time="0.00100000000000122" classname="character(0)" name="ard_stats_prop_test_error_messaging"/>
    <testcase time="0" classname="character(0)" name="ard_stats_prop_test_error_messaging"/>
    <testcase time="0.00100000000000122" classname="character(0)" name="ard_stats_prop_test_error_messaging"/>
  </testsuite>
  <testsuite name="ard_stats_t_test_onesample" timestamp="2024-07-03T02:38:59Z" hostname="123f95ce5c8a" tests="5" skipped="0" failures="0" errors="0" time="0.158">
    <testcase time="0.154999999999998" classname="character(0)" name="ard_stats_t_test_onesample_works"/>
    <testcase time="0.00100000000000122" classname="character(0)" name="ard_stats_t_test_onesample_works"/>
    <testcase time="0.00100000000000122" classname="character(0)" name="ard_stats_t_test_onesample_works"/>
    <testcase time="0" classname="character(0)" name="ard_stats_t_test_onesample_works"/>
    <testcase time="0.000999999999997669" classname="character(0)" name="ard_stats_t_test_onesample_works"/>
  </testsuite>
  <testsuite name="ard_stats_wilcox_test_onesample" timestamp="2024-07-03T02:38:59Z" hostname="123f95ce5c8a" tests="5" skipped="0" failures="0" errors="0" time="0.265">
    <testcase time="0.262" classname="character(0)" name="ard_stats_wilcox_test_onesample_works"/>
    <testcase time="0.00100000000000122" classname="character(0)" name="ard_stats_wilcox_test_onesample_works"/>
    <testcase time="0" classname="character(0)" name="ard_stats_wilcox_test_onesample_works"/>
    <testcase time="0.00100000000000122" classname="character(0)" name="ard_stats_wilcox_test_onesample_works"/>
    <testcase time="0.000999999999997669" classname="character(0)" name="ard_stats_wilcox_test_onesample_works"/>
  </testsuite>
  <testsuite name="ard_stats_wilcox_test" timestamp="2024-07-03T02:38:59Z" hostname="123f95ce5c8a" tests="6" skipped="0" failures="0" errors="0" time="0.099">
    <testcase time="0.0960000000000001" classname="character(0)" name="ard_stats_wilcox_test_works"/>
    <testcase time="0.00100000000000122" classname="character(0)" name="ard_stats_wilcox_test_works"/>
    <testcase time="0" classname="character(0)" name="ard_stats_wilcox_test_works"/>
    <testcase time="0.000999999999997669" classname="character(0)" name="ard_stats_wilcox_test_works"/>
    <testcase time="0" classname="character(0)" name="ard_stats_wilcox_test_works"/>
    <testcase time="0.00100000000000122" classname="character(0)" name="ard_stats_wilcox_test_works"/>
  </testsuite>
  <testsuite name="ard_stats_wilcox_test" timestamp="2024-07-03T02:38:59Z" hostname="123f95ce5c8a" tests="3" skipped="0" failures="0" errors="0" time="0.002">
    <testcase time="0.00100000000000122" classname="character(0)" name="ard_stats_paired_wilcox_test_works"/>
    <testcase time="0.000999999999997669" classname="character(0)" name="ard_stats_paired_wilcox_test_works"/>
    <testcase time="0" classname="character(0)" name="ard_stats_paired_wilcox_test_works"/>
  </testsuite>
  <testsuite name="ard_survey_categorical_ci" timestamp="2024-07-03T02:39:00Z" hostname="123f95ce5c8a" tests="1" skipped="1" failures="0" errors="0" time="0.524">
    <testcase time="0.524000000000001" classname="character(0)" name="ard_survey_categorical_ci_data_">
      <skipped message="Reason: On CRAN ('test-ard_survey_categorical_ci.R:7:3')"/>
    </testcase>
  </testsuite>
  <testsuite name="ard_survey_categorical_ci" timestamp="2024-07-03T02:39:00Z" hostname="123f95ce5c8a" tests="5" skipped="0" failures="0" errors="0" time="0.021">
    <testcase time="0.0169999999999995" classname="character(0)" name="ard_survey_categorical_ci_variables_"/>
    <testcase time="0.00100000000000122" classname="character(0)" name="ard_survey_categorical_ci_variables_"/>
    <testcase time="0.00100000000000122" classname="character(0)" name="ard_survey_categorical_ci_variables_"/>
    <testcase time="0.000999999999997669" classname="character(0)" name="ard_survey_categorical_ci_variables_"/>
    <testcase time="0.00100000000000122" classname="character(0)" name="ard_survey_categorical_ci_variables_"/>
  </testsuite>
  <testsuite name="ard_survey_categorical_ci" timestamp="2024-07-03T02:39:00Z" hostname="123f95ce5c8a" tests="4" skipped="0" failures="0" errors="0" time="0.005">
    <testcase time="0.00300000000000011" classname="character(0)" name="ard_survey_categorical_ci_by_"/>
    <testcase time="0.00100000000000122" classname="character(0)" name="ard_survey_categorical_ci_by_"/>
    <testcase time="0" classname="character(0)" name="ard_survey_categorical_ci_by_"/>
    <testcase time="0.000999999999997669" classname="character(0)" name="ard_survey_categorical_ci_by_"/>
  </testsuite>
  <testsuite name="ard_survey_categorical_ci" timestamp="2024-07-03T02:39:00Z" hostname="123f95ce5c8a" tests="2" skipped="0" failures="0" errors="0" time="0.004">
    <testcase time="0.00300000000000011" classname="character(0)" name="ard_survey_categorical_ci_conf.level_"/>
    <testcase time="0.00100000000000122" classname="character(0)" name="ard_survey_categorical_ci_conf.level_"/>
  </testsuite>
  <testsuite name="ard_survey_categorical_ci" timestamp="2024-07-03T02:39:00Z" hostname="123f95ce5c8a" tests="2" skipped="0" failures="0" errors="0" time="0.002">
    <testcase time="0.00199999999999889" classname="character(0)" name="ard_survey_categorical_ci_method_"/>
    <testcase time="0" classname="character(0)" name="ard_survey_categorical_ci_method_"/>
  </testsuite>
  <testsuite name="ard_survey_continuous_ci" timestamp="2024-07-03T02:39:00Z" hostname="123f95ce5c8a" tests="1" skipped="1" failures="0" errors="0" time="0.171">
    <testcase time="0.170999999999999" classname="character(0)" name="ard_survey_continuous_ci_data_">
      <skipped message="Reason: On CRAN ('test-ard_survey_continuous_ci.R:7:3')"/>
    </testcase>
  </testsuite>
  <testsuite name="ard_survey_continuous_ci" timestamp="2024-07-03T02:39:00Z" hostname="123f95ce5c8a" tests="5" skipped="0" failures="0" errors="0" time="0.013">
    <testcase time="0.0109999999999992" classname="character(0)" name="ard_survey_continuous_ci_variables_"/>
    <testcase time="0" classname="character(0)" name="ard_survey_continuous_ci_variables_"/>
    <testcase time="0.00100000000000122" classname="character(0)" name="ard_survey_continuous_ci_variables_"/>
    <testcase time="0" classname="character(0)" name="ard_survey_continuous_ci_variables_"/>
    <testcase time="0.00100000000000122" classname="character(0)" name="ard_survey_continuous_ci_variables_"/>
  </testsuite>
  <testsuite name="ard_survey_continuous_ci" timestamp="2024-07-03T02:39:00Z" hostname="123f95ce5c8a" tests="5" skipped="0" failures="0" errors="0" time="0.003">
    <testcase time="0.000999999999997669" classname="character(0)" name="ard_survey_continuous_ci_by_"/>
    <testcase time="0.00100000000000122" classname="character(0)" name="ard_survey_continuous_ci_by_"/>
    <testcase time="0" classname="character(0)" name="ard_survey_continuous_ci_by_"/>
    <testcase time="0.00100000000000122" classname="character(0)" name="ard_survey_continuous_ci_by_"/>
    <testcase time="0" classname="character(0)" name="ard_survey_continuous_ci_by_"/>
  </testsuite>
  <testsuite name="ard_survey_continuous_ci" timestamp="2024-07-03T02:39:00Z" hostname="123f95ce5c8a" tests="2" skipped="0" failures="0" errors="0" time="0.002">
    <testcase time="0.00199999999999889" classname="character(0)" name="ard_survey_continuous_ci_conf.level_"/>
    <testcase time="0" classname="character(0)" name="ard_survey_continuous_ci_conf.level_"/>
  </testsuite>
  <testsuite name="ard_survey_continuous_ci" timestamp="2024-07-03T02:39:00Z" hostname="123f95ce5c8a" tests="3" skipped="0" failures="0" errors="0" time="0.003">
    <testcase time="0.00199999999999889" classname="character(0)" name="ard_survey_continuous_ci_method_variables_"/>
    <testcase time="0" classname="character(0)" name="ard_survey_continuous_ci_method_variables_"/>
    <testcase time="0.00100000000000122" classname="character(0)" name="ard_survey_continuous_ci_method_variables_"/>
  </testsuite>
  <testsuite name="ard_survey_continuous_ci" timestamp="2024-07-03T02:39:00Z" hostname="123f95ce5c8a" tests="3" skipped="0" failures="0" errors="0" time="0.002">
    <testcase time="0.000999999999997669" classname="character(0)" name="ard_survey_continuous_ci_method_by_"/>
    <testcase time="0.00100000000000122" classname="character(0)" name="ard_survey_continuous_ci_method_by_"/>
    <testcase time="0" classname="character(0)" name="ard_survey_continuous_ci_method_by_"/>
  </testsuite>
  <testsuite name="ard_survey_continuous_ci" timestamp="2024-07-03T02:39:00Z" hostname="123f95ce5c8a" tests="4" skipped="0" failures="0" errors="0" time="0.003">
    <testcase time="0.00199999999999889" classname="character(0)" name="ard_survey_continuous_ci_..._"/>
    <testcase time="0" classname="character(0)" name="ard_survey_continuous_ci_..._"/>
    <testcase time="0.00100000000000122" classname="character(0)" name="ard_survey_continuous_ci_..._"/>
    <testcase time="0" classname="character(0)" name="ard_survey_continuous_ci_..._"/>
  </testsuite>
  <testsuite name="ard_survey_continuous_ci" timestamp="2024-07-03T02:39:00Z" hostname="123f95ce5c8a" tests="1" skipped="1" failures="0" errors="0" time="0.002">
    <testcase time="0.00199999999999889" classname="character(0)" name="ard_survey_continuous_ci_errors_are_captured">
      <skipped message="Reason: On CRAN ('test-ard_survey_continuous_ci.R:191:3')"/>
    </testcase>
  </testsuite>
  <testsuite name="ard_survey_svychisq" timestamp="2024-07-03T02:39:00Z" hostname="123f95ce5c8a" tests="3" skipped="1" failures="0" errors="0" time="0.023">
    <testcase time="0.022000000000002" classname="character(0)" name="ard_survey_svychisq_works"/>
    <testcase time="0" classname="character(0)" name="ard_survey_svychisq_works"/>
    <testcase time="0.000999999999997669" classname="character(0)" name="ard_survey_svychisq_works">
      <skipped message="Reason: On CRAN ('test-ard_survey_svychisq.R:28:3')"/>
    </testcase>
  </testsuite>
  <testsuite name="ard_survey_svyttest" timestamp="2024-07-03T02:39:00Z" hostname="123f95ce5c8a" tests="4" skipped="0" failures="0" errors="0" time="0.34">
    <testcase time="0.338000000000001" classname="character(0)" name="ard_survey_svyttest_works"/>
    <testcase time="0.00100000000000122" classname="character(0)" name="ard_survey_svyttest_works"/>
    <testcase time="0.00100000000000122" classname="character(0)" name="ard_survey_svyttest_works"/>
    <testcase time="0" classname="character(0)" name="ard_survey_svyttest_works"/>
  </testsuite>
  <testsuite name="ard_survey_svyttest" timestamp="2024-07-03T02:39:00Z" hostname="123f95ce5c8a" tests="2" skipped="0" failures="0" errors="0" time="0.004">
    <testcase time="0.00299999999999656" classname="character(0)" name="ard_survey_svyttest_messaging"/>
    <testcase time="0.00100000000000122" classname="character(0)" name="ard_survey_svyttest_messaging"/>
  </testsuite>
  <testsuite name="ard_survey_svyranktest" timestamp="2024-07-03T02:39:00Z" hostname="123f95ce5c8a" tests="1" skipped="1" failures="0" errors="0" time="0.018">
    <testcase time="0.0180000000000007" classname="character(0)" name="ard_survey_svyranktest_works">
      <skipped message="Reason: On CRAN ('test-ard_survey_svyranktest.R:18:3')"/>
    </testcase>
  </testsuite>
  <testsuite name="ard_survey_svyranktest" timestamp="2024-07-03T02:39:00Z" hostname="123f95ce5c8a" tests="1" skipped="0" failures="0" errors="0" time="0.018">
    <testcase time="0.0180000000000007" classname="character(0)" name="exact_values_match_for_ard_svyranktest_works"/>
  </testsuite>
  <testsuite name="ard_survival_survdiff" timestamp="2024-07-03T02:39:01Z" hostname="123f95ce5c8a" tests="6" skipped="0" failures="0" errors="0" time="0.228">
    <testcase time="0.224999999999998" classname="character(0)" name="ard_survival_survdiff_works"/>
    <testcase time="0.00100000000000122" classname="character(0)" name="ard_survival_survdiff_works"/>
    <testcase time="0" classname="character(0)" name="ard_survival_survdiff_works"/>
    <testcase time="0.00100000000000122" classname="character(0)" name="ard_survival_survdiff_works"/>
    <testcase time="0" classname="character(0)" name="ard_survival_survdiff_works"/>
    <testcase time="0.000999999999997669" classname="character(0)" name="ard_survival_survdiff_works"/>
  </testsuite>
  <testsuite name="ard_survival_survdiff" timestamp="2024-07-03T02:39:01Z" hostname="123f95ce5c8a" tests="4" skipped="0" failures="0" errors="0" time="0.003">
    <testcase time="0.00100000000000122" classname="character(0)" name="ard_survival_survdiff_error_messaging"/>
    <testcase time="0.00100000000000122" classname="character(0)" name="ard_survival_survdiff_error_messaging"/>
    <testcase time="0" classname="character(0)" name="ard_survival_survdiff_error_messaging"/>
    <testcase time="0.000999999999997669" classname="character(0)" name="ard_survival_survdiff_error_messaging"/>
  </testsuite>
  <testsuite name="ard_survival_survfit_diff" timestamp="2024-07-03T02:39:01Z" hostname="123f95ce5c8a" tests="4" skipped="0" failures="0" errors="0" time="0.282">
    <testcase time="0.281000000000002" classname="character(0)" name="ard_survival_survfit_diff_works"/>
    <testcase time="0" classname="character(0)" name="ard_survival_survfit_diff_works"/>
    <testcase time="0.000999999999997669" classname="character(0)" name="ard_survival_survfit_diff_works"/>
    <testcase time="0" classname="character(0)" name="ard_survival_survfit_diff_works"/>
  </testsuite>
  <testsuite name="ard_survival_survfit_diff" timestamp="2024-07-03T02:39:01Z" hostname="123f95ce5c8a" tests="1" skipped="1" failures="0" errors="0" time="0.002">
    <testcase time="0.00200000000000244" classname="character(0)" name="ard_survival_survfit_diff_messaging">
      <skipped message="Reason: On CRAN ('test-ard_survival_survfit_diff.R:40:3')"/>
    </testcase>
  </testsuite>
  <testsuite name="construction_helpers" timestamp="2024-07-03T02:39:01Z" hostname="123f95ce5c8a" tests="1" skipped="1" failures="0" errors="0" time="0.387">
    <testcase time="0.386999999999997" classname="character(0)" name="construct_model_works">
      <skipped message="Reason: On CRAN ('test-construction_helpers.R:4:3')"/>
    </testcase>
  </testsuite>
  <testsuite name="construction_helpers" timestamp="2024-07-03T02:39:01Z" hostname="123f95ce5c8a" tests="1" skipped="1" failures="0" errors="0" time="0.01">
    <testcase time="0.0100000000000016" classname="character(0)" name="construct_model_messaging">
      <skipped message="Reason: On CRAN ('test-construction_helpers.R:102:3')"/>
    </testcase>
  </testsuite>
  <testsuite name="proportion_ci" timestamp="2024-07-03T02:39:01Z" hostname="123f95ce5c8a" tests="1" skipped="1" failures="0" errors="0" time="0.131">
    <testcase time="0.131" classname="character(0)" name="check_the_proportion_ci__functions_work">
      <skipped message="Reason: On CRAN ('test-proportion_ci.R:12:3')"/>
    </testcase>
  </testsuite>
  <testsuite name="proportion_ci" timestamp="2024-07-03T02:39:02Z" hostname="123f95ce5c8a" tests="1" skipped="1" failures="0" errors="0" time="0.018">
    <testcase time="0.0180000000000007" classname="character(0)" name="check_the_proportion_ci_strat_wilson_function_works">
      <skipped message="Reason: On CRAN ('test-proportion_ci.R:138:3')"/>
    </testcase>
  </testsuite>
  <testsuite name="ard_survival_survfit" timestamp="2024-07-03T02:39:02Z" hostname="123f95ce5c8a" tests="1" skipped="1" failures="0" errors="0" time="0.161">
    <testcase time="0.160999999999998" classname="character(0)" name="ard_survival_survfit_works_with_times_provided">
      <skipped message="Reason: On CRAN ('test-ard_survival_survfit.R:4:3')"/>
    </testcase>
  </testsuite>
  <testsuite name="ard_survival_survfit" timestamp="2024-07-03T02:39:02Z" hostname="123f95ce5c8a" tests="1" skipped="1" failures="0" errors="0" time="0.01">
    <testcase time="0.0100000000000016" classname="character(0)" name="ard_survival_survfit_works_with_different_type">
      <skipped message="Reason: On CRAN ('test-ard_survival_survfit.R:15:3')"/>
    </testcase>
  </testsuite>
  <testsuite name="ard_survival_survfit" timestamp="2024-07-03T02:39:02Z" hostname="123f95ce5c8a" tests="1" skipped="1" failures="0" errors="0" time="0.01">
    <testcase time="0.0100000000000016" classname="character(0)" name="ard_survival_survfit_works_with_probs_provided">
      <skipped message="Reason: On CRAN ('test-ard_survival_survfit.R:26:3')"/>
    </testcase>
  </testsuite>
  <testsuite name="ard_survival_survfit" timestamp="2024-07-03T02:39:02Z" hostname="123f95ce5c8a" tests="1" skipped="1" failures="0" errors="0" time="0.009">
    <testcase time="0.00899999999999679" classname="character(0)" name="ard_survival_survfit_works_with_unstratified_model">
      <skipped message="Reason: On CRAN ('test-ard_survival_survfit.R:37:3')"/>
    </testcase>
  </testsuite>
  <testsuite name="ard_survival_survfit" timestamp="2024-07-03T02:39:02Z" hostname="123f95ce5c8a" tests="1" skipped="1" failures="0" errors="0" time="0.012">
    <testcase time="0.0120000000000005" classname="character(0)" name="ard_survival_survfit_works_with_multiple_stratification_variables">
      <skipped message="Reason: On CRAN ('test-ard_survival_survfit.R:57:3')"/>
    </testcase>
  </testsuite>
  <testsuite name="ard_survival_survfit" timestamp="2024-07-03T02:39:02Z" hostname="123f95ce5c8a" tests="1" skipped="1" failures="0" errors="0" time="0.01">
    <testcase time="0.0100000000000016" classname="character(0)" name="ard_survival_survfit_works_with_competing_risks">
      <skipped message="Reason: On CRAN ('test-ard_survival_survfit.R:91:3')"/>
    </testcase>
  </testsuite>
  <testsuite name="ard_survival_survfit" timestamp="2024-07-03T02:39:02Z" hostname="123f95ce5c8a" tests="1" skipped="1" failures="0" errors="0" time="0.009">
    <testcase time="0.00900000000000034" classname="character(0)" name="ard_survival_survfit_errors_are_properly_handled">
      <skipped message="Reason: On CRAN ('test-ard_survival_survfit.R:102:3')"/>
    </testcase>
  </testsuite>
  <testsuite name="ard_survival_survfit" timestamp="2024-07-03T02:39:02Z" hostname="123f95ce5c8a" tests="1" skipped="0" failures="0" errors="0" time="0.009">
    <testcase time="0.00900000000000034" classname="character(0)" name="ard_survival_survfit_works_with_non_syntactic_names"/>
  </testsuite>
  <testsuite name="ard_survival_survfit" timestamp="2024-07-03T02:39:02Z" hostname="123f95ce5c8a" tests="1" skipped="1" failures="0" errors="0" time="0.001">
    <testcase time="0.00100000000000122" classname="character(0)" name="ard_survival_survfit_errors_with_stratified_Cox_model">
      <skipped message="Reason: On CRAN ('test-ard_survival_survfit.R:137:3')"/>
    </testcase>
  </testsuite>
</testsuites>
