<?xml version="1.0" encoding="UTF-8"?>
<testsuites>
  <testsuite name="ard_aod_wald_test" timestamp="2024-06-24T23:53:10Z" hostname="1f91a808f88c" tests="3" skipped="1" failures="0" errors="0" time="1.262">
    <testcase time="1.22" classname="character(0)" name="ard_aod_wald_test_works"/>
    <testcase time="0.0309999999999999" classname="character(0)" name="ard_aod_wald_test_works"/>
    <testcase time="0.0110000000000001" classname="character(0)" name="ard_aod_wald_test_works">
      <skipped message="Reason: On CRAN ('test-ard_aod_wald_test.R:12:3')"/>
    </testcase>
  </testsuite>
  <testsuite name="ard_attributes.survey.design" timestamp="2024-06-24T23:53:10Z" hostname="1f91a808f88c" tests="1" skipped="1" failures="0" errors="0" time="0.374">
    <testcase time="0.374" classname="character(0)" name="ard_attributes.survey.design_works">
      <skipped message="Reason: On CRAN ('test-ard_attributes.survey.design.R:7:3')"/>
    </testcase>
  </testsuite>
  <testsuite name="ard_car_vif" timestamp="2024-06-24T23:53:10Z" hostname="1f91a808f88c" tests="1" skipped="1" failures="0" errors="0" time="0.315">
    <testcase time="0.315" classname="character(0)" name="ard_car_vif_works">
      <skipped message="Reason: On CRAN ('test-ard_car_vif.R:4:3')"/>
    </testcase>
  </testsuite>
  <testsuite name="ard_car_vif" timestamp="2024-06-24T23:53:10Z" hostname="1f91a808f88c" tests="1" skipped="0" failures="0" errors="0" time="0.016">
    <testcase time="0.016" classname="character(0)" name="ard_car_vif_appropriate_errors_are_given_for_model_with_only_1_term"/>
  </testsuite>
  <testsuite name="ard_car_vif" timestamp="2024-06-24T23:53:10Z" hostname="1f91a808f88c" tests="1" skipped="1" failures="0" errors="0" time="0.002">
    <testcase time="0.00199999999999978" classname="character(0)" name="ard_vif_issues_friendly_messaging_for_incorrect_object_passed_in_can_t_get_terms_of_model">
      <skipped message="Reason: On CRAN ('test-ard_car_vif.R:29:3')"/>
    </testcase>
  </testsuite>
  <testsuite name="ard_car_anova" timestamp="2024-06-24T23:53:11Z" hostname="1f91a808f88c" tests="3" skipped="1" failures="0" errors="0" time="0.381">
    <testcase time="0.38" classname="character(0)" name="ard_car_anova_works"/>
    <testcase time="0" classname="character(0)" name="ard_car_anova_works"/>
    <testcase time="0.00100000000000033" classname="character(0)" name="ard_car_anova_works">
      <skipped message="Reason: On CRAN ('test-ard_car_anova.R:14:3')"/>
    </testcase>
  </testsuite>
  <testsuite name="ard_car_anova" timestamp="2024-06-24T23:53:11Z" hostname="1f91a808f88c" tests="1" skipped="1" failures="0" errors="0" time="0.01">
    <testcase time="0.00999999999999979" classname="character(0)" name="ard_car_anova_messaging">
      <skipped message="Reason: On CRAN ('test-ard_car_anova.R:18:3')"/>
    </testcase>
  </testsuite>
  <testsuite name="ard_continuous.survey.design" timestamp="2024-06-24T23:53:13Z" hostname="1f91a808f88c" tests="12" skipped="1" failures="0" errors="0" time="2.209">
    <testcase time="2.205" classname="character(0)" name="unstratified_ard_continuous.survey.design_works"/>
    <testcase time="0" classname="character(0)" name="unstratified_ard_continuous.survey.design_works"/>
    <testcase time="0.00100000000000033" classname="character(0)" name="unstratified_ard_continuous.survey.design_works"/>
    <testcase time="0" classname="character(0)" name="unstratified_ard_continuous.survey.design_works"/>
    <testcase time="0.000999999999999446" classname="character(0)" name="unstratified_ard_continuous.survey.design_works"/>
    <testcase time="0" classname="character(0)" name="unstratified_ard_continuous.survey.design_works"/>
    <testcase time="0.00100000000000033" classname="character(0)" name="unstratified_ard_continuous.survey.design_works"/>
    <testcase time="0" classname="character(0)" name="unstratified_ard_continuous.survey.design_works"/>
    <testcase time="0.00100000000000033" classname="character(0)" name="unstratified_ard_continuous.survey.design_works"/>
    <testcase time="0" classname="character(0)" name="unstratified_ard_continuous.survey.design_works"/>
    <testcase time="0" classname="character(0)" name="unstratified_ard_continuous.survey.design_works"/>
    <testcase time="0" classname="character(0)" name="unstratified_ard_continuous.survey.design_works">
      <skipped message="Reason: On CRAN ('test-ard_continuous.survey.design.R:70:3')"/>
    </testcase>
  </testsuite>
  <testsuite name="ard_continuous.survey.design" timestamp="2024-06-24T23:53:13Z" hostname="1f91a808f88c" tests="11" skipped="0" failures="0" errors="0" time="0.014">
    <testcase time="0.00999999999999979" classname="character(0)" name="stratified_ard_continuous.survey.design_works"/>
    <testcase time="0" classname="character(0)" name="stratified_ard_continuous.survey.design_works"/>
    <testcase time="0.00100000000000033" classname="character(0)" name="stratified_ard_continuous.survey.design_works"/>
    <testcase time="0" classname="character(0)" name="stratified_ard_continuous.survey.design_works"/>
    <testcase time="0.00100000000000033" classname="character(0)" name="stratified_ard_continuous.survey.design_works"/>
    <testcase time="0" classname="character(0)" name="stratified_ard_continuous.survey.design_works"/>
    <testcase time="0.000999999999999446" classname="character(0)" name="stratified_ard_continuous.survey.design_works"/>
    <testcase time="0" classname="character(0)" name="stratified_ard_continuous.survey.design_works"/>
    <testcase time="0" classname="character(0)" name="stratified_ard_continuous.survey.design_works"/>
    <testcase time="0.00100000000000033" classname="character(0)" name="stratified_ard_continuous.survey.design_works"/>
    <testcase time="0" classname="character(0)" name="stratified_ard_continuous.survey.design_works"/>
  </testsuite>
  <testsuite name="ard_continuous.survey.design" timestamp="2024-06-24T23:53:13Z" hostname="1f91a808f88c" tests="4" skipped="0" failures="0" errors="0" time="0.006">
    <testcase time="0.00199999999999978" classname="character(0)" name="ard_continuous.survey.design_NA_handling"/>
    <testcase time="0.00300000000000011" classname="character(0)" name="ard_continuous.survey.design_NA_handling"/>
    <testcase time="0" classname="character(0)" name="ard_continuous.survey.design_NA_handling"/>
    <testcase time="0.00100000000000033" classname="character(0)" name="ard_continuous.survey.design_NA_handling"/>
  </testsuite>
  <testsuite name="ard_continuous.survey.design" timestamp="2024-06-24T23:53:13Z" hostname="1f91a808f88c" tests="2" skipped="0" failures="0" errors="0" time="0.001">
    <testcase time="0.000999999999999446" classname="character(0)" name="ard_continuous.survey.design_error_handling"/>
    <testcase time="0" classname="character(0)" name="ard_continuous.survey.design_error_handling"/>
  </testsuite>
  <testsuite name="ard_continuous.survey.design" timestamp="2024-06-24T23:53:13Z" hostname="1f91a808f88c" tests="1" skipped="1" failures="0" errors="0" time="0.002">
    <testcase time="0.00200000000000067" classname="character(0)" name="ard_continuous.survey.design_fmt_fn_">
      <skipped message="Reason: On CRAN ('test-ard_continuous.survey.design.R:322:3')"/>
    </testcase>
  </testsuite>
  <testsuite name="ard_continuous.survey.design" timestamp="2024-06-24T23:53:13Z" hostname="1f91a808f88c" tests="1" skipped="1" failures="0" errors="0" time="0.009">
    <testcase time="0.00899999999999945" classname="character(0)" name="ard_continuous.survey.design_stat_label_">
      <skipped message="Reason: On CRAN ('test-ard_continuous.survey.design.R:336:3')"/>
    </testcase>
  </testsuite>
  <testsuite name="ard_continuous.survey.design" timestamp="2024-06-24T23:53:13Z" hostname="1f91a808f88c" tests="2" skipped="0" failures="0" errors="0" time="0.011">
    <testcase time="0.00999999999999979" classname="character(0)" name="ard_continuous.survey.design_by_unobserved_levels_combinations"/>
    <testcase time="0.00100000000000033" classname="character(0)" name="ard_continuous.survey.design_by_unobserved_levels_combinations"/>
  </testsuite>
  <testsuite name="ard_dichotomous.survey.design" timestamp="2024-06-24T23:53:13Z" hostname="1f91a808f88c" tests="2" skipped="0" failures="1" errors="1" time="0.221">
    <testcase time="0.189" classname="character(0)" name="ard_dichotomous.survey.design_works">
      <failure type="failure" message="`... &lt;- NULL` threw an unexpected error. ('test-ard_dichotomous.survey.design.R:6:3')">`... &lt;- NULL` threw an unexpected error.
Message: The size of `nm` (5) must be compatible with the size of `x` (4).
Class:   rlang_error/error/condition
Backtrace:
     ▆
  1. ├─testthat::expect_error(...) at test-ard_dichotomous.survey.design.R:6:3
  2. │ └─testthat:::expect_condition_matching(...)
  3. │   └─testthat:::quasi_capture(...)
  4. │     ├─testthat (local) .capture(...)
  5. │     │ └─base::withCallingHandlers(...)
  6. │     └─rlang::eval_bare(quo_get_expr(.quo), quo_get_env(.quo))
  7. ├─cards::ard_dichotomous(...)
  8. ├─cardx:::ard_dichotomous.survey.design(...)
  9. │ ├─dplyr::mutate(...)
 10. │ ├─dplyr::filter(...)
 11. │ ├─cards::ard_categorical(...)
 12. │ └─cardx:::ard_categorical.survey.design(...)
 13. │   └─cardx:::.svytable_rate_stats(...)
 14. │     ├─dplyr::bind_rows(...)
 15. │     │ └─rlang::list2(...)
 16. │     └─base::lapply(...)
 17. │       └─cardx (local) FUN(X[[i]], ...)
 18. │         ├─cardx:::case_switch(...)
 19. │         │ └─base::eval(f_rhs(f), envir = attr(f, ".Environment"))
 20. │         │   └─base::eval(f_rhs(f), envir = attr(f, ".Environment"))
 21. │         └─cardx:::.one_svytable_rates_by_row(data, variable, by, deff)
 22. │           ├─dplyr::mutate(...)
 23. │           └─rlang::set_names(...)
 24. └─rlang::abort(message = message)</failure>
    </testcase>
    <testcase time="0.032" classname="character(0)" name="ard_dichotomous.survey.design_works">
      <error type="error" message="Error in `eval(code, test_env)`: object 'ard_dichotomous_row' not found ('test-ard_dichotomous.survey.design.R:13:3')">Error in `eval(code, test_env)`: object 'ard_dichotomous_row' not found
Backtrace:
    ▆
 1. ├─testthat::expect_invisible(...) at test-ard_dichotomous.survey.design.R:13:3
 2. │ └─base::withVisible(call)
 3. └─cards::check_ard_structure(ard_dichotomous_row, method = FALSE)</error>
    </testcase>
  </testsuite>
  <testsuite name="ard_effectsize_cohens_d" timestamp="2024-06-24T23:53:14Z" hostname="1f91a808f88c" tests="4" skipped="1" failures="0" errors="0" time="0.394">
    <testcase time="0.393" classname="character(0)" name="ard_effectsize_cohens_d_works"/>
    <testcase time="0" classname="character(0)" name="ard_effectsize_cohens_d_works"/>
    <testcase time="0.00100000000000033" classname="character(0)" name="ard_effectsize_cohens_d_works"/>
    <testcase time="0" classname="character(0)" name="ard_effectsize_cohens_d_works">
      <skipped message="Reason: On CRAN ('test-ard_effectsize_cohens_d.R:38:3')"/>
    </testcase>
  </testsuite>
  <testsuite name="ard_effectsize_cohens_d" timestamp="2024-06-24T23:53:14Z" hostname="1f91a808f88c" tests="3" skipped="0" failures="0" errors="0" time="0.013">
    <testcase time="0.0119999999999996" classname="character(0)" name="ard_effectsize_paired_cohens_d_works"/>
    <testcase time="0.00100000000000033" classname="character(0)" name="ard_effectsize_paired_cohens_d_works"/>
    <testcase time="0" classname="character(0)" name="ard_effectsize_paired_cohens_d_works"/>
  </testsuite>
  <testsuite name="ard_effectsize_hedges_g" timestamp="2024-06-24T23:53:14Z" hostname="1f91a808f88c" tests="4" skipped="1" failures="0" errors="0" time="0.406">
    <testcase time="0.404" classname="character(0)" name="ard_effectsize_hedges_g_works"/>
    <testcase time="0.00100000000000033" classname="character(0)" name="ard_effectsize_hedges_g_works"/>
    <testcase time="0" classname="character(0)" name="ard_effectsize_hedges_g_works"/>
    <testcase time="0.000999999999999446" classname="character(0)" name="ard_effectsize_hedges_g_works">
      <skipped message="Reason: On CRAN ('test-ard_effectsize_hedges_g.R:34:3')"/>
    </testcase>
  </testsuite>
  <testsuite name="ard_effectsize_hedges_g" timestamp="2024-06-24T23:53:14Z" hostname="1f91a808f88c" tests="3" skipped="0" failures="0" errors="0" time="0.01">
    <testcase time="0.00900000000000034" classname="character(0)" name="ard_effectsize_paired_hedges_g_works"/>
    <testcase time="0.00100000000000033" classname="character(0)" name="ard_effectsize_paired_hedges_g_works"/>
    <testcase time="0" classname="character(0)" name="ard_effectsize_paired_hedges_g_works"/>
  </testsuite>
  <testsuite name="ard_emmeans_mean_difference" timestamp="2024-06-24T23:53:15Z" hostname="1f91a808f88c" tests="9" skipped="0" failures="0" errors="0" time="1.146">
    <testcase time="1.142" classname="character(0)" name="ard_emmeans_mean_difference_works"/>
    <testcase time="0" classname="character(0)" name="ard_emmeans_mean_difference_works"/>
    <testcase time="0.00100000000000033" classname="character(0)" name="ard_emmeans_mean_difference_works"/>
    <testcase time="0" classname="character(0)" name="ard_emmeans_mean_difference_works"/>
    <testcase time="0.000999999999999446" classname="character(0)" name="ard_emmeans_mean_difference_works"/>
    <testcase time="0" classname="character(0)" name="ard_emmeans_mean_difference_works"/>
    <testcase time="0.00100000000000033" classname="character(0)" name="ard_emmeans_mean_difference_works"/>
    <testcase time="0" classname="character(0)" name="ard_emmeans_mean_difference_works"/>
    <testcase time="0.00100000000000033" classname="character(0)" name="ard_emmeans_mean_difference_works"/>
  </testsuite>
  <testsuite name="ard_proportion_ci" timestamp="2024-06-24T23:53:16Z" hostname="1f91a808f88c" tests="6" skipped="0" failures="0" errors="0" time="0.97">
    <testcase time="0.967000000000001" classname="character(0)" name="ard_proportion_ci_works"/>
    <testcase time="0.000999999999999446" classname="character(0)" name="ard_proportion_ci_works"/>
    <testcase time="0" classname="character(0)" name="ard_proportion_ci_works"/>
    <testcase time="0.000999999999999446" classname="character(0)" name="ard_proportion_ci_works"/>
    <testcase time="0" classname="character(0)" name="ard_proportion_ci_works"/>
    <testcase time="0.000999999999999446" classname="character(0)" name="ard_proportion_ci_works"/>
  </testsuite>
  <testsuite name="ard_proportion_ci" timestamp="2024-06-24T23:53:16Z" hostname="1f91a808f88c" tests="2" skipped="1" failures="0" errors="0" time="0.001">
    <testcase time="0.00100000000000122" classname="character(0)" name="ard_proportion_ci_method_strat_wilson_works"/>
    <testcase time="0" classname="character(0)" name="ard_proportion_ci_method_strat_wilson_works">
      <skipped message="Reason: On CRAN ('test-ard_proportion_ci.R:92:3')"/>
    </testcase>
  </testsuite>
  <testsuite name="ard_proportion_ci" timestamp="2024-06-24T23:53:16Z" hostname="1f91a808f88c" tests="1" skipped="1" failures="0" errors="0" time="0.01">
    <testcase time="0.00999999999999979" classname="character(0)" name="ard_proportion_ci_messaging">
      <skipped message="Reason: On CRAN ('test-ard_proportion_ci.R:113:3')"/>
    </testcase>
  </testsuite>
  <testsuite name="ard_regression" timestamp="2024-06-24T23:53:17Z" hostname="1f91a808f88c" tests="1" skipped="1" failures="0" errors="0" time="1.234">
    <testcase time="1.234" classname="character(0)" name="ard_regression_works">
      <skipped message="Reason: On CRAN ('test-ard_regression.R:4:3')"/>
    </testcase>
  </testsuite>
  <testsuite name="ard_regression" timestamp="2024-06-24T23:53:17Z" hostname="1f91a808f88c" tests="1" skipped="1" failures="0" errors="0" time="0.009">
    <testcase time="0.00900000000000034" classname="character(0)" name="ard_regression_works_specifying_custom_tidier">
      <skipped message="Reason: On CRAN ('test-ard_regression.R:26:3')"/>
    </testcase>
  </testsuite>
  <testsuite name="ard_regression" timestamp="2024-06-24T23:53:17Z" hostname="1f91a808f88c" tests="1" skipped="0" failures="0" errors="0" time="0.01">
    <testcase time="0.00999999999999979" classname="character(0)" name="ard_regression_does_not_produce_variable_level_column_where_not_applicable"/>
  </testsuite>
  <testsuite name="ard_regression_basic" timestamp="2024-06-24T23:53:18Z" hostname="1f91a808f88c" tests="2" skipped="1" failures="0" errors="0" time="0.514">
    <testcase time="0.513999999999999" classname="character(0)" name="ard_regression_basic_works"/>
    <testcase time="0" classname="character(0)" name="ard_regression_basic_works">
      <skipped message="Reason: On CRAN ('test-ard_regression_basic.R:10:3')"/>
    </testcase>
  </testsuite>
  <testsuite name="ard_regression_basic" timestamp="2024-06-24T23:53:18Z" hostname="1f91a808f88c" tests="1" skipped="0" failures="0" errors="0" time="0.01">
    <testcase time="0.00999999999999979" classname="character(0)" name="ard_regression_basic_does_not_produce_variable_level_column_where_not_applicable"/>
  </testsuite>
  <testsuite name="ard_smd_smd" timestamp="2024-06-24T23:53:18Z" hostname="1f91a808f88c" tests="3" skipped="0" failures="0" errors="0" time="0.322">
    <testcase time="0.321000000000002" classname="character(0)" name="ard_smd_smd_works"/>
    <testcase time="0.000999999999999446" classname="character(0)" name="ard_smd_smd_works"/>
    <testcase time="0" classname="character(0)" name="ard_smd_smd_works"/>
  </testsuite>
  <testsuite name="ard_smd_smd" timestamp="2024-06-24T23:53:18Z" hostname="1f91a808f88c" tests="2" skipped="0" failures="0" errors="0" time="0.002">
    <testcase time="0.000999999999999446" classname="character(0)" name="ard_smd_works_with_survey_data"/>
    <testcase time="0.000999999999999446" classname="character(0)" name="ard_smd_works_with_survey_data"/>
  </testsuite>
  <testsuite name="ard_smd_smd" timestamp="2024-06-24T23:53:18Z" hostname="1f91a808f88c" tests="4" skipped="0" failures="0" errors="0" time="0.003">
    <testcase time="0.00100000000000122" classname="character(0)" name="ard_smd_smd_error_messaging"/>
    <testcase time="0.000999999999999446" classname="character(0)" name="ard_smd_smd_error_messaging"/>
    <testcase time="0" classname="character(0)" name="ard_smd_smd_error_messaging"/>
    <testcase time="0.000999999999999446" classname="character(0)" name="ard_smd_smd_error_messaging"/>
  </testsuite>
  <testsuite name="ard_stats_anova" timestamp="2024-06-24T23:53:19Z" hostname="1f91a808f88c" tests="1" skipped="0" failures="0" errors="0" time="1.299">
    <testcase time="1.299" classname="character(0)" name="ard_stats_anova.anova_works"/>
  </testsuite>
  <testsuite name="ard_stats_anova" timestamp="2024-06-24T23:53:19Z" hostname="1f91a808f88c" tests="7" skipped="0" failures="0" errors="0" time="0.005">
    <testcase time="0.00199999999999889" classname="character(0)" name="ard_stats_anova.data.frame_works"/>
    <testcase time="0" classname="character(0)" name="ard_stats_anova.data.frame_works"/>
    <testcase time="0.00100000000000122" classname="character(0)" name="ard_stats_anova.data.frame_works"/>
    <testcase time="0" classname="character(0)" name="ard_stats_anova.data.frame_works"/>
    <testcase time="0.000999999999999446" classname="character(0)" name="ard_stats_anova.data.frame_works"/>
    <testcase time="0" classname="character(0)" name="ard_stats_anova.data.frame_works"/>
    <testcase time="0.000999999999999446" classname="character(0)" name="ard_stats_anova.data.frame_works"/>
  </testsuite>
  <testsuite name="ard_stats_anova" timestamp="2024-06-24T23:53:19Z" hostname="1f91a808f88c" tests="1" skipped="0" failures="0" errors="0" time="0.001">
    <testcase time="0.00100000000000122" classname="character(0)" name="ard_stats_anova.data.frame_error_messaging"/>
  </testsuite>
  <testsuite name="ard_stats_aov" timestamp="2024-06-24T23:53:20Z" hostname="1f91a808f88c" tests="3" skipped="1" failures="0" errors="0" time="0.177">
    <testcase time="0.175999999999998" classname="character(0)" name="ard_aov_works"/>
    <testcase time="0.00100000000000122" classname="character(0)" name="ard_aov_works"/>
    <testcase time="0" classname="character(0)" name="ard_aov_works">
      <skipped message="Reason: On CRAN ('test-ard_stats_aov.R:25:3')"/>
    </testcase>
  </testsuite>
  <testsuite name="ard_stats_chisq_test" timestamp="2024-06-24T23:53:20Z" hostname="1f91a808f88c" tests="3" skipped="0" failures="0" errors="0" time="0.329">
    <testcase time="0.327999999999999" classname="character(0)" name="ard_stats_chisq_test_works"/>
    <testcase time="0" classname="character(0)" name="ard_stats_chisq_test_works"/>
    <testcase time="0.000999999999999446" classname="character(0)" name="ard_stats_chisq_test_works"/>
  </testsuite>
  <testsuite name="ard_stats_chisq_test" timestamp="2024-06-24T23:53:20Z" hostname="1f91a808f88c" tests="1" skipped="1" failures="0" errors="0" time="0.001">
    <testcase time="0.00100000000000122" classname="character(0)" name="shuffle_ard_fills_missing_group_levels_if_the_group_is_meaningful">
      <skipped message="Reason: On CRAN ('test-ard_stats_chisq_test.R:36:3')"/>
    </testcase>
  </testsuite>
  <testsuite name="ard_stats_fisher_test" timestamp="2024-06-24T23:53:20Z" hostname="1f91a808f88c" tests="3" skipped="0" failures="0" errors="0" time="0.177">
    <testcase time="0.176" classname="character(0)" name="ard_stats_fisher_test_works"/>
    <testcase time="0.000999999999999446" classname="character(0)" name="ard_stats_fisher_test_works"/>
    <testcase time="0" classname="character(0)" name="ard_stats_fisher_test_works"/>
  </testsuite>
  <testsuite name="ard_stats_kruskal_test" timestamp="2024-06-24T23:53:20Z" hostname="1f91a808f88c" tests="3" skipped="1" failures="0" errors="0" time="0.134">
    <testcase time="0.132999999999999" classname="character(0)" name="ard_stats_kruskal_test_works"/>
    <testcase time="0" classname="character(0)" name="ard_stats_kruskal_test_works"/>
    <testcase time="0.00100000000000122" classname="character(0)" name="ard_stats_kruskal_test_works">
      <skipped message="Reason: On CRAN ('test-ard_stats_kruskal_test.R:22:3')"/>
    </testcase>
  </testsuite>
  <testsuite name="ard_stats_mcnemar_test" timestamp="2024-06-24T23:53:21Z" hostname="1f91a808f88c" tests="7" skipped="0" failures="0" errors="0" time="0.333">
    <testcase time="0.328999999999999" classname="character(0)" name="ard_stats_mcnemar_test_works"/>
    <testcase time="0" classname="character(0)" name="ard_stats_mcnemar_test_works"/>
    <testcase time="0.00100000000000122" classname="character(0)" name="ard_stats_mcnemar_test_works"/>
    <testcase time="0.000999999999999446" classname="character(0)" name="ard_stats_mcnemar_test_works"/>
    <testcase time="0.000999999999999446" classname="character(0)" name="ard_stats_mcnemar_test_works"/>
    <testcase time="0" classname="character(0)" name="ard_stats_mcnemar_test_works"/>
    <testcase time="0.00100000000000122" classname="character(0)" name="ard_stats_mcnemar_test_works"/>
  </testsuite>
  <testsuite name="ard_stats_mood_test" timestamp="2024-06-24T23:53:21Z" hostname="1f91a808f88c" tests="3" skipped="1" failures="0" errors="0" time="0.183">
    <testcase time="0.181999999999999" classname="character(0)" name="ard_stats_mood_test_works"/>
    <testcase time="0" classname="character(0)" name="ard_stats_mood_test_works"/>
    <testcase time="0.00100000000000122" classname="character(0)" name="ard_stats_mood_test_works">
      <skipped message="Reason: On CRAN ('test-ard_stats_mood_test.R:22:3')"/>
    </testcase>
  </testsuite>
  <testsuite name="ard_stats_oneway_test" timestamp="2024-06-24T23:53:21Z" hostname="1f91a808f88c" tests="3" skipped="1" failures="0" errors="0" time="0.159">
    <testcase time="0.157999999999999" classname="character(0)" name="ard_stats_oneway_test_works"/>
    <testcase time="0.000999999999999446" classname="character(0)" name="ard_stats_oneway_test_works"/>
    <testcase time="0" classname="character(0)" name="ard_stats_oneway_test_works">
      <skipped message="Reason: On CRAN ('test-ard_stats_oneway_test.R:24:3')"/>
    </testcase>
  </testsuite>
  <testsuite name="ard_stats_prop_test" timestamp="2024-06-24T23:53:21Z" hostname="1f91a808f88c" tests="3" skipped="0" failures="0" errors="0" time="0.429">
    <testcase time="0.428000000000001" classname="character(0)" name="ard_stats_prop_test_works"/>
    <testcase time="0" classname="character(0)" name="ard_stats_prop_test_works"/>
    <testcase time="0.000999999999999446" classname="character(0)" name="ard_stats_prop_test_works"/>
  </testsuite>
  <testsuite name="ard_stats_prop_test" timestamp="2024-06-24T23:53:21Z" hostname="1f91a808f88c" tests="8" skipped="0" failures="0" errors="0" time="0.005">
    <testcase time="0.00100000000000122" classname="character(0)" name="ard_stats_prop_test_error_messaging"/>
    <testcase time="0.000999999999999446" classname="character(0)" name="ard_stats_prop_test_error_messaging"/>
    <testcase time="0" classname="character(0)" name="ard_stats_prop_test_error_messaging"/>
    <testcase time="0.000999999999999446" classname="character(0)" name="ard_stats_prop_test_error_messaging"/>
    <testcase time="0" classname="character(0)" name="ard_stats_prop_test_error_messaging"/>
    <testcase time="0.000999999999999446" classname="character(0)" name="ard_stats_prop_test_error_messaging"/>
    <testcase time="0" classname="character(0)" name="ard_stats_prop_test_error_messaging"/>
    <testcase time="0.00100000000000122" classname="character(0)" name="ard_stats_prop_test_error_messaging"/>
  </testsuite>
  <testsuite name="ard_stats_t_test" timestamp="2024-06-24T23:53:22Z" hostname="1f91a808f88c" tests="6" skipped="0" failures="0" errors="0" time="0.378">
    <testcase time="0.375" classname="character(0)" name="ard_stats_t_test_works"/>
    <testcase time="0.000999999999999446" classname="character(0)" name="ard_stats_t_test_works"/>
    <testcase time="0" classname="character(0)" name="ard_stats_t_test_works"/>
    <testcase time="0.000999999999999446" classname="character(0)" name="ard_stats_t_test_works"/>
    <testcase time="0" classname="character(0)" name="ard_stats_t_test_works"/>
    <testcase time="0.00100000000000122" classname="character(0)" name="ard_stats_t_test_works"/>
  </testsuite>
  <testsuite name="ard_stats_t_test" timestamp="2024-06-24T23:53:22Z" hostname="1f91a808f88c" tests="3" skipped="0" failures="0" errors="0" time="0.002">
    <testcase time="0.000999999999999446" classname="character(0)" name="ard_stats_paired_t_test_works"/>
    <testcase time="0.000999999999999446" classname="character(0)" name="ard_stats_paired_t_test_works"/>
    <testcase time="0" classname="character(0)" name="ard_stats_paired_t_test_works"/>
  </testsuite>
  <testsuite name="ard_stats_t_test_onesample" timestamp="2024-06-24T23:53:22Z" hostname="1f91a808f88c" tests="5" skipped="0" failures="0" errors="0" time="0.211">
    <testcase time="0.209000000000001" classname="character(0)" name="ard_stats_t_test_onesample_works"/>
    <testcase time="0.000999999999999446" classname="character(0)" name="ard_stats_t_test_onesample_works"/>
    <testcase time="0" classname="character(0)" name="ard_stats_t_test_onesample_works"/>
    <testcase time="0.000999999999999446" classname="character(0)" name="ard_stats_t_test_onesample_works"/>
    <testcase time="0" classname="character(0)" name="ard_stats_t_test_onesample_works"/>
  </testsuite>
  <testsuite name="ard_stats_wilcox_test" timestamp="2024-06-24T23:53:23Z" hostname="1f91a808f88c" tests="6" skipped="0" failures="0" errors="0" time="0.721">
    <testcase time="0.718" classname="character(0)" name="ard_stats_wilcox_test_works"/>
    <testcase time="0.00100000000000122" classname="character(0)" name="ard_stats_wilcox_test_works"/>
    <testcase time="0" classname="character(0)" name="ard_stats_wilcox_test_works"/>
    <testcase time="0.000999999999999446" classname="character(0)" name="ard_stats_wilcox_test_works"/>
    <testcase time="0" classname="character(0)" name="ard_stats_wilcox_test_works"/>
    <testcase time="0.000999999999999446" classname="character(0)" name="ard_stats_wilcox_test_works"/>
  </testsuite>
  <testsuite name="ard_stats_wilcox_test" timestamp="2024-06-24T23:53:23Z" hostname="1f91a808f88c" tests="3" skipped="0" failures="0" errors="0" time="0.002">
    <testcase time="0.000999999999999446" classname="character(0)" name="ard_stats_paired_wilcox_test_works"/>
    <testcase time="0.00100000000000122" classname="character(0)" name="ard_stats_paired_wilcox_test_works"/>
    <testcase time="0" classname="character(0)" name="ard_stats_paired_wilcox_test_works"/>
  </testsuite>
  <testsuite name="ard_stats_wilcox_test_onesample" timestamp="2024-06-24T23:53:23Z" hostname="1f91a808f88c" tests="5" skipped="0" failures="0" errors="0" time="0.273">
    <testcase time="0.270999999999999" classname="character(0)" name="ard_stats_wilcox_test_onesample_works"/>
    <testcase time="0.00100000000000122" classname="character(0)" name="ard_stats_wilcox_test_onesample_works"/>
    <testcase time="0" classname="character(0)" name="ard_stats_wilcox_test_onesample_works"/>
    <testcase time="0.000999999999999446" classname="character(0)" name="ard_stats_wilcox_test_onesample_works"/>
    <testcase time="0" classname="character(0)" name="ard_stats_wilcox_test_onesample_works"/>
  </testsuite>
  <testsuite name="ard_survey_svychisq" timestamp="2024-06-24T23:53:23Z" hostname="1f91a808f88c" tests="3" skipped="1" failures="0" errors="0" time="0.237">
    <testcase time="0.237" classname="character(0)" name="ard_survey_svychisq_works"/>
    <testcase time="0" classname="character(0)" name="ard_survey_svychisq_works"/>
    <testcase time="0" classname="character(0)" name="ard_survey_svychisq_works">
      <skipped message="Reason: On CRAN ('test-ard_survey_svychisq.R:28:3')"/>
    </testcase>
  </testsuite>
  <testsuite name="ard_survey_svyranktest" timestamp="2024-06-24T23:53:24Z" hostname="1f91a808f88c" tests="1" skipped="1" failures="0" errors="0" time="0.345">
    <testcase time="0.345000000000001" classname="character(0)" name="ard_survey_svyranktest_works">
      <skipped message="Reason: On CRAN ('test-ard_survey_svyranktest.R:18:3')"/>
    </testcase>
  </testsuite>
  <testsuite name="ard_survey_svyranktest" timestamp="2024-06-24T23:53:24Z" hostname="1f91a808f88c" tests="1" skipped="0" failures="0" errors="0" time="0.009">
    <testcase time="0.00900000000000034" classname="character(0)" name="exact_values_match_for_ard_svyranktest_works"/>
  </testsuite>
  <testsuite name="ard_survey_svyttest" timestamp="2024-06-24T23:53:24Z" hostname="1f91a808f88c" tests="4" skipped="0" failures="0" errors="0" time="0.33">
    <testcase time="0.327999999999999" classname="character(0)" name="ard_survey_svyttest_works"/>
    <testcase time="0.00100000000000122" classname="character(0)" name="ard_survey_svyttest_works"/>
    <testcase time="0" classname="character(0)" name="ard_survey_svyttest_works"/>
    <testcase time="0.000999999999997669" classname="character(0)" name="ard_survey_svyttest_works"/>
  </testsuite>
  <testsuite name="ard_survey_svyttest" timestamp="2024-06-24T23:53:24Z" hostname="1f91a808f88c" tests="2" skipped="0" failures="0" errors="0" time="0.004">
    <testcase time="0.00300000000000011" classname="character(0)" name="ard_survey_svyttest_messaging"/>
    <testcase time="0.00100000000000122" classname="character(0)" name="ard_survey_svyttest_messaging"/>
  </testsuite>
  <testsuite name="ard_survival_survdiff" timestamp="2024-06-24T23:53:24Z" hostname="1f91a808f88c" tests="6" skipped="0" failures="0" errors="0" time="0.219">
    <testcase time="0.216999999999999" classname="character(0)" name="ard_survival_survdiff_works"/>
    <testcase time="0" classname="character(0)" name="ard_survival_survdiff_works"/>
    <testcase time="0.00100000000000122" classname="character(0)" name="ard_survival_survdiff_works"/>
    <testcase time="0" classname="character(0)" name="ard_survival_survdiff_works"/>
    <testcase time="0.00100000000000122" classname="character(0)" name="ard_survival_survdiff_works"/>
    <testcase time="0" classname="character(0)" name="ard_survival_survdiff_works"/>
  </testsuite>
  <testsuite name="ard_survival_survdiff" timestamp="2024-06-24T23:53:24Z" hostname="1f91a808f88c" tests="4" skipped="0" failures="0" errors="0" time="0.003">
    <testcase time="0.00199999999999889" classname="character(0)" name="ard_survival_survdiff_error_messaging"/>
    <testcase time="0" classname="character(0)" name="ard_survival_survdiff_error_messaging"/>
    <testcase time="0.00100000000000122" classname="character(0)" name="ard_survival_survdiff_error_messaging"/>
    <testcase time="0" classname="character(0)" name="ard_survival_survdiff_error_messaging"/>
  </testsuite>
  <testsuite name="ard_survival_survfit" timestamp="2024-06-24T23:53:25Z" hostname="1f91a808f88c" tests="1" skipped="1" failures="0" errors="0" time="1.118">
    <testcase time="1.118" classname="character(0)" name="ard_survival_survfit_works_with_times_provided">
      <skipped message="Reason: On CRAN ('test-ard_survival_survfit.R:4:3')"/>
    </testcase>
  </testsuite>
  <testsuite name="ard_survival_survfit" timestamp="2024-06-24T23:53:25Z" hostname="1f91a808f88c" tests="1" skipped="1" failures="0" errors="0" time="0.01">
    <testcase time="0.0100000000000016" classname="character(0)" name="ard_survival_survfit_works_with_different_type">
      <skipped message="Reason: On CRAN ('test-ard_survival_survfit.R:15:3')"/>
    </testcase>
  </testsuite>
  <testsuite name="ard_survival_survfit" timestamp="2024-06-24T23:53:25Z" hostname="1f91a808f88c" tests="1" skipped="1" failures="0" errors="0" time="0.013">
    <testcase time="0.0129999999999981" classname="character(0)" name="ard_survival_survfit_works_with_probs_provided">
      <skipped message="Reason: On CRAN ('test-ard_survival_survfit.R:26:3')"/>
    </testcase>
  </testsuite>
  <testsuite name="ard_survival_survfit" timestamp="2024-06-24T23:53:25Z" hostname="1f91a808f88c" tests="1" skipped="1" failures="0" errors="0" time="0.009">
    <testcase time="0.00900000000000034" classname="character(0)" name="ard_survival_survfit_works_with_unstratified_model">
      <skipped message="Reason: On CRAN ('test-ard_survival_survfit.R:37:3')"/>
    </testcase>
  </testsuite>
  <testsuite name="ard_survival_survfit" timestamp="2024-06-24T23:53:25Z" hostname="1f91a808f88c" tests="1" skipped="1" failures="0" errors="0" time="0.01">
    <testcase time="0.0100000000000016" classname="character(0)" name="ard_survival_survfit_works_with_multiple_stratification_variables">
      <skipped message="Reason: On CRAN ('test-ard_survival_survfit.R:57:3')"/>
    </testcase>
  </testsuite>
  <testsuite name="ard_survival_survfit" timestamp="2024-06-24T23:53:25Z" hostname="1f91a808f88c" tests="1" skipped="1" failures="0" errors="0" time="0.009">
    <testcase time="0.00899999999999679" classname="character(0)" name="ard_survival_survfit_works_with_competing_risks">
      <skipped message="Reason: On CRAN ('test-ard_survival_survfit.R:91:3')"/>
    </testcase>
  </testsuite>
  <testsuite name="ard_survival_survfit" timestamp="2024-06-24T23:53:25Z" hostname="1f91a808f88c" tests="1" skipped="1" failures="0" errors="0" time="0.01">
    <testcase time="0.0100000000000016" classname="character(0)" name="ard_survival_survfit_errors_are_properly_handled">
      <skipped message="Reason: On CRAN ('test-ard_survival_survfit.R:102:3')"/>
    </testcase>
  </testsuite>
  <testsuite name="ard_survival_survfit" timestamp="2024-06-24T23:53:25Z" hostname="1f91a808f88c" tests="1" skipped="0" failures="0" errors="0" time="0.012">
    <testcase time="0.0120000000000005" classname="character(0)" name="ard_survival_survfit_works_with_non_syntactic_names"/>
  </testsuite>
  <testsuite name="ard_survival_survfit" timestamp="2024-06-24T23:53:25Z" hostname="1f91a808f88c" tests="1" skipped="1" failures="0" errors="0" time="0.001">
    <testcase time="0.00100000000000122" classname="character(0)" name="ard_survival_survfit_errors_with_stratified_Cox_model">
      <skipped message="Reason: On CRAN ('test-ard_survival_survfit.R:137:3')"/>
    </testcase>
  </testsuite>
  <testsuite name="ard_categorical.survey.design" timestamp="2024-06-24T23:53:26Z" hostname="1f91a808f88c" tests="1" skipped="0" failures="0" errors="0" time="0.263">
    <testcase time="0.262999999999998" classname="character(0)" name="multiplication_works"/>
  </testsuite>
  <testsuite name="ard_categorical.survey.design" timestamp="2024-06-24T23:53:26Z" hostname="1f91a808f88c" tests="54" skipped="0" failures="0" errors="0" time="0.044">
    <testcase time="0.00300000000000011" classname="character(0)" name="ard_categorical.survey.design_works"/>
    <testcase time="0.00100000000000122" classname="character(0)" name="ard_categorical.survey.design_works"/>
    <testcase time="0" classname="character(0)" name="ard_categorical.survey.design_works"/>
    <testcase time="0.000999999999997669" classname="character(0)" name="ard_categorical.survey.design_works"/>
    <testcase time="0.00100000000000122" classname="character(0)" name="ard_categorical.survey.design_works"/>
    <testcase time="0.00100000000000122" classname="character(0)" name="ard_categorical.survey.design_works"/>
    <testcase time="0.000999999999997669" classname="character(0)" name="ard_categorical.survey.design_works"/>
    <testcase time="0.00100000000000122" classname="character(0)" name="ard_categorical.survey.design_works"/>
    <testcase time="0.00100000000000122" classname="character(0)" name="ard_categorical.survey.design_works"/>
    <testcase time="0" classname="character(0)" name="ard_categorical.survey.design_works"/>
    <testcase time="0.000999999999997669" classname="character(0)" name="ard_categorical.survey.design_works"/>
    <testcase time="0.00100000000000122" classname="character(0)" name="ard_categorical.survey.design_works"/>
    <testcase time="0.00100000000000122" classname="character(0)" name="ard_categorical.survey.design_works"/>
    <testcase time="0.000999999999997669" classname="character(0)" name="ard_categorical.survey.design_works"/>
    <testcase time="0.00100000000000122" classname="character(0)" name="ard_categorical.survey.design_works"/>
    <testcase time="0.00100000000000122" classname="character(0)" name="ard_categorical.survey.design_works"/>
    <testcase time="0.000999999999997669" classname="character(0)" name="ard_categorical.survey.design_works"/>
    <testcase time="0.00100000000000122" classname="character(0)" name="ard_categorical.survey.design_works"/>
    <testcase time="0.00100000000000122" classname="character(0)" name="ard_categorical.survey.design_works"/>
    <testcase time="0.000999999999997669" classname="character(0)" name="ard_categorical.survey.design_works"/>
    <testcase time="0.00100000000000122" classname="character(0)" name="ard_categorical.survey.design_works"/>
    <testcase time="0.000999999999997669" classname="character(0)" name="ard_categorical.survey.design_works"/>
    <testcase time="0.00100000000000122" classname="character(0)" name="ard_categorical.survey.design_works"/>
    <testcase time="0.00100000000000122" classname="character(0)" name="ard_categorical.survey.design_works"/>
    <testcase time="0.000999999999997669" classname="character(0)" name="ard_categorical.survey.design_works"/>
    <testcase time="0.00100000000000122" classname="character(0)" name="ard_categorical.survey.design_works"/>
    <testcase time="0.00100000000000122" classname="character(0)" name="ard_categorical.survey.design_works"/>
    <testcase time="0" classname="character(0)" name="ard_categorical.survey.design_works"/>
    <testcase time="0.000999999999997669" classname="character(0)" name="ard_categorical.survey.design_works"/>
    <testcase time="0" classname="character(0)" name="ard_categorical.survey.design_works"/>
    <testcase time="0.00100000000000122" classname="character(0)" name="ard_categorical.survey.design_works"/>
    <testcase time="0" classname="character(0)" name="ard_categorical.survey.design_works"/>
    <testcase time="0" classname="character(0)" name="ard_categorical.survey.design_works"/>
    <testcase time="0.000999999999997669" classname="character(0)" name="ard_categorical.survey.design_works"/>
    <testcase time="0" classname="character(0)" name="ard_categorical.survey.design_works"/>
    <testcase time="0.00100000000000122" classname="character(0)" name="ard_categorical.survey.design_works"/>
    <testcase time="0" classname="character(0)" name="ard_categorical.survey.design_works"/>
    <testcase time="0.00100000000000122" classname="character(0)" name="ard_categorical.survey.design_works"/>
    <testcase time="0.00300000000000011" classname="character(0)" name="ard_categorical.survey.design_works"/>
    <testcase time="0.000999999999997669" classname="character(0)" name="ard_categorical.survey.design_works"/>
    <testcase time="0" classname="character(0)" name="ard_categorical.survey.design_works"/>
    <testcase time="0.00100000000000122" classname="character(0)" name="ard_categorical.survey.design_works"/>
    <testcase time="0" classname="character(0)" name="ard_categorical.survey.design_works"/>
    <testcase time="0.00100000000000122" classname="character(0)" name="ard_categorical.survey.design_works"/>
    <testcase time="0.000999999999997669" classname="character(0)" name="ard_categorical.survey.design_works"/>
    <testcase time="0" classname="character(0)" name="ard_categorical.survey.design_works"/>
    <testcase time="0.00100000000000122" classname="character(0)" name="ard_categorical.survey.design_works"/>
    <testcase time="0.00100000000000122" classname="character(0)" name="ard_categorical.survey.design_works"/>
    <testcase time="0" classname="character(0)" name="ard_categorical.survey.design_works"/>
    <testcase time="0.000999999999997669" classname="character(0)" name="ard_categorical.survey.design_works"/>
    <testcase time="0" classname="character(0)" name="ard_categorical.survey.design_works"/>
    <testcase time="0.00100000000000122" classname="character(0)" name="ard_categorical.survey.design_works"/>
    <testcase time="0.00100000000000122" classname="character(0)" name="ard_categorical.survey.design_works"/>
    <testcase time="0" classname="character(0)" name="ard_categorical.survey.design_works"/>
  </testsuite>
  <testsuite name="ard_categorical.survey.design" timestamp="2024-06-24T23:53:26Z" hostname="1f91a808f88c" tests="3" skipped="0" failures="0" errors="0" time="0.003">
    <testcase time="0.00199999999999889" classname="character(0)" name="ard_categorical.survey.design_works_when_variables_have_all_NAs"/>
    <testcase time="0.00100000000000122" classname="character(0)" name="ard_categorical.survey.design_works_when_variables_have_all_NAs"/>
    <testcase time="0" classname="character(0)" name="ard_categorical.survey.design_works_when_variables_have_all_NAs"/>
  </testsuite>
  <testsuite name="ard_categorical.survey.design" timestamp="2024-06-24T23:53:26Z" hostname="1f91a808f88c" tests="18" skipped="0" failures="0" errors="0" time="0.008">
    <testcase time="0.00199999999999889" classname="character(0)" name="ard_categorical.survey.design_works_for_unobserved_factor_levels"/>
    <testcase time="0" classname="character(0)" name="ard_categorical.survey.design_works_for_unobserved_factor_levels"/>
    <testcase time="0.00100000000000122" classname="character(0)" name="ard_categorical.survey.design_works_for_unobserved_factor_levels"/>
    <testcase time="0" classname="character(0)" name="ard_categorical.survey.design_works_for_unobserved_factor_levels"/>
    <testcase time="0.000999999999997669" classname="character(0)" name="ard_categorical.survey.design_works_for_unobserved_factor_levels"/>
    <testcase time="0" classname="character(0)" name="ard_categorical.survey.design_works_for_unobserved_factor_levels"/>
    <testcase time="0.00100000000000122" classname="character(0)" name="ard_categorical.survey.design_works_for_unobserved_factor_levels"/>
    <testcase time="0" classname="character(0)" name="ard_categorical.survey.design_works_for_unobserved_factor_levels"/>
    <testcase time="0" classname="character(0)" name="ard_categorical.survey.design_works_for_unobserved_factor_levels"/>
    <testcase time="0" classname="character(0)" name="ard_categorical.survey.design_works_for_unobserved_factor_levels"/>
    <testcase time="0" classname="character(0)" name="ard_categorical.survey.design_works_for_unobserved_factor_levels"/>
    <testcase time="0.00100000000000122" classname="character(0)" name="ard_categorical.survey.design_works_for_unobserved_factor_levels"/>
    <testcase time="0" classname="character(0)" name="ard_categorical.survey.design_works_for_unobserved_factor_levels"/>
    <testcase time="0.00100000000000122" classname="character(0)" name="ard_categorical.survey.design_works_for_unobserved_factor_levels"/>
    <testcase time="0" classname="character(0)" name="ard_categorical.survey.design_works_for_unobserved_factor_levels"/>
    <testcase time="0.000999999999997669" classname="character(0)" name="ard_categorical.survey.design_works_for_unobserved_factor_levels"/>
    <testcase time="0" classname="character(0)" name="ard_categorical.survey.design_works_for_unobserved_factor_levels"/>
    <testcase time="0" classname="character(0)" name="ard_categorical.survey.design_works_for_unobserved_factor_levels"/>
  </testsuite>
  <testsuite name="ard_categorical.survey.design" timestamp="2024-06-24T23:53:26Z" hostname="1f91a808f88c" tests="18" skipped="0" failures="0" errors="0" time="0.01">
    <testcase time="0.00199999999999889" classname="character(0)" name="ard_categorical.survey.design_works_for_unobserved_logical_levels"/>
    <testcase time="0" classname="character(0)" name="ard_categorical.survey.design_works_for_unobserved_logical_levels"/>
    <testcase time="0.00100000000000122" classname="character(0)" name="ard_categorical.survey.design_works_for_unobserved_logical_levels"/>
    <testcase time="0" classname="character(0)" name="ard_categorical.survey.design_works_for_unobserved_logical_levels"/>
    <testcase time="0.00100000000000122" classname="character(0)" name="ard_categorical.survey.design_works_for_unobserved_logical_levels"/>
    <testcase time="0" classname="character(0)" name="ard_categorical.survey.design_works_for_unobserved_logical_levels"/>
    <testcase time="0" classname="character(0)" name="ard_categorical.survey.design_works_for_unobserved_logical_levels"/>
    <testcase time="0.000999999999997669" classname="character(0)" name="ard_categorical.survey.design_works_for_unobserved_logical_levels"/>
    <testcase time="0" classname="character(0)" name="ard_categorical.survey.design_works_for_unobserved_logical_levels"/>
    <testcase time="0.00100000000000122" classname="character(0)" name="ard_categorical.survey.design_works_for_unobserved_logical_levels"/>
    <testcase time="0" classname="character(0)" name="ard_categorical.survey.design_works_for_unobserved_logical_levels"/>
    <testcase time="0.00100000000000122" classname="character(0)" name="ard_categorical.survey.design_works_for_unobserved_logical_levels"/>
    <testcase time="0" classname="character(0)" name="ard_categorical.survey.design_works_for_unobserved_logical_levels"/>
    <testcase time="0.000999999999997669" classname="character(0)" name="ard_categorical.survey.design_works_for_unobserved_logical_levels"/>
    <testcase time="0" classname="character(0)" name="ard_categorical.survey.design_works_for_unobserved_logical_levels"/>
    <testcase time="0.00100000000000122" classname="character(0)" name="ard_categorical.survey.design_works_for_unobserved_logical_levels"/>
    <testcase time="0" classname="character(0)" name="ard_categorical.survey.design_works_for_unobserved_logical_levels"/>
    <testcase time="0.00100000000000122" classname="character(0)" name="ard_categorical.survey.design_works_for_unobserved_logical_levels"/>
  </testsuite>
  <testsuite name="ard_categorical.survey.design" timestamp="2024-06-24T23:53:26Z" hostname="1f91a808f88c" tests="18" skipped="0" failures="0" errors="0" time="0.009">
    <testcase time="0.000999999999997669" classname="character(0)" name="ard_categorical.survey.design_works_with_variables_with_only_1_level"/>
    <testcase time="0.00100000000000122" classname="character(0)" name="ard_categorical.survey.design_works_with_variables_with_only_1_level"/>
    <testcase time="0" classname="character(0)" name="ard_categorical.survey.design_works_with_variables_with_only_1_level"/>
    <testcase time="0.00100000000000122" classname="character(0)" name="ard_categorical.survey.design_works_with_variables_with_only_1_level"/>
    <testcase time="0" classname="character(0)" name="ard_categorical.survey.design_works_with_variables_with_only_1_level"/>
    <testcase time="0.000999999999997669" classname="character(0)" name="ard_categorical.survey.design_works_with_variables_with_only_1_level"/>
    <testcase time="0" classname="character(0)" name="ard_categorical.survey.design_works_with_variables_with_only_1_level"/>
    <testcase time="0.00100000000000122" classname="character(0)" name="ard_categorical.survey.design_works_with_variables_with_only_1_level"/>
    <testcase time="0" classname="character(0)" name="ard_categorical.survey.design_works_with_variables_with_only_1_level"/>
    <testcase time="0.00100000000000122" classname="character(0)" name="ard_categorical.survey.design_works_with_variables_with_only_1_level"/>
    <testcase time="0" classname="character(0)" name="ard_categorical.survey.design_works_with_variables_with_only_1_level"/>
    <testcase time="0" classname="character(0)" name="ard_categorical.survey.design_works_with_variables_with_only_1_level"/>
    <testcase time="0.000999999999997669" classname="character(0)" name="ard_categorical.survey.design_works_with_variables_with_only_1_level"/>
    <testcase time="0" classname="character(0)" name="ard_categorical.survey.design_works_with_variables_with_only_1_level"/>
    <testcase time="0.00100000000000122" classname="character(0)" name="ard_categorical.survey.design_works_with_variables_with_only_1_level"/>
    <testcase time="0" classname="character(0)" name="ard_categorical.survey.design_works_with_variables_with_only_1_level"/>
    <testcase time="0.00100000000000122" classname="character(0)" name="ard_categorical.survey.design_works_with_variables_with_only_1_level"/>
    <testcase time="0" classname="character(0)" name="ard_categorical.survey.design_works_with_variables_with_only_1_level"/>
  </testsuite>
  <testsuite name="ard_survival_survfit_diff" timestamp="2024-06-24T23:53:26Z" hostname="1f91a808f88c" tests="4" skipped="0" failures="0" errors="0" time="0.01">
    <testcase time="0.00799999999999912" classname="character(0)" name="ard_survival_survfit_diff_works"/>
    <testcase time="0.000999999999997669" classname="character(0)" name="ard_survival_survfit_diff_works"/>
    <testcase time="0" classname="character(0)" name="ard_survival_survfit_diff_works"/>
    <testcase time="0.00100000000000122" classname="character(0)" name="ard_survival_survfit_diff_works"/>
  </testsuite>
  <testsuite name="ard_survival_survfit_diff" timestamp="2024-06-24T23:53:26Z" hostname="1f91a808f88c" tests="1" skipped="1" failures="0" errors="0" time="0.001">
    <testcase time="0.00100000000000122" classname="character(0)" name="ard_survival_survfit_diff_messaging">
      <skipped message="Reason: On CRAN ('test-ard_survival_survfit_diff.R:40:3')"/>
    </testcase>
  </testsuite>
  <testsuite name="proportion_ci" timestamp="2024-06-24T23:53:26Z" hostname="1f91a808f88c" tests="1" skipped="1" failures="0" errors="0" time="0.132">
    <testcase time="0.131999999999998" classname="character(0)" name="check_the_proportion_ci__functions_work">
      <skipped message="Reason: On CRAN ('test-proportion_ci.R:12:3')"/>
    </testcase>
  </testsuite>
  <testsuite name="proportion_ci" timestamp="2024-06-24T23:53:26Z" hostname="1f91a808f88c" tests="1" skipped="1" failures="0" errors="0" time="0.013">
    <testcase time="0.0130000000000017" classname="character(0)" name="check_the_proportion_ci_strat_wilson_function_works">
      <skipped message="Reason: On CRAN ('test-proportion_ci.R:138:3')"/>
    </testcase>
  </testsuite>
  <testsuite name="construction_helpers" timestamp="2024-06-24T23:53:26Z" hostname="1f91a808f88c" tests="1" skipped="1" failures="0" errors="0" time="0.283">
    <testcase time="0.283000000000001" classname="character(0)" name="construct_model_works">
      <skipped message="Reason: On CRAN ('test-construction_helpers.R:4:3')"/>
    </testcase>
  </testsuite>
  <testsuite name="construction_helpers" timestamp="2024-06-24T23:53:26Z" hostname="1f91a808f88c" tests="1" skipped="1" failures="0" errors="0" time="0.013">
    <testcase time="0.0129999999999981" classname="character(0)" name="construct_model_messaging">
      <skipped message="Reason: On CRAN ('test-construction_helpers.R:97:3')"/>
    </testcase>
  </testsuite>
</testsuites>
