<?xml version="1.0" encoding="UTF-8"?>
<testsuites>
  <testsuite name="delete_me" timestamp="2024-01-23T20:11:38Z" hostname="d19b56643298" tests="1" skipped="0" failures="0" errors="0" time="0.401">
    <testcase time="0.401" classname="character(0)" name="multiplication_works"/>
  </testsuite>
  <testsuite name="ard_proportion_ci" timestamp="2024-01-23T20:11:39Z" hostname="d19b56643298" tests="1" skipped="0" failures="0" errors="0" time="0.589">
    <testcase time="0.589" classname="character(0)" name="ard_proportion_ci_works"/>
  </testsuite>
  <testsuite name="ard_proportion_ci" timestamp="2024-01-23T20:11:39Z" hostname="d19b56643298" tests="1" skipped="1" failures="0" errors="0" time="0.018">
    <testcase time="0.018" classname="character(0)" name="ard_proportion_ci_method_strat_wilson_works">
      <skipped message="Reason: On CRAN ('test-ard_proportion_ci.R:36:3')"/>
    </testcase>
  </testsuite>
</testsuites>
