<?xml version="1.0" encoding="UTF-8"?>
<testsuites>
  <testsuite name="delete_me" timestamp="2024-01-23T22:25:31Z" hostname="26f32c87228c" tests="1" skipped="0" failures="0" errors="0" time="0.403">
    <testcase time="0.403" classname="character(0)" name="multiplication_works"/>
  </testsuite>
  <testsuite name="ard_proportion_ci" timestamp="2024-01-23T22:25:31Z" hostname="26f32c87228c" tests="1" skipped="0" failures="0" errors="0" time="0.529">
    <testcase time="0.529" classname="character(0)" name="ard_proportion_ci_works"/>
  </testsuite>
  <testsuite name="ard_proportion_ci" timestamp="2024-01-23T22:25:31Z" hostname="26f32c87228c" tests="1" skipped="1" failures="0" errors="0" time="0.017">
    <testcase time="0.0170000000000001" classname="character(0)" name="ard_proportion_ci_method_strat_wilson_works">
      <skipped message="Reason: On CRAN ('test-ard_proportion_ci.R:36:3')"/>
    </testcase>
  </testsuite>
</testsuites>
