<?xml version="1.0" encoding="UTF-8"?>
<testsuites>
  <testsuite name="ard_ttest" timestamp="2024-01-24T20:21:15Z" hostname="1ca310ae28fa" tests="3" skipped="1" failures="0" errors="0" time="1.025">
    <testcase time="1.003" classname="character(0)" name="ard_ttest_works"/>
    <testcase time="0.0139999999999998" classname="character(0)" name="ard_ttest_works"/>
    <testcase time="0.00800000000000001" classname="character(0)" name="ard_ttest_works">
      <skipped message="Reason: On CRAN ('test-ard_ttest.R:25:3')"/>
    </testcase>
  </testsuite>
  <testsuite name="ard_ttest" timestamp="2024-01-24T20:21:15Z" hostname="1ca310ae28fa" tests="3" skipped="1" failures="0" errors="0" time="0.024">
    <testcase time="0.0230000000000001" classname="character(0)" name="ard_paired_ttest_works"/>
    <testcase time="0" classname="character(0)" name="ard_paired_ttest_works"/>
    <testcase time="0.00099999999999989" classname="character(0)" name="ard_paired_ttest_works">
      <skipped message="Reason: On CRAN ('test-ard_ttest.R:70:3')"/>
    </testcase>
  </testsuite>
  <testsuite name="ard_proportion_ci" timestamp="2024-01-24T20:21:15Z" hostname="1ca310ae28fa" tests="1" skipped="0" failures="0" errors="0" time="0.104">
    <testcase time="0.104" classname="character(0)" name="ard_proportion_ci_works"/>
  </testsuite>
  <testsuite name="ard_proportion_ci" timestamp="2024-01-24T20:21:15Z" hostname="1ca310ae28fa" tests="2" skipped="1" failures="0" errors="0" time="0.003">
    <testcase time="0.00299999999999989" classname="character(0)" name="ard_proportion_ci_method_strat_wilson_works"/>
    <testcase time="0" classname="character(0)" name="ard_proportion_ci_method_strat_wilson_works">
      <skipped message="Reason: On CRAN ('test-ard_proportion_ci.R:50:3')"/>
    </testcase>
  </testsuite>
  <testsuite name="proportion_ci" timestamp="2024-01-24T20:21:15Z" hostname="1ca310ae28fa" tests="1" skipped="1" failures="0" errors="0" time="0.028">
    <testcase time="0.028" classname="character(0)" name="check_the_proportion_ci__functions_work">
      <skipped message="Reason: On CRAN ('test-proportion_ci.R:10:3')"/>
    </testcase>
  </testsuite>
  <testsuite name="proportion_ci" timestamp="2024-01-24T20:21:15Z" hostname="1ca310ae28fa" tests="1" skipped="1" failures="0" errors="0" time="0.012">
    <testcase time="0.012" classname="character(0)" name="check_the_proportion_ci_strat_wilson_function_works">
      <skipped message="Reason: On CRAN ('test-proportion_ci.R:136:3')"/>
    </testcase>
  </testsuite>
</testsuites>
