<?xml version="1.0" encoding="UTF-8"?>
<testsuites>
  <testsuite name="delete_me" timestamp="2024-01-24T00:54:35Z" hostname="44b9c52f9713" tests="1" skipped="0" failures="0" errors="0" time="0.394">
    <testcase time="0.394" classname="character(0)" name="multiplication_works"/>
  </testsuite>
  <testsuite name="proportion_ci" timestamp="2024-01-24T00:54:36Z" hostname="44b9c52f9713" tests="1" skipped="1" failures="0" errors="0" time="0.388">
    <testcase time="0.388" classname="character(0)" name="check_the_proportion_ci__functions_work">
      <skipped message="Reason: On CRAN ('test-proportion_ci.R:10:3')"/>
    </testcase>
  </testsuite>
  <testsuite name="proportion_ci" timestamp="2024-01-24T00:54:36Z" hostname="44b9c52f9713" tests="1" skipped="1" failures="0" errors="0" time="0.039">
    <testcase time="0.0389999999999999" classname="character(0)" name="check_the_proportion_ci_strat_wilson_function_works">
      <skipped message="Reason: On CRAN ('test-proportion_ci.R:136:3')"/>
    </testcase>
  </testsuite>
  <testsuite name="ard_proportion_ci" timestamp="2024-01-24T00:54:36Z" hostname="44b9c52f9713" tests="1" skipped="0" failures="0" errors="0" time="0.179">
    <testcase time="0.179" classname="character(0)" name="ard_proportion_ci_works"/>
  </testsuite>
  <testsuite name="ard_proportion_ci" timestamp="2024-01-24T00:54:36Z" hostname="44b9c52f9713" tests="2" skipped="1" failures="0" errors="0" time="0.002">
    <testcase time="0.002" classname="character(0)" name="ard_proportion_ci_method_strat_wilson_works"/>
    <testcase time="0" classname="character(0)" name="ard_proportion_ci_method_strat_wilson_works">
      <skipped message="Reason: On CRAN ('test-ard_proportion_ci.R:50:3')"/>
    </testcase>
  </testsuite>
</testsuites>
