<?xml version="1.0" encoding="UTF-8"?>
<testsuites>
  <testsuite name="ard_fishertest" timestamp="2024-02-09T18:38:26Z" hostname="47c5bd473fa6" tests="2" skipped="0" failures="0" errors="0" time="0.795">
    <testcase time="0.772" classname="character(0)" name="ard_fishertest_works"/>
    <testcase time="0.0230000000000001" classname="character(0)" name="ard_fishertest_works"/>
  </testsuite>
  <testsuite name="ard_ttest" timestamp="2024-02-09T18:38:27Z" hostname="47c5bd473fa6" tests="3" skipped="1" failures="0" errors="0" time="0.388">
    <testcase time="0.387" classname="character(0)" name="ard_ttest_works"/>
    <testcase time="0" classname="character(0)" name="ard_ttest_works"/>
    <testcase time="0.00099999999999989" classname="character(0)" name="ard_ttest_works">
      <skipped message="Reason: On CRAN ('test-ard_ttest.R:25:3')"/>
    </testcase>
  </testsuite>
  <testsuite name="ard_ttest" timestamp="2024-02-09T18:38:27Z" hostname="47c5bd473fa6" tests="3" skipped="1" failures="0" errors="0" time="0.03">
    <testcase time="0.028" classname="character(0)" name="ard_paired_ttest_works"/>
    <testcase time="0.00100000000000011" classname="character(0)" name="ard_paired_ttest_works"/>
    <testcase time="0.00099999999999989" classname="character(0)" name="ard_paired_ttest_works">
      <skipped message="Reason: On CRAN ('test-ard_ttest.R:70:3')"/>
    </testcase>
  </testsuite>
  <testsuite name="ard_wilcoxtest" timestamp="2024-02-09T18:38:27Z" hostname="47c5bd473fa6" tests="3" skipped="0" failures="0" errors="0" time="0.032">
    <testcase time="0.0309999999999999" classname="character(0)" name="ard_wilcoxtest_works"/>
    <testcase time="0.00100000000000011" classname="character(0)" name="ard_wilcoxtest_works"/>
    <testcase time="0" classname="character(0)" name="ard_wilcoxtest_works"/>
  </testsuite>
  <testsuite name="ard_wilcoxtest" timestamp="2024-02-09T18:38:27Z" hostname="47c5bd473fa6" tests="3" skipped="0" failures="0" errors="0" time="0.003">
    <testcase time="0.002" classname="character(0)" name="ard_paired_wilcoxtest_works"/>
    <testcase time="0" classname="character(0)" name="ard_paired_wilcoxtest_works"/>
    <testcase time="0.00099999999999989" classname="character(0)" name="ard_paired_wilcoxtest_works"/>
  </testsuite>
</testsuites>
