<?xml version="1.0" encoding="UTF-8"?>
<testsuites>
  <testsuite name="ard_fishertest" timestamp="2024-02-04T00:02:35Z" hostname="3c3e5d57536d" tests="2" skipped="0" failures="0" errors="0" time="0.752">
    <testcase time="0.738" classname="character(0)" name="ard_fishertest_works"/>
    <testcase time="0.014" classname="character(0)" name="ard_fishertest_works"/>
  </testsuite>
  <testsuite name="ard_ttest" timestamp="2024-02-04T00:02:36Z" hostname="3c3e5d57536d" tests="3" skipped="1" failures="0" errors="0" time="0.279">
    <testcase time="0.278" classname="character(0)" name="ard_ttest_works"/>
    <testcase time="0.00099999999999989" classname="character(0)" name="ard_ttest_works"/>
    <testcase time="0" classname="character(0)" name="ard_ttest_works">
      <skipped message="Reason: On CRAN ('test-ard_ttest.R:25:3')"/>
    </testcase>
  </testsuite>
  <testsuite name="ard_ttest" timestamp="2024-02-04T00:02:36Z" hostname="3c3e5d57536d" tests="3" skipped="1" failures="0" errors="0" time="0.029">
    <testcase time="0.028" classname="character(0)" name="ard_paired_ttest_works"/>
    <testcase time="0.00100000000000011" classname="character(0)" name="ard_paired_ttest_works"/>
    <testcase time="0" classname="character(0)" name="ard_paired_ttest_works">
      <skipped message="Reason: On CRAN ('test-ard_ttest.R:70:3')"/>
    </testcase>
  </testsuite>
</testsuites>
