<?xml version="1.0" encoding="UTF-8"?>
<testsuites>
  <testsuite name="ard_attributes.survey.design" timestamp="2025-03-03T16:07:44Z" hostname="2c8f26768b6c" tests="1" skipped="0" failures="0" errors="0" time="1.526">
    <testcase time="1.526" classname="character(0)" name="ard_attributes.survey.design_works"/>
  </testsuite>
  <testsuite name="ard_car_anova" timestamp="2025-03-03T16:07:45Z" hostname="2c8f26768b6c" tests="3" skipped="0" failures="0" errors="0" time="0.767">
    <testcase time="0.76" classname="character(0)" name="ard_car_anova_works"/>
    <testcase time="0.00099999999999989" classname="character(0)" name="ard_car_anova_works"/>
    <testcase time="0.00600000000000023" classname="character(0)" name="ard_car_anova_works"/>
  </testsuite>
  <testsuite name="ard_car_anova" timestamp="2025-03-03T16:07:45Z" hostname="2c8f26768b6c" tests="1" skipped="0" failures="0" errors="0" time="0.01">
    <testcase time="0.00999999999999979" classname="character(0)" name="ard_car_anova_messaging"/>
  </testsuite>
  <testsuite name="ard_car_anova" timestamp="2025-03-03T16:07:45Z" hostname="2c8f26768b6c" tests="1" skipped="0" failures="0" errors="0" time="0.002">
    <testcase time="0.00200000000000022" classname="character(0)" name="ard_car_anova_follows_ard_structure"/>
  </testsuite>
  <testsuite name="ard_car_vif" timestamp="2025-03-03T16:07:45Z" hostname="2c8f26768b6c" tests="2" skipped="0" failures="0" errors="0" time="0.4">
    <testcase time="0.4" classname="character(0)" name="ard_car_vif_works"/>
    <testcase time="0" classname="character(0)" name="ard_car_vif_works"/>
  </testsuite>
  <testsuite name="ard_car_vif" timestamp="2025-03-03T16:07:45Z" hostname="2c8f26768b6c" tests="1" skipped="0" failures="0" errors="0" time="0.002">
    <testcase time="0.00200000000000022" classname="character(0)" name="ard_car_vif_appropriate_errors_are_given_for_model_with_only_1_term"/>
  </testsuite>
  <testsuite name="ard_car_vif" timestamp="2025-03-03T16:07:45Z" hostname="2c8f26768b6c" tests="1" skipped="0" failures="0" errors="0" time="0.001">
    <testcase time="0.00099999999999989" classname="character(0)" name="ard_vif_issues_friendly_messaging_for_incorrect_object_passed_in_can_t_get_terms_of_model"/>
  </testsuite>
  <testsuite name="ard_car_vif" timestamp="2025-03-03T16:07:45Z" hostname="2c8f26768b6c" tests="1" skipped="0" failures="0" errors="0" time="0.001">
    <testcase time="0.00099999999999989" classname="character(0)" name="ard_car_vif_follows_ard_structure"/>
  </testsuite>
  <testsuite name="ard_aod_wald_test" timestamp="2025-03-03T16:07:46Z" hostname="2c8f26768b6c" tests="4" skipped="0" failures="0" errors="0" time="0.276">
    <testcase time="0.274" classname="character(0)" name="ard_aod_wald_test_works"/>
    <testcase time="0.00099999999999989" classname="character(0)" name="ard_aod_wald_test_works"/>
    <testcase time="0" classname="character(0)" name="ard_aod_wald_test_works"/>
    <testcase time="0.00100000000000033" classname="character(0)" name="ard_aod_wald_test_works"/>
  </testsuite>
  <testsuite name="ard_aod_wald_test" timestamp="2025-03-03T16:07:46Z" hostname="2c8f26768b6c" tests="1" skipped="0" failures="0" errors="0" time="0.003">
    <testcase time="0.00299999999999967" classname="character(0)" name="ard_aod_wald_test_follows_ard_structure"/>
  </testsuite>
  <testsuite name="ard_categorical_ci.data.frame" timestamp="2025-03-03T16:07:49Z" hostname="2c8f26768b6c" tests="1" skipped="0" failures="0" errors="0" time="3.667">
    <testcase time="3.667" classname="character(0)" name="ard_categorical_ci.data.frame_method_wald_"/>
  </testsuite>
  <testsuite name="ard_categorical_ci.data.frame" timestamp="2025-03-03T16:07:49Z" hostname="2c8f26768b6c" tests="1" skipped="0" failures="0" errors="0" time="0.002">
    <testcase time="0.00199999999999978" classname="character(0)" name="ard_categorical_ci.data.frame_method_waldcc_"/>
  </testsuite>
  <testsuite name="ard_categorical_ci.data.frame" timestamp="2025-03-03T16:07:49Z" hostname="2c8f26768b6c" tests="1" skipped="0" failures="0" errors="0" time="0.002">
    <testcase time="0.00199999999999978" classname="character(0)" name="ard_categorical_ci.data.frame_method_clopper_pearson_"/>
  </testsuite>
  <testsuite name="ard_categorical_ci.data.frame" timestamp="2025-03-03T16:07:49Z" hostname="2c8f26768b6c" tests="1" skipped="0" failures="0" errors="0" time="0.002">
    <testcase time="0.00200000000000067" classname="character(0)" name="ard_categorical_ci.data.frame_method_wilson_"/>
  </testsuite>
  <testsuite name="ard_categorical_ci.data.frame" timestamp="2025-03-03T16:07:49Z" hostname="2c8f26768b6c" tests="1" skipped="0" failures="0" errors="0" time="0.003">
    <testcase time="0.00300000000000011" classname="character(0)" name="ard_categorical_ci.data.frame_method_wilsoncc_"/>
  </testsuite>
  <testsuite name="ard_categorical_ci.data.frame" timestamp="2025-03-03T16:07:49Z" hostname="2c8f26768b6c" tests="3" skipped="0" failures="0" errors="0" time="0.003">
    <testcase time="0.00199999999999978" classname="character(0)" name="ard_categorical_ci.data.frame_method_strat_wilson_"/>
    <testcase time="0.000999999999999446" classname="character(0)" name="ard_categorical_ci.data.frame_method_strat_wilson_"/>
    <testcase time="0" classname="character(0)" name="ard_categorical_ci.data.frame_method_strat_wilson_"/>
  </testsuite>
  <testsuite name="ard_categorical_ci.data.frame" timestamp="2025-03-03T16:07:49Z" hostname="2c8f26768b6c" tests="1" skipped="0" failures="0" errors="0" time="0.001">
    <testcase time="0.00100000000000033" classname="character(0)" name="ard_categorical_ci.data.frame_method_strat_wilsoncc_"/>
  </testsuite>
  <testsuite name="ard_categorical_ci.data.frame" timestamp="2025-03-03T16:07:49Z" hostname="2c8f26768b6c" tests="1" skipped="0" failures="0" errors="0" time="0.001">
    <testcase time="0.000999999999999446" classname="character(0)" name="ard_categorical_ci.data.frame_method_jeffreys_"/>
  </testsuite>
  <testsuite name="ard_categorical_ci.data.frame" timestamp="2025-03-03T16:07:49Z" hostname="2c8f26768b6c" tests="1" skipped="0" failures="0" errors="0" time="0.002">
    <testcase time="0.00200000000000067" classname="character(0)" name="ard_categorical_ci.data.frame_method_agresti_coull_"/>
  </testsuite>
  <testsuite name="ard_categorical_ci.data.frame" timestamp="2025-03-03T16:07:49Z" hostname="2c8f26768b6c" tests="1" skipped="0" failures="0" errors="0" time="0.001">
    <testcase time="0.000999999999999446" classname="character(0)" name="ard_continuous_ci.data.frame_follows_ard_structure"/>
  </testsuite>
  <testsuite name="ard_categorical_ci.data.frame" timestamp="2025-03-03T16:07:49Z" hostname="2c8f26768b6c" tests="6" skipped="0" failures="0" errors="0" time="0.004">
    <testcase time="0.00100000000000033" classname="character(0)" name="ard_continuous_ci.data.frame_denominator_row_"/>
    <testcase time="0.000999999999999446" classname="character(0)" name="ard_continuous_ci.data.frame_denominator_row_"/>
    <testcase time="0" classname="character(0)" name="ard_continuous_ci.data.frame_denominator_row_"/>
    <testcase time="0.00100000000000033" classname="character(0)" name="ard_continuous_ci.data.frame_denominator_row_"/>
    <testcase time="0" classname="character(0)" name="ard_continuous_ci.data.frame_denominator_row_"/>
    <testcase time="0.00100000000000033" classname="character(0)" name="ard_continuous_ci.data.frame_denominator_row_"/>
  </testsuite>
  <testsuite name="ard_categorical_ci.data.frame" timestamp="2025-03-03T16:07:49Z" hostname="2c8f26768b6c" tests="6" skipped="0" failures="0" errors="0" time="0.003">
    <testcase time="0.000999999999999446" classname="character(0)" name="ard_continuous_ci.data.frame_denominator_cell_"/>
    <testcase time="0" classname="character(0)" name="ard_continuous_ci.data.frame_denominator_cell_"/>
    <testcase time="0.00100000000000033" classname="character(0)" name="ard_continuous_ci.data.frame_denominator_cell_"/>
    <testcase time="0" classname="character(0)" name="ard_continuous_ci.data.frame_denominator_cell_"/>
    <testcase time="0.00100000000000033" classname="character(0)" name="ard_continuous_ci.data.frame_denominator_cell_"/>
    <testcase time="0" classname="character(0)" name="ard_continuous_ci.data.frame_denominator_cell_"/>
  </testsuite>
  <testsuite name="ard_categorical_ci.data.frame" timestamp="2025-03-03T16:07:49Z" hostname="2c8f26768b6c" tests="2" skipped="0" failures="0" errors="0" time="0.002">
    <testcase time="0.00199999999999978" classname="character(0)" name="ard_continuous_ci.data.frame_denominator_column_with_all_NA_column"/>
    <testcase time="0" classname="character(0)" name="ard_continuous_ci.data.frame_denominator_column_with_all_NA_column"/>
  </testsuite>
  <testsuite name="ard_categorical_ci.data.frame" timestamp="2025-03-03T16:07:49Z" hostname="2c8f26768b6c" tests="2" skipped="0" failures="0" errors="0" time="0.002">
    <testcase time="0.00199999999999978" classname="character(0)" name="ard_continuous_ci.data.frame_denominator_row_with_all_NA_column"/>
    <testcase time="0" classname="character(0)" name="ard_continuous_ci.data.frame_denominator_row_with_all_NA_column"/>
  </testsuite>
  <testsuite name="ard_categorical_ci.data.frame" timestamp="2025-03-03T16:07:49Z" hostname="2c8f26768b6c" tests="2" skipped="0" failures="0" errors="0" time="0.002">
    <testcase time="0.00100000000000033" classname="character(0)" name="ard_continuous_ci.data.frame_denominator_cell_with_all_NA_column"/>
    <testcase time="0.000999999999999446" classname="character(0)" name="ard_continuous_ci.data.frame_denominator_cell_with_all_NA_column"/>
  </testsuite>
  <testsuite name="ard_categorical_ci.data.frame" timestamp="2025-03-03T16:07:49Z" hostname="2c8f26768b6c" tests="3" skipped="0" failures="0" errors="0" time="0.002">
    <testcase time="0.00100000000000033" classname="character(0)" name="ard_continuous_ci.data.frame_NA_handling"/>
    <testcase time="0.00100000000000033" classname="character(0)" name="ard_continuous_ci.data.frame_NA_handling"/>
    <testcase time="0" classname="character(0)" name="ard_continuous_ci.data.frame_NA_handling"/>
  </testsuite>
  <testsuite name="ard_categorical_ci.survey.design" timestamp="2025-03-03T16:07:51Z" hostname="2c8f26768b6c" tests="1" skipped="0" failures="0" errors="0" time="1.979">
    <testcase time="1.979" classname="character(0)" name="ard_categorical_ci_data_"/>
  </testsuite>
  <testsuite name="ard_categorical_ci.survey.design" timestamp="2025-03-03T16:07:51Z" hostname="2c8f26768b6c" tests="5" skipped="0" failures="0" errors="0" time="0.006">
    <testcase time="0.00199999999999889" classname="character(0)" name="ard_categorical_ci_variables_"/>
    <testcase time="0.00100000000000122" classname="character(0)" name="ard_categorical_ci_variables_"/>
    <testcase time="0.000999999999999446" classname="character(0)" name="ard_categorical_ci_variables_"/>
    <testcase time="0.000999999999999446" classname="character(0)" name="ard_categorical_ci_variables_"/>
    <testcase time="0.00100000000000122" classname="character(0)" name="ard_categorical_ci_variables_"/>
  </testsuite>
  <testsuite name="ard_categorical_ci.survey.design" timestamp="2025-03-03T16:07:51Z" hostname="2c8f26768b6c" tests="4" skipped="0" failures="0" errors="0" time="0.005">
    <testcase time="0.00199999999999889" classname="character(0)" name="ard_categorical_ci_by_"/>
    <testcase time="0.00100000000000122" classname="character(0)" name="ard_categorical_ci_by_"/>
    <testcase time="0.000999999999999446" classname="character(0)" name="ard_categorical_ci_by_"/>
    <testcase time="0.000999999999999446" classname="character(0)" name="ard_categorical_ci_by_"/>
  </testsuite>
  <testsuite name="ard_categorical_ci.survey.design" timestamp="2025-03-03T16:07:51Z" hostname="2c8f26768b6c" tests="2" skipped="0" failures="0" errors="0" time="0.003">
    <testcase time="0.00200000000000067" classname="character(0)" name="ard_categorical_ci_conf.level_"/>
    <testcase time="0.000999999999999446" classname="character(0)" name="ard_categorical_ci_conf.level_"/>
  </testsuite>
  <testsuite name="ard_categorical_ci.survey.design" timestamp="2025-03-03T16:07:51Z" hostname="2c8f26768b6c" tests="3" skipped="0" failures="0" errors="0" time="0.003">
    <testcase time="0.00200000000000067" classname="character(0)" name="ard_categorical_ci_method_"/>
    <testcase time="0.000999999999999446" classname="character(0)" name="ard_categorical_ci_method_"/>
    <testcase time="0" classname="character(0)" name="ard_categorical_ci_method_"/>
  </testsuite>
  <testsuite name="ard_categorical_ci.survey.design" timestamp="2025-03-03T16:07:51Z" hostname="2c8f26768b6c" tests="2" skipped="0" failures="0" errors="0" time="0.002">
    <testcase time="0.00200000000000067" classname="character(0)" name="ard_categorical_ci_value_"/>
    <testcase time="0" classname="character(0)" name="ard_categorical_ci_value_"/>
  </testsuite>
  <testsuite name="ard_categorical_ci.survey.design" timestamp="2025-03-03T16:07:51Z" hostname="2c8f26768b6c" tests="1" skipped="0" failures="0" errors="0" time="0.001">
    <testcase time="0.000999999999999446" classname="character(0)" name="ard_categorical_ci.survey.design_follows_ard_structure"/>
  </testsuite>
  <testsuite name="ard_categorical_max" timestamp="2025-03-03T16:07:54Z" hostname="2c8f26768b6c" tests="8" skipped="0" failures="0" errors="0" time="3.018">
    <testcase time="3.014" classname="character(0)" name="ard_categorical_max_works_with_default_settings"/>
    <testcase time="0.00100000000000122" classname="character(0)" name="ard_categorical_max_works_with_default_settings"/>
    <testcase time="0" classname="character(0)" name="ard_categorical_max_works_with_default_settings"/>
    <testcase time="0.000999999999999446" classname="character(0)" name="ard_categorical_max_works_with_default_settings"/>
    <testcase time="0" classname="character(0)" name="ard_categorical_max_works_with_default_settings"/>
    <testcase time="0.000999999999999446" classname="character(0)" name="ard_categorical_max_works_with_default_settings"/>
    <testcase time="0" classname="character(0)" name="ard_categorical_max_works_with_default_settings"/>
    <testcase time="0.00100000000000122" classname="character(0)" name="ard_categorical_max_works_with_default_settings"/>
  </testsuite>
  <testsuite name="ard_categorical_max" timestamp="2025-03-03T16:07:54Z" hostname="2c8f26768b6c" tests="1" skipped="0" failures="0" errors="0" time="0.001">
    <testcase time="0.000999999999999446" classname="character(0)" name="ard_categorical_max_statistic_works"/>
  </testsuite>
  <testsuite name="ard_categorical_max" timestamp="2025-03-03T16:07:54Z" hostname="2c8f26768b6c" tests="2" skipped="0" failures="0" errors="0" time="0.002">
    <testcase time="0.00200000000000067" classname="character(0)" name="ard_categorical_max_denominator_works"/>
    <testcase time="0" classname="character(0)" name="ard_categorical_max_denominator_works"/>
  </testsuite>
  <testsuite name="ard_categorical_max" timestamp="2025-03-03T16:07:54Z" hostname="2c8f26768b6c" tests="1" skipped="0" failures="0" errors="0" time="0.002">
    <testcase time="0.00199999999999889" classname="character(0)" name="ard_categorical_max_quiet_works"/>
  </testsuite>
  <testsuite name="ard_categorical_max" timestamp="2025-03-03T16:07:54Z" hostname="2c8f26768b6c" tests="13" skipped="0" failures="0" errors="0" time="0.007">
    <testcase time="0.000999999999999446" classname="character(0)" name="ard_categorical_max_works_with_pre_ordered_factor_variables"/>
    <testcase time="0" classname="character(0)" name="ard_categorical_max_works_with_pre_ordered_factor_variables"/>
    <testcase time="0.00100000000000122" classname="character(0)" name="ard_categorical_max_works_with_pre_ordered_factor_variables"/>
    <testcase time="0" classname="character(0)" name="ard_categorical_max_works_with_pre_ordered_factor_variables"/>
    <testcase time="0.000999999999999446" classname="character(0)" name="ard_categorical_max_works_with_pre_ordered_factor_variables"/>
    <testcase time="0" classname="character(0)" name="ard_categorical_max_works_with_pre_ordered_factor_variables"/>
    <testcase time="0.000999999999999446" classname="character(0)" name="ard_categorical_max_works_with_pre_ordered_factor_variables"/>
    <testcase time="0" classname="character(0)" name="ard_categorical_max_works_with_pre_ordered_factor_variables"/>
    <testcase time="0.00100000000000122" classname="character(0)" name="ard_categorical_max_works_with_pre_ordered_factor_variables"/>
    <testcase time="0" classname="character(0)" name="ard_categorical_max_works_with_pre_ordered_factor_variables"/>
    <testcase time="0.000999999999999446" classname="character(0)" name="ard_categorical_max_works_with_pre_ordered_factor_variables"/>
    <testcase time="0" classname="character(0)" name="ard_categorical_max_works_with_pre_ordered_factor_variables"/>
    <testcase time="0.000999999999999446" classname="character(0)" name="ard_categorical_max_works_with_pre_ordered_factor_variables"/>
  </testsuite>
  <testsuite name="ard_categorical_max" timestamp="2025-03-03T16:07:54Z" hostname="2c8f26768b6c" tests="2" skipped="0" failures="0" errors="0" time="0.002">
    <testcase time="0.00100000000000122" classname="character(0)" name="ard_categorical_max_errors_with_incomplete_factor_columns"/>
    <testcase time="0.000999999999999446" classname="character(0)" name="ard_categorical_max_errors_with_incomplete_factor_columns"/>
  </testsuite>
  <testsuite name="ard_categorical_max" timestamp="2025-03-03T16:07:54Z" hostname="2c8f26768b6c" tests="1" skipped="0" failures="0" errors="0" time="0.001">
    <testcase time="0.000999999999999446" classname="character(0)" name="ard_categorical_max_works_without_any_variables"/>
  </testsuite>
  <testsuite name="ard_categorical_max" timestamp="2025-03-03T16:07:54Z" hostname="2c8f26768b6c" tests="1" skipped="0" failures="0" errors="0" time="0.002">
    <testcase time="0.00200000000000067" classname="character(0)" name="ard_categorical_max_follows_ard_structure"/>
  </testsuite>
  <testsuite name="ard_categorical.survey.design" timestamp="2025-03-03T16:08:08Z" hostname="2c8f26768b6c" tests="54" skipped="0" failures="0" errors="0" time="13.584">
    <testcase time="13.552" classname="character(0)" name="ard_categorical.survey.design_works"/>
    <testcase time="0" classname="character(0)" name="ard_categorical.survey.design_works"/>
    <testcase time="0.00100000000000122" classname="character(0)" name="ard_categorical.survey.design_works"/>
    <testcase time="0" classname="character(0)" name="ard_categorical.survey.design_works"/>
    <testcase time="0.000999999999997669" classname="character(0)" name="ard_categorical.survey.design_works"/>
    <testcase time="0" classname="character(0)" name="ard_categorical.survey.design_works"/>
    <testcase time="0.00100000000000122" classname="character(0)" name="ard_categorical.survey.design_works"/>
    <testcase time="0" classname="character(0)" name="ard_categorical.survey.design_works"/>
    <testcase time="0.00100000000000122" classname="character(0)" name="ard_categorical.survey.design_works"/>
    <testcase time="0" classname="character(0)" name="ard_categorical.survey.design_works"/>
    <testcase time="0.000999999999997669" classname="character(0)" name="ard_categorical.survey.design_works"/>
    <testcase time="0" classname="character(0)" name="ard_categorical.survey.design_works"/>
    <testcase time="0.00100000000000122" classname="character(0)" name="ard_categorical.survey.design_works"/>
    <testcase time="0" classname="character(0)" name="ard_categorical.survey.design_works"/>
    <testcase time="0.00100000000000122" classname="character(0)" name="ard_categorical.survey.design_works"/>
    <testcase time="0.000999999999997669" classname="character(0)" name="ard_categorical.survey.design_works"/>
    <testcase time="0" classname="character(0)" name="ard_categorical.survey.design_works"/>
    <testcase time="0.00100000000000122" classname="character(0)" name="ard_categorical.survey.design_works"/>
    <testcase time="0" classname="character(0)" name="ard_categorical.survey.design_works"/>
    <testcase time="0.00100000000000122" classname="character(0)" name="ard_categorical.survey.design_works"/>
    <testcase time="0" classname="character(0)" name="ard_categorical.survey.design_works"/>
    <testcase time="0.000999999999997669" classname="character(0)" name="ard_categorical.survey.design_works"/>
    <testcase time="0" classname="character(0)" name="ard_categorical.survey.design_works"/>
    <testcase time="0.00100000000000122" classname="character(0)" name="ard_categorical.survey.design_works"/>
    <testcase time="0" classname="character(0)" name="ard_categorical.survey.design_works"/>
    <testcase time="0.00100000000000122" classname="character(0)" name="ard_categorical.survey.design_works"/>
    <testcase time="0" classname="character(0)" name="ard_categorical.survey.design_works"/>
    <testcase time="0.000999999999997669" classname="character(0)" name="ard_categorical.survey.design_works"/>
    <testcase time="0" classname="character(0)" name="ard_categorical.survey.design_works"/>
    <testcase time="0.00100000000000122" classname="character(0)" name="ard_categorical.survey.design_works"/>
    <testcase time="0.00100000000000122" classname="character(0)" name="ard_categorical.survey.design_works"/>
    <testcase time="0" classname="character(0)" name="ard_categorical.survey.design_works"/>
    <testcase time="0.000999999999997669" classname="character(0)" name="ard_categorical.survey.design_works"/>
    <testcase time="0" classname="character(0)" name="ard_categorical.survey.design_works"/>
    <testcase time="0.00100000000000122" classname="character(0)" name="ard_categorical.survey.design_works"/>
    <testcase time="0" classname="character(0)" name="ard_categorical.survey.design_works"/>
    <testcase time="0.00100000000000122" classname="character(0)" name="ard_categorical.survey.design_works"/>
    <testcase time="0.000999999999997669" classname="character(0)" name="ard_categorical.survey.design_works"/>
    <testcase time="0" classname="character(0)" name="ard_categorical.survey.design_works"/>
    <testcase time="0.00100000000000122" classname="character(0)" name="ard_categorical.survey.design_works"/>
    <testcase time="0" classname="character(0)" name="ard_categorical.survey.design_works"/>
    <testcase time="0.00100000000000122" classname="character(0)" name="ard_categorical.survey.design_works"/>
    <testcase time="0.000999999999997669" classname="character(0)" name="ard_categorical.survey.design_works"/>
    <testcase time="0" classname="character(0)" name="ard_categorical.survey.design_works"/>
    <testcase time="0.00100000000000122" classname="character(0)" name="ard_categorical.survey.design_works"/>
    <testcase time="0" classname="character(0)" name="ard_categorical.survey.design_works"/>
    <testcase time="0.00100000000000122" classname="character(0)" name="ard_categorical.survey.design_works"/>
    <testcase time="0.000999999999997669" classname="character(0)" name="ard_categorical.survey.design_works"/>
    <testcase time="0.00300000000000011" classname="character(0)" name="ard_categorical.survey.design_works"/>
    <testcase time="0" classname="character(0)" name="ard_categorical.survey.design_works"/>
    <testcase time="0.00100000000000122" classname="character(0)" name="ard_categorical.survey.design_works"/>
    <testcase time="0.000999999999997669" classname="character(0)" name="ard_categorical.survey.design_works"/>
    <testcase time="0" classname="character(0)" name="ard_categorical.survey.design_works"/>
    <testcase time="0.00100000000000122" classname="character(0)" name="ard_categorical.survey.design_works"/>
  </testsuite>
  <testsuite name="ard_categorical.survey.design" timestamp="2025-03-03T16:08:08Z" hostname="2c8f26768b6c" tests="3" skipped="0" failures="0" errors="0" time="0.003">
    <testcase time="0.00199999999999889" classname="character(0)" name="ard_categorical.survey.design_returns_an_error_when_variables_have_all_NAs"/>
    <testcase time="0" classname="character(0)" name="ard_categorical.survey.design_returns_an_error_when_variables_have_all_NAs"/>
    <testcase time="0.00100000000000122" classname="character(0)" name="ard_categorical.survey.design_returns_an_error_when_variables_have_all_NAs"/>
  </testsuite>
  <testsuite name="ard_categorical.survey.design" timestamp="2025-03-03T16:08:08Z" hostname="2c8f26768b6c" tests="39" skipped="0" failures="0" errors="0" time="0.021">
    <testcase time="0.00100000000000122" classname="character(0)" name="ard_categorical.survey.design_works_for_unobserved_factor_levels"/>
    <testcase time="0.000999999999997669" classname="character(0)" name="ard_categorical.survey.design_works_for_unobserved_factor_levels"/>
    <testcase time="0" classname="character(0)" name="ard_categorical.survey.design_works_for_unobserved_factor_levels"/>
    <testcase time="0.00100000000000122" classname="character(0)" name="ard_categorical.survey.design_works_for_unobserved_factor_levels"/>
    <testcase time="0" classname="character(0)" name="ard_categorical.survey.design_works_for_unobserved_factor_levels"/>
    <testcase time="0.00100000000000122" classname="character(0)" name="ard_categorical.survey.design_works_for_unobserved_factor_levels"/>
    <testcase time="0" classname="character(0)" name="ard_categorical.survey.design_works_for_unobserved_factor_levels"/>
    <testcase time="0.000999999999997669" classname="character(0)" name="ard_categorical.survey.design_works_for_unobserved_factor_levels"/>
    <testcase time="0" classname="character(0)" name="ard_categorical.survey.design_works_for_unobserved_factor_levels"/>
    <testcase time="0.00100000000000122" classname="character(0)" name="ard_categorical.survey.design_works_for_unobserved_factor_levels"/>
    <testcase time="0" classname="character(0)" name="ard_categorical.survey.design_works_for_unobserved_factor_levels"/>
    <testcase time="0.00100000000000122" classname="character(0)" name="ard_categorical.survey.design_works_for_unobserved_factor_levels"/>
    <testcase time="0" classname="character(0)" name="ard_categorical.survey.design_works_for_unobserved_factor_levels"/>
    <testcase time="0.000999999999997669" classname="character(0)" name="ard_categorical.survey.design_works_for_unobserved_factor_levels"/>
    <testcase time="0" classname="character(0)" name="ard_categorical.survey.design_works_for_unobserved_factor_levels"/>
    <testcase time="0.00100000000000122" classname="character(0)" name="ard_categorical.survey.design_works_for_unobserved_factor_levels"/>
    <testcase time="0" classname="character(0)" name="ard_categorical.survey.design_works_for_unobserved_factor_levels"/>
    <testcase time="0.00100000000000122" classname="character(0)" name="ard_categorical.survey.design_works_for_unobserved_factor_levels"/>
    <testcase time="0" classname="character(0)" name="ard_categorical.survey.design_works_for_unobserved_factor_levels"/>
    <testcase time="0.000999999999997669" classname="character(0)" name="ard_categorical.survey.design_works_for_unobserved_factor_levels"/>
    <testcase time="0" classname="character(0)" name="ard_categorical.survey.design_works_for_unobserved_factor_levels"/>
    <testcase time="0.00100000000000122" classname="character(0)" name="ard_categorical.survey.design_works_for_unobserved_factor_levels"/>
    <testcase time="0" classname="character(0)" name="ard_categorical.survey.design_works_for_unobserved_factor_levels"/>
    <testcase time="0.00100000000000122" classname="character(0)" name="ard_categorical.survey.design_works_for_unobserved_factor_levels"/>
    <testcase time="0" classname="character(0)" name="ard_categorical.survey.design_works_for_unobserved_factor_levels"/>
    <testcase time="0.000999999999997669" classname="character(0)" name="ard_categorical.survey.design_works_for_unobserved_factor_levels"/>
    <testcase time="0" classname="character(0)" name="ard_categorical.survey.design_works_for_unobserved_factor_levels"/>
    <testcase time="0.00100000000000122" classname="character(0)" name="ard_categorical.survey.design_works_for_unobserved_factor_levels"/>
    <testcase time="0.00100000000000122" classname="character(0)" name="ard_categorical.survey.design_works_for_unobserved_factor_levels"/>
    <testcase time="0" classname="character(0)" name="ard_categorical.survey.design_works_for_unobserved_factor_levels"/>
    <testcase time="0.000999999999997669" classname="character(0)" name="ard_categorical.survey.design_works_for_unobserved_factor_levels"/>
    <testcase time="0" classname="character(0)" name="ard_categorical.survey.design_works_for_unobserved_factor_levels"/>
    <testcase time="0.00100000000000122" classname="character(0)" name="ard_categorical.survey.design_works_for_unobserved_factor_levels"/>
    <testcase time="0.00100000000000122" classname="character(0)" name="ard_categorical.survey.design_works_for_unobserved_factor_levels"/>
    <testcase time="0" classname="character(0)" name="ard_categorical.survey.design_works_for_unobserved_factor_levels"/>
    <testcase time="0.000999999999997669" classname="character(0)" name="ard_categorical.survey.design_works_for_unobserved_factor_levels"/>
    <testcase time="0" classname="character(0)" name="ard_categorical.survey.design_works_for_unobserved_factor_levels"/>
    <testcase time="0.00100000000000122" classname="character(0)" name="ard_categorical.survey.design_works_for_unobserved_factor_levels"/>
    <testcase time="0" classname="character(0)" name="ard_categorical.survey.design_works_for_unobserved_factor_levels"/>
  </testsuite>
  <testsuite name="ard_categorical.survey.design" timestamp="2025-03-03T16:08:08Z" hostname="2c8f26768b6c" tests="39" skipped="0" failures="0" errors="0" time="0.02">
    <testcase time="0.000999999999997669" classname="character(0)" name="ard_categorical.survey.design_works_for_unobserved_logical_levels"/>
    <testcase time="0.00100000000000122" classname="character(0)" name="ard_categorical.survey.design_works_for_unobserved_logical_levels"/>
    <testcase time="0" classname="character(0)" name="ard_categorical.survey.design_works_for_unobserved_logical_levels"/>
    <testcase time="0.00100000000000122" classname="character(0)" name="ard_categorical.survey.design_works_for_unobserved_logical_levels"/>
    <testcase time="0" classname="character(0)" name="ard_categorical.survey.design_works_for_unobserved_logical_levels"/>
    <testcase time="0.000999999999997669" classname="character(0)" name="ard_categorical.survey.design_works_for_unobserved_logical_levels"/>
    <testcase time="0" classname="character(0)" name="ard_categorical.survey.design_works_for_unobserved_logical_levels"/>
    <testcase time="0.00100000000000122" classname="character(0)" name="ard_categorical.survey.design_works_for_unobserved_logical_levels"/>
    <testcase time="0" classname="character(0)" name="ard_categorical.survey.design_works_for_unobserved_logical_levels"/>
    <testcase time="0.000999999999997669" classname="character(0)" name="ard_categorical.survey.design_works_for_unobserved_logical_levels"/>
    <testcase time="0" classname="character(0)" name="ard_categorical.survey.design_works_for_unobserved_logical_levels"/>
    <testcase time="0.00100000000000122" classname="character(0)" name="ard_categorical.survey.design_works_for_unobserved_logical_levels"/>
    <testcase time="0" classname="character(0)" name="ard_categorical.survey.design_works_for_unobserved_logical_levels"/>
    <testcase time="0" classname="character(0)" name="ard_categorical.survey.design_works_for_unobserved_logical_levels"/>
    <testcase time="0" classname="character(0)" name="ard_categorical.survey.design_works_for_unobserved_logical_levels"/>
    <testcase time="0.000999999999997669" classname="character(0)" name="ard_categorical.survey.design_works_for_unobserved_logical_levels"/>
    <testcase time="0" classname="character(0)" name="ard_categorical.survey.design_works_for_unobserved_logical_levels"/>
    <testcase time="0.00100000000000122" classname="character(0)" name="ard_categorical.survey.design_works_for_unobserved_logical_levels"/>
    <testcase time="0" classname="character(0)" name="ard_categorical.survey.design_works_for_unobserved_logical_levels"/>
    <testcase time="0.00100000000000122" classname="character(0)" name="ard_categorical.survey.design_works_for_unobserved_logical_levels"/>
    <testcase time="0" classname="character(0)" name="ard_categorical.survey.design_works_for_unobserved_logical_levels"/>
    <testcase time="0.000999999999997669" classname="character(0)" name="ard_categorical.survey.design_works_for_unobserved_logical_levels"/>
    <testcase time="0" classname="character(0)" name="ard_categorical.survey.design_works_for_unobserved_logical_levels"/>
    <testcase time="0.00100000000000122" classname="character(0)" name="ard_categorical.survey.design_works_for_unobserved_logical_levels"/>
    <testcase time="0" classname="character(0)" name="ard_categorical.survey.design_works_for_unobserved_logical_levels"/>
    <testcase time="0.00100000000000122" classname="character(0)" name="ard_categorical.survey.design_works_for_unobserved_logical_levels"/>
    <testcase time="0" classname="character(0)" name="ard_categorical.survey.design_works_for_unobserved_logical_levels"/>
    <testcase time="0.000999999999997669" classname="character(0)" name="ard_categorical.survey.design_works_for_unobserved_logical_levels"/>
    <testcase time="0" classname="character(0)" name="ard_categorical.survey.design_works_for_unobserved_logical_levels"/>
    <testcase time="0.00100000000000122" classname="character(0)" name="ard_categorical.survey.design_works_for_unobserved_logical_levels"/>
    <testcase time="0.00100000000000122" classname="character(0)" name="ard_categorical.survey.design_works_for_unobserved_logical_levels"/>
    <testcase time="0" classname="character(0)" name="ard_categorical.survey.design_works_for_unobserved_logical_levels"/>
    <testcase time="0.000999999999997669" classname="character(0)" name="ard_categorical.survey.design_works_for_unobserved_logical_levels"/>
    <testcase time="0" classname="character(0)" name="ard_categorical.survey.design_works_for_unobserved_logical_levels"/>
    <testcase time="0.00100000000000122" classname="character(0)" name="ard_categorical.survey.design_works_for_unobserved_logical_levels"/>
    <testcase time="0" classname="character(0)" name="ard_categorical.survey.design_works_for_unobserved_logical_levels"/>
    <testcase time="0.00100000000000122" classname="character(0)" name="ard_categorical.survey.design_works_for_unobserved_logical_levels"/>
    <testcase time="0.000999999999997669" classname="character(0)" name="ard_categorical.survey.design_works_for_unobserved_logical_levels"/>
    <testcase time="0" classname="character(0)" name="ard_categorical.survey.design_works_for_unobserved_logical_levels"/>
  </testsuite>
  <testsuite name="ard_categorical.survey.design" timestamp="2025-03-03T16:08:08Z" hostname="2c8f26768b6c" tests="18" skipped="0" failures="0" errors="0" time="0.013">
    <testcase time="0.00200000000000244" classname="character(0)" name="ard_categorical.survey.design_works_with_variables_with_only_1_level"/>
    <testcase time="0.000999999999997669" classname="character(0)" name="ard_categorical.survey.design_works_with_variables_with_only_1_level"/>
    <testcase time="0" classname="character(0)" name="ard_categorical.survey.design_works_with_variables_with_only_1_level"/>
    <testcase time="0" classname="character(0)" name="ard_categorical.survey.design_works_with_variables_with_only_1_level"/>
    <testcase time="0.00100000000000122" classname="character(0)" name="ard_categorical.survey.design_works_with_variables_with_only_1_level"/>
    <testcase time="0" classname="character(0)" name="ard_categorical.survey.design_works_with_variables_with_only_1_level"/>
    <testcase time="0.00100000000000122" classname="character(0)" name="ard_categorical.survey.design_works_with_variables_with_only_1_level"/>
    <testcase time="0" classname="character(0)" name="ard_categorical.survey.design_works_with_variables_with_only_1_level"/>
    <testcase time="0.000999999999997669" classname="character(0)" name="ard_categorical.survey.design_works_with_variables_with_only_1_level"/>
    <testcase time="0.00300000000000011" classname="character(0)" name="ard_categorical.survey.design_works_with_variables_with_only_1_level"/>
    <testcase time="0" classname="character(0)" name="ard_categorical.survey.design_works_with_variables_with_only_1_level"/>
    <testcase time="0.00100000000000122" classname="character(0)" name="ard_categorical.survey.design_works_with_variables_with_only_1_level"/>
    <testcase time="0" classname="character(0)" name="ard_categorical.survey.design_works_with_variables_with_only_1_level"/>
    <testcase time="0.00100000000000122" classname="character(0)" name="ard_categorical.survey.design_works_with_variables_with_only_1_level"/>
    <testcase time="0" classname="character(0)" name="ard_categorical.survey.design_works_with_variables_with_only_1_level"/>
    <testcase time="0.000999999999997669" classname="character(0)" name="ard_categorical.survey.design_works_with_variables_with_only_1_level"/>
    <testcase time="0" classname="character(0)" name="ard_categorical.survey.design_works_with_variables_with_only_1_level"/>
    <testcase time="0.00100000000000122" classname="character(0)" name="ard_categorical.survey.design_works_with_variables_with_only_1_level"/>
  </testsuite>
  <testsuite name="ard_categorical.survey.design" timestamp="2025-03-03T16:08:08Z" hostname="2c8f26768b6c" tests="4" skipped="0" failures="0" errors="0" time="0.003">
    <testcase time="0.00100000000000122" classname="character(0)" name="ard_categorical.survey.design_by_messages_about_protected_names"/>
    <testcase time="0.000999999999997669" classname="character(0)" name="ard_categorical.survey.design_by_messages_about_protected_names"/>
    <testcase time="0" classname="character(0)" name="ard_categorical.survey.design_by_messages_about_protected_names"/>
    <testcase time="0.00100000000000122" classname="character(0)" name="ard_categorical.survey.design_by_messages_about_protected_names"/>
  </testsuite>
  <testsuite name="ard_categorical.survey.design" timestamp="2025-03-03T16:08:08Z" hostname="2c8f26768b6c" tests="10" skipped="0" failures="0" errors="0" time="0.006">
    <testcase time="0.000999999999997669" classname="character(0)" name="ard_categorical.survey.design_works_when_using_generic_names_"/>
    <testcase time="0.00100000000000122" classname="character(0)" name="ard_categorical.survey.design_works_when_using_generic_names_"/>
    <testcase time="0" classname="character(0)" name="ard_categorical.survey.design_works_when_using_generic_names_"/>
    <testcase time="0.00100000000000122" classname="character(0)" name="ard_categorical.survey.design_works_when_using_generic_names_"/>
    <testcase time="0" classname="character(0)" name="ard_categorical.survey.design_works_when_using_generic_names_"/>
    <testcase time="0.000999999999997669" classname="character(0)" name="ard_categorical.survey.design_works_when_using_generic_names_"/>
    <testcase time="0" classname="character(0)" name="ard_categorical.survey.design_works_when_using_generic_names_"/>
    <testcase time="0.00100000000000122" classname="character(0)" name="ard_categorical.survey.design_works_when_using_generic_names_"/>
    <testcase time="0" classname="character(0)" name="ard_categorical.survey.design_works_when_using_generic_names_"/>
    <testcase time="0.00100000000000122" classname="character(0)" name="ard_categorical.survey.design_works_when_using_generic_names_"/>
  </testsuite>
  <testsuite name="ard_categorical.survey.design" timestamp="2025-03-03T16:08:08Z" hostname="2c8f26768b6c" tests="1" skipped="0" failures="0" errors="0" time="0.001">
    <testcase time="0.000999999999997669" classname="character(0)" name="ard_categorical.survey.design_statistic_properly_excluded_unweighted_stats_not_selected"/>
  </testsuite>
  <testsuite name="ard_categorical.survey.design" timestamp="2025-03-03T16:08:08Z" hostname="2c8f26768b6c" tests="1" skipped="0" failures="0" errors="0" time="0.002">
    <testcase time="0.00200000000000244" classname="character(0)" name="ard_categorical_follows_ard_structure"/>
  </testsuite>
  <testsuite name="ard_categorical.survey.design" timestamp="2025-03-03T16:08:08Z" hostname="2c8f26768b6c" tests="6" skipped="0" failures="0" errors="0" time="0.004">
    <testcase time="0.000999999999997669" classname="character(0)" name="ard_categorical.survey.design_original_types_are_retained"/>
    <testcase time="0.00100000000000122" classname="character(0)" name="ard_categorical.survey.design_original_types_are_retained"/>
    <testcase time="0" classname="character(0)" name="ard_categorical.survey.design_original_types_are_retained"/>
    <testcase time="0.00100000000000122" classname="character(0)" name="ard_categorical.survey.design_original_types_are_retained"/>
    <testcase time="0" classname="character(0)" name="ard_categorical.survey.design_original_types_are_retained"/>
    <testcase time="0.000999999999997669" classname="character(0)" name="ard_categorical.survey.design_original_types_are_retained"/>
  </testsuite>
  <testsuite name="ard_categorical.survey.design" timestamp="2025-03-03T16:08:08Z" hostname="2c8f26768b6c" tests="3" skipped="0" failures="0" errors="0" time="0.002">
    <testcase time="0.00100000000000122" classname="character(0)" name="ard_categorical.survey.design_works_with_all_NA_fct_variables"/>
    <testcase time="0.00100000000000122" classname="character(0)" name="ard_categorical.survey.design_works_with_all_NA_fct_variables"/>
    <testcase time="0" classname="character(0)" name="ard_categorical.survey.design_works_with_all_NA_fct_variables"/>
  </testsuite>
  <testsuite name="ard_categorical.survey.design" timestamp="2025-03-03T16:08:08Z" hostname="2c8f26768b6c" tests="1" skipped="0" failures="0" errors="0" time="0.002">
    <testcase time="0.00199999999999889" classname="character(0)" name="ard_categorical.survey.design_messaging_with_all_NA_lgl_variables"/>
  </testsuite>
  <testsuite name="ard_continuous_ci.data.frame" timestamp="2025-03-03T16:08:09Z" hostname="2c8f26768b6c" tests="1" skipped="0" failures="0" errors="0" time="0.623">
    <testcase time="0.623000000000001" classname="character(0)" name="ard_continuous_ci.data.frame_method_t.test_"/>
  </testsuite>
  <testsuite name="ard_continuous_ci.data.frame" timestamp="2025-03-03T16:08:09Z" hostname="2c8f26768b6c" tests="1" skipped="0" failures="0" errors="0" time="0.002">
    <testcase time="0.00199999999999889" classname="character(0)" name="ard_continuous_ci.data.frame_method_wilcox.test_"/>
  </testsuite>
  <testsuite name="ard_continuous_ci.data.frame" timestamp="2025-03-03T16:08:09Z" hostname="2c8f26768b6c" tests="1" skipped="0" failures="0" errors="0" time="0.001">
    <testcase time="0.00100000000000122" classname="character(0)" name="ard_continuous_ci.data.frame_follows_ard_structure"/>
  </testsuite>
  <testsuite name="ard_continuous_ci.survey.design" timestamp="2025-03-03T16:08:10Z" hostname="2c8f26768b6c" tests="1" skipped="0" failures="0" errors="0" time="1.176">
    <testcase time="1.176" classname="character(0)" name="ard_continuous_ci_data_"/>
  </testsuite>
  <testsuite name="ard_continuous_ci.survey.design" timestamp="2025-03-03T16:08:10Z" hostname="2c8f26768b6c" tests="5" skipped="0" failures="0" errors="0" time="0.004">
    <testcase time="0.00199999999999889" classname="character(0)" name="ard_continuous_ci_variables_"/>
    <testcase time="0" classname="character(0)" name="ard_continuous_ci_variables_"/>
    <testcase time="0.00100000000000122" classname="character(0)" name="ard_continuous_ci_variables_"/>
    <testcase time="0" classname="character(0)" name="ard_continuous_ci_variables_"/>
    <testcase time="0.00100000000000122" classname="character(0)" name="ard_continuous_ci_variables_"/>
  </testsuite>
  <testsuite name="ard_continuous_ci.survey.design" timestamp="2025-03-03T16:08:10Z" hostname="2c8f26768b6c" tests="6" skipped="0" failures="0" errors="0" time="0.004">
    <testcase time="0.000999999999997669" classname="character(0)" name="ard_continuous_ci_by_"/>
    <testcase time="0.00100000000000122" classname="character(0)" name="ard_continuous_ci_by_"/>
    <testcase time="0" classname="character(0)" name="ard_continuous_ci_by_"/>
    <testcase time="0.00100000000000122" classname="character(0)" name="ard_continuous_ci_by_"/>
    <testcase time="0" classname="character(0)" name="ard_continuous_ci_by_"/>
    <testcase time="0.000999999999997669" classname="character(0)" name="ard_continuous_ci_by_"/>
  </testsuite>
  <testsuite name="ard_continuous_ci.survey.design" timestamp="2025-03-03T16:08:10Z" hostname="2c8f26768b6c" tests="2" skipped="0" failures="0" errors="0" time="0.002">
    <testcase time="0.00200000000000244" classname="character(0)" name="ard_continuous_ci_conf.level_"/>
    <testcase time="0" classname="character(0)" name="ard_continuous_ci_conf.level_"/>
  </testsuite>
  <testsuite name="ard_continuous_ci.survey.design" timestamp="2025-03-03T16:08:10Z" hostname="2c8f26768b6c" tests="3" skipped="0" failures="0" errors="0" time="0.002">
    <testcase time="0.00199999999999889" classname="character(0)" name="ard_continuous_ci_method_variables_"/>
    <testcase time="0" classname="character(0)" name="ard_continuous_ci_method_variables_"/>
    <testcase time="0" classname="character(0)" name="ard_continuous_ci_method_variables_"/>
  </testsuite>
  <testsuite name="ard_continuous_ci.survey.design" timestamp="2025-03-03T16:08:10Z" hostname="2c8f26768b6c" tests="3" skipped="0" failures="0" errors="0" time="0.003">
    <testcase time="0.00199999999999889" classname="character(0)" name="ard_continuous_ci_method_by_"/>
    <testcase time="0" classname="character(0)" name="ard_continuous_ci_method_by_"/>
    <testcase time="0.00100000000000122" classname="character(0)" name="ard_continuous_ci_method_by_"/>
  </testsuite>
  <testsuite name="ard_continuous_ci.survey.design" timestamp="2025-03-03T16:08:10Z" hostname="2c8f26768b6c" tests="4" skipped="0" failures="0" errors="0" time="0.003">
    <testcase time="0.00100000000000122" classname="character(0)" name="ard_continuous_ci_..._"/>
    <testcase time="0.000999999999997669" classname="character(0)" name="ard_continuous_ci_..._"/>
    <testcase time="0" classname="character(0)" name="ard_continuous_ci_..._"/>
    <testcase time="0.00100000000000122" classname="character(0)" name="ard_continuous_ci_..._"/>
  </testsuite>
  <testsuite name="ard_continuous_ci.survey.design" timestamp="2025-03-03T16:08:10Z" hostname="2c8f26768b6c" tests="2" skipped="0" failures="0" errors="0" time="0.002">
    <testcase time="0.00100000000000122" classname="character(0)" name="ard_continuous_ci_errors_are_captured"/>
    <testcase time="0.000999999999997669" classname="character(0)" name="ard_continuous_ci_errors_are_captured"/>
  </testsuite>
  <testsuite name="ard_continuous_ci.survey.design" timestamp="2025-03-03T16:08:10Z" hostname="2c8f26768b6c" tests="1" skipped="0" failures="0" errors="0" time="0.001">
    <testcase time="0.00100000000000122" classname="character(0)" name="ard_continuous_ci.survey.design_follows_ard_structure"/>
  </testsuite>
  <testsuite name="ard_dichotomous.survey.design" timestamp="2025-03-03T16:08:15Z" hostname="2c8f26768b6c" tests="33" skipped="0" failures="0" errors="0" time="5.551">
    <testcase time="5.534" classname="character(0)" name="ard_dichotomous.survey.design_works"/>
    <testcase time="0" classname="character(0)" name="ard_dichotomous.survey.design_works"/>
    <testcase time="0.000999999999997669" classname="character(0)" name="ard_dichotomous.survey.design_works"/>
    <testcase time="0.000999999999997669" classname="character(0)" name="ard_dichotomous.survey.design_works"/>
    <testcase time="0" classname="character(0)" name="ard_dichotomous.survey.design_works"/>
    <testcase time="0.00100000000000477" classname="character(0)" name="ard_dichotomous.survey.design_works"/>
    <testcase time="0" classname="character(0)" name="ard_dichotomous.survey.design_works"/>
    <testcase time="0.000999999999997669" classname="character(0)" name="ard_dichotomous.survey.design_works"/>
    <testcase time="0" classname="character(0)" name="ard_dichotomous.survey.design_works"/>
    <testcase time="0.000999999999997669" classname="character(0)" name="ard_dichotomous.survey.design_works"/>
    <testcase time="0" classname="character(0)" name="ard_dichotomous.survey.design_works"/>
    <testcase time="0.00100000000000477" classname="character(0)" name="ard_dichotomous.survey.design_works"/>
    <testcase time="0" classname="character(0)" name="ard_dichotomous.survey.design_works"/>
    <testcase time="0.000999999999997669" classname="character(0)" name="ard_dichotomous.survey.design_works"/>
    <testcase time="0" classname="character(0)" name="ard_dichotomous.survey.design_works"/>
    <testcase time="0.000999999999997669" classname="character(0)" name="ard_dichotomous.survey.design_works"/>
    <testcase time="0" classname="character(0)" name="ard_dichotomous.survey.design_works"/>
    <testcase time="0.00100000000000477" classname="character(0)" name="ard_dichotomous.survey.design_works"/>
    <testcase time="0" classname="character(0)" name="ard_dichotomous.survey.design_works"/>
    <testcase time="0.000999999999997669" classname="character(0)" name="ard_dichotomous.survey.design_works"/>
    <testcase time="0" classname="character(0)" name="ard_dichotomous.survey.design_works"/>
    <testcase time="0.000999999999997669" classname="character(0)" name="ard_dichotomous.survey.design_works"/>
    <testcase time="0" classname="character(0)" name="ard_dichotomous.survey.design_works"/>
    <testcase time="0.00100000000000477" classname="character(0)" name="ard_dichotomous.survey.design_works"/>
    <testcase time="0.000999999999997669" classname="character(0)" name="ard_dichotomous.survey.design_works"/>
    <testcase time="0" classname="character(0)" name="ard_dichotomous.survey.design_works"/>
    <testcase time="0.000999999999997669" classname="character(0)" name="ard_dichotomous.survey.design_works"/>
    <testcase time="0" classname="character(0)" name="ard_dichotomous.survey.design_works"/>
    <testcase time="0.00100000000000477" classname="character(0)" name="ard_dichotomous.survey.design_works"/>
    <testcase time="0" classname="character(0)" name="ard_dichotomous.survey.design_works"/>
    <testcase time="0.000999999999997669" classname="character(0)" name="ard_dichotomous.survey.design_works"/>
    <testcase time="0.000999999999997669" classname="character(0)" name="ard_dichotomous.survey.design_works"/>
    <testcase time="0" classname="character(0)" name="ard_dichotomous.survey.design_works"/>
  </testsuite>
  <testsuite name="ard_dichotomous.survey.design" timestamp="2025-03-03T16:08:15Z" hostname="2c8f26768b6c" tests="12" skipped="0" failures="0" errors="0" time="0.007">
    <testcase time="0.00200000000000244" classname="character(0)" name="ard_dichotomous.survey.design_works_with_various_input_types"/>
    <testcase time="0" classname="character(0)" name="ard_dichotomous.survey.design_works_with_various_input_types"/>
    <testcase time="0.000999999999997669" classname="character(0)" name="ard_dichotomous.survey.design_works_with_various_input_types"/>
    <testcase time="0" classname="character(0)" name="ard_dichotomous.survey.design_works_with_various_input_types"/>
    <testcase time="0.000999999999997669" classname="character(0)" name="ard_dichotomous.survey.design_works_with_various_input_types"/>
    <testcase time="0" classname="character(0)" name="ard_dichotomous.survey.design_works_with_various_input_types"/>
    <testcase time="0.00100000000000477" classname="character(0)" name="ard_dichotomous.survey.design_works_with_various_input_types"/>
    <testcase time="0" classname="character(0)" name="ard_dichotomous.survey.design_works_with_various_input_types"/>
    <testcase time="0.000999999999997669" classname="character(0)" name="ard_dichotomous.survey.design_works_with_various_input_types"/>
    <testcase time="0" classname="character(0)" name="ard_dichotomous.survey.design_works_with_various_input_types"/>
    <testcase time="0.000999999999997669" classname="character(0)" name="ard_dichotomous.survey.design_works_with_various_input_types"/>
    <testcase time="0" classname="character(0)" name="ard_dichotomous.survey.design_works_with_various_input_types"/>
  </testsuite>
  <testsuite name="ard_dichotomous.survey.design" timestamp="2025-03-03T16:08:15Z" hostname="2c8f26768b6c" tests="3" skipped="0" failures="0" errors="0" time="0.003">
    <testcase time="0.00200000000000244" classname="character(0)" name="ard_dichotomous.survey.design_returns_an_error_with_erroneous_input"/>
    <testcase time="0" classname="character(0)" name="ard_dichotomous.survey.design_returns_an_error_with_erroneous_input"/>
    <testcase time="0.000999999999997669" classname="character(0)" name="ard_dichotomous.survey.design_returns_an_error_with_erroneous_input"/>
  </testsuite>
  <testsuite name="ard_dichotomous.survey.design" timestamp="2025-03-03T16:08:15Z" hostname="2c8f26768b6c" tests="1" skipped="0" failures="0" errors="0" time="0.001">
    <testcase time="0.00100000000000477" classname="character(0)" name="ard_dichotomous.survey.design_follows_ard_structure"/>
  </testsuite>
  <testsuite name="ard_effectsize_cohens_d" timestamp="2025-03-03T16:08:16Z" hostname="2c8f26768b6c" tests="4" skipped="0" failures="0" errors="0" time="0.589">
    <testcase time="0.588000000000001" classname="character(0)" name="ard_effectsize_cohens_d_works"/>
    <testcase time="0" classname="character(0)" name="ard_effectsize_cohens_d_works"/>
    <testcase time="0.000999999999997669" classname="character(0)" name="ard_effectsize_cohens_d_works"/>
    <testcase time="0" classname="character(0)" name="ard_effectsize_cohens_d_works"/>
  </testsuite>
  <testsuite name="ard_effectsize_cohens_d" timestamp="2025-03-03T16:08:16Z" hostname="2c8f26768b6c" tests="3" skipped="0" failures="0" errors="0" time="0.003">
    <testcase time="0.00200000000000244" classname="character(0)" name="ard_effectsize_paired_cohens_d_works"/>
    <testcase time="0.000999999999997669" classname="character(0)" name="ard_effectsize_paired_cohens_d_works"/>
    <testcase time="0" classname="character(0)" name="ard_effectsize_paired_cohens_d_works"/>
  </testsuite>
  <testsuite name="ard_effectsize_cohens_d" timestamp="2025-03-03T16:08:16Z" hostname="2c8f26768b6c" tests="2" skipped="0" failures="0" errors="0" time="0.002">
    <testcase time="0.00200000000000244" classname="character(0)" name="ard_effectsize_cohens_d_follows_ard_structure"/>
    <testcase time="0" classname="character(0)" name="ard_effectsize_cohens_d_follows_ard_structure"/>
  </testsuite>
  <testsuite name="ard_effectsize_hedges_g" timestamp="2025-03-03T16:08:16Z" hostname="2c8f26768b6c" tests="4" skipped="0" failures="0" errors="0" time="0.609">
    <testcase time="0.607999999999997" classname="character(0)" name="ard_effectsize_hedges_g_works"/>
    <testcase time="0" classname="character(0)" name="ard_effectsize_hedges_g_works"/>
    <testcase time="0.000999999999997669" classname="character(0)" name="ard_effectsize_hedges_g_works"/>
    <testcase time="0" classname="character(0)" name="ard_effectsize_hedges_g_works"/>
  </testsuite>
  <testsuite name="ard_effectsize_hedges_g" timestamp="2025-03-03T16:08:17Z" hostname="2c8f26768b6c" tests="3" skipped="0" failures="0" errors="0" time="0.003">
    <testcase time="0.00200000000000244" classname="character(0)" name="ard_effectsize_paired_hedges_g_works"/>
    <testcase time="0" classname="character(0)" name="ard_effectsize_paired_hedges_g_works"/>
    <testcase time="0.000999999999997669" classname="character(0)" name="ard_effectsize_paired_hedges_g_works"/>
  </testsuite>
  <testsuite name="ard_effectsize_hedges_g" timestamp="2025-03-03T16:08:17Z" hostname="2c8f26768b6c" tests="2" skipped="0" failures="0" errors="0" time="0.002">
    <testcase time="0.00200000000000244" classname="character(0)" name="ard_effectsize_cohens_d_follows_ard_structure"/>
    <testcase time="0" classname="character(0)" name="ard_effectsize_cohens_d_follows_ard_structure"/>
  </testsuite>
  <testsuite name="ard_emmeans_mean_difference" timestamp="2025-03-03T16:08:18Z" hostname="2c8f26768b6c" tests="9" skipped="0" failures="0" errors="0" time="1.154">
    <testcase time="1.147" classname="character(0)" name="ard_emmeans_mean_difference_works"/>
    <testcase time="0.00100000000000477" classname="character(0)" name="ard_emmeans_mean_difference_works"/>
    <testcase time="0.000999999999997669" classname="character(0)" name="ard_emmeans_mean_difference_works"/>
    <testcase time="0.000999999999997669" classname="character(0)" name="ard_emmeans_mean_difference_works"/>
    <testcase time="0.00100000000000477" classname="character(0)" name="ard_emmeans_mean_difference_works"/>
    <testcase time="0.000999999999997669" classname="character(0)" name="ard_emmeans_mean_difference_works"/>
    <testcase time="0" classname="character(0)" name="ard_emmeans_mean_difference_works"/>
    <testcase time="0.000999999999997669" classname="character(0)" name="ard_emmeans_mean_difference_works"/>
    <testcase time="0.00100000000000477" classname="character(0)" name="ard_emmeans_mean_difference_works"/>
  </testsuite>
  <testsuite name="ard_emmeans_mean_difference" timestamp="2025-03-03T16:08:18Z" hostname="2c8f26768b6c" tests="1" skipped="0" failures="0" errors="0" time="0.003">
    <testcase time="0.00300000000000011" classname="character(0)" name="ard_emmeans_mean_difference_follows_ard_structure"/>
  </testsuite>
  <testsuite name="ard_missing.survey.design" timestamp="2025-03-03T16:08:20Z" hostname="2c8f26768b6c" tests="19" skipped="0" failures="0" errors="0" time="2.352">
    <testcase time="2.34099999999999" classname="character(0)" name="ard_missing.survey.design_works"/>
    <testcase time="0" classname="character(0)" name="ard_missing.survey.design_works"/>
    <testcase time="0" classname="character(0)" name="ard_missing.survey.design_works"/>
    <testcase time="0.000999999999997669" classname="character(0)" name="ard_missing.survey.design_works"/>
    <testcase time="0" classname="character(0)" name="ard_missing.survey.design_works"/>
    <testcase time="0.000999999999997669" classname="character(0)" name="ard_missing.survey.design_works"/>
    <testcase time="0" classname="character(0)" name="ard_missing.survey.design_works"/>
    <testcase time="0.00300000000000011" classname="character(0)" name="ard_missing.survey.design_works"/>
    <testcase time="0.00100000000000477" classname="character(0)" name="ard_missing.survey.design_works"/>
    <testcase time="0" classname="character(0)" name="ard_missing.survey.design_works"/>
    <testcase time="0.000999999999997669" classname="character(0)" name="ard_missing.survey.design_works"/>
    <testcase time="0" classname="character(0)" name="ard_missing.survey.design_works"/>
    <testcase time="0.000999999999997669" classname="character(0)" name="ard_missing.survey.design_works"/>
    <testcase time="0" classname="character(0)" name="ard_missing.survey.design_works"/>
    <testcase time="0.00100000000000477" classname="character(0)" name="ard_missing.survey.design_works"/>
    <testcase time="0" classname="character(0)" name="ard_missing.survey.design_works"/>
    <testcase time="0.000999999999997669" classname="character(0)" name="ard_missing.survey.design_works"/>
    <testcase time="0" classname="character(0)" name="ard_missing.survey.design_works"/>
    <testcase time="0.000999999999997669" classname="character(0)" name="ard_missing.survey.design_works"/>
  </testsuite>
  <testsuite name="ard_missing.survey.design" timestamp="2025-03-03T16:08:20Z" hostname="2c8f26768b6c" tests="1" skipped="0" failures="0" errors="0" time="0.002">
    <testcase time="0.00200000000000244" classname="character(0)" name="ard_missing.survey.design_follows_ard_structure"/>
  </testsuite>
  <testsuite name="ard_missing.survey.design" timestamp="2025-03-03T16:08:20Z" hostname="2c8f26768b6c" tests="1" skipped="0" failures="0" errors="0" time="0.001">
    <testcase time="0.000999999999997669" classname="character(0)" name="ard_missing.survey.design_works_on_design_columns"/>
  </testsuite>
  <testsuite name="ard_proportion_ci" timestamp="2025-03-03T16:08:21Z" hostname="2c8f26768b6c" tests="6" skipped="0" failures="0" errors="0" time="1.383">
    <testcase time="1.381" classname="character(0)" name="ard_categorical_ci_works"/>
    <testcase time="0.00100000000000477" classname="character(0)" name="ard_categorical_ci_works"/>
    <testcase time="0" classname="character(0)" name="ard_categorical_ci_works"/>
    <testcase time="0.000999999999997669" classname="character(0)" name="ard_categorical_ci_works"/>
    <testcase time="0" classname="character(0)" name="ard_categorical_ci_works"/>
    <testcase time="0" classname="character(0)" name="ard_categorical_ci_works"/>
  </testsuite>
  <testsuite name="ard_proportion_ci" timestamp="2025-03-03T16:08:21Z" hostname="2c8f26768b6c" tests="4" skipped="0" failures="0" errors="0" time="0.003">
    <testcase time="0.00200000000000244" classname="character(0)" name="ard_categorical_ci_method_strat_wilson_works"/>
    <testcase time="0" classname="character(0)" name="ard_categorical_ci_method_strat_wilson_works"/>
    <testcase time="0.000999999999997669" classname="character(0)" name="ard_categorical_ci_method_strat_wilson_works"/>
    <testcase time="0" classname="character(0)" name="ard_categorical_ci_method_strat_wilson_works"/>
  </testsuite>
  <testsuite name="ard_proportion_ci" timestamp="2025-03-03T16:08:21Z" hostname="2c8f26768b6c" tests="1" skipped="0" failures="0" errors="0" time="0.002">
    <testcase time="0.00200000000000244" classname="character(0)" name="ard_categorical_ci_messaging"/>
  </testsuite>
  <testsuite name="ard_proportion_ci" timestamp="2025-03-03T16:08:21Z" hostname="2c8f26768b6c" tests="1" skipped="0" failures="0" errors="0" time="0.001">
    <testcase time="0.000999999999997669" classname="character(0)" name="ard_proportion_ci_follows_ard_structure"/>
  </testsuite>
  <testsuite name="ard_regression" timestamp="2025-03-03T16:08:24Z" hostname="2c8f26768b6c" tests="2" skipped="0" failures="0" errors="0" time="3.057">
    <testcase time="3.057" classname="character(0)" name="ard_regression_works"/>
    <testcase time="0" classname="character(0)" name="ard_regression_works"/>
  </testsuite>
  <testsuite name="ard_regression" timestamp="2025-03-03T16:08:24Z" hostname="2c8f26768b6c" tests="1" skipped="0" failures="0" errors="0" time="0.002">
    <testcase time="0.00200000000000244" classname="character(0)" name="ard_regression_works_specifying_custom_tidier"/>
  </testsuite>
  <testsuite name="ard_regression" timestamp="2025-03-03T16:08:24Z" hostname="2c8f26768b6c" tests="1" skipped="0" failures="0" errors="0" time="0.001">
    <testcase time="0.000999999999997669" classname="character(0)" name="ard_regression_does_not_produce_variable_level_column_where_not_applicable"/>
  </testsuite>
  <testsuite name="ard_regression" timestamp="2025-03-03T16:08:24Z" hostname="2c8f26768b6c" tests="2" skipped="0" failures="0" errors="0" time="0.003">
    <testcase time="0.00200000000000244" classname="character(0)" name="ard_regression_warnings_and_errors_return_correctly"/>
    <testcase time="0.000999999999997669" classname="character(0)" name="ard_regression_warnings_and_errors_return_correctly"/>
  </testsuite>
  <testsuite name="ard_regression" timestamp="2025-03-03T16:08:24Z" hostname="2c8f26768b6c" tests="1" skipped="0" failures="0" errors="0" time="0.001">
    <testcase time="0.000999999999997669" classname="character(0)" name="ard_regression_follows_ard_structure"/>
  </testsuite>
  <testsuite name="ard_regression_basic" timestamp="2025-03-03T16:08:25Z" hostname="2c8f26768b6c" tests="2" skipped="0" failures="0" errors="0" time="0.898">
    <testcase time="0.898000000000003" classname="character(0)" name="ard_regression_basic_works"/>
    <testcase time="0" classname="character(0)" name="ard_regression_basic_works"/>
  </testsuite>
  <testsuite name="ard_regression_basic" timestamp="2025-03-03T16:08:25Z" hostname="2c8f26768b6c" tests="1" skipped="0" failures="0" errors="0" time="0.002">
    <testcase time="0.00199999999999534" classname="character(0)" name="ard_regression_basic_does_not_produce_variable_level_column_where_not_applicable"/>
  </testsuite>
  <testsuite name="ard_regression_basic" timestamp="2025-03-03T16:08:25Z" hostname="2c8f26768b6c" tests="1" skipped="0" failures="0" errors="0" time="0.002">
    <testcase time="0.00200000000000244" classname="character(0)" name="ard_regression_basic_follows_ard_structure"/>
  </testsuite>
  <testsuite name="ard_smd_smd" timestamp="2025-03-03T16:08:26Z" hostname="2c8f26768b6c" tests="3" skipped="0" failures="0" errors="0" time="0.428">
    <testcase time="0.427" classname="character(0)" name="ard_smd_smd_works"/>
    <testcase time="0.000999999999997669" classname="character(0)" name="ard_smd_smd_works"/>
    <testcase time="0" classname="character(0)" name="ard_smd_smd_works"/>
  </testsuite>
  <testsuite name="ard_smd_smd" timestamp="2025-03-03T16:08:26Z" hostname="2c8f26768b6c" tests="2" skipped="0" failures="0" errors="0" time="0.002">
    <testcase time="0.00200000000000244" classname="character(0)" name="ard_smd_works_with_survey_data"/>
    <testcase time="0" classname="character(0)" name="ard_smd_works_with_survey_data"/>
  </testsuite>
  <testsuite name="ard_smd_smd" timestamp="2025-03-03T16:08:26Z" hostname="2c8f26768b6c" tests="4" skipped="0" failures="0" errors="0" time="0.004">
    <testcase time="0.00200000000000244" classname="character(0)" name="ard_smd_smd_error_messaging"/>
    <testcase time="0.000999999999997669" classname="character(0)" name="ard_smd_smd_error_messaging"/>
    <testcase time="0" classname="character(0)" name="ard_smd_smd_error_messaging"/>
    <testcase time="0.000999999999997669" classname="character(0)" name="ard_smd_smd_error_messaging"/>
  </testsuite>
  <testsuite name="ard_smd_smd" timestamp="2025-03-03T16:08:26Z" hostname="2c8f26768b6c" tests="1" skipped="0" failures="0" errors="0" time="0.001">
    <testcase time="0.00100000000000477" classname="character(0)" name="ard_smd_smd_follows_ard_structure"/>
  </testsuite>
  <testsuite name="ard_stats_anova" timestamp="2025-03-03T16:08:27Z" hostname="2c8f26768b6c" tests="1" skipped="0" failures="0" errors="0" time="1.3">
    <testcase time="1.3" classname="character(0)" name="ard_stats_anova.anova_works"/>
  </testsuite>
  <testsuite name="ard_stats_anova" timestamp="2025-03-03T16:08:27Z" hostname="2c8f26768b6c" tests="7" skipped="0" failures="0" errors="0" time="0.008">
    <testcase time="0.00300000000000011" classname="character(0)" name="ard_stats_anova.data.frame_works"/>
    <testcase time="0.000999999999997669" classname="character(0)" name="ard_stats_anova.data.frame_works"/>
    <testcase time="0.00100000000000477" classname="character(0)" name="ard_stats_anova.data.frame_works"/>
    <testcase time="0.000999999999997669" classname="character(0)" name="ard_stats_anova.data.frame_works"/>
    <testcase time="0" classname="character(0)" name="ard_stats_anova.data.frame_works"/>
    <testcase time="0.000999999999997669" classname="character(0)" name="ard_stats_anova.data.frame_works"/>
    <testcase time="0.00100000000000477" classname="character(0)" name="ard_stats_anova.data.frame_works"/>
  </testsuite>
  <testsuite name="ard_stats_anova" timestamp="2025-03-03T16:08:27Z" hostname="2c8f26768b6c" tests="1" skipped="0" failures="0" errors="0" time="0.006">
    <testcase time="0.00600000000000023" classname="character(0)" name="ard_stats_anova.data.frame_error_messaging"/>
  </testsuite>
  <testsuite name="ard_stats_anova" timestamp="2025-03-03T16:08:27Z" hostname="2c8f26768b6c" tests="1" skipped="0" failures="0" errors="0" time="0.003">
    <testcase time="0.00300000000000011" classname="character(0)" name="ard_stats_anova_follows_ard_structure"/>
  </testsuite>
  <testsuite name="ard_stats_aov" timestamp="2025-03-03T16:08:27Z" hostname="2c8f26768b6c" tests="3" skipped="0" failures="0" errors="0" time="0.255">
    <testcase time="0.253999999999998" classname="character(0)" name="ard_aov_works"/>
    <testcase time="0.000999999999997669" classname="character(0)" name="ard_aov_works"/>
    <testcase time="0" classname="character(0)" name="ard_aov_works"/>
  </testsuite>
  <testsuite name="ard_stats_aov" timestamp="2025-03-03T16:08:27Z" hostname="2c8f26768b6c" tests="1" skipped="0" failures="0" errors="0" time="0.003">
    <testcase time="0.00300000000000011" classname="character(0)" name="ard_stats_aov_follows_ard_structure"/>
  </testsuite>
  <testsuite name="ard_stats_chisq_test" timestamp="2025-03-03T16:08:28Z" hostname="2c8f26768b6c" tests="3" skipped="0" failures="0" errors="0" time="0.248">
    <testcase time="0.246000000000002" classname="character(0)" name="ard_stats_chisq_test_works"/>
    <testcase time="0.000999999999997669" classname="character(0)" name="ard_stats_chisq_test_works"/>
    <testcase time="0.00100000000000477" classname="character(0)" name="ard_stats_chisq_test_works"/>
  </testsuite>
  <testsuite name="ard_stats_chisq_test" timestamp="2025-03-03T16:08:28Z" hostname="2c8f26768b6c" tests="1" skipped="0" failures="0" errors="0" time="0.003">
    <testcase time="0.00300000000000011" classname="character(0)" name="ard_stats_chisq_test_follows_ard_structure"/>
  </testsuite>
  <testsuite name="ard_stats_fisher_test" timestamp="2025-03-03T16:08:28Z" hostname="2c8f26768b6c" tests="3" skipped="0" failures="0" errors="0" time="0.258">
    <testcase time="0.256" classname="character(0)" name="ard_stats_fisher_test_works"/>
    <testcase time="0.000999999999997669" classname="character(0)" name="ard_stats_fisher_test_works"/>
    <testcase time="0.000999999999997669" classname="character(0)" name="ard_stats_fisher_test_works"/>
  </testsuite>
  <testsuite name="ard_stats_fisher_test" timestamp="2025-03-03T16:08:28Z" hostname="2c8f26768b6c" tests="1" skipped="0" failures="0" errors="0" time="0.003">
    <testcase time="0.00300000000000011" classname="character(0)" name="ard_stats_fisher_test_follows_ard_structure"/>
  </testsuite>
  <testsuite name="ard_stats_kruskal_test" timestamp="2025-03-03T16:08:28Z" hostname="2c8f26768b6c" tests="4" skipped="0" failures="0" errors="0" time="0.304">
    <testcase time="0.301000000000002" classname="character(0)" name="ard_stats_kruskal_test_works"/>
    <testcase time="0.000999999999997669" classname="character(0)" name="ard_stats_kruskal_test_works"/>
    <testcase time="0.00100000000000477" classname="character(0)" name="ard_stats_kruskal_test_works"/>
    <testcase time="0.000999999999997669" classname="character(0)" name="ard_stats_kruskal_test_works"/>
  </testsuite>
  <testsuite name="ard_stats_kruskal_test" timestamp="2025-03-03T16:08:28Z" hostname="2c8f26768b6c" tests="1" skipped="0" failures="0" errors="0" time="0.003">
    <testcase time="0.00300000000000011" classname="character(0)" name="ard_stats_kruskal_test_follows_ard_structure"/>
  </testsuite>
  <testsuite name="ard_stats_mcnemar_test" timestamp="2025-03-03T16:08:29Z" hostname="2c8f26768b6c" tests="7" skipped="0" failures="0" errors="0" time="0.436">
    <testcase time="0.430999999999997" classname="character(0)" name="ard_stats_mcnemar_test_works"/>
    <testcase time="0.00100000000000477" classname="character(0)" name="ard_stats_mcnemar_test_works"/>
    <testcase time="0.000999999999997669" classname="character(0)" name="ard_stats_mcnemar_test_works"/>
    <testcase time="0.000999999999997669" classname="character(0)" name="ard_stats_mcnemar_test_works"/>
    <testcase time="0.00100000000000477" classname="character(0)" name="ard_stats_mcnemar_test_works"/>
    <testcase time="0.000999999999997669" classname="character(0)" name="ard_stats_mcnemar_test_works"/>
    <testcase time="0" classname="character(0)" name="ard_stats_mcnemar_test_works"/>
  </testsuite>
  <testsuite name="ard_stats_mcnemar_test" timestamp="2025-03-03T16:08:29Z" hostname="2c8f26768b6c" tests="1" skipped="0" failures="0" errors="0" time="0.003">
    <testcase time="0.00300000000000011" classname="character(0)" name="ard_stats_mcnemar_test_follows_ard_structure"/>
  </testsuite>
  <testsuite name="ard_stats_mood_test" timestamp="2025-03-03T16:08:29Z" hostname="2c8f26768b6c" tests="4" skipped="0" failures="0" errors="0" time="0.33">
    <testcase time="0.329000000000001" classname="character(0)" name="ard_stats_mood_test_works"/>
    <testcase time="0" classname="character(0)" name="ard_stats_mood_test_works"/>
    <testcase time="0.00100000000000477" classname="character(0)" name="ard_stats_mood_test_works"/>
    <testcase time="0" classname="character(0)" name="ard_stats_mood_test_works"/>
  </testsuite>
  <testsuite name="ard_stats_mood_test" timestamp="2025-03-03T16:08:29Z" hostname="2c8f26768b6c" tests="1" skipped="0" failures="0" errors="0" time="0.002">
    <testcase time="0.00199999999999534" classname="character(0)" name="ard_stats_mood_test_follows_ard_structure"/>
  </testsuite>
  <testsuite name="ard_stats_oneway_test" timestamp="2025-03-03T16:08:29Z" hostname="2c8f26768b6c" tests="3" skipped="0" failures="0" errors="0" time="0.255">
    <testcase time="0.253" classname="character(0)" name="ard_stats_oneway_test_works"/>
    <testcase time="0.00100000000000477" classname="character(0)" name="ard_stats_oneway_test_works"/>
    <testcase time="0.000999999999997669" classname="character(0)" name="ard_stats_oneway_test_works"/>
  </testsuite>
  <testsuite name="ard_stats_oneway_test" timestamp="2025-03-03T16:08:29Z" hostname="2c8f26768b6c" tests="1" skipped="0" failures="0" errors="0" time="0.003">
    <testcase time="0.00300000000000011" classname="character(0)" name="ard_stats_oneway_test_follows_ard_structure"/>
  </testsuite>
  <testsuite name="ard_stats_poisson_test" timestamp="2025-03-03T16:08:30Z" hostname="2c8f26768b6c" tests="3" skipped="0" failures="0" errors="0" time="0.355">
    <testcase time="0.353000000000002" classname="character(0)" name="ard_stats_poisson_test_works_for_one_sample_tests"/>
    <testcase time="0.000999999999997669" classname="character(0)" name="ard_stats_poisson_test_works_for_one_sample_tests"/>
    <testcase time="0.000999999999997669" classname="character(0)" name="ard_stats_poisson_test_works_for_one_sample_tests"/>
  </testsuite>
  <testsuite name="ard_stats_poisson_test" timestamp="2025-03-03T16:08:30Z" hostname="2c8f26768b6c" tests="2" skipped="0" failures="0" errors="0" time="0.004">
    <testcase time="0.00300000000000011" classname="character(0)" name="ard_stats_poisson_test_works_for_two_sample_tests"/>
    <testcase time="0.00100000000000477" classname="character(0)" name="ard_stats_poisson_test_works_for_two_sample_tests"/>
  </testsuite>
  <testsuite name="ard_stats_poisson_test" timestamp="2025-03-03T16:08:30Z" hostname="2c8f26768b6c" tests="1" skipped="0" failures="0" errors="0" time="0.005">
    <testcase time="0.00499999999999545" classname="character(0)" name="ard_stats_poisson_test_errors_are_handled_correctly"/>
  </testsuite>
  <testsuite name="ard_stats_poisson_test" timestamp="2025-03-03T16:08:30Z" hostname="2c8f26768b6c" tests="1" skipped="0" failures="0" errors="0" time="0.002">
    <testcase time="0.00200000000000244" classname="character(0)" name="ard_stats_poisson_test_follows_ard_structure"/>
  </testsuite>
  <testsuite name="ard_stats_prop_test" timestamp="2025-03-03T16:08:30Z" hostname="2c8f26768b6c" tests="3" skipped="0" failures="0" errors="0" time="0.533">
    <testcase time="0.530999999999999" classname="character(0)" name="ard_stats_prop_test_works"/>
    <testcase time="0.000999999999997669" classname="character(0)" name="ard_stats_prop_test_works"/>
    <testcase time="0.00100000000000477" classname="character(0)" name="ard_stats_prop_test_works"/>
  </testsuite>
  <testsuite name="ard_stats_prop_test" timestamp="2025-03-03T16:08:30Z" hostname="2c8f26768b6c" tests="8" skipped="0" failures="0" errors="0" time="0.009">
    <testcase time="0.00300000000000011" classname="character(0)" name="ard_stats_prop_test_error_messaging"/>
    <testcase time="0.000999999999997669" classname="character(0)" name="ard_stats_prop_test_error_messaging"/>
    <testcase time="0.000999999999997669" classname="character(0)" name="ard_stats_prop_test_error_messaging"/>
    <testcase time="0" classname="character(0)" name="ard_stats_prop_test_error_messaging"/>
    <testcase time="0.00100000000000477" classname="character(0)" name="ard_stats_prop_test_error_messaging"/>
    <testcase time="0.000999999999997669" classname="character(0)" name="ard_stats_prop_test_error_messaging"/>
    <testcase time="0.000999999999997669" classname="character(0)" name="ard_stats_prop_test_error_messaging"/>
    <testcase time="0.00100000000000477" classname="character(0)" name="ard_stats_prop_test_error_messaging"/>
  </testsuite>
  <testsuite name="ard_stats_prop_test" timestamp="2025-03-03T16:08:30Z" hostname="2c8f26768b6c" tests="1" skipped="0" failures="0" errors="0" time="0.003">
    <testcase time="0.00300000000000011" classname="character(0)" name="ard_stats_prop_test_follows_ard_structure"/>
  </testsuite>
  <testsuite name="ard_stats_t_test" timestamp="2025-03-03T16:08:31Z" hostname="2c8f26768b6c" tests="6" skipped="0" failures="0" errors="0" time="0.502">
    <testcase time="0.498999999999995" classname="character(0)" name="ard_stats_t_test_works"/>
    <testcase time="0.00100000000000477" classname="character(0)" name="ard_stats_t_test_works"/>
    <testcase time="0" classname="character(0)" name="ard_stats_t_test_works"/>
    <testcase time="0.000999999999997669" classname="character(0)" name="ard_stats_t_test_works"/>
    <testcase time="0" classname="character(0)" name="ard_stats_t_test_works"/>
    <testcase time="0.000999999999997669" classname="character(0)" name="ard_stats_t_test_works"/>
  </testsuite>
  <testsuite name="ard_stats_t_test" timestamp="2025-03-03T16:08:31Z" hostname="2c8f26768b6c" tests="3" skipped="0" failures="0" errors="0" time="0.002">
    <testcase time="0.00200000000000244" classname="character(0)" name="ard_stats_paired_t_test_works"/>
    <testcase time="0" classname="character(0)" name="ard_stats_paired_t_test_works"/>
    <testcase time="0" classname="character(0)" name="ard_stats_paired_t_test_works"/>
  </testsuite>
  <testsuite name="ard_stats_t_test" timestamp="2025-03-03T16:08:31Z" hostname="2c8f26768b6c" tests="1" skipped="0" failures="0" errors="0" time="0.001">
    <testcase time="0.00100000000000477" classname="character(0)" name="ard_stats_t_test_follows_ard_structure"/>
  </testsuite>
  <testsuite name="ard_stats_t_test_onesample" timestamp="2025-03-03T16:08:31Z" hostname="2c8f26768b6c" tests="5" skipped="0" failures="0" errors="0" time="0.412">
    <testcase time="0.407999999999994" classname="character(0)" name="ard_stats_t_test_onesample_works"/>
    <testcase time="0.00100000000000477" classname="character(0)" name="ard_stats_t_test_onesample_works"/>
    <testcase time="0.000999999999997669" classname="character(0)" name="ard_stats_t_test_onesample_works"/>
    <testcase time="0.000999999999997669" classname="character(0)" name="ard_stats_t_test_onesample_works"/>
    <testcase time="0.00100000000000477" classname="character(0)" name="ard_stats_t_test_onesample_works"/>
  </testsuite>
  <testsuite name="ard_stats_t_test_onesample" timestamp="2025-03-03T16:08:31Z" hostname="2c8f26768b6c" tests="1" skipped="0" failures="0" errors="0" time="0.002">
    <testcase time="0.00199999999999534" classname="character(0)" name="ard_stats_t_test_onesample_follows_ard_structure"/>
  </testsuite>
  <testsuite name="ard_stats_wilcox_test" timestamp="2025-03-03T16:08:32Z" hostname="2c8f26768b6c" tests="6" skipped="0" failures="0" errors="0" time="0.656">
    <testcase time="0.654000000000003" classname="character(0)" name="ard_stats_wilcox_test_works"/>
    <testcase time="0" classname="character(0)" name="ard_stats_wilcox_test_works"/>
    <testcase time="0.000999999999997669" classname="character(0)" name="ard_stats_wilcox_test_works"/>
    <testcase time="0" classname="character(0)" name="ard_stats_wilcox_test_works"/>
    <testcase time="0.00100000000000477" classname="character(0)" name="ard_stats_wilcox_test_works"/>
    <testcase time="0" classname="character(0)" name="ard_stats_wilcox_test_works"/>
  </testsuite>
  <testsuite name="ard_stats_wilcox_test" timestamp="2025-03-03T16:08:32Z" hostname="2c8f26768b6c" tests="3" skipped="0" failures="0" errors="0" time="0.003">
    <testcase time="0.00199999999999534" classname="character(0)" name="ard_stats_paired_wilcox_test_works"/>
    <testcase time="0.00100000000000477" classname="character(0)" name="ard_stats_paired_wilcox_test_works"/>
    <testcase time="0" classname="character(0)" name="ard_stats_paired_wilcox_test_works"/>
  </testsuite>
  <testsuite name="ard_stats_wilcox_test" timestamp="2025-03-03T16:08:32Z" hostname="2c8f26768b6c" tests="1" skipped="0" failures="0" errors="0" time="0.002">
    <testcase time="0.00199999999999534" classname="character(0)" name="ard_stats_wilcox_test_follows_ard_structure"/>
  </testsuite>
  <testsuite name="ard_stats_wilcox_test_onesample" timestamp="2025-03-03T16:08:32Z" hostname="2c8f26768b6c" tests="5" skipped="0" failures="0" errors="0" time="0.5">
    <testcase time="0.498000000000005" classname="character(0)" name="ard_stats_wilcox_test_onesample_works"/>
    <testcase time="0.000999999999997669" classname="character(0)" name="ard_stats_wilcox_test_onesample_works"/>
    <testcase time="0" classname="character(0)" name="ard_stats_wilcox_test_onesample_works"/>
    <testcase time="0.000999999999997669" classname="character(0)" name="ard_stats_wilcox_test_onesample_works"/>
    <testcase time="0" classname="character(0)" name="ard_stats_wilcox_test_onesample_works"/>
  </testsuite>
  <testsuite name="ard_stats_wilcox_test_onesample" timestamp="2025-03-03T16:08:32Z" hostname="2c8f26768b6c" tests="1" skipped="0" failures="0" errors="0" time="0.002">
    <testcase time="0.00200000000000244" classname="character(0)" name="ard_stats_wilcox_test_onesample_follows_ard_structure"/>
  </testsuite>
  <testsuite name="ard_survey_svychisq" timestamp="2025-03-03T16:08:33Z" hostname="2c8f26768b6c" tests="5" skipped="0" failures="0" errors="0" time="0.505">
    <testcase time="0.503" classname="character(0)" name="ard_survey_svychisq_works"/>
    <testcase time="0" classname="character(0)" name="ard_survey_svychisq_works"/>
    <testcase time="0" classname="character(0)" name="ard_survey_svychisq_works"/>
    <testcase time="0.00100000000000477" classname="character(0)" name="ard_survey_svychisq_works"/>
    <testcase time="0.000999999999997669" classname="character(0)" name="ard_survey_svychisq_works"/>
  </testsuite>
  <testsuite name="ard_survey_svychisq" timestamp="2025-03-03T16:08:33Z" hostname="2c8f26768b6c" tests="1" skipped="0" failures="0" errors="0" time="0.003">
    <testcase time="0.00300000000000011" classname="character(0)" name="ard_survey_svychisq_follows_ard_structure"/>
  </testsuite>
  <testsuite name="ard_survey_svyranktest" timestamp="2025-03-03T16:08:33Z" hostname="2c8f26768b6c" tests="4" skipped="0" failures="0" errors="0" time="0.595">
    <testcase time="0.592999999999996" classname="character(0)" name="ard_survey_svyranktest_works"/>
    <testcase time="0" classname="character(0)" name="ard_survey_svyranktest_works"/>
    <testcase time="0.00100000000000477" classname="character(0)" name="ard_survey_svyranktest_works"/>
    <testcase time="0.000999999999997669" classname="character(0)" name="ard_survey_svyranktest_works"/>
  </testsuite>
  <testsuite name="ard_survey_svyranktest" timestamp="2025-03-03T16:08:33Z" hostname="2c8f26768b6c" tests="1" skipped="0" failures="0" errors="0" time="0.003">
    <testcase time="0.00300000000000011" classname="character(0)" name="exact_values_match_for_ard_svyranktest_works"/>
  </testsuite>
  <testsuite name="ard_survey_svyranktest" timestamp="2025-03-03T16:08:33Z" hostname="2c8f26768b6c" tests="1" skipped="0" failures="0" errors="0" time="0.004">
    <testcase time="0.00399999999999778" classname="character(0)" name="ard_survey_svyranktest_follows_ard_structure"/>
  </testsuite>
  <testsuite name="ard_survey_svyttest" timestamp="2025-03-03T16:08:34Z" hostname="2c8f26768b6c" tests="4" skipped="0" failures="0" errors="0" time="0.48">
    <testcase time="0.478999999999999" classname="character(0)" name="ard_survey_svyttest_works"/>
    <testcase time="0.00100000000000477" classname="character(0)" name="ard_survey_svyttest_works"/>
    <testcase time="0" classname="character(0)" name="ard_survey_svyttest_works"/>
    <testcase time="0" classname="character(0)" name="ard_survey_svyttest_works"/>
  </testsuite>
  <testsuite name="ard_survey_svyttest" timestamp="2025-03-03T16:08:34Z" hostname="2c8f26768b6c" tests="2" skipped="0" failures="0" errors="0" time="0.004">
    <testcase time="0.00399999999999778" classname="character(0)" name="ard_survey_svyttest_messaging"/>
    <testcase time="0" classname="character(0)" name="ard_survey_svyttest_messaging"/>
  </testsuite>
  <testsuite name="ard_survey_svyttest" timestamp="2025-03-03T16:08:34Z" hostname="2c8f26768b6c" tests="1" skipped="0" failures="0" errors="0" time="0.003">
    <testcase time="0.00300000000000011" classname="character(0)" name="ard_survey_svyttest_follows_ard_structure"/>
  </testsuite>
  <testsuite name="ard_survival_survdiff" timestamp="2025-03-03T16:08:34Z" hostname="2c8f26768b6c" tests="6" skipped="0" failures="0" errors="0" time="0.486">
    <testcase time="0.483999999999995" classname="character(0)" name="ard_survival_survdiff_works"/>
    <testcase time="0" classname="character(0)" name="ard_survival_survdiff_works"/>
    <testcase time="0.00100000000000477" classname="character(0)" name="ard_survival_survdiff_works"/>
    <testcase time="0" classname="character(0)" name="ard_survival_survdiff_works"/>
    <testcase time="0.000999999999997669" classname="character(0)" name="ard_survival_survdiff_works"/>
    <testcase time="0" classname="character(0)" name="ard_survival_survdiff_works"/>
  </testsuite>
  <testsuite name="ard_survival_survdiff" timestamp="2025-03-03T16:08:34Z" hostname="2c8f26768b6c" tests="4" skipped="0" failures="0" errors="0" time="0.004">
    <testcase time="0.00200000000000244" classname="character(0)" name="ard_survival_survdiff_error_messaging"/>
    <testcase time="0.000999999999997669" classname="character(0)" name="ard_survival_survdiff_error_messaging"/>
    <testcase time="0" classname="character(0)" name="ard_survival_survdiff_error_messaging"/>
    <testcase time="0.000999999999997669" classname="character(0)" name="ard_survival_survdiff_error_messaging"/>
  </testsuite>
  <testsuite name="ard_survival_survdiff" timestamp="2025-03-03T16:08:34Z" hostname="2c8f26768b6c" tests="1" skipped="0" failures="0" errors="0" time="0.004">
    <testcase time="0.00400000000000489" classname="character(0)" name="ard_survival_survdiff_follows_ard_structure"/>
  </testsuite>
  <testsuite name="ard_survival_survfit" timestamp="2025-03-03T16:08:37Z" hostname="2c8f26768b6c" tests="1" skipped="0" failures="0" errors="0" time="3.104">
    <testcase time="3.104" classname="character(0)" name="ard_survival_survfit_works_with_times_provided"/>
  </testsuite>
  <testsuite name="ard_survival_survfit" timestamp="2025-03-03T16:08:37Z" hostname="2c8f26768b6c" tests="1" skipped="0" failures="0" errors="0" time="0.003">
    <testcase time="0.00300000000000011" classname="character(0)" name="ard_survival_survfit_works_with_different_type"/>
  </testsuite>
  <testsuite name="ard_survival_survfit" timestamp="2025-03-03T16:08:37Z" hostname="2c8f26768b6c" tests="1" skipped="0" failures="0" errors="0" time="0.003">
    <testcase time="0.00300000000000011" classname="character(0)" name="ard_survival_survfit_works_with_probs_provided"/>
  </testsuite>
  <testsuite name="ard_survival_survfit" timestamp="2025-03-03T16:08:37Z" hostname="2c8f26768b6c" tests="2" skipped="0" failures="0" errors="0" time="0.002">
    <testcase time="0.00199999999999534" classname="character(0)" name="ard_survival_survfit_works_with_unstratified_model"/>
    <testcase time="0" classname="character(0)" name="ard_survival_survfit_works_with_unstratified_model"/>
  </testsuite>
  <testsuite name="ard_survival_survfit" timestamp="2025-03-03T16:08:37Z" hostname="2c8f26768b6c" tests="2" skipped="0" failures="0" errors="0" time="0.002">
    <testcase time="0.00200000000000244" classname="character(0)" name="ard_survival_survfit_works_with_multiple_stratification_variables"/>
    <testcase time="0" classname="character(0)" name="ard_survival_survfit_works_with_multiple_stratification_variables"/>
  </testsuite>
  <testsuite name="ard_survival_survfit" timestamp="2025-03-03T16:08:37Z" hostname="2c8f26768b6c" tests="2" skipped="0" failures="0" errors="0" time="0.003">
    <testcase time="0.00200000000000244" classname="character(0)" name="ard_survival_survfit_works_with_competing_risks"/>
    <testcase time="0.000999999999997669" classname="character(0)" name="ard_survival_survfit_works_with_competing_risks"/>
  </testsuite>
  <testsuite name="ard_survival_survfit" timestamp="2025-03-03T16:08:37Z" hostname="2c8f26768b6c" tests="8" skipped="0" failures="1" errors="0" time="0.005">
    <testcase time="0.00200000000000244" classname="character(0)" name="ard_survival_survfit_errors_are_properly_handled"/>
    <testcase time="0" classname="character(0)" name="ard_survival_survfit_errors_are_properly_handled"/>
    <testcase time="0.000999999999997669" classname="character(0)" name="ard_survival_survfit_errors_are_properly_handled"/>
    <testcase time="0" classname="character(0)" name="ard_survival_survfit_errors_are_properly_handled"/>
    <testcase time="0.000999999999997669" classname="character(0)" name="ard_survival_survfit_errors_are_properly_handled"/>
    <testcase time="0" classname="character(0)" name="ard_survival_survfit_errors_are_properly_handled"/>
    <testcase time="0.00100000000000477" classname="character(0)" name="ard_survival_survfit_errors_are_properly_handled"/>
    <testcase time="0" classname="character(0)" name="ard_survival_survfit_errors_are_properly_handled">
      <failure type="failure" message="Snapshot of code has changed: ('test-ard_survival_survfit.R:154:3')">Snapshot of code has changed:
old[3:6] vs new[3:6]
    probs = c(0.25, 0.5, 0.75))
  Condition
    Error in `ard_survival_survfit()`:
-   ! The `y` argument must evaluate to an object of class &lt;Surv&gt; most often created with `survival::Surv()` or `ggsurvfit::Surv_CNSR()`.
+   ! The `y` argument must be a string or expression that evaluates to an object of class &lt;Surv&gt; most often created with `survival::Surv()` or `ggsurvfit::Surv_CNSR()`.

* Run `testthat::snapshot_accept('ard_survival_survfit')` to accept the change.
* Run `testthat::snapshot_review('ard_survival_survfit')` to interactively review the change.</failure>
    </testcase>
  </testsuite>
  <testsuite name="ard_survival_survfit" timestamp="2025-03-03T16:08:37Z" hostname="2c8f26768b6c" tests="1" skipped="0" failures="0" errors="0" time="0.025">
    <testcase time="0.0249999999999986" classname="character(0)" name="ard_survival_survfit_works_with_non_syntactic_names"/>
  </testsuite>
  <testsuite name="ard_survival_survfit" timestamp="2025-03-03T16:08:37Z" hostname="2c8f26768b6c" tests="1" skipped="0" failures="0" errors="0" time="0.002">
    <testcase time="0.00200000000000244" classname="character(0)" name="ard_survival_survfit_errors_with_stratified_Cox_model"/>
  </testsuite>
  <testsuite name="ard_survival_survfit" timestamp="2025-03-03T16:08:37Z" hostname="2c8f26768b6c" tests="1" skipped="0" failures="0" errors="0" time="0.002">
    <testcase time="0.00199999999999534" classname="character(0)" name="ard_survival_survfit_works_with_in_strata_variable_level_labels"/>
  </testsuite>
  <testsuite name="ard_survival_survfit" timestamp="2025-03-03T16:08:37Z" hostname="2c8f26768b6c" tests="1" skipped="0" failures="0" errors="0" time="0.002">
    <testcase time="0.00200000000000244" classname="character(0)" name="ard_survival_survfit_follows_ard_structure"/>
  </testsuite>
  <testsuite name="ard_survival_survfit" timestamp="2025-03-03T16:08:37Z" hostname="2c8f26768b6c" tests="1" skipped="0" failures="0" errors="0" time="0.001">
    <testcase time="0.000999999999997669" classname="character(0)" name="ard_survival_survfit_extends_to_times_outside_range"/>
  </testsuite>
  <testsuite name="ard_survival_survfit" timestamp="2025-03-03T16:08:37Z" hostname="2c8f26768b6c" tests="3" skipped="0" failures="0" errors="0" time="0.003">
    <testcase time="0.00200000000000244" classname="character(0)" name="ard_survival_survfit.data.frame_works_as_expected"/>
    <testcase time="0.000999999999997669" classname="character(0)" name="ard_survival_survfit.data.frame_works_as_expected"/>
    <testcase time="0" classname="character(0)" name="ard_survival_survfit.data.frame_works_as_expected"/>
  </testsuite>
  <testsuite name="ard_survival_survfit" timestamp="2025-03-03T16:08:37Z" hostname="2c8f26768b6c" tests="1" skipped="0" failures="0" errors="0" time="0.002">
    <testcase time="0.00200000000000244" classname="character(0)" name="ard_survival_survfit.data.frame_variables_NULL_for_unstratified_model"/>
  </testsuite>
  <testsuite name="ard_survival_survfit_diff" timestamp="2025-03-03T16:08:38Z" hostname="2c8f26768b6c" tests="4" skipped="0" failures="0" errors="0" time="0.615">
    <testcase time="0.613" classname="character(0)" name="ard_survival_survfit_diff_works"/>
    <testcase time="0" classname="character(0)" name="ard_survival_survfit_diff_works"/>
    <testcase time="0.000999999999997669" classname="character(0)" name="ard_survival_survfit_diff_works"/>
    <testcase time="0.00100000000000477" classname="character(0)" name="ard_survival_survfit_diff_works"/>
  </testsuite>
  <testsuite name="ard_survival_survfit_diff" timestamp="2025-03-03T16:08:38Z" hostname="2c8f26768b6c" tests="3" skipped="0" failures="0" errors="0" time="0.009">
    <testcase time="0.00799999999999557" classname="character(0)" name="ard_survival_survfit_diff_messaging"/>
    <testcase time="0.00100000000000477" classname="character(0)" name="ard_survival_survfit_diff_messaging"/>
    <testcase time="0" classname="character(0)" name="ard_survival_survfit_diff_messaging"/>
  </testsuite>
  <testsuite name="ard_survival_survfit_diff" timestamp="2025-03-03T16:08:38Z" hostname="2c8f26768b6c" tests="1" skipped="0" failures="0" errors="0" time="0.003">
    <testcase time="0.00300000000000011" classname="character(0)" name="ard_survival_survfit_diff_follows_ard_structure"/>
  </testsuite>
  <testsuite name="ard_total_n.survey.design" timestamp="2025-03-03T16:08:39Z" hostname="2c8f26768b6c" tests="1" skipped="0" failures="0" errors="0" time="0.416">
    <testcase time="0.415999999999997" classname="character(0)" name="ard_total_n.survey.design_works"/>
  </testsuite>
  <testsuite name="ard_total_n.survey.design" timestamp="2025-03-03T16:08:39Z" hostname="2c8f26768b6c" tests="1" skipped="0" failures="0" errors="0" time="0.002">
    <testcase time="0.00200000000000244" classname="character(0)" name="ard_total_n.survey.design_follows_ard_structure"/>
  </testsuite>
  <testsuite name="construction_helpers" timestamp="2025-03-03T16:08:41Z" hostname="2c8f26768b6c" tests="10" skipped="0" failures="0" errors="0" time="2.154">
    <testcase time="2.146" classname="character(0)" name="construct_model_works"/>
    <testcase time="0.000999999999997669" classname="character(0)" name="construct_model_works"/>
    <testcase time="0.000999999999997669" classname="character(0)" name="construct_model_works"/>
    <testcase time="0.00100000000000477" classname="character(0)" name="construct_model_works"/>
    <testcase time="0.000999999999997669" classname="character(0)" name="construct_model_works"/>
    <testcase time="0.000999999999997669" classname="character(0)" name="construct_model_works"/>
    <testcase time="0.00100000000000477" classname="character(0)" name="construct_model_works"/>
    <testcase time="0.000999999999997669" classname="character(0)" name="construct_model_works"/>
    <testcase time="0.000999999999997669" classname="character(0)" name="construct_model_works"/>
    <testcase time="0" classname="character(0)" name="construct_model_works"/>
  </testsuite>
  <testsuite name="construction_helpers" timestamp="2025-03-03T16:08:41Z" hostname="2c8f26768b6c" tests="6" skipped="0" failures="0" errors="0" time="0.008">
    <testcase time="0.00399999999999778" classname="character(0)" name="construct_model_messaging"/>
    <testcase time="0.00100000000000477" classname="character(0)" name="construct_model_messaging"/>
    <testcase time="0.000999999999997669" classname="character(0)" name="construct_model_messaging"/>
    <testcase time="0" classname="character(0)" name="construct_model_messaging"/>
    <testcase time="0.000999999999997669" classname="character(0)" name="construct_model_messaging"/>
    <testcase time="0.00100000000000477" classname="character(0)" name="construct_model_messaging"/>
  </testsuite>
  <testsuite name="proportion_ci" timestamp="2025-03-03T16:08:42Z" hostname="2c8f26768b6c" tests="34" skipped="0" failures="0" errors="0" time="1.716">
    <testcase time="1.69" classname="character(0)" name="check_the_proportion_ci__functions_work"/>
    <testcase time="0.000999999999997669" classname="character(0)" name="check_the_proportion_ci__functions_work"/>
    <testcase time="0.00100000000000477" classname="character(0)" name="check_the_proportion_ci__functions_work"/>
    <testcase time="0.000999999999997669" classname="character(0)" name="check_the_proportion_ci__functions_work"/>
    <testcase time="0.000999999999997669" classname="character(0)" name="check_the_proportion_ci__functions_work"/>
    <testcase time="0" classname="character(0)" name="check_the_proportion_ci__functions_work"/>
    <testcase time="0.00100000000000477" classname="character(0)" name="check_the_proportion_ci__functions_work"/>
    <testcase time="0.000999999999997669" classname="character(0)" name="check_the_proportion_ci__functions_work"/>
    <testcase time="0.000999999999997669" classname="character(0)" name="check_the_proportion_ci__functions_work"/>
    <testcase time="0.00100000000000477" classname="character(0)" name="check_the_proportion_ci__functions_work"/>
    <testcase time="0.000999999999997669" classname="character(0)" name="check_the_proportion_ci__functions_work"/>
    <testcase time="0.000999999999997669" classname="character(0)" name="check_the_proportion_ci__functions_work"/>
    <testcase time="0.00100000000000477" classname="character(0)" name="check_the_proportion_ci__functions_work"/>
    <testcase time="0.000999999999997669" classname="character(0)" name="check_the_proportion_ci__functions_work"/>
    <testcase time="0.000999999999997669" classname="character(0)" name="check_the_proportion_ci__functions_work"/>
    <testcase time="0.00100000000000477" classname="character(0)" name="check_the_proportion_ci__functions_work"/>
    <testcase time="0.000999999999997669" classname="character(0)" name="check_the_proportion_ci__functions_work"/>
    <testcase time="0.000999999999997669" classname="character(0)" name="check_the_proportion_ci__functions_work"/>
    <testcase time="0" classname="character(0)" name="check_the_proportion_ci__functions_work"/>
    <testcase time="0" classname="character(0)" name="check_the_proportion_ci__functions_work"/>
    <testcase time="0.000999999999997669" classname="character(0)" name="check_the_proportion_ci__functions_work"/>
    <testcase time="0.000999999999997669" classname="character(0)" name="check_the_proportion_ci__functions_work"/>
    <testcase time="0.00100000000000477" classname="character(0)" name="check_the_proportion_ci__functions_work"/>
    <testcase time="0.000999999999997669" classname="character(0)" name="check_the_proportion_ci__functions_work"/>
    <testcase time="0.000999999999997669" classname="character(0)" name="check_the_proportion_ci__functions_work"/>
    <testcase time="0" classname="character(0)" name="check_the_proportion_ci__functions_work"/>
    <testcase time="0.00100000000000477" classname="character(0)" name="check_the_proportion_ci__functions_work"/>
    <testcase time="0.000999999999997669" classname="character(0)" name="check_the_proportion_ci__functions_work"/>
    <testcase time="0" classname="character(0)" name="check_the_proportion_ci__functions_work"/>
    <testcase time="0.000999999999997669" classname="character(0)" name="check_the_proportion_ci__functions_work"/>
    <testcase time="0" classname="character(0)" name="check_the_proportion_ci__functions_work"/>
    <testcase time="0.00100000000000477" classname="character(0)" name="check_the_proportion_ci__functions_work"/>
    <testcase time="0" classname="character(0)" name="check_the_proportion_ci__functions_work"/>
    <testcase time="0.000999999999997669" classname="character(0)" name="check_the_proportion_ci__functions_work"/>
  </testsuite>
  <testsuite name="proportion_ci" timestamp="2025-03-03T16:08:42Z" hostname="2c8f26768b6c" tests="10" skipped="0" failures="0" errors="0" time="0.006">
    <testcase time="0.00200000000000244" classname="character(0)" name="check_the_proportion_ci_strat_wilson_function_works"/>
    <testcase time="0.000999999999997669" classname="character(0)" name="check_the_proportion_ci_strat_wilson_function_works"/>
    <testcase time="0" classname="character(0)" name="check_the_proportion_ci_strat_wilson_function_works"/>
    <testcase time="0.000999999999997669" classname="character(0)" name="check_the_proportion_ci_strat_wilson_function_works"/>
    <testcase time="0" classname="character(0)" name="check_the_proportion_ci_strat_wilson_function_works"/>
    <testcase time="0.00100000000000477" classname="character(0)" name="check_the_proportion_ci_strat_wilson_function_works"/>
    <testcase time="0" classname="character(0)" name="check_the_proportion_ci_strat_wilson_function_works"/>
    <testcase time="0.000999999999997669" classname="character(0)" name="check_the_proportion_ci_strat_wilson_function_works"/>
    <testcase time="0" classname="character(0)" name="check_the_proportion_ci_strat_wilson_function_works"/>
    <testcase time="0" classname="character(0)" name="check_the_proportion_ci_strat_wilson_function_works"/>
  </testsuite>
  <testsuite name="ard_continuous.survey.design" timestamp="2025-03-03T16:08:58Z" hostname="2c8f26768b6c" tests="12" skipped="0" failures="0" errors="0" time="15.635">
    <testcase time="15.63" classname="character(0)" name="unstratified_ard_continuous.survey.design_works"/>
    <testcase time="0" classname="character(0)" name="unstratified_ard_continuous.survey.design_works"/>
    <testcase time="0.000999999999990564" classname="character(0)" name="unstratified_ard_continuous.survey.design_works"/>
    <testcase time="0" classname="character(0)" name="unstratified_ard_continuous.survey.design_works"/>
    <testcase time="0.00100000000000477" classname="character(0)" name="unstratified_ard_continuous.survey.design_works"/>
    <testcase time="0" classname="character(0)" name="unstratified_ard_continuous.survey.design_works"/>
    <testcase time="0.00100000000000477" classname="character(0)" name="unstratified_ard_continuous.survey.design_works"/>
    <testcase time="0" classname="character(0)" name="unstratified_ard_continuous.survey.design_works"/>
    <testcase time="0.000999999999990564" classname="character(0)" name="unstratified_ard_continuous.survey.design_works"/>
    <testcase time="0" classname="character(0)" name="unstratified_ard_continuous.survey.design_works"/>
    <testcase time="0.00100000000000477" classname="character(0)" name="unstratified_ard_continuous.survey.design_works"/>
    <testcase time="0" classname="character(0)" name="unstratified_ard_continuous.survey.design_works"/>
  </testsuite>
  <testsuite name="ard_continuous.survey.design" timestamp="2025-03-03T16:08:58Z" hostname="2c8f26768b6c" tests="11" skipped="0" failures="0" errors="0" time="0.007">
    <testcase time="0.00199999999999534" classname="character(0)" name="stratified_ard_continuous.survey.design_works"/>
    <testcase time="0.00100000000000477" classname="character(0)" name="stratified_ard_continuous.survey.design_works"/>
    <testcase time="0" classname="character(0)" name="stratified_ard_continuous.survey.design_works"/>
    <testcase time="0.00100000000000477" classname="character(0)" name="stratified_ard_continuous.survey.design_works"/>
    <testcase time="0" classname="character(0)" name="stratified_ard_continuous.survey.design_works"/>
    <testcase time="0.000999999999990564" classname="character(0)" name="stratified_ard_continuous.survey.design_works"/>
    <testcase time="0" classname="character(0)" name="stratified_ard_continuous.survey.design_works"/>
    <testcase time="0.00100000000000477" classname="character(0)" name="stratified_ard_continuous.survey.design_works"/>
    <testcase time="0" classname="character(0)" name="stratified_ard_continuous.survey.design_works"/>
    <testcase time="0.00100000000000477" classname="character(0)" name="stratified_ard_continuous.survey.design_works"/>
    <testcase time="0" classname="character(0)" name="stratified_ard_continuous.survey.design_works"/>
  </testsuite>
  <testsuite name="ard_continuous.survey.design" timestamp="2025-03-03T16:08:58Z" hostname="2c8f26768b6c" tests="4" skipped="0" failures="0" errors="0" time="0.003">
    <testcase time="0.00199999999999534" classname="character(0)" name="ard_continuous.survey.design_NA_handling"/>
    <testcase time="0" classname="character(0)" name="ard_continuous.survey.design_NA_handling"/>
    <testcase time="0.00100000000000477" classname="character(0)" name="ard_continuous.survey.design_NA_handling"/>
    <testcase time="0" classname="character(0)" name="ard_continuous.survey.design_NA_handling"/>
  </testsuite>
  <testsuite name="ard_continuous.survey.design" timestamp="2025-03-03T16:08:58Z" hostname="2c8f26768b6c" tests="2" skipped="0" failures="0" errors="0" time="0.003">
    <testcase time="0.00199999999999534" classname="character(0)" name="ard_continuous.survey.design_error_handling"/>
    <testcase time="0.00100000000000477" classname="character(0)" name="ard_continuous.survey.design_error_handling"/>
  </testsuite>
  <testsuite name="ard_continuous.survey.design" timestamp="2025-03-03T16:08:58Z" hostname="2c8f26768b6c" tests="1" skipped="0" failures="0" errors="0" time="0.002">
    <testcase time="0.00199999999999534" classname="character(0)" name="ard_continuous.survey.design_fmt_fn_"/>
  </testsuite>
  <testsuite name="ard_continuous.survey.design" timestamp="2025-03-03T16:08:58Z" hostname="2c8f26768b6c" tests="1" skipped="0" failures="0" errors="0" time="0.001">
    <testcase time="0.00100000000000477" classname="character(0)" name="ard_continuous.survey.design_stat_label_"/>
  </testsuite>
  <testsuite name="ard_continuous.survey.design" timestamp="2025-03-03T16:08:58Z" hostname="2c8f26768b6c" tests="2" skipped="0" failures="0" errors="0" time="0.003">
    <testcase time="0.00199999999999534" classname="character(0)" name="ard_continuous.survey.design_by_unobserved_levels_combinations"/>
    <testcase time="0.00100000000000477" classname="character(0)" name="ard_continuous.survey.design_by_unobserved_levels_combinations"/>
  </testsuite>
  <testsuite name="ard_continuous.survey.design" timestamp="2025-03-03T16:08:58Z" hostname="2c8f26768b6c" tests="19" skipped="0" failures="0" errors="0" time="0.01">
    <testcase time="0.00199999999999534" classname="character(0)" name="ard_continuous.survey.design_works_when_using_generic_names_"/>
    <testcase time="0" classname="character(0)" name="ard_continuous.survey.design_works_when_using_generic_names_"/>
    <testcase time="0.00100000000000477" classname="character(0)" name="ard_continuous.survey.design_works_when_using_generic_names_"/>
    <testcase time="0" classname="character(0)" name="ard_continuous.survey.design_works_when_using_generic_names_"/>
    <testcase time="0.000999999999990564" classname="character(0)" name="ard_continuous.survey.design_works_when_using_generic_names_"/>
    <testcase time="0" classname="character(0)" name="ard_continuous.survey.design_works_when_using_generic_names_"/>
    <testcase time="0.00100000000000477" classname="character(0)" name="ard_continuous.survey.design_works_when_using_generic_names_"/>
    <testcase time="0" classname="character(0)" name="ard_continuous.survey.design_works_when_using_generic_names_"/>
    <testcase time="0.00100000000000477" classname="character(0)" name="ard_continuous.survey.design_works_when_using_generic_names_"/>
    <testcase time="0" classname="character(0)" name="ard_continuous.survey.design_works_when_using_generic_names_"/>
    <testcase time="0" classname="character(0)" name="ard_continuous.survey.design_works_when_using_generic_names_"/>
    <testcase time="0.000999999999990564" classname="character(0)" name="ard_continuous.survey.design_works_when_using_generic_names_"/>
    <testcase time="0" classname="character(0)" name="ard_continuous.survey.design_works_when_using_generic_names_"/>
    <testcase time="0.00100000000000477" classname="character(0)" name="ard_continuous.survey.design_works_when_using_generic_names_"/>
    <testcase time="0" classname="character(0)" name="ard_continuous.survey.design_works_when_using_generic_names_"/>
    <testcase time="0.00100000000000477" classname="character(0)" name="ard_continuous.survey.design_works_when_using_generic_names_"/>
    <testcase time="0" classname="character(0)" name="ard_continuous.survey.design_works_when_using_generic_names_"/>
    <testcase time="0" classname="character(0)" name="ard_continuous.survey.design_works_when_using_generic_names_"/>
    <testcase time="0.00100000000000477" classname="character(0)" name="ard_continuous.survey.design_works_when_using_generic_names_"/>
  </testsuite>
  <testsuite name="ard_continuous.survey.design" timestamp="2025-03-03T16:08:58Z" hostname="2c8f26768b6c" tests="1" skipped="0" failures="0" errors="0" time="0.001">
    <testcase time="0.00100000000000477" classname="character(0)" name="ard_continuous.survey.design_follows_ard_structure"/>
  </testsuite>
  <testsuite name="ard_continuous.survey.design" timestamp="2025-03-03T16:08:58Z" hostname="2c8f26768b6c" tests="4" skipped="0" failures="0" errors="0" time="0.004">
    <testcase time="0.00199999999999534" classname="character(0)" name="ard_continuous.survey.design_original_types_are_retained"/>
    <testcase time="0.00100000000000477" classname="character(0)" name="ard_continuous.survey.design_original_types_are_retained"/>
    <testcase time="0" classname="character(0)" name="ard_continuous.survey.design_original_types_are_retained"/>
    <testcase time="0.000999999999990564" classname="character(0)" name="ard_continuous.survey.design_original_types_are_retained"/>
  </testsuite>
</testsuites>
