<?xml version="1.0" encoding="UTF-8"?>
<testsuites>
  <testsuite name="ard_chisqtest" timestamp="2024-03-08T00:38:32Z" hostname="0d851f253bc5" tests="2" skipped="0" failures="0" errors="0" time="0.943">
    <testcase time="0.925" classname="character(0)" name="ard_chisqtest_works"/>
    <testcase time="0.018" classname="character(0)" name="ard_chisqtest_works"/>
  </testsuite>
  <testsuite name="ard_chisqtest" timestamp="2024-03-08T00:38:32Z" hostname="0d851f253bc5" tests="1" skipped="1" failures="0" errors="0" time="0.007">
    <testcase time="0.0069999999999999" classname="character(0)" name="shuffle_ard_fills_missing_group_levels_if_the_group_is_meaningful">
      <skipped message="Reason: On CRAN ('test-ard_chisqtest.R:25:3')"/>
    </testcase>
  </testsuite>
  <testsuite name="ard_car_anova" timestamp="2024-03-08T00:38:33Z" hostname="0d851f253bc5" tests="3" skipped="1" failures="0" errors="0" time="0.838">
    <testcase time="0.836" classname="character(0)" name="ard_car_anova_works"/>
    <testcase time="0.00099999999999989" classname="character(0)" name="ard_car_anova_works"/>
    <testcase time="0.00100000000000033" classname="character(0)" name="ard_car_anova_works">
      <skipped message="Reason: On CRAN ('test-ard_car_anova.R:10:3')"/>
    </testcase>
  </testsuite>
  <testsuite name="ard_car_anova" timestamp="2024-03-08T00:38:33Z" hostname="0d851f253bc5" tests="1" skipped="1" failures="0" errors="0" time="0.027">
    <testcase time="0.0269999999999997" classname="character(0)" name="ard_car_anova_messaging">
      <skipped message="Reason: On CRAN ('test-ard_car_anova.R:14:3')"/>
    </testcase>
  </testsuite>
  <testsuite name="ard_fishertest" timestamp="2024-03-08T00:38:33Z" hostname="0d851f253bc5" tests="2" skipped="0" failures="0" errors="0" time="0.19">
    <testcase time="0.189" classname="character(0)" name="ard_fishertest_works"/>
    <testcase time="0.00099999999999989" classname="character(0)" name="ard_fishertest_works"/>
  </testsuite>
  <testsuite name="ard_cohens_d" timestamp="2024-03-08T00:38:33Z" hostname="0d851f253bc5" tests="3" skipped="1" failures="0" errors="0" time="0.265">
    <testcase time="0.264" classname="character(0)" name="ard_cohens_d_works"/>
    <testcase time="0.00099999999999989" classname="character(0)" name="ard_cohens_d_works"/>
    <testcase time="0" classname="character(0)" name="ard_cohens_d_works">
      <skipped message="Reason: On CRAN ('test-ard_cohens_d.R:26:3')"/>
    </testcase>
  </testsuite>
  <testsuite name="ard_cohens_d" timestamp="2024-03-08T00:38:33Z" hostname="0d851f253bc5" tests="3" skipped="1" failures="0" errors="0" time="0.012">
    <testcase time="0.0110000000000001" classname="character(0)" name="ard_paired_cohens_d_works"/>
    <testcase time="0" classname="character(0)" name="ard_paired_cohens_d_works"/>
    <testcase time="0.00099999999999989" classname="character(0)" name="ard_paired_cohens_d_works">
      <skipped message="Reason: On CRAN ('test-ard_cohens_d.R:72:3')"/>
    </testcase>
  </testsuite>
  <testsuite name="ard_hedges_g" timestamp="2024-03-08T00:38:33Z" hostname="0d851f253bc5" tests="3" skipped="1" failures="0" errors="0" time="0.082">
    <testcase time="0.081" classname="character(0)" name="ard_hedges_g_works"/>
    <testcase time="0.00100000000000033" classname="character(0)" name="ard_hedges_g_works"/>
    <testcase time="0" classname="character(0)" name="ard_hedges_g_works">
      <skipped message="Reason: On CRAN ('test-ard_hedges_g.R:25:3')"/>
    </testcase>
  </testsuite>
  <testsuite name="ard_hedges_g" timestamp="2024-03-08T00:38:33Z" hostname="0d851f253bc5" tests="3" skipped="1" failures="0" errors="0" time="0.021">
    <testcase time="0.0179999999999998" classname="character(0)" name="ard_paired_hedges_g_works"/>
    <testcase time="0.00300000000000011" classname="character(0)" name="ard_paired_hedges_g_works"/>
    <testcase time="0" classname="character(0)" name="ard_paired_hedges_g_works">
      <skipped message="Reason: On CRAN ('test-ard_hedges_g.R:71:3')"/>
    </testcase>
  </testsuite>
  <testsuite name="ard_kruskaltest" timestamp="2024-03-08T00:38:33Z" hostname="0d851f253bc5" tests="3" skipped="1" failures="0" errors="0" time="0.076">
    <testcase time="0.0750000000000002" classname="character(0)" name="ard_kurskaltest_works"/>
    <testcase time="0.00099999999999989" classname="character(0)" name="ard_kurskaltest_works"/>
    <testcase time="0" classname="character(0)" name="ard_kurskaltest_works">
      <skipped message="Reason: On CRAN ('test-ard_kruskaltest.R:22:3')"/>
    </testcase>
  </testsuite>
  <testsuite name="ard_mcnemartest" timestamp="2024-03-08T00:38:34Z" hostname="0d851f253bc5" tests="4" skipped="0" failures="0" errors="0" time="0.249">
    <testcase time="0.247" classname="character(0)" name="ard_mcnemartest_works"/>
    <testcase time="0.00099999999999989" classname="character(0)" name="ard_mcnemartest_works"/>
    <testcase time="0" classname="character(0)" name="ard_mcnemartest_works"/>
    <testcase time="0.00100000000000033" classname="character(0)" name="ard_mcnemartest_works"/>
  </testsuite>
  <testsuite name="ard_moodtest" timestamp="2024-03-08T00:38:34Z" hostname="0d851f253bc5" tests="3" skipped="1" failures="0" errors="0" time="0.027">
    <testcase time="0.0249999999999999" classname="character(0)" name="ard_moodtest_works"/>
    <testcase time="0.00099999999999989" classname="character(0)" name="ard_moodtest_works"/>
    <testcase time="0.00099999999999989" classname="character(0)" name="ard_moodtest_works">
      <skipped message="Reason: On CRAN ('test-ard_moodtest.R:22:3')"/>
    </testcase>
  </testsuite>
  <testsuite name="ard_proportion_ci" timestamp="2024-03-08T00:38:34Z" hostname="0d851f253bc5" tests="1" skipped="0" failures="0" errors="0" time="0.439">
    <testcase time="0.439" classname="character(0)" name="ard_proportion_ci_works"/>
  </testsuite>
  <testsuite name="ard_proportion_ci" timestamp="2024-03-08T00:38:34Z" hostname="0d851f253bc5" tests="2" skipped="1" failures="0" errors="0" time="0.003">
    <testcase time="0.00300000000000011" classname="character(0)" name="ard_proportion_ci_method_strat_wilson_works"/>
    <testcase time="0" classname="character(0)" name="ard_proportion_ci_method_strat_wilson_works">
      <skipped message="Reason: On CRAN ('test-ard_proportion_ci.R:52:3')"/>
    </testcase>
  </testsuite>
  <testsuite name="ard_proptest" timestamp="2024-03-08T00:38:34Z" hostname="0d851f253bc5" tests="2" skipped="0" failures="0" errors="0" time="0.017">
    <testcase time="0.016" classname="character(0)" name="ard_proptest_works"/>
    <testcase time="0.00099999999999989" classname="character(0)" name="ard_proptest_works"/>
  </testsuite>
  <testsuite name="ard_proptest" timestamp="2024-03-08T00:38:34Z" hostname="0d851f253bc5" tests="8" skipped="0" failures="0" errors="0" time="0.004">
    <testcase time="0.00099999999999989" classname="character(0)" name="ard_proptest_error_messaging"/>
    <testcase time="0" classname="character(0)" name="ard_proptest_error_messaging"/>
    <testcase time="0.00100000000000033" classname="character(0)" name="ard_proptest_error_messaging"/>
    <testcase time="0" classname="character(0)" name="ard_proptest_error_messaging"/>
    <testcase time="0.00099999999999989" classname="character(0)" name="ard_proptest_error_messaging"/>
    <testcase time="0" classname="character(0)" name="ard_proptest_error_messaging"/>
    <testcase time="0.00099999999999989" classname="character(0)" name="ard_proptest_error_messaging"/>
    <testcase time="0" classname="character(0)" name="ard_proptest_error_messaging"/>
  </testsuite>
  <testsuite name="ard_regression_basic" timestamp="2024-03-08T00:38:35Z" hostname="0d851f253bc5" tests="2" skipped="1" failures="0" errors="0" time="0.474">
    <testcase time="0.474" classname="character(0)" name="ard_regression_basic_works"/>
    <testcase time="0" classname="character(0)" name="ard_regression_basic_works">
      <skipped message="Reason: On CRAN ('test-ard_regression_basic.R:10:3')"/>
    </testcase>
  </testsuite>
  <testsuite name="ard_smd" timestamp="2024-03-08T00:38:35Z" hostname="0d851f253bc5" tests="2" skipped="0" failures="0" errors="0" time="0.159">
    <testcase time="0.159000000000001" classname="character(0)" name="ard_smd_works"/>
    <testcase time="0" classname="character(0)" name="ard_smd_works"/>
  </testsuite>
  <testsuite name="ard_smd" timestamp="2024-03-08T00:38:35Z" hostname="0d851f253bc5" tests="4" skipped="0" failures="0" errors="0" time="0.003">
    <testcase time="0.00199999999999978" classname="character(0)" name="ard_proptest_error_messaging"/>
    <testcase time="0" classname="character(0)" name="ard_proptest_error_messaging"/>
    <testcase time="0.00100000000000033" classname="character(0)" name="ard_proptest_error_messaging"/>
    <testcase time="0" classname="character(0)" name="ard_proptest_error_messaging"/>
  </testsuite>
  <testsuite name="ard_regression" timestamp="2024-03-08T00:38:35Z" hostname="0d851f253bc5" tests="1" skipped="1" failures="0" errors="0" time="0.272">
    <testcase time="0.271999999999999" classname="character(0)" name="ard_regression_works">
      <skipped message="Reason: On CRAN ('test-ard_regression.R:4:3')"/>
    </testcase>
  </testsuite>
  <testsuite name="ard_ttest" timestamp="2024-03-08T00:38:35Z" hostname="0d851f253bc5" tests="3" skipped="1" failures="0" errors="0" time="0.341">
    <testcase time="0.339" classname="character(0)" name="ard_ttest_works"/>
    <testcase time="0.000999999999999446" classname="character(0)" name="ard_ttest_works"/>
    <testcase time="0.00100000000000033" classname="character(0)" name="ard_ttest_works">
      <skipped message="Reason: On CRAN ('test-ard_ttest.R:27:3')"/>
    </testcase>
  </testsuite>
  <testsuite name="ard_ttest" timestamp="2024-03-08T00:38:35Z" hostname="0d851f253bc5" tests="3" skipped="1" failures="0" errors="0" time="0.019">
    <testcase time="0.0170000000000003" classname="character(0)" name="ard_paired_ttest_works"/>
    <testcase time="0.000999999999999446" classname="character(0)" name="ard_paired_ttest_works"/>
    <testcase time="0.00100000000000033" classname="character(0)" name="ard_paired_ttest_works">
      <skipped message="Reason: On CRAN ('test-ard_ttest.R:72:3')"/>
    </testcase>
  </testsuite>
  <testsuite name="ard_wilcoxtest" timestamp="2024-03-08T00:38:36Z" hostname="0d851f253bc5" tests="3" skipped="0" failures="0" errors="0" time="0.349">
    <testcase time="0.348" classname="character(0)" name="ard_wilcoxtest_works"/>
    <testcase time="0.00100000000000033" classname="character(0)" name="ard_wilcoxtest_works"/>
    <testcase time="0" classname="character(0)" name="ard_wilcoxtest_works"/>
  </testsuite>
  <testsuite name="ard_wilcoxtest" timestamp="2024-03-08T00:38:36Z" hostname="0d851f253bc5" tests="3" skipped="0" failures="0" errors="0" time="0.003">
    <testcase time="0.00199999999999978" classname="character(0)" name="ard_paired_wilcoxtest_works"/>
    <testcase time="0" classname="character(0)" name="ard_paired_wilcoxtest_works"/>
    <testcase time="0.00100000000000033" classname="character(0)" name="ard_paired_wilcoxtest_works"/>
  </testsuite>
  <testsuite name="proportion_ci" timestamp="2024-03-08T00:38:36Z" hostname="0d851f253bc5" tests="1" skipped="1" failures="0" errors="0" time="0.122">
    <testcase time="0.122" classname="character(0)" name="check_the_proportion_ci__functions_work">
      <skipped message="Reason: On CRAN ('test-proportion_ci.R:12:3')"/>
    </testcase>
  </testsuite>
  <testsuite name="proportion_ci" timestamp="2024-03-08T00:38:36Z" hostname="0d851f253bc5" tests="1" skipped="1" failures="0" errors="0" time="0.01">
    <testcase time="0.00999999999999979" classname="character(0)" name="check_the_proportion_ci_strat_wilson_function_works">
      <skipped message="Reason: On CRAN ('test-proportion_ci.R:138:3')"/>
    </testcase>
  </testsuite>
  <testsuite name="ard_svy_continuous" timestamp="2024-03-08T00:38:36Z" hostname="0d851f253bc5" tests="12" skipped="1" failures="0" errors="0" time="0.65">
    <testcase time="0.644" classname="character(0)" name="unstratified_ard_svy_continuous_works"/>
    <testcase time="0.000999999999999446" classname="character(0)" name="unstratified_ard_svy_continuous_works"/>
    <testcase time="0" classname="character(0)" name="unstratified_ard_svy_continuous_works"/>
    <testcase time="0.00100000000000033" classname="character(0)" name="unstratified_ard_svy_continuous_works"/>
    <testcase time="0" classname="character(0)" name="unstratified_ard_svy_continuous_works"/>
    <testcase time="0.00100000000000033" classname="character(0)" name="unstratified_ard_svy_continuous_works"/>
    <testcase time="0" classname="character(0)" name="unstratified_ard_svy_continuous_works"/>
    <testcase time="0.000999999999999446" classname="character(0)" name="unstratified_ard_svy_continuous_works"/>
    <testcase time="0" classname="character(0)" name="unstratified_ard_svy_continuous_works"/>
    <testcase time="0.00100000000000033" classname="character(0)" name="unstratified_ard_svy_continuous_works"/>
    <testcase time="0" classname="character(0)" name="unstratified_ard_svy_continuous_works"/>
    <testcase time="0.00100000000000033" classname="character(0)" name="unstratified_ard_svy_continuous_works">
      <skipped message="Reason: On CRAN ('test-ard_svy_continuous.R:70:3')"/>
    </testcase>
  </testsuite>
  <testsuite name="ard_svy_continuous" timestamp="2024-03-08T00:38:36Z" hostname="0d851f253bc5" tests="11" skipped="0" failures="0" errors="0" time="0.017">
    <testcase time="0.0119999999999996" classname="character(0)" name="stratified_ard_svy_continuous_works"/>
    <testcase time="0.00100000000000033" classname="character(0)" name="stratified_ard_svy_continuous_works"/>
    <testcase time="0" classname="character(0)" name="stratified_ard_svy_continuous_works"/>
    <testcase time="0.000999999999999446" classname="character(0)" name="stratified_ard_svy_continuous_works"/>
    <testcase time="0" classname="character(0)" name="stratified_ard_svy_continuous_works"/>
    <testcase time="0.00100000000000033" classname="character(0)" name="stratified_ard_svy_continuous_works"/>
    <testcase time="0" classname="character(0)" name="stratified_ard_svy_continuous_works"/>
    <testcase time="0.00100000000000033" classname="character(0)" name="stratified_ard_svy_continuous_works"/>
    <testcase time="0" classname="character(0)" name="stratified_ard_svy_continuous_works"/>
    <testcase time="0.000999999999999446" classname="character(0)" name="stratified_ard_svy_continuous_works"/>
    <testcase time="0" classname="character(0)" name="stratified_ard_svy_continuous_works"/>
  </testsuite>
  <testsuite name="ard_svy_continuous" timestamp="2024-03-08T00:38:36Z" hostname="0d851f253bc5" tests="4" skipped="0" failures="0" errors="0" time="0.003">
    <testcase time="0.00199999999999978" classname="character(0)" name="ard_svy_continuous_NA_handling"/>
    <testcase time="0" classname="character(0)" name="ard_svy_continuous_NA_handling"/>
    <testcase time="0.00100000000000033" classname="character(0)" name="ard_svy_continuous_NA_handling"/>
    <testcase time="0" classname="character(0)" name="ard_svy_continuous_NA_handling"/>
  </testsuite>
  <testsuite name="ard_svy_continuous" timestamp="2024-03-08T00:38:36Z" hostname="0d851f253bc5" tests="1" skipped="1" failures="0" errors="0" time="0.001">
    <testcase time="0.00100000000000033" classname="character(0)" name="ard_svy_continuous_error_handling">
      <skipped message="Reason: On CRAN ('test-ard_svy_continuous.R:235:3')"/>
    </testcase>
  </testsuite>
  <testsuite name="ard_svy_continuous" timestamp="2024-03-08T00:38:37Z" hostname="0d851f253bc5" tests="1" skipped="1" failures="0" errors="0" time="0.01">
    <testcase time="0.00999999999999979" classname="character(0)" name="ard_svy_continuous_fmt_fn_">
      <skipped message="Reason: On CRAN ('test-ard_svy_continuous.R:265:3')"/>
    </testcase>
  </testsuite>
  <testsuite name="ard_svy_continuous" timestamp="2024-03-08T00:38:37Z" hostname="0d851f253bc5" tests="1" skipped="1" failures="0" errors="0" time="0.01">
    <testcase time="0.00999999999999979" classname="character(0)" name="ard_svy_continuous_stat_label_">
      <skipped message="Reason: On CRAN ('test-ard_svy_continuous.R:279:3')"/>
    </testcase>
  </testsuite>
</testsuites>
