<?xml version="1.0" encoding="UTF-8"?>
<testsuites>
  <testsuite name="ard_fishertest" timestamp="2024-02-19T17:24:50Z" hostname="bc8755ebdbe8" tests="2" skipped="0" failures="0" errors="0" time="0.711">
    <testcase time="0.697" classname="character(0)" name="ard_fishertest_works"/>
    <testcase time="0.014" classname="character(0)" name="ard_fishertest_works"/>
  </testsuite>
  <testsuite name="ard_chisqtest" timestamp="2024-02-19T17:24:50Z" hostname="bc8755ebdbe8" tests="2" skipped="0" failures="0" errors="0" time="0.172">
    <testcase time="0.171" classname="character(0)" name="ard_chisqtest_works"/>
    <testcase time="0.00099999999999989" classname="character(0)" name="ard_chisqtest_works"/>
  </testsuite>
  <testsuite name="ard_chisqtest" timestamp="2024-02-19T17:24:50Z" hostname="bc8755ebdbe8" tests="1" skipped="1" failures="0" errors="0" time="0.01">
    <testcase time="0.01" classname="character(0)" name="shuffle_ard_fills_missing_group_levels_if_the_group_is_meaningful">
      <skipped message="Reason: On CRAN ('test-ard_chisqtest.R:23:3')"/>
    </testcase>
  </testsuite>
  <testsuite name="ard_kruskaltest" timestamp="2024-02-19T17:24:50Z" hostname="bc8755ebdbe8" tests="3" skipped="1" failures="0" errors="0" time="0.031">
    <testcase time="0.03" classname="character(0)" name="ard_kurskaltest_works"/>
    <testcase time="0.00100000000000011" classname="character(0)" name="ard_kurskaltest_works"/>
    <testcase time="0" classname="character(0)" name="ard_kurskaltest_works">
      <skipped message="Reason: On CRAN ('test-ard_kruskaltest.R:20:3')"/>
    </testcase>
  </testsuite>
  <testsuite name="ard_moodtest" timestamp="2024-02-19T17:24:51Z" hostname="bc8755ebdbe8" tests="6" skipped="1" failures="1" errors="0" time="0.169">
    <testcase time="0.149" classname="character(0)" name="ard_moodtest_works"/>
    <testcase time="0.00099999999999989" classname="character(0)" name="ard_moodtest_works"/>
    <testcase time="0.00100000000000011" classname="character(0)" name="ard_moodtest_works"/>
    <testcase time="0.00099999999999989" classname="character(0)" name="ard_moodtest_works"/>
    <testcase time="0.00100000000000011" classname="character(0)" name="ard_moodtest_works">
      <failure type="failure" message="cards::get_ard_statistics(...) (`actual`) not equal to unclass(...) (`expected`). ('test-ard_moodtest.R:9:3')">cards::get_ard_statistics(...) (`actual`) not equal to unclass(...) (`expected`).

`actual[[1]]` is NULL
`expected[[1]]` is a double vector (0.129219384941014)

`actual[[2]]` is NULL
`expected[[2]]` is a double vector (0.897184057839456)

`actual[[3]]` is NULL
`expected[[3]]` is a character vector ('two.sided')</failure>
    </testcase>
    <testcase time="0.016" classname="character(0)" name="ard_moodtest_works">
      <skipped message="Reason: On CRAN ('test-ard_moodtest.R:23:3')"/>
    </testcase>
  </testsuite>
  <testsuite name="ard_proportion_ci" timestamp="2024-02-19T17:24:51Z" hostname="bc8755ebdbe8" tests="1" skipped="0" failures="0" errors="0" time="0.281">
    <testcase time="0.281" classname="character(0)" name="ard_proportion_ci_works"/>
  </testsuite>
  <testsuite name="ard_proportion_ci" timestamp="2024-02-19T17:24:51Z" hostname="bc8755ebdbe8" tests="2" skipped="1" failures="0" errors="0" time="0.002">
    <testcase time="0.00200000000000022" classname="character(0)" name="ard_proportion_ci_method_strat_wilson_works"/>
    <testcase time="0" classname="character(0)" name="ard_proportion_ci_method_strat_wilson_works">
      <skipped message="Reason: On CRAN ('test-ard_proportion_ci.R:50:3')"/>
    </testcase>
  </testsuite>
  <testsuite name="ard_ttest" timestamp="2024-02-19T17:24:51Z" hostname="bc8755ebdbe8" tests="3" skipped="1" failures="0" errors="0" time="0.332">
    <testcase time="0.331" classname="character(0)" name="ard_ttest_works"/>
    <testcase time="0" classname="character(0)" name="ard_ttest_works"/>
    <testcase time="0.00099999999999989" classname="character(0)" name="ard_ttest_works">
      <skipped message="Reason: On CRAN ('test-ard_ttest.R:25:3')"/>
    </testcase>
  </testsuite>
  <testsuite name="ard_ttest" timestamp="2024-02-19T17:24:51Z" hostname="bc8755ebdbe8" tests="3" skipped="1" failures="0" errors="0" time="0.011">
    <testcase time="0.0100000000000002" classname="character(0)" name="ard_paired_ttest_works"/>
    <testcase time="0" classname="character(0)" name="ard_paired_ttest_works"/>
    <testcase time="0.00099999999999989" classname="character(0)" name="ard_paired_ttest_works">
      <skipped message="Reason: On CRAN ('test-ard_ttest.R:70:3')"/>
    </testcase>
  </testsuite>
  <testsuite name="ard_regression" timestamp="2024-02-19T17:24:51Z" hostname="bc8755ebdbe8" tests="1" skipped="1" failures="0" errors="0" time="0.188">
    <testcase time="0.188" classname="character(0)" name="ard_regression_works">
      <skipped message="Reason: On CRAN ('test-ard_regression.R:2:3')"/>
    </testcase>
  </testsuite>
  <testsuite name="proportion_ci" timestamp="2024-02-19T17:24:52Z" hostname="bc8755ebdbe8" tests="1" skipped="1" failures="0" errors="0" time="0.123">
    <testcase time="0.123" classname="character(0)" name="check_the_proportion_ci__functions_work">
      <skipped message="Reason: On CRAN ('test-proportion_ci.R:10:3')"/>
    </testcase>
  </testsuite>
  <testsuite name="proportion_ci" timestamp="2024-02-19T17:24:52Z" hostname="bc8755ebdbe8" tests="1" skipped="1" failures="0" errors="0" time="0.017">
    <testcase time="0.0169999999999999" classname="character(0)" name="check_the_proportion_ci_strat_wilson_function_works">
      <skipped message="Reason: On CRAN ('test-proportion_ci.R:136:3')"/>
    </testcase>
  </testsuite>
  <testsuite name="ard_wilcoxtest" timestamp="2024-02-19T17:24:52Z" hostname="bc8755ebdbe8" tests="3" skipped="0" failures="0" errors="0" time="0.037">
    <testcase time="0.036" classname="character(0)" name="ard_wilcoxtest_works"/>
    <testcase time="0.00100000000000033" classname="character(0)" name="ard_wilcoxtest_works"/>
    <testcase time="0" classname="character(0)" name="ard_wilcoxtest_works"/>
  </testsuite>
  <testsuite name="ard_wilcoxtest" timestamp="2024-02-19T17:24:52Z" hostname="bc8755ebdbe8" tests="3" skipped="0" failures="0" errors="0" time="0.002">
    <testcase time="0.00199999999999978" classname="character(0)" name="ard_paired_wilcoxtest_works"/>
    <testcase time="0" classname="character(0)" name="ard_paired_wilcoxtest_works"/>
    <testcase time="0" classname="character(0)" name="ard_paired_wilcoxtest_works"/>
  </testsuite>
</testsuites>
