<?xml version="1.0" encoding="UTF-8"?>
<testsuites>
  <testsuite name="ard_aod_wald_test" timestamp="2024-11-01T22:03:41Z" hostname="d81f9c119ecc" tests="3" skipped="1" failures="0" errors="0" time="1.57">
    <testcase time="1.536" classname="character(0)" name="ard_aod_wald_test_works"/>
    <testcase time="0.0260000000000002" classname="character(0)" name="ard_aod_wald_test_works"/>
    <testcase time="0.00800000000000001" classname="character(0)" name="ard_aod_wald_test_works">
      <skipped message="Reason: On CRAN ('test-ard_aod_wald_test.R:12:3')"/>
    </testcase>
  </testsuite>
  <testsuite name="ard_aod_wald_test" timestamp="2024-11-01T22:03:41Z" hostname="d81f9c119ecc" tests="1" skipped="0" failures="0" errors="0" time="0.022">
    <testcase time="0.0219999999999998" classname="character(0)" name="ard_aod_wald_test_follows_ard_structure"/>
  </testsuite>
  <testsuite name="ard_attributes.survey.design" timestamp="2024-11-01T22:03:41Z" hostname="d81f9c119ecc" tests="1" skipped="1" failures="0" errors="0" time="0.022">
    <testcase time="0.0220000000000002" classname="character(0)" name="ard_attributes.survey.design_works">
      <skipped message="Reason: On CRAN ('test-ard_attributes.survey.design.R:8:3')"/>
    </testcase>
  </testsuite>
  <testsuite name="ard_car_vif" timestamp="2024-11-01T22:03:42Z" hostname="d81f9c119ecc" tests="1" skipped="1" failures="0" errors="0" time="0.343">
    <testcase time="0.343" classname="character(0)" name="ard_car_vif_works">
      <skipped message="Reason: On CRAN ('test-ard_car_vif.R:4:3')"/>
    </testcase>
  </testsuite>
  <testsuite name="ard_car_vif" timestamp="2024-11-01T22:03:42Z" hostname="d81f9c119ecc" tests="1" skipped="0" failures="0" errors="0" time="0.012">
    <testcase time="0.012" classname="character(0)" name="ard_car_vif_appropriate_errors_are_given_for_model_with_only_1_term"/>
  </testsuite>
  <testsuite name="ard_car_vif" timestamp="2024-11-01T22:03:42Z" hostname="d81f9c119ecc" tests="1" skipped="1" failures="0" errors="0" time="0.001">
    <testcase time="0.00099999999999989" classname="character(0)" name="ard_vif_issues_friendly_messaging_for_incorrect_object_passed_in_can_t_get_terms_of_model">
      <skipped message="Reason: On CRAN ('test-ard_car_vif.R:29:3')"/>
    </testcase>
  </testsuite>
  <testsuite name="ard_car_vif" timestamp="2024-11-01T22:03:42Z" hostname="d81f9c119ecc" tests="1" skipped="0" failures="0" errors="0" time="0.017">
    <testcase time="0.0169999999999999" classname="character(0)" name="ard_car_vif_follows_ard_structure"/>
  </testsuite>
  <testsuite name="ard_car_anova" timestamp="2024-11-01T22:03:43Z" hostname="d81f9c119ecc" tests="3" skipped="1" failures="0" errors="0" time="0.943">
    <testcase time="0.941" classname="character(0)" name="ard_car_anova_works"/>
    <testcase time="0.00099999999999989" classname="character(0)" name="ard_car_anova_works"/>
    <testcase time="0.00099999999999989" classname="character(0)" name="ard_car_anova_works">
      <skipped message="Reason: On CRAN ('test-ard_car_anova.R:14:3')"/>
    </testcase>
  </testsuite>
  <testsuite name="ard_car_anova" timestamp="2024-11-01T22:03:43Z" hostname="d81f9c119ecc" tests="1" skipped="1" failures="0" errors="0" time="0.017">
    <testcase time="0.0169999999999999" classname="character(0)" name="ard_car_anova_messaging">
      <skipped message="Reason: On CRAN ('test-ard_car_anova.R:18:3')"/>
    </testcase>
  </testsuite>
  <testsuite name="ard_car_anova" timestamp="2024-11-01T22:03:43Z" hostname="d81f9c119ecc" tests="1" skipped="0" failures="0" errors="0" time="0.019">
    <testcase time="0.0190000000000001" classname="character(0)" name="ard_car_anova_follows_ard_structure"/>
  </testsuite>
  <testsuite name="ard_categorical_ci.survey.design" timestamp="2024-11-01T22:03:44Z" hostname="d81f9c119ecc" tests="1" skipped="1" failures="0" errors="0" time="1.877">
    <testcase time="1.877" classname="character(0)" name="ard_categorical_ci_data_">
      <skipped message="Reason: On CRAN ('test-ard_categorical_ci.survey.design.R:7:3')"/>
    </testcase>
  </testsuite>
  <testsuite name="ard_categorical_ci.survey.design" timestamp="2024-11-01T22:03:44Z" hostname="d81f9c119ecc" tests="5" skipped="0" failures="0" errors="0" time="0.011">
    <testcase time="0.00900000000000034" classname="character(0)" name="ard_categorical_ci_variables_"/>
    <testcase time="0.000999999999999446" classname="character(0)" name="ard_categorical_ci_variables_"/>
    <testcase time="0" classname="character(0)" name="ard_categorical_ci_variables_"/>
    <testcase time="0.00100000000000033" classname="character(0)" name="ard_categorical_ci_variables_"/>
    <testcase time="0" classname="character(0)" name="ard_categorical_ci_variables_"/>
  </testsuite>
  <testsuite name="ard_categorical_ci.survey.design" timestamp="2024-11-01T22:03:44Z" hostname="d81f9c119ecc" tests="4" skipped="0" failures="0" errors="0" time="0.003">
    <testcase time="0.00199999999999978" classname="character(0)" name="ard_categorical_ci_by_"/>
    <testcase time="0" classname="character(0)" name="ard_categorical_ci_by_"/>
    <testcase time="0.00100000000000033" classname="character(0)" name="ard_categorical_ci_by_"/>
    <testcase time="0" classname="character(0)" name="ard_categorical_ci_by_"/>
  </testsuite>
  <testsuite name="ard_categorical_ci.survey.design" timestamp="2024-11-01T22:03:44Z" hostname="d81f9c119ecc" tests="2" skipped="0" failures="0" errors="0" time="0.005">
    <testcase time="0.00399999999999956" classname="character(0)" name="ard_categorical_ci_conf.level_"/>
    <testcase time="0.00100000000000033" classname="character(0)" name="ard_categorical_ci_conf.level_"/>
  </testsuite>
  <testsuite name="ard_categorical_ci.survey.design" timestamp="2024-11-01T22:03:44Z" hostname="d81f9c119ecc" tests="3" skipped="0" failures="0" errors="0" time="0.002">
    <testcase time="0.000999999999999446" classname="character(0)" name="ard_categorical_ci_method_"/>
    <testcase time="0.00100000000000033" classname="character(0)" name="ard_categorical_ci_method_"/>
    <testcase time="0" classname="character(0)" name="ard_categorical_ci_method_"/>
  </testsuite>
  <testsuite name="ard_categorical_ci.survey.design" timestamp="2024-11-01T22:03:44Z" hostname="d81f9c119ecc" tests="2" skipped="0" failures="0" errors="0" time="0.002">
    <testcase time="0.00100000000000033" classname="character(0)" name="ard_categorical_ci_value_"/>
    <testcase time="0.000999999999999446" classname="character(0)" name="ard_categorical_ci_value_"/>
  </testsuite>
  <testsuite name="ard_categorical_ci.survey.design" timestamp="2024-11-01T22:03:44Z" hostname="d81f9c119ecc" tests="1" skipped="0" failures="0" errors="0" time="0.001">
    <testcase time="0.00100000000000033" classname="character(0)" name="ard_categorical_ci.survey.design_follows_ard_structure"/>
  </testsuite>
  <testsuite name="ard_categorical.survey.design" timestamp="2024-11-01T22:04:01Z" hostname="d81f9c119ecc" tests="54" skipped="0" failures="0" errors="0" time="16.816">
    <testcase time="16.78" classname="character(0)" name="ard_categorical.survey.design_works"/>
    <testcase time="0.00100000000000122" classname="character(0)" name="ard_categorical.survey.design_works"/>
    <testcase time="0.000999999999997669" classname="character(0)" name="ard_categorical.survey.design_works"/>
    <testcase time="0" classname="character(0)" name="ard_categorical.survey.design_works"/>
    <testcase time="0.00100000000000122" classname="character(0)" name="ard_categorical.survey.design_works"/>
    <testcase time="0.00100000000000122" classname="character(0)" name="ard_categorical.survey.design_works"/>
    <testcase time="0.000999999999997669" classname="character(0)" name="ard_categorical.survey.design_works"/>
    <testcase time="0.00100000000000122" classname="character(0)" name="ard_categorical.survey.design_works"/>
    <testcase time="0.00100000000000122" classname="character(0)" name="ard_categorical.survey.design_works"/>
    <testcase time="0.000999999999997669" classname="character(0)" name="ard_categorical.survey.design_works"/>
    <testcase time="0" classname="character(0)" name="ard_categorical.survey.design_works"/>
    <testcase time="0.00100000000000122" classname="character(0)" name="ard_categorical.survey.design_works"/>
    <testcase time="0" classname="character(0)" name="ard_categorical.survey.design_works"/>
    <testcase time="0.00100000000000122" classname="character(0)" name="ard_categorical.survey.design_works"/>
    <testcase time="0" classname="character(0)" name="ard_categorical.survey.design_works"/>
    <testcase time="0.000999999999997669" classname="character(0)" name="ard_categorical.survey.design_works"/>
    <testcase time="0" classname="character(0)" name="ard_categorical.survey.design_works"/>
    <testcase time="0.00100000000000122" classname="character(0)" name="ard_categorical.survey.design_works"/>
    <testcase time="0" classname="character(0)" name="ard_categorical.survey.design_works"/>
    <testcase time="0.00100000000000122" classname="character(0)" name="ard_categorical.survey.design_works"/>
    <testcase time="0" classname="character(0)" name="ard_categorical.survey.design_works"/>
    <testcase time="0.000999999999997669" classname="character(0)" name="ard_categorical.survey.design_works"/>
    <testcase time="0" classname="character(0)" name="ard_categorical.survey.design_works"/>
    <testcase time="0.00100000000000122" classname="character(0)" name="ard_categorical.survey.design_works"/>
    <testcase time="0.000999999999997669" classname="character(0)" name="ard_categorical.survey.design_works"/>
    <testcase time="0" classname="character(0)" name="ard_categorical.survey.design_works"/>
    <testcase time="0.00100000000000122" classname="character(0)" name="ard_categorical.survey.design_works"/>
    <testcase time="0" classname="character(0)" name="ard_categorical.survey.design_works"/>
    <testcase time="0.00100000000000122" classname="character(0)" name="ard_categorical.survey.design_works"/>
    <testcase time="0" classname="character(0)" name="ard_categorical.survey.design_works"/>
    <testcase time="0.000999999999997669" classname="character(0)" name="ard_categorical.survey.design_works"/>
    <testcase time="0" classname="character(0)" name="ard_categorical.survey.design_works"/>
    <testcase time="0.00100000000000122" classname="character(0)" name="ard_categorical.survey.design_works"/>
    <testcase time="0.00100000000000122" classname="character(0)" name="ard_categorical.survey.design_works"/>
    <testcase time="0" classname="character(0)" name="ard_categorical.survey.design_works"/>
    <testcase time="0.000999999999997669" classname="character(0)" name="ard_categorical.survey.design_works"/>
    <testcase time="0" classname="character(0)" name="ard_categorical.survey.design_works"/>
    <testcase time="0.00100000000000122" classname="character(0)" name="ard_categorical.survey.design_works"/>
    <testcase time="0" classname="character(0)" name="ard_categorical.survey.design_works"/>
    <testcase time="0.00400000000000134" classname="character(0)" name="ard_categorical.survey.design_works"/>
    <testcase time="0" classname="character(0)" name="ard_categorical.survey.design_works"/>
    <testcase time="0.000999999999997669" classname="character(0)" name="ard_categorical.survey.design_works"/>
    <testcase time="0.00100000000000122" classname="character(0)" name="ard_categorical.survey.design_works"/>
    <testcase time="0" classname="character(0)" name="ard_categorical.survey.design_works"/>
    <testcase time="0.00100000000000122" classname="character(0)" name="ard_categorical.survey.design_works"/>
    <testcase time="0" classname="character(0)" name="ard_categorical.survey.design_works"/>
    <testcase time="0.000999999999997669" classname="character(0)" name="ard_categorical.survey.design_works"/>
    <testcase time="0.00100000000000122" classname="character(0)" name="ard_categorical.survey.design_works"/>
    <testcase time="0" classname="character(0)" name="ard_categorical.survey.design_works"/>
    <testcase time="0.00100000000000122" classname="character(0)" name="ard_categorical.survey.design_works"/>
    <testcase time="0.000999999999997669" classname="character(0)" name="ard_categorical.survey.design_works"/>
    <testcase time="0" classname="character(0)" name="ard_categorical.survey.design_works"/>
    <testcase time="0.00100000000000122" classname="character(0)" name="ard_categorical.survey.design_works"/>
    <testcase time="0.00100000000000122" classname="character(0)" name="ard_categorical.survey.design_works"/>
  </testsuite>
  <testsuite name="ard_categorical.survey.design" timestamp="2024-11-01T22:04:01Z" hostname="d81f9c119ecc" tests="1" skipped="1" failures="0" errors="0" time="0.001">
    <testcase time="0.000999999999997669" classname="character(0)" name="ard_categorical.survey.design_returns_an_error_when_variables_have_all_NAs">
      <skipped message="Reason: On CRAN ('test-ard_categorical.survey.design.R:428:3')"/>
    </testcase>
  </testsuite>
  <testsuite name="ard_categorical.survey.design" timestamp="2024-11-01T22:04:01Z" hostname="d81f9c119ecc" tests="39" skipped="0" failures="0" errors="0" time="0.03">
    <testcase time="0.0100000000000016" classname="character(0)" name="ard_categorical.survey.design_works_for_unobserved_factor_levels"/>
    <testcase time="0.000999999999997669" classname="character(0)" name="ard_categorical.survey.design_works_for_unobserved_factor_levels"/>
    <testcase time="0" classname="character(0)" name="ard_categorical.survey.design_works_for_unobserved_factor_levels"/>
    <testcase time="0.00100000000000122" classname="character(0)" name="ard_categorical.survey.design_works_for_unobserved_factor_levels"/>
    <testcase time="0" classname="character(0)" name="ard_categorical.survey.design_works_for_unobserved_factor_levels"/>
    <testcase time="0.00100000000000122" classname="character(0)" name="ard_categorical.survey.design_works_for_unobserved_factor_levels"/>
    <testcase time="0" classname="character(0)" name="ard_categorical.survey.design_works_for_unobserved_factor_levels"/>
    <testcase time="0.000999999999997669" classname="character(0)" name="ard_categorical.survey.design_works_for_unobserved_factor_levels"/>
    <testcase time="0" classname="character(0)" name="ard_categorical.survey.design_works_for_unobserved_factor_levels"/>
    <testcase time="0.00100000000000122" classname="character(0)" name="ard_categorical.survey.design_works_for_unobserved_factor_levels"/>
    <testcase time="0" classname="character(0)" name="ard_categorical.survey.design_works_for_unobserved_factor_levels"/>
    <testcase time="0.00100000000000122" classname="character(0)" name="ard_categorical.survey.design_works_for_unobserved_factor_levels"/>
    <testcase time="0" classname="character(0)" name="ard_categorical.survey.design_works_for_unobserved_factor_levels"/>
    <testcase time="0.000999999999997669" classname="character(0)" name="ard_categorical.survey.design_works_for_unobserved_factor_levels"/>
    <testcase time="0" classname="character(0)" name="ard_categorical.survey.design_works_for_unobserved_factor_levels"/>
    <testcase time="0.00100000000000122" classname="character(0)" name="ard_categorical.survey.design_works_for_unobserved_factor_levels"/>
    <testcase time="0" classname="character(0)" name="ard_categorical.survey.design_works_for_unobserved_factor_levels"/>
    <testcase time="0.00100000000000122" classname="character(0)" name="ard_categorical.survey.design_works_for_unobserved_factor_levels"/>
    <testcase time="0" classname="character(0)" name="ard_categorical.survey.design_works_for_unobserved_factor_levels"/>
    <testcase time="0.000999999999997669" classname="character(0)" name="ard_categorical.survey.design_works_for_unobserved_factor_levels"/>
    <testcase time="0" classname="character(0)" name="ard_categorical.survey.design_works_for_unobserved_factor_levels"/>
    <testcase time="0.00100000000000122" classname="character(0)" name="ard_categorical.survey.design_works_for_unobserved_factor_levels"/>
    <testcase time="0" classname="character(0)" name="ard_categorical.survey.design_works_for_unobserved_factor_levels"/>
    <testcase time="0.00100000000000122" classname="character(0)" name="ard_categorical.survey.design_works_for_unobserved_factor_levels"/>
    <testcase time="0" classname="character(0)" name="ard_categorical.survey.design_works_for_unobserved_factor_levels"/>
    <testcase time="0.000999999999997669" classname="character(0)" name="ard_categorical.survey.design_works_for_unobserved_factor_levels"/>
    <testcase time="0.00100000000000122" classname="character(0)" name="ard_categorical.survey.design_works_for_unobserved_factor_levels"/>
    <testcase time="0" classname="character(0)" name="ard_categorical.survey.design_works_for_unobserved_factor_levels"/>
    <testcase time="0.00100000000000122" classname="character(0)" name="ard_categorical.survey.design_works_for_unobserved_factor_levels"/>
    <testcase time="0" classname="character(0)" name="ard_categorical.survey.design_works_for_unobserved_factor_levels"/>
    <testcase time="0.000999999999997669" classname="character(0)" name="ard_categorical.survey.design_works_for_unobserved_factor_levels"/>
    <testcase time="0" classname="character(0)" name="ard_categorical.survey.design_works_for_unobserved_factor_levels"/>
    <testcase time="0.00100000000000122" classname="character(0)" name="ard_categorical.survey.design_works_for_unobserved_factor_levels"/>
    <testcase time="0.00100000000000122" classname="character(0)" name="ard_categorical.survey.design_works_for_unobserved_factor_levels"/>
    <testcase time="0" classname="character(0)" name="ard_categorical.survey.design_works_for_unobserved_factor_levels"/>
    <testcase time="0.000999999999997669" classname="character(0)" name="ard_categorical.survey.design_works_for_unobserved_factor_levels"/>
    <testcase time="0" classname="character(0)" name="ard_categorical.survey.design_works_for_unobserved_factor_levels"/>
    <testcase time="0.00100000000000122" classname="character(0)" name="ard_categorical.survey.design_works_for_unobserved_factor_levels"/>
    <testcase time="0" classname="character(0)" name="ard_categorical.survey.design_works_for_unobserved_factor_levels"/>
  </testsuite>
  <testsuite name="ard_categorical.survey.design" timestamp="2024-11-01T22:04:01Z" hostname="d81f9c119ecc" tests="39" skipped="0" failures="0" errors="0" time="0.024">
    <testcase time="0.00199999999999889" classname="character(0)" name="ard_categorical.survey.design_works_for_unobserved_logical_levels"/>
    <testcase time="0" classname="character(0)" name="ard_categorical.survey.design_works_for_unobserved_logical_levels"/>
    <testcase time="0" classname="character(0)" name="ard_categorical.survey.design_works_for_unobserved_logical_levels"/>
    <testcase time="0" classname="character(0)" name="ard_categorical.survey.design_works_for_unobserved_logical_levels"/>
    <testcase time="0.00100000000000122" classname="character(0)" name="ard_categorical.survey.design_works_for_unobserved_logical_levels"/>
    <testcase time="0" classname="character(0)" name="ard_categorical.survey.design_works_for_unobserved_logical_levels"/>
    <testcase time="0.000999999999997669" classname="character(0)" name="ard_categorical.survey.design_works_for_unobserved_logical_levels"/>
    <testcase time="0" classname="character(0)" name="ard_categorical.survey.design_works_for_unobserved_logical_levels"/>
    <testcase time="0.00100000000000122" classname="character(0)" name="ard_categorical.survey.design_works_for_unobserved_logical_levels"/>
    <testcase time="0" classname="character(0)" name="ard_categorical.survey.design_works_for_unobserved_logical_levels"/>
    <testcase time="0.00100000000000122" classname="character(0)" name="ard_categorical.survey.design_works_for_unobserved_logical_levels"/>
    <testcase time="0" classname="character(0)" name="ard_categorical.survey.design_works_for_unobserved_logical_levels"/>
    <testcase time="0.000999999999997669" classname="character(0)" name="ard_categorical.survey.design_works_for_unobserved_logical_levels"/>
    <testcase time="0" classname="character(0)" name="ard_categorical.survey.design_works_for_unobserved_logical_levels"/>
    <testcase time="0.00100000000000122" classname="character(0)" name="ard_categorical.survey.design_works_for_unobserved_logical_levels"/>
    <testcase time="0" classname="character(0)" name="ard_categorical.survey.design_works_for_unobserved_logical_levels"/>
    <testcase time="0.00100000000000122" classname="character(0)" name="ard_categorical.survey.design_works_for_unobserved_logical_levels"/>
    <testcase time="0" classname="character(0)" name="ard_categorical.survey.design_works_for_unobserved_logical_levels"/>
    <testcase time="0.00299999999999656" classname="character(0)" name="ard_categorical.survey.design_works_for_unobserved_logical_levels"/>
    <testcase time="0.00100000000000122" classname="character(0)" name="ard_categorical.survey.design_works_for_unobserved_logical_levels"/>
    <testcase time="0" classname="character(0)" name="ard_categorical.survey.design_works_for_unobserved_logical_levels"/>
    <testcase time="0.00100000000000122" classname="character(0)" name="ard_categorical.survey.design_works_for_unobserved_logical_levels"/>
    <testcase time="0" classname="character(0)" name="ard_categorical.survey.design_works_for_unobserved_logical_levels"/>
    <testcase time="0.000999999999997669" classname="character(0)" name="ard_categorical.survey.design_works_for_unobserved_logical_levels"/>
    <testcase time="0.00100000000000122" classname="character(0)" name="ard_categorical.survey.design_works_for_unobserved_logical_levels"/>
    <testcase time="0" classname="character(0)" name="ard_categorical.survey.design_works_for_unobserved_logical_levels"/>
    <testcase time="0.00100000000000122" classname="character(0)" name="ard_categorical.survey.design_works_for_unobserved_logical_levels"/>
    <testcase time="0" classname="character(0)" name="ard_categorical.survey.design_works_for_unobserved_logical_levels"/>
    <testcase time="0.000999999999997669" classname="character(0)" name="ard_categorical.survey.design_works_for_unobserved_logical_levels"/>
    <testcase time="0" classname="character(0)" name="ard_categorical.survey.design_works_for_unobserved_logical_levels"/>
    <testcase time="0.00100000000000122" classname="character(0)" name="ard_categorical.survey.design_works_for_unobserved_logical_levels"/>
    <testcase time="0" classname="character(0)" name="ard_categorical.survey.design_works_for_unobserved_logical_levels"/>
    <testcase time="0.00100000000000122" classname="character(0)" name="ard_categorical.survey.design_works_for_unobserved_logical_levels"/>
    <testcase time="0.000999999999997669" classname="character(0)" name="ard_categorical.survey.design_works_for_unobserved_logical_levels"/>
    <testcase time="0" classname="character(0)" name="ard_categorical.survey.design_works_for_unobserved_logical_levels"/>
    <testcase time="0.00100000000000122" classname="character(0)" name="ard_categorical.survey.design_works_for_unobserved_logical_levels"/>
    <testcase time="0" classname="character(0)" name="ard_categorical.survey.design_works_for_unobserved_logical_levels"/>
    <testcase time="0.00100000000000122" classname="character(0)" name="ard_categorical.survey.design_works_for_unobserved_logical_levels"/>
    <testcase time="0.000999999999997669" classname="character(0)" name="ard_categorical.survey.design_works_for_unobserved_logical_levels"/>
  </testsuite>
  <testsuite name="ard_categorical.survey.design" timestamp="2024-11-01T22:04:01Z" hostname="d81f9c119ecc" tests="18" skipped="0" failures="0" errors="0" time="0.01">
    <testcase time="0.00100000000000122" classname="character(0)" name="ard_categorical.survey.design_works_with_variables_with_only_1_level"/>
    <testcase time="0.00100000000000122" classname="character(0)" name="ard_categorical.survey.design_works_with_variables_with_only_1_level"/>
    <testcase time="0" classname="character(0)" name="ard_categorical.survey.design_works_with_variables_with_only_1_level"/>
    <testcase time="0.000999999999997669" classname="character(0)" name="ard_categorical.survey.design_works_with_variables_with_only_1_level"/>
    <testcase time="0" classname="character(0)" name="ard_categorical.survey.design_works_with_variables_with_only_1_level"/>
    <testcase time="0.00100000000000122" classname="character(0)" name="ard_categorical.survey.design_works_with_variables_with_only_1_level"/>
    <testcase time="0" classname="character(0)" name="ard_categorical.survey.design_works_with_variables_with_only_1_level"/>
    <testcase time="0.00100000000000122" classname="character(0)" name="ard_categorical.survey.design_works_with_variables_with_only_1_level"/>
    <testcase time="0" classname="character(0)" name="ard_categorical.survey.design_works_with_variables_with_only_1_level"/>
    <testcase time="0.000999999999997669" classname="character(0)" name="ard_categorical.survey.design_works_with_variables_with_only_1_level"/>
    <testcase time="0" classname="character(0)" name="ard_categorical.survey.design_works_with_variables_with_only_1_level"/>
    <testcase time="0.00100000000000122" classname="character(0)" name="ard_categorical.survey.design_works_with_variables_with_only_1_level"/>
    <testcase time="0" classname="character(0)" name="ard_categorical.survey.design_works_with_variables_with_only_1_level"/>
    <testcase time="0.00100000000000122" classname="character(0)" name="ard_categorical.survey.design_works_with_variables_with_only_1_level"/>
    <testcase time="0" classname="character(0)" name="ard_categorical.survey.design_works_with_variables_with_only_1_level"/>
    <testcase time="0.000999999999997669" classname="character(0)" name="ard_categorical.survey.design_works_with_variables_with_only_1_level"/>
    <testcase time="0" classname="character(0)" name="ard_categorical.survey.design_works_with_variables_with_only_1_level"/>
    <testcase time="0.00100000000000122" classname="character(0)" name="ard_categorical.survey.design_works_with_variables_with_only_1_level"/>
  </testsuite>
  <testsuite name="ard_categorical.survey.design" timestamp="2024-11-01T22:04:01Z" hostname="d81f9c119ecc" tests="1" skipped="1" failures="0" errors="0" time="0.001">
    <testcase time="0.00100000000000122" classname="character(0)" name="ard_categorical.survey.design_by_messages_about_protected_names">
      <skipped message="Reason: On CRAN ('test-ard_categorical.survey.design.R:1195:3')"/>
    </testcase>
  </testsuite>
  <testsuite name="ard_categorical.survey.design" timestamp="2024-11-01T22:04:01Z" hostname="d81f9c119ecc" tests="10" skipped="0" failures="0" errors="0" time="0.015">
    <testcase time="0.00999999999999801" classname="character(0)" name="ard_categorical.survey.design_works_when_using_generic_names_"/>
    <testcase time="0.00100000000000122" classname="character(0)" name="ard_categorical.survey.design_works_when_using_generic_names_"/>
    <testcase time="0" classname="character(0)" name="ard_categorical.survey.design_works_when_using_generic_names_"/>
    <testcase time="0.000999999999997669" classname="character(0)" name="ard_categorical.survey.design_works_when_using_generic_names_"/>
    <testcase time="0" classname="character(0)" name="ard_categorical.survey.design_works_when_using_generic_names_"/>
    <testcase time="0.00100000000000122" classname="character(0)" name="ard_categorical.survey.design_works_when_using_generic_names_"/>
    <testcase time="0" classname="character(0)" name="ard_categorical.survey.design_works_when_using_generic_names_"/>
    <testcase time="0.00100000000000122" classname="character(0)" name="ard_categorical.survey.design_works_when_using_generic_names_"/>
    <testcase time="0" classname="character(0)" name="ard_categorical.survey.design_works_when_using_generic_names_"/>
    <testcase time="0.000999999999997669" classname="character(0)" name="ard_categorical.survey.design_works_when_using_generic_names_"/>
  </testsuite>
  <testsuite name="ard_categorical.survey.design" timestamp="2024-11-01T22:04:01Z" hostname="d81f9c119ecc" tests="1" skipped="0" failures="0" errors="0" time="0.001">
    <testcase time="0.00100000000000122" classname="character(0)" name="ard_categorical.survey.design_statistic_properly_excluded_unweighted_stats_not_selected"/>
  </testsuite>
  <testsuite name="ard_categorical.survey.design" timestamp="2024-11-01T22:04:01Z" hostname="d81f9c119ecc" tests="1" skipped="0" failures="0" errors="0" time="0.002">
    <testcase time="0.00199999999999889" classname="character(0)" name="ard_categorical_follows_ard_structure"/>
  </testsuite>
  <testsuite name="ard_categorical.survey.design" timestamp="2024-11-01T22:04:01Z" hostname="d81f9c119ecc" tests="6" skipped="0" failures="0" errors="0" time="0.003">
    <testcase time="0.00100000000000122" classname="character(0)" name="ard_categorical.survey.design_original_types_are_retained"/>
    <testcase time="0" classname="character(0)" name="ard_categorical.survey.design_original_types_are_retained"/>
    <testcase time="0.00100000000000122" classname="character(0)" name="ard_categorical.survey.design_original_types_are_retained"/>
    <testcase time="0" classname="character(0)" name="ard_categorical.survey.design_original_types_are_retained"/>
    <testcase time="0.000999999999997669" classname="character(0)" name="ard_categorical.survey.design_original_types_are_retained"/>
    <testcase time="0" classname="character(0)" name="ard_categorical.survey.design_original_types_are_retained"/>
  </testsuite>
  <testsuite name="ard_continuous_ci.data.frame" timestamp="2024-11-01T22:04:02Z" hostname="d81f9c119ecc" tests="1" skipped="0" failures="0" errors="0" time="0.534">
    <testcase time="0.534000000000002" classname="character(0)" name="ard_continuous_ci.data.frame_method_t.test_"/>
  </testsuite>
  <testsuite name="ard_continuous_ci.data.frame" timestamp="2024-11-01T22:04:02Z" hostname="d81f9c119ecc" tests="1" skipped="0" failures="0" errors="0" time="0.003">
    <testcase time="0.00300000000000011" classname="character(0)" name="ard_continuous_ci.data.frame_method_wilcox.test_"/>
  </testsuite>
  <testsuite name="ard_continuous_ci.data.frame" timestamp="2024-11-01T22:04:02Z" hostname="d81f9c119ecc" tests="1" skipped="0" failures="0" errors="0" time="0.002">
    <testcase time="0.00199999999999889" classname="character(0)" name="ard_continuous_ci.data.frame_follows_ard_structure"/>
  </testsuite>
  <testsuite name="ard_continuous_ci.survey.design" timestamp="2024-11-01T22:04:03Z" hostname="d81f9c119ecc" tests="1" skipped="1" failures="0" errors="0" time="0.975">
    <testcase time="0.975000000000001" classname="character(0)" name="ard_continuous_ci_data_">
      <skipped message="Reason: On CRAN ('test-ard_continuous_ci.survey.design.R:7:3')"/>
    </testcase>
  </testsuite>
  <testsuite name="ard_continuous_ci.survey.design" timestamp="2024-11-01T22:04:03Z" hostname="d81f9c119ecc" tests="5" skipped="0" failures="0" errors="0" time="0.016">
    <testcase time="0.0139999999999993" classname="character(0)" name="ard_continuous_ci_variables_"/>
    <testcase time="0.000999999999997669" classname="character(0)" name="ard_continuous_ci_variables_"/>
    <testcase time="0" classname="character(0)" name="ard_continuous_ci_variables_"/>
    <testcase time="0.00100000000000122" classname="character(0)" name="ard_continuous_ci_variables_"/>
    <testcase time="0" classname="character(0)" name="ard_continuous_ci_variables_"/>
  </testsuite>
  <testsuite name="ard_continuous_ci.survey.design" timestamp="2024-11-01T22:04:03Z" hostname="d81f9c119ecc" tests="6" skipped="0" failures="0" errors="0" time="0.004">
    <testcase time="0.00199999999999889" classname="character(0)" name="ard_continuous_ci_by_"/>
    <testcase time="0" classname="character(0)" name="ard_continuous_ci_by_"/>
    <testcase time="0.00100000000000122" classname="character(0)" name="ard_continuous_ci_by_"/>
    <testcase time="0" classname="character(0)" name="ard_continuous_ci_by_"/>
    <testcase time="0.00100000000000122" classname="character(0)" name="ard_continuous_ci_by_"/>
    <testcase time="0" classname="character(0)" name="ard_continuous_ci_by_"/>
  </testsuite>
  <testsuite name="ard_continuous_ci.survey.design" timestamp="2024-11-01T22:04:03Z" hostname="d81f9c119ecc" tests="2" skipped="0" failures="0" errors="0" time="0.002">
    <testcase time="0.00199999999999889" classname="character(0)" name="ard_continuous_ci_conf.level_"/>
    <testcase time="0" classname="character(0)" name="ard_continuous_ci_conf.level_"/>
  </testsuite>
  <testsuite name="ard_continuous_ci.survey.design" timestamp="2024-11-01T22:04:03Z" hostname="d81f9c119ecc" tests="3" skipped="0" failures="0" errors="0" time="0.003">
    <testcase time="0.00199999999999889" classname="character(0)" name="ard_continuous_ci_method_variables_"/>
    <testcase time="0" classname="character(0)" name="ard_continuous_ci_method_variables_"/>
    <testcase time="0.00100000000000122" classname="character(0)" name="ard_continuous_ci_method_variables_"/>
  </testsuite>
  <testsuite name="ard_continuous_ci.survey.design" timestamp="2024-11-01T22:04:03Z" hostname="d81f9c119ecc" tests="3" skipped="0" failures="0" errors="0" time="0.019">
    <testcase time="0.0180000000000007" classname="character(0)" name="ard_continuous_ci_method_by_"/>
    <testcase time="0" classname="character(0)" name="ard_continuous_ci_method_by_"/>
    <testcase time="0.000999999999997669" classname="character(0)" name="ard_continuous_ci_method_by_"/>
  </testsuite>
  <testsuite name="ard_continuous_ci.survey.design" timestamp="2024-11-01T22:04:03Z" hostname="d81f9c119ecc" tests="4" skipped="0" failures="0" errors="0" time="0.003">
    <testcase time="0.00100000000000122" classname="character(0)" name="ard_continuous_ci_..._"/>
    <testcase time="0.00100000000000122" classname="character(0)" name="ard_continuous_ci_..._"/>
    <testcase time="0" classname="character(0)" name="ard_continuous_ci_..._"/>
    <testcase time="0.000999999999997669" classname="character(0)" name="ard_continuous_ci_..._"/>
  </testsuite>
  <testsuite name="ard_continuous_ci.survey.design" timestamp="2024-11-01T22:04:03Z" hostname="d81f9c119ecc" tests="1" skipped="1" failures="0" errors="0" time="0.001">
    <testcase time="0.00100000000000122" classname="character(0)" name="ard_continuous_ci_errors_are_captured">
      <skipped message="Reason: On CRAN ('test-ard_continuous_ci.survey.design.R:194:3')"/>
    </testcase>
  </testsuite>
  <testsuite name="ard_continuous_ci.survey.design" timestamp="2024-11-01T22:04:03Z" hostname="d81f9c119ecc" tests="1" skipped="0" failures="0" errors="0" time="0.009">
    <testcase time="0.00900000000000034" classname="character(0)" name="ard_continuous_ci.survey.design_follows_ard_structure"/>
  </testsuite>
  <testsuite name="ard_dichotomous.survey.design" timestamp="2024-11-01T22:04:08Z" hostname="d81f9c119ecc" tests="33" skipped="0" failures="0" errors="0" time="4.854">
    <testcase time="4.824" classname="character(0)" name="ard_dichotomous.survey.design_works"/>
    <testcase time="0" classname="character(0)" name="ard_dichotomous.survey.design_works"/>
    <testcase time="0.00399999999999778" classname="character(0)" name="ard_dichotomous.survey.design_works"/>
    <testcase time="0.00100000000000122" classname="character(0)" name="ard_dichotomous.survey.design_works"/>
    <testcase time="0.00100000000000122" classname="character(0)" name="ard_dichotomous.survey.design_works"/>
    <testcase time="0.000999999999997669" classname="character(0)" name="ard_dichotomous.survey.design_works"/>
    <testcase time="0.00100000000000122" classname="character(0)" name="ard_dichotomous.survey.design_works"/>
    <testcase time="0.00100000000000122" classname="character(0)" name="ard_dichotomous.survey.design_works"/>
    <testcase time="0.000999999999997669" classname="character(0)" name="ard_dichotomous.survey.design_works"/>
    <testcase time="0.00100000000000122" classname="character(0)" name="ard_dichotomous.survey.design_works"/>
    <testcase time="0" classname="character(0)" name="ard_dichotomous.survey.design_works"/>
    <testcase time="0.00100000000000122" classname="character(0)" name="ard_dichotomous.survey.design_works"/>
    <testcase time="0.000999999999997669" classname="character(0)" name="ard_dichotomous.survey.design_works"/>
    <testcase time="0.00100000000000122" classname="character(0)" name="ard_dichotomous.survey.design_works"/>
    <testcase time="0.00100000000000122" classname="character(0)" name="ard_dichotomous.survey.design_works"/>
    <testcase time="0.000999999999997669" classname="character(0)" name="ard_dichotomous.survey.design_works"/>
    <testcase time="0.00100000000000122" classname="character(0)" name="ard_dichotomous.survey.design_works"/>
    <testcase time="0.00100000000000122" classname="character(0)" name="ard_dichotomous.survey.design_works"/>
    <testcase time="0.000999999999997669" classname="character(0)" name="ard_dichotomous.survey.design_works"/>
    <testcase time="0.00100000000000122" classname="character(0)" name="ard_dichotomous.survey.design_works"/>
    <testcase time="0.00100000000000122" classname="character(0)" name="ard_dichotomous.survey.design_works"/>
    <testcase time="0.000999999999997669" classname="character(0)" name="ard_dichotomous.survey.design_works"/>
    <testcase time="0.00100000000000122" classname="character(0)" name="ard_dichotomous.survey.design_works"/>
    <testcase time="0.00100000000000122" classname="character(0)" name="ard_dichotomous.survey.design_works"/>
    <testcase time="0.000999999999997669" classname="character(0)" name="ard_dichotomous.survey.design_works"/>
    <testcase time="0.00100000000000122" classname="character(0)" name="ard_dichotomous.survey.design_works"/>
    <testcase time="0.00100000000000122" classname="character(0)" name="ard_dichotomous.survey.design_works"/>
    <testcase time="0" classname="character(0)" name="ard_dichotomous.survey.design_works"/>
    <testcase time="0.000999999999997669" classname="character(0)" name="ard_dichotomous.survey.design_works"/>
    <testcase time="0.00100000000000122" classname="character(0)" name="ard_dichotomous.survey.design_works"/>
    <testcase time="0" classname="character(0)" name="ard_dichotomous.survey.design_works"/>
    <testcase time="0.000999999999997669" classname="character(0)" name="ard_dichotomous.survey.design_works"/>
    <testcase time="0" classname="character(0)" name="ard_dichotomous.survey.design_works"/>
  </testsuite>
  <testsuite name="ard_dichotomous.survey.design" timestamp="2024-11-01T22:04:08Z" hostname="d81f9c119ecc" tests="12" skipped="0" failures="0" errors="0" time="0.007">
    <testcase time="0.00200000000000244" classname="character(0)" name="ard_dichotomous.survey.design_works_with_various_input_types"/>
    <testcase time="0" classname="character(0)" name="ard_dichotomous.survey.design_works_with_various_input_types"/>
    <testcase time="0.000999999999997669" classname="character(0)" name="ard_dichotomous.survey.design_works_with_various_input_types"/>
    <testcase time="0" classname="character(0)" name="ard_dichotomous.survey.design_works_with_various_input_types"/>
    <testcase time="0.00100000000000122" classname="character(0)" name="ard_dichotomous.survey.design_works_with_various_input_types"/>
    <testcase time="0" classname="character(0)" name="ard_dichotomous.survey.design_works_with_various_input_types"/>
    <testcase time="0.00100000000000122" classname="character(0)" name="ard_dichotomous.survey.design_works_with_various_input_types"/>
    <testcase time="0" classname="character(0)" name="ard_dichotomous.survey.design_works_with_various_input_types"/>
    <testcase time="0.000999999999997669" classname="character(0)" name="ard_dichotomous.survey.design_works_with_various_input_types"/>
    <testcase time="0" classname="character(0)" name="ard_dichotomous.survey.design_works_with_various_input_types"/>
    <testcase time="0.00100000000000122" classname="character(0)" name="ard_dichotomous.survey.design_works_with_various_input_types"/>
    <testcase time="0" classname="character(0)" name="ard_dichotomous.survey.design_works_with_various_input_types"/>
  </testsuite>
  <testsuite name="ard_dichotomous.survey.design" timestamp="2024-11-01T22:04:08Z" hostname="d81f9c119ecc" tests="1" skipped="1" failures="0" errors="0" time="0.002">
    <testcase time="0.00199999999999889" classname="character(0)" name="ard_dichotomous.survey.design_returns_an_error_with_erroneous_input">
      <skipped message="Reason: On CRAN ('test-ard_dichotomous.survey.design.R:413:3')"/>
    </testcase>
  </testsuite>
  <testsuite name="ard_dichotomous.survey.design" timestamp="2024-11-01T22:04:08Z" hostname="d81f9c119ecc" tests="1" skipped="0" failures="0" errors="0" time="0.01">
    <testcase time="0.0100000000000016" classname="character(0)" name="ard_dichotomous.survey.design_follows_ard_structure"/>
  </testsuite>
  <testsuite name="ard_effectsize_cohens_d" timestamp="2024-11-01T22:04:08Z" hostname="d81f9c119ecc" tests="4" skipped="1" failures="0" errors="0" time="0.669">
    <testcase time="0.667000000000002" classname="character(0)" name="ard_effectsize_cohens_d_works"/>
    <testcase time="0.000999999999997669" classname="character(0)" name="ard_effectsize_cohens_d_works"/>
    <testcase time="0.00100000000000122" classname="character(0)" name="ard_effectsize_cohens_d_works"/>
    <testcase time="0" classname="character(0)" name="ard_effectsize_cohens_d_works">
      <skipped message="Reason: On CRAN ('test-ard_effectsize_cohens_d.R:38:3')"/>
    </testcase>
  </testsuite>
  <testsuite name="ard_effectsize_cohens_d" timestamp="2024-11-01T22:04:08Z" hostname="d81f9c119ecc" tests="3" skipped="0" failures="0" errors="0" time="0.023">
    <testcase time="0.0219999999999985" classname="character(0)" name="ard_effectsize_paired_cohens_d_works"/>
    <testcase time="0.00100000000000122" classname="character(0)" name="ard_effectsize_paired_cohens_d_works"/>
    <testcase time="0" classname="character(0)" name="ard_effectsize_paired_cohens_d_works"/>
  </testsuite>
  <testsuite name="ard_effectsize_cohens_d" timestamp="2024-11-01T22:04:08Z" hostname="d81f9c119ecc" tests="2" skipped="0" failures="0" errors="0" time="0.004">
    <testcase time="0.00300000000000011" classname="character(0)" name="ard_effectsize_cohens_d_follows_ard_structure"/>
    <testcase time="0.00100000000000122" classname="character(0)" name="ard_effectsize_cohens_d_follows_ard_structure"/>
  </testsuite>
  <testsuite name="ard_effectsize_hedges_g" timestamp="2024-11-01T22:04:09Z" hostname="d81f9c119ecc" tests="4" skipped="1" failures="0" errors="0" time="0.518">
    <testcase time="0.514999999999997" classname="character(0)" name="ard_effectsize_hedges_g_works"/>
    <testcase time="0.00100000000000122" classname="character(0)" name="ard_effectsize_hedges_g_works"/>
    <testcase time="0.00100000000000122" classname="character(0)" name="ard_effectsize_hedges_g_works"/>
    <testcase time="0.000999999999997669" classname="character(0)" name="ard_effectsize_hedges_g_works">
      <skipped message="Reason: On CRAN ('test-ard_effectsize_hedges_g.R:34:3')"/>
    </testcase>
  </testsuite>
  <testsuite name="ard_effectsize_hedges_g" timestamp="2024-11-01T22:04:09Z" hostname="d81f9c119ecc" tests="3" skipped="0" failures="0" errors="0" time="0.02">
    <testcase time="0.0180000000000007" classname="character(0)" name="ard_effectsize_paired_hedges_g_works"/>
    <testcase time="0.00100000000000122" classname="character(0)" name="ard_effectsize_paired_hedges_g_works"/>
    <testcase time="0.000999999999997669" classname="character(0)" name="ard_effectsize_paired_hedges_g_works"/>
  </testsuite>
  <testsuite name="ard_effectsize_hedges_g" timestamp="2024-11-01T22:04:09Z" hostname="d81f9c119ecc" tests="2" skipped="0" failures="0" errors="0" time="0.003">
    <testcase time="0.00300000000000011" classname="character(0)" name="ard_effectsize_cohens_d_follows_ard_structure"/>
    <testcase time="0" classname="character(0)" name="ard_effectsize_cohens_d_follows_ard_structure"/>
  </testsuite>
  <testsuite name="ard_emmeans_mean_difference" timestamp="2024-11-01T22:04:10Z" hostname="d81f9c119ecc" tests="9" skipped="0" failures="0" errors="0" time="1.203">
    <testcase time="1.197" classname="character(0)" name="ard_emmeans_mean_difference_works"/>
    <testcase time="0.000999999999997669" classname="character(0)" name="ard_emmeans_mean_difference_works"/>
    <testcase time="0" classname="character(0)" name="ard_emmeans_mean_difference_works"/>
    <testcase time="0.00100000000000122" classname="character(0)" name="ard_emmeans_mean_difference_works"/>
    <testcase time="0" classname="character(0)" name="ard_emmeans_mean_difference_works"/>
    <testcase time="0.00100000000000122" classname="character(0)" name="ard_emmeans_mean_difference_works"/>
    <testcase time="0" classname="character(0)" name="ard_emmeans_mean_difference_works"/>
    <testcase time="0.000999999999997669" classname="character(0)" name="ard_emmeans_mean_difference_works"/>
    <testcase time="0.00200000000000244" classname="character(0)" name="ard_emmeans_mean_difference_works"/>
  </testsuite>
  <testsuite name="ard_emmeans_mean_difference" timestamp="2024-11-01T22:04:10Z" hostname="d81f9c119ecc" tests="1" skipped="0" failures="0" errors="0" time="0.002">
    <testcase time="0.00199999999999889" classname="character(0)" name="ard_emmeans_mean_difference_follows_ard_structure"/>
  </testsuite>
  <testsuite name="ard_missing.survey.design" timestamp="2024-11-01T22:04:12Z" hostname="d81f9c119ecc" tests="19" skipped="0" failures="0" errors="0" time="1.954">
    <testcase time="1.944" classname="character(0)" name="ard_missing.survey.design_works"/>
    <testcase time="0.000999999999997669" classname="character(0)" name="ard_missing.survey.design_works"/>
    <testcase time="0" classname="character(0)" name="ard_missing.survey.design_works"/>
    <testcase time="0.00100000000000477" classname="character(0)" name="ard_missing.survey.design_works"/>
    <testcase time="0" classname="character(0)" name="ard_missing.survey.design_works"/>
    <testcase time="0.000999999999997669" classname="character(0)" name="ard_missing.survey.design_works"/>
    <testcase time="0" classname="character(0)" name="ard_missing.survey.design_works"/>
    <testcase time="0.000999999999997669" classname="character(0)" name="ard_missing.survey.design_works"/>
    <testcase time="0" classname="character(0)" name="ard_missing.survey.design_works"/>
    <testcase time="0.00100000000000477" classname="character(0)" name="ard_missing.survey.design_works"/>
    <testcase time="0" classname="character(0)" name="ard_missing.survey.design_works"/>
    <testcase time="0.000999999999997669" classname="character(0)" name="ard_missing.survey.design_works"/>
    <testcase time="0" classname="character(0)" name="ard_missing.survey.design_works"/>
    <testcase time="0.000999999999997669" classname="character(0)" name="ard_missing.survey.design_works"/>
    <testcase time="0" classname="character(0)" name="ard_missing.survey.design_works"/>
    <testcase time="0.00100000000000477" classname="character(0)" name="ard_missing.survey.design_works"/>
    <testcase time="0" classname="character(0)" name="ard_missing.survey.design_works"/>
    <testcase time="0.000999999999997669" classname="character(0)" name="ard_missing.survey.design_works"/>
    <testcase time="0.000999999999997669" classname="character(0)" name="ard_missing.survey.design_works"/>
  </testsuite>
  <testsuite name="ard_missing.survey.design" timestamp="2024-11-01T22:04:12Z" hostname="d81f9c119ecc" tests="1" skipped="0" failures="0" errors="0" time="0.001">
    <testcase time="0.00100000000000477" classname="character(0)" name="ard_missing.survey.design_follows_ard_structure"/>
  </testsuite>
  <testsuite name="ard_proportion_ci" timestamp="2024-11-01T22:04:13Z" hostname="d81f9c119ecc" tests="6" skipped="0" failures="0" errors="0" time="1.048">
    <testcase time="1.04499999999999" classname="character(0)" name="ard_categorical_ci_works"/>
    <testcase time="0.00100000000000477" classname="character(0)" name="ard_categorical_ci_works"/>
    <testcase time="0" classname="character(0)" name="ard_categorical_ci_works"/>
    <testcase time="0.000999999999997669" classname="character(0)" name="ard_categorical_ci_works"/>
    <testcase time="0" classname="character(0)" name="ard_categorical_ci_works"/>
    <testcase time="0.000999999999997669" classname="character(0)" name="ard_categorical_ci_works"/>
  </testsuite>
  <testsuite name="ard_proportion_ci" timestamp="2024-11-01T22:04:13Z" hostname="d81f9c119ecc" tests="2" skipped="1" failures="0" errors="0" time="0.002">
    <testcase time="0.00100000000000477" classname="character(0)" name="ard_categorical_ci_method_strat_wilson_works"/>
    <testcase time="0.000999999999997669" classname="character(0)" name="ard_categorical_ci_method_strat_wilson_works">
      <skipped message="Reason: On CRAN ('test-ard_proportion_ci.R:92:3')"/>
    </testcase>
  </testsuite>
  <testsuite name="ard_proportion_ci" timestamp="2024-11-01T22:04:13Z" hostname="d81f9c119ecc" tests="1" skipped="1" failures="0" errors="0" time="0.013">
    <testcase time="0.0129999999999981" classname="character(0)" name="ard_categorical_ci_messaging">
      <skipped message="Reason: On CRAN ('test-ard_proportion_ci.R:113:3')"/>
    </testcase>
  </testsuite>
  <testsuite name="ard_proportion_ci" timestamp="2024-11-01T22:04:13Z" hostname="d81f9c119ecc" tests="1" skipped="0" failures="0" errors="0" time="0.009">
    <testcase time="0.00900000000000034" classname="character(0)" name="ard_proportion_ci_follows_ard_structure"/>
  </testsuite>
  <testsuite name="ard_regression" timestamp="2024-11-01T22:04:16Z" hostname="d81f9c119ecc" tests="1" skipped="1" failures="0" errors="0" time="2.406">
    <testcase time="2.40600000000001" classname="character(0)" name="ard_regression_works">
      <skipped message="Reason: On CRAN ('test-ard_regression.R:6:3')"/>
    </testcase>
  </testsuite>
  <testsuite name="ard_regression" timestamp="2024-11-01T22:04:16Z" hostname="d81f9c119ecc" tests="1" skipped="1" failures="0" errors="0" time="0.017">
    <testcase time="0.0169999999999959" classname="character(0)" name="ard_regression_works_specifying_custom_tidier">
      <skipped message="Reason: On CRAN ('test-ard_regression.R:30:3')"/>
    </testcase>
  </testsuite>
  <testsuite name="ard_regression" timestamp="2024-11-01T22:04:16Z" hostname="d81f9c119ecc" tests="1" skipped="0" failures="0" errors="0" time="0.021">
    <testcase time="0.0210000000000008" classname="character(0)" name="ard_regression_does_not_produce_variable_level_column_where_not_applicable"/>
  </testsuite>
  <testsuite name="ard_regression" timestamp="2024-11-01T22:04:16Z" hostname="d81f9c119ecc" tests="2" skipped="0" failures="0" errors="0" time="0.003">
    <testcase time="0.00200000000000244" classname="character(0)" name="ard_regression_warnings_and_errors_return_correctly"/>
    <testcase time="0.000999999999997669" classname="character(0)" name="ard_regression_warnings_and_errors_return_correctly"/>
  </testsuite>
  <testsuite name="ard_regression" timestamp="2024-11-01T22:04:16Z" hostname="d81f9c119ecc" tests="1" skipped="0" failures="0" errors="0" time="0.003">
    <testcase time="0.00300000000000011" classname="character(0)" name="ard_regression_follows_ard_structure"/>
  </testsuite>
  <testsuite name="ard_regression_basic" timestamp="2024-11-01T22:04:17Z" hostname="d81f9c119ecc" tests="2" skipped="1" failures="0" errors="0" time="0.833">
    <testcase time="0.832000000000001" classname="character(0)" name="ard_regression_basic_works"/>
    <testcase time="0.000999999999997669" classname="character(0)" name="ard_regression_basic_works">
      <skipped message="Reason: On CRAN ('test-ard_regression_basic.R:12:3')"/>
    </testcase>
  </testsuite>
  <testsuite name="ard_regression_basic" timestamp="2024-11-01T22:04:17Z" hostname="d81f9c119ecc" tests="1" skipped="0" failures="0" errors="0" time="0.018">
    <testcase time="0.0180000000000007" classname="character(0)" name="ard_regression_basic_does_not_produce_variable_level_column_where_not_applicable"/>
  </testsuite>
  <testsuite name="ard_regression_basic" timestamp="2024-11-01T22:04:17Z" hostname="d81f9c119ecc" tests="1" skipped="0" failures="0" errors="0" time="0.003">
    <testcase time="0.00300000000000011" classname="character(0)" name="ard_regression_basic_follows_ard_structure"/>
  </testsuite>
  <testsuite name="ard_smd_smd" timestamp="2024-11-01T22:04:17Z" hostname="d81f9c119ecc" tests="3" skipped="0" failures="0" errors="0" time="0.368">
    <testcase time="0.366" classname="character(0)" name="ard_smd_smd_works"/>
    <testcase time="0.000999999999997669" classname="character(0)" name="ard_smd_smd_works"/>
    <testcase time="0.00100000000000477" classname="character(0)" name="ard_smd_smd_works"/>
  </testsuite>
  <testsuite name="ard_smd_smd" timestamp="2024-11-01T22:04:17Z" hostname="d81f9c119ecc" tests="2" skipped="0" failures="0" errors="0" time="0.004">
    <testcase time="0.00300000000000011" classname="character(0)" name="ard_smd_works_with_survey_data"/>
    <testcase time="0.000999999999997669" classname="character(0)" name="ard_smd_works_with_survey_data"/>
  </testsuite>
  <testsuite name="ard_smd_smd" timestamp="2024-11-01T22:04:17Z" hostname="d81f9c119ecc" tests="4" skipped="0" failures="0" errors="0" time="0.005">
    <testcase time="0.00300000000000011" classname="character(0)" name="ard_smd_smd_error_messaging"/>
    <testcase time="0" classname="character(0)" name="ard_smd_smd_error_messaging"/>
    <testcase time="0.000999999999997669" classname="character(0)" name="ard_smd_smd_error_messaging"/>
    <testcase time="0.00100000000000477" classname="character(0)" name="ard_smd_smd_error_messaging"/>
  </testsuite>
  <testsuite name="ard_smd_smd" timestamp="2024-11-01T22:04:17Z" hostname="d81f9c119ecc" tests="1" skipped="0" failures="0" errors="0" time="0.003">
    <testcase time="0.00300000000000011" classname="character(0)" name="ard_smd_smd_follows_ard_structure"/>
  </testsuite>
  <testsuite name="ard_stats_anova" timestamp="2024-11-01T22:04:18Z" hostname="d81f9c119ecc" tests="1" skipped="0" failures="0" errors="0" time="1.37">
    <testcase time="1.37" classname="character(0)" name="ard_stats_anova.anova_works"/>
  </testsuite>
  <testsuite name="ard_stats_anova" timestamp="2024-11-01T22:04:18Z" hostname="d81f9c119ecc" tests="7" skipped="0" failures="0" errors="0" time="0.009">
    <testcase time="0.00300000000000011" classname="character(0)" name="ard_stats_anova.data.frame_works"/>
    <testcase time="0.000999999999997669" classname="character(0)" name="ard_stats_anova.data.frame_works"/>
    <testcase time="0.00100000000000477" classname="character(0)" name="ard_stats_anova.data.frame_works"/>
    <testcase time="0.000999999999997669" classname="character(0)" name="ard_stats_anova.data.frame_works"/>
    <testcase time="0.000999999999997669" classname="character(0)" name="ard_stats_anova.data.frame_works"/>
    <testcase time="0.00100000000000477" classname="character(0)" name="ard_stats_anova.data.frame_works"/>
    <testcase time="0.000999999999997669" classname="character(0)" name="ard_stats_anova.data.frame_works"/>
  </testsuite>
  <testsuite name="ard_stats_anova" timestamp="2024-11-01T22:04:18Z" hostname="d81f9c119ecc" tests="1" skipped="0" failures="0" errors="0" time="0.002">
    <testcase time="0.00200000000000244" classname="character(0)" name="ard_stats_anova.data.frame_error_messaging"/>
  </testsuite>
  <testsuite name="ard_stats_anova" timestamp="2024-11-01T22:04:18Z" hostname="d81f9c119ecc" tests="1" skipped="0" failures="0" errors="0" time="0.003">
    <testcase time="0.00300000000000011" classname="character(0)" name="ard_stats_anova_follows_ard_structure"/>
  </testsuite>
  <testsuite name="ard_stats_aov" timestamp="2024-11-01T22:04:19Z" hostname="d81f9c119ecc" tests="3" skipped="1" failures="0" errors="0" time="0.226">
    <testcase time="0.223999999999997" classname="character(0)" name="ard_aov_works"/>
    <testcase time="0.000999999999997669" classname="character(0)" name="ard_aov_works"/>
    <testcase time="0.00100000000000477" classname="character(0)" name="ard_aov_works">
      <skipped message="Reason: On CRAN ('test-ard_stats_aov.R:25:3')"/>
    </testcase>
  </testsuite>
  <testsuite name="ard_stats_aov" timestamp="2024-11-01T22:04:19Z" hostname="d81f9c119ecc" tests="1" skipped="0" failures="0" errors="0" time="0.013">
    <testcase time="0.0129999999999981" classname="character(0)" name="ard_stats_aov_follows_ard_structure"/>
  </testsuite>
  <testsuite name="ard_stats_chisq_test" timestamp="2024-11-01T22:04:19Z" hostname="d81f9c119ecc" tests="3" skipped="0" failures="0" errors="0" time="0.218">
    <testcase time="0.216000000000001" classname="character(0)" name="ard_stats_chisq_test_works"/>
    <testcase time="0.000999999999997669" classname="character(0)" name="ard_stats_chisq_test_works"/>
    <testcase time="0.00100000000000477" classname="character(0)" name="ard_stats_chisq_test_works"/>
  </testsuite>
  <testsuite name="ard_stats_chisq_test" timestamp="2024-11-01T22:04:19Z" hostname="d81f9c119ecc" tests="1" skipped="0" failures="0" errors="0" time="0.007">
    <testcase time="0.0069999999999979" classname="character(0)" name="ard_stats_chisq_test_follows_ard_structure"/>
  </testsuite>
  <testsuite name="ard_stats_fisher_test" timestamp="2024-11-01T22:04:19Z" hostname="d81f9c119ecc" tests="3" skipped="0" failures="0" errors="0" time="0.208">
    <testcase time="0.207000000000001" classname="character(0)" name="ard_stats_fisher_test_works"/>
    <testcase time="0" classname="character(0)" name="ard_stats_fisher_test_works"/>
    <testcase time="0.000999999999997669" classname="character(0)" name="ard_stats_fisher_test_works"/>
  </testsuite>
  <testsuite name="ard_stats_fisher_test" timestamp="2024-11-01T22:04:19Z" hostname="d81f9c119ecc" tests="1" skipped="0" failures="0" errors="0" time="0.001">
    <testcase time="0.000999999999997669" classname="character(0)" name="ard_stats_fisher_test_follows_ard_structure"/>
  </testsuite>
  <testsuite name="ard_stats_kruskal_test" timestamp="2024-11-01T22:04:19Z" hostname="d81f9c119ecc" tests="3" skipped="1" failures="0" errors="0" time="0.177">
    <testcase time="0.176000000000002" classname="character(0)" name="ard_stats_kruskal_test_works"/>
    <testcase time="0.000999999999997669" classname="character(0)" name="ard_stats_kruskal_test_works"/>
    <testcase time="0" classname="character(0)" name="ard_stats_kruskal_test_works">
      <skipped message="Reason: On CRAN ('test-ard_stats_kruskal_test.R:22:3')"/>
    </testcase>
  </testsuite>
  <testsuite name="ard_stats_kruskal_test" timestamp="2024-11-01T22:04:19Z" hostname="d81f9c119ecc" tests="1" skipped="0" failures="0" errors="0" time="0.01">
    <testcase time="0.0100000000000051" classname="character(0)" name="ard_stats_kruskal_test_follows_ard_structure"/>
  </testsuite>
  <testsuite name="ard_stats_mcnemar_test" timestamp="2024-11-01T22:04:20Z" hostname="d81f9c119ecc" tests="7" skipped="0" failures="0" errors="0" time="0.568">
    <testcase time="0.562999999999995" classname="character(0)" name="ard_stats_mcnemar_test_works"/>
    <testcase time="0" classname="character(0)" name="ard_stats_mcnemar_test_works"/>
    <testcase time="0.00100000000000477" classname="character(0)" name="ard_stats_mcnemar_test_works"/>
    <testcase time="0.000999999999997669" classname="character(0)" name="ard_stats_mcnemar_test_works"/>
    <testcase time="0.000999999999997669" classname="character(0)" name="ard_stats_mcnemar_test_works"/>
    <testcase time="0.00100000000000477" classname="character(0)" name="ard_stats_mcnemar_test_works"/>
    <testcase time="0.000999999999997669" classname="character(0)" name="ard_stats_mcnemar_test_works"/>
  </testsuite>
  <testsuite name="ard_stats_mcnemar_test" timestamp="2024-11-01T22:04:20Z" hostname="d81f9c119ecc" tests="1" skipped="0" failures="0" errors="0" time="0.002">
    <testcase time="0.00200000000000244" classname="character(0)" name="ard_stats_mcnemar_test_follows_ard_structure"/>
  </testsuite>
  <testsuite name="ard_stats_mood_test" timestamp="2024-11-01T22:04:20Z" hostname="d81f9c119ecc" tests="3" skipped="1" failures="0" errors="0" time="0.189">
    <testcase time="0.186999999999998" classname="character(0)" name="ard_stats_mood_test_works"/>
    <testcase time="0.00100000000000477" classname="character(0)" name="ard_stats_mood_test_works"/>
    <testcase time="0.000999999999997669" classname="character(0)" name="ard_stats_mood_test_works">
      <skipped message="Reason: On CRAN ('test-ard_stats_mood_test.R:22:3')"/>
    </testcase>
  </testsuite>
  <testsuite name="ard_stats_mood_test" timestamp="2024-11-01T22:04:20Z" hostname="d81f9c119ecc" tests="1" skipped="0" failures="0" errors="0" time="0.018">
    <testcase time="0.0180000000000007" classname="character(0)" name="ard_stats_mood_test_follows_ard_structure"/>
  </testsuite>
  <testsuite name="ard_stats_oneway_test" timestamp="2024-11-01T22:04:20Z" hostname="d81f9c119ecc" tests="3" skipped="1" failures="0" errors="0" time="0.19">
    <testcase time="0.188000000000002" classname="character(0)" name="ard_stats_oneway_test_works"/>
    <testcase time="0.000999999999997669" classname="character(0)" name="ard_stats_oneway_test_works"/>
    <testcase time="0.000999999999997669" classname="character(0)" name="ard_stats_oneway_test_works">
      <skipped message="Reason: On CRAN ('test-ard_stats_oneway_test.R:24:3')"/>
    </testcase>
  </testsuite>
  <testsuite name="ard_stats_oneway_test" timestamp="2024-11-01T22:04:20Z" hostname="d81f9c119ecc" tests="1" skipped="0" failures="0" errors="0" time="0.014">
    <testcase time="0.0140000000000029" classname="character(0)" name="ard_stats_oneway_test_follows_ard_structure"/>
  </testsuite>
  <testsuite name="ard_stats_poisson_test" timestamp="2024-11-01T22:04:20Z" hostname="d81f9c119ecc" tests="3" skipped="0" failures="0" errors="0" time="0.31">
    <testcase time="0.308" classname="character(0)" name="ard_stats_poisson_test_works_for_one_sample_tests"/>
    <testcase time="0.000999999999997669" classname="character(0)" name="ard_stats_poisson_test_works_for_one_sample_tests"/>
    <testcase time="0.00100000000000477" classname="character(0)" name="ard_stats_poisson_test_works_for_one_sample_tests"/>
  </testsuite>
  <testsuite name="ard_stats_poisson_test" timestamp="2024-11-01T22:04:20Z" hostname="d81f9c119ecc" tests="2" skipped="0" failures="0" errors="0" time="0.004">
    <testcase time="0.00299999999999301" classname="character(0)" name="ard_stats_poisson_test_works_for_two_sample_tests"/>
    <testcase time="0.00100000000000477" classname="character(0)" name="ard_stats_poisson_test_works_for_two_sample_tests"/>
  </testsuite>
  <testsuite name="ard_stats_poisson_test" timestamp="2024-11-01T22:04:20Z" hostname="d81f9c119ecc" tests="1" skipped="1" failures="0" errors="0" time="0.003">
    <testcase time="0.00300000000000011" classname="character(0)" name="ard_stats_poisson_test_errors_are_handled_correctly">
      <skipped message="Reason: On CRAN ('test-ard_stats_poisson_test.R:74:3')"/>
    </testcase>
  </testsuite>
  <testsuite name="ard_stats_poisson_test" timestamp="2024-11-01T22:04:21Z" hostname="d81f9c119ecc" tests="1" skipped="0" failures="0" errors="0" time="0.016">
    <testcase time="0.0159999999999982" classname="character(0)" name="ard_stats_poisson_test_follows_ard_structure"/>
  </testsuite>
  <testsuite name="ard_stats_prop_test" timestamp="2024-11-01T22:04:21Z" hostname="d81f9c119ecc" tests="3" skipped="0" failures="0" errors="0" time="0.472">
    <testcase time="0.469999999999999" classname="character(0)" name="ard_stats_prop_test_works"/>
    <testcase time="0.00100000000000477" classname="character(0)" name="ard_stats_prop_test_works"/>
    <testcase time="0.000999999999997669" classname="character(0)" name="ard_stats_prop_test_works"/>
  </testsuite>
  <testsuite name="ard_stats_prop_test" timestamp="2024-11-01T22:04:21Z" hostname="d81f9c119ecc" tests="8" skipped="0" failures="0" errors="0" time="0.008">
    <testcase time="0.00300000000000011" classname="character(0)" name="ard_stats_prop_test_error_messaging"/>
    <testcase time="0" classname="character(0)" name="ard_stats_prop_test_error_messaging"/>
    <testcase time="0" classname="character(0)" name="ard_stats_prop_test_error_messaging"/>
    <testcase time="0.00100000000000477" classname="character(0)" name="ard_stats_prop_test_error_messaging"/>
    <testcase time="0.000999999999997669" classname="character(0)" name="ard_stats_prop_test_error_messaging"/>
    <testcase time="0.000999999999997669" classname="character(0)" name="ard_stats_prop_test_error_messaging"/>
    <testcase time="0.000999999999997669" classname="character(0)" name="ard_stats_prop_test_error_messaging"/>
    <testcase time="0.00100000000000477" classname="character(0)" name="ard_stats_prop_test_error_messaging"/>
  </testsuite>
  <testsuite name="ard_stats_prop_test" timestamp="2024-11-01T22:04:21Z" hostname="d81f9c119ecc" tests="1" skipped="0" failures="0" errors="0" time="0.003">
    <testcase time="0.00300000000000011" classname="character(0)" name="ard_stats_prop_test_follows_ard_structure"/>
  </testsuite>
  <testsuite name="ard_stats_t_test" timestamp="2024-11-01T22:04:21Z" hostname="d81f9c119ecc" tests="6" skipped="0" failures="0" errors="0" time="0.401">
    <testcase time="0.396000000000001" classname="character(0)" name="ard_stats_t_test_works"/>
    <testcase time="0.000999999999997669" classname="character(0)" name="ard_stats_t_test_works"/>
    <testcase time="0.000999999999997669" classname="character(0)" name="ard_stats_t_test_works"/>
    <testcase time="0.00100000000000477" classname="character(0)" name="ard_stats_t_test_works"/>
    <testcase time="0.000999999999997669" classname="character(0)" name="ard_stats_t_test_works"/>
    <testcase time="0.000999999999997669" classname="character(0)" name="ard_stats_t_test_works"/>
  </testsuite>
  <testsuite name="ard_stats_t_test" timestamp="2024-11-01T22:04:21Z" hostname="d81f9c119ecc" tests="3" skipped="0" failures="0" errors="0" time="0.004">
    <testcase time="0.00300000000000011" classname="character(0)" name="ard_stats_paired_t_test_works"/>
    <testcase time="0" classname="character(0)" name="ard_stats_paired_t_test_works"/>
    <testcase time="0.00100000000000477" classname="character(0)" name="ard_stats_paired_t_test_works"/>
  </testsuite>
  <testsuite name="ard_stats_t_test" timestamp="2024-11-01T22:04:21Z" hostname="d81f9c119ecc" tests="1" skipped="0" failures="0" errors="0" time="0.003">
    <testcase time="0.00300000000000011" classname="character(0)" name="ard_stats_t_test_follows_ard_structure"/>
  </testsuite>
  <testsuite name="ard_stats_t_test_onesample" timestamp="2024-11-01T22:04:22Z" hostname="d81f9c119ecc" tests="5" skipped="0" failures="0" errors="0" time="0.343">
    <testcase time="0.338999999999999" classname="character(0)" name="ard_stats_t_test_onesample_works"/>
    <testcase time="0.000999999999997669" classname="character(0)" name="ard_stats_t_test_onesample_works"/>
    <testcase time="0.000999999999997669" classname="character(0)" name="ard_stats_t_test_onesample_works"/>
    <testcase time="0.00100000000000477" classname="character(0)" name="ard_stats_t_test_onesample_works"/>
    <testcase time="0.000999999999997669" classname="character(0)" name="ard_stats_t_test_onesample_works"/>
  </testsuite>
  <testsuite name="ard_stats_t_test_onesample" timestamp="2024-11-01T22:04:22Z" hostname="d81f9c119ecc" tests="1" skipped="0" failures="0" errors="0" time="0.003">
    <testcase time="0.00300000000000011" classname="character(0)" name="ard_stats_t_test_onesample_follows_ard_structure"/>
  </testsuite>
  <testsuite name="ard_stats_wilcox_test" timestamp="2024-11-01T22:04:22Z" hostname="d81f9c119ecc" tests="6" skipped="0" failures="0" errors="0" time="0.574">
    <testcase time="0.573" classname="character(0)" name="ard_stats_wilcox_test_works"/>
    <testcase time="0" classname="character(0)" name="ard_stats_wilcox_test_works"/>
    <testcase time="0" classname="character(0)" name="ard_stats_wilcox_test_works"/>
    <testcase time="0" classname="character(0)" name="ard_stats_wilcox_test_works"/>
    <testcase time="0.00100000000000477" classname="character(0)" name="ard_stats_wilcox_test_works"/>
    <testcase time="0" classname="character(0)" name="ard_stats_wilcox_test_works"/>
  </testsuite>
  <testsuite name="ard_stats_wilcox_test" timestamp="2024-11-01T22:04:22Z" hostname="d81f9c119ecc" tests="3" skipped="0" failures="0" errors="0" time="0.003">
    <testcase time="0.00199999999999534" classname="character(0)" name="ard_stats_paired_wilcox_test_works"/>
    <testcase time="0.00100000000000477" classname="character(0)" name="ard_stats_paired_wilcox_test_works"/>
    <testcase time="0" classname="character(0)" name="ard_stats_paired_wilcox_test_works"/>
  </testsuite>
  <testsuite name="ard_stats_wilcox_test" timestamp="2024-11-01T22:04:22Z" hostname="d81f9c119ecc" tests="1" skipped="0" failures="0" errors="0" time="0.002">
    <testcase time="0.00199999999999534" classname="character(0)" name="ard_stats_wilcox_test_follows_ard_structure"/>
  </testsuite>
  <testsuite name="ard_stats_wilcox_test_onesample" timestamp="2024-11-01T22:04:23Z" hostname="d81f9c119ecc" tests="5" skipped="0" failures="0" errors="0" time="0.436">
    <testcase time="0.431000000000004" classname="character(0)" name="ard_stats_wilcox_test_onesample_works"/>
    <testcase time="0.000999999999997669" classname="character(0)" name="ard_stats_wilcox_test_onesample_works"/>
    <testcase time="0.00300000000000011" classname="character(0)" name="ard_stats_wilcox_test_onesample_works"/>
    <testcase time="0" classname="character(0)" name="ard_stats_wilcox_test_onesample_works"/>
    <testcase time="0.000999999999997669" classname="character(0)" name="ard_stats_wilcox_test_onesample_works"/>
  </testsuite>
  <testsuite name="ard_stats_wilcox_test_onesample" timestamp="2024-11-01T22:04:23Z" hostname="d81f9c119ecc" tests="1" skipped="0" failures="0" errors="0" time="0.001">
    <testcase time="0.00100000000000477" classname="character(0)" name="ard_stats_wilcox_test_onesample_follows_ard_structure"/>
  </testsuite>
  <testsuite name="ard_survey_svychisq" timestamp="2024-11-01T22:04:23Z" hostname="d81f9c119ecc" tests="3" skipped="1" failures="0" errors="0" time="0.312">
    <testcase time="0.311" classname="character(0)" name="ard_survey_svychisq_works"/>
    <testcase time="0" classname="character(0)" name="ard_survey_svychisq_works"/>
    <testcase time="0.000999999999997669" classname="character(0)" name="ard_survey_svychisq_works">
      <skipped message="Reason: On CRAN ('test-ard_survey_svychisq.R:28:3')"/>
    </testcase>
  </testsuite>
  <testsuite name="ard_survey_svychisq" timestamp="2024-11-01T22:04:23Z" hostname="d81f9c119ecc" tests="1" skipped="0" failures="0" errors="0" time="0.01">
    <testcase time="0.00999999999999801" classname="character(0)" name="ard_survey_svychisq_follows_ard_structure"/>
  </testsuite>
  <testsuite name="ard_survey_svyranktest" timestamp="2024-11-01T22:04:23Z" hostname="d81f9c119ecc" tests="1" skipped="1" failures="0" errors="0" time="0.409">
    <testcase time="0.408999999999999" classname="character(0)" name="ard_survey_svyranktest_works">
      <skipped message="Reason: On CRAN ('test-ard_survey_svyranktest.R:18:3')"/>
    </testcase>
  </testsuite>
  <testsuite name="ard_survey_svyranktest" timestamp="2024-11-01T22:04:24Z" hostname="d81f9c119ecc" tests="1" skipped="0" failures="0" errors="0" time="0.01">
    <testcase time="0.0100000000000051" classname="character(0)" name="exact_values_match_for_ard_svyranktest_works"/>
  </testsuite>
  <testsuite name="ard_survey_svyranktest" timestamp="2024-11-01T22:04:24Z" hostname="d81f9c119ecc" tests="1" skipped="0" failures="0" errors="0" time="0.002">
    <testcase time="0.00199999999999534" classname="character(0)" name="ard_survey_svyranktest_follows_ard_structure"/>
  </testsuite>
  <testsuite name="ard_survey_svyttest" timestamp="2024-11-01T22:04:24Z" hostname="d81f9c119ecc" tests="4" skipped="0" failures="0" errors="0" time="0.411">
    <testcase time="0.408000000000001" classname="character(0)" name="ard_survey_svyttest_works"/>
    <testcase time="0.00100000000000477" classname="character(0)" name="ard_survey_svyttest_works"/>
    <testcase time="0.000999999999997669" classname="character(0)" name="ard_survey_svyttest_works"/>
    <testcase time="0.000999999999997669" classname="character(0)" name="ard_survey_svyttest_works"/>
  </testsuite>
  <testsuite name="ard_survey_svyttest" timestamp="2024-11-01T22:04:24Z" hostname="d81f9c119ecc" tests="2" skipped="0" failures="0" errors="0" time="0.004">
    <testcase time="0.00300000000000011" classname="character(0)" name="ard_survey_svyttest_messaging"/>
    <testcase time="0.00100000000000477" classname="character(0)" name="ard_survey_svyttest_messaging"/>
  </testsuite>
  <testsuite name="ard_survey_svyttest" timestamp="2024-11-01T22:04:24Z" hostname="d81f9c119ecc" tests="1" skipped="0" failures="0" errors="0" time="0.003">
    <testcase time="0.00300000000000011" classname="character(0)" name="ard_survey_svyttest_follows_ard_structure"/>
  </testsuite>
  <testsuite name="ard_survival_survdiff" timestamp="2024-11-01T22:04:24Z" hostname="d81f9c119ecc" tests="6" skipped="0" failures="0" errors="0" time="0.257">
    <testcase time="0.252999999999993" classname="character(0)" name="ard_survival_survdiff_works"/>
    <testcase time="0.00100000000000477" classname="character(0)" name="ard_survival_survdiff_works"/>
    <testcase time="0.000999999999997669" classname="character(0)" name="ard_survival_survdiff_works"/>
    <testcase time="0.000999999999997669" classname="character(0)" name="ard_survival_survdiff_works"/>
    <testcase time="0" classname="character(0)" name="ard_survival_survdiff_works"/>
    <testcase time="0.00100000000000477" classname="character(0)" name="ard_survival_survdiff_works"/>
  </testsuite>
  <testsuite name="ard_survival_survdiff" timestamp="2024-11-01T22:04:24Z" hostname="d81f9c119ecc" tests="4" skipped="0" failures="0" errors="0" time="0.006">
    <testcase time="0.00399999999999778" classname="character(0)" name="ard_survival_survdiff_error_messaging"/>
    <testcase time="0.000999999999997669" classname="character(0)" name="ard_survival_survdiff_error_messaging"/>
    <testcase time="0" classname="character(0)" name="ard_survival_survdiff_error_messaging"/>
    <testcase time="0.00100000000000477" classname="character(0)" name="ard_survival_survdiff_error_messaging"/>
  </testsuite>
  <testsuite name="ard_survival_survdiff" timestamp="2024-11-01T22:04:24Z" hostname="d81f9c119ecc" tests="1" skipped="0" failures="0" errors="0" time="0.002">
    <testcase time="0.00199999999999534" classname="character(0)" name="ard_survival_survdiff_follows_ard_structure"/>
  </testsuite>
  <testsuite name="ard_survival_survfit" timestamp="2024-11-01T22:04:26Z" hostname="d81f9c119ecc" tests="1" skipped="1" failures="0" errors="0" time="1.536">
    <testcase time="1.536" classname="character(0)" name="ard_survival_survfit_works_with_times_provided">
      <skipped message="Reason: On CRAN ('test-ard_survival_survfit.R:4:3')"/>
    </testcase>
  </testsuite>
  <testsuite name="ard_survival_survfit" timestamp="2024-11-01T22:04:26Z" hostname="d81f9c119ecc" tests="1" skipped="1" failures="0" errors="0" time="0.01">
    <testcase time="0.0100000000000051" classname="character(0)" name="ard_survival_survfit_works_with_different_type">
      <skipped message="Reason: On CRAN ('test-ard_survival_survfit.R:15:3')"/>
    </testcase>
  </testsuite>
  <testsuite name="ard_survival_survfit" timestamp="2024-11-01T22:04:26Z" hostname="d81f9c119ecc" tests="1" skipped="1" failures="0" errors="0" time="0.01">
    <testcase time="0.00999999999999801" classname="character(0)" name="ard_survival_survfit_works_with_probs_provided">
      <skipped message="Reason: On CRAN ('test-ard_survival_survfit.R:26:3')"/>
    </testcase>
  </testsuite>
  <testsuite name="ard_survival_survfit" timestamp="2024-11-01T22:04:26Z" hostname="d81f9c119ecc" tests="1" skipped="1" failures="0" errors="0" time="0.01">
    <testcase time="0.00999999999999801" classname="character(0)" name="ard_survival_survfit_works_with_unstratified_model">
      <skipped message="Reason: On CRAN ('test-ard_survival_survfit.R:37:3')"/>
    </testcase>
  </testsuite>
  <testsuite name="ard_survival_survfit" timestamp="2024-11-01T22:04:26Z" hostname="d81f9c119ecc" tests="1" skipped="1" failures="0" errors="0" time="0.013">
    <testcase time="0.0129999999999981" classname="character(0)" name="ard_survival_survfit_works_with_multiple_stratification_variables">
      <skipped message="Reason: On CRAN ('test-ard_survival_survfit.R:57:3')"/>
    </testcase>
  </testsuite>
  <testsuite name="ard_survival_survfit" timestamp="2024-11-01T22:04:26Z" hostname="d81f9c119ecc" tests="1" skipped="1" failures="0" errors="0" time="0.01">
    <testcase time="0.0100000000000051" classname="character(0)" name="ard_survival_survfit_works_with_competing_risks">
      <skipped message="Reason: On CRAN ('test-ard_survival_survfit.R:91:3')"/>
    </testcase>
  </testsuite>
  <testsuite name="ard_survival_survfit" timestamp="2024-11-01T22:04:26Z" hostname="d81f9c119ecc" tests="1" skipped="1" failures="0" errors="0" time="0.01">
    <testcase time="0.00999999999999801" classname="character(0)" name="ard_survival_survfit_errors_are_properly_handled">
      <skipped message="Reason: On CRAN ('test-ard_survival_survfit.R:111:3')"/>
    </testcase>
  </testsuite>
  <testsuite name="ard_survival_survfit" timestamp="2024-11-01T22:04:26Z" hostname="d81f9c119ecc" tests="1" skipped="0" failures="0" errors="0" time="0.01">
    <testcase time="0.00999999999999801" classname="character(0)" name="ard_survival_survfit_works_with_non_syntactic_names"/>
  </testsuite>
  <testsuite name="ard_survival_survfit" timestamp="2024-11-01T22:04:26Z" hostname="d81f9c119ecc" tests="1" skipped="1" failures="0" errors="0" time="0.002">
    <testcase time="0.00200000000000244" classname="character(0)" name="ard_survival_survfit_errors_with_stratified_Cox_model">
      <skipped message="Reason: On CRAN ('test-ard_survival_survfit.R:162:3')"/>
    </testcase>
  </testsuite>
  <testsuite name="ard_survival_survfit" timestamp="2024-11-01T22:04:26Z" hostname="d81f9c119ecc" tests="1" skipped="0" failures="0" errors="0" time="0.013">
    <testcase time="0.0129999999999981" classname="character(0)" name="ard_survival_survfit_follows_ard_structure"/>
  </testsuite>
  <testsuite name="ard_survival_survfit" timestamp="2024-11-01T22:04:26Z" hostname="d81f9c119ecc" tests="1" skipped="1" failures="0" errors="0" time="0.002">
    <testcase time="0.00200000000000244" classname="character(0)" name="ard_survival_survfit_extends_to_times_outside_range">
      <skipped message="Reason: On CRAN ('test-ard_survival_survfit.R:180:3')"/>
    </testcase>
  </testsuite>
  <testsuite name="ard_survival_survfit" timestamp="2024-11-01T22:04:26Z" hostname="d81f9c119ecc" tests="1" skipped="1" failures="0" errors="0" time="0.01">
    <testcase time="0.00999999999999801" classname="character(0)" name="ard_survival_survfit.data.frame_works_as_expected">
      <skipped message="Reason: On CRAN ('test-ard_survival_survfit.R:189:3')"/>
    </testcase>
  </testsuite>
  <testsuite name="ard_survival_survfit_diff" timestamp="2024-11-01T22:04:26Z" hostname="d81f9c119ecc" tests="4" skipped="0" failures="0" errors="0" time="0.409">
    <testcase time="0.408000000000001" classname="character(0)" name="ard_survival_survfit_diff_works"/>
    <testcase time="0" classname="character(0)" name="ard_survival_survfit_diff_works"/>
    <testcase time="0.000999999999997669" classname="character(0)" name="ard_survival_survfit_diff_works"/>
    <testcase time="0" classname="character(0)" name="ard_survival_survfit_diff_works"/>
  </testsuite>
  <testsuite name="ard_survival_survfit_diff" timestamp="2024-11-01T22:04:26Z" hostname="d81f9c119ecc" tests="1" skipped="1" failures="0" errors="0" time="0.002">
    <testcase time="0.00200000000000244" classname="character(0)" name="ard_survival_survfit_diff_messaging">
      <skipped message="Reason: On CRAN ('test-ard_survival_survfit_diff.R:40:3')"/>
    </testcase>
  </testsuite>
  <testsuite name="ard_survival_survfit_diff" timestamp="2024-11-01T22:04:26Z" hostname="d81f9c119ecc" tests="1" skipped="0" failures="0" errors="0" time="0.013">
    <testcase time="0.0129999999999981" classname="character(0)" name="ard_survival_survfit_diff_follows_ard_structure"/>
  </testsuite>
  <testsuite name="ard_total_n.survey.design" timestamp="2024-11-01T22:04:27Z" hostname="d81f9c119ecc" tests="1" skipped="1" failures="0" errors="0" time="0.361">
    <testcase time="0.361000000000004" classname="character(0)" name="ard_total_n.survey.design_works">
      <skipped message="Reason: On CRAN ('test-ard_total_n.survey.design.R:4:3')"/>
    </testcase>
  </testsuite>
  <testsuite name="ard_total_n.survey.design" timestamp="2024-11-01T22:04:27Z" hostname="d81f9c119ecc" tests="1" skipped="0" failures="0" errors="0" time="0.01">
    <testcase time="0.00999999999999801" classname="character(0)" name="ard_total_n.survey.design_follows_ard_structure"/>
  </testsuite>
  <testsuite name="construction_helpers" timestamp="2024-11-01T22:04:27Z" hostname="d81f9c119ecc" tests="1" skipped="1" failures="0" errors="0" time="0.402">
    <testcase time="0.402000000000001" classname="character(0)" name="construct_model_works">
      <skipped message="Reason: On CRAN ('test-construction_helpers.R:4:3')"/>
    </testcase>
  </testsuite>
  <testsuite name="construction_helpers" timestamp="2024-11-01T22:04:27Z" hostname="d81f9c119ecc" tests="1" skipped="1" failures="0" errors="0" time="0.013">
    <testcase time="0.0129999999999981" classname="character(0)" name="construct_model_messaging">
      <skipped message="Reason: On CRAN ('test-construction_helpers.R:104:3')"/>
    </testcase>
  </testsuite>
  <testsuite name="proportion_ci" timestamp="2024-11-01T22:04:27Z" hostname="d81f9c119ecc" tests="1" skipped="1" failures="0" errors="0" time="0.135">
    <testcase time="0.134999999999998" classname="character(0)" name="check_the_proportion_ci__functions_work">
      <skipped message="Reason: On CRAN ('test-proportion_ci.R:12:3')"/>
    </testcase>
  </testsuite>
  <testsuite name="proportion_ci" timestamp="2024-11-01T22:04:27Z" hostname="d81f9c119ecc" tests="1" skipped="1" failures="0" errors="0" time="0.01">
    <testcase time="0.00999999999999801" classname="character(0)" name="check_the_proportion_ci_strat_wilson_function_works">
      <skipped message="Reason: On CRAN ('test-proportion_ci.R:138:3')"/>
    </testcase>
  </testsuite>
  <testsuite name="ard_continuous.survey.design" timestamp="2024-11-01T22:04:47Z" hostname="d81f9c119ecc" tests="12" skipped="1" failures="0" errors="0" time="19.809">
    <testcase time="19.803" classname="character(0)" name="unstratified_ard_continuous.survey.design_works"/>
    <testcase time="0.000999999999990564" classname="character(0)" name="unstratified_ard_continuous.survey.design_works"/>
    <testcase time="0" classname="character(0)" name="unstratified_ard_continuous.survey.design_works"/>
    <testcase time="0.00100000000000477" classname="character(0)" name="unstratified_ard_continuous.survey.design_works"/>
    <testcase time="0" classname="character(0)" name="unstratified_ard_continuous.survey.design_works"/>
    <testcase time="0.00100000000000477" classname="character(0)" name="unstratified_ard_continuous.survey.design_works"/>
    <testcase time="0" classname="character(0)" name="unstratified_ard_continuous.survey.design_works"/>
    <testcase time="0.000999999999990564" classname="character(0)" name="unstratified_ard_continuous.survey.design_works"/>
    <testcase time="0" classname="character(0)" name="unstratified_ard_continuous.survey.design_works"/>
    <testcase time="0.00100000000000477" classname="character(0)" name="unstratified_ard_continuous.survey.design_works"/>
    <testcase time="0" classname="character(0)" name="unstratified_ard_continuous.survey.design_works"/>
    <testcase time="0.00100000000000477" classname="character(0)" name="unstratified_ard_continuous.survey.design_works">
      <skipped message="Reason: On CRAN ('test-ard_continuous.survey.design.R:70:3')"/>
    </testcase>
  </testsuite>
  <testsuite name="ard_continuous.survey.design" timestamp="2024-11-01T22:04:47Z" hostname="d81f9c119ecc" tests="11" skipped="0" failures="0" errors="0" time="0.015">
    <testcase time="0.00999999999999091" classname="character(0)" name="stratified_ard_continuous.survey.design_works"/>
    <testcase time="0" classname="character(0)" name="stratified_ard_continuous.survey.design_works"/>
    <testcase time="0.00100000000000477" classname="character(0)" name="stratified_ard_continuous.survey.design_works"/>
    <testcase time="0" classname="character(0)" name="stratified_ard_continuous.survey.design_works"/>
    <testcase time="0.00100000000000477" classname="character(0)" name="stratified_ard_continuous.survey.design_works"/>
    <testcase time="0" classname="character(0)" name="stratified_ard_continuous.survey.design_works"/>
    <testcase time="0.000999999999990564" classname="character(0)" name="stratified_ard_continuous.survey.design_works"/>
    <testcase time="0" classname="character(0)" name="stratified_ard_continuous.survey.design_works"/>
    <testcase time="0.00100000000000477" classname="character(0)" name="stratified_ard_continuous.survey.design_works"/>
    <testcase time="0" classname="character(0)" name="stratified_ard_continuous.survey.design_works"/>
    <testcase time="0.00100000000000477" classname="character(0)" name="stratified_ard_continuous.survey.design_works"/>
  </testsuite>
  <testsuite name="ard_continuous.survey.design" timestamp="2024-11-01T22:04:47Z" hostname="d81f9c119ecc" tests="4" skipped="0" failures="0" errors="0" time="0.003">
    <testcase time="0.00199999999999534" classname="character(0)" name="ard_continuous.survey.design_NA_handling"/>
    <testcase time="0" classname="character(0)" name="ard_continuous.survey.design_NA_handling"/>
    <testcase time="0.00100000000000477" classname="character(0)" name="ard_continuous.survey.design_NA_handling"/>
    <testcase time="0" classname="character(0)" name="ard_continuous.survey.design_NA_handling"/>
  </testsuite>
  <testsuite name="ard_continuous.survey.design" timestamp="2024-11-01T22:04:47Z" hostname="d81f9c119ecc" tests="2" skipped="0" failures="0" errors="0" time="0.002">
    <testcase time="0.00199999999999534" classname="character(0)" name="ard_continuous.survey.design_error_handling"/>
    <testcase time="0" classname="character(0)" name="ard_continuous.survey.design_error_handling"/>
  </testsuite>
  <testsuite name="ard_continuous.survey.design" timestamp="2024-11-01T22:04:47Z" hostname="d81f9c119ecc" tests="1" skipped="1" failures="0" errors="0" time="0.002">
    <testcase time="0.00199999999999534" classname="character(0)" name="ard_continuous.survey.design_fmt_fn_">
      <skipped message="Reason: On CRAN ('test-ard_continuous.survey.design.R:322:3')"/>
    </testcase>
  </testsuite>
  <testsuite name="ard_continuous.survey.design" timestamp="2024-11-01T22:04:47Z" hostname="d81f9c119ecc" tests="1" skipped="1" failures="0" errors="0" time="0.01">
    <testcase time="0.0100000000000051" classname="character(0)" name="ard_continuous.survey.design_stat_label_">
      <skipped message="Reason: On CRAN ('test-ard_continuous.survey.design.R:338:3')"/>
    </testcase>
  </testsuite>
  <testsuite name="ard_continuous.survey.design" timestamp="2024-11-01T22:04:47Z" hostname="d81f9c119ecc" tests="2" skipped="0" failures="0" errors="0" time="0.013">
    <testcase time="0.0120000000000005" classname="character(0)" name="ard_continuous.survey.design_by_unobserved_levels_combinations"/>
    <testcase time="0.000999999999990564" classname="character(0)" name="ard_continuous.survey.design_by_unobserved_levels_combinations"/>
  </testsuite>
  <testsuite name="ard_continuous.survey.design" timestamp="2024-11-01T22:04:47Z" hostname="d81f9c119ecc" tests="19" skipped="0" failures="0" errors="0" time="0.011">
    <testcase time="0.00200000000000955" classname="character(0)" name="ard_continuous.survey.design_works_when_using_generic_names_"/>
    <testcase time="0" classname="character(0)" name="ard_continuous.survey.design_works_when_using_generic_names_"/>
    <testcase time="0.000999999999990564" classname="character(0)" name="ard_continuous.survey.design_works_when_using_generic_names_"/>
    <testcase time="0" classname="character(0)" name="ard_continuous.survey.design_works_when_using_generic_names_"/>
    <testcase time="0.00100000000000477" classname="character(0)" name="ard_continuous.survey.design_works_when_using_generic_names_"/>
    <testcase time="0" classname="character(0)" name="ard_continuous.survey.design_works_when_using_generic_names_"/>
    <testcase time="0" classname="character(0)" name="ard_continuous.survey.design_works_when_using_generic_names_"/>
    <testcase time="0.00100000000000477" classname="character(0)" name="ard_continuous.survey.design_works_when_using_generic_names_"/>
    <testcase time="0" classname="character(0)" name="ard_continuous.survey.design_works_when_using_generic_names_"/>
    <testcase time="0.000999999999990564" classname="character(0)" name="ard_continuous.survey.design_works_when_using_generic_names_"/>
    <testcase time="0" classname="character(0)" name="ard_continuous.survey.design_works_when_using_generic_names_"/>
    <testcase time="0.00100000000000477" classname="character(0)" name="ard_continuous.survey.design_works_when_using_generic_names_"/>
    <testcase time="0" classname="character(0)" name="ard_continuous.survey.design_works_when_using_generic_names_"/>
    <testcase time="0.00100000000000477" classname="character(0)" name="ard_continuous.survey.design_works_when_using_generic_names_"/>
    <testcase time="0" classname="character(0)" name="ard_continuous.survey.design_works_when_using_generic_names_"/>
    <testcase time="0.000999999999990564" classname="character(0)" name="ard_continuous.survey.design_works_when_using_generic_names_"/>
    <testcase time="0" classname="character(0)" name="ard_continuous.survey.design_works_when_using_generic_names_"/>
    <testcase time="0.00100000000000477" classname="character(0)" name="ard_continuous.survey.design_works_when_using_generic_names_"/>
    <testcase time="0.00100000000000477" classname="character(0)" name="ard_continuous.survey.design_works_when_using_generic_names_"/>
  </testsuite>
  <testsuite name="ard_continuous.survey.design" timestamp="2024-11-01T22:04:47Z" hostname="d81f9c119ecc" tests="1" skipped="0" failures="0" errors="0" time="0.001">
    <testcase time="0.000999999999990564" classname="character(0)" name="ard_continuous.survey.design_follows_ard_structure"/>
  </testsuite>
  <testsuite name="ard_continuous.survey.design" timestamp="2024-11-01T22:04:47Z" hostname="d81f9c119ecc" tests="4" skipped="0" failures="0" errors="0" time="0.004">
    <testcase time="0.00200000000000955" classname="character(0)" name="ard_continuous.survey.design_original_types_are_retained"/>
    <testcase time="0.000999999999990564" classname="character(0)" name="ard_continuous.survey.design_original_types_are_retained"/>
    <testcase time="0" classname="character(0)" name="ard_continuous.survey.design_original_types_are_retained"/>
    <testcase time="0.00100000000000477" classname="character(0)" name="ard_continuous.survey.design_original_types_are_retained"/>
  </testsuite>
</testsuites>
