<?xml version="1.0" encoding="UTF-8"?>
<testsuites>
  <testsuite name="ard_fishertest" timestamp="2024-02-22T03:59:10Z" hostname="99c15d7aedc8" tests="2" skipped="0" failures="0" errors="0" time="0.712">
    <testcase time="0.689" classname="character(0)" name="ard_fishertest_works"/>
    <testcase time="0.0229999999999999" classname="character(0)" name="ard_fishertest_works"/>
  </testsuite>
  <testsuite name="ard_kruskaltest" timestamp="2024-02-22T03:59:11Z" hostname="99c15d7aedc8" tests="3" skipped="1" failures="0" errors="0" time="0.186">
    <testcase time="0.185" classname="character(0)" name="ard_kurskaltest_works"/>
    <testcase time="0" classname="character(0)" name="ard_kurskaltest_works"/>
    <testcase time="0.00099999999999989" classname="character(0)" name="ard_kurskaltest_works">
      <skipped message="Reason: On CRAN ('test-ard_kruskaltest.R:20:3')"/>
    </testcase>
  </testsuite>
  <testsuite name="ard_chisqtest" timestamp="2024-02-22T03:59:11Z" hostname="99c15d7aedc8" tests="2" skipped="0" failures="0" errors="0" time="0.038">
    <testcase time="0.0370000000000001" classname="character(0)" name="ard_chisqtest_works"/>
    <testcase time="0.00099999999999989" classname="character(0)" name="ard_chisqtest_works"/>
  </testsuite>
  <testsuite name="ard_chisqtest" timestamp="2024-02-22T03:59:11Z" hostname="99c15d7aedc8" tests="1" skipped="1" failures="0" errors="0" time="0.002">
    <testcase time="0.002" classname="character(0)" name="shuffle_ard_fills_missing_group_levels_if_the_group_is_meaningful">
      <skipped message="Reason: On CRAN ('test-ard_chisqtest.R:23:3')"/>
    </testcase>
  </testsuite>
  <testsuite name="ard_moodtest" timestamp="2024-02-22T03:59:11Z" hostname="99c15d7aedc8" tests="3" skipped="1" failures="0" errors="0" time="0.148">
    <testcase time="0.146" classname="character(0)" name="ard_moodtest_works"/>
    <testcase time="0.00099999999999989" classname="character(0)" name="ard_moodtest_works"/>
    <testcase time="0.00100000000000011" classname="character(0)" name="ard_moodtest_works">
      <skipped message="Reason: On CRAN ('test-ard_moodtest.R:20:3')"/>
    </testcase>
  </testsuite>
  <testsuite name="ard_mcnemartest" timestamp="2024-02-22T03:59:11Z" hostname="99c15d7aedc8" tests="4" skipped="0" failures="0" errors="0" time="0.048">
    <testcase time="0.0469999999999999" classname="character(0)" name="ard_mcnemartest_works"/>
    <testcase time="0" classname="character(0)" name="ard_mcnemartest_works"/>
    <testcase time="0.00099999999999989" classname="character(0)" name="ard_mcnemartest_works"/>
    <testcase time="0" classname="character(0)" name="ard_mcnemartest_works"/>
  </testsuite>
  <testsuite name="ard_proportion_ci" timestamp="2024-02-22T03:59:11Z" hostname="99c15d7aedc8" tests="1" skipped="0" failures="0" errors="0" time="0.382">
    <testcase time="0.382" classname="character(0)" name="ard_proportion_ci_works"/>
  </testsuite>
  <testsuite name="ard_proportion_ci" timestamp="2024-02-22T03:59:11Z" hostname="99c15d7aedc8" tests="2" skipped="1" failures="0" errors="0" time="0.004">
    <testcase time="0.00300000000000011" classname="character(0)" name="ard_proportion_ci_method_strat_wilson_works"/>
    <testcase time="0.00099999999999989" classname="character(0)" name="ard_proportion_ci_method_strat_wilson_works">
      <skipped message="Reason: On CRAN ('test-ard_proportion_ci.R:50:3')"/>
    </testcase>
  </testsuite>
  <testsuite name="ard_regression" timestamp="2024-02-22T03:59:12Z" hostname="99c15d7aedc8" tests="1" skipped="1" failures="0" errors="0" time="0.415">
    <testcase time="0.415" classname="character(0)" name="ard_regression_works">
      <skipped message="Reason: On CRAN ('test-ard_regression.R:2:3')"/>
    </testcase>
  </testsuite>
  <testsuite name="ard_ttest" timestamp="2024-02-22T03:59:12Z" hostname="99c15d7aedc8" tests="3" skipped="1" failures="0" errors="0" time="0.321">
    <testcase time="0.32" classname="character(0)" name="ard_ttest_works"/>
    <testcase time="0" classname="character(0)" name="ard_ttest_works"/>
    <testcase time="0.00099999999999989" classname="character(0)" name="ard_ttest_works">
      <skipped message="Reason: On CRAN ('test-ard_ttest.R:25:3')"/>
    </testcase>
  </testsuite>
  <testsuite name="ard_ttest" timestamp="2024-02-22T03:59:12Z" hostname="99c15d7aedc8" tests="3" skipped="1" failures="0" errors="0" time="0.014">
    <testcase time="0.0130000000000003" classname="character(0)" name="ard_paired_ttest_works"/>
    <testcase time="0" classname="character(0)" name="ard_paired_ttest_works"/>
    <testcase time="0.00099999999999989" classname="character(0)" name="ard_paired_ttest_works">
      <skipped message="Reason: On CRAN ('test-ard_ttest.R:70:3')"/>
    </testcase>
  </testsuite>
  <testsuite name="ard_wilcoxtest" timestamp="2024-02-22T03:59:12Z" hostname="99c15d7aedc8" tests="3" skipped="0" failures="0" errors="0" time="0.338">
    <testcase time="0.337" classname="character(0)" name="ard_wilcoxtest_works"/>
    <testcase time="0.00099999999999989" classname="character(0)" name="ard_wilcoxtest_works"/>
    <testcase time="0" classname="character(0)" name="ard_wilcoxtest_works"/>
  </testsuite>
  <testsuite name="ard_wilcoxtest" timestamp="2024-02-22T03:59:12Z" hostname="99c15d7aedc8" tests="3" skipped="0" failures="0" errors="0" time="0.003">
    <testcase time="0.00199999999999978" classname="character(0)" name="ard_paired_wilcoxtest_works"/>
    <testcase time="0" classname="character(0)" name="ard_paired_wilcoxtest_works"/>
    <testcase time="0.00100000000000033" classname="character(0)" name="ard_paired_wilcoxtest_works"/>
  </testsuite>
  <testsuite name="proportion_ci" timestamp="2024-02-22T03:59:12Z" hostname="99c15d7aedc8" tests="1" skipped="1" failures="0" errors="0" time="0.104">
    <testcase time="0.104" classname="character(0)" name="check_the_proportion_ci__functions_work">
      <skipped message="Reason: On CRAN ('test-proportion_ci.R:10:3')"/>
    </testcase>
  </testsuite>
  <testsuite name="proportion_ci" timestamp="2024-02-22T03:59:13Z" hostname="99c15d7aedc8" tests="1" skipped="1" failures="0" errors="0" time="0.013">
    <testcase time="0.0130000000000003" classname="character(0)" name="check_the_proportion_ci_strat_wilson_function_works">
      <skipped message="Reason: On CRAN ('test-proportion_ci.R:136:3')"/>
    </testcase>
  </testsuite>
  <testsuite name="ard_survfit" timestamp="2024-02-22T03:59:13Z" hostname="99c15d7aedc8" tests="1" skipped="1" failures="0" errors="0" time="0.049">
    <testcase time="0.0489999999999999" classname="character(0)" name="ard_survfit_works_with_times_provided">
      <skipped message="Reason: On CRAN ('test-ard_survfit.R:2:3')"/>
    </testcase>
  </testsuite>
  <testsuite name="ard_survfit" timestamp="2024-02-22T03:59:13Z" hostname="99c15d7aedc8" tests="1" skipped="1" failures="0" errors="0" time="0.01">
    <testcase time="0.00999999999999979" classname="character(0)" name="ard_survfit_works_with_reverse_TRUE">
      <skipped message="Reason: On CRAN ('test-ard_survfit.R:13:3')"/>
    </testcase>
  </testsuite>
  <testsuite name="ard_survfit" timestamp="2024-02-22T03:59:13Z" hostname="99c15d7aedc8" tests="1" skipped="1" failures="0" errors="0" time="0.009">
    <testcase time="0.0089999999999999" classname="character(0)" name="ard_survfit_works_with_probs_provided">
      <skipped message="Reason: On CRAN ('test-ard_survfit.R:24:3')"/>
    </testcase>
  </testsuite>
  <testsuite name="ard_survfit" timestamp="2024-02-22T03:59:13Z" hostname="99c15d7aedc8" tests="1" skipped="1" failures="0" errors="0" time="0.012">
    <testcase time="0.012" classname="character(0)" name="ard_survfit_errors_are_properly_handled">
      <skipped message="Reason: On CRAN ('test-ard_survfit.R:35:3')"/>
    </testcase>
  </testsuite>
</testsuites>
