<?xml version="1.0" encoding="UTF-8"?>
<testsuites>
  <testsuite name="ard_chisqtest" timestamp="2024-03-20T21:53:07Z" hostname="0a35889d6751" tests="3" skipped="0" failures="0" errors="0" time="0.974">
    <testcase time="0.949" classname="character(0)" name="ard_chisqtest_works"/>
    <testcase time="0.0189999999999999" classname="character(0)" name="ard_chisqtest_works"/>
    <testcase time="0.00600000000000001" classname="character(0)" name="ard_chisqtest_works"/>
  </testsuite>
  <testsuite name="ard_chisqtest" timestamp="2024-03-20T21:53:07Z" hostname="0a35889d6751" tests="1" skipped="1" failures="0" errors="0" time="0.001">
    <testcase time="0.00100000000000011" classname="character(0)" name="shuffle_ard_fills_missing_group_levels_if_the_group_is_meaningful">
      <skipped message="Reason: On CRAN ('test-ard_chisqtest.R:36:3')"/>
    </testcase>
  </testsuite>
  <testsuite name="ard_car_anova" timestamp="2024-03-20T21:53:07Z" hostname="0a35889d6751" tests="3" skipped="1" failures="0" errors="0" time="0.805">
    <testcase time="0.804" classname="character(0)" name="ard_car_anova_works"/>
    <testcase time="0" classname="character(0)" name="ard_car_anova_works"/>
    <testcase time="0.00100000000000033" classname="character(0)" name="ard_car_anova_works">
      <skipped message="Reason: On CRAN ('test-ard_car_anova.R:10:3')"/>
    </testcase>
  </testsuite>
  <testsuite name="ard_car_anova" timestamp="2024-03-20T21:53:07Z" hostname="0a35889d6751" tests="1" skipped="1" failures="0" errors="0" time="0.017">
    <testcase time="0.0169999999999999" classname="character(0)" name="ard_car_anova_messaging">
      <skipped message="Reason: On CRAN ('test-ard_car_anova.R:14:3')"/>
    </testcase>
  </testsuite>
  <testsuite name="ard_fishertest" timestamp="2024-03-20T21:53:08Z" hostname="0a35889d6751" tests="3" skipped="0" failures="0" errors="0" time="0.276">
    <testcase time="0.274" classname="character(0)" name="ard_fishertest_works"/>
    <testcase time="0.00099999999999989" classname="character(0)" name="ard_fishertest_works"/>
    <testcase time="0.00099999999999989" classname="character(0)" name="ard_fishertest_works"/>
  </testsuite>
  <testsuite name="ard_cohens_d" timestamp="2024-03-20T21:53:08Z" hostname="0a35889d6751" tests="3" skipped="1" failures="0" errors="0" time="0.191">
    <testcase time="0.19" classname="character(0)" name="ard_cohens_d_works"/>
    <testcase time="0" classname="character(0)" name="ard_cohens_d_works"/>
    <testcase time="0.00100000000000033" classname="character(0)" name="ard_cohens_d_works">
      <skipped message="Reason: On CRAN ('test-ard_cohens_d.R:26:3')"/>
    </testcase>
  </testsuite>
  <testsuite name="ard_cohens_d" timestamp="2024-03-20T21:53:08Z" hostname="0a35889d6751" tests="3" skipped="1" failures="0" errors="0" time="0.011">
    <testcase time="0.00999999999999979" classname="character(0)" name="ard_paired_cohens_d_works"/>
    <testcase time="0.00099999999999989" classname="character(0)" name="ard_paired_cohens_d_works"/>
    <testcase time="0" classname="character(0)" name="ard_paired_cohens_d_works">
      <skipped message="Reason: On CRAN ('test-ard_cohens_d.R:83:3')"/>
    </testcase>
  </testsuite>
  <testsuite name="ard_hedges_g" timestamp="2024-03-20T21:53:08Z" hostname="0a35889d6751" tests="3" skipped="1" failures="0" errors="0" time="0.151">
    <testcase time="0.15" classname="character(0)" name="ard_hedges_g_works"/>
    <testcase time="0" classname="character(0)" name="ard_hedges_g_works"/>
    <testcase time="0.00099999999999989" classname="character(0)" name="ard_hedges_g_works">
      <skipped message="Reason: On CRAN ('test-ard_hedges_g.R:25:3')"/>
    </testcase>
  </testsuite>
  <testsuite name="ard_hedges_g" timestamp="2024-03-20T21:53:08Z" hostname="0a35889d6751" tests="3" skipped="1" failures="0" errors="0" time="0.014">
    <testcase time="0.0129999999999999" classname="character(0)" name="ard_paired_hedges_g_works"/>
    <testcase time="0" classname="character(0)" name="ard_paired_hedges_g_works"/>
    <testcase time="0.00099999999999989" classname="character(0)" name="ard_paired_hedges_g_works">
      <skipped message="Reason: On CRAN ('test-ard_hedges_g.R:82:3')"/>
    </testcase>
  </testsuite>
  <testsuite name="ard_kruskaltest" timestamp="2024-03-20T21:53:08Z" hostname="0a35889d6751" tests="3" skipped="1" failures="0" errors="0" time="0.014">
    <testcase time="0.0130000000000003" classname="character(0)" name="ard_kurskaltest_works"/>
    <testcase time="0.00099999999999989" classname="character(0)" name="ard_kurskaltest_works"/>
    <testcase time="0" classname="character(0)" name="ard_kurskaltest_works">
      <skipped message="Reason: On CRAN ('test-ard_kruskaltest.R:22:3')"/>
    </testcase>
  </testsuite>
  <testsuite name="ard_moodtest" timestamp="2024-03-20T21:53:08Z" hostname="0a35889d6751" tests="3" skipped="1" failures="0" errors="0" time="0.153">
    <testcase time="0.152" classname="character(0)" name="ard_moodtest_works"/>
    <testcase time="0" classname="character(0)" name="ard_moodtest_works"/>
    <testcase time="0.00099999999999989" classname="character(0)" name="ard_moodtest_works">
      <skipped message="Reason: On CRAN ('test-ard_moodtest.R:22:3')"/>
    </testcase>
  </testsuite>
  <testsuite name="ard_mcnemartest" timestamp="2024-03-20T21:53:08Z" hostname="0a35889d6751" tests="5" skipped="0" failures="0" errors="0" time="0.114">
    <testcase time="0.111" classname="character(0)" name="ard_mcnemartest_works"/>
    <testcase time="0" classname="character(0)" name="ard_mcnemartest_works"/>
    <testcase time="0.00099999999999989" classname="character(0)" name="ard_mcnemartest_works"/>
    <testcase time="0.00099999999999989" classname="character(0)" name="ard_mcnemartest_works"/>
    <testcase time="0.00099999999999989" classname="character(0)" name="ard_mcnemartest_works"/>
  </testsuite>
  <testsuite name="ard_proptest" timestamp="2024-03-20T21:53:09Z" hostname="0a35889d6751" tests="3" skipped="0" failures="0" errors="0" time="0.446">
    <testcase time="0.444" classname="character(0)" name="ard_proptest_works"/>
    <testcase time="0.00100000000000033" classname="character(0)" name="ard_proptest_works"/>
    <testcase time="0.00099999999999989" classname="character(0)" name="ard_proptest_works"/>
  </testsuite>
  <testsuite name="ard_proptest" timestamp="2024-03-20T21:53:09Z" hostname="0a35889d6751" tests="8" skipped="0" failures="0" errors="0" time="0.008">
    <testcase time="0.00199999999999978" classname="character(0)" name="ard_proptest_error_messaging"/>
    <testcase time="0.00100000000000033" classname="character(0)" name="ard_proptest_error_messaging"/>
    <testcase time="0.00099999999999989" classname="character(0)" name="ard_proptest_error_messaging"/>
    <testcase time="0.00099999999999989" classname="character(0)" name="ard_proptest_error_messaging"/>
    <testcase time="0.00099999999999989" classname="character(0)" name="ard_proptest_error_messaging"/>
    <testcase time="0.00100000000000033" classname="character(0)" name="ard_proptest_error_messaging"/>
    <testcase time="0.00099999999999989" classname="character(0)" name="ard_proptest_error_messaging"/>
    <testcase time="0" classname="character(0)" name="ard_proptest_error_messaging"/>
  </testsuite>
  <testsuite name="ard_proportion_ci" timestamp="2024-03-20T21:53:09Z" hostname="0a35889d6751" tests="1" skipped="0" failures="0" errors="0" time="0.052">
    <testcase time="0.052" classname="character(0)" name="ard_proportion_ci_works"/>
  </testsuite>
  <testsuite name="ard_proportion_ci" timestamp="2024-03-20T21:53:09Z" hostname="0a35889d6751" tests="2" skipped="1" failures="0" errors="0" time="0.002">
    <testcase time="0.00199999999999978" classname="character(0)" name="ard_proportion_ci_method_strat_wilson_works"/>
    <testcase time="0" classname="character(0)" name="ard_proportion_ci_method_strat_wilson_works">
      <skipped message="Reason: On CRAN ('test-ard_proportion_ci.R:52:3')"/>
    </testcase>
  </testsuite>
  <testsuite name="ard_regression_basic" timestamp="2024-03-20T21:53:09Z" hostname="0a35889d6751" tests="2" skipped="1" failures="0" errors="0" time="0.464">
    <testcase time="0.463" classname="character(0)" name="ard_regression_basic_works"/>
    <testcase time="0.00100000000000033" classname="character(0)" name="ard_regression_basic_works">
      <skipped message="Reason: On CRAN ('test-ard_regression_basic.R:10:3')"/>
    </testcase>
  </testsuite>
  <testsuite name="ard_regression" timestamp="2024-03-20T21:53:10Z" hostname="0a35889d6751" tests="1" skipped="1" failures="0" errors="0" time="0.244">
    <testcase time="0.244" classname="character(0)" name="ard_regression_works">
      <skipped message="Reason: On CRAN ('test-ard_regression.R:4:3')"/>
    </testcase>
  </testsuite>
  <testsuite name="ard_smd" timestamp="2024-03-20T21:53:10Z" hostname="0a35889d6751" tests="3" skipped="0" failures="0" errors="0" time="0.242">
    <testcase time="0.241" classname="character(0)" name="ard_smd_works"/>
    <testcase time="0.00100000000000033" classname="character(0)" name="ard_smd_works"/>
    <testcase time="0" classname="character(0)" name="ard_smd_works"/>
  </testsuite>
  <testsuite name="ard_smd" timestamp="2024-03-20T21:53:10Z" hostname="0a35889d6751" tests="2" skipped="0" failures="0" errors="0" time="0.002">
    <testcase time="0.00199999999999978" classname="character(0)" name="ard_smd_works_with_survey_data"/>
    <testcase time="0" classname="character(0)" name="ard_smd_works_with_survey_data"/>
  </testsuite>
  <testsuite name="ard_smd" timestamp="2024-03-20T21:53:10Z" hostname="0a35889d6751" tests="4" skipped="0" failures="0" errors="0" time="0.003">
    <testcase time="0.00199999999999978" classname="character(0)" name="ard_proptest_error_messaging"/>
    <testcase time="0" classname="character(0)" name="ard_proptest_error_messaging"/>
    <testcase time="0.00100000000000033" classname="character(0)" name="ard_proptest_error_messaging"/>
    <testcase time="0" classname="character(0)" name="ard_proptest_error_messaging"/>
  </testsuite>
  <testsuite name="ard_svychisq" timestamp="2024-03-20T21:53:10Z" hostname="0a35889d6751" tests="3" skipped="1" failures="0" errors="0" time="0.247">
    <testcase time="0.246" classname="character(0)" name="ard_svychisq_works"/>
    <testcase time="0" classname="character(0)" name="ard_svychisq_works"/>
    <testcase time="0.000999999999999446" classname="character(0)" name="ard_svychisq_works">
      <skipped message="Reason: On CRAN ('test-ard_svychisq.R:28:3')"/>
    </testcase>
  </testsuite>
  <testsuite name="ard_survfit" timestamp="2024-03-20T21:53:11Z" hostname="0a35889d6751" tests="1" skipped="1" failures="0" errors="0" time="0.609">
    <testcase time="0.609" classname="character(0)" name="ard_survfit_works_with_times_provided">
      <skipped message="Reason: On CRAN ('test-ard_survfit.R:4:3')"/>
    </testcase>
  </testsuite>
  <testsuite name="ard_survfit" timestamp="2024-03-20T21:53:11Z" hostname="0a35889d6751" tests="1" skipped="1" failures="0" errors="0" time="0.02">
    <testcase time="0.0200000000000005" classname="character(0)" name="ard_survfit_works_with_different_type">
      <skipped message="Reason: On CRAN ('test-ard_survfit.R:15:3')"/>
    </testcase>
  </testsuite>
  <testsuite name="ard_survfit" timestamp="2024-03-20T21:53:11Z" hostname="0a35889d6751" tests="1" skipped="1" failures="0" errors="0" time="0.016">
    <testcase time="0.016" classname="character(0)" name="ard_survfit_works_with_probs_provided">
      <skipped message="Reason: On CRAN ('test-ard_survfit.R:26:3')"/>
    </testcase>
  </testsuite>
  <testsuite name="ard_survfit" timestamp="2024-03-20T21:53:11Z" hostname="0a35889d6751" tests="1" skipped="0" failures="0" errors="1" time="0.015">
    <testcase time="0.0149999999999997" classname="character(0)" name="ard_survfit_works_with_unstratified_model">
      <error type="error" message="Error in `eval(expr, p)`: object 'lung' not found ('test-ard_survfit.R:37:3')">Error in `eval(expr, p)`: object 'lung' not found
Backtrace:
    ▆
 1. └─testthat::expect_snapshot(...) at test-ard_survfit.R:37:3
 2.   └─rlang::cnd_signal(state$error)</error>
    </testcase>
  </testsuite>
  <testsuite name="ard_survfit" timestamp="2024-03-20T21:53:11Z" hostname="0a35889d6751" tests="1" skipped="0" failures="0" errors="1" time="0.034">
    <testcase time="0.0339999999999998" classname="character(0)" name="ard_survfit_works_with_multiple_stratification_variables">
      <error type="error" message="Error in `eval(expr, p)`: object 'lung' not found ('test-ard_survfit.R:57:3')">Error in `eval(expr, p)`: object 'lung' not found
Backtrace:
    ▆
 1. └─testthat::expect_snapshot(...) at test-ard_survfit.R:57:3
 2.   └─rlang::cnd_signal(state$error)</error>
    </testcase>
  </testsuite>
  <testsuite name="ard_survfit" timestamp="2024-03-20T21:53:11Z" hostname="0a35889d6751" tests="1" skipped="1" failures="0" errors="0" time="0.026">
    <testcase time="0.0260000000000007" classname="character(0)" name="ard_survfit_works_with_competing_risks">
      <skipped message="Reason: On CRAN ('test-ard_survfit.R:87:3')"/>
    </testcase>
  </testsuite>
  <testsuite name="ard_survfit" timestamp="2024-03-20T21:53:11Z" hostname="0a35889d6751" tests="1" skipped="1" failures="0" errors="0" time="0.016">
    <testcase time="0.0159999999999991" classname="character(0)" name="ard_survfit_errors_are_properly_handled">
      <skipped message="Reason: On CRAN ('test-ard_survfit.R:98:3')"/>
    </testcase>
  </testsuite>
  <testsuite name="ard_survfit" timestamp="2024-03-20T21:53:11Z" hostname="0a35889d6751" tests="1" skipped="0" failures="0" errors="1" time="0.018">
    <testcase time="0.0180000000000007" classname="character(0)" name="ard_survfit_works_with_non_syntactic_names">
      <error type="error" message="Error in `eval(expr, p)`: object 'lung' not found ('test-ard_survfit.R:117:3')">Error in `eval(expr, p)`: object 'lung' not found
Backtrace:
    ▆
 1. ├─stats::model.frame(...)
 2. └─stats::model.frame.default(...)
 3.   └─base::is.data.frame(data)</error>
    </testcase>
  </testsuite>
  <testsuite name="ard_svyttest" timestamp="2024-03-20T21:53:11Z" hostname="0a35889d6751" tests="4" skipped="0" failures="0" errors="0" time="0.501">
    <testcase time="0.499" classname="character(0)" name="ard_svyttest_works"/>
    <testcase time="0.00100000000000033" classname="character(0)" name="ard_svyttest_works"/>
    <testcase time="0.000999999999999446" classname="character(0)" name="ard_svyttest_works"/>
    <testcase time="0" classname="character(0)" name="ard_svyttest_works"/>
  </testsuite>
  <testsuite name="ard_svyttest" timestamp="2024-03-20T21:53:11Z" hostname="0a35889d6751" tests="2" skipped="0" failures="0" errors="0" time="0.002">
    <testcase time="0.00200000000000067" classname="character(0)" name="ard_svyttest_messaging"/>
    <testcase time="0" classname="character(0)" name="ard_svyttest_messaging"/>
  </testsuite>
  <testsuite name="ard_ttest" timestamp="2024-03-20T21:53:12Z" hostname="0a35889d6751" tests="3" skipped="1" failures="0" errors="0" time="0.298">
    <testcase time="0.297" classname="character(0)" name="ard_ttest_works"/>
    <testcase time="0.00100000000000033" classname="character(0)" name="ard_ttest_works"/>
    <testcase time="0" classname="character(0)" name="ard_ttest_works">
      <skipped message="Reason: On CRAN ('test-ard_ttest.R:27:3')"/>
    </testcase>
  </testsuite>
  <testsuite name="ard_ttest" timestamp="2024-03-20T21:53:12Z" hostname="0a35889d6751" tests="3" skipped="1" failures="0" errors="0" time="0.015">
    <testcase time="0.0129999999999999" classname="character(0)" name="ard_paired_ttest_works"/>
    <testcase time="0.000999999999999446" classname="character(0)" name="ard_paired_ttest_works"/>
    <testcase time="0.00100000000000033" classname="character(0)" name="ard_paired_ttest_works">
      <skipped message="Reason: On CRAN ('test-ard_ttest.R:85:3')"/>
    </testcase>
  </testsuite>
  <testsuite name="ard_vif" timestamp="2024-03-20T21:53:12Z" hostname="0a35889d6751" tests="1" skipped="1" failures="0" errors="0" time="0.169">
    <testcase time="0.169" classname="character(0)" name="ard_vif_works">
      <skipped message="Reason: On CRAN ('test-ard_vif.R:2:3')"/>
    </testcase>
  </testsuite>
  <testsuite name="ard_vif" timestamp="2024-03-20T21:53:12Z" hostname="0a35889d6751" tests="1" skipped="1" failures="0" errors="0" time="0.011">
    <testcase time="0.0110000000000001" classname="character(0)" name="ard_vif_appropriate_errors_are_given_for_model_with_only_1_term">
      <skipped message="Reason: On CRAN ('test-ard_vif.R:16:3')"/>
    </testcase>
  </testsuite>
  <testsuite name="ard_vif" timestamp="2024-03-20T21:53:12Z" hostname="0a35889d6751" tests="1" skipped="1" failures="0" errors="0" time="0.028">
    <testcase time="0.0280000000000005" classname="character(0)" name="ard_vif_issues_friendly_messaging_for_incorrect_object_passed_in_can_t_get_terms_of_model">
      <skipped message="Reason: On CRAN ('test-ard_vif.R:33:3')"/>
    </testcase>
  </testsuite>
  <testsuite name="ard_svycontinuous" timestamp="2024-03-20T21:53:12Z" hostname="0a35889d6751" tests="12" skipped="1" failures="0" errors="0" time="0.031">
    <testcase time="0.0229999999999997" classname="character(0)" name="unstratified_ard_svycontinuous_works"/>
    <testcase time="0" classname="character(0)" name="unstratified_ard_svycontinuous_works"/>
    <testcase time="0.00100000000000033" classname="character(0)" name="unstratified_ard_svycontinuous_works"/>
    <testcase time="0.000999999999999446" classname="character(0)" name="unstratified_ard_svycontinuous_works"/>
    <testcase time="0.00100000000000033" classname="character(0)" name="unstratified_ard_svycontinuous_works"/>
    <testcase time="0.00100000000000033" classname="character(0)" name="unstratified_ard_svycontinuous_works"/>
    <testcase time="0" classname="character(0)" name="unstratified_ard_svycontinuous_works"/>
    <testcase time="0.000999999999999446" classname="character(0)" name="unstratified_ard_svycontinuous_works"/>
    <testcase time="0.00100000000000033" classname="character(0)" name="unstratified_ard_svycontinuous_works"/>
    <testcase time="0.000999999999999446" classname="character(0)" name="unstratified_ard_svycontinuous_works"/>
    <testcase time="0" classname="character(0)" name="unstratified_ard_svycontinuous_works"/>
    <testcase time="0.00100000000000033" classname="character(0)" name="unstratified_ard_svycontinuous_works">
      <skipped message="Reason: On CRAN ('test-ard_svycontinuous.R:70:3')"/>
    </testcase>
  </testsuite>
  <testsuite name="ard_svycontinuous" timestamp="2024-03-20T21:53:12Z" hostname="0a35889d6751" tests="11" skipped="0" failures="0" errors="0" time="0.018">
    <testcase time="0.0129999999999999" classname="character(0)" name="stratified_ard_svycontinuous_works"/>
    <testcase time="0" classname="character(0)" name="stratified_ard_svycontinuous_works"/>
    <testcase time="0.00100000000000033" classname="character(0)" name="stratified_ard_svycontinuous_works"/>
    <testcase time="0" classname="character(0)" name="stratified_ard_svycontinuous_works"/>
    <testcase time="0.000999999999999446" classname="character(0)" name="stratified_ard_svycontinuous_works"/>
    <testcase time="0" classname="character(0)" name="stratified_ard_svycontinuous_works"/>
    <testcase time="0.00100000000000033" classname="character(0)" name="stratified_ard_svycontinuous_works"/>
    <testcase time="0" classname="character(0)" name="stratified_ard_svycontinuous_works"/>
    <testcase time="0.00100000000000033" classname="character(0)" name="stratified_ard_svycontinuous_works"/>
    <testcase time="0" classname="character(0)" name="stratified_ard_svycontinuous_works"/>
    <testcase time="0.000999999999999446" classname="character(0)" name="stratified_ard_svycontinuous_works"/>
  </testsuite>
  <testsuite name="ard_svycontinuous" timestamp="2024-03-20T21:53:12Z" hostname="0a35889d6751" tests="4" skipped="0" failures="0" errors="0" time="0.003">
    <testcase time="0.00100000000000033" classname="character(0)" name="ard_svycontinuous_NA_handling"/>
    <testcase time="0.00100000000000033" classname="character(0)" name="ard_svycontinuous_NA_handling"/>
    <testcase time="0" classname="character(0)" name="ard_svycontinuous_NA_handling"/>
    <testcase time="0.000999999999999446" classname="character(0)" name="ard_svycontinuous_NA_handling"/>
  </testsuite>
  <testsuite name="ard_svycontinuous" timestamp="2024-03-20T21:53:12Z" hostname="0a35889d6751" tests="2" skipped="0" failures="0" errors="0" time="0.002">
    <testcase time="0.00100000000000033" classname="character(0)" name="ard_svycontinuous_error_handling"/>
    <testcase time="0.000999999999999446" classname="character(0)" name="ard_svycontinuous_error_handling"/>
  </testsuite>
  <testsuite name="ard_svycontinuous" timestamp="2024-03-20T21:53:12Z" hostname="0a35889d6751" tests="1" skipped="1" failures="0" errors="0" time="0.001">
    <testcase time="0.00100000000000033" classname="character(0)" name="ard_svycontinuous_fmt_fn_">
      <skipped message="Reason: On CRAN ('test-ard_svycontinuous.R:322:3')"/>
    </testcase>
  </testsuite>
  <testsuite name="ard_svycontinuous" timestamp="2024-03-20T21:53:12Z" hostname="0a35889d6751" tests="1" skipped="1" failures="0" errors="0" time="0.013">
    <testcase time="0.0129999999999999" classname="character(0)" name="ard_svycontinuous_stat_label_">
      <skipped message="Reason: On CRAN ('test-ard_svycontinuous.R:336:3')"/>
    </testcase>
  </testsuite>
  <testsuite name="ard_svycontinuous" timestamp="2024-03-20T21:53:12Z" hostname="0a35889d6751" tests="2" skipped="0" failures="0" errors="0" time="0.01">
    <testcase time="0.00999999999999979" classname="character(0)" name="ard_svycontinuous_by_unobserved_levels_combinations"/>
    <testcase time="0" classname="character(0)" name="ard_svycontinuous_by_unobserved_levels_combinations"/>
  </testsuite>
  <testsuite name="proportion_ci" timestamp="2024-03-20T21:53:12Z" hostname="0a35889d6751" tests="1" skipped="1" failures="0" errors="0" time="0.128">
    <testcase time="0.128" classname="character(0)" name="check_the_proportion_ci__functions_work">
      <skipped message="Reason: On CRAN ('test-proportion_ci.R:12:3')"/>
    </testcase>
  </testsuite>
  <testsuite name="proportion_ci" timestamp="2024-03-20T21:53:12Z" hostname="0a35889d6751" tests="1" skipped="1" failures="0" errors="0" time="0.01">
    <testcase time="0.0100000000000007" classname="character(0)" name="check_the_proportion_ci_strat_wilson_function_works">
      <skipped message="Reason: On CRAN ('test-proportion_ci.R:138:3')"/>
    </testcase>
  </testsuite>
  <testsuite name="ard_wilcoxtest" timestamp="2024-03-20T21:53:12Z" hostname="0a35889d6751" tests="4" skipped="0" failures="0" errors="0" time="0.25">
    <testcase time="0.247999999999999" classname="character(0)" name="ard_wilcoxtest_works"/>
    <testcase time="0.00100000000000033" classname="character(0)" name="ard_wilcoxtest_works"/>
    <testcase time="0" classname="character(0)" name="ard_wilcoxtest_works"/>
    <testcase time="0.00100000000000033" classname="character(0)" name="ard_wilcoxtest_works"/>
  </testsuite>
  <testsuite name="ard_wilcoxtest" timestamp="2024-03-20T21:53:12Z" hostname="0a35889d6751" tests="3" skipped="0" failures="0" errors="0" time="0.003">
    <testcase time="0.00199999999999978" classname="character(0)" name="ard_paired_wilcoxtest_works"/>
    <testcase time="0" classname="character(0)" name="ard_paired_wilcoxtest_works"/>
    <testcase time="0.000999999999999446" classname="character(0)" name="ard_paired_wilcoxtest_works"/>
  </testsuite>
</testsuites>
