<?xml version="1.0" encoding="UTF-8"?>
<testsuites>
  <testsuite name="ard_chisqtest" timestamp="2024-03-05T01:47:41Z" hostname="75a934eb97df" tests="2" skipped="0" failures="0" errors="0" time="0.955">
    <testcase time="0.927" classname="character(0)" name="ard_chisqtest_works"/>
    <testcase time="0.028" classname="character(0)" name="ard_chisqtest_works"/>
  </testsuite>
  <testsuite name="ard_chisqtest" timestamp="2024-03-05T01:47:41Z" hostname="75a934eb97df" tests="1" skipped="1" failures="0" errors="0" time="0.007">
    <testcase time="0.0069999999999999" classname="character(0)" name="shuffle_ard_fills_missing_group_levels_if_the_group_is_meaningful">
      <skipped message="Reason: On CRAN ('test-ard_chisqtest.R:25:3')"/>
    </testcase>
  </testsuite>
  <testsuite name="ard_fishertest" timestamp="2024-03-05T01:47:41Z" hostname="75a934eb97df" tests="2" skipped="0" failures="0" errors="0" time="0.135">
    <testcase time="0.134" classname="character(0)" name="ard_fishertest_works"/>
    <testcase time="0.00099999999999989" classname="character(0)" name="ard_fishertest_works"/>
  </testsuite>
  <testsuite name="ard_cohens_d" timestamp="2024-03-05T01:47:42Z" hostname="75a934eb97df" tests="3" skipped="1" failures="0" errors="0" time="1.102">
    <testcase time="1.101" classname="character(0)" name="ard_cohens_d_works"/>
    <testcase time="0" classname="character(0)" name="ard_cohens_d_works"/>
    <testcase time="0.00099999999999989" classname="character(0)" name="ard_cohens_d_works">
      <skipped message="Reason: On CRAN ('test-ard_cohens_d.R:26:3')"/>
    </testcase>
  </testsuite>
  <testsuite name="ard_cohens_d" timestamp="2024-03-05T01:47:42Z" hostname="75a934eb97df" tests="3" skipped="1" failures="0" errors="0" time="0.019">
    <testcase time="0.0179999999999998" classname="character(0)" name="ard_paired_cohens_d_works"/>
    <testcase time="0.00100000000000033" classname="character(0)" name="ard_paired_cohens_d_works"/>
    <testcase time="0" classname="character(0)" name="ard_paired_cohens_d_works">
      <skipped message="Reason: On CRAN ('test-ard_cohens_d.R:72:3')"/>
    </testcase>
  </testsuite>
  <testsuite name="ard_hedges_g" timestamp="2024-03-05T01:47:43Z" hostname="75a934eb97df" tests="3" skipped="1" failures="0" errors="0" time="0.18">
    <testcase time="0.178" classname="character(0)" name="ard_hedges_g_works"/>
    <testcase time="0.00099999999999989" classname="character(0)" name="ard_hedges_g_works"/>
    <testcase time="0.00099999999999989" classname="character(0)" name="ard_hedges_g_works">
      <skipped message="Reason: On CRAN ('test-ard_hedges_g.R:25:3')"/>
    </testcase>
  </testsuite>
  <testsuite name="ard_hedges_g" timestamp="2024-03-05T01:47:43Z" hostname="75a934eb97df" tests="3" skipped="1" failures="0" errors="0" time="0.02">
    <testcase time="0.0190000000000001" classname="character(0)" name="ard_paired_hedges_g_works"/>
    <testcase time="0" classname="character(0)" name="ard_paired_hedges_g_works"/>
    <testcase time="0.00099999999999989" classname="character(0)" name="ard_paired_hedges_g_works">
      <skipped message="Reason: On CRAN ('test-ard_hedges_g.R:71:3')"/>
    </testcase>
  </testsuite>
  <testsuite name="ard_kruskaltest" timestamp="2024-03-05T01:47:43Z" hostname="75a934eb97df" tests="3" skipped="1" failures="0" errors="0" time="0.026">
    <testcase time="0.0249999999999999" classname="character(0)" name="ard_kurskaltest_works"/>
    <testcase time="0" classname="character(0)" name="ard_kurskaltest_works"/>
    <testcase time="0.00100000000000033" classname="character(0)" name="ard_kurskaltest_works">
      <skipped message="Reason: On CRAN ('test-ard_kruskaltest.R:22:3')"/>
    </testcase>
  </testsuite>
  <testsuite name="ard_moodtest" timestamp="2024-03-05T01:47:43Z" hostname="75a934eb97df" tests="3" skipped="1" failures="0" errors="0" time="0.23">
    <testcase time="0.228" classname="character(0)" name="ard_moodtest_works"/>
    <testcase time="0.00100000000000033" classname="character(0)" name="ard_moodtest_works"/>
    <testcase time="0.00099999999999989" classname="character(0)" name="ard_moodtest_works">
      <skipped message="Reason: On CRAN ('test-ard_moodtest.R:22:3')"/>
    </testcase>
  </testsuite>
  <testsuite name="ard_mcnemartest" timestamp="2024-03-05T01:47:43Z" hostname="75a934eb97df" tests="4" skipped="0" failures="0" errors="0" time="0.07">
    <testcase time="0.0669999999999997" classname="character(0)" name="ard_mcnemartest_works"/>
    <testcase time="0.00100000000000033" classname="character(0)" name="ard_mcnemartest_works"/>
    <testcase time="0.00099999999999989" classname="character(0)" name="ard_mcnemartest_works"/>
    <testcase time="0.00099999999999989" classname="character(0)" name="ard_mcnemartest_works"/>
  </testsuite>
  <testsuite name="ard_proportion_ci" timestamp="2024-03-05T01:47:43Z" hostname="75a934eb97df" tests="1" skipped="0" failures="0" errors="0" time="0.42">
    <testcase time="0.42" classname="character(0)" name="ard_proportion_ci_works"/>
  </testsuite>
  <testsuite name="ard_proportion_ci" timestamp="2024-03-05T01:47:43Z" hostname="75a934eb97df" tests="2" skipped="1" failures="0" errors="0" time="0.002">
    <testcase time="0.00100000000000033" classname="character(0)" name="ard_proportion_ci_method_strat_wilson_works"/>
    <testcase time="0.00099999999999989" classname="character(0)" name="ard_proportion_ci_method_strat_wilson_works">
      <skipped message="Reason: On CRAN ('test-ard_proportion_ci.R:52:3')"/>
    </testcase>
  </testsuite>
  <testsuite name="ard_proptest" timestamp="2024-03-05T01:47:43Z" hostname="75a934eb97df" tests="2" skipped="0" failures="0" errors="0" time="0.024">
    <testcase time="0.0230000000000001" classname="character(0)" name="ard_proptest_works"/>
    <testcase time="0.00099999999999989" classname="character(0)" name="ard_proptest_works"/>
  </testsuite>
  <testsuite name="ard_proptest" timestamp="2024-03-05T01:47:43Z" hostname="75a934eb97df" tests="8" skipped="0" failures="0" errors="0" time="0.007">
    <testcase time="0.00199999999999978" classname="character(0)" name="ard_proptest_error_messaging"/>
    <testcase time="0" classname="character(0)" name="ard_proptest_error_messaging"/>
    <testcase time="0.00100000000000033" classname="character(0)" name="ard_proptest_error_messaging"/>
    <testcase time="0.00099999999999989" classname="character(0)" name="ard_proptest_error_messaging"/>
    <testcase time="0.00099999999999989" classname="character(0)" name="ard_proptest_error_messaging"/>
    <testcase time="0" classname="character(0)" name="ard_proptest_error_messaging"/>
    <testcase time="0.00099999999999989" classname="character(0)" name="ard_proptest_error_messaging"/>
    <testcase time="0.00100000000000033" classname="character(0)" name="ard_proptest_error_messaging"/>
  </testsuite>
  <testsuite name="ard_regression_basic" timestamp="2024-03-05T01:47:44Z" hostname="75a934eb97df" tests="2" skipped="1" failures="0" errors="0" time="0.496">
    <testcase time="0.496" classname="character(0)" name="ard_regression_basic_works"/>
    <testcase time="0" classname="character(0)" name="ard_regression_basic_works">
      <skipped message="Reason: On CRAN ('test-ard_regression_basic.R:10:3')"/>
    </testcase>
  </testsuite>
  <testsuite name="ard_regression" timestamp="2024-03-05T01:47:44Z" hostname="75a934eb97df" tests="1" skipped="1" failures="0" errors="0" time="0.327">
    <testcase time="0.327" classname="character(0)" name="ard_regression_works">
      <skipped message="Reason: On CRAN ('test-ard_regression.R:4:3')"/>
    </testcase>
  </testsuite>
  <testsuite name="ard_survfit" timestamp="2024-03-05T01:47:44Z" hostname="75a934eb97df" tests="1" skipped="1" failures="0" errors="0" time="0.252">
    <testcase time="0.252" classname="character(0)" name="ard_survfit_works_with_times_provided">
      <skipped message="Reason: On CRAN ('test-ard_survfit.R:4:3')"/>
    </testcase>
  </testsuite>
  <testsuite name="ard_survfit" timestamp="2024-03-05T01:47:44Z" hostname="75a934eb97df" tests="1" skipped="1" failures="0" errors="0" time="0.019">
    <testcase time="0.0190000000000001" classname="character(0)" name="ard_survfit_works_with_different_type">
      <skipped message="Reason: On CRAN ('test-ard_survfit.R:15:3')"/>
    </testcase>
  </testsuite>
  <testsuite name="ard_survfit" timestamp="2024-03-05T01:47:44Z" hostname="75a934eb97df" tests="1" skipped="1" failures="0" errors="0" time="0.018">
    <testcase time="0.0179999999999998" classname="character(0)" name="ard_survfit_works_with_probs_provided">
      <skipped message="Reason: On CRAN ('test-ard_survfit.R:26:3')"/>
    </testcase>
  </testsuite>
  <testsuite name="ard_survfit" timestamp="2024-03-05T01:47:44Z" hostname="75a934eb97df" tests="1" skipped="1" failures="0" errors="0" time="0.01">
    <testcase time="0.00999999999999979" classname="character(0)" name="ard_survfit_errors_are_properly_handled">
      <skipped message="Reason: On CRAN ('test-ard_survfit.R:37:3')"/>
    </testcase>
  </testsuite>
  <testsuite name="ard_ttest" timestamp="2024-03-05T01:47:45Z" hostname="75a934eb97df" tests="3" skipped="1" failures="0" errors="0" time="0.068">
    <testcase time="0.0670000000000002" classname="character(0)" name="ard_ttest_works"/>
    <testcase time="0.00100000000000033" classname="character(0)" name="ard_ttest_works"/>
    <testcase time="0" classname="character(0)" name="ard_ttest_works">
      <skipped message="Reason: On CRAN ('test-ard_ttest.R:27:3')"/>
    </testcase>
  </testsuite>
  <testsuite name="ard_ttest" timestamp="2024-03-05T01:47:45Z" hostname="75a934eb97df" tests="3" skipped="1" failures="0" errors="0" time="0.012">
    <testcase time="0.0110000000000001" classname="character(0)" name="ard_paired_ttest_works"/>
    <testcase time="0" classname="character(0)" name="ard_paired_ttest_works"/>
    <testcase time="0.000999999999999446" classname="character(0)" name="ard_paired_ttest_works">
      <skipped message="Reason: On CRAN ('test-ard_ttest.R:72:3')"/>
    </testcase>
  </testsuite>
  <testsuite name="proportion_ci" timestamp="2024-03-05T01:47:45Z" hostname="75a934eb97df" tests="1" skipped="1" failures="0" errors="0" time="0.189">
    <testcase time="0.189" classname="character(0)" name="check_the_proportion_ci__functions_work">
      <skipped message="Reason: On CRAN ('test-proportion_ci.R:12:3')"/>
    </testcase>
  </testsuite>
  <testsuite name="proportion_ci" timestamp="2024-03-05T01:47:45Z" hostname="75a934eb97df" tests="1" skipped="1" failures="0" errors="0" time="0.01">
    <testcase time="0.0100000000000007" classname="character(0)" name="check_the_proportion_ci_strat_wilson_function_works">
      <skipped message="Reason: On CRAN ('test-proportion_ci.R:138:3')"/>
    </testcase>
  </testsuite>
  <testsuite name="ard_wilcoxtest" timestamp="2024-03-05T01:47:45Z" hostname="75a934eb97df" tests="3" skipped="0" failures="0" errors="0" time="0.152">
    <testcase time="0.151" classname="character(0)" name="ard_wilcoxtest_works"/>
    <testcase time="0" classname="character(0)" name="ard_wilcoxtest_works"/>
    <testcase time="0.000999999999999446" classname="character(0)" name="ard_wilcoxtest_works"/>
  </testsuite>
  <testsuite name="ard_wilcoxtest" timestamp="2024-03-05T01:47:45Z" hostname="75a934eb97df" tests="3" skipped="0" failures="0" errors="0" time="0.002">
    <testcase time="0.00100000000000033" classname="character(0)" name="ard_paired_wilcoxtest_works"/>
    <testcase time="0.00100000000000033" classname="character(0)" name="ard_paired_wilcoxtest_works"/>
    <testcase time="0" classname="character(0)" name="ard_paired_wilcoxtest_works"/>
  </testsuite>
</testsuites>
