<?xml version="1.0" encoding="UTF-8"?>
<testsuites>
  <testsuite name="ard_fishertest" timestamp="2024-02-22T03:06:36Z" hostname="684ee74f126a" tests="2" skipped="0" failures="0" errors="0" time="0.735">
    <testcase time="0.718" classname="character(0)" name="ard_fishertest_works"/>
    <testcase time="0.0170000000000001" classname="character(0)" name="ard_fishertest_works"/>
  </testsuite>
  <testsuite name="ard_chisqtest" timestamp="2024-02-22T03:06:36Z" hostname="684ee74f126a" tests="2" skipped="0" failures="0" errors="0" time="0.168">
    <testcase time="0.167" classname="character(0)" name="ard_chisqtest_works"/>
    <testcase time="0.00099999999999989" classname="character(0)" name="ard_chisqtest_works"/>
  </testsuite>
  <testsuite name="ard_chisqtest" timestamp="2024-02-22T03:06:36Z" hostname="684ee74f126a" tests="1" skipped="1" failures="0" errors="0" time="0.007">
    <testcase time="0.00700000000000012" classname="character(0)" name="shuffle_ard_fills_missing_group_levels_if_the_group_is_meaningful">
      <skipped message="Reason: On CRAN ('test-ard_chisqtest.R:23:3')"/>
    </testcase>
  </testsuite>
  <testsuite name="ard_kruskaltest" timestamp="2024-02-22T03:06:36Z" hostname="684ee74f126a" tests="3" skipped="1" failures="0" errors="0" time="0.031">
    <testcase time="0.03" classname="character(0)" name="ard_kurskaltest_works"/>
    <testcase time="0.00099999999999989" classname="character(0)" name="ard_kurskaltest_works"/>
    <testcase time="0" classname="character(0)" name="ard_kurskaltest_works">
      <skipped message="Reason: On CRAN ('test-ard_kruskaltest.R:20:3')"/>
    </testcase>
  </testsuite>
  <testsuite name="ard_moodtest" timestamp="2024-02-22T03:06:36Z" hostname="684ee74f126a" tests="3" skipped="1" failures="0" errors="0" time="0.142">
    <testcase time="0.141" classname="character(0)" name="ard_moodtest_works"/>
    <testcase time="0" classname="character(0)" name="ard_moodtest_works"/>
    <testcase time="0.00100000000000011" classname="character(0)" name="ard_moodtest_works">
      <skipped message="Reason: On CRAN ('test-ard_moodtest.R:20:3')"/>
    </testcase>
  </testsuite>
  <testsuite name="ard_mcnemartest" timestamp="2024-02-22T03:06:36Z" hostname="684ee74f126a" tests="4" skipped="0" failures="0" errors="0" time="0.028">
    <testcase time="0.0259999999999998" classname="character(0)" name="ard_mcnemartest_works"/>
    <testcase time="0" classname="character(0)" name="ard_mcnemartest_works"/>
    <testcase time="0.00100000000000011" classname="character(0)" name="ard_mcnemartest_works"/>
    <testcase time="0.00099999999999989" classname="character(0)" name="ard_mcnemartest_works"/>
  </testsuite>
  <testsuite name="ard_proportion_ci" timestamp="2024-02-22T03:06:37Z" hostname="684ee74f126a" tests="1" skipped="0" failures="0" errors="0" time="0.403">
    <testcase time="0.403" classname="character(0)" name="ard_proportion_ci_works"/>
  </testsuite>
  <testsuite name="ard_proportion_ci" timestamp="2024-02-22T03:06:37Z" hostname="684ee74f126a" tests="2" skipped="1" failures="0" errors="0" time="0.001">
    <testcase time="0.00099999999999989" classname="character(0)" name="ard_proportion_ci_method_strat_wilson_works"/>
    <testcase time="0" classname="character(0)" name="ard_proportion_ci_method_strat_wilson_works">
      <skipped message="Reason: On CRAN ('test-ard_proportion_ci.R:50:3')"/>
    </testcase>
  </testsuite>
  <testsuite name="ard_regression" timestamp="2024-02-22T03:06:37Z" hostname="684ee74f126a" tests="1" skipped="1" failures="0" errors="0" time="0.38">
    <testcase time="0.38" classname="character(0)" name="ard_regression_works">
      <skipped message="Reason: On CRAN ('test-ard_regression.R:2:3')"/>
    </testcase>
  </testsuite>
  <testsuite name="ard_ttest" timestamp="2024-02-22T03:06:38Z" hostname="684ee74f126a" tests="3" skipped="1" failures="0" errors="0" time="0.328">
    <testcase time="0.328" classname="character(0)" name="ard_ttest_works"/>
    <testcase time="0" classname="character(0)" name="ard_ttest_works"/>
    <testcase time="0" classname="character(0)" name="ard_ttest_works">
      <skipped message="Reason: On CRAN ('test-ard_ttest.R:25:3')"/>
    </testcase>
  </testsuite>
  <testsuite name="ard_ttest" timestamp="2024-02-22T03:06:38Z" hostname="684ee74f126a" tests="3" skipped="1" failures="0" errors="0" time="0.022">
    <testcase time="0.02" classname="character(0)" name="ard_paired_ttest_works"/>
    <testcase time="0.00099999999999989" classname="character(0)" name="ard_paired_ttest_works"/>
    <testcase time="0.00099999999999989" classname="character(0)" name="ard_paired_ttest_works">
      <skipped message="Reason: On CRAN ('test-ard_ttest.R:70:3')"/>
    </testcase>
  </testsuite>
  <testsuite name="ard_wilcoxtest" timestamp="2024-02-22T03:06:38Z" hostname="684ee74f126a" tests="3" skipped="0" failures="0" errors="0" time="0.35">
    <testcase time="0.348" classname="character(0)" name="ard_wilcoxtest_works"/>
    <testcase time="0.00099999999999989" classname="character(0)" name="ard_wilcoxtest_works"/>
    <testcase time="0.00099999999999989" classname="character(0)" name="ard_wilcoxtest_works"/>
  </testsuite>
  <testsuite name="ard_wilcoxtest" timestamp="2024-02-22T03:06:38Z" hostname="684ee74f126a" tests="3" skipped="0" failures="0" errors="0" time="0.004">
    <testcase time="0.00200000000000022" classname="character(0)" name="ard_paired_wilcoxtest_works"/>
    <testcase time="0.00099999999999989" classname="character(0)" name="ard_paired_wilcoxtest_works"/>
    <testcase time="0.00099999999999989" classname="character(0)" name="ard_paired_wilcoxtest_works"/>
  </testsuite>
  <testsuite name="proportion_ci" timestamp="2024-02-22T03:06:38Z" hostname="684ee74f126a" tests="1" skipped="1" failures="0" errors="0" time="0.108">
    <testcase time="0.108" classname="character(0)" name="check_the_proportion_ci__functions_work">
      <skipped message="Reason: On CRAN ('test-proportion_ci.R:10:3')"/>
    </testcase>
  </testsuite>
  <testsuite name="proportion_ci" timestamp="2024-02-22T03:06:38Z" hostname="684ee74f126a" tests="1" skipped="1" failures="0" errors="0" time="0.016">
    <testcase time="0.016" classname="character(0)" name="check_the_proportion_ci_strat_wilson_function_works">
      <skipped message="Reason: On CRAN ('test-proportion_ci.R:136:3')"/>
    </testcase>
  </testsuite>
  <testsuite name="ard_survfit" timestamp="2024-02-22T03:06:38Z" hostname="684ee74f126a" tests="1" skipped="1" failures="0" errors="0" time="0.118">
    <testcase time="0.118" classname="character(0)" name="ard_survfit_works_with_times_provided">
      <skipped message="Reason: On CRAN ('test-ard_survfit.R:2:3')"/>
    </testcase>
  </testsuite>
  <testsuite name="ard_survfit" timestamp="2024-02-22T03:06:38Z" hostname="684ee74f126a" tests="1" skipped="1" failures="0" errors="0" time="0.01">
    <testcase time="0.0100000000000002" classname="character(0)" name="ard_survfit_works_with_reverse_TRUE">
      <skipped message="Reason: On CRAN ('test-ard_survfit.R:13:3')"/>
    </testcase>
  </testsuite>
  <testsuite name="ard_survfit" timestamp="2024-02-22T03:06:38Z" hostname="684ee74f126a" tests="1" skipped="1" failures="0" errors="0" time="0.01">
    <testcase time="0.00999999999999979" classname="character(0)" name="ard_survfit_works_with_probs_provided">
      <skipped message="Reason: On CRAN ('test-ard_survfit.R:24:3')"/>
    </testcase>
  </testsuite>
  <testsuite name="ard_survfit" timestamp="2024-02-22T03:06:38Z" hostname="684ee74f126a" tests="1" skipped="1" failures="0" errors="0" time="0.012">
    <testcase time="0.012" classname="character(0)" name="ard_survfit_errors_are_properly_handled">
      <skipped message="Reason: On CRAN ('test-ard_survfit.R:35:3')"/>
    </testcase>
  </testsuite>
</testsuites>
