<?xml version="1.0" encoding="UTF-8"?>
<testsuites>
  <testsuite name="ard_fishertest" timestamp="2024-02-22T03:50:39Z" hostname="fd86516c69aa" tests="2" skipped="0" failures="0" errors="0" time="0.754">
    <testcase time="0.736" classname="character(0)" name="ard_fishertest_works"/>
    <testcase time="0.018" classname="character(0)" name="ard_fishertest_works"/>
  </testsuite>
  <testsuite name="ard_kruskaltest" timestamp="2024-02-22T03:50:39Z" hostname="fd86516c69aa" tests="3" skipped="1" failures="0" errors="0" time="0.28">
    <testcase time="0.278" classname="character(0)" name="ard_kurskaltest_works"/>
    <testcase time="0.00100000000000011" classname="character(0)" name="ard_kurskaltest_works"/>
    <testcase time="0.00099999999999989" classname="character(0)" name="ard_kurskaltest_works">
      <skipped message="Reason: On CRAN ('test-ard_kruskaltest.R:20:3')"/>
    </testcase>
  </testsuite>
  <testsuite name="ard_chisqtest" timestamp="2024-02-22T03:50:39Z" hostname="fd86516c69aa" tests="2" skipped="0" failures="0" errors="0" time="0.042">
    <testcase time="0.0410000000000001" classname="character(0)" name="ard_chisqtest_works"/>
    <testcase time="0.00099999999999989" classname="character(0)" name="ard_chisqtest_works"/>
  </testsuite>
  <testsuite name="ard_chisqtest" timestamp="2024-02-22T03:50:39Z" hostname="fd86516c69aa" tests="1" skipped="1" failures="0" errors="0" time="0.001">
    <testcase time="0.00100000000000011" classname="character(0)" name="shuffle_ard_fills_missing_group_levels_if_the_group_is_meaningful">
      <skipped message="Reason: On CRAN ('test-ard_chisqtest.R:23:3')"/>
    </testcase>
  </testsuite>
  <testsuite name="ard_moodtest" timestamp="2024-02-22T03:50:39Z" hostname="fd86516c69aa" tests="3" skipped="1" failures="0" errors="0" time="0.152">
    <testcase time="0.151" classname="character(0)" name="ard_moodtest_works"/>
    <testcase time="0.00099999999999989" classname="character(0)" name="ard_moodtest_works"/>
    <testcase time="0" classname="character(0)" name="ard_moodtest_works">
      <skipped message="Reason: On CRAN ('test-ard_moodtest.R:20:3')"/>
    </testcase>
  </testsuite>
  <testsuite name="ard_mcnemartest" timestamp="2024-02-22T03:50:39Z" hostname="fd86516c69aa" tests="4" skipped="0" failures="0" errors="0" time="0.028">
    <testcase time="0.0250000000000001" classname="character(0)" name="ard_mcnemartest_works"/>
    <testcase time="0.00099999999999989" classname="character(0)" name="ard_mcnemartest_works"/>
    <testcase time="0.00099999999999989" classname="character(0)" name="ard_mcnemartest_works"/>
    <testcase time="0.00100000000000033" classname="character(0)" name="ard_mcnemartest_works"/>
  </testsuite>
  <testsuite name="ard_proportion_ci" timestamp="2024-02-22T03:50:40Z" hostname="fd86516c69aa" tests="1" skipped="0" failures="0" errors="0" time="0.429">
    <testcase time="0.429" classname="character(0)" name="ard_proportion_ci_works"/>
  </testsuite>
  <testsuite name="ard_proportion_ci" timestamp="2024-02-22T03:50:40Z" hostname="fd86516c69aa" tests="2" skipped="1" failures="0" errors="0" time="0.002">
    <testcase time="0.00199999999999978" classname="character(0)" name="ard_proportion_ci_method_strat_wilson_works"/>
    <testcase time="0" classname="character(0)" name="ard_proportion_ci_method_strat_wilson_works">
      <skipped message="Reason: On CRAN ('test-ard_proportion_ci.R:50:3')"/>
    </testcase>
  </testsuite>
  <testsuite name="ard_regression" timestamp="2024-02-22T03:50:40Z" hostname="fd86516c69aa" tests="1" skipped="1" failures="0" errors="0" time="0.442">
    <testcase time="0.442" classname="character(0)" name="ard_regression_works">
      <skipped message="Reason: On CRAN ('test-ard_regression.R:2:3')"/>
    </testcase>
  </testsuite>
  <testsuite name="ard_ttest" timestamp="2024-02-22T03:50:41Z" hostname="fd86516c69aa" tests="3" skipped="1" failures="0" errors="0" time="0.353">
    <testcase time="0.352" classname="character(0)" name="ard_ttest_works"/>
    <testcase time="0" classname="character(0)" name="ard_ttest_works"/>
    <testcase time="0.00100000000000033" classname="character(0)" name="ard_ttest_works">
      <skipped message="Reason: On CRAN ('test-ard_ttest.R:25:3')"/>
    </testcase>
  </testsuite>
  <testsuite name="ard_ttest" timestamp="2024-02-22T03:50:41Z" hostname="fd86516c69aa" tests="3" skipped="1" failures="0" errors="0" time="0.023">
    <testcase time="0.0209999999999999" classname="character(0)" name="ard_paired_ttest_works"/>
    <testcase time="0.00099999999999989" classname="character(0)" name="ard_paired_ttest_works"/>
    <testcase time="0.00099999999999989" classname="character(0)" name="ard_paired_ttest_works">
      <skipped message="Reason: On CRAN ('test-ard_ttest.R:70:3')"/>
    </testcase>
  </testsuite>
  <testsuite name="ard_wilcoxtest" timestamp="2024-02-22T03:50:41Z" hostname="fd86516c69aa" tests="3" skipped="0" failures="0" errors="0" time="0.37">
    <testcase time="0.368" classname="character(0)" name="ard_wilcoxtest_works"/>
    <testcase time="0.00099999999999989" classname="character(0)" name="ard_wilcoxtest_works"/>
    <testcase time="0.00099999999999989" classname="character(0)" name="ard_wilcoxtest_works"/>
  </testsuite>
  <testsuite name="ard_wilcoxtest" timestamp="2024-02-22T03:50:41Z" hostname="fd86516c69aa" tests="3" skipped="0" failures="0" errors="0" time="0.004">
    <testcase time="0.00200000000000022" classname="character(0)" name="ard_paired_wilcoxtest_works"/>
    <testcase time="0.00099999999999989" classname="character(0)" name="ard_paired_wilcoxtest_works"/>
    <testcase time="0.00099999999999989" classname="character(0)" name="ard_paired_wilcoxtest_works"/>
  </testsuite>
  <testsuite name="proportion_ci" timestamp="2024-02-22T03:50:41Z" hostname="fd86516c69aa" tests="1" skipped="1" failures="0" errors="0" time="0.115">
    <testcase time="0.115" classname="character(0)" name="check_the_proportion_ci__functions_work">
      <skipped message="Reason: On CRAN ('test-proportion_ci.R:10:3')"/>
    </testcase>
  </testsuite>
  <testsuite name="proportion_ci" timestamp="2024-02-22T03:50:41Z" hostname="fd86516c69aa" tests="1" skipped="1" failures="0" errors="0" time="0.021">
    <testcase time="0.0209999999999999" classname="character(0)" name="check_the_proportion_ci_strat_wilson_function_works">
      <skipped message="Reason: On CRAN ('test-proportion_ci.R:136:3')"/>
    </testcase>
  </testsuite>
  <testsuite name="ard_survfit" timestamp="2024-02-22T03:50:41Z" hostname="fd86516c69aa" tests="1" skipped="1" failures="0" errors="0" time="0.051">
    <testcase time="0.0510000000000002" classname="character(0)" name="ard_survfit_works_with_times_provided">
      <skipped message="Reason: On CRAN ('test-ard_survfit.R:2:3')"/>
    </testcase>
  </testsuite>
  <testsuite name="ard_survfit" timestamp="2024-02-22T03:50:41Z" hostname="fd86516c69aa" tests="1" skipped="1" failures="0" errors="0" time="0.011">
    <testcase time="0.0109999999999997" classname="character(0)" name="ard_survfit_works_with_reverse_TRUE">
      <skipped message="Reason: On CRAN ('test-ard_survfit.R:13:3')"/>
    </testcase>
  </testsuite>
  <testsuite name="ard_survfit" timestamp="2024-02-22T03:50:41Z" hostname="fd86516c69aa" tests="1" skipped="1" failures="0" errors="0" time="0.01">
    <testcase time="0.0100000000000002" classname="character(0)" name="ard_survfit_works_with_probs_provided">
      <skipped message="Reason: On CRAN ('test-ard_survfit.R:24:3')"/>
    </testcase>
  </testsuite>
  <testsuite name="ard_survfit" timestamp="2024-02-22T03:50:41Z" hostname="fd86516c69aa" tests="1" skipped="1" failures="0" errors="0" time="0.012">
    <testcase time="0.012" classname="character(0)" name="ard_survfit_errors_are_properly_handled">
      <skipped message="Reason: On CRAN ('test-ard_survfit.R:35:3')"/>
    </testcase>
  </testsuite>
</testsuites>
