<?xml version="1.0" encoding="UTF-8"?>
<testsuites>
  <testsuite name="ard_fishertest" timestamp="2024-02-22T02:45:04Z" hostname="5c3611e23c67" tests="2" skipped="0" failures="0" errors="0" time="0.769">
    <testcase time="0.751" classname="character(0)" name="ard_fishertest_works"/>
    <testcase time="0.018" classname="character(0)" name="ard_fishertest_works"/>
  </testsuite>
  <testsuite name="ard_chisqtest" timestamp="2024-02-22T02:45:04Z" hostname="5c3611e23c67" tests="2" skipped="0" failures="0" errors="0" time="0.122">
    <testcase time="0.121" classname="character(0)" name="ard_chisqtest_works"/>
    <testcase time="0.00100000000000011" classname="character(0)" name="ard_chisqtest_works"/>
  </testsuite>
  <testsuite name="ard_chisqtest" timestamp="2024-02-22T02:45:04Z" hostname="5c3611e23c67" tests="1" skipped="1" failures="0" errors="0" time="0.012">
    <testcase time="0.012" classname="character(0)" name="shuffle_ard_fills_missing_group_levels_if_the_group_is_meaningful">
      <skipped message="Reason: On CRAN ('test-ard_chisqtest.R:23:3')"/>
    </testcase>
  </testsuite>
  <testsuite name="ard_kruskaltest" timestamp="2024-02-22T02:45:04Z" hostname="5c3611e23c67" tests="3" skipped="1" failures="0" errors="0" time="0.047">
    <testcase time="0.0449999999999999" classname="character(0)" name="ard_kurskaltest_works"/>
    <testcase time="0.00100000000000011" classname="character(0)" name="ard_kurskaltest_works"/>
    <testcase time="0.00099999999999989" classname="character(0)" name="ard_kurskaltest_works">
      <skipped message="Reason: On CRAN ('test-ard_kruskaltest.R:20:3')"/>
    </testcase>
  </testsuite>
  <testsuite name="ard_moodtest" timestamp="2024-02-22T02:45:04Z" hostname="5c3611e23c67" tests="3" skipped="1" failures="0" errors="0" time="0.145">
    <testcase time="0.144" classname="character(0)" name="ard_moodtest_works"/>
    <testcase time="0.00100000000000011" classname="character(0)" name="ard_moodtest_works"/>
    <testcase time="0" classname="character(0)" name="ard_moodtest_works">
      <skipped message="Reason: On CRAN ('test-ard_moodtest.R:20:3')"/>
    </testcase>
  </testsuite>
  <testsuite name="ard_mcnemartest" timestamp="2024-02-22T02:45:04Z" hostname="5c3611e23c67" tests="4" skipped="0" failures="0" errors="0" time="0.019">
    <testcase time="0.016" classname="character(0)" name="ard_mcnemartest_works"/>
    <testcase time="0.00099999999999989" classname="character(0)" name="ard_mcnemartest_works"/>
    <testcase time="0.00100000000000011" classname="character(0)" name="ard_mcnemartest_works"/>
    <testcase time="0.00099999999999989" classname="character(0)" name="ard_mcnemartest_works"/>
  </testsuite>
  <testsuite name="ard_proportion_ci" timestamp="2024-02-22T02:45:05Z" hostname="5c3611e23c67" tests="1" skipped="0" failures="0" errors="0" time="0.403">
    <testcase time="0.403" classname="character(0)" name="ard_proportion_ci_works"/>
  </testsuite>
  <testsuite name="ard_proportion_ci" timestamp="2024-02-22T02:45:05Z" hostname="5c3611e23c67" tests="2" skipped="1" failures="0" errors="0" time="0.002">
    <testcase time="0.00199999999999978" classname="character(0)" name="ard_proportion_ci_method_strat_wilson_works"/>
    <testcase time="0" classname="character(0)" name="ard_proportion_ci_method_strat_wilson_works">
      <skipped message="Reason: On CRAN ('test-ard_proportion_ci.R:50:3')"/>
    </testcase>
  </testsuite>
  <testsuite name="ard_regression" timestamp="2024-02-22T02:45:05Z" hostname="5c3611e23c67" tests="1" skipped="1" failures="0" errors="0" time="0.371">
    <testcase time="0.371" classname="character(0)" name="ard_regression_works">
      <skipped message="Reason: On CRAN ('test-ard_regression.R:2:3')"/>
    </testcase>
  </testsuite>
  <testsuite name="ard_ttest" timestamp="2024-02-22T02:45:05Z" hostname="5c3611e23c67" tests="3" skipped="1" failures="0" errors="0" time="0.32">
    <testcase time="0.318" classname="character(0)" name="ard_ttest_works"/>
    <testcase time="0.00099999999999989" classname="character(0)" name="ard_ttest_works"/>
    <testcase time="0.00100000000000033" classname="character(0)" name="ard_ttest_works">
      <skipped message="Reason: On CRAN ('test-ard_ttest.R:25:3')"/>
    </testcase>
  </testsuite>
  <testsuite name="ard_ttest" timestamp="2024-02-22T02:45:05Z" hostname="5c3611e23c67" tests="3" skipped="1" failures="0" errors="0" time="0.013">
    <testcase time="0.012" classname="character(0)" name="ard_paired_ttest_works"/>
    <testcase time="0" classname="character(0)" name="ard_paired_ttest_works"/>
    <testcase time="0.00099999999999989" classname="character(0)" name="ard_paired_ttest_works">
      <skipped message="Reason: On CRAN ('test-ard_ttest.R:70:3')"/>
    </testcase>
  </testsuite>
  <testsuite name="ard_survfit" timestamp="2024-02-22T02:45:06Z" hostname="5c3611e23c67" tests="1" skipped="1" failures="0" errors="0" time="0.285">
    <testcase time="0.285" classname="character(0)" name="ard_survfit_works_with_times_provided">
      <skipped message="Reason: On CRAN ('test-ard_survfit.R:2:3')"/>
    </testcase>
  </testsuite>
  <testsuite name="ard_survfit" timestamp="2024-02-22T02:45:06Z" hostname="5c3611e23c67" tests="1" skipped="1" failures="0" errors="0" time="0.016">
    <testcase time="0.016" classname="character(0)" name="ard_survfit_works_with_probs_provided">
      <skipped message="Reason: On CRAN ('test-ard_survfit.R:13:3')"/>
    </testcase>
  </testsuite>
  <testsuite name="ard_wilcoxtest" timestamp="2024-02-22T02:45:06Z" hostname="5c3611e23c67" tests="3" skipped="0" failures="0" errors="0" time="0.045">
    <testcase time="0.044" classname="character(0)" name="ard_wilcoxtest_works"/>
    <testcase time="0" classname="character(0)" name="ard_wilcoxtest_works"/>
    <testcase time="0.00100000000000033" classname="character(0)" name="ard_wilcoxtest_works"/>
  </testsuite>
  <testsuite name="ard_wilcoxtest" timestamp="2024-02-22T02:45:06Z" hostname="5c3611e23c67" tests="3" skipped="0" failures="0" errors="0" time="0.002">
    <testcase time="0.00099999999999989" classname="character(0)" name="ard_paired_wilcoxtest_works"/>
    <testcase time="0.00099999999999989" classname="character(0)" name="ard_paired_wilcoxtest_works"/>
    <testcase time="0" classname="character(0)" name="ard_paired_wilcoxtest_works"/>
  </testsuite>
  <testsuite name="proportion_ci" timestamp="2024-02-22T02:45:06Z" hostname="5c3611e23c67" tests="1" skipped="1" failures="0" errors="0" time="0.071">
    <testcase time="0.0710000000000002" classname="character(0)" name="check_the_proportion_ci__functions_work">
      <skipped message="Reason: On CRAN ('test-proportion_ci.R:10:3')"/>
    </testcase>
  </testsuite>
  <testsuite name="proportion_ci" timestamp="2024-02-22T02:45:06Z" hostname="5c3611e23c67" tests="1" skipped="1" failures="0" errors="0" time="0.01">
    <testcase time="0.00999999999999979" classname="character(0)" name="check_the_proportion_ci_strat_wilson_function_works">
      <skipped message="Reason: On CRAN ('test-proportion_ci.R:136:3')"/>
    </testcase>
  </testsuite>
</testsuites>
