<?xml version="1.0" encoding="UTF-8"?>
<testsuites>
  <testsuite name="ard_chisqtest" timestamp="2024-04-02T23:27:23Z" hostname="32a3118cfe2e" tests="3" skipped="0" failures="0" errors="0" time="1.053">
    <testcase time="1.021" classname="character(0)" name="ard_chisqtest_works"/>
    <testcase time="0.026" classname="character(0)" name="ard_chisqtest_works"/>
    <testcase time="0.00600000000000001" classname="character(0)" name="ard_chisqtest_works"/>
  </testsuite>
  <testsuite name="ard_chisqtest" timestamp="2024-04-02T23:27:23Z" hostname="32a3118cfe2e" tests="1" skipped="1" failures="0" errors="0" time="0.002">
    <testcase time="0.002" classname="character(0)" name="shuffle_ard_fills_missing_group_levels_if_the_group_is_meaningful">
      <skipped message="Reason: On CRAN ('test-ard_chisqtest.R:36:3')"/>
    </testcase>
  </testsuite>
  <testsuite name="ard_car_anova" timestamp="2024-04-02T23:27:23Z" hostname="32a3118cfe2e" tests="3" skipped="1" failures="0" errors="0" time="0.808">
    <testcase time="0.808" classname="character(0)" name="ard_car_anova_works"/>
    <testcase time="0" classname="character(0)" name="ard_car_anova_works"/>
    <testcase time="0" classname="character(0)" name="ard_car_anova_works">
      <skipped message="Reason: On CRAN ('test-ard_car_anova.R:12:3')"/>
    </testcase>
  </testsuite>
  <testsuite name="ard_car_anova" timestamp="2024-04-02T23:27:24Z" hostname="32a3118cfe2e" tests="1" skipped="1" failures="0" errors="0" time="0.029">
    <testcase time="0.0289999999999999" classname="character(0)" name="ard_car_anova_messaging">
      <skipped message="Reason: On CRAN ('test-ard_car_anova.R:16:3')"/>
    </testcase>
  </testsuite>
  <testsuite name="ard_fishertest" timestamp="2024-04-02T23:27:24Z" hostname="32a3118cfe2e" tests="3" skipped="0" failures="0" errors="0" time="0.365">
    <testcase time="0.364" classname="character(0)" name="ard_fishertest_works"/>
    <testcase time="0.00099999999999989" classname="character(0)" name="ard_fishertest_works"/>
    <testcase time="0" classname="character(0)" name="ard_fishertest_works"/>
  </testsuite>
  <testsuite name="ard_cohens_d" timestamp="2024-04-02T23:27:24Z" hostname="32a3118cfe2e" tests="3" skipped="1" failures="0" errors="0" time="0.167">
    <testcase time="0.165" classname="character(0)" name="ard_cohens_d_works"/>
    <testcase time="0.00099999999999989" classname="character(0)" name="ard_cohens_d_works"/>
    <testcase time="0.00100000000000033" classname="character(0)" name="ard_cohens_d_works">
      <skipped message="Reason: On CRAN ('test-ard_cohens_d.R:29:3')"/>
    </testcase>
  </testsuite>
  <testsuite name="ard_cohens_d" timestamp="2024-04-02T23:27:24Z" hostname="32a3118cfe2e" tests="3" skipped="1" failures="0" errors="0" time="0.02">
    <testcase time="0.0179999999999998" classname="character(0)" name="ard_paired_cohens_d_works"/>
    <testcase time="0.00099999999999989" classname="character(0)" name="ard_paired_cohens_d_works"/>
    <testcase time="0.00100000000000033" classname="character(0)" name="ard_paired_cohens_d_works">
      <skipped message="Reason: On CRAN ('test-ard_cohens_d.R:86:3')"/>
    </testcase>
  </testsuite>
  <testsuite name="ard_kruskaltest" timestamp="2024-04-02T23:27:24Z" hostname="32a3118cfe2e" tests="3" skipped="1" failures="0" errors="0" time="0.162">
    <testcase time="0.16" classname="character(0)" name="ard_kurskaltest_works"/>
    <testcase time="0.00100000000000033" classname="character(0)" name="ard_kurskaltest_works"/>
    <testcase time="0.00099999999999989" classname="character(0)" name="ard_kurskaltest_works">
      <skipped message="Reason: On CRAN ('test-ard_kruskaltest.R:22:3')"/>
    </testcase>
  </testsuite>
  <testsuite name="ard_hedges_g" timestamp="2024-04-02T23:27:24Z" hostname="32a3118cfe2e" tests="3" skipped="1" failures="0" errors="0" time="0.094">
    <testcase time="0.093" classname="character(0)" name="ard_hedges_g_works"/>
    <testcase time="0" classname="character(0)" name="ard_hedges_g_works"/>
    <testcase time="0.00099999999999989" classname="character(0)" name="ard_hedges_g_works">
      <skipped message="Reason: On CRAN ('test-ard_hedges_g.R:27:3')"/>
    </testcase>
  </testsuite>
  <testsuite name="ard_hedges_g" timestamp="2024-04-02T23:27:24Z" hostname="32a3118cfe2e" tests="3" skipped="1" failures="0" errors="0" time="0.011">
    <testcase time="0.0100000000000002" classname="character(0)" name="ard_paired_hedges_g_works"/>
    <testcase time="0.00099999999999989" classname="character(0)" name="ard_paired_hedges_g_works"/>
    <testcase time="0" classname="character(0)" name="ard_paired_hedges_g_works">
      <skipped message="Reason: On CRAN ('test-ard_hedges_g.R:86:3')"/>
    </testcase>
  </testsuite>
  <testsuite name="ard_moodtest" timestamp="2024-04-02T23:27:24Z" hostname="32a3118cfe2e" tests="3" skipped="1" failures="0" errors="0" time="0.146">
    <testcase time="0.145" classname="character(0)" name="ard_moodtest_works"/>
    <testcase time="0.00099999999999989" classname="character(0)" name="ard_moodtest_works"/>
    <testcase time="0" classname="character(0)" name="ard_moodtest_works">
      <skipped message="Reason: On CRAN ('test-ard_moodtest.R:22:3')"/>
    </testcase>
  </testsuite>
  <testsuite name="ard_mcnemartest" timestamp="2024-04-02T23:27:25Z" hostname="32a3118cfe2e" tests="5" skipped="0" failures="0" errors="0" time="0.088">
    <testcase time="0.085" classname="character(0)" name="ard_mcnemartest_works"/>
    <testcase time="0.00099999999999989" classname="character(0)" name="ard_mcnemartest_works"/>
    <testcase time="0.00100000000000033" classname="character(0)" name="ard_mcnemartest_works"/>
    <testcase time="0" classname="character(0)" name="ard_mcnemartest_works"/>
    <testcase time="0.00099999999999989" classname="character(0)" name="ard_mcnemartest_works"/>
  </testsuite>
  <testsuite name="ard_proportion_ci" timestamp="2024-04-02T23:27:25Z" hostname="32a3118cfe2e" tests="1" skipped="0" failures="0" errors="0" time="0.34">
    <testcase time="0.34" classname="character(0)" name="ard_proportion_ci_works"/>
  </testsuite>
  <testsuite name="ard_proportion_ci" timestamp="2024-04-02T23:27:25Z" hostname="32a3118cfe2e" tests="2" skipped="1" failures="0" errors="0" time="0.002">
    <testcase time="0.00100000000000033" classname="character(0)" name="ard_proportion_ci_method_strat_wilson_works"/>
    <testcase time="0.000999999999999446" classname="character(0)" name="ard_proportion_ci_method_strat_wilson_works">
      <skipped message="Reason: On CRAN ('test-ard_proportion_ci.R:52:3')"/>
    </testcase>
  </testsuite>
  <testsuite name="ard_proptest" timestamp="2024-04-02T23:27:25Z" hostname="32a3118cfe2e" tests="3" skipped="0" failures="0" errors="0" time="0.275">
    <testcase time="0.273000000000001" classname="character(0)" name="ard_proptest_works"/>
    <testcase time="0.000999999999999446" classname="character(0)" name="ard_proptest_works"/>
    <testcase time="0.00100000000000033" classname="character(0)" name="ard_proptest_works"/>
  </testsuite>
  <testsuite name="ard_proptest" timestamp="2024-04-02T23:27:25Z" hostname="32a3118cfe2e" tests="8" skipped="0" failures="0" errors="0" time="0.012">
    <testcase time="0.00199999999999978" classname="character(0)" name="ard_proptest_error_messaging"/>
    <testcase time="0.00100000000000033" classname="character(0)" name="ard_proptest_error_messaging"/>
    <testcase time="0.00100000000000033" classname="character(0)" name="ard_proptest_error_messaging"/>
    <testcase time="0.000999999999999446" classname="character(0)" name="ard_proptest_error_messaging"/>
    <testcase time="0.00100000000000033" classname="character(0)" name="ard_proptest_error_messaging"/>
    <testcase time="0" classname="character(0)" name="ard_proptest_error_messaging"/>
    <testcase time="0.000999999999999446" classname="character(0)" name="ard_proptest_error_messaging"/>
    <testcase time="0.00499999999999989" classname="character(0)" name="ard_proptest_error_messaging"/>
  </testsuite>
  <testsuite name="ard_regression" timestamp="2024-04-02T23:27:26Z" hostname="32a3118cfe2e" tests="1" skipped="1" failures="0" errors="0" time="0.453">
    <testcase time="0.453" classname="character(0)" name="ard_regression_works">
      <skipped message="Reason: On CRAN ('test-ard_regression.R:4:3')"/>
    </testcase>
  </testsuite>
  <testsuite name="ard_regression_basic" timestamp="2024-04-02T23:27:26Z" hostname="32a3118cfe2e" tests="2" skipped="1" failures="0" errors="0" time="0.018">
    <testcase time="0.0170000000000003" classname="character(0)" name="ard_regression_basic_works"/>
    <testcase time="0.000999999999999446" classname="character(0)" name="ard_regression_basic_works">
      <skipped message="Reason: On CRAN ('test-ard_regression_basic.R:10:3')"/>
    </testcase>
  </testsuite>
  <testsuite name="ard_smd" timestamp="2024-04-02T23:27:26Z" hostname="32a3118cfe2e" tests="3" skipped="0" failures="0" errors="0" time="0.462">
    <testcase time="0.461" classname="character(0)" name="ard_smd_works"/>
    <testcase time="0.00100000000000033" classname="character(0)" name="ard_smd_works"/>
    <testcase time="0" classname="character(0)" name="ard_smd_works"/>
  </testsuite>
  <testsuite name="ard_smd" timestamp="2024-04-02T23:27:26Z" hostname="32a3118cfe2e" tests="2" skipped="0" failures="0" errors="0" time="0.007">
    <testcase time="0.00599999999999934" classname="character(0)" name="ard_smd_works_with_survey_data"/>
    <testcase time="0.00100000000000033" classname="character(0)" name="ard_smd_works_with_survey_data"/>
  </testsuite>
  <testsuite name="ard_smd" timestamp="2024-04-02T23:27:26Z" hostname="32a3118cfe2e" tests="4" skipped="0" failures="0" errors="0" time="0.005">
    <testcase time="0.00199999999999978" classname="character(0)" name="ard_proptest_error_messaging"/>
    <testcase time="0.00100000000000033" classname="character(0)" name="ard_proptest_error_messaging"/>
    <testcase time="0.00100000000000033" classname="character(0)" name="ard_proptest_error_messaging"/>
    <testcase time="0.000999999999999446" classname="character(0)" name="ard_proptest_error_messaging"/>
  </testsuite>
  <testsuite name="ard_svychisq" timestamp="2024-04-02T23:27:26Z" hostname="32a3118cfe2e" tests="3" skipped="1" failures="0" errors="0" time="0.249">
    <testcase time="0.247" classname="character(0)" name="ard_svychisq_works"/>
    <testcase time="0.00100000000000033" classname="character(0)" name="ard_svychisq_works"/>
    <testcase time="0.00100000000000033" classname="character(0)" name="ard_svychisq_works">
      <skipped message="Reason: On CRAN ('test-ard_svychisq.R:28:3')"/>
    </testcase>
  </testsuite>
  <testsuite name="ard_survfit" timestamp="2024-04-02T23:27:27Z" hostname="32a3118cfe2e" tests="1" skipped="1" failures="0" errors="0" time="0.648">
    <testcase time="0.648" classname="character(0)" name="ard_survfit_works_with_times_provided">
      <skipped message="Reason: On CRAN ('test-ard_survfit.R:4:3')"/>
    </testcase>
  </testsuite>
  <testsuite name="ard_survfit" timestamp="2024-04-02T23:27:27Z" hostname="32a3118cfe2e" tests="1" skipped="1" failures="0" errors="0" time="0.018">
    <testcase time="0.0179999999999998" classname="character(0)" name="ard_survfit_works_with_different_type">
      <skipped message="Reason: On CRAN ('test-ard_survfit.R:15:3')"/>
    </testcase>
  </testsuite>
  <testsuite name="ard_survfit" timestamp="2024-04-02T23:27:27Z" hostname="32a3118cfe2e" tests="1" skipped="1" failures="0" errors="0" time="0.017">
    <testcase time="0.0170000000000003" classname="character(0)" name="ard_survfit_works_with_probs_provided">
      <skipped message="Reason: On CRAN ('test-ard_survfit.R:26:3')"/>
    </testcase>
  </testsuite>
  <testsuite name="ard_survfit" timestamp="2024-04-02T23:27:27Z" hostname="32a3118cfe2e" tests="1" skipped="1" failures="0" errors="0" time="0.017">
    <testcase time="0.0169999999999995" classname="character(0)" name="ard_survfit_works_with_unstratified_model">
      <skipped message="Reason: On CRAN ('test-ard_survfit.R:37:3')"/>
    </testcase>
  </testsuite>
  <testsuite name="ard_survfit" timestamp="2024-04-02T23:27:27Z" hostname="32a3118cfe2e" tests="1" skipped="1" failures="0" errors="0" time="0.021">
    <testcase time="0.0209999999999999" classname="character(0)" name="ard_survfit_works_with_multiple_stratification_variables">
      <skipped message="Reason: On CRAN ('test-ard_survfit.R:57:3')"/>
    </testcase>
  </testsuite>
  <testsuite name="ard_survfit" timestamp="2024-04-02T23:27:27Z" hostname="32a3118cfe2e" tests="1" skipped="1" failures="0" errors="0" time="0.018">
    <testcase time="0.0180000000000007" classname="character(0)" name="ard_survfit_works_with_competing_risks">
      <skipped message="Reason: On CRAN ('test-ard_survfit.R:87:3')"/>
    </testcase>
  </testsuite>
  <testsuite name="ard_survfit" timestamp="2024-04-02T23:27:27Z" hostname="32a3118cfe2e" tests="1" skipped="1" failures="0" errors="0" time="0.017">
    <testcase time="0.0169999999999995" classname="character(0)" name="ard_survfit_errors_are_properly_handled">
      <skipped message="Reason: On CRAN ('test-ard_survfit.R:98:3')"/>
    </testcase>
  </testsuite>
  <testsuite name="ard_survfit" timestamp="2024-04-02T23:27:27Z" hostname="32a3118cfe2e" tests="1" skipped="0" failures="0" errors="0" time="0.017">
    <testcase time="0.0170000000000003" classname="character(0)" name="ard_survfit_works_with_non_syntactic_names"/>
  </testsuite>
  <testsuite name="ard_survfit" timestamp="2024-04-02T23:27:27Z" hostname="32a3118cfe2e" tests="1" skipped="1" failures="0" errors="0" time="0.002">
    <testcase time="0.00199999999999978" classname="character(0)" name="ard_survfit_errors_with_stratified_Cox_model">
      <skipped message="Reason: On CRAN ('test-ard_survfit.R:133:3')"/>
    </testcase>
  </testsuite>
  <testsuite name="ard_svyttest" timestamp="2024-04-02T23:27:28Z" hostname="32a3118cfe2e" tests="4" skipped="0" failures="0" errors="0" time="0.525">
    <testcase time="0.524" classname="character(0)" name="ard_svyttest_works"/>
    <testcase time="0" classname="character(0)" name="ard_svyttest_works"/>
    <testcase time="0.000999999999999446" classname="character(0)" name="ard_svyttest_works"/>
    <testcase time="0" classname="character(0)" name="ard_svyttest_works"/>
  </testsuite>
  <testsuite name="ard_svyttest" timestamp="2024-04-02T23:27:28Z" hostname="32a3118cfe2e" tests="2" skipped="0" failures="0" errors="0" time="0.002">
    <testcase time="0.00200000000000067" classname="character(0)" name="ard_svyttest_messaging"/>
    <testcase time="0" classname="character(0)" name="ard_svyttest_messaging"/>
  </testsuite>
  <testsuite name="ard_ttest" timestamp="2024-04-02T23:27:28Z" hostname="32a3118cfe2e" tests="5" skipped="1" failures="0" errors="0" time="0.358">
    <testcase time="0.356" classname="character(0)" name="ard_ttest_works"/>
    <testcase time="0.000999999999999446" classname="character(0)" name="ard_ttest_works"/>
    <testcase time="0" classname="character(0)" name="ard_ttest_works"/>
    <testcase time="0.00100000000000033" classname="character(0)" name="ard_ttest_works"/>
    <testcase time="0" classname="character(0)" name="ard_ttest_works">
      <skipped message="Reason: On CRAN ('test-ard_ttest.R:47:3')"/>
    </testcase>
  </testsuite>
  <testsuite name="ard_ttest" timestamp="2024-04-02T23:27:28Z" hostname="32a3118cfe2e" tests="3" skipped="1" failures="0" errors="0" time="0.012">
    <testcase time="0.0110000000000001" classname="character(0)" name="ard_paired_ttest_works"/>
    <testcase time="0.00100000000000033" classname="character(0)" name="ard_paired_ttest_works"/>
    <testcase time="0" classname="character(0)" name="ard_paired_ttest_works">
      <skipped message="Reason: On CRAN ('test-ard_ttest.R:105:3')"/>
    </testcase>
  </testsuite>
  <testsuite name="ard_svycontinuous" timestamp="2024-04-02T23:27:28Z" hostname="32a3118cfe2e" tests="12" skipped="1" failures="0" errors="0" time="0.138">
    <testcase time="0.133" classname="character(0)" name="unstratified_ard_svycontinuous_works"/>
    <testcase time="0.000999999999999446" classname="character(0)" name="unstratified_ard_svycontinuous_works"/>
    <testcase time="0" classname="character(0)" name="unstratified_ard_svycontinuous_works"/>
    <testcase time="0.00100000000000033" classname="character(0)" name="unstratified_ard_svycontinuous_works"/>
    <testcase time="0" classname="character(0)" name="unstratified_ard_svycontinuous_works"/>
    <testcase time="0.000999999999999446" classname="character(0)" name="unstratified_ard_svycontinuous_works"/>
    <testcase time="0" classname="character(0)" name="unstratified_ard_svycontinuous_works"/>
    <testcase time="0" classname="character(0)" name="unstratified_ard_svycontinuous_works"/>
    <testcase time="0.00100000000000033" classname="character(0)" name="unstratified_ard_svycontinuous_works"/>
    <testcase time="0" classname="character(0)" name="unstratified_ard_svycontinuous_works"/>
    <testcase time="0.000999999999999446" classname="character(0)" name="unstratified_ard_svycontinuous_works"/>
    <testcase time="0" classname="character(0)" name="unstratified_ard_svycontinuous_works">
      <skipped message="Reason: On CRAN ('test-ard_svycontinuous.R:70:3')"/>
    </testcase>
  </testsuite>
  <testsuite name="ard_svycontinuous" timestamp="2024-04-02T23:27:28Z" hostname="32a3118cfe2e" tests="11" skipped="0" failures="0" errors="0" time="0.015">
    <testcase time="0.0100000000000007" classname="character(0)" name="stratified_ard_svycontinuous_works"/>
    <testcase time="0.000999999999999446" classname="character(0)" name="stratified_ard_svycontinuous_works"/>
    <testcase time="0" classname="character(0)" name="stratified_ard_svycontinuous_works"/>
    <testcase time="0.00100000000000033" classname="character(0)" name="stratified_ard_svycontinuous_works"/>
    <testcase time="0" classname="character(0)" name="stratified_ard_svycontinuous_works"/>
    <testcase time="0.000999999999999446" classname="character(0)" name="stratified_ard_svycontinuous_works"/>
    <testcase time="0" classname="character(0)" name="stratified_ard_svycontinuous_works"/>
    <testcase time="0.00100000000000033" classname="character(0)" name="stratified_ard_svycontinuous_works"/>
    <testcase time="0" classname="character(0)" name="stratified_ard_svycontinuous_works"/>
    <testcase time="0.00100000000000033" classname="character(0)" name="stratified_ard_svycontinuous_works"/>
    <testcase time="0" classname="character(0)" name="stratified_ard_svycontinuous_works"/>
  </testsuite>
  <testsuite name="ard_svycontinuous" timestamp="2024-04-02T23:27:28Z" hostname="32a3118cfe2e" tests="4" skipped="0" failures="0" errors="0" time="0.003">
    <testcase time="0.00199999999999978" classname="character(0)" name="ard_svycontinuous_NA_handling"/>
    <testcase time="0" classname="character(0)" name="ard_svycontinuous_NA_handling"/>
    <testcase time="0.00100000000000033" classname="character(0)" name="ard_svycontinuous_NA_handling"/>
    <testcase time="0" classname="character(0)" name="ard_svycontinuous_NA_handling"/>
  </testsuite>
  <testsuite name="ard_svycontinuous" timestamp="2024-04-02T23:27:28Z" hostname="32a3118cfe2e" tests="2" skipped="0" failures="0" errors="0" time="0.002">
    <testcase time="0.000999999999999446" classname="character(0)" name="ard_svycontinuous_error_handling"/>
    <testcase time="0.00100000000000033" classname="character(0)" name="ard_svycontinuous_error_handling"/>
  </testsuite>
  <testsuite name="ard_svycontinuous" timestamp="2024-04-02T23:27:28Z" hostname="32a3118cfe2e" tests="1" skipped="1" failures="0" errors="0" time="0.001">
    <testcase time="0.000999999999999446" classname="character(0)" name="ard_svycontinuous_fmt_fn_">
      <skipped message="Reason: On CRAN ('test-ard_svycontinuous.R:322:3')"/>
    </testcase>
  </testsuite>
  <testsuite name="ard_svycontinuous" timestamp="2024-04-02T23:27:28Z" hostname="32a3118cfe2e" tests="1" skipped="1" failures="0" errors="0" time="0.028">
    <testcase time="0.0280000000000005" classname="character(0)" name="ard_svycontinuous_stat_label_">
      <skipped message="Reason: On CRAN ('test-ard_svycontinuous.R:336:3')"/>
    </testcase>
  </testsuite>
  <testsuite name="ard_svycontinuous" timestamp="2024-04-02T23:27:28Z" hostname="32a3118cfe2e" tests="2" skipped="0" failures="0" errors="0" time="0.01">
    <testcase time="0.00999999999999979" classname="character(0)" name="ard_svycontinuous_by_unobserved_levels_combinations"/>
    <testcase time="0" classname="character(0)" name="ard_svycontinuous_by_unobserved_levels_combinations"/>
  </testsuite>
  <testsuite name="ard_vif" timestamp="2024-04-02T23:27:28Z" hostname="32a3118cfe2e" tests="1" skipped="1" failures="0" errors="0" time="0.012">
    <testcase time="0.0119999999999996" classname="character(0)" name="ard_vif_works">
      <skipped message="Reason: On CRAN ('test-ard_vif.R:2:3')"/>
    </testcase>
  </testsuite>
  <testsuite name="ard_vif" timestamp="2024-04-02T23:27:28Z" hostname="32a3118cfe2e" tests="1" skipped="1" failures="0" errors="0" time="0.016">
    <testcase time="0.016" classname="character(0)" name="ard_vif_appropriate_errors_are_given_for_model_with_only_1_term">
      <skipped message="Reason: On CRAN ('test-ard_vif.R:16:3')"/>
    </testcase>
  </testsuite>
  <testsuite name="ard_vif" timestamp="2024-04-02T23:27:28Z" hostname="32a3118cfe2e" tests="1" skipped="1" failures="0" errors="0" time="0.016">
    <testcase time="0.016" classname="character(0)" name="ard_vif_issues_friendly_messaging_for_incorrect_object_passed_in_can_t_get_terms_of_model">
      <skipped message="Reason: On CRAN ('test-ard_vif.R:33:3')"/>
    </testcase>
  </testsuite>
  <testsuite name="proportion_ci" timestamp="2024-04-02T23:27:28Z" hostname="32a3118cfe2e" tests="1" skipped="1" failures="0" errors="0" time="0.142">
    <testcase time="0.142" classname="character(0)" name="check_the_proportion_ci__functions_work">
      <skipped message="Reason: On CRAN ('test-proportion_ci.R:12:3')"/>
    </testcase>
  </testsuite>
  <testsuite name="proportion_ci" timestamp="2024-04-02T23:27:28Z" hostname="32a3118cfe2e" tests="1" skipped="1" failures="0" errors="0" time="0.01">
    <testcase time="0.0100000000000007" classname="character(0)" name="check_the_proportion_ci_strat_wilson_function_works">
      <skipped message="Reason: On CRAN ('test-proportion_ci.R:138:3')"/>
    </testcase>
  </testsuite>
  <testsuite name="ard_wilcoxtest" timestamp="2024-04-02T23:27:29Z" hostname="32a3118cfe2e" tests="6" skipped="0" failures="0" errors="0" time="0.337">
    <testcase time="0.335" classname="character(0)" name="ard_wilcoxtest_works"/>
    <testcase time="0" classname="character(0)" name="ard_wilcoxtest_works"/>
    <testcase time="0.000999999999999446" classname="character(0)" name="ard_wilcoxtest_works"/>
    <testcase time="0" classname="character(0)" name="ard_wilcoxtest_works"/>
    <testcase time="0.00100000000000033" classname="character(0)" name="ard_wilcoxtest_works"/>
    <testcase time="0" classname="character(0)" name="ard_wilcoxtest_works"/>
  </testsuite>
  <testsuite name="ard_wilcoxtest" timestamp="2024-04-02T23:27:29Z" hostname="32a3118cfe2e" tests="3" skipped="0" failures="0" errors="0" time="0.003">
    <testcase time="0.00199999999999978" classname="character(0)" name="ard_paired_wilcoxtest_works"/>
    <testcase time="0" classname="character(0)" name="ard_paired_wilcoxtest_works"/>
    <testcase time="0.00100000000000033" classname="character(0)" name="ard_paired_wilcoxtest_works"/>
  </testsuite>
</testsuites>
