<?xml version="1.0" encoding="UTF-8"?>
<testsuites>
  <testsuite name="ard_ttest" timestamp="2024-02-02T21:48:15Z" hostname="e0aad944f682" tests="3" skipped="1" failures="0" errors="0" time="0.982">
    <testcase time="0.963" classname="character(0)" name="ard_ttest_works"/>
    <testcase time="0.0129999999999999" classname="character(0)" name="ard_ttest_works"/>
    <testcase time="0.00600000000000001" classname="character(0)" name="ard_ttest_works">
      <skipped message="Reason: On CRAN ('test-ard_ttest.R:25:3')"/>
    </testcase>
  </testsuite>
  <testsuite name="ard_ttest" timestamp="2024-02-02T21:48:15Z" hostname="e0aad944f682" tests="3" skipped="1" failures="0" errors="0" time="0.025">
    <testcase time="0.024" classname="character(0)" name="ard_paired_ttest_works"/>
    <testcase time="0.00100000000000011" classname="character(0)" name="ard_paired_ttest_works"/>
    <testcase time="0" classname="character(0)" name="ard_paired_ttest_works">
      <skipped message="Reason: On CRAN ('test-ard_ttest.R:70:3')"/>
    </testcase>
  </testsuite>
</testsuites>
