<?xml version="1.0" encoding="UTF-8"?>
<testsuites>
  <testsuite name="delete_me" timestamp="2024-01-23T19:32:14Z" hostname="15acc027e2e0" tests="1" skipped="0" failures="0" errors="0" time="0.5">
    <testcase time="0.5" classname="character(0)" name="multiplication_works"/>
  </testsuite>
</testsuites>
