<?xml version="1.0" encoding="UTF-8"?>
<testsuites>
  <testsuite name="ard_attributes.survey.design" timestamp="2025-03-31T23:38:51Z" hostname="a893b23e7c5a" tests="1" skipped="0" failures="0" errors="0" time="1.51">
    <testcase time="1.51" classname="character(0)" name="ard_attributes.survey.design_works"/>
  </testsuite>
  <testsuite name="ard_aod_wald_test" timestamp="2025-03-31T23:38:51Z" hostname="a893b23e7c5a" tests="4" skipped="0" failures="0" errors="0" time="0.136">
    <testcase time="0.129" classname="character(0)" name="ard_aod_wald_test_works"/>
    <testcase time="0.00099999999999989" classname="character(0)" name="ard_aod_wald_test_works"/>
    <testcase time="0.00500000000000034" classname="character(0)" name="ard_aod_wald_test_works"/>
    <testcase time="0.00099999999999989" classname="character(0)" name="ard_aod_wald_test_works"/>
  </testsuite>
  <testsuite name="ard_aod_wald_test" timestamp="2025-03-31T23:38:51Z" hostname="a893b23e7c5a" tests="1" skipped="0" failures="0" errors="0" time="0.007">
    <testcase time="0.00700000000000012" classname="character(0)" name="ard_aod_wald_test_follows_ard_structure"/>
  </testsuite>
  <testsuite name="ard_car_vif" timestamp="2025-03-31T23:38:52Z" hostname="a893b23e7c5a" tests="2" skipped="0" failures="0" errors="0" time="0.428">
    <testcase time="0.427" classname="character(0)" name="ard_car_vif_works"/>
    <testcase time="0.00099999999999989" classname="character(0)" name="ard_car_vif_works"/>
  </testsuite>
  <testsuite name="ard_car_vif" timestamp="2025-03-31T23:38:52Z" hostname="a893b23e7c5a" tests="1" skipped="0" failures="0" errors="0" time="0.002">
    <testcase time="0.00199999999999978" classname="character(0)" name="ard_car_vif_appropriate_errors_are_given_for_model_with_only_1_term"/>
  </testsuite>
  <testsuite name="ard_car_vif" timestamp="2025-03-31T23:38:52Z" hostname="a893b23e7c5a" tests="1" skipped="0" failures="0" errors="0" time="0.003">
    <testcase time="0.00300000000000011" classname="character(0)" name="ard_vif_issues_friendly_messaging_for_incorrect_object_passed_in_can_t_get_terms_of_model"/>
  </testsuite>
  <testsuite name="ard_car_vif" timestamp="2025-03-31T23:38:52Z" hostname="a893b23e7c5a" tests="1" skipped="0" failures="0" errors="0" time="0.002">
    <testcase time="0.00199999999999978" classname="character(0)" name="ard_car_vif_follows_ard_structure"/>
  </testsuite>
  <testsuite name="ard_car_anova" timestamp="2025-03-31T23:38:52Z" hostname="a893b23e7c5a" tests="3" skipped="0" failures="0" errors="0" time="0.175">
    <testcase time="0.174" classname="character(0)" name="ard_car_anova_works"/>
    <testcase time="0" classname="character(0)" name="ard_car_anova_works"/>
    <testcase time="0.00099999999999989" classname="character(0)" name="ard_car_anova_works"/>
  </testsuite>
  <testsuite name="ard_car_anova" timestamp="2025-03-31T23:38:52Z" hostname="a893b23e7c5a" tests="1" skipped="0" failures="0" errors="0" time="0.001">
    <testcase time="0.00099999999999989" classname="character(0)" name="ard_car_anova_messaging"/>
  </testsuite>
  <testsuite name="ard_car_anova" timestamp="2025-03-31T23:38:52Z" hostname="a893b23e7c5a" tests="1" skipped="0" failures="0" errors="0" time="0.002">
    <testcase time="0.00200000000000022" classname="character(0)" name="ard_car_anova_follows_ard_structure"/>
  </testsuite>
  <testsuite name="ard_categorical_ci.data.frame" timestamp="2025-03-31T23:38:55Z" hostname="a893b23e7c5a" tests="1" skipped="0" failures="0" errors="0" time="3.685">
    <testcase time="3.685" classname="character(0)" name="ard_categorical_ci.data.frame_method_wald_"/>
  </testsuite>
  <testsuite name="ard_categorical_ci.data.frame" timestamp="2025-03-31T23:38:55Z" hostname="a893b23e7c5a" tests="1" skipped="0" failures="0" errors="0" time="0.002">
    <testcase time="0.00200000000000067" classname="character(0)" name="ard_categorical_ci.data.frame_method_waldcc_"/>
  </testsuite>
  <testsuite name="ard_categorical_ci.data.frame" timestamp="2025-03-31T23:38:55Z" hostname="a893b23e7c5a" tests="1" skipped="0" failures="0" errors="0" time="0.001">
    <testcase time="0.000999999999999446" classname="character(0)" name="ard_categorical_ci.data.frame_method_clopper_pearson_"/>
  </testsuite>
  <testsuite name="ard_categorical_ci.data.frame" timestamp="2025-03-31T23:38:55Z" hostname="a893b23e7c5a" tests="1" skipped="0" failures="0" errors="0" time="0.002">
    <testcase time="0.00199999999999978" classname="character(0)" name="ard_categorical_ci.data.frame_method_wilson_"/>
  </testsuite>
  <testsuite name="ard_categorical_ci.data.frame" timestamp="2025-03-31T23:38:55Z" hostname="a893b23e7c5a" tests="1" skipped="0" failures="0" errors="0" time="0.001">
    <testcase time="0.00100000000000033" classname="character(0)" name="ard_categorical_ci.data.frame_method_wilsoncc_"/>
  </testsuite>
  <testsuite name="ard_categorical_ci.data.frame" timestamp="2025-03-31T23:38:55Z" hostname="a893b23e7c5a" tests="3" skipped="0" failures="0" errors="0" time="0.002">
    <testcase time="0.00100000000000033" classname="character(0)" name="ard_categorical_ci.data.frame_method_strat_wilson_"/>
    <testcase time="0.000999999999999446" classname="character(0)" name="ard_categorical_ci.data.frame_method_strat_wilson_"/>
    <testcase time="0" classname="character(0)" name="ard_categorical_ci.data.frame_method_strat_wilson_"/>
  </testsuite>
  <testsuite name="ard_categorical_ci.data.frame" timestamp="2025-03-31T23:38:55Z" hostname="a893b23e7c5a" tests="1" skipped="0" failures="0" errors="0" time="0.002">
    <testcase time="0.00200000000000067" classname="character(0)" name="ard_categorical_ci.data.frame_method_strat_wilsoncc_"/>
  </testsuite>
  <testsuite name="ard_categorical_ci.data.frame" timestamp="2025-03-31T23:38:55Z" hostname="a893b23e7c5a" tests="1" skipped="0" failures="0" errors="0" time="0.001">
    <testcase time="0.000999999999999446" classname="character(0)" name="ard_categorical_ci.data.frame_method_jeffreys_"/>
  </testsuite>
  <testsuite name="ard_categorical_ci.data.frame" timestamp="2025-03-31T23:38:55Z" hostname="a893b23e7c5a" tests="1" skipped="0" failures="0" errors="0" time="0.001">
    <testcase time="0.00100000000000033" classname="character(0)" name="ard_categorical_ci.data.frame_method_agresti_coull_"/>
  </testsuite>
  <testsuite name="ard_categorical_ci.data.frame" timestamp="2025-03-31T23:38:55Z" hostname="a893b23e7c5a" tests="1" skipped="0" failures="0" errors="0" time="0.002">
    <testcase time="0.00199999999999978" classname="character(0)" name="ard_continuous_ci.data.frame_follows_ard_structure"/>
  </testsuite>
  <testsuite name="ard_categorical_ci.data.frame" timestamp="2025-03-31T23:38:55Z" hostname="a893b23e7c5a" tests="6" skipped="0" failures="0" errors="0" time="0.003">
    <testcase time="0.00100000000000033" classname="character(0)" name="ard_continuous_ci.data.frame_denominator_row_"/>
    <testcase time="0" classname="character(0)" name="ard_continuous_ci.data.frame_denominator_row_"/>
    <testcase time="0.000999999999999446" classname="character(0)" name="ard_continuous_ci.data.frame_denominator_row_"/>
    <testcase time="0" classname="character(0)" name="ard_continuous_ci.data.frame_denominator_row_"/>
    <testcase time="0.00100000000000033" classname="character(0)" name="ard_continuous_ci.data.frame_denominator_row_"/>
    <testcase time="0" classname="character(0)" name="ard_continuous_ci.data.frame_denominator_row_"/>
  </testsuite>
  <testsuite name="ard_categorical_ci.data.frame" timestamp="2025-03-31T23:38:55Z" hostname="a893b23e7c5a" tests="6" skipped="0" failures="0" errors="0" time="0.004">
    <testcase time="0.00199999999999978" classname="character(0)" name="ard_continuous_ci.data.frame_denominator_cell_"/>
    <testcase time="0" classname="character(0)" name="ard_continuous_ci.data.frame_denominator_cell_"/>
    <testcase time="0.00100000000000033" classname="character(0)" name="ard_continuous_ci.data.frame_denominator_cell_"/>
    <testcase time="0" classname="character(0)" name="ard_continuous_ci.data.frame_denominator_cell_"/>
    <testcase time="0.000999999999999446" classname="character(0)" name="ard_continuous_ci.data.frame_denominator_cell_"/>
    <testcase time="0" classname="character(0)" name="ard_continuous_ci.data.frame_denominator_cell_"/>
  </testsuite>
  <testsuite name="ard_categorical_ci.data.frame" timestamp="2025-03-31T23:38:55Z" hostname="a893b23e7c5a" tests="2" skipped="0" failures="0" errors="0" time="0.002">
    <testcase time="0.00200000000000067" classname="character(0)" name="ard_continuous_ci.data.frame_denominator_column_with_all_NA_column"/>
    <testcase time="0" classname="character(0)" name="ard_continuous_ci.data.frame_denominator_column_with_all_NA_column"/>
  </testsuite>
  <testsuite name="ard_categorical_ci.data.frame" timestamp="2025-03-31T23:38:55Z" hostname="a893b23e7c5a" tests="2" skipped="0" failures="0" errors="0" time="0.002">
    <testcase time="0.000999999999999446" classname="character(0)" name="ard_continuous_ci.data.frame_denominator_row_with_all_NA_column"/>
    <testcase time="0.00100000000000033" classname="character(0)" name="ard_continuous_ci.data.frame_denominator_row_with_all_NA_column"/>
  </testsuite>
  <testsuite name="ard_categorical_ci.data.frame" timestamp="2025-03-31T23:38:55Z" hostname="a893b23e7c5a" tests="2" skipped="0" failures="0" errors="0" time="0.002">
    <testcase time="0.00100000000000033" classname="character(0)" name="ard_continuous_ci.data.frame_denominator_cell_with_all_NA_column"/>
    <testcase time="0.000999999999999446" classname="character(0)" name="ard_continuous_ci.data.frame_denominator_cell_with_all_NA_column"/>
  </testsuite>
  <testsuite name="ard_categorical_ci.data.frame" timestamp="2025-03-31T23:38:55Z" hostname="a893b23e7c5a" tests="3" skipped="0" failures="0" errors="0" time="0.002">
    <testcase time="0.00100000000000033" classname="character(0)" name="ard_continuous_ci.data.frame_NA_handling"/>
    <testcase time="0" classname="character(0)" name="ard_continuous_ci.data.frame_NA_handling"/>
    <testcase time="0.000999999999999446" classname="character(0)" name="ard_continuous_ci.data.frame_NA_handling"/>
  </testsuite>
  <testsuite name="ard_categorical_ci.survey.design" timestamp="2025-03-31T23:38:57Z" hostname="a893b23e7c5a" tests="1" skipped="0" failures="0" errors="0" time="1.842">
    <testcase time="1.842" classname="character(0)" name="ard_categorical_ci_data_"/>
  </testsuite>
  <testsuite name="ard_categorical_ci.survey.design" timestamp="2025-03-31T23:38:57Z" hostname="a893b23e7c5a" tests="5" skipped="0" failures="0" errors="0" time="0.004">
    <testcase time="0.00200000000000067" classname="character(0)" name="ard_categorical_ci_variables_"/>
    <testcase time="0" classname="character(0)" name="ard_categorical_ci_variables_"/>
    <testcase time="0.000999999999999446" classname="character(0)" name="ard_categorical_ci_variables_"/>
    <testcase time="0" classname="character(0)" name="ard_categorical_ci_variables_"/>
    <testcase time="0.000999999999999446" classname="character(0)" name="ard_categorical_ci_variables_"/>
  </testsuite>
  <testsuite name="ard_categorical_ci.survey.design" timestamp="2025-03-31T23:38:57Z" hostname="a893b23e7c5a" tests="4" skipped="0" failures="0" errors="0" time="0.002">
    <testcase time="0.00100000000000122" classname="character(0)" name="ard_categorical_ci_by_"/>
    <testcase time="0" classname="character(0)" name="ard_categorical_ci_by_"/>
    <testcase time="0.000999999999999446" classname="character(0)" name="ard_categorical_ci_by_"/>
    <testcase time="0" classname="character(0)" name="ard_categorical_ci_by_"/>
  </testsuite>
  <testsuite name="ard_categorical_ci.survey.design" timestamp="2025-03-31T23:38:57Z" hostname="a893b23e7c5a" tests="2" skipped="0" failures="0" errors="0" time="0.002">
    <testcase time="0.00199999999999889" classname="character(0)" name="ard_categorical_ci_conf.level_"/>
    <testcase time="0" classname="character(0)" name="ard_categorical_ci_conf.level_"/>
  </testsuite>
  <testsuite name="ard_categorical_ci.survey.design" timestamp="2025-03-31T23:38:57Z" hostname="a893b23e7c5a" tests="3" skipped="0" failures="0" errors="0" time="0.003">
    <testcase time="0.00200000000000067" classname="character(0)" name="ard_categorical_ci_method_"/>
    <testcase time="0" classname="character(0)" name="ard_categorical_ci_method_"/>
    <testcase time="0.000999999999999446" classname="character(0)" name="ard_categorical_ci_method_"/>
  </testsuite>
  <testsuite name="ard_categorical_ci.survey.design" timestamp="2025-03-31T23:38:57Z" hostname="a893b23e7c5a" tests="2" skipped="0" failures="0" errors="0" time="0.002">
    <testcase time="0.00100000000000122" classname="character(0)" name="ard_categorical_ci_value_"/>
    <testcase time="0.000999999999999446" classname="character(0)" name="ard_categorical_ci_value_"/>
  </testsuite>
  <testsuite name="ard_categorical_ci.survey.design" timestamp="2025-03-31T23:38:57Z" hostname="a893b23e7c5a" tests="1" skipped="0" failures="0" errors="0" time="0.001">
    <testcase time="0.000999999999999446" classname="character(0)" name="ard_categorical_ci.survey.design_follows_ard_structure"/>
  </testsuite>
  <testsuite name="ard_categorical_max" timestamp="2025-03-31T23:39:00Z" hostname="a893b23e7c5a" tests="8" skipped="0" failures="0" errors="0" time="2.816">
    <testcase time="2.813" classname="character(0)" name="ard_categorical_max_works_with_default_settings"/>
    <testcase time="0" classname="character(0)" name="ard_categorical_max_works_with_default_settings"/>
    <testcase time="0.000999999999999446" classname="character(0)" name="ard_categorical_max_works_with_default_settings"/>
    <testcase time="0" classname="character(0)" name="ard_categorical_max_works_with_default_settings"/>
    <testcase time="0.00100000000000122" classname="character(0)" name="ard_categorical_max_works_with_default_settings"/>
    <testcase time="0" classname="character(0)" name="ard_categorical_max_works_with_default_settings"/>
    <testcase time="0.000999999999999446" classname="character(0)" name="ard_categorical_max_works_with_default_settings"/>
    <testcase time="0" classname="character(0)" name="ard_categorical_max_works_with_default_settings"/>
  </testsuite>
  <testsuite name="ard_categorical_max" timestamp="2025-03-31T23:39:00Z" hostname="a893b23e7c5a" tests="1" skipped="0" failures="0" errors="0" time="0.002">
    <testcase time="0.00200000000000067" classname="character(0)" name="ard_categorical_max_statistic_works"/>
  </testsuite>
  <testsuite name="ard_categorical_max" timestamp="2025-03-31T23:39:00Z" hostname="a893b23e7c5a" tests="2" skipped="0" failures="0" errors="0" time="0.002">
    <testcase time="0.000999999999999446" classname="character(0)" name="ard_categorical_max_denominator_works"/>
    <testcase time="0.000999999999999446" classname="character(0)" name="ard_categorical_max_denominator_works"/>
  </testsuite>
  <testsuite name="ard_categorical_max" timestamp="2025-03-31T23:39:00Z" hostname="a893b23e7c5a" tests="1" skipped="0" failures="0" errors="0" time="0.001">
    <testcase time="0.00100000000000122" classname="character(0)" name="ard_categorical_max_quiet_works"/>
  </testsuite>
  <testsuite name="ard_categorical_max" timestamp="2025-03-31T23:39:00Z" hostname="a893b23e7c5a" tests="13" skipped="0" failures="0" errors="0" time="0.007">
    <testcase time="0.000999999999999446" classname="character(0)" name="ard_categorical_max_works_with_pre_ordered_factor_variables"/>
    <testcase time="0.000999999999999446" classname="character(0)" name="ard_categorical_max_works_with_pre_ordered_factor_variables"/>
    <testcase time="0" classname="character(0)" name="ard_categorical_max_works_with_pre_ordered_factor_variables"/>
    <testcase time="0.000999999999999446" classname="character(0)" name="ard_categorical_max_works_with_pre_ordered_factor_variables"/>
    <testcase time="0" classname="character(0)" name="ard_categorical_max_works_with_pre_ordered_factor_variables"/>
    <testcase time="0.00100000000000122" classname="character(0)" name="ard_categorical_max_works_with_pre_ordered_factor_variables"/>
    <testcase time="0" classname="character(0)" name="ard_categorical_max_works_with_pre_ordered_factor_variables"/>
    <testcase time="0.000999999999999446" classname="character(0)" name="ard_categorical_max_works_with_pre_ordered_factor_variables"/>
    <testcase time="0" classname="character(0)" name="ard_categorical_max_works_with_pre_ordered_factor_variables"/>
    <testcase time="0.000999999999999446" classname="character(0)" name="ard_categorical_max_works_with_pre_ordered_factor_variables"/>
    <testcase time="0" classname="character(0)" name="ard_categorical_max_works_with_pre_ordered_factor_variables"/>
    <testcase time="0.00100000000000122" classname="character(0)" name="ard_categorical_max_works_with_pre_ordered_factor_variables"/>
    <testcase time="0" classname="character(0)" name="ard_categorical_max_works_with_pre_ordered_factor_variables"/>
  </testsuite>
  <testsuite name="ard_categorical_max" timestamp="2025-03-31T23:39:00Z" hostname="a893b23e7c5a" tests="2" skipped="0" failures="0" errors="0" time="0.002">
    <testcase time="0.00199999999999889" classname="character(0)" name="ard_categorical_max_errors_with_incomplete_factor_columns"/>
    <testcase time="0" classname="character(0)" name="ard_categorical_max_errors_with_incomplete_factor_columns"/>
  </testsuite>
  <testsuite name="ard_categorical_max" timestamp="2025-03-31T23:39:00Z" hostname="a893b23e7c5a" tests="1" skipped="0" failures="0" errors="0" time="0.002">
    <testcase time="0.00200000000000067" classname="character(0)" name="ard_categorical_max_works_without_any_variables"/>
  </testsuite>
  <testsuite name="ard_categorical_max" timestamp="2025-03-31T23:39:00Z" hostname="a893b23e7c5a" tests="1" skipped="0" failures="0" errors="0" time="0.001">
    <testcase time="0.000999999999999446" classname="character(0)" name="ard_categorical_max_follows_ard_structure"/>
  </testsuite>
  <testsuite name="ard_categorical.survey.design" timestamp="2025-03-31T23:39:15Z" hostname="a893b23e7c5a" tests="54" skipped="0" failures="0" errors="0" time="14.813">
    <testcase time="14.782" classname="character(0)" name="ard_categorical.survey.design_works"/>
    <testcase time="0" classname="character(0)" name="ard_categorical.survey.design_works"/>
    <testcase time="0.00100000000000122" classname="character(0)" name="ard_categorical.survey.design_works"/>
    <testcase time="0" classname="character(0)" name="ard_categorical.survey.design_works"/>
    <testcase time="0.00100000000000122" classname="character(0)" name="ard_categorical.survey.design_works"/>
    <testcase time="0" classname="character(0)" name="ard_categorical.survey.design_works"/>
    <testcase time="0.000999999999997669" classname="character(0)" name="ard_categorical.survey.design_works"/>
    <testcase time="0" classname="character(0)" name="ard_categorical.survey.design_works"/>
    <testcase time="0.00100000000000122" classname="character(0)" name="ard_categorical.survey.design_works"/>
    <testcase time="0" classname="character(0)" name="ard_categorical.survey.design_works"/>
    <testcase time="0.000999999999997669" classname="character(0)" name="ard_categorical.survey.design_works"/>
    <testcase time="0" classname="character(0)" name="ard_categorical.survey.design_works"/>
    <testcase time="0.00100000000000122" classname="character(0)" name="ard_categorical.survey.design_works"/>
    <testcase time="0" classname="character(0)" name="ard_categorical.survey.design_works"/>
    <testcase time="0.00100000000000122" classname="character(0)" name="ard_categorical.survey.design_works"/>
    <testcase time="0" classname="character(0)" name="ard_categorical.survey.design_works"/>
    <testcase time="0.000999999999997669" classname="character(0)" name="ard_categorical.survey.design_works"/>
    <testcase time="0" classname="character(0)" name="ard_categorical.survey.design_works"/>
    <testcase time="0.00100000000000122" classname="character(0)" name="ard_categorical.survey.design_works"/>
    <testcase time="0.00100000000000122" classname="character(0)" name="ard_categorical.survey.design_works"/>
    <testcase time="0" classname="character(0)" name="ard_categorical.survey.design_works"/>
    <testcase time="0.000999999999997669" classname="character(0)" name="ard_categorical.survey.design_works"/>
    <testcase time="0" classname="character(0)" name="ard_categorical.survey.design_works"/>
    <testcase time="0.00100000000000122" classname="character(0)" name="ard_categorical.survey.design_works"/>
    <testcase time="0" classname="character(0)" name="ard_categorical.survey.design_works"/>
    <testcase time="0.00100000000000122" classname="character(0)" name="ard_categorical.survey.design_works"/>
    <testcase time="0" classname="character(0)" name="ard_categorical.survey.design_works"/>
    <testcase time="0.000999999999997669" classname="character(0)" name="ard_categorical.survey.design_works"/>
    <testcase time="0" classname="character(0)" name="ard_categorical.survey.design_works"/>
    <testcase time="0.00100000000000122" classname="character(0)" name="ard_categorical.survey.design_works"/>
    <testcase time="0" classname="character(0)" name="ard_categorical.survey.design_works"/>
    <testcase time="0.00100000000000122" classname="character(0)" name="ard_categorical.survey.design_works"/>
    <testcase time="0" classname="character(0)" name="ard_categorical.survey.design_works"/>
    <testcase time="0" classname="character(0)" name="ard_categorical.survey.design_works"/>
    <testcase time="0.00100000000000122" classname="character(0)" name="ard_categorical.survey.design_works"/>
    <testcase time="0" classname="character(0)" name="ard_categorical.survey.design_works"/>
    <testcase time="0.00100000000000122" classname="character(0)" name="ard_categorical.survey.design_works"/>
    <testcase time="0" classname="character(0)" name="ard_categorical.survey.design_works"/>
    <testcase time="0.000999999999997669" classname="character(0)" name="ard_categorical.survey.design_works"/>
    <testcase time="0.00100000000000122" classname="character(0)" name="ard_categorical.survey.design_works"/>
    <testcase time="0" classname="character(0)" name="ard_categorical.survey.design_works"/>
    <testcase time="0.00100000000000122" classname="character(0)" name="ard_categorical.survey.design_works"/>
    <testcase time="0" classname="character(0)" name="ard_categorical.survey.design_works"/>
    <testcase time="0.000999999999997669" classname="character(0)" name="ard_categorical.survey.design_works"/>
    <testcase time="0.00100000000000122" classname="character(0)" name="ard_categorical.survey.design_works"/>
    <testcase time="0" classname="character(0)" name="ard_categorical.survey.design_works"/>
    <testcase time="0.00100000000000122" classname="character(0)" name="ard_categorical.survey.design_works"/>
    <testcase time="0" classname="character(0)" name="ard_categorical.survey.design_works"/>
    <testcase time="0.000999999999997669" classname="character(0)" name="ard_categorical.survey.design_works"/>
    <testcase time="0.00100000000000122" classname="character(0)" name="ard_categorical.survey.design_works"/>
    <testcase time="0.00300000000000011" classname="character(0)" name="ard_categorical.survey.design_works"/>
    <testcase time="0" classname="character(0)" name="ard_categorical.survey.design_works"/>
    <testcase time="0.00100000000000122" classname="character(0)" name="ard_categorical.survey.design_works"/>
    <testcase time="0.000999999999997669" classname="character(0)" name="ard_categorical.survey.design_works"/>
  </testsuite>
  <testsuite name="ard_categorical.survey.design" timestamp="2025-03-31T23:39:15Z" hostname="a893b23e7c5a" tests="3" skipped="0" failures="0" errors="0" time="0.002">
    <testcase time="0.00100000000000122" classname="character(0)" name="ard_categorical.survey.design_returns_an_error_when_variables_have_all_NAs"/>
    <testcase time="0.00100000000000122" classname="character(0)" name="ard_categorical.survey.design_returns_an_error_when_variables_have_all_NAs"/>
    <testcase time="0" classname="character(0)" name="ard_categorical.survey.design_returns_an_error_when_variables_have_all_NAs"/>
  </testsuite>
  <testsuite name="ard_categorical.survey.design" timestamp="2025-03-31T23:39:15Z" hostname="a893b23e7c5a" tests="39" skipped="0" failures="0" errors="0" time="0.021">
    <testcase time="0.00199999999999889" classname="character(0)" name="ard_categorical.survey.design_works_for_unobserved_factor_levels"/>
    <testcase time="0" classname="character(0)" name="ard_categorical.survey.design_works_for_unobserved_factor_levels"/>
    <testcase time="0.000999999999997669" classname="character(0)" name="ard_categorical.survey.design_works_for_unobserved_factor_levels"/>
    <testcase time="0" classname="character(0)" name="ard_categorical.survey.design_works_for_unobserved_factor_levels"/>
    <testcase time="0" classname="character(0)" name="ard_categorical.survey.design_works_for_unobserved_factor_levels"/>
    <testcase time="0" classname="character(0)" name="ard_categorical.survey.design_works_for_unobserved_factor_levels"/>
    <testcase time="0" classname="character(0)" name="ard_categorical.survey.design_works_for_unobserved_factor_levels"/>
    <testcase time="0.00100000000000122" classname="character(0)" name="ard_categorical.survey.design_works_for_unobserved_factor_levels"/>
    <testcase time="0" classname="character(0)" name="ard_categorical.survey.design_works_for_unobserved_factor_levels"/>
    <testcase time="0.000999999999997669" classname="character(0)" name="ard_categorical.survey.design_works_for_unobserved_factor_levels"/>
    <testcase time="0" classname="character(0)" name="ard_categorical.survey.design_works_for_unobserved_factor_levels"/>
    <testcase time="0.00100000000000122" classname="character(0)" name="ard_categorical.survey.design_works_for_unobserved_factor_levels"/>
    <testcase time="0" classname="character(0)" name="ard_categorical.survey.design_works_for_unobserved_factor_levels"/>
    <testcase time="0.00100000000000122" classname="character(0)" name="ard_categorical.survey.design_works_for_unobserved_factor_levels"/>
    <testcase time="0" classname="character(0)" name="ard_categorical.survey.design_works_for_unobserved_factor_levels"/>
    <testcase time="0.000999999999997669" classname="character(0)" name="ard_categorical.survey.design_works_for_unobserved_factor_levels"/>
    <testcase time="0" classname="character(0)" name="ard_categorical.survey.design_works_for_unobserved_factor_levels"/>
    <testcase time="0.00100000000000122" classname="character(0)" name="ard_categorical.survey.design_works_for_unobserved_factor_levels"/>
    <testcase time="0.00100000000000122" classname="character(0)" name="ard_categorical.survey.design_works_for_unobserved_factor_levels"/>
    <testcase time="0" classname="character(0)" name="ard_categorical.survey.design_works_for_unobserved_factor_levels"/>
    <testcase time="0.000999999999997669" classname="character(0)" name="ard_categorical.survey.design_works_for_unobserved_factor_levels"/>
    <testcase time="0" classname="character(0)" name="ard_categorical.survey.design_works_for_unobserved_factor_levels"/>
    <testcase time="0.00100000000000122" classname="character(0)" name="ard_categorical.survey.design_works_for_unobserved_factor_levels"/>
    <testcase time="0" classname="character(0)" name="ard_categorical.survey.design_works_for_unobserved_factor_levels"/>
    <testcase time="0.00100000000000122" classname="character(0)" name="ard_categorical.survey.design_works_for_unobserved_factor_levels"/>
    <testcase time="0" classname="character(0)" name="ard_categorical.survey.design_works_for_unobserved_factor_levels"/>
    <testcase time="0.000999999999997669" classname="character(0)" name="ard_categorical.survey.design_works_for_unobserved_factor_levels"/>
    <testcase time="0" classname="character(0)" name="ard_categorical.survey.design_works_for_unobserved_factor_levels"/>
    <testcase time="0.00100000000000122" classname="character(0)" name="ard_categorical.survey.design_works_for_unobserved_factor_levels"/>
    <testcase time="0.00100000000000122" classname="character(0)" name="ard_categorical.survey.design_works_for_unobserved_factor_levels"/>
    <testcase time="0" classname="character(0)" name="ard_categorical.survey.design_works_for_unobserved_factor_levels"/>
    <testcase time="0.000999999999997669" classname="character(0)" name="ard_categorical.survey.design_works_for_unobserved_factor_levels"/>
    <testcase time="0" classname="character(0)" name="ard_categorical.survey.design_works_for_unobserved_factor_levels"/>
    <testcase time="0.00100000000000122" classname="character(0)" name="ard_categorical.survey.design_works_for_unobserved_factor_levels"/>
    <testcase time="0" classname="character(0)" name="ard_categorical.survey.design_works_for_unobserved_factor_levels"/>
    <testcase time="0.00100000000000122" classname="character(0)" name="ard_categorical.survey.design_works_for_unobserved_factor_levels"/>
    <testcase time="0.000999999999997669" classname="character(0)" name="ard_categorical.survey.design_works_for_unobserved_factor_levels"/>
    <testcase time="0" classname="character(0)" name="ard_categorical.survey.design_works_for_unobserved_factor_levels"/>
    <testcase time="0.00100000000000122" classname="character(0)" name="ard_categorical.survey.design_works_for_unobserved_factor_levels"/>
  </testsuite>
  <testsuite name="ard_categorical.survey.design" timestamp="2025-03-31T23:39:15Z" hostname="a893b23e7c5a" tests="39" skipped="0" failures="0" errors="0" time="0.02">
    <testcase time="0.00100000000000122" classname="character(0)" name="ard_categorical.survey.design_works_for_unobserved_logical_levels"/>
    <testcase time="0.000999999999997669" classname="character(0)" name="ard_categorical.survey.design_works_for_unobserved_logical_levels"/>
    <testcase time="0" classname="character(0)" name="ard_categorical.survey.design_works_for_unobserved_logical_levels"/>
    <testcase time="0.00100000000000122" classname="character(0)" name="ard_categorical.survey.design_works_for_unobserved_logical_levels"/>
    <testcase time="0" classname="character(0)" name="ard_categorical.survey.design_works_for_unobserved_logical_levels"/>
    <testcase time="0.00100000000000122" classname="character(0)" name="ard_categorical.survey.design_works_for_unobserved_logical_levels"/>
    <testcase time="0" classname="character(0)" name="ard_categorical.survey.design_works_for_unobserved_logical_levels"/>
    <testcase time="0.000999999999997669" classname="character(0)" name="ard_categorical.survey.design_works_for_unobserved_logical_levels"/>
    <testcase time="0" classname="character(0)" name="ard_categorical.survey.design_works_for_unobserved_logical_levels"/>
    <testcase time="0.00100000000000122" classname="character(0)" name="ard_categorical.survey.design_works_for_unobserved_logical_levels"/>
    <testcase time="0" classname="character(0)" name="ard_categorical.survey.design_works_for_unobserved_logical_levels"/>
    <testcase time="0.00100000000000122" classname="character(0)" name="ard_categorical.survey.design_works_for_unobserved_logical_levels"/>
    <testcase time="0" classname="character(0)" name="ard_categorical.survey.design_works_for_unobserved_logical_levels"/>
    <testcase time="0.000999999999997669" classname="character(0)" name="ard_categorical.survey.design_works_for_unobserved_logical_levels"/>
    <testcase time="0" classname="character(0)" name="ard_categorical.survey.design_works_for_unobserved_logical_levels"/>
    <testcase time="0.00100000000000122" classname="character(0)" name="ard_categorical.survey.design_works_for_unobserved_logical_levels"/>
    <testcase time="0" classname="character(0)" name="ard_categorical.survey.design_works_for_unobserved_logical_levels"/>
    <testcase time="0.000999999999997669" classname="character(0)" name="ard_categorical.survey.design_works_for_unobserved_logical_levels"/>
    <testcase time="0" classname="character(0)" name="ard_categorical.survey.design_works_for_unobserved_logical_levels"/>
    <testcase time="0.00100000000000122" classname="character(0)" name="ard_categorical.survey.design_works_for_unobserved_logical_levels"/>
    <testcase time="0" classname="character(0)" name="ard_categorical.survey.design_works_for_unobserved_logical_levels"/>
    <testcase time="0.00100000000000122" classname="character(0)" name="ard_categorical.survey.design_works_for_unobserved_logical_levels"/>
    <testcase time="0" classname="character(0)" name="ard_categorical.survey.design_works_for_unobserved_logical_levels"/>
    <testcase time="0.000999999999997669" classname="character(0)" name="ard_categorical.survey.design_works_for_unobserved_logical_levels"/>
    <testcase time="0" classname="character(0)" name="ard_categorical.survey.design_works_for_unobserved_logical_levels"/>
    <testcase time="0.00100000000000122" classname="character(0)" name="ard_categorical.survey.design_works_for_unobserved_logical_levels"/>
    <testcase time="0" classname="character(0)" name="ard_categorical.survey.design_works_for_unobserved_logical_levels"/>
    <testcase time="0" classname="character(0)" name="ard_categorical.survey.design_works_for_unobserved_logical_levels"/>
    <testcase time="0.000999999999997669" classname="character(0)" name="ard_categorical.survey.design_works_for_unobserved_logical_levels"/>
    <testcase time="0" classname="character(0)" name="ard_categorical.survey.design_works_for_unobserved_logical_levels"/>
    <testcase time="0.00100000000000122" classname="character(0)" name="ard_categorical.survey.design_works_for_unobserved_logical_levels"/>
    <testcase time="0" classname="character(0)" name="ard_categorical.survey.design_works_for_unobserved_logical_levels"/>
    <testcase time="0.00100000000000122" classname="character(0)" name="ard_categorical.survey.design_works_for_unobserved_logical_levels"/>
    <testcase time="0" classname="character(0)" name="ard_categorical.survey.design_works_for_unobserved_logical_levels"/>
    <testcase time="0.000999999999997669" classname="character(0)" name="ard_categorical.survey.design_works_for_unobserved_logical_levels"/>
    <testcase time="0.00100000000000122" classname="character(0)" name="ard_categorical.survey.design_works_for_unobserved_logical_levels"/>
    <testcase time="0" classname="character(0)" name="ard_categorical.survey.design_works_for_unobserved_logical_levels"/>
    <testcase time="0.00100000000000122" classname="character(0)" name="ard_categorical.survey.design_works_for_unobserved_logical_levels"/>
    <testcase time="0" classname="character(0)" name="ard_categorical.survey.design_works_for_unobserved_logical_levels"/>
  </testsuite>
  <testsuite name="ard_categorical.survey.design" timestamp="2025-03-31T23:39:15Z" hostname="a893b23e7c5a" tests="18" skipped="0" failures="0" errors="0" time="0.012">
    <testcase time="0.00199999999999889" classname="character(0)" name="ard_categorical.survey.design_works_with_variables_with_only_1_level"/>
    <testcase time="0" classname="character(0)" name="ard_categorical.survey.design_works_with_variables_with_only_1_level"/>
    <testcase time="0.00100000000000122" classname="character(0)" name="ard_categorical.survey.design_works_with_variables_with_only_1_level"/>
    <testcase time="0" classname="character(0)" name="ard_categorical.survey.design_works_with_variables_with_only_1_level"/>
    <testcase time="0.000999999999997669" classname="character(0)" name="ard_categorical.survey.design_works_with_variables_with_only_1_level"/>
    <testcase time="0" classname="character(0)" name="ard_categorical.survey.design_works_with_variables_with_only_1_level"/>
    <testcase time="0.00100000000000122" classname="character(0)" name="ard_categorical.survey.design_works_with_variables_with_only_1_level"/>
    <testcase time="0" classname="character(0)" name="ard_categorical.survey.design_works_with_variables_with_only_1_level"/>
    <testcase time="0.00100000000000122" classname="character(0)" name="ard_categorical.survey.design_works_with_variables_with_only_1_level"/>
    <testcase time="0" classname="character(0)" name="ard_categorical.survey.design_works_with_variables_with_only_1_level"/>
    <testcase time="0.000999999999997669" classname="character(0)" name="ard_categorical.survey.design_works_with_variables_with_only_1_level"/>
    <testcase time="0.00200000000000244" classname="character(0)" name="ard_categorical.survey.design_works_with_variables_with_only_1_level"/>
    <testcase time="0.000999999999997669" classname="character(0)" name="ard_categorical.survey.design_works_with_variables_with_only_1_level"/>
    <testcase time="0" classname="character(0)" name="ard_categorical.survey.design_works_with_variables_with_only_1_level"/>
    <testcase time="0.00100000000000122" classname="character(0)" name="ard_categorical.survey.design_works_with_variables_with_only_1_level"/>
    <testcase time="0" classname="character(0)" name="ard_categorical.survey.design_works_with_variables_with_only_1_level"/>
    <testcase time="0.00100000000000122" classname="character(0)" name="ard_categorical.survey.design_works_with_variables_with_only_1_level"/>
    <testcase time="0" classname="character(0)" name="ard_categorical.survey.design_works_with_variables_with_only_1_level"/>
  </testsuite>
  <testsuite name="ard_categorical.survey.design" timestamp="2025-03-31T23:39:15Z" hostname="a893b23e7c5a" tests="4" skipped="0" failures="0" errors="0" time="0.003">
    <testcase time="0.00199999999999889" classname="character(0)" name="ard_categorical.survey.design_by_messages_about_protected_names"/>
    <testcase time="0" classname="character(0)" name="ard_categorical.survey.design_by_messages_about_protected_names"/>
    <testcase time="0.00100000000000122" classname="character(0)" name="ard_categorical.survey.design_by_messages_about_protected_names"/>
    <testcase time="0" classname="character(0)" name="ard_categorical.survey.design_by_messages_about_protected_names"/>
  </testsuite>
  <testsuite name="ard_categorical.survey.design" timestamp="2025-03-31T23:39:15Z" hostname="a893b23e7c5a" tests="10" skipped="0" failures="0" errors="0" time="0.006">
    <testcase time="0.00199999999999889" classname="character(0)" name="ard_categorical.survey.design_works_when_using_generic_names_"/>
    <testcase time="0" classname="character(0)" name="ard_categorical.survey.design_works_when_using_generic_names_"/>
    <testcase time="0.00100000000000122" classname="character(0)" name="ard_categorical.survey.design_works_when_using_generic_names_"/>
    <testcase time="0" classname="character(0)" name="ard_categorical.survey.design_works_when_using_generic_names_"/>
    <testcase time="0.000999999999997669" classname="character(0)" name="ard_categorical.survey.design_works_when_using_generic_names_"/>
    <testcase time="0" classname="character(0)" name="ard_categorical.survey.design_works_when_using_generic_names_"/>
    <testcase time="0.00100000000000122" classname="character(0)" name="ard_categorical.survey.design_works_when_using_generic_names_"/>
    <testcase time="0" classname="character(0)" name="ard_categorical.survey.design_works_when_using_generic_names_"/>
    <testcase time="0.000999999999997669" classname="character(0)" name="ard_categorical.survey.design_works_when_using_generic_names_"/>
    <testcase time="0" classname="character(0)" name="ard_categorical.survey.design_works_when_using_generic_names_"/>
  </testsuite>
  <testsuite name="ard_categorical.survey.design" timestamp="2025-03-31T23:39:15Z" hostname="a893b23e7c5a" tests="1" skipped="0" failures="0" errors="0" time="0.002">
    <testcase time="0.00200000000000244" classname="character(0)" name="ard_categorical.survey.design_statistic_properly_excluded_unweighted_stats_not_selected"/>
  </testsuite>
  <testsuite name="ard_categorical.survey.design" timestamp="2025-03-31T23:39:15Z" hostname="a893b23e7c5a" tests="1" skipped="0" failures="0" errors="0" time="0.001">
    <testcase time="0.000999999999997669" classname="character(0)" name="ard_categorical_follows_ard_structure"/>
  </testsuite>
  <testsuite name="ard_categorical.survey.design" timestamp="2025-03-31T23:39:15Z" hostname="a893b23e7c5a" tests="6" skipped="0" failures="0" errors="0" time="0.004">
    <testcase time="0.00100000000000122" classname="character(0)" name="ard_categorical.survey.design_original_types_are_retained"/>
    <testcase time="0.00100000000000122" classname="character(0)" name="ard_categorical.survey.design_original_types_are_retained"/>
    <testcase time="0" classname="character(0)" name="ard_categorical.survey.design_original_types_are_retained"/>
    <testcase time="0.000999999999997669" classname="character(0)" name="ard_categorical.survey.design_original_types_are_retained"/>
    <testcase time="0" classname="character(0)" name="ard_categorical.survey.design_original_types_are_retained"/>
    <testcase time="0.00100000000000122" classname="character(0)" name="ard_categorical.survey.design_original_types_are_retained"/>
  </testsuite>
  <testsuite name="ard_categorical.survey.design" timestamp="2025-03-31T23:39:15Z" hostname="a893b23e7c5a" tests="3" skipped="0" failures="0" errors="0" time="0.002">
    <testcase time="0.00100000000000122" classname="character(0)" name="ard_categorical.survey.design_works_with_all_NA_fct_variables"/>
    <testcase time="0.000999999999997669" classname="character(0)" name="ard_categorical.survey.design_works_with_all_NA_fct_variables"/>
    <testcase time="0" classname="character(0)" name="ard_categorical.survey.design_works_with_all_NA_fct_variables"/>
  </testsuite>
  <testsuite name="ard_categorical.survey.design" timestamp="2025-03-31T23:39:15Z" hostname="a893b23e7c5a" tests="1" skipped="0" failures="0" errors="0" time="0.002">
    <testcase time="0.00200000000000244" classname="character(0)" name="ard_categorical.survey.design_messaging_with_all_NA_lgl_variables"/>
  </testsuite>
  <testsuite name="ard_continuous_ci.data.frame" timestamp="2025-03-31T23:39:16Z" hostname="a893b23e7c5a" tests="1" skipped="0" failures="0" errors="0" time="0.587">
    <testcase time="0.587" classname="character(0)" name="ard_continuous_ci.data.frame_method_t.test_"/>
  </testsuite>
  <testsuite name="ard_continuous_ci.data.frame" timestamp="2025-03-31T23:39:16Z" hostname="a893b23e7c5a" tests="1" skipped="0" failures="0" errors="0" time="0.002">
    <testcase time="0.00199999999999889" classname="character(0)" name="ard_continuous_ci.data.frame_method_wilcox.test_"/>
  </testsuite>
  <testsuite name="ard_continuous_ci.data.frame" timestamp="2025-03-31T23:39:16Z" hostname="a893b23e7c5a" tests="1" skipped="0" failures="0" errors="0" time="0.002">
    <testcase time="0.00199999999999889" classname="character(0)" name="ard_continuous_ci.data.frame_follows_ard_structure"/>
  </testsuite>
  <testsuite name="ard_continuous_ci.survey.design" timestamp="2025-03-31T23:39:17Z" hostname="a893b23e7c5a" tests="1" skipped="0" failures="0" errors="0" time="1.197">
    <testcase time="1.197" classname="character(0)" name="ard_continuous_ci_data_"/>
  </testsuite>
  <testsuite name="ard_continuous_ci.survey.design" timestamp="2025-03-31T23:39:17Z" hostname="a893b23e7c5a" tests="5" skipped="0" failures="0" errors="0" time="0.004">
    <testcase time="0.00199999999999889" classname="character(0)" name="ard_continuous_ci_variables_"/>
    <testcase time="0" classname="character(0)" name="ard_continuous_ci_variables_"/>
    <testcase time="0.00100000000000122" classname="character(0)" name="ard_continuous_ci_variables_"/>
    <testcase time="0" classname="character(0)" name="ard_continuous_ci_variables_"/>
    <testcase time="0.000999999999997669" classname="character(0)" name="ard_continuous_ci_variables_"/>
  </testsuite>
  <testsuite name="ard_continuous_ci.survey.design" timestamp="2025-03-31T23:39:17Z" hostname="a893b23e7c5a" tests="6" skipped="0" failures="0" errors="0" time="0.004">
    <testcase time="0.00100000000000122" classname="character(0)" name="ard_continuous_ci_by_"/>
    <testcase time="0.00100000000000122" classname="character(0)" name="ard_continuous_ci_by_"/>
    <testcase time="0" classname="character(0)" name="ard_continuous_ci_by_"/>
    <testcase time="0.000999999999997669" classname="character(0)" name="ard_continuous_ci_by_"/>
    <testcase time="0" classname="character(0)" name="ard_continuous_ci_by_"/>
    <testcase time="0.00100000000000122" classname="character(0)" name="ard_continuous_ci_by_"/>
  </testsuite>
  <testsuite name="ard_continuous_ci.survey.design" timestamp="2025-03-31T23:39:17Z" hostname="a893b23e7c5a" tests="2" skipped="0" failures="0" errors="0" time="0.002">
    <testcase time="0.00100000000000122" classname="character(0)" name="ard_continuous_ci_conf.level_"/>
    <testcase time="0.000999999999997669" classname="character(0)" name="ard_continuous_ci_conf.level_"/>
  </testsuite>
  <testsuite name="ard_continuous_ci.survey.design" timestamp="2025-03-31T23:39:17Z" hostname="a893b23e7c5a" tests="3" skipped="0" failures="0" errors="0" time="0.002">
    <testcase time="0.00100000000000122" classname="character(0)" name="ard_continuous_ci_method_variables_"/>
    <testcase time="0.00100000000000122" classname="character(0)" name="ard_continuous_ci_method_variables_"/>
    <testcase time="0" classname="character(0)" name="ard_continuous_ci_method_variables_"/>
  </testsuite>
  <testsuite name="ard_continuous_ci.survey.design" timestamp="2025-03-31T23:39:17Z" hostname="a893b23e7c5a" tests="3" skipped="0" failures="0" errors="0" time="0.003">
    <testcase time="0.00199999999999889" classname="character(0)" name="ard_continuous_ci_method_by_"/>
    <testcase time="0" classname="character(0)" name="ard_continuous_ci_method_by_"/>
    <testcase time="0.000999999999997669" classname="character(0)" name="ard_continuous_ci_method_by_"/>
  </testsuite>
  <testsuite name="ard_continuous_ci.survey.design" timestamp="2025-03-31T23:39:17Z" hostname="a893b23e7c5a" tests="4" skipped="0" failures="0" errors="0" time="0.003">
    <testcase time="0.00100000000000122" classname="character(0)" name="ard_continuous_ci_..._"/>
    <testcase time="0.00100000000000122" classname="character(0)" name="ard_continuous_ci_..._"/>
    <testcase time="0" classname="character(0)" name="ard_continuous_ci_..._"/>
    <testcase time="0.000999999999997669" classname="character(0)" name="ard_continuous_ci_..._"/>
  </testsuite>
  <testsuite name="ard_continuous_ci.survey.design" timestamp="2025-03-31T23:39:17Z" hostname="a893b23e7c5a" tests="2" skipped="0" failures="0" errors="0" time="0.002">
    <testcase time="0.00100000000000122" classname="character(0)" name="ard_continuous_ci_errors_are_captured"/>
    <testcase time="0.00100000000000122" classname="character(0)" name="ard_continuous_ci_errors_are_captured"/>
  </testsuite>
  <testsuite name="ard_continuous_ci.survey.design" timestamp="2025-03-31T23:39:17Z" hostname="a893b23e7c5a" tests="1" skipped="0" failures="0" errors="0" time="0.001">
    <testcase time="0.000999999999997669" classname="character(0)" name="ard_continuous_ci.survey.design_follows_ard_structure"/>
  </testsuite>
  <testsuite name="ard_dichotomous.survey.design" timestamp="2025-03-31T23:39:22Z" hostname="a893b23e7c5a" tests="33" skipped="0" failures="0" errors="0" time="5.48">
    <testcase time="5.464" classname="character(0)" name="ard_dichotomous.survey.design_works"/>
    <testcase time="0" classname="character(0)" name="ard_dichotomous.survey.design_works"/>
    <testcase time="0.00100000000000477" classname="character(0)" name="ard_dichotomous.survey.design_works"/>
    <testcase time="0" classname="character(0)" name="ard_dichotomous.survey.design_works"/>
    <testcase time="0.000999999999997669" classname="character(0)" name="ard_dichotomous.survey.design_works"/>
    <testcase time="0" classname="character(0)" name="ard_dichotomous.survey.design_works"/>
    <testcase time="0.000999999999997669" classname="character(0)" name="ard_dichotomous.survey.design_works"/>
    <testcase time="0" classname="character(0)" name="ard_dichotomous.survey.design_works"/>
    <testcase time="0.00100000000000477" classname="character(0)" name="ard_dichotomous.survey.design_works"/>
    <testcase time="0" classname="character(0)" name="ard_dichotomous.survey.design_works"/>
    <testcase time="0.000999999999997669" classname="character(0)" name="ard_dichotomous.survey.design_works"/>
    <testcase time="0" classname="character(0)" name="ard_dichotomous.survey.design_works"/>
    <testcase time="0.000999999999997669" classname="character(0)" name="ard_dichotomous.survey.design_works"/>
    <testcase time="0" classname="character(0)" name="ard_dichotomous.survey.design_works"/>
    <testcase time="0.00100000000000477" classname="character(0)" name="ard_dichotomous.survey.design_works"/>
    <testcase time="0" classname="character(0)" name="ard_dichotomous.survey.design_works"/>
    <testcase time="0.000999999999997669" classname="character(0)" name="ard_dichotomous.survey.design_works"/>
    <testcase time="0" classname="character(0)" name="ard_dichotomous.survey.design_works"/>
    <testcase time="0" classname="character(0)" name="ard_dichotomous.survey.design_works"/>
    <testcase time="0.00100000000000477" classname="character(0)" name="ard_dichotomous.survey.design_works"/>
    <testcase time="0" classname="character(0)" name="ard_dichotomous.survey.design_works"/>
    <testcase time="0.000999999999997669" classname="character(0)" name="ard_dichotomous.survey.design_works"/>
    <testcase time="0" classname="character(0)" name="ard_dichotomous.survey.design_works"/>
    <testcase time="0.000999999999997669" classname="character(0)" name="ard_dichotomous.survey.design_works"/>
    <testcase time="0" classname="character(0)" name="ard_dichotomous.survey.design_works"/>
    <testcase time="0.00100000000000477" classname="character(0)" name="ard_dichotomous.survey.design_works"/>
    <testcase time="0" classname="character(0)" name="ard_dichotomous.survey.design_works"/>
    <testcase time="0.000999999999997669" classname="character(0)" name="ard_dichotomous.survey.design_works"/>
    <testcase time="0.000999999999997669" classname="character(0)" name="ard_dichotomous.survey.design_works"/>
    <testcase time="0" classname="character(0)" name="ard_dichotomous.survey.design_works"/>
    <testcase time="0.00100000000000477" classname="character(0)" name="ard_dichotomous.survey.design_works"/>
    <testcase time="0" classname="character(0)" name="ard_dichotomous.survey.design_works"/>
    <testcase time="0.000999999999997669" classname="character(0)" name="ard_dichotomous.survey.design_works"/>
  </testsuite>
  <testsuite name="ard_dichotomous.survey.design" timestamp="2025-03-31T23:39:22Z" hostname="a893b23e7c5a" tests="12" skipped="0" failures="0" errors="0" time="0.007">
    <testcase time="0.00200000000000244" classname="character(0)" name="ard_dichotomous.survey.design_works_with_various_input_types"/>
    <testcase time="0" classname="character(0)" name="ard_dichotomous.survey.design_works_with_various_input_types"/>
    <testcase time="0" classname="character(0)" name="ard_dichotomous.survey.design_works_with_various_input_types"/>
    <testcase time="0.000999999999997669" classname="character(0)" name="ard_dichotomous.survey.design_works_with_various_input_types"/>
    <testcase time="0" classname="character(0)" name="ard_dichotomous.survey.design_works_with_various_input_types"/>
    <testcase time="0.000999999999997669" classname="character(0)" name="ard_dichotomous.survey.design_works_with_various_input_types"/>
    <testcase time="0" classname="character(0)" name="ard_dichotomous.survey.design_works_with_various_input_types"/>
    <testcase time="0.00100000000000477" classname="character(0)" name="ard_dichotomous.survey.design_works_with_various_input_types"/>
    <testcase time="0" classname="character(0)" name="ard_dichotomous.survey.design_works_with_various_input_types"/>
    <testcase time="0.000999999999997669" classname="character(0)" name="ard_dichotomous.survey.design_works_with_various_input_types"/>
    <testcase time="0" classname="character(0)" name="ard_dichotomous.survey.design_works_with_various_input_types"/>
    <testcase time="0.000999999999997669" classname="character(0)" name="ard_dichotomous.survey.design_works_with_various_input_types"/>
  </testsuite>
  <testsuite name="ard_dichotomous.survey.design" timestamp="2025-03-31T23:39:22Z" hostname="a893b23e7c5a" tests="3" skipped="0" failures="0" errors="0" time="0.002">
    <testcase time="0.00100000000000477" classname="character(0)" name="ard_dichotomous.survey.design_returns_an_error_with_erroneous_input"/>
    <testcase time="0.000999999999997669" classname="character(0)" name="ard_dichotomous.survey.design_returns_an_error_with_erroneous_input"/>
    <testcase time="0" classname="character(0)" name="ard_dichotomous.survey.design_returns_an_error_with_erroneous_input"/>
  </testsuite>
  <testsuite name="ard_dichotomous.survey.design" timestamp="2025-03-31T23:39:22Z" hostname="a893b23e7c5a" tests="1" skipped="0" failures="0" errors="0" time="0.002">
    <testcase time="0.00200000000000244" classname="character(0)" name="ard_dichotomous.survey.design_follows_ard_structure"/>
  </testsuite>
  <testsuite name="ard_effectsize_cohens_d" timestamp="2025-03-31T23:39:23Z" hostname="a893b23e7c5a" tests="4" skipped="0" failures="0" errors="0" time="0.737">
    <testcase time="0.734999999999999" classname="character(0)" name="ard_effectsize_cohens_d_works"/>
    <testcase time="0.000999999999997669" classname="character(0)" name="ard_effectsize_cohens_d_works"/>
    <testcase time="0" classname="character(0)" name="ard_effectsize_cohens_d_works"/>
    <testcase time="0.000999999999997669" classname="character(0)" name="ard_effectsize_cohens_d_works"/>
  </testsuite>
  <testsuite name="ard_effectsize_cohens_d" timestamp="2025-03-31T23:39:23Z" hostname="a893b23e7c5a" tests="3" skipped="0" failures="0" errors="0" time="0.002">
    <testcase time="0.00100000000000477" classname="character(0)" name="ard_effectsize_paired_cohens_d_works"/>
    <testcase time="0.000999999999997669" classname="character(0)" name="ard_effectsize_paired_cohens_d_works"/>
    <testcase time="0" classname="character(0)" name="ard_effectsize_paired_cohens_d_works"/>
  </testsuite>
  <testsuite name="ard_effectsize_cohens_d" timestamp="2025-03-31T23:39:23Z" hostname="a893b23e7c5a" tests="2" skipped="0" failures="0" errors="0" time="0.003">
    <testcase time="0.00200000000000244" classname="character(0)" name="ard_effectsize_cohens_d_follows_ard_structure"/>
    <testcase time="0.000999999999997669" classname="character(0)" name="ard_effectsize_cohens_d_follows_ard_structure"/>
  </testsuite>
  <testsuite name="ard_effectsize_hedges_g" timestamp="2025-03-31T23:39:24Z" hostname="a893b23e7c5a" tests="4" skipped="0" failures="0" errors="0" time="0.582">
    <testcase time="0.579999999999998" classname="character(0)" name="ard_effectsize_hedges_g_works"/>
    <testcase time="0.00100000000000477" classname="character(0)" name="ard_effectsize_hedges_g_works"/>
    <testcase time="0" classname="character(0)" name="ard_effectsize_hedges_g_works"/>
    <testcase time="0.000999999999997669" classname="character(0)" name="ard_effectsize_hedges_g_works"/>
  </testsuite>
  <testsuite name="ard_effectsize_hedges_g" timestamp="2025-03-31T23:39:24Z" hostname="a893b23e7c5a" tests="3" skipped="0" failures="0" errors="0" time="0.003">
    <testcase time="0.00200000000000244" classname="character(0)" name="ard_effectsize_paired_hedges_g_works"/>
    <testcase time="0" classname="character(0)" name="ard_effectsize_paired_hedges_g_works"/>
    <testcase time="0.000999999999997669" classname="character(0)" name="ard_effectsize_paired_hedges_g_works"/>
  </testsuite>
  <testsuite name="ard_effectsize_hedges_g" timestamp="2025-03-31T23:39:24Z" hostname="a893b23e7c5a" tests="2" skipped="0" failures="0" errors="0" time="0.002">
    <testcase time="0.000999999999997669" classname="character(0)" name="ard_effectsize_cohens_d_follows_ard_structure"/>
    <testcase time="0.00100000000000477" classname="character(0)" name="ard_effectsize_cohens_d_follows_ard_structure"/>
  </testsuite>
  <testsuite name="ard_emmeans_mean_difference" timestamp="2025-03-31T23:39:25Z" hostname="a893b23e7c5a" tests="9" skipped="0" failures="0" errors="0" time="1.172">
    <testcase time="1.168" classname="character(0)" name="ard_emmeans_mean_difference_works"/>
    <testcase time="0" classname="character(0)" name="ard_emmeans_mean_difference_works"/>
    <testcase time="0.000999999999997669" classname="character(0)" name="ard_emmeans_mean_difference_works"/>
    <testcase time="0" classname="character(0)" name="ard_emmeans_mean_difference_works"/>
    <testcase time="0.000999999999997669" classname="character(0)" name="ard_emmeans_mean_difference_works"/>
    <testcase time="0" classname="character(0)" name="ard_emmeans_mean_difference_works"/>
    <testcase time="0.00100000000000477" classname="character(0)" name="ard_emmeans_mean_difference_works"/>
    <testcase time="0" classname="character(0)" name="ard_emmeans_mean_difference_works"/>
    <testcase time="0.000999999999997669" classname="character(0)" name="ard_emmeans_mean_difference_works"/>
  </testsuite>
  <testsuite name="ard_emmeans_mean_difference" timestamp="2025-03-31T23:39:25Z" hostname="a893b23e7c5a" tests="1" skipped="0" failures="0" errors="0" time="0.001">
    <testcase time="0.000999999999997669" classname="character(0)" name="ard_emmeans_mean_difference_follows_ard_structure"/>
  </testsuite>
  <testsuite name="ard_missing.survey.design" timestamp="2025-03-31T23:39:27Z" hostname="a893b23e7c5a" tests="19" skipped="0" failures="0" errors="0" time="2.406">
    <testcase time="2.395" classname="character(0)" name="ard_missing.survey.design_works"/>
    <testcase time="0" classname="character(0)" name="ard_missing.survey.design_works"/>
    <testcase time="0.000999999999997669" classname="character(0)" name="ard_missing.survey.design_works"/>
    <testcase time="0" classname="character(0)" name="ard_missing.survey.design_works"/>
    <testcase time="0.000999999999997669" classname="character(0)" name="ard_missing.survey.design_works"/>
    <testcase time="0" classname="character(0)" name="ard_missing.survey.design_works"/>
    <testcase time="0.00100000000000477" classname="character(0)" name="ard_missing.survey.design_works"/>
    <testcase time="0" classname="character(0)" name="ard_missing.survey.design_works"/>
    <testcase time="0.000999999999997669" classname="character(0)" name="ard_missing.survey.design_works"/>
    <testcase time="0.00300000000000011" classname="character(0)" name="ard_missing.survey.design_works"/>
    <testcase time="0" classname="character(0)" name="ard_missing.survey.design_works"/>
    <testcase time="0.000999999999997669" classname="character(0)" name="ard_missing.survey.design_works"/>
    <testcase time="0" classname="character(0)" name="ard_missing.survey.design_works"/>
    <testcase time="0.00100000000000477" classname="character(0)" name="ard_missing.survey.design_works"/>
    <testcase time="0" classname="character(0)" name="ard_missing.survey.design_works"/>
    <testcase time="0.000999999999997669" classname="character(0)" name="ard_missing.survey.design_works"/>
    <testcase time="0" classname="character(0)" name="ard_missing.survey.design_works"/>
    <testcase time="0.000999999999997669" classname="character(0)" name="ard_missing.survey.design_works"/>
    <testcase time="0" classname="character(0)" name="ard_missing.survey.design_works"/>
  </testsuite>
  <testsuite name="ard_missing.survey.design" timestamp="2025-03-31T23:39:27Z" hostname="a893b23e7c5a" tests="1" skipped="0" failures="0" errors="0" time="0.002">
    <testcase time="0.00200000000000244" classname="character(0)" name="ard_missing.survey.design_follows_ard_structure"/>
  </testsuite>
  <testsuite name="ard_missing.survey.design" timestamp="2025-03-31T23:39:27Z" hostname="a893b23e7c5a" tests="1" skipped="0" failures="0" errors="0" time="0.002">
    <testcase time="0.00200000000000244" classname="character(0)" name="ard_missing.survey.design_works_on_design_columns"/>
  </testsuite>
  <testsuite name="ard_proportion_ci" timestamp="2025-03-31T23:39:29Z" hostname="a893b23e7c5a" tests="6" skipped="0" failures="0" errors="0" time="1.387">
    <testcase time="1.384" classname="character(0)" name="ard_categorical_ci_works"/>
    <testcase time="0.000999999999997669" classname="character(0)" name="ard_categorical_ci_works"/>
    <testcase time="0" classname="character(0)" name="ard_categorical_ci_works"/>
    <testcase time="0.000999999999997669" classname="character(0)" name="ard_categorical_ci_works"/>
    <testcase time="0" classname="character(0)" name="ard_categorical_ci_works"/>
    <testcase time="0.00100000000000477" classname="character(0)" name="ard_categorical_ci_works"/>
  </testsuite>
  <testsuite name="ard_proportion_ci" timestamp="2025-03-31T23:39:29Z" hostname="a893b23e7c5a" tests="4" skipped="0" failures="0" errors="0" time="0.003">
    <testcase time="0.00199999999999534" classname="character(0)" name="ard_categorical_ci_method_strat_wilson_works"/>
    <testcase time="0" classname="character(0)" name="ard_categorical_ci_method_strat_wilson_works"/>
    <testcase time="0.00100000000000477" classname="character(0)" name="ard_categorical_ci_method_strat_wilson_works"/>
    <testcase time="0" classname="character(0)" name="ard_categorical_ci_method_strat_wilson_works"/>
  </testsuite>
  <testsuite name="ard_proportion_ci" timestamp="2025-03-31T23:39:29Z" hostname="a893b23e7c5a" tests="1" skipped="0" failures="0" errors="0" time="0.002">
    <testcase time="0.00199999999999534" classname="character(0)" name="ard_categorical_ci_messaging"/>
  </testsuite>
  <testsuite name="ard_proportion_ci" timestamp="2025-03-31T23:39:29Z" hostname="a893b23e7c5a" tests="1" skipped="0" failures="0" errors="0" time="0.001">
    <testcase time="0.00100000000000477" classname="character(0)" name="ard_proportion_ci_follows_ard_structure"/>
  </testsuite>
  <testsuite name="ard_regression" timestamp="2025-03-31T23:39:32Z" hostname="a893b23e7c5a" tests="4" skipped="0" failures="0" errors="0" time="3.645">
    <testcase time="3.643" classname="character(0)" name="ard_regression_works"/>
    <testcase time="0.000999999999997669" classname="character(0)" name="ard_regression_works"/>
    <testcase time="0" classname="character(0)" name="ard_regression_works"/>
    <testcase time="0.000999999999997669" classname="character(0)" name="ard_regression_works"/>
  </testsuite>
  <testsuite name="ard_regression" timestamp="2025-03-31T23:39:32Z" hostname="a893b23e7c5a" tests="1" skipped="0" failures="0" errors="0" time="0.003">
    <testcase time="0.00300000000000011" classname="character(0)" name="ard_regression_works_specifying_custom_tidier"/>
  </testsuite>
  <testsuite name="ard_regression" timestamp="2025-03-31T23:39:32Z" hostname="a893b23e7c5a" tests="1" skipped="0" failures="0" errors="0" time="0.003">
    <testcase time="0.00300000000000011" classname="character(0)" name="ard_regression_does_not_produce_variable_level_column_where_not_applicable"/>
  </testsuite>
  <testsuite name="ard_regression" timestamp="2025-03-31T23:39:32Z" hostname="a893b23e7c5a" tests="2" skipped="0" failures="0" errors="0" time="0.003">
    <testcase time="0.00300000000000011" classname="character(0)" name="ard_regression_warnings_and_errors_return_correctly"/>
    <testcase time="0" classname="character(0)" name="ard_regression_warnings_and_errors_return_correctly"/>
  </testsuite>
  <testsuite name="ard_regression" timestamp="2025-03-31T23:39:32Z" hostname="a893b23e7c5a" tests="1" skipped="0" failures="0" errors="0" time="0.005">
    <testcase time="0.00500000000000256" classname="character(0)" name="ard_regression_follows_ard_structure"/>
  </testsuite>
  <testsuite name="ard_regression_basic" timestamp="2025-03-31T23:39:34Z" hostname="a893b23e7c5a" tests="3" skipped="0" failures="0" errors="0" time="1.206">
    <testcase time="1.204" classname="character(0)" name="ard_regression_basic_works"/>
    <testcase time="0.000999999999997669" classname="character(0)" name="ard_regression_basic_works"/>
    <testcase time="0.000999999999997669" classname="character(0)" name="ard_regression_basic_works"/>
  </testsuite>
  <testsuite name="ard_regression_basic" timestamp="2025-03-31T23:39:34Z" hostname="a893b23e7c5a" tests="1" skipped="0" failures="0" errors="0" time="0.002">
    <testcase time="0.00200000000000244" classname="character(0)" name="ard_regression_basic_does_not_produce_variable_level_column_where_not_applicable"/>
  </testsuite>
  <testsuite name="ard_regression_basic" timestamp="2025-03-31T23:39:34Z" hostname="a893b23e7c5a" tests="1" skipped="0" failures="0" errors="0" time="0.003">
    <testcase time="0.00300000000000011" classname="character(0)" name="ard_regression_basic_follows_ard_structure"/>
  </testsuite>
  <testsuite name="ard_smd_smd" timestamp="2025-03-31T23:39:34Z" hostname="a893b23e7c5a" tests="3" skipped="0" failures="0" errors="0" time="0.435">
    <testcase time="0.433999999999997" classname="character(0)" name="ard_smd_smd_works"/>
    <testcase time="0.00100000000000477" classname="character(0)" name="ard_smd_smd_works"/>
    <testcase time="0" classname="character(0)" name="ard_smd_smd_works"/>
  </testsuite>
  <testsuite name="ard_smd_smd" timestamp="2025-03-31T23:39:34Z" hostname="a893b23e7c5a" tests="2" skipped="0" failures="0" errors="0" time="0.002">
    <testcase time="0.00199999999999534" classname="character(0)" name="ard_smd_works_with_survey_data"/>
    <testcase time="0" classname="character(0)" name="ard_smd_works_with_survey_data"/>
  </testsuite>
  <testsuite name="ard_smd_smd" timestamp="2025-03-31T23:39:34Z" hostname="a893b23e7c5a" tests="4" skipped="0" failures="0" errors="0" time="0.004">
    <testcase time="0.00200000000000244" classname="character(0)" name="ard_smd_smd_error_messaging"/>
    <testcase time="0.000999999999997669" classname="character(0)" name="ard_smd_smd_error_messaging"/>
    <testcase time="0" classname="character(0)" name="ard_smd_smd_error_messaging"/>
    <testcase time="0.00100000000000477" classname="character(0)" name="ard_smd_smd_error_messaging"/>
  </testsuite>
  <testsuite name="ard_smd_smd" timestamp="2025-03-31T23:39:34Z" hostname="a893b23e7c5a" tests="1" skipped="0" failures="0" errors="0" time="0.002">
    <testcase time="0.00199999999999534" classname="character(0)" name="ard_smd_smd_follows_ard_structure"/>
  </testsuite>
  <testsuite name="ard_stats_anova" timestamp="2025-03-31T23:39:35Z" hostname="a893b23e7c5a" tests="1" skipped="0" failures="0" errors="0" time="1.392">
    <testcase time="1.392" classname="character(0)" name="ard_stats_anova.anova_works"/>
  </testsuite>
  <testsuite name="ard_stats_anova" timestamp="2025-03-31T23:39:35Z" hostname="a893b23e7c5a" tests="7" skipped="0" failures="0" errors="0" time="0.008">
    <testcase time="0.00200000000000244" classname="character(0)" name="ard_stats_anova.data.frame_works"/>
    <testcase time="0.00300000000000011" classname="character(0)" name="ard_stats_anova.data.frame_works"/>
    <testcase time="0.000999999999997669" classname="character(0)" name="ard_stats_anova.data.frame_works"/>
    <testcase time="0" classname="character(0)" name="ard_stats_anova.data.frame_works"/>
    <testcase time="0.000999999999997669" classname="character(0)" name="ard_stats_anova.data.frame_works"/>
    <testcase time="0" classname="character(0)" name="ard_stats_anova.data.frame_works"/>
    <testcase time="0.00100000000000477" classname="character(0)" name="ard_stats_anova.data.frame_works"/>
  </testsuite>
  <testsuite name="ard_stats_anova" timestamp="2025-03-31T23:39:35Z" hostname="a893b23e7c5a" tests="1" skipped="0" failures="0" errors="0" time="0.001">
    <testcase time="0.000999999999997669" classname="character(0)" name="ard_stats_anova.data.frame_error_messaging"/>
  </testsuite>
  <testsuite name="ard_stats_anova" timestamp="2025-03-31T23:39:35Z" hostname="a893b23e7c5a" tests="1" skipped="0" failures="0" errors="0" time="0.002">
    <testcase time="0.00200000000000244" classname="character(0)" name="ard_stats_anova_follows_ard_structure"/>
  </testsuite>
  <testsuite name="ard_stats_aov" timestamp="2025-03-31T23:39:36Z" hostname="a893b23e7c5a" tests="3" skipped="0" failures="0" errors="0" time="0.253">
    <testcase time="0.250999999999998" classname="character(0)" name="ard_aov_works"/>
    <testcase time="0.000999999999997669" classname="character(0)" name="ard_aov_works"/>
    <testcase time="0.00100000000000477" classname="character(0)" name="ard_aov_works"/>
  </testsuite>
  <testsuite name="ard_stats_aov" timestamp="2025-03-31T23:39:36Z" hostname="a893b23e7c5a" tests="1" skipped="0" failures="0" errors="0" time="0.001">
    <testcase time="0.000999999999997669" classname="character(0)" name="ard_stats_aov_follows_ard_structure"/>
  </testsuite>
  <testsuite name="ard_stats_chisq_test" timestamp="2025-03-31T23:39:36Z" hostname="a893b23e7c5a" tests="3" skipped="0" failures="0" errors="0" time="0.241">
    <testcase time="0.240000000000002" classname="character(0)" name="ard_stats_chisq_test_works"/>
    <testcase time="0.000999999999997669" classname="character(0)" name="ard_stats_chisq_test_works"/>
    <testcase time="0" classname="character(0)" name="ard_stats_chisq_test_works"/>
  </testsuite>
  <testsuite name="ard_stats_chisq_test" timestamp="2025-03-31T23:39:36Z" hostname="a893b23e7c5a" tests="1" skipped="0" failures="0" errors="0" time="0.002">
    <testcase time="0.00200000000000244" classname="character(0)" name="ard_stats_chisq_test_follows_ard_structure"/>
  </testsuite>
  <testsuite name="ard_stats_fisher_test" timestamp="2025-03-31T23:39:36Z" hostname="a893b23e7c5a" tests="3" skipped="0" failures="0" errors="0" time="0.253">
    <testcase time="0.251999999999995" classname="character(0)" name="ard_stats_fisher_test_works"/>
    <testcase time="0" classname="character(0)" name="ard_stats_fisher_test_works"/>
    <testcase time="0.00100000000000477" classname="character(0)" name="ard_stats_fisher_test_works"/>
  </testsuite>
  <testsuite name="ard_stats_fisher_test" timestamp="2025-03-31T23:39:36Z" hostname="a893b23e7c5a" tests="1" skipped="0" failures="0" errors="0" time="0.002">
    <testcase time="0.00199999999999534" classname="character(0)" name="ard_stats_fisher_test_follows_ard_structure"/>
  </testsuite>
  <testsuite name="ard_stats_kruskal_test" timestamp="2025-03-31T23:39:37Z" hostname="a893b23e7c5a" tests="4" skipped="0" failures="0" errors="0" time="0.508">
    <testcase time="0.506" classname="character(0)" name="ard_stats_kruskal_test_works"/>
    <testcase time="0.000999999999997669" classname="character(0)" name="ard_stats_kruskal_test_works"/>
    <testcase time="0" classname="character(0)" name="ard_stats_kruskal_test_works"/>
    <testcase time="0.00100000000000477" classname="character(0)" name="ard_stats_kruskal_test_works"/>
  </testsuite>
  <testsuite name="ard_stats_kruskal_test" timestamp="2025-03-31T23:39:37Z" hostname="a893b23e7c5a" tests="1" skipped="0" failures="0" errors="0" time="0.002">
    <testcase time="0.00199999999999534" classname="character(0)" name="ard_stats_kruskal_test_follows_ard_structure"/>
  </testsuite>
  <testsuite name="ard_stats_mcnemar_test" timestamp="2025-03-31T23:39:37Z" hostname="a893b23e7c5a" tests="7" skipped="0" failures="0" errors="0" time="0.448">
    <testcase time="0.442" classname="character(0)" name="ard_stats_mcnemar_test_works"/>
    <testcase time="0.00100000000000477" classname="character(0)" name="ard_stats_mcnemar_test_works"/>
    <testcase time="0.000999999999997669" classname="character(0)" name="ard_stats_mcnemar_test_works"/>
    <testcase time="0.000999999999997669" classname="character(0)" name="ard_stats_mcnemar_test_works"/>
    <testcase time="0.00100000000000477" classname="character(0)" name="ard_stats_mcnemar_test_works"/>
    <testcase time="0.000999999999997669" classname="character(0)" name="ard_stats_mcnemar_test_works"/>
    <testcase time="0.000999999999997669" classname="character(0)" name="ard_stats_mcnemar_test_works"/>
  </testsuite>
  <testsuite name="ard_stats_mcnemar_test" timestamp="2025-03-31T23:39:37Z" hostname="a893b23e7c5a" tests="1" skipped="0" failures="0" errors="0" time="0.003">
    <testcase time="0.00300000000000011" classname="character(0)" name="ard_stats_mcnemar_test_follows_ard_structure"/>
  </testsuite>
  <testsuite name="ard_stats_mood_test" timestamp="2025-03-31T23:39:37Z" hostname="a893b23e7c5a" tests="4" skipped="0" failures="0" errors="0" time="0.333">
    <testcase time="0.331000000000003" classname="character(0)" name="ard_stats_mood_test_works"/>
    <testcase time="0" classname="character(0)" name="ard_stats_mood_test_works"/>
    <testcase time="0.000999999999997669" classname="character(0)" name="ard_stats_mood_test_works"/>
    <testcase time="0.00100000000000477" classname="character(0)" name="ard_stats_mood_test_works"/>
  </testsuite>
  <testsuite name="ard_stats_mood_test" timestamp="2025-03-31T23:39:37Z" hostname="a893b23e7c5a" tests="1" skipped="0" failures="0" errors="0" time="0.003">
    <testcase time="0.00300000000000011" classname="character(0)" name="ard_stats_mood_test_follows_ard_structure"/>
  </testsuite>
  <testsuite name="ard_stats_oneway_test" timestamp="2025-03-31T23:39:38Z" hostname="a893b23e7c5a" tests="3" skipped="0" failures="0" errors="0" time="0.268">
    <testcase time="0.265999999999998" classname="character(0)" name="ard_stats_oneway_test_works"/>
    <testcase time="0.000999999999997669" classname="character(0)" name="ard_stats_oneway_test_works"/>
    <testcase time="0.00100000000000477" classname="character(0)" name="ard_stats_oneway_test_works"/>
  </testsuite>
  <testsuite name="ard_stats_oneway_test" timestamp="2025-03-31T23:39:38Z" hostname="a893b23e7c5a" tests="1" skipped="0" failures="0" errors="0" time="0.003">
    <testcase time="0.00299999999999301" classname="character(0)" name="ard_stats_oneway_test_follows_ard_structure"/>
  </testsuite>
  <testsuite name="ard_stats_poisson_test" timestamp="2025-03-31T23:39:38Z" hostname="a893b23e7c5a" tests="3" skipped="0" failures="0" errors="0" time="0.347">
    <testcase time="0.345000000000006" classname="character(0)" name="ard_stats_poisson_test_works_for_one_sample_tests"/>
    <testcase time="0.000999999999997669" classname="character(0)" name="ard_stats_poisson_test_works_for_one_sample_tests"/>
    <testcase time="0.000999999999997669" classname="character(0)" name="ard_stats_poisson_test_works_for_one_sample_tests"/>
  </testsuite>
  <testsuite name="ard_stats_poisson_test" timestamp="2025-03-31T23:39:38Z" hostname="a893b23e7c5a" tests="2" skipped="0" failures="0" errors="0" time="0.007">
    <testcase time="0.007000000000005" classname="character(0)" name="ard_stats_poisson_test_works_for_two_sample_tests"/>
    <testcase time="0" classname="character(0)" name="ard_stats_poisson_test_works_for_two_sample_tests"/>
  </testsuite>
  <testsuite name="ard_stats_poisson_test" timestamp="2025-03-31T23:39:38Z" hostname="a893b23e7c5a" tests="1" skipped="0" failures="0" errors="0" time="0.003">
    <testcase time="0.00300000000000011" classname="character(0)" name="ard_stats_poisson_test_errors_are_handled_correctly"/>
  </testsuite>
  <testsuite name="ard_stats_poisson_test" timestamp="2025-03-31T23:39:38Z" hostname="a893b23e7c5a" tests="1" skipped="0" failures="0" errors="0" time="0.003">
    <testcase time="0.00300000000000011" classname="character(0)" name="ard_stats_poisson_test_follows_ard_structure"/>
  </testsuite>
  <testsuite name="ard_stats_prop_test" timestamp="2025-03-31T23:39:39Z" hostname="a893b23e7c5a" tests="3" skipped="0" failures="0" errors="0" time="0.528">
    <testcase time="0.526999999999994" classname="character(0)" name="ard_stats_prop_test_works"/>
    <testcase time="0" classname="character(0)" name="ard_stats_prop_test_works"/>
    <testcase time="0.00100000000000477" classname="character(0)" name="ard_stats_prop_test_works"/>
  </testsuite>
  <testsuite name="ard_stats_prop_test" timestamp="2025-03-31T23:39:39Z" hostname="a893b23e7c5a" tests="8" skipped="0" failures="0" errors="0" time="0.01">
    <testcase time="0.00399999999999778" classname="character(0)" name="ard_stats_prop_test_error_messaging"/>
    <testcase time="0" classname="character(0)" name="ard_stats_prop_test_error_messaging"/>
    <testcase time="0.000999999999997669" classname="character(0)" name="ard_stats_prop_test_error_messaging"/>
    <testcase time="0.00100000000000477" classname="character(0)" name="ard_stats_prop_test_error_messaging"/>
    <testcase time="0.000999999999997669" classname="character(0)" name="ard_stats_prop_test_error_messaging"/>
    <testcase time="0.000999999999997669" classname="character(0)" name="ard_stats_prop_test_error_messaging"/>
    <testcase time="0.00100000000000477" classname="character(0)" name="ard_stats_prop_test_error_messaging"/>
    <testcase time="0.000999999999997669" classname="character(0)" name="ard_stats_prop_test_error_messaging"/>
  </testsuite>
  <testsuite name="ard_stats_prop_test" timestamp="2025-03-31T23:39:39Z" hostname="a893b23e7c5a" tests="1" skipped="0" failures="0" errors="0" time="0.002">
    <testcase time="0.00200000000000244" classname="character(0)" name="ard_stats_prop_test_follows_ard_structure"/>
  </testsuite>
  <testsuite name="ard_stats_t_test" timestamp="2025-03-31T23:39:39Z" hostname="a893b23e7c5a" tests="6" skipped="0" failures="0" errors="0" time="0.516">
    <testcase time="0.510999999999996" classname="character(0)" name="ard_stats_t_test_works"/>
    <testcase time="0.00100000000000477" classname="character(0)" name="ard_stats_t_test_works"/>
    <testcase time="0.000999999999997669" classname="character(0)" name="ard_stats_t_test_works"/>
    <testcase time="0.000999999999997669" classname="character(0)" name="ard_stats_t_test_works"/>
    <testcase time="0.00100000000000477" classname="character(0)" name="ard_stats_t_test_works"/>
    <testcase time="0.000999999999997669" classname="character(0)" name="ard_stats_t_test_works"/>
  </testsuite>
  <testsuite name="ard_stats_t_test" timestamp="2025-03-31T23:39:39Z" hostname="a893b23e7c5a" tests="3" skipped="0" failures="0" errors="0" time="0.005">
    <testcase time="0.00300000000000011" classname="character(0)" name="ard_stats_paired_t_test_works"/>
    <testcase time="0.000999999999997669" classname="character(0)" name="ard_stats_paired_t_test_works"/>
    <testcase time="0.00100000000000477" classname="character(0)" name="ard_stats_paired_t_test_works"/>
  </testsuite>
  <testsuite name="ard_stats_t_test" timestamp="2025-03-31T23:39:39Z" hostname="a893b23e7c5a" tests="1" skipped="0" failures="0" errors="0" time="0.003">
    <testcase time="0.00300000000000011" classname="character(0)" name="ard_stats_t_test_follows_ard_structure"/>
  </testsuite>
  <testsuite name="ard_stats_t_test_onesample" timestamp="2025-03-31T23:39:40Z" hostname="a893b23e7c5a" tests="5" skipped="0" failures="0" errors="0" time="0.4">
    <testcase time="0.395999999999994" classname="character(0)" name="ard_stats_t_test_onesample_works"/>
    <testcase time="0.00100000000000477" classname="character(0)" name="ard_stats_t_test_onesample_works"/>
    <testcase time="0.000999999999997669" classname="character(0)" name="ard_stats_t_test_onesample_works"/>
    <testcase time="0.000999999999997669" classname="character(0)" name="ard_stats_t_test_onesample_works"/>
    <testcase time="0.00100000000000477" classname="character(0)" name="ard_stats_t_test_onesample_works"/>
  </testsuite>
  <testsuite name="ard_stats_t_test_onesample" timestamp="2025-03-31T23:39:40Z" hostname="a893b23e7c5a" tests="1" skipped="0" failures="0" errors="0" time="0.003">
    <testcase time="0.00300000000000011" classname="character(0)" name="ard_stats_t_test_onesample_follows_ard_structure"/>
  </testsuite>
  <testsuite name="ard_stats_wilcox_test" timestamp="2025-03-31T23:39:40Z" hostname="a893b23e7c5a" tests="6" skipped="0" failures="0" errors="0" time="0.635">
    <testcase time="0.632999999999996" classname="character(0)" name="ard_stats_wilcox_test_works"/>
    <testcase time="0.00100000000000477" classname="character(0)" name="ard_stats_wilcox_test_works"/>
    <testcase time="0" classname="character(0)" name="ard_stats_wilcox_test_works"/>
    <testcase time="0" classname="character(0)" name="ard_stats_wilcox_test_works"/>
    <testcase time="0.000999999999997669" classname="character(0)" name="ard_stats_wilcox_test_works"/>
    <testcase time="0" classname="character(0)" name="ard_stats_wilcox_test_works"/>
  </testsuite>
  <testsuite name="ard_stats_wilcox_test" timestamp="2025-03-31T23:39:40Z" hostname="a893b23e7c5a" tests="3" skipped="0" failures="0" errors="0" time="0.003">
    <testcase time="0.00200000000000244" classname="character(0)" name="ard_stats_paired_wilcox_test_works"/>
    <testcase time="0.000999999999997669" classname="character(0)" name="ard_stats_paired_wilcox_test_works"/>
    <testcase time="0" classname="character(0)" name="ard_stats_paired_wilcox_test_works"/>
  </testsuite>
  <testsuite name="ard_stats_wilcox_test" timestamp="2025-03-31T23:39:40Z" hostname="a893b23e7c5a" tests="1" skipped="0" failures="0" errors="0" time="0.002">
    <testcase time="0.00200000000000244" classname="character(0)" name="ard_stats_wilcox_test_follows_ard_structure"/>
  </testsuite>
  <testsuite name="ard_stats_wilcox_test_onesample" timestamp="2025-03-31T23:39:41Z" hostname="a893b23e7c5a" tests="5" skipped="0" failures="0" errors="0" time="0.49">
    <testcase time="0.485999999999997" classname="character(0)" name="ard_stats_wilcox_test_onesample_works"/>
    <testcase time="0.00100000000000477" classname="character(0)" name="ard_stats_wilcox_test_onesample_works"/>
    <testcase time="0.000999999999997669" classname="character(0)" name="ard_stats_wilcox_test_onesample_works"/>
    <testcase time="0.000999999999997669" classname="character(0)" name="ard_stats_wilcox_test_onesample_works"/>
    <testcase time="0.00100000000000477" classname="character(0)" name="ard_stats_wilcox_test_onesample_works"/>
  </testsuite>
  <testsuite name="ard_stats_wilcox_test_onesample" timestamp="2025-03-31T23:39:41Z" hostname="a893b23e7c5a" tests="1" skipped="0" failures="0" errors="0" time="0.003">
    <testcase time="0.00300000000000011" classname="character(0)" name="ard_stats_wilcox_test_onesample_follows_ard_structure"/>
  </testsuite>
  <testsuite name="ard_survey_svychisq" timestamp="2025-03-31T23:39:41Z" hostname="a893b23e7c5a" tests="5" skipped="0" failures="0" errors="0" time="0.566">
    <testcase time="0.562999999999995" classname="character(0)" name="ard_survey_svychisq_works"/>
    <testcase time="0" classname="character(0)" name="ard_survey_svychisq_works"/>
    <testcase time="0.00100000000000477" classname="character(0)" name="ard_survey_svychisq_works"/>
    <testcase time="0.000999999999997669" classname="character(0)" name="ard_survey_svychisq_works"/>
    <testcase time="0.000999999999997669" classname="character(0)" name="ard_survey_svychisq_works"/>
  </testsuite>
  <testsuite name="ard_survey_svychisq" timestamp="2025-03-31T23:39:41Z" hostname="a893b23e7c5a" tests="1" skipped="0" failures="0" errors="0" time="0.007">
    <testcase time="0.007000000000005" classname="character(0)" name="ard_survey_svychisq_follows_ard_structure"/>
  </testsuite>
  <testsuite name="ard_survey_svyranktest" timestamp="2025-03-31T23:39:42Z" hostname="a893b23e7c5a" tests="4" skipped="0" failures="0" errors="0" time="0.602">
    <testcase time="0.599999999999994" classname="character(0)" name="ard_survey_svyranktest_works"/>
    <testcase time="0.00100000000000477" classname="character(0)" name="ard_survey_svyranktest_works"/>
    <testcase time="0.000999999999997669" classname="character(0)" name="ard_survey_svyranktest_works"/>
    <testcase time="0" classname="character(0)" name="ard_survey_svyranktest_works"/>
  </testsuite>
  <testsuite name="ard_survey_svyranktest" timestamp="2025-03-31T23:39:42Z" hostname="a893b23e7c5a" tests="1" skipped="0" failures="0" errors="0" time="0.002">
    <testcase time="0.00200000000000244" classname="character(0)" name="exact_values_match_for_ard_svyranktest_works"/>
  </testsuite>
  <testsuite name="ard_survey_svyranktest" timestamp="2025-03-31T23:39:42Z" hostname="a893b23e7c5a" tests="1" skipped="0" failures="0" errors="0" time="0.002">
    <testcase time="0.00199999999999534" classname="character(0)" name="ard_survey_svyranktest_follows_ard_structure"/>
  </testsuite>
  <testsuite name="ard_survey_svyttest" timestamp="2025-03-31T23:39:42Z" hostname="a893b23e7c5a" tests="4" skipped="0" failures="0" errors="0" time="0.478">
    <testcase time="0.475000000000001" classname="character(0)" name="ard_survey_svyttest_works"/>
    <testcase time="0.00100000000000477" classname="character(0)" name="ard_survey_svyttest_works"/>
    <testcase time="0.000999999999997669" classname="character(0)" name="ard_survey_svyttest_works"/>
    <testcase time="0.000999999999997669" classname="character(0)" name="ard_survey_svyttest_works"/>
  </testsuite>
  <testsuite name="ard_survey_svyttest" timestamp="2025-03-31T23:39:42Z" hostname="a893b23e7c5a" tests="2" skipped="0" failures="0" errors="0" time="0.004">
    <testcase time="0.00300000000000011" classname="character(0)" name="ard_survey_svyttest_messaging"/>
    <testcase time="0.00100000000000477" classname="character(0)" name="ard_survey_svyttest_messaging"/>
  </testsuite>
  <testsuite name="ard_survey_svyttest" timestamp="2025-03-31T23:39:42Z" hostname="a893b23e7c5a" tests="1" skipped="0" failures="0" errors="0" time="0.003">
    <testcase time="0.00300000000000011" classname="character(0)" name="ard_survey_svyttest_follows_ard_structure"/>
  </testsuite>
  <testsuite name="ard_survival_survdiff" timestamp="2025-03-31T23:39:43Z" hostname="a893b23e7c5a" tests="6" skipped="0" failures="0" errors="0" time="0.279">
    <testcase time="0.275999999999996" classname="character(0)" name="ard_survival_survdiff_works"/>
    <testcase time="0.000999999999997669" classname="character(0)" name="ard_survival_survdiff_works"/>
    <testcase time="0" classname="character(0)" name="ard_survival_survdiff_works"/>
    <testcase time="0.00100000000000477" classname="character(0)" name="ard_survival_survdiff_works"/>
    <testcase time="0" classname="character(0)" name="ard_survival_survdiff_works"/>
    <testcase time="0.000999999999997669" classname="character(0)" name="ard_survival_survdiff_works"/>
  </testsuite>
  <testsuite name="ard_survival_survdiff" timestamp="2025-03-31T23:39:43Z" hostname="a893b23e7c5a" tests="4" skipped="0" failures="0" errors="0" time="0.005">
    <testcase time="0.00399999999999778" classname="character(0)" name="ard_survival_survdiff_error_messaging"/>
    <testcase time="0" classname="character(0)" name="ard_survival_survdiff_error_messaging"/>
    <testcase time="0.000999999999997669" classname="character(0)" name="ard_survival_survdiff_error_messaging"/>
    <testcase time="0" classname="character(0)" name="ard_survival_survdiff_error_messaging"/>
  </testsuite>
  <testsuite name="ard_survival_survdiff" timestamp="2025-03-31T23:39:43Z" hostname="a893b23e7c5a" tests="1" skipped="0" failures="0" errors="0" time="0.002">
    <testcase time="0.00200000000000244" classname="character(0)" name="ard_survival_survdiff_follows_ard_structure"/>
  </testsuite>
  <testsuite name="ard_survival_survfit" timestamp="2025-03-31T23:39:46Z" hostname="a893b23e7c5a" tests="1" skipped="0" failures="0" errors="0" time="3.138">
    <testcase time="3.138" classname="character(0)" name="ard_survival_survfit_works_with_times_provided"/>
  </testsuite>
  <testsuite name="ard_survival_survfit" timestamp="2025-03-31T23:39:46Z" hostname="a893b23e7c5a" tests="1" skipped="0" failures="0" errors="0" time="0.002">
    <testcase time="0.00200000000000244" classname="character(0)" name="ard_survival_survfit_works_with_different_type"/>
  </testsuite>
  <testsuite name="ard_survival_survfit" timestamp="2025-03-31T23:39:46Z" hostname="a893b23e7c5a" tests="1" skipped="0" failures="0" errors="0" time="0.002">
    <testcase time="0.00199999999999534" classname="character(0)" name="ard_survival_survfit_works_with_probs_provided"/>
  </testsuite>
  <testsuite name="ard_survival_survfit" timestamp="2025-03-31T23:39:46Z" hostname="a893b23e7c5a" tests="2" skipped="0" failures="0" errors="0" time="0.003">
    <testcase time="0.00200000000000244" classname="character(0)" name="ard_survival_survfit_works_with_unstratified_model"/>
    <testcase time="0.000999999999997669" classname="character(0)" name="ard_survival_survfit_works_with_unstratified_model"/>
  </testsuite>
  <testsuite name="ard_survival_survfit" timestamp="2025-03-31T23:39:46Z" hostname="a893b23e7c5a" tests="2" skipped="0" failures="0" errors="0" time="0.001">
    <testcase time="0.00100000000000477" classname="character(0)" name="ard_survival_survfit_works_with_multiple_stratification_variables"/>
    <testcase time="0" classname="character(0)" name="ard_survival_survfit_works_with_multiple_stratification_variables"/>
  </testsuite>
  <testsuite name="ard_survival_survfit" timestamp="2025-03-31T23:39:46Z" hostname="a893b23e7c5a" tests="2" skipped="0" failures="0" errors="0" time="0.002">
    <testcase time="0.00200000000000244" classname="character(0)" name="ard_survival_survfit_works_with_competing_risks"/>
    <testcase time="0" classname="character(0)" name="ard_survival_survfit_works_with_competing_risks"/>
  </testsuite>
  <testsuite name="ard_survival_survfit" timestamp="2025-03-31T23:39:46Z" hostname="a893b23e7c5a" tests="8" skipped="0" failures="0" errors="0" time="0.008">
    <testcase time="0.00199999999999534" classname="character(0)" name="ard_survival_survfit_errors_are_properly_handled"/>
    <testcase time="0.00100000000000477" classname="character(0)" name="ard_survival_survfit_errors_are_properly_handled"/>
    <testcase time="0" classname="character(0)" name="ard_survival_survfit_errors_are_properly_handled"/>
    <testcase time="0.000999999999997669" classname="character(0)" name="ard_survival_survfit_errors_are_properly_handled"/>
    <testcase time="0" classname="character(0)" name="ard_survival_survfit_errors_are_properly_handled"/>
    <testcase time="0.000999999999997669" classname="character(0)" name="ard_survival_survfit_errors_are_properly_handled"/>
    <testcase time="0" classname="character(0)" name="ard_survival_survfit_errors_are_properly_handled"/>
    <testcase time="0.00300000000000011" classname="character(0)" name="ard_survival_survfit_errors_are_properly_handled"/>
  </testsuite>
  <testsuite name="ard_survival_survfit" timestamp="2025-03-31T23:39:46Z" hostname="a893b23e7c5a" tests="1" skipped="0" failures="0" errors="0" time="0.002">
    <testcase time="0.00200000000000244" classname="character(0)" name="ard_survival_survfit_works_with_non_syntactic_names"/>
  </testsuite>
  <testsuite name="ard_survival_survfit" timestamp="2025-03-31T23:39:46Z" hostname="a893b23e7c5a" tests="1" skipped="0" failures="0" errors="0" time="0.002">
    <testcase time="0.00199999999999534" classname="character(0)" name="ard_survival_survfit_errors_with_stratified_Cox_model"/>
  </testsuite>
  <testsuite name="ard_survival_survfit" timestamp="2025-03-31T23:39:46Z" hostname="a893b23e7c5a" tests="1" skipped="0" failures="0" errors="0" time="0.002">
    <testcase time="0.00200000000000244" classname="character(0)" name="ard_survival_survfit_works_with_in_strata_variable_level_labels"/>
  </testsuite>
  <testsuite name="ard_survival_survfit" timestamp="2025-03-31T23:39:46Z" hostname="a893b23e7c5a" tests="1" skipped="0" failures="0" errors="0" time="0.002">
    <testcase time="0.00200000000000244" classname="character(0)" name="ard_survival_survfit_follows_ard_structure"/>
  </testsuite>
  <testsuite name="ard_survival_survfit" timestamp="2025-03-31T23:39:46Z" hostname="a893b23e7c5a" tests="1" skipped="0" failures="0" errors="0" time="0.002">
    <testcase time="0.00199999999999534" classname="character(0)" name="ard_survival_survfit_extends_to_times_outside_range"/>
  </testsuite>
  <testsuite name="ard_survival_survfit" timestamp="2025-03-31T23:39:46Z" hostname="a893b23e7c5a" tests="3" skipped="0" failures="0" errors="0" time="0.002">
    <testcase time="0.00100000000000477" classname="character(0)" name="ard_survival_survfit.data.frame_works_as_expected"/>
    <testcase time="0.000999999999997669" classname="character(0)" name="ard_survival_survfit.data.frame_works_as_expected"/>
    <testcase time="0" classname="character(0)" name="ard_survival_survfit.data.frame_works_as_expected"/>
  </testsuite>
  <testsuite name="ard_survival_survfit" timestamp="2025-03-31T23:39:46Z" hostname="a893b23e7c5a" tests="1" skipped="0" failures="0" errors="0" time="0.002">
    <testcase time="0.00200000000000244" classname="character(0)" name="ard_survival_survfit.data.frame_variables_NULL_for_unstratified_model"/>
  </testsuite>
  <testsuite name="ard_survival_survfit_diff" timestamp="2025-03-31T23:39:46Z" hostname="a893b23e7c5a" tests="4" skipped="0" failures="0" errors="0" time="0.624">
    <testcase time="0.622999999999998" classname="character(0)" name="ard_survival_survfit_diff_works"/>
    <testcase time="0" classname="character(0)" name="ard_survival_survfit_diff_works"/>
    <testcase time="0.000999999999997669" classname="character(0)" name="ard_survival_survfit_diff_works"/>
    <testcase time="0" classname="character(0)" name="ard_survival_survfit_diff_works"/>
  </testsuite>
  <testsuite name="ard_survival_survfit_diff" timestamp="2025-03-31T23:39:46Z" hostname="a893b23e7c5a" tests="3" skipped="0" failures="0" errors="0" time="0.003">
    <testcase time="0.00200000000000244" classname="character(0)" name="ard_survival_survfit_diff_messaging"/>
    <testcase time="0.000999999999997669" classname="character(0)" name="ard_survival_survfit_diff_messaging"/>
    <testcase time="0" classname="character(0)" name="ard_survival_survfit_diff_messaging"/>
  </testsuite>
  <testsuite name="ard_survival_survfit_diff" timestamp="2025-03-31T23:39:46Z" hostname="a893b23e7c5a" tests="1" skipped="0" failures="0" errors="0" time="0.002">
    <testcase time="0.00200000000000244" classname="character(0)" name="ard_survival_survfit_diff_follows_ard_structure"/>
  </testsuite>
  <testsuite name="ard_total_n.survey.design" timestamp="2025-03-31T23:39:47Z" hostname="a893b23e7c5a" tests="1" skipped="0" failures="0" errors="0" time="0.427">
    <testcase time="0.427" classname="character(0)" name="ard_total_n.survey.design_works"/>
  </testsuite>
  <testsuite name="ard_total_n.survey.design" timestamp="2025-03-31T23:39:47Z" hostname="a893b23e7c5a" tests="1" skipped="0" failures="0" errors="0" time="0.002">
    <testcase time="0.00200000000000244" classname="character(0)" name="ard_total_n.survey.design_follows_ard_structure"/>
  </testsuite>
  <testsuite name="construction_helpers" timestamp="2025-03-31T23:39:49Z" hostname="a893b23e7c5a" tests="10" skipped="0" failures="0" errors="0" time="2.168">
    <testcase time="2.162" classname="character(0)" name="construct_model_works"/>
    <testcase time="0" classname="character(0)" name="construct_model_works"/>
    <testcase time="0" classname="character(0)" name="construct_model_works"/>
    <testcase time="0.00100000000000477" classname="character(0)" name="construct_model_works"/>
    <testcase time="0.000999999999997669" classname="character(0)" name="construct_model_works"/>
    <testcase time="0.000999999999997669" classname="character(0)" name="construct_model_works"/>
    <testcase time="0.00100000000000477" classname="character(0)" name="construct_model_works"/>
    <testcase time="0.000999999999997669" classname="character(0)" name="construct_model_works"/>
    <testcase time="0.000999999999997669" classname="character(0)" name="construct_model_works"/>
    <testcase time="0" classname="character(0)" name="construct_model_works"/>
  </testsuite>
  <testsuite name="construction_helpers" timestamp="2025-03-31T23:39:49Z" hostname="a893b23e7c5a" tests="6" skipped="0" failures="0" errors="0" time="0.005">
    <testcase time="0.00200000000000244" classname="character(0)" name="construct_model_messaging"/>
    <testcase time="0.000999999999997669" classname="character(0)" name="construct_model_messaging"/>
    <testcase time="0" classname="character(0)" name="construct_model_messaging"/>
    <testcase time="0.00100000000000477" classname="character(0)" name="construct_model_messaging"/>
    <testcase time="0" classname="character(0)" name="construct_model_messaging"/>
    <testcase time="0.000999999999997669" classname="character(0)" name="construct_model_messaging"/>
  </testsuite>
  <testsuite name="proportion_ci" timestamp="2025-03-31T23:39:51Z" hostname="a893b23e7c5a" tests="34" skipped="0" failures="0" errors="0" time="1.66">
    <testcase time="1.632" classname="character(0)" name="check_the_proportion_ci__functions_work"/>
    <testcase time="0.000999999999997669" classname="character(0)" name="check_the_proportion_ci__functions_work"/>
    <testcase time="0.00100000000000477" classname="character(0)" name="check_the_proportion_ci__functions_work"/>
    <testcase time="0.000999999999997669" classname="character(0)" name="check_the_proportion_ci__functions_work"/>
    <testcase time="0.000999999999997669" classname="character(0)" name="check_the_proportion_ci__functions_work"/>
    <testcase time="0.00100000000000477" classname="character(0)" name="check_the_proportion_ci__functions_work"/>
    <testcase time="0.000999999999997669" classname="character(0)" name="check_the_proportion_ci__functions_work"/>
    <testcase time="0" classname="character(0)" name="check_the_proportion_ci__functions_work"/>
    <testcase time="0.000999999999997669" classname="character(0)" name="check_the_proportion_ci__functions_work"/>
    <testcase time="0.00100000000000477" classname="character(0)" name="check_the_proportion_ci__functions_work"/>
    <testcase time="0.000999999999997669" classname="character(0)" name="check_the_proportion_ci__functions_work"/>
    <testcase time="0.000999999999997669" classname="character(0)" name="check_the_proportion_ci__functions_work"/>
    <testcase time="0.00500000000000256" classname="character(0)" name="check_the_proportion_ci__functions_work"/>
    <testcase time="0.000999999999997669" classname="character(0)" name="check_the_proportion_ci__functions_work"/>
    <testcase time="0.00100000000000477" classname="character(0)" name="check_the_proportion_ci__functions_work"/>
    <testcase time="0.000999999999997669" classname="character(0)" name="check_the_proportion_ci__functions_work"/>
    <testcase time="0" classname="character(0)" name="check_the_proportion_ci__functions_work"/>
    <testcase time="0.000999999999997669" classname="character(0)" name="check_the_proportion_ci__functions_work"/>
    <testcase time="0" classname="character(0)" name="check_the_proportion_ci__functions_work"/>
    <testcase time="0.00100000000000477" classname="character(0)" name="check_the_proportion_ci__functions_work"/>
    <testcase time="0" classname="character(0)" name="check_the_proportion_ci__functions_work"/>
    <testcase time="0.000999999999997669" classname="character(0)" name="check_the_proportion_ci__functions_work"/>
    <testcase time="0" classname="character(0)" name="check_the_proportion_ci__functions_work"/>
    <testcase time="0.000999999999997669" classname="character(0)" name="check_the_proportion_ci__functions_work"/>
    <testcase time="0.00100000000000477" classname="character(0)" name="check_the_proportion_ci__functions_work"/>
    <testcase time="0" classname="character(0)" name="check_the_proportion_ci__functions_work"/>
    <testcase time="0.000999999999997669" classname="character(0)" name="check_the_proportion_ci__functions_work"/>
    <testcase time="0" classname="character(0)" name="check_the_proportion_ci__functions_work"/>
    <testcase time="0.000999999999997669" classname="character(0)" name="check_the_proportion_ci__functions_work"/>
    <testcase time="0" classname="character(0)" name="check_the_proportion_ci__functions_work"/>
    <testcase time="0.00100000000000477" classname="character(0)" name="check_the_proportion_ci__functions_work"/>
    <testcase time="0.000999999999997669" classname="character(0)" name="check_the_proportion_ci__functions_work"/>
    <testcase time="0" classname="character(0)" name="check_the_proportion_ci__functions_work"/>
    <testcase time="0.000999999999997669" classname="character(0)" name="check_the_proportion_ci__functions_work"/>
  </testsuite>
  <testsuite name="proportion_ci" timestamp="2025-03-31T23:39:51Z" hostname="a893b23e7c5a" tests="10" skipped="0" failures="0" errors="0" time="0.006">
    <testcase time="0.00200000000000244" classname="character(0)" name="check_the_proportion_ci_strat_wilson_function_works"/>
    <testcase time="0" classname="character(0)" name="check_the_proportion_ci_strat_wilson_function_works"/>
    <testcase time="0.000999999999997669" classname="character(0)" name="check_the_proportion_ci_strat_wilson_function_works"/>
    <testcase time="0" classname="character(0)" name="check_the_proportion_ci_strat_wilson_function_works"/>
    <testcase time="0.00100000000000477" classname="character(0)" name="check_the_proportion_ci_strat_wilson_function_works"/>
    <testcase time="0" classname="character(0)" name="check_the_proportion_ci_strat_wilson_function_works"/>
    <testcase time="0.000999999999997669" classname="character(0)" name="check_the_proportion_ci_strat_wilson_function_works"/>
    <testcase time="0" classname="character(0)" name="check_the_proportion_ci_strat_wilson_function_works"/>
    <testcase time="0.000999999999997669" classname="character(0)" name="check_the_proportion_ci_strat_wilson_function_works"/>
    <testcase time="0" classname="character(0)" name="check_the_proportion_ci_strat_wilson_function_works"/>
  </testsuite>
  <testsuite name="ard_continuous.survey.design" timestamp="2025-03-31T23:40:03Z" hostname="a893b23e7c5a" tests="12" skipped="0" failures="0" errors="0" time="12.752">
    <testcase time="12.746" classname="character(0)" name="unstratified_ard_continuous.survey.design_works"/>
    <testcase time="0.00100000000000477" classname="character(0)" name="unstratified_ard_continuous.survey.design_works"/>
    <testcase time="0" classname="character(0)" name="unstratified_ard_continuous.survey.design_works"/>
    <testcase time="0.000999999999990564" classname="character(0)" name="unstratified_ard_continuous.survey.design_works"/>
    <testcase time="0" classname="character(0)" name="unstratified_ard_continuous.survey.design_works"/>
    <testcase time="0.00100000000000477" classname="character(0)" name="unstratified_ard_continuous.survey.design_works"/>
    <testcase time="0" classname="character(0)" name="unstratified_ard_continuous.survey.design_works"/>
    <testcase time="0.00100000000000477" classname="character(0)" name="unstratified_ard_continuous.survey.design_works"/>
    <testcase time="0" classname="character(0)" name="unstratified_ard_continuous.survey.design_works"/>
    <testcase time="0.000999999999990564" classname="character(0)" name="unstratified_ard_continuous.survey.design_works"/>
    <testcase time="0" classname="character(0)" name="unstratified_ard_continuous.survey.design_works"/>
    <testcase time="0.00100000000000477" classname="character(0)" name="unstratified_ard_continuous.survey.design_works"/>
  </testsuite>
  <testsuite name="ard_continuous.survey.design" timestamp="2025-03-31T23:40:03Z" hostname="a893b23e7c5a" tests="11" skipped="0" failures="0" errors="0" time="0.006">
    <testcase time="0.00100000000000477" classname="character(0)" name="stratified_ard_continuous.survey.design_works"/>
    <testcase time="0.000999999999990564" classname="character(0)" name="stratified_ard_continuous.survey.design_works"/>
    <testcase time="0" classname="character(0)" name="stratified_ard_continuous.survey.design_works"/>
    <testcase time="0.00100000000000477" classname="character(0)" name="stratified_ard_continuous.survey.design_works"/>
    <testcase time="0" classname="character(0)" name="stratified_ard_continuous.survey.design_works"/>
    <testcase time="0.00100000000000477" classname="character(0)" name="stratified_ard_continuous.survey.design_works"/>
    <testcase time="0" classname="character(0)" name="stratified_ard_continuous.survey.design_works"/>
    <testcase time="0.000999999999990564" classname="character(0)" name="stratified_ard_continuous.survey.design_works"/>
    <testcase time="0" classname="character(0)" name="stratified_ard_continuous.survey.design_works"/>
    <testcase time="0.00100000000000477" classname="character(0)" name="stratified_ard_continuous.survey.design_works"/>
    <testcase time="0" classname="character(0)" name="stratified_ard_continuous.survey.design_works"/>
  </testsuite>
  <testsuite name="ard_continuous.survey.design" timestamp="2025-03-31T23:40:03Z" hostname="a893b23e7c5a" tests="4" skipped="0" failures="0" errors="0" time="0.003">
    <testcase time="0.00199999999999534" classname="character(0)" name="ard_continuous.survey.design_NA_handling"/>
    <testcase time="0.00100000000000477" classname="character(0)" name="ard_continuous.survey.design_NA_handling"/>
    <testcase time="0" classname="character(0)" name="ard_continuous.survey.design_NA_handling"/>
    <testcase time="0" classname="character(0)" name="ard_continuous.survey.design_NA_handling"/>
  </testsuite>
  <testsuite name="ard_continuous.survey.design" timestamp="2025-03-31T23:40:03Z" hostname="a893b23e7c5a" tests="2" skipped="0" failures="0" errors="0" time="0.003">
    <testcase time="0.00199999999999534" classname="character(0)" name="ard_continuous.survey.design_error_handling"/>
    <testcase time="0.00100000000000477" classname="character(0)" name="ard_continuous.survey.design_error_handling"/>
  </testsuite>
  <testsuite name="ard_continuous.survey.design" timestamp="2025-03-31T23:40:03Z" hostname="a893b23e7c5a" tests="1" skipped="0" failures="0" errors="0" time="0.002">
    <testcase time="0.00199999999999534" classname="character(0)" name="ard_continuous.survey.design_fmt_fn_"/>
  </testsuite>
  <testsuite name="ard_continuous.survey.design" timestamp="2025-03-31T23:40:03Z" hostname="a893b23e7c5a" tests="1" skipped="0" failures="0" errors="0" time="0.002">
    <testcase time="0.00200000000000955" classname="character(0)" name="ard_continuous.survey.design_stat_label_"/>
  </testsuite>
  <testsuite name="ard_continuous.survey.design" timestamp="2025-03-31T23:40:03Z" hostname="a893b23e7c5a" tests="2" skipped="0" failures="0" errors="0" time="0.005">
    <testcase time="0.00399999999999068" classname="character(0)" name="ard_continuous.survey.design_by_unobserved_levels_combinations"/>
    <testcase time="0.00100000000000477" classname="character(0)" name="ard_continuous.survey.design_by_unobserved_levels_combinations"/>
  </testsuite>
  <testsuite name="ard_continuous.survey.design" timestamp="2025-03-31T23:40:03Z" hostname="a893b23e7c5a" tests="19" skipped="0" failures="0" errors="0" time="0.01">
    <testcase time="0.00199999999999534" classname="character(0)" name="ard_continuous.survey.design_works_when_using_generic_names_"/>
    <testcase time="0" classname="character(0)" name="ard_continuous.survey.design_works_when_using_generic_names_"/>
    <testcase time="0.00100000000000477" classname="character(0)" name="ard_continuous.survey.design_works_when_using_generic_names_"/>
    <testcase time="0" classname="character(0)" name="ard_continuous.survey.design_works_when_using_generic_names_"/>
    <testcase time="0.00100000000000477" classname="character(0)" name="ard_continuous.survey.design_works_when_using_generic_names_"/>
    <testcase time="0" classname="character(0)" name="ard_continuous.survey.design_works_when_using_generic_names_"/>
    <testcase time="0" classname="character(0)" name="ard_continuous.survey.design_works_when_using_generic_names_"/>
    <testcase time="0.000999999999990564" classname="character(0)" name="ard_continuous.survey.design_works_when_using_generic_names_"/>
    <testcase time="0" classname="character(0)" name="ard_continuous.survey.design_works_when_using_generic_names_"/>
    <testcase time="0.00100000000000477" classname="character(0)" name="ard_continuous.survey.design_works_when_using_generic_names_"/>
    <testcase time="0" classname="character(0)" name="ard_continuous.survey.design_works_when_using_generic_names_"/>
    <testcase time="0" classname="character(0)" name="ard_continuous.survey.design_works_when_using_generic_names_"/>
    <testcase time="0" classname="character(0)" name="ard_continuous.survey.design_works_when_using_generic_names_"/>
    <testcase time="0.000999999999990564" classname="character(0)" name="ard_continuous.survey.design_works_when_using_generic_names_"/>
    <testcase time="0.00100000000000477" classname="character(0)" name="ard_continuous.survey.design_works_when_using_generic_names_"/>
    <testcase time="0" classname="character(0)" name="ard_continuous.survey.design_works_when_using_generic_names_"/>
    <testcase time="0.00100000000000477" classname="character(0)" name="ard_continuous.survey.design_works_when_using_generic_names_"/>
    <testcase time="0" classname="character(0)" name="ard_continuous.survey.design_works_when_using_generic_names_"/>
    <testcase time="0.000999999999990564" classname="character(0)" name="ard_continuous.survey.design_works_when_using_generic_names_"/>
  </testsuite>
  <testsuite name="ard_continuous.survey.design" timestamp="2025-03-31T23:40:03Z" hostname="a893b23e7c5a" tests="1" skipped="0" failures="0" errors="0" time="0.002">
    <testcase time="0.00200000000000955" classname="character(0)" name="ard_continuous.survey.design_follows_ard_structure"/>
  </testsuite>
  <testsuite name="ard_continuous.survey.design" timestamp="2025-03-31T23:40:03Z" hostname="a893b23e7c5a" tests="4" skipped="0" failures="0" errors="0" time="0.003">
    <testcase time="0.000999999999990564" classname="character(0)" name="ard_continuous.survey.design_original_types_are_retained"/>
    <testcase time="0.00100000000000477" classname="character(0)" name="ard_continuous.survey.design_original_types_are_retained"/>
    <testcase time="0" classname="character(0)" name="ard_continuous.survey.design_original_types_are_retained"/>
    <testcase time="0.00100000000000477" classname="character(0)" name="ard_continuous.survey.design_original_types_are_retained"/>
  </testsuite>
</testsuites>
