<?xml version="1.0" encoding="UTF-8"?>
<testsuites>
  <testsuite name="ard_attributes.survey.design" timestamp="2025-04-02T14:32:01Z" hostname="f06b9bb741de" tests="1" skipped="0" failures="0" errors="0" time="1.545">
    <testcase time="1.545" classname="character(0)" name="ard_attributes.survey.design_works"/>
  </testsuite>
  <testsuite name="ard_aod_wald_test" timestamp="2025-04-02T14:32:01Z" hostname="f06b9bb741de" tests="4" skipped="0" failures="0" errors="0" time="0.114">
    <testcase time="0.108" classname="character(0)" name="ard_aod_wald_test_works"/>
    <testcase time="0" classname="character(0)" name="ard_aod_wald_test_works"/>
    <testcase time="0.00600000000000023" classname="character(0)" name="ard_aod_wald_test_works"/>
    <testcase time="0" classname="character(0)" name="ard_aod_wald_test_works"/>
  </testsuite>
  <testsuite name="ard_aod_wald_test" timestamp="2025-04-02T14:32:01Z" hostname="f06b9bb741de" tests="1" skipped="0" failures="0" errors="0" time="0.007">
    <testcase time="0.00699999999999967" classname="character(0)" name="ard_aod_wald_test_follows_ard_structure"/>
  </testsuite>
  <testsuite name="ard_car_vif" timestamp="2025-04-02T14:32:02Z" hostname="f06b9bb741de" tests="2" skipped="0" failures="0" errors="0" time="0.408">
    <testcase time="0.407" classname="character(0)" name="ard_car_vif_works"/>
    <testcase time="0.00100000000000033" classname="character(0)" name="ard_car_vif_works"/>
  </testsuite>
  <testsuite name="ard_car_vif" timestamp="2025-04-02T14:32:02Z" hostname="f06b9bb741de" tests="1" skipped="0" failures="0" errors="0" time="0.002">
    <testcase time="0.00199999999999978" classname="character(0)" name="ard_car_vif_appropriate_errors_are_given_for_model_with_only_1_term"/>
  </testsuite>
  <testsuite name="ard_car_vif" timestamp="2025-04-02T14:32:02Z" hostname="f06b9bb741de" tests="1" skipped="0" failures="0" errors="0" time="0.002">
    <testcase time="0.00200000000000022" classname="character(0)" name="ard_vif_issues_friendly_messaging_for_incorrect_object_passed_in_can_t_get_terms_of_model"/>
  </testsuite>
  <testsuite name="ard_car_vif" timestamp="2025-04-02T14:32:02Z" hostname="f06b9bb741de" tests="1" skipped="0" failures="0" errors="0" time="0.002">
    <testcase time="0.00199999999999978" classname="character(0)" name="ard_car_vif_follows_ard_structure"/>
  </testsuite>
  <testsuite name="ard_car_anova" timestamp="2025-04-02T14:32:02Z" hostname="f06b9bb741de" tests="3" skipped="0" failures="0" errors="0" time="0.23">
    <testcase time="0.229" classname="character(0)" name="ard_car_anova_works"/>
    <testcase time="0.00099999999999989" classname="character(0)" name="ard_car_anova_works"/>
    <testcase time="0" classname="character(0)" name="ard_car_anova_works"/>
  </testsuite>
  <testsuite name="ard_car_anova" timestamp="2025-04-02T14:32:02Z" hostname="f06b9bb741de" tests="1" skipped="0" failures="0" errors="0" time="0.001">
    <testcase time="0.00100000000000033" classname="character(0)" name="ard_car_anova_messaging"/>
  </testsuite>
  <testsuite name="ard_car_anova" timestamp="2025-04-02T14:32:02Z" hostname="f06b9bb741de" tests="1" skipped="0" failures="0" errors="0" time="0.001">
    <testcase time="0.00099999999999989" classname="character(0)" name="ard_car_anova_follows_ard_structure"/>
  </testsuite>
  <testsuite name="ard_categorical_ci.data.frame" timestamp="2025-04-02T14:32:06Z" hostname="f06b9bb741de" tests="1" skipped="0" failures="0" errors="0" time="3.744">
    <testcase time="3.744" classname="character(0)" name="ard_categorical_ci.data.frame_method_wald_"/>
  </testsuite>
  <testsuite name="ard_categorical_ci.data.frame" timestamp="2025-04-02T14:32:06Z" hostname="f06b9bb741de" tests="1" skipped="0" failures="0" errors="0" time="0.002">
    <testcase time="0.00199999999999978" classname="character(0)" name="ard_categorical_ci.data.frame_method_waldcc_"/>
  </testsuite>
  <testsuite name="ard_categorical_ci.data.frame" timestamp="2025-04-02T14:32:06Z" hostname="f06b9bb741de" tests="1" skipped="0" failures="0" errors="0" time="0.002">
    <testcase time="0.00199999999999978" classname="character(0)" name="ard_categorical_ci.data.frame_method_clopper_pearson_"/>
  </testsuite>
  <testsuite name="ard_categorical_ci.data.frame" timestamp="2025-04-02T14:32:06Z" hostname="f06b9bb741de" tests="1" skipped="0" failures="0" errors="0" time="0.003">
    <testcase time="0.00300000000000011" classname="character(0)" name="ard_categorical_ci.data.frame_method_wilson_"/>
  </testsuite>
  <testsuite name="ard_categorical_ci.data.frame" timestamp="2025-04-02T14:32:06Z" hostname="f06b9bb741de" tests="1" skipped="0" failures="0" errors="0" time="0.002">
    <testcase time="0.00199999999999978" classname="character(0)" name="ard_categorical_ci.data.frame_method_wilsoncc_"/>
  </testsuite>
  <testsuite name="ard_categorical_ci.data.frame" timestamp="2025-04-02T14:32:06Z" hostname="f06b9bb741de" tests="3" skipped="0" failures="0" errors="0" time="0.002">
    <testcase time="0.00100000000000033" classname="character(0)" name="ard_categorical_ci.data.frame_method_strat_wilson_"/>
    <testcase time="0" classname="character(0)" name="ard_categorical_ci.data.frame_method_strat_wilson_"/>
    <testcase time="0.000999999999999446" classname="character(0)" name="ard_categorical_ci.data.frame_method_strat_wilson_"/>
  </testsuite>
  <testsuite name="ard_categorical_ci.data.frame" timestamp="2025-04-02T14:32:06Z" hostname="f06b9bb741de" tests="1" skipped="0" failures="0" errors="0" time="0.001">
    <testcase time="0.00100000000000033" classname="character(0)" name="ard_categorical_ci.data.frame_method_strat_wilsoncc_"/>
  </testsuite>
  <testsuite name="ard_categorical_ci.data.frame" timestamp="2025-04-02T14:32:06Z" hostname="f06b9bb741de" tests="1" skipped="0" failures="0" errors="0" time="0.001">
    <testcase time="0.00100000000000033" classname="character(0)" name="ard_categorical_ci.data.frame_method_jeffreys_"/>
  </testsuite>
  <testsuite name="ard_categorical_ci.data.frame" timestamp="2025-04-02T14:32:06Z" hostname="f06b9bb741de" tests="1" skipped="0" failures="0" errors="0" time="0.001">
    <testcase time="0.000999999999999446" classname="character(0)" name="ard_categorical_ci.data.frame_method_agresti_coull_"/>
  </testsuite>
  <testsuite name="ard_categorical_ci.data.frame" timestamp="2025-04-02T14:32:06Z" hostname="f06b9bb741de" tests="1" skipped="0" failures="0" errors="0" time="0.001">
    <testcase time="0.000999999999999446" classname="character(0)" name="ard_continuous_ci.data.frame_follows_ard_structure"/>
  </testsuite>
  <testsuite name="ard_categorical_ci.data.frame" timestamp="2025-04-02T14:32:06Z" hostname="f06b9bb741de" tests="6" skipped="0" failures="0" errors="0" time="0.003">
    <testcase time="0.00100000000000033" classname="character(0)" name="ard_continuous_ci.data.frame_denominator_row_"/>
    <testcase time="0.00100000000000033" classname="character(0)" name="ard_continuous_ci.data.frame_denominator_row_"/>
    <testcase time="0" classname="character(0)" name="ard_continuous_ci.data.frame_denominator_row_"/>
    <testcase time="0.000999999999999446" classname="character(0)" name="ard_continuous_ci.data.frame_denominator_row_"/>
    <testcase time="0" classname="character(0)" name="ard_continuous_ci.data.frame_denominator_row_"/>
    <testcase time="0" classname="character(0)" name="ard_continuous_ci.data.frame_denominator_row_"/>
  </testsuite>
  <testsuite name="ard_categorical_ci.data.frame" timestamp="2025-04-02T14:32:06Z" hostname="f06b9bb741de" tests="6" skipped="0" failures="0" errors="0" time="0.004">
    <testcase time="0.00200000000000067" classname="character(0)" name="ard_continuous_ci.data.frame_denominator_cell_"/>
    <testcase time="0" classname="character(0)" name="ard_continuous_ci.data.frame_denominator_cell_"/>
    <testcase time="0.000999999999999446" classname="character(0)" name="ard_continuous_ci.data.frame_denominator_cell_"/>
    <testcase time="0" classname="character(0)" name="ard_continuous_ci.data.frame_denominator_cell_"/>
    <testcase time="0.00100000000000033" classname="character(0)" name="ard_continuous_ci.data.frame_denominator_cell_"/>
    <testcase time="0" classname="character(0)" name="ard_continuous_ci.data.frame_denominator_cell_"/>
  </testsuite>
  <testsuite name="ard_categorical_ci.data.frame" timestamp="2025-04-02T14:32:06Z" hostname="f06b9bb741de" tests="2" skipped="0" failures="0" errors="0" time="0.002">
    <testcase time="0.00199999999999978" classname="character(0)" name="ard_continuous_ci.data.frame_denominator_column_with_all_NA_column"/>
    <testcase time="0" classname="character(0)" name="ard_continuous_ci.data.frame_denominator_column_with_all_NA_column"/>
  </testsuite>
  <testsuite name="ard_categorical_ci.data.frame" timestamp="2025-04-02T14:32:06Z" hostname="f06b9bb741de" tests="2" skipped="0" failures="0" errors="0" time="0.002">
    <testcase time="0.00100000000000033" classname="character(0)" name="ard_continuous_ci.data.frame_denominator_row_with_all_NA_column"/>
    <testcase time="0.000999999999999446" classname="character(0)" name="ard_continuous_ci.data.frame_denominator_row_with_all_NA_column"/>
  </testsuite>
  <testsuite name="ard_categorical_ci.data.frame" timestamp="2025-04-02T14:32:06Z" hostname="f06b9bb741de" tests="2" skipped="0" failures="0" errors="0" time="0.002">
    <testcase time="0.00100000000000033" classname="character(0)" name="ard_continuous_ci.data.frame_denominator_cell_with_all_NA_column"/>
    <testcase time="0.000999999999999446" classname="character(0)" name="ard_continuous_ci.data.frame_denominator_cell_with_all_NA_column"/>
  </testsuite>
  <testsuite name="ard_categorical_ci.data.frame" timestamp="2025-04-02T14:32:06Z" hostname="f06b9bb741de" tests="3" skipped="0" failures="0" errors="0" time="0.002">
    <testcase time="0.00100000000000033" classname="character(0)" name="ard_continuous_ci.data.frame_NA_handling"/>
    <testcase time="0" classname="character(0)" name="ard_continuous_ci.data.frame_NA_handling"/>
    <testcase time="0.00100000000000033" classname="character(0)" name="ard_continuous_ci.data.frame_NA_handling"/>
  </testsuite>
  <testsuite name="ard_categorical_ci.survey.design" timestamp="2025-04-02T14:32:08Z" hostname="f06b9bb741de" tests="1" skipped="0" failures="0" errors="0" time="1.898">
    <testcase time="1.898" classname="character(0)" name="ard_categorical_ci_data_"/>
  </testsuite>
  <testsuite name="ard_categorical_ci.survey.design" timestamp="2025-04-02T14:32:08Z" hostname="f06b9bb741de" tests="5" skipped="0" failures="0" errors="0" time="0.003">
    <testcase time="0.000999999999999446" classname="character(0)" name="ard_categorical_ci_variables_"/>
    <testcase time="0.00100000000000122" classname="character(0)" name="ard_categorical_ci_variables_"/>
    <testcase time="0" classname="character(0)" name="ard_categorical_ci_variables_"/>
    <testcase time="0.000999999999999446" classname="character(0)" name="ard_categorical_ci_variables_"/>
    <testcase time="0" classname="character(0)" name="ard_categorical_ci_variables_"/>
  </testsuite>
  <testsuite name="ard_categorical_ci.survey.design" timestamp="2025-04-02T14:32:08Z" hostname="f06b9bb741de" tests="4" skipped="0" failures="0" errors="0" time="0.003">
    <testcase time="0.00200000000000067" classname="character(0)" name="ard_categorical_ci_by_"/>
    <testcase time="0" classname="character(0)" name="ard_categorical_ci_by_"/>
    <testcase time="0.000999999999999446" classname="character(0)" name="ard_categorical_ci_by_"/>
    <testcase time="0" classname="character(0)" name="ard_categorical_ci_by_"/>
  </testsuite>
  <testsuite name="ard_categorical_ci.survey.design" timestamp="2025-04-02T14:32:08Z" hostname="f06b9bb741de" tests="2" skipped="0" failures="0" errors="0" time="0.002">
    <testcase time="0.00200000000000067" classname="character(0)" name="ard_categorical_ci_conf.level_"/>
    <testcase time="0" classname="character(0)" name="ard_categorical_ci_conf.level_"/>
  </testsuite>
  <testsuite name="ard_categorical_ci.survey.design" timestamp="2025-04-02T14:32:08Z" hostname="f06b9bb741de" tests="3" skipped="0" failures="0" errors="0" time="0.003">
    <testcase time="0.00199999999999889" classname="character(0)" name="ard_categorical_ci_method_"/>
    <testcase time="0" classname="character(0)" name="ard_categorical_ci_method_"/>
    <testcase time="0.00100000000000122" classname="character(0)" name="ard_categorical_ci_method_"/>
  </testsuite>
  <testsuite name="ard_categorical_ci.survey.design" timestamp="2025-04-02T14:32:08Z" hostname="f06b9bb741de" tests="2" skipped="0" failures="0" errors="0" time="0.001">
    <testcase time="0.000999999999999446" classname="character(0)" name="ard_categorical_ci_value_"/>
    <testcase time="0" classname="character(0)" name="ard_categorical_ci_value_"/>
  </testsuite>
  <testsuite name="ard_categorical_ci.survey.design" timestamp="2025-04-02T14:32:08Z" hostname="f06b9bb741de" tests="1" skipped="0" failures="0" errors="0" time="0.002">
    <testcase time="0.00199999999999889" classname="character(0)" name="ard_categorical_ci.survey.design_follows_ard_structure"/>
  </testsuite>
  <testsuite name="ard_categorical_max" timestamp="2025-04-02T14:32:11Z" hostname="f06b9bb741de" tests="8" skipped="0" failures="0" errors="0" time="2.859">
    <testcase time="2.856" classname="character(0)" name="ard_categorical_max_works_with_default_settings"/>
    <testcase time="0" classname="character(0)" name="ard_categorical_max_works_with_default_settings"/>
    <testcase time="0.000999999999999446" classname="character(0)" name="ard_categorical_max_works_with_default_settings"/>
    <testcase time="0" classname="character(0)" name="ard_categorical_max_works_with_default_settings"/>
    <testcase time="0.000999999999999446" classname="character(0)" name="ard_categorical_max_works_with_default_settings"/>
    <testcase time="0" classname="character(0)" name="ard_categorical_max_works_with_default_settings"/>
    <testcase time="0.000999999999999446" classname="character(0)" name="ard_categorical_max_works_with_default_settings"/>
    <testcase time="0" classname="character(0)" name="ard_categorical_max_works_with_default_settings"/>
  </testsuite>
  <testsuite name="ard_categorical_max" timestamp="2025-04-02T14:32:11Z" hostname="f06b9bb741de" tests="1" skipped="0" failures="0" errors="0" time="0.002">
    <testcase time="0.00200000000000067" classname="character(0)" name="ard_categorical_max_statistic_works"/>
  </testsuite>
  <testsuite name="ard_categorical_max" timestamp="2025-04-02T14:32:11Z" hostname="f06b9bb741de" tests="2" skipped="0" failures="0" errors="0" time="0.002">
    <testcase time="0.000999999999999446" classname="character(0)" name="ard_categorical_max_denominator_works"/>
    <testcase time="0.00100000000000122" classname="character(0)" name="ard_categorical_max_denominator_works"/>
  </testsuite>
  <testsuite name="ard_categorical_max" timestamp="2025-04-02T14:32:11Z" hostname="f06b9bb741de" tests="1" skipped="0" failures="0" errors="0" time="0.001">
    <testcase time="0.000999999999999446" classname="character(0)" name="ard_categorical_max_quiet_works"/>
  </testsuite>
  <testsuite name="ard_categorical_max" timestamp="2025-04-02T14:32:11Z" hostname="f06b9bb741de" tests="13" skipped="0" failures="0" errors="0" time="0.007">
    <testcase time="0.00200000000000067" classname="character(0)" name="ard_categorical_max_works_with_pre_ordered_factor_variables"/>
    <testcase time="0" classname="character(0)" name="ard_categorical_max_works_with_pre_ordered_factor_variables"/>
    <testcase time="0" classname="character(0)" name="ard_categorical_max_works_with_pre_ordered_factor_variables"/>
    <testcase time="0.000999999999999446" classname="character(0)" name="ard_categorical_max_works_with_pre_ordered_factor_variables"/>
    <testcase time="0" classname="character(0)" name="ard_categorical_max_works_with_pre_ordered_factor_variables"/>
    <testcase time="0.000999999999999446" classname="character(0)" name="ard_categorical_max_works_with_pre_ordered_factor_variables"/>
    <testcase time="0" classname="character(0)" name="ard_categorical_max_works_with_pre_ordered_factor_variables"/>
    <testcase time="0.00100000000000122" classname="character(0)" name="ard_categorical_max_works_with_pre_ordered_factor_variables"/>
    <testcase time="0" classname="character(0)" name="ard_categorical_max_works_with_pre_ordered_factor_variables"/>
    <testcase time="0.000999999999999446" classname="character(0)" name="ard_categorical_max_works_with_pre_ordered_factor_variables"/>
    <testcase time="0" classname="character(0)" name="ard_categorical_max_works_with_pre_ordered_factor_variables"/>
    <testcase time="0.000999999999999446" classname="character(0)" name="ard_categorical_max_works_with_pre_ordered_factor_variables"/>
    <testcase time="0" classname="character(0)" name="ard_categorical_max_works_with_pre_ordered_factor_variables"/>
  </testsuite>
  <testsuite name="ard_categorical_max" timestamp="2025-04-02T14:32:11Z" hostname="f06b9bb741de" tests="2" skipped="0" failures="0" errors="0" time="0.002">
    <testcase time="0.00200000000000067" classname="character(0)" name="ard_categorical_max_errors_with_incomplete_factor_columns"/>
    <testcase time="0" classname="character(0)" name="ard_categorical_max_errors_with_incomplete_factor_columns"/>
  </testsuite>
  <testsuite name="ard_categorical_max" timestamp="2025-04-02T14:32:11Z" hostname="f06b9bb741de" tests="1" skipped="0" failures="0" errors="0" time="0.002">
    <testcase time="0.00199999999999889" classname="character(0)" name="ard_categorical_max_works_without_any_variables"/>
  </testsuite>
  <testsuite name="ard_categorical_max" timestamp="2025-04-02T14:32:11Z" hostname="f06b9bb741de" tests="1" skipped="0" failures="0" errors="0" time="0.001">
    <testcase time="0.00100000000000122" classname="character(0)" name="ard_categorical_max_follows_ard_structure"/>
  </testsuite>
  <testsuite name="ard_categorical.survey.design" timestamp="2025-04-02T14:32:25Z" hostname="f06b9bb741de" tests="54" skipped="0" failures="0" errors="0" time="14.586">
    <testcase time="14.549" classname="character(0)" name="ard_categorical.survey.design_works"/>
    <testcase time="0.00100000000000122" classname="character(0)" name="ard_categorical.survey.design_works"/>
    <testcase time="0.000999999999997669" classname="character(0)" name="ard_categorical.survey.design_works"/>
    <testcase time="0.00100000000000122" classname="character(0)" name="ard_categorical.survey.design_works"/>
    <testcase time="0.00100000000000122" classname="character(0)" name="ard_categorical.survey.design_works"/>
    <testcase time="0" classname="character(0)" name="ard_categorical.survey.design_works"/>
    <testcase time="0.000999999999997669" classname="character(0)" name="ard_categorical.survey.design_works"/>
    <testcase time="0.00100000000000122" classname="character(0)" name="ard_categorical.survey.design_works"/>
    <testcase time="0.00100000000000122" classname="character(0)" name="ard_categorical.survey.design_works"/>
    <testcase time="0.000999999999997669" classname="character(0)" name="ard_categorical.survey.design_works"/>
    <testcase time="0.00100000000000122" classname="character(0)" name="ard_categorical.survey.design_works"/>
    <testcase time="0.00100000000000122" classname="character(0)" name="ard_categorical.survey.design_works"/>
    <testcase time="0.000999999999997669" classname="character(0)" name="ard_categorical.survey.design_works"/>
    <testcase time="0.00100000000000122" classname="character(0)" name="ard_categorical.survey.design_works"/>
    <testcase time="0.00100000000000122" classname="character(0)" name="ard_categorical.survey.design_works"/>
    <testcase time="0" classname="character(0)" name="ard_categorical.survey.design_works"/>
    <testcase time="0.000999999999997669" classname="character(0)" name="ard_categorical.survey.design_works"/>
    <testcase time="0" classname="character(0)" name="ard_categorical.survey.design_works"/>
    <testcase time="0.00100000000000122" classname="character(0)" name="ard_categorical.survey.design_works"/>
    <testcase time="0.00100000000000122" classname="character(0)" name="ard_categorical.survey.design_works"/>
    <testcase time="0" classname="character(0)" name="ard_categorical.survey.design_works"/>
    <testcase time="0.000999999999997669" classname="character(0)" name="ard_categorical.survey.design_works"/>
    <testcase time="0" classname="character(0)" name="ard_categorical.survey.design_works"/>
    <testcase time="0.00100000000000122" classname="character(0)" name="ard_categorical.survey.design_works"/>
    <testcase time="0" classname="character(0)" name="ard_categorical.survey.design_works"/>
    <testcase time="0.00100000000000122" classname="character(0)" name="ard_categorical.survey.design_works"/>
    <testcase time="0.000999999999997669" classname="character(0)" name="ard_categorical.survey.design_works"/>
    <testcase time="0" classname="character(0)" name="ard_categorical.survey.design_works"/>
    <testcase time="0.00100000000000122" classname="character(0)" name="ard_categorical.survey.design_works"/>
    <testcase time="0" classname="character(0)" name="ard_categorical.survey.design_works"/>
    <testcase time="0.00100000000000122" classname="character(0)" name="ard_categorical.survey.design_works"/>
    <testcase time="0" classname="character(0)" name="ard_categorical.survey.design_works"/>
    <testcase time="0.000999999999997669" classname="character(0)" name="ard_categorical.survey.design_works"/>
    <testcase time="0.00100000000000122" classname="character(0)" name="ard_categorical.survey.design_works"/>
    <testcase time="0" classname="character(0)" name="ard_categorical.survey.design_works"/>
    <testcase time="0.00100000000000122" classname="character(0)" name="ard_categorical.survey.design_works"/>
    <testcase time="0" classname="character(0)" name="ard_categorical.survey.design_works"/>
    <testcase time="0.000999999999997669" classname="character(0)" name="ard_categorical.survey.design_works"/>
    <testcase time="0" classname="character(0)" name="ard_categorical.survey.design_works"/>
    <testcase time="0" classname="character(0)" name="ard_categorical.survey.design_works"/>
    <testcase time="0.000999999999997669" classname="character(0)" name="ard_categorical.survey.design_works"/>
    <testcase time="0" classname="character(0)" name="ard_categorical.survey.design_works"/>
    <testcase time="0.00100000000000122" classname="character(0)" name="ard_categorical.survey.design_works"/>
    <testcase time="0" classname="character(0)" name="ard_categorical.survey.design_works"/>
    <testcase time="0" classname="character(0)" name="ard_categorical.survey.design_works"/>
    <testcase time="0.000999999999997669" classname="character(0)" name="ard_categorical.survey.design_works"/>
    <testcase time="0" classname="character(0)" name="ard_categorical.survey.design_works"/>
    <testcase time="0.00100000000000122" classname="character(0)" name="ard_categorical.survey.design_works"/>
    <testcase time="0.00100000000000122" classname="character(0)" name="ard_categorical.survey.design_works"/>
    <testcase time="0.00300000000000011" classname="character(0)" name="ard_categorical.survey.design_works"/>
    <testcase time="0.000999999999997669" classname="character(0)" name="ard_categorical.survey.design_works"/>
    <testcase time="0" classname="character(0)" name="ard_categorical.survey.design_works"/>
    <testcase time="0.00100000000000122" classname="character(0)" name="ard_categorical.survey.design_works"/>
    <testcase time="0.00100000000000122" classname="character(0)" name="ard_categorical.survey.design_works"/>
  </testsuite>
  <testsuite name="ard_categorical.survey.design" timestamp="2025-04-02T14:32:25Z" hostname="f06b9bb741de" tests="3" skipped="0" failures="0" errors="0" time="0.001">
    <testcase time="0.000999999999997669" classname="character(0)" name="ard_categorical.survey.design_returns_an_error_when_variables_have_all_NAs"/>
    <testcase time="0" classname="character(0)" name="ard_categorical.survey.design_returns_an_error_when_variables_have_all_NAs"/>
    <testcase time="0" classname="character(0)" name="ard_categorical.survey.design_returns_an_error_when_variables_have_all_NAs"/>
  </testsuite>
  <testsuite name="ard_categorical.survey.design" timestamp="2025-04-02T14:32:25Z" hostname="f06b9bb741de" tests="39" skipped="0" failures="0" errors="0" time="0.021">
    <testcase time="0.00199999999999889" classname="character(0)" name="ard_categorical.survey.design_works_for_unobserved_factor_levels"/>
    <testcase time="0" classname="character(0)" name="ard_categorical.survey.design_works_for_unobserved_factor_levels"/>
    <testcase time="0" classname="character(0)" name="ard_categorical.survey.design_works_for_unobserved_factor_levels"/>
    <testcase time="0" classname="character(0)" name="ard_categorical.survey.design_works_for_unobserved_factor_levels"/>
    <testcase time="0" classname="character(0)" name="ard_categorical.survey.design_works_for_unobserved_factor_levels"/>
    <testcase time="0" classname="character(0)" name="ard_categorical.survey.design_works_for_unobserved_factor_levels"/>
    <testcase time="0.000999999999997669" classname="character(0)" name="ard_categorical.survey.design_works_for_unobserved_factor_levels"/>
    <testcase time="0.00100000000000122" classname="character(0)" name="ard_categorical.survey.design_works_for_unobserved_factor_levels"/>
    <testcase time="0" classname="character(0)" name="ard_categorical.survey.design_works_for_unobserved_factor_levels"/>
    <testcase time="0.00100000000000122" classname="character(0)" name="ard_categorical.survey.design_works_for_unobserved_factor_levels"/>
    <testcase time="0" classname="character(0)" name="ard_categorical.survey.design_works_for_unobserved_factor_levels"/>
    <testcase time="0.000999999999997669" classname="character(0)" name="ard_categorical.survey.design_works_for_unobserved_factor_levels"/>
    <testcase time="0" classname="character(0)" name="ard_categorical.survey.design_works_for_unobserved_factor_levels"/>
    <testcase time="0.00100000000000122" classname="character(0)" name="ard_categorical.survey.design_works_for_unobserved_factor_levels"/>
    <testcase time="0" classname="character(0)" name="ard_categorical.survey.design_works_for_unobserved_factor_levels"/>
    <testcase time="0.00100000000000122" classname="character(0)" name="ard_categorical.survey.design_works_for_unobserved_factor_levels"/>
    <testcase time="0" classname="character(0)" name="ard_categorical.survey.design_works_for_unobserved_factor_levels"/>
    <testcase time="0.000999999999997669" classname="character(0)" name="ard_categorical.survey.design_works_for_unobserved_factor_levels"/>
    <testcase time="0" classname="character(0)" name="ard_categorical.survey.design_works_for_unobserved_factor_levels"/>
    <testcase time="0.00100000000000122" classname="character(0)" name="ard_categorical.survey.design_works_for_unobserved_factor_levels"/>
    <testcase time="0" classname="character(0)" name="ard_categorical.survey.design_works_for_unobserved_factor_levels"/>
    <testcase time="0.00100000000000122" classname="character(0)" name="ard_categorical.survey.design_works_for_unobserved_factor_levels"/>
    <testcase time="0" classname="character(0)" name="ard_categorical.survey.design_works_for_unobserved_factor_levels"/>
    <testcase time="0.000999999999997669" classname="character(0)" name="ard_categorical.survey.design_works_for_unobserved_factor_levels"/>
    <testcase time="0.00100000000000122" classname="character(0)" name="ard_categorical.survey.design_works_for_unobserved_factor_levels"/>
    <testcase time="0" classname="character(0)" name="ard_categorical.survey.design_works_for_unobserved_factor_levels"/>
    <testcase time="0.00100000000000122" classname="character(0)" name="ard_categorical.survey.design_works_for_unobserved_factor_levels"/>
    <testcase time="0" classname="character(0)" name="ard_categorical.survey.design_works_for_unobserved_factor_levels"/>
    <testcase time="0.000999999999997669" classname="character(0)" name="ard_categorical.survey.design_works_for_unobserved_factor_levels"/>
    <testcase time="0.00100000000000122" classname="character(0)" name="ard_categorical.survey.design_works_for_unobserved_factor_levels"/>
    <testcase time="0" classname="character(0)" name="ard_categorical.survey.design_works_for_unobserved_factor_levels"/>
    <testcase time="0.000999999999997669" classname="character(0)" name="ard_categorical.survey.design_works_for_unobserved_factor_levels"/>
    <testcase time="0" classname="character(0)" name="ard_categorical.survey.design_works_for_unobserved_factor_levels"/>
    <testcase time="0.00100000000000122" classname="character(0)" name="ard_categorical.survey.design_works_for_unobserved_factor_levels"/>
    <testcase time="0.00100000000000122" classname="character(0)" name="ard_categorical.survey.design_works_for_unobserved_factor_levels"/>
    <testcase time="0" classname="character(0)" name="ard_categorical.survey.design_works_for_unobserved_factor_levels"/>
    <testcase time="0.000999999999997669" classname="character(0)" name="ard_categorical.survey.design_works_for_unobserved_factor_levels"/>
    <testcase time="0.00100000000000122" classname="character(0)" name="ard_categorical.survey.design_works_for_unobserved_factor_levels"/>
    <testcase time="0" classname="character(0)" name="ard_categorical.survey.design_works_for_unobserved_factor_levels"/>
  </testsuite>
  <testsuite name="ard_categorical.survey.design" timestamp="2025-04-02T14:32:25Z" hostname="f06b9bb741de" tests="39" skipped="0" failures="0" errors="0" time="0.023">
    <testcase time="0.00199999999999889" classname="character(0)" name="ard_categorical.survey.design_works_for_unobserved_logical_levels"/>
    <testcase time="0" classname="character(0)" name="ard_categorical.survey.design_works_for_unobserved_logical_levels"/>
    <testcase time="0.00100000000000122" classname="character(0)" name="ard_categorical.survey.design_works_for_unobserved_logical_levels"/>
    <testcase time="0" classname="character(0)" name="ard_categorical.survey.design_works_for_unobserved_logical_levels"/>
    <testcase time="0.00100000000000122" classname="character(0)" name="ard_categorical.survey.design_works_for_unobserved_logical_levels"/>
    <testcase time="0" classname="character(0)" name="ard_categorical.survey.design_works_for_unobserved_logical_levels"/>
    <testcase time="0.000999999999997669" classname="character(0)" name="ard_categorical.survey.design_works_for_unobserved_logical_levels"/>
    <testcase time="0" classname="character(0)" name="ard_categorical.survey.design_works_for_unobserved_logical_levels"/>
    <testcase time="0.00100000000000122" classname="character(0)" name="ard_categorical.survey.design_works_for_unobserved_logical_levels"/>
    <testcase time="0" classname="character(0)" name="ard_categorical.survey.design_works_for_unobserved_logical_levels"/>
    <testcase time="0.00100000000000122" classname="character(0)" name="ard_categorical.survey.design_works_for_unobserved_logical_levels"/>
    <testcase time="0" classname="character(0)" name="ard_categorical.survey.design_works_for_unobserved_logical_levels"/>
    <testcase time="0.000999999999997669" classname="character(0)" name="ard_categorical.survey.design_works_for_unobserved_logical_levels"/>
    <testcase time="0" classname="character(0)" name="ard_categorical.survey.design_works_for_unobserved_logical_levels"/>
    <testcase time="0.00100000000000122" classname="character(0)" name="ard_categorical.survey.design_works_for_unobserved_logical_levels"/>
    <testcase time="0" classname="character(0)" name="ard_categorical.survey.design_works_for_unobserved_logical_levels"/>
    <testcase time="0.00100000000000122" classname="character(0)" name="ard_categorical.survey.design_works_for_unobserved_logical_levels"/>
    <testcase time="0.000999999999997669" classname="character(0)" name="ard_categorical.survey.design_works_for_unobserved_logical_levels"/>
    <testcase time="0" classname="character(0)" name="ard_categorical.survey.design_works_for_unobserved_logical_levels"/>
    <testcase time="0.00100000000000122" classname="character(0)" name="ard_categorical.survey.design_works_for_unobserved_logical_levels"/>
    <testcase time="0" classname="character(0)" name="ard_categorical.survey.design_works_for_unobserved_logical_levels"/>
    <testcase time="0.00100000000000122" classname="character(0)" name="ard_categorical.survey.design_works_for_unobserved_logical_levels"/>
    <testcase time="0" classname="character(0)" name="ard_categorical.survey.design_works_for_unobserved_logical_levels"/>
    <testcase time="0.000999999999997669" classname="character(0)" name="ard_categorical.survey.design_works_for_unobserved_logical_levels"/>
    <testcase time="0" classname="character(0)" name="ard_categorical.survey.design_works_for_unobserved_logical_levels"/>
    <testcase time="0.00100000000000122" classname="character(0)" name="ard_categorical.survey.design_works_for_unobserved_logical_levels"/>
    <testcase time="0.00100000000000122" classname="character(0)" name="ard_categorical.survey.design_works_for_unobserved_logical_levels"/>
    <testcase time="0" classname="character(0)" name="ard_categorical.survey.design_works_for_unobserved_logical_levels"/>
    <testcase time="0.000999999999997669" classname="character(0)" name="ard_categorical.survey.design_works_for_unobserved_logical_levels"/>
    <testcase time="0" classname="character(0)" name="ard_categorical.survey.design_works_for_unobserved_logical_levels"/>
    <testcase time="0.00100000000000122" classname="character(0)" name="ard_categorical.survey.design_works_for_unobserved_logical_levels"/>
    <testcase time="0" classname="character(0)" name="ard_categorical.survey.design_works_for_unobserved_logical_levels"/>
    <testcase time="0.00100000000000122" classname="character(0)" name="ard_categorical.survey.design_works_for_unobserved_logical_levels"/>
    <testcase time="0.000999999999997669" classname="character(0)" name="ard_categorical.survey.design_works_for_unobserved_logical_levels"/>
    <testcase time="0" classname="character(0)" name="ard_categorical.survey.design_works_for_unobserved_logical_levels"/>
    <testcase time="0.00100000000000122" classname="character(0)" name="ard_categorical.survey.design_works_for_unobserved_logical_levels"/>
    <testcase time="0" classname="character(0)" name="ard_categorical.survey.design_works_for_unobserved_logical_levels"/>
    <testcase time="0.00100000000000122" classname="character(0)" name="ard_categorical.survey.design_works_for_unobserved_logical_levels"/>
    <testcase time="0.000999999999997669" classname="character(0)" name="ard_categorical.survey.design_works_for_unobserved_logical_levels"/>
  </testsuite>
  <testsuite name="ard_categorical.survey.design" timestamp="2025-04-02T14:32:25Z" hostname="f06b9bb741de" tests="18" skipped="0" failures="0" errors="0" time="0.013">
    <testcase time="0.00100000000000122" classname="character(0)" name="ard_categorical.survey.design_works_with_variables_with_only_1_level"/>
    <testcase time="0.00100000000000122" classname="character(0)" name="ard_categorical.survey.design_works_with_variables_with_only_1_level"/>
    <testcase time="0" classname="character(0)" name="ard_categorical.survey.design_works_with_variables_with_only_1_level"/>
    <testcase time="0.000999999999997669" classname="character(0)" name="ard_categorical.survey.design_works_with_variables_with_only_1_level"/>
    <testcase time="0" classname="character(0)" name="ard_categorical.survey.design_works_with_variables_with_only_1_level"/>
    <testcase time="0.00100000000000122" classname="character(0)" name="ard_categorical.survey.design_works_with_variables_with_only_1_level"/>
    <testcase time="0" classname="character(0)" name="ard_categorical.survey.design_works_with_variables_with_only_1_level"/>
    <testcase time="0.000999999999997669" classname="character(0)" name="ard_categorical.survey.design_works_with_variables_with_only_1_level"/>
    <testcase time="0" classname="character(0)" name="ard_categorical.survey.design_works_with_variables_with_only_1_level"/>
    <testcase time="0.00100000000000122" classname="character(0)" name="ard_categorical.survey.design_works_with_variables_with_only_1_level"/>
    <testcase time="0.00300000000000011" classname="character(0)" name="ard_categorical.survey.design_works_with_variables_with_only_1_level"/>
    <testcase time="0.00100000000000122" classname="character(0)" name="ard_categorical.survey.design_works_with_variables_with_only_1_level"/>
    <testcase time="0" classname="character(0)" name="ard_categorical.survey.design_works_with_variables_with_only_1_level"/>
    <testcase time="0.000999999999997669" classname="character(0)" name="ard_categorical.survey.design_works_with_variables_with_only_1_level"/>
    <testcase time="0" classname="character(0)" name="ard_categorical.survey.design_works_with_variables_with_only_1_level"/>
    <testcase time="0.00100000000000122" classname="character(0)" name="ard_categorical.survey.design_works_with_variables_with_only_1_level"/>
    <testcase time="0" classname="character(0)" name="ard_categorical.survey.design_works_with_variables_with_only_1_level"/>
    <testcase time="0.00100000000000122" classname="character(0)" name="ard_categorical.survey.design_works_with_variables_with_only_1_level"/>
  </testsuite>
  <testsuite name="ard_categorical.survey.design" timestamp="2025-04-02T14:32:25Z" hostname="f06b9bb741de" tests="4" skipped="0" failures="0" errors="0" time="0.002">
    <testcase time="0.00199999999999889" classname="character(0)" name="ard_categorical.survey.design_by_messages_about_protected_names"/>
    <testcase time="0" classname="character(0)" name="ard_categorical.survey.design_by_messages_about_protected_names"/>
    <testcase time="0" classname="character(0)" name="ard_categorical.survey.design_by_messages_about_protected_names"/>
    <testcase time="0" classname="character(0)" name="ard_categorical.survey.design_by_messages_about_protected_names"/>
  </testsuite>
  <testsuite name="ard_categorical.survey.design" timestamp="2025-04-02T14:32:25Z" hostname="f06b9bb741de" tests="10" skipped="0" failures="0" errors="0" time="0.006">
    <testcase time="0.00199999999999889" classname="character(0)" name="ard_categorical.survey.design_works_when_using_generic_names_"/>
    <testcase time="0" classname="character(0)" name="ard_categorical.survey.design_works_when_using_generic_names_"/>
    <testcase time="0.00100000000000122" classname="character(0)" name="ard_categorical.survey.design_works_when_using_generic_names_"/>
    <testcase time="0" classname="character(0)" name="ard_categorical.survey.design_works_when_using_generic_names_"/>
    <testcase time="0.000999999999997669" classname="character(0)" name="ard_categorical.survey.design_works_when_using_generic_names_"/>
    <testcase time="0" classname="character(0)" name="ard_categorical.survey.design_works_when_using_generic_names_"/>
    <testcase time="0.00100000000000122" classname="character(0)" name="ard_categorical.survey.design_works_when_using_generic_names_"/>
    <testcase time="0" classname="character(0)" name="ard_categorical.survey.design_works_when_using_generic_names_"/>
    <testcase time="0.00100000000000122" classname="character(0)" name="ard_categorical.survey.design_works_when_using_generic_names_"/>
    <testcase time="0" classname="character(0)" name="ard_categorical.survey.design_works_when_using_generic_names_"/>
  </testsuite>
  <testsuite name="ard_categorical.survey.design" timestamp="2025-04-02T14:32:25Z" hostname="f06b9bb741de" tests="1" skipped="0" failures="0" errors="0" time="0.002">
    <testcase time="0.00199999999999889" classname="character(0)" name="ard_categorical.survey.design_statistic_properly_excluded_unweighted_stats_not_selected"/>
  </testsuite>
  <testsuite name="ard_categorical.survey.design" timestamp="2025-04-02T14:32:25Z" hostname="f06b9bb741de" tests="1" skipped="0" failures="0" errors="0" time="0.001">
    <testcase time="0.00100000000000122" classname="character(0)" name="ard_categorical_follows_ard_structure"/>
  </testsuite>
  <testsuite name="ard_categorical.survey.design" timestamp="2025-04-02T14:32:25Z" hostname="f06b9bb741de" tests="6" skipped="0" failures="0" errors="0" time="0.004">
    <testcase time="0.00100000000000122" classname="character(0)" name="ard_categorical.survey.design_original_types_are_retained"/>
    <testcase time="0.00100000000000122" classname="character(0)" name="ard_categorical.survey.design_original_types_are_retained"/>
    <testcase time="0" classname="character(0)" name="ard_categorical.survey.design_original_types_are_retained"/>
    <testcase time="0.000999999999997669" classname="character(0)" name="ard_categorical.survey.design_original_types_are_retained"/>
    <testcase time="0" classname="character(0)" name="ard_categorical.survey.design_original_types_are_retained"/>
    <testcase time="0.00100000000000122" classname="character(0)" name="ard_categorical.survey.design_original_types_are_retained"/>
  </testsuite>
  <testsuite name="ard_categorical.survey.design" timestamp="2025-04-02T14:32:25Z" hostname="f06b9bb741de" tests="3" skipped="0" failures="0" errors="0" time="0.002">
    <testcase time="0.00100000000000122" classname="character(0)" name="ard_categorical.survey.design_works_with_all_NA_fct_variables"/>
    <testcase time="0.000999999999997669" classname="character(0)" name="ard_categorical.survey.design_works_with_all_NA_fct_variables"/>
    <testcase time="0" classname="character(0)" name="ard_categorical.survey.design_works_with_all_NA_fct_variables"/>
  </testsuite>
  <testsuite name="ard_categorical.survey.design" timestamp="2025-04-02T14:32:25Z" hostname="f06b9bb741de" tests="1" skipped="0" failures="0" errors="0" time="0.002">
    <testcase time="0.00199999999999889" classname="character(0)" name="ard_categorical.survey.design_messaging_with_all_NA_lgl_variables"/>
  </testsuite>
  <testsuite name="ard_continuous_ci.data.frame" timestamp="2025-04-02T14:32:26Z" hostname="f06b9bb741de" tests="1" skipped="0" failures="0" errors="0" time="0.598">
    <testcase time="0.598000000000003" classname="character(0)" name="ard_continuous_ci.data.frame_method_t.test_"/>
  </testsuite>
  <testsuite name="ard_continuous_ci.data.frame" timestamp="2025-04-02T14:32:26Z" hostname="f06b9bb741de" tests="1" skipped="0" failures="0" errors="0" time="0.002">
    <testcase time="0.00199999999999889" classname="character(0)" name="ard_continuous_ci.data.frame_method_wilcox.test_"/>
  </testsuite>
  <testsuite name="ard_continuous_ci.data.frame" timestamp="2025-04-02T14:32:26Z" hostname="f06b9bb741de" tests="1" skipped="0" failures="0" errors="0" time="0.001">
    <testcase time="0.00100000000000122" classname="character(0)" name="ard_continuous_ci.data.frame_follows_ard_structure"/>
  </testsuite>
  <testsuite name="ard_continuous_ci.survey.design" timestamp="2025-04-02T14:32:27Z" hostname="f06b9bb741de" tests="1" skipped="0" failures="0" errors="0" time="1.195">
    <testcase time="1.195" classname="character(0)" name="ard_continuous_ci_data_"/>
  </testsuite>
  <testsuite name="ard_continuous_ci.survey.design" timestamp="2025-04-02T14:32:27Z" hostname="f06b9bb741de" tests="5" skipped="0" failures="0" errors="0" time="0.003">
    <testcase time="0.000999999999997669" classname="character(0)" name="ard_continuous_ci_variables_"/>
    <testcase time="0.00100000000000122" classname="character(0)" name="ard_continuous_ci_variables_"/>
    <testcase time="0" classname="character(0)" name="ard_continuous_ci_variables_"/>
    <testcase time="0.00100000000000122" classname="character(0)" name="ard_continuous_ci_variables_"/>
    <testcase time="0" classname="character(0)" name="ard_continuous_ci_variables_"/>
  </testsuite>
  <testsuite name="ard_continuous_ci.survey.design" timestamp="2025-04-02T14:32:27Z" hostname="f06b9bb741de" tests="6" skipped="0" failures="0" errors="0" time="0.004">
    <testcase time="0.00199999999999889" classname="character(0)" name="ard_continuous_ci_by_"/>
    <testcase time="0" classname="character(0)" name="ard_continuous_ci_by_"/>
    <testcase time="0.00100000000000122" classname="character(0)" name="ard_continuous_ci_by_"/>
    <testcase time="0" classname="character(0)" name="ard_continuous_ci_by_"/>
    <testcase time="0.000999999999997669" classname="character(0)" name="ard_continuous_ci_by_"/>
    <testcase time="0" classname="character(0)" name="ard_continuous_ci_by_"/>
  </testsuite>
  <testsuite name="ard_continuous_ci.survey.design" timestamp="2025-04-02T14:32:27Z" hostname="f06b9bb741de" tests="2" skipped="0" failures="0" errors="0" time="0.002">
    <testcase time="0.00200000000000244" classname="character(0)" name="ard_continuous_ci_conf.level_"/>
    <testcase time="0" classname="character(0)" name="ard_continuous_ci_conf.level_"/>
  </testsuite>
  <testsuite name="ard_continuous_ci.survey.design" timestamp="2025-04-02T14:32:27Z" hostname="f06b9bb741de" tests="3" skipped="0" failures="0" errors="0" time="0.003">
    <testcase time="0.00199999999999889" classname="character(0)" name="ard_continuous_ci_method_variables_"/>
    <testcase time="0" classname="character(0)" name="ard_continuous_ci_method_variables_"/>
    <testcase time="0.00100000000000122" classname="character(0)" name="ard_continuous_ci_method_variables_"/>
  </testsuite>
  <testsuite name="ard_continuous_ci.survey.design" timestamp="2025-04-02T14:32:27Z" hostname="f06b9bb741de" tests="3" skipped="0" failures="0" errors="0" time="0.002">
    <testcase time="0.000999999999997669" classname="character(0)" name="ard_continuous_ci_method_by_"/>
    <testcase time="0.00100000000000122" classname="character(0)" name="ard_continuous_ci_method_by_"/>
    <testcase time="0" classname="character(0)" name="ard_continuous_ci_method_by_"/>
  </testsuite>
  <testsuite name="ard_continuous_ci.survey.design" timestamp="2025-04-02T14:32:27Z" hostname="f06b9bb741de" tests="4" skipped="0" failures="0" errors="0" time="0.003">
    <testcase time="0.00199999999999889" classname="character(0)" name="ard_continuous_ci_..._"/>
    <testcase time="0" classname="character(0)" name="ard_continuous_ci_..._"/>
    <testcase time="0.00100000000000122" classname="character(0)" name="ard_continuous_ci_..._"/>
    <testcase time="0" classname="character(0)" name="ard_continuous_ci_..._"/>
  </testsuite>
  <testsuite name="ard_continuous_ci.survey.design" timestamp="2025-04-02T14:32:27Z" hostname="f06b9bb741de" tests="2" skipped="0" failures="0" errors="0" time="0.002">
    <testcase time="0.00199999999999889" classname="character(0)" name="ard_continuous_ci_errors_are_captured"/>
    <testcase time="0" classname="character(0)" name="ard_continuous_ci_errors_are_captured"/>
  </testsuite>
  <testsuite name="ard_continuous_ci.survey.design" timestamp="2025-04-02T14:32:27Z" hostname="f06b9bb741de" tests="1" skipped="0" failures="0" errors="0" time="0.002">
    <testcase time="0.00199999999999889" classname="character(0)" name="ard_continuous_ci.survey.design_follows_ard_structure"/>
  </testsuite>
  <testsuite name="ard_dichotomous.survey.design" timestamp="2025-04-02T14:32:33Z" hostname="f06b9bb741de" tests="33" skipped="0" failures="0" errors="0" time="5.543">
    <testcase time="5.525" classname="character(0)" name="ard_dichotomous.survey.design_works"/>
    <testcase time="0.000999999999997669" classname="character(0)" name="ard_dichotomous.survey.design_works"/>
    <testcase time="0.00100000000000477" classname="character(0)" name="ard_dichotomous.survey.design_works"/>
    <testcase time="0" classname="character(0)" name="ard_dichotomous.survey.design_works"/>
    <testcase time="0.000999999999997669" classname="character(0)" name="ard_dichotomous.survey.design_works"/>
    <testcase time="0" classname="character(0)" name="ard_dichotomous.survey.design_works"/>
    <testcase time="0.000999999999997669" classname="character(0)" name="ard_dichotomous.survey.design_works"/>
    <testcase time="0" classname="character(0)" name="ard_dichotomous.survey.design_works"/>
    <testcase time="0.00100000000000477" classname="character(0)" name="ard_dichotomous.survey.design_works"/>
    <testcase time="0" classname="character(0)" name="ard_dichotomous.survey.design_works"/>
    <testcase time="0.000999999999997669" classname="character(0)" name="ard_dichotomous.survey.design_works"/>
    <testcase time="0" classname="character(0)" name="ard_dichotomous.survey.design_works"/>
    <testcase time="0.000999999999997669" classname="character(0)" name="ard_dichotomous.survey.design_works"/>
    <testcase time="0" classname="character(0)" name="ard_dichotomous.survey.design_works"/>
    <testcase time="0.00100000000000477" classname="character(0)" name="ard_dichotomous.survey.design_works"/>
    <testcase time="0" classname="character(0)" name="ard_dichotomous.survey.design_works"/>
    <testcase time="0.000999999999997669" classname="character(0)" name="ard_dichotomous.survey.design_works"/>
    <testcase time="0.000999999999997669" classname="character(0)" name="ard_dichotomous.survey.design_works"/>
    <testcase time="0.00100000000000477" classname="character(0)" name="ard_dichotomous.survey.design_works"/>
    <testcase time="0.000999999999997669" classname="character(0)" name="ard_dichotomous.survey.design_works"/>
    <testcase time="0" classname="character(0)" name="ard_dichotomous.survey.design_works"/>
    <testcase time="0.000999999999997669" classname="character(0)" name="ard_dichotomous.survey.design_works"/>
    <testcase time="0" classname="character(0)" name="ard_dichotomous.survey.design_works"/>
    <testcase time="0.00100000000000477" classname="character(0)" name="ard_dichotomous.survey.design_works"/>
    <testcase time="0" classname="character(0)" name="ard_dichotomous.survey.design_works"/>
    <testcase time="0" classname="character(0)" name="ard_dichotomous.survey.design_works"/>
    <testcase time="0.000999999999997669" classname="character(0)" name="ard_dichotomous.survey.design_works"/>
    <testcase time="0" classname="character(0)" name="ard_dichotomous.survey.design_works"/>
    <testcase time="0.00100000000000477" classname="character(0)" name="ard_dichotomous.survey.design_works"/>
    <testcase time="0" classname="character(0)" name="ard_dichotomous.survey.design_works"/>
    <testcase time="0.000999999999997669" classname="character(0)" name="ard_dichotomous.survey.design_works"/>
    <testcase time="0.000999999999997669" classname="character(0)" name="ard_dichotomous.survey.design_works"/>
    <testcase time="0" classname="character(0)" name="ard_dichotomous.survey.design_works"/>
  </testsuite>
  <testsuite name="ard_dichotomous.survey.design" timestamp="2025-04-02T14:32:33Z" hostname="f06b9bb741de" tests="12" skipped="0" failures="0" errors="0" time="0.007">
    <testcase time="0.00200000000000244" classname="character(0)" name="ard_dichotomous.survey.design_works_with_various_input_types"/>
    <testcase time="0" classname="character(0)" name="ard_dichotomous.survey.design_works_with_various_input_types"/>
    <testcase time="0.000999999999997669" classname="character(0)" name="ard_dichotomous.survey.design_works_with_various_input_types"/>
    <testcase time="0" classname="character(0)" name="ard_dichotomous.survey.design_works_with_various_input_types"/>
    <testcase time="0.000999999999997669" classname="character(0)" name="ard_dichotomous.survey.design_works_with_various_input_types"/>
    <testcase time="0" classname="character(0)" name="ard_dichotomous.survey.design_works_with_various_input_types"/>
    <testcase time="0.00100000000000477" classname="character(0)" name="ard_dichotomous.survey.design_works_with_various_input_types"/>
    <testcase time="0" classname="character(0)" name="ard_dichotomous.survey.design_works_with_various_input_types"/>
    <testcase time="0.000999999999997669" classname="character(0)" name="ard_dichotomous.survey.design_works_with_various_input_types"/>
    <testcase time="0" classname="character(0)" name="ard_dichotomous.survey.design_works_with_various_input_types"/>
    <testcase time="0.000999999999997669" classname="character(0)" name="ard_dichotomous.survey.design_works_with_various_input_types"/>
    <testcase time="0" classname="character(0)" name="ard_dichotomous.survey.design_works_with_various_input_types"/>
  </testsuite>
  <testsuite name="ard_dichotomous.survey.design" timestamp="2025-04-02T14:32:33Z" hostname="f06b9bb741de" tests="3" skipped="0" failures="0" errors="0" time="0.002">
    <testcase time="0.00200000000000244" classname="character(0)" name="ard_dichotomous.survey.design_returns_an_error_with_erroneous_input"/>
    <testcase time="0" classname="character(0)" name="ard_dichotomous.survey.design_returns_an_error_with_erroneous_input"/>
    <testcase time="0" classname="character(0)" name="ard_dichotomous.survey.design_returns_an_error_with_erroneous_input"/>
  </testsuite>
  <testsuite name="ard_dichotomous.survey.design" timestamp="2025-04-02T14:32:33Z" hostname="f06b9bb741de" tests="1" skipped="0" failures="0" errors="0" time="0.002">
    <testcase time="0.00200000000000244" classname="character(0)" name="ard_dichotomous.survey.design_follows_ard_structure"/>
  </testsuite>
  <testsuite name="ard_effectsize_cohens_d" timestamp="2025-04-02T14:32:33Z" hostname="f06b9bb741de" tests="4" skipped="0" failures="0" errors="0" time="0.734">
    <testcase time="0.733000000000004" classname="character(0)" name="ard_effectsize_cohens_d_works"/>
    <testcase time="0" classname="character(0)" name="ard_effectsize_cohens_d_works"/>
    <testcase time="0.000999999999997669" classname="character(0)" name="ard_effectsize_cohens_d_works"/>
    <testcase time="0" classname="character(0)" name="ard_effectsize_cohens_d_works"/>
  </testsuite>
  <testsuite name="ard_effectsize_cohens_d" timestamp="2025-04-02T14:32:33Z" hostname="f06b9bb741de" tests="3" skipped="0" failures="0" errors="0" time="0.003">
    <testcase time="0.00200000000000244" classname="character(0)" name="ard_effectsize_paired_cohens_d_works"/>
    <testcase time="0" classname="character(0)" name="ard_effectsize_paired_cohens_d_works"/>
    <testcase time="0.000999999999997669" classname="character(0)" name="ard_effectsize_paired_cohens_d_works"/>
  </testsuite>
  <testsuite name="ard_effectsize_cohens_d" timestamp="2025-04-02T14:32:33Z" hostname="f06b9bb741de" tests="2" skipped="0" failures="0" errors="0" time="0.002">
    <testcase time="0.000999999999997669" classname="character(0)" name="ard_effectsize_cohens_d_follows_ard_structure"/>
    <testcase time="0.00100000000000477" classname="character(0)" name="ard_effectsize_cohens_d_follows_ard_structure"/>
  </testsuite>
  <testsuite name="ard_effectsize_hedges_g" timestamp="2025-04-02T14:32:34Z" hostname="f06b9bb741de" tests="4" skipped="0" failures="0" errors="0" time="0.581">
    <testcase time="0.578999999999994" classname="character(0)" name="ard_effectsize_hedges_g_works"/>
    <testcase time="0.00100000000000477" classname="character(0)" name="ard_effectsize_hedges_g_works"/>
    <testcase time="0" classname="character(0)" name="ard_effectsize_hedges_g_works"/>
    <testcase time="0.000999999999997669" classname="character(0)" name="ard_effectsize_hedges_g_works"/>
  </testsuite>
  <testsuite name="ard_effectsize_hedges_g" timestamp="2025-04-02T14:32:34Z" hostname="f06b9bb741de" tests="3" skipped="0" failures="0" errors="0" time="0.002">
    <testcase time="0.000999999999997669" classname="character(0)" name="ard_effectsize_paired_hedges_g_works"/>
    <testcase time="0.00100000000000477" classname="character(0)" name="ard_effectsize_paired_hedges_g_works"/>
    <testcase time="0" classname="character(0)" name="ard_effectsize_paired_hedges_g_works"/>
  </testsuite>
  <testsuite name="ard_effectsize_hedges_g" timestamp="2025-04-02T14:32:34Z" hostname="f06b9bb741de" tests="2" skipped="0" failures="0" errors="0" time="0.002">
    <testcase time="0.00199999999999534" classname="character(0)" name="ard_effectsize_cohens_d_follows_ard_structure"/>
    <testcase time="0" classname="character(0)" name="ard_effectsize_cohens_d_follows_ard_structure"/>
  </testsuite>
  <testsuite name="ard_emmeans_mean_difference" timestamp="2025-04-02T14:32:35Z" hostname="f06b9bb741de" tests="9" skipped="0" failures="0" errors="0" time="1.196">
    <testcase time="1.192" classname="character(0)" name="ard_emmeans_mean_difference_works"/>
    <testcase time="0" classname="character(0)" name="ard_emmeans_mean_difference_works"/>
    <testcase time="0.00100000000000477" classname="character(0)" name="ard_emmeans_mean_difference_works"/>
    <testcase time="0" classname="character(0)" name="ard_emmeans_mean_difference_works"/>
    <testcase time="0.000999999999997669" classname="character(0)" name="ard_emmeans_mean_difference_works"/>
    <testcase time="0" classname="character(0)" name="ard_emmeans_mean_difference_works"/>
    <testcase time="0.000999999999997669" classname="character(0)" name="ard_emmeans_mean_difference_works"/>
    <testcase time="0" classname="character(0)" name="ard_emmeans_mean_difference_works"/>
    <testcase time="0.00100000000000477" classname="character(0)" name="ard_emmeans_mean_difference_works"/>
  </testsuite>
  <testsuite name="ard_emmeans_mean_difference" timestamp="2025-04-02T14:32:35Z" hostname="f06b9bb741de" tests="1" skipped="0" failures="0" errors="0" time="0.002">
    <testcase time="0.00199999999999534" classname="character(0)" name="ard_emmeans_mean_difference_follows_ard_structure"/>
  </testsuite>
  <testsuite name="ard_missing.survey.design" timestamp="2025-04-02T14:32:38Z" hostname="f06b9bb741de" tests="19" skipped="0" failures="0" errors="0" time="2.434">
    <testcase time="2.422" classname="character(0)" name="ard_missing.survey.design_works"/>
    <testcase time="0" classname="character(0)" name="ard_missing.survey.design_works"/>
    <testcase time="0.000999999999997669" classname="character(0)" name="ard_missing.survey.design_works"/>
    <testcase time="0" classname="character(0)" name="ard_missing.survey.design_works"/>
    <testcase time="0.000999999999997669" classname="character(0)" name="ard_missing.survey.design_works"/>
    <testcase time="0" classname="character(0)" name="ard_missing.survey.design_works"/>
    <testcase time="0.00100000000000477" classname="character(0)" name="ard_missing.survey.design_works"/>
    <testcase time="0" classname="character(0)" name="ard_missing.survey.design_works"/>
    <testcase time="0.000999999999997669" classname="character(0)" name="ard_missing.survey.design_works"/>
    <testcase time="0.00300000000000011" classname="character(0)" name="ard_missing.survey.design_works"/>
    <testcase time="0.000999999999997669" classname="character(0)" name="ard_missing.survey.design_works"/>
    <testcase time="0" classname="character(0)" name="ard_missing.survey.design_works"/>
    <testcase time="0.00100000000000477" classname="character(0)" name="ard_missing.survey.design_works"/>
    <testcase time="0" classname="character(0)" name="ard_missing.survey.design_works"/>
    <testcase time="0.000999999999997669" classname="character(0)" name="ard_missing.survey.design_works"/>
    <testcase time="0" classname="character(0)" name="ard_missing.survey.design_works"/>
    <testcase time="0.000999999999997669" classname="character(0)" name="ard_missing.survey.design_works"/>
    <testcase time="0" classname="character(0)" name="ard_missing.survey.design_works"/>
    <testcase time="0.00100000000000477" classname="character(0)" name="ard_missing.survey.design_works"/>
  </testsuite>
  <testsuite name="ard_missing.survey.design" timestamp="2025-04-02T14:32:38Z" hostname="f06b9bb741de" tests="1" skipped="0" failures="0" errors="0" time="0.002">
    <testcase time="0.00199999999999534" classname="character(0)" name="ard_missing.survey.design_follows_ard_structure"/>
  </testsuite>
  <testsuite name="ard_missing.survey.design" timestamp="2025-04-02T14:32:38Z" hostname="f06b9bb741de" tests="1" skipped="0" failures="0" errors="0" time="0.001">
    <testcase time="0.00100000000000477" classname="character(0)" name="ard_missing.survey.design_works_on_design_columns"/>
  </testsuite>
  <testsuite name="ard_proportion_ci" timestamp="2025-04-02T14:32:39Z" hostname="f06b9bb741de" tests="6" skipped="0" failures="0" errors="0" time="1.418">
    <testcase time="1.415" classname="character(0)" name="ard_categorical_ci_works"/>
    <testcase time="0.000999999999997669" classname="character(0)" name="ard_categorical_ci_works"/>
    <testcase time="0.000999999999997669" classname="character(0)" name="ard_categorical_ci_works"/>
    <testcase time="0" classname="character(0)" name="ard_categorical_ci_works"/>
    <testcase time="0.00100000000000477" classname="character(0)" name="ard_categorical_ci_works"/>
    <testcase time="0" classname="character(0)" name="ard_categorical_ci_works"/>
  </testsuite>
  <testsuite name="ard_proportion_ci" timestamp="2025-04-02T14:32:39Z" hostname="f06b9bb741de" tests="4" skipped="0" failures="0" errors="0" time="0.003">
    <testcase time="0.00199999999999534" classname="character(0)" name="ard_categorical_ci_method_strat_wilson_works"/>
    <testcase time="0" classname="character(0)" name="ard_categorical_ci_method_strat_wilson_works"/>
    <testcase time="0.00100000000000477" classname="character(0)" name="ard_categorical_ci_method_strat_wilson_works"/>
    <testcase time="0" classname="character(0)" name="ard_categorical_ci_method_strat_wilson_works"/>
  </testsuite>
  <testsuite name="ard_proportion_ci" timestamp="2025-04-02T14:32:39Z" hostname="f06b9bb741de" tests="1" skipped="0" failures="0" errors="0" time="0.002">
    <testcase time="0.00199999999999534" classname="character(0)" name="ard_categorical_ci_messaging"/>
  </testsuite>
  <testsuite name="ard_proportion_ci" timestamp="2025-04-02T14:32:39Z" hostname="f06b9bb741de" tests="1" skipped="0" failures="0" errors="0" time="0.002">
    <testcase time="0.00200000000000244" classname="character(0)" name="ard_proportion_ci_follows_ard_structure"/>
  </testsuite>
  <testsuite name="ard_regression" timestamp="2025-04-02T14:32:43Z" hostname="f06b9bb741de" tests="4" skipped="0" failures="0" errors="0" time="3.64">
    <testcase time="3.639" classname="character(0)" name="ard_regression_works"/>
    <testcase time="0" classname="character(0)" name="ard_regression_works"/>
    <testcase time="0.000999999999997669" classname="character(0)" name="ard_regression_works"/>
    <testcase time="0" classname="character(0)" name="ard_regression_works"/>
  </testsuite>
  <testsuite name="ard_regression" timestamp="2025-04-02T14:32:43Z" hostname="f06b9bb741de" tests="1" skipped="0" failures="0" errors="0" time="0.002">
    <testcase time="0.00200000000000244" classname="character(0)" name="ard_regression_works_specifying_custom_tidier"/>
  </testsuite>
  <testsuite name="ard_regression" timestamp="2025-04-02T14:32:43Z" hostname="f06b9bb741de" tests="1" skipped="0" failures="0" errors="0" time="0.002">
    <testcase time="0.00199999999999534" classname="character(0)" name="ard_regression_does_not_produce_variable_level_column_where_not_applicable"/>
  </testsuite>
  <testsuite name="ard_regression" timestamp="2025-04-02T14:32:43Z" hostname="f06b9bb741de" tests="2" skipped="0" failures="0" errors="0" time="0.002">
    <testcase time="0.00100000000000477" classname="character(0)" name="ard_regression_warnings_and_errors_return_correctly"/>
    <testcase time="0.000999999999997669" classname="character(0)" name="ard_regression_warnings_and_errors_return_correctly"/>
  </testsuite>
  <testsuite name="ard_regression" timestamp="2025-04-02T14:32:43Z" hostname="f06b9bb741de" tests="1" skipped="0" failures="0" errors="0" time="0.004">
    <testcase time="0.00399999999999778" classname="character(0)" name="ard_regression_follows_ard_structure"/>
  </testsuite>
  <testsuite name="ard_regression_basic" timestamp="2025-04-02T14:32:44Z" hostname="f06b9bb741de" tests="3" skipped="0" failures="0" errors="0" time="1.203">
    <testcase time="1.20200000000001" classname="character(0)" name="ard_regression_basic_works"/>
    <testcase time="0.000999999999997669" classname="character(0)" name="ard_regression_basic_works"/>
    <testcase time="0" classname="character(0)" name="ard_regression_basic_works"/>
  </testsuite>
  <testsuite name="ard_regression_basic" timestamp="2025-04-02T14:32:44Z" hostname="f06b9bb741de" tests="1" skipped="0" failures="0" errors="0" time="0.002">
    <testcase time="0.00200000000000244" classname="character(0)" name="ard_regression_basic_does_not_produce_variable_level_column_where_not_applicable"/>
  </testsuite>
  <testsuite name="ard_regression_basic" timestamp="2025-04-02T14:32:44Z" hostname="f06b9bb741de" tests="1" skipped="0" failures="0" errors="0" time="0.001">
    <testcase time="0.000999999999997669" classname="character(0)" name="ard_regression_basic_follows_ard_structure"/>
  </testsuite>
  <testsuite name="ard_smd_smd" timestamp="2025-04-02T14:32:44Z" hostname="f06b9bb741de" tests="3" skipped="0" failures="0" errors="0" time="0.455">
    <testcase time="0.454000000000001" classname="character(0)" name="ard_smd_smd_works"/>
    <testcase time="0.000999999999997669" classname="character(0)" name="ard_smd_smd_works"/>
    <testcase time="0" classname="character(0)" name="ard_smd_smd_works"/>
  </testsuite>
  <testsuite name="ard_smd_smd" timestamp="2025-04-02T14:32:44Z" hostname="f06b9bb741de" tests="2" skipped="0" failures="0" errors="0" time="0.002">
    <testcase time="0.000999999999997669" classname="character(0)" name="ard_smd_works_with_survey_data"/>
    <testcase time="0.000999999999997669" classname="character(0)" name="ard_smd_works_with_survey_data"/>
  </testsuite>
  <testsuite name="ard_smd_smd" timestamp="2025-04-02T14:32:44Z" hostname="f06b9bb741de" tests="4" skipped="0" failures="0" errors="0" time="0.003">
    <testcase time="0.00100000000000477" classname="character(0)" name="ard_smd_smd_error_messaging"/>
    <testcase time="0.000999999999997669" classname="character(0)" name="ard_smd_smd_error_messaging"/>
    <testcase time="0" classname="character(0)" name="ard_smd_smd_error_messaging"/>
    <testcase time="0.000999999999997669" classname="character(0)" name="ard_smd_smd_error_messaging"/>
  </testsuite>
  <testsuite name="ard_smd_smd" timestamp="2025-04-02T14:32:44Z" hostname="f06b9bb741de" tests="1" skipped="0" failures="0" errors="0" time="0.002">
    <testcase time="0.00200000000000244" classname="character(0)" name="ard_smd_smd_follows_ard_structure"/>
  </testsuite>
  <testsuite name="ard_stats_anova" timestamp="2025-04-02T14:32:46Z" hostname="f06b9bb741de" tests="1" skipped="0" failures="0" errors="0" time="1.4">
    <testcase time="1.4" classname="character(0)" name="ard_stats_anova.anova_works"/>
  </testsuite>
  <testsuite name="ard_stats_anova" timestamp="2025-04-02T14:32:46Z" hostname="f06b9bb741de" tests="7" skipped="0" failures="0" errors="0" time="0.008">
    <testcase time="0.00500000000000256" classname="character(0)" name="ard_stats_anova.data.frame_works"/>
    <testcase time="0" classname="character(0)" name="ard_stats_anova.data.frame_works"/>
    <testcase time="0.000999999999997669" classname="character(0)" name="ard_stats_anova.data.frame_works"/>
    <testcase time="0" classname="character(0)" name="ard_stats_anova.data.frame_works"/>
    <testcase time="0.00100000000000477" classname="character(0)" name="ard_stats_anova.data.frame_works"/>
    <testcase time="0" classname="character(0)" name="ard_stats_anova.data.frame_works"/>
    <testcase time="0.000999999999997669" classname="character(0)" name="ard_stats_anova.data.frame_works"/>
  </testsuite>
  <testsuite name="ard_stats_anova" timestamp="2025-04-02T14:32:46Z" hostname="f06b9bb741de" tests="1" skipped="0" failures="0" errors="0" time="0.002">
    <testcase time="0.00200000000000244" classname="character(0)" name="ard_stats_anova.data.frame_error_messaging"/>
  </testsuite>
  <testsuite name="ard_stats_anova" timestamp="2025-04-02T14:32:46Z" hostname="f06b9bb741de" tests="1" skipped="0" failures="0" errors="0" time="0.001">
    <testcase time="0.000999999999997669" classname="character(0)" name="ard_stats_anova_follows_ard_structure"/>
  </testsuite>
  <testsuite name="ard_stats_aov" timestamp="2025-04-02T14:32:46Z" hostname="f06b9bb741de" tests="3" skipped="0" failures="0" errors="0" time="0.265">
    <testcase time="0.263999999999996" classname="character(0)" name="ard_aov_works"/>
    <testcase time="0" classname="character(0)" name="ard_aov_works"/>
    <testcase time="0.00100000000000477" classname="character(0)" name="ard_aov_works"/>
  </testsuite>
  <testsuite name="ard_stats_aov" timestamp="2025-04-02T14:32:46Z" hostname="f06b9bb741de" tests="1" skipped="0" failures="0" errors="0" time="0.001">
    <testcase time="0.000999999999997669" classname="character(0)" name="ard_stats_aov_follows_ard_structure"/>
  </testsuite>
  <testsuite name="ard_stats_chisq_test" timestamp="2025-04-02T14:32:46Z" hostname="f06b9bb741de" tests="3" skipped="0" failures="0" errors="0" time="0.244">
    <testcase time="0.243000000000002" classname="character(0)" name="ard_stats_chisq_test_works"/>
    <testcase time="0" classname="character(0)" name="ard_stats_chisq_test_works"/>
    <testcase time="0.000999999999997669" classname="character(0)" name="ard_stats_chisq_test_works"/>
  </testsuite>
  <testsuite name="ard_stats_chisq_test" timestamp="2025-04-02T14:32:46Z" hostname="f06b9bb741de" tests="1" skipped="0" failures="0" errors="0" time="0.002">
    <testcase time="0.00200000000000244" classname="character(0)" name="ard_stats_chisq_test_follows_ard_structure"/>
  </testsuite>
  <testsuite name="ard_stats_fisher_test" timestamp="2025-04-02T14:32:46Z" hostname="f06b9bb741de" tests="3" skipped="0" failures="0" errors="0" time="0.242">
    <testcase time="0.241" classname="character(0)" name="ard_stats_fisher_test_works"/>
    <testcase time="0.000999999999997669" classname="character(0)" name="ard_stats_fisher_test_works"/>
    <testcase time="0" classname="character(0)" name="ard_stats_fisher_test_works"/>
  </testsuite>
  <testsuite name="ard_stats_fisher_test" timestamp="2025-04-02T14:32:47Z" hostname="f06b9bb741de" tests="1" skipped="0" failures="0" errors="0" time="0.002">
    <testcase time="0.00200000000000244" classname="character(0)" name="ard_stats_fisher_test_follows_ard_structure"/>
  </testsuite>
  <testsuite name="ard_stats_kruskal_test" timestamp="2025-04-02T14:32:47Z" hostname="f06b9bb741de" tests="4" skipped="0" failures="0" errors="0" time="0.543">
    <testcase time="0.542000000000002" classname="character(0)" name="ard_stats_kruskal_test_works"/>
    <testcase time="0" classname="character(0)" name="ard_stats_kruskal_test_works"/>
    <testcase time="0.000999999999997669" classname="character(0)" name="ard_stats_kruskal_test_works"/>
    <testcase time="0" classname="character(0)" name="ard_stats_kruskal_test_works"/>
  </testsuite>
  <testsuite name="ard_stats_kruskal_test" timestamp="2025-04-02T14:32:47Z" hostname="f06b9bb741de" tests="1" skipped="0" failures="0" errors="0" time="0.002">
    <testcase time="0.00200000000000244" classname="character(0)" name="ard_stats_kruskal_test_follows_ard_structure"/>
  </testsuite>
  <testsuite name="ard_stats_mcnemar_test" timestamp="2025-04-02T14:32:47Z" hostname="f06b9bb741de" tests="7" skipped="0" failures="0" errors="0" time="0.455">
    <testcase time="0.451999999999998" classname="character(0)" name="ard_stats_mcnemar_test_works"/>
    <testcase time="0.000999999999997669" classname="character(0)" name="ard_stats_mcnemar_test_works"/>
    <testcase time="0" classname="character(0)" name="ard_stats_mcnemar_test_works"/>
    <testcase time="0" classname="character(0)" name="ard_stats_mcnemar_test_works"/>
    <testcase time="0.000999999999997669" classname="character(0)" name="ard_stats_mcnemar_test_works"/>
    <testcase time="0" classname="character(0)" name="ard_stats_mcnemar_test_works"/>
    <testcase time="0.000999999999997669" classname="character(0)" name="ard_stats_mcnemar_test_works"/>
  </testsuite>
  <testsuite name="ard_stats_mcnemar_test" timestamp="2025-04-02T14:32:48Z" hostname="f06b9bb741de" tests="1" skipped="0" failures="0" errors="0" time="0.001">
    <testcase time="0.00100000000000477" classname="character(0)" name="ard_stats_mcnemar_test_follows_ard_structure"/>
  </testsuite>
  <testsuite name="ard_stats_mood_test" timestamp="2025-04-02T14:32:48Z" hostname="f06b9bb741de" tests="4" skipped="0" failures="0" errors="0" time="0.343">
    <testcase time="0.340999999999994" classname="character(0)" name="ard_stats_mood_test_works"/>
    <testcase time="0.00100000000000477" classname="character(0)" name="ard_stats_mood_test_works"/>
    <testcase time="0" classname="character(0)" name="ard_stats_mood_test_works"/>
    <testcase time="0.000999999999997669" classname="character(0)" name="ard_stats_mood_test_works"/>
  </testsuite>
  <testsuite name="ard_stats_mood_test" timestamp="2025-04-02T14:32:48Z" hostname="f06b9bb741de" tests="1" skipped="0" failures="0" errors="0" time="0.001">
    <testcase time="0.000999999999997669" classname="character(0)" name="ard_stats_mood_test_follows_ard_structure"/>
  </testsuite>
  <testsuite name="ard_stats_oneway_test" timestamp="2025-04-02T14:32:48Z" hostname="f06b9bb741de" tests="3" skipped="0" failures="0" errors="0" time="0.265">
    <testcase time="0.264000000000003" classname="character(0)" name="ard_stats_oneway_test_works"/>
    <testcase time="0.000999999999997669" classname="character(0)" name="ard_stats_oneway_test_works"/>
    <testcase time="0" classname="character(0)" name="ard_stats_oneway_test_works"/>
  </testsuite>
  <testsuite name="ard_stats_oneway_test" timestamp="2025-04-02T14:32:48Z" hostname="f06b9bb741de" tests="1" skipped="0" failures="0" errors="0" time="0.002">
    <testcase time="0.00200000000000244" classname="character(0)" name="ard_stats_oneway_test_follows_ard_structure"/>
  </testsuite>
  <testsuite name="ard_stats_poisson_test" timestamp="2025-04-02T14:32:48Z" hostname="f06b9bb741de" tests="3" skipped="0" failures="0" errors="0" time="0.347">
    <testcase time="0.345999999999997" classname="character(0)" name="ard_stats_poisson_test_works_for_one_sample_tests"/>
    <testcase time="0" classname="character(0)" name="ard_stats_poisson_test_works_for_one_sample_tests"/>
    <testcase time="0.00100000000000477" classname="character(0)" name="ard_stats_poisson_test_works_for_one_sample_tests"/>
  </testsuite>
  <testsuite name="ard_stats_poisson_test" timestamp="2025-04-02T14:32:48Z" hostname="f06b9bb741de" tests="2" skipped="0" failures="0" errors="0" time="0.005">
    <testcase time="0.00399999999999778" classname="character(0)" name="ard_stats_poisson_test_works_for_two_sample_tests"/>
    <testcase time="0.000999999999997669" classname="character(0)" name="ard_stats_poisson_test_works_for_two_sample_tests"/>
  </testsuite>
  <testsuite name="ard_stats_poisson_test" timestamp="2025-04-02T14:32:48Z" hostname="f06b9bb741de" tests="1" skipped="0" failures="0" errors="0" time="0.002">
    <testcase time="0.00200000000000244" classname="character(0)" name="ard_stats_poisson_test_errors_are_handled_correctly"/>
  </testsuite>
  <testsuite name="ard_stats_poisson_test" timestamp="2025-04-02T14:32:48Z" hostname="f06b9bb741de" tests="1" skipped="0" failures="0" errors="0" time="0.001">
    <testcase time="0.000999999999997669" classname="character(0)" name="ard_stats_poisson_test_follows_ard_structure"/>
  </testsuite>
  <testsuite name="ard_stats_prop_test" timestamp="2025-04-02T14:32:49Z" hostname="f06b9bb741de" tests="3" skipped="0" failures="0" errors="0" time="0.524">
    <testcase time="0.522000000000006" classname="character(0)" name="ard_stats_prop_test_works"/>
    <testcase time="0.000999999999997669" classname="character(0)" name="ard_stats_prop_test_works"/>
    <testcase time="0.000999999999997669" classname="character(0)" name="ard_stats_prop_test_works"/>
  </testsuite>
  <testsuite name="ard_stats_prop_test" timestamp="2025-04-02T14:32:49Z" hostname="f06b9bb741de" tests="8" skipped="0" failures="0" errors="0" time="0.01">
    <testcase time="0.00400000000000489" classname="character(0)" name="ard_stats_prop_test_error_messaging"/>
    <testcase time="0" classname="character(0)" name="ard_stats_prop_test_error_messaging"/>
    <testcase time="0.000999999999997669" classname="character(0)" name="ard_stats_prop_test_error_messaging"/>
    <testcase time="0.000999999999997669" classname="character(0)" name="ard_stats_prop_test_error_messaging"/>
    <testcase time="0.00100000000000477" classname="character(0)" name="ard_stats_prop_test_error_messaging"/>
    <testcase time="0.000999999999997669" classname="character(0)" name="ard_stats_prop_test_error_messaging"/>
    <testcase time="0.000999999999997669" classname="character(0)" name="ard_stats_prop_test_error_messaging"/>
    <testcase time="0.00100000000000477" classname="character(0)" name="ard_stats_prop_test_error_messaging"/>
  </testsuite>
  <testsuite name="ard_stats_prop_test" timestamp="2025-04-02T14:32:49Z" hostname="f06b9bb741de" tests="1" skipped="0" failures="0" errors="0" time="0.003">
    <testcase time="0.00299999999999301" classname="character(0)" name="ard_stats_prop_test_follows_ard_structure"/>
  </testsuite>
  <testsuite name="ard_stats_t_test" timestamp="2025-04-02T14:32:50Z" hostname="f06b9bb741de" tests="6" skipped="0" failures="0" errors="0" time="0.502">
    <testcase time="0.497000000000007" classname="character(0)" name="ard_stats_t_test_works"/>
    <testcase time="0.000999999999997669" classname="character(0)" name="ard_stats_t_test_works"/>
    <testcase time="0.000999999999997669" classname="character(0)" name="ard_stats_t_test_works"/>
    <testcase time="0.000999999999997669" classname="character(0)" name="ard_stats_t_test_works"/>
    <testcase time="0.00100000000000477" classname="character(0)" name="ard_stats_t_test_works"/>
    <testcase time="0.000999999999997669" classname="character(0)" name="ard_stats_t_test_works"/>
  </testsuite>
  <testsuite name="ard_stats_t_test" timestamp="2025-04-02T14:32:50Z" hostname="f06b9bb741de" tests="3" skipped="0" failures="0" errors="0" time="0.004">
    <testcase time="0.00300000000000011" classname="character(0)" name="ard_stats_paired_t_test_works"/>
    <testcase time="0.000999999999997669" classname="character(0)" name="ard_stats_paired_t_test_works"/>
    <testcase time="0" classname="character(0)" name="ard_stats_paired_t_test_works"/>
  </testsuite>
  <testsuite name="ard_stats_t_test" timestamp="2025-04-02T14:32:50Z" hostname="f06b9bb741de" tests="1" skipped="0" failures="0" errors="0" time="0.004">
    <testcase time="0.00400000000000489" classname="character(0)" name="ard_stats_t_test_follows_ard_structure"/>
  </testsuite>
  <testsuite name="ard_stats_t_test_onesample" timestamp="2025-04-02T14:32:50Z" hostname="f06b9bb741de" tests="5" skipped="0" failures="0" errors="0" time="0.409">
    <testcase time="0.405000000000001" classname="character(0)" name="ard_stats_t_test_onesample_works"/>
    <testcase time="0.000999999999997669" classname="character(0)" name="ard_stats_t_test_onesample_works"/>
    <testcase time="0.000999999999997669" classname="character(0)" name="ard_stats_t_test_onesample_works"/>
    <testcase time="0.00100000000000477" classname="character(0)" name="ard_stats_t_test_onesample_works"/>
    <testcase time="0.000999999999997669" classname="character(0)" name="ard_stats_t_test_onesample_works"/>
  </testsuite>
  <testsuite name="ard_stats_t_test_onesample" timestamp="2025-04-02T14:32:50Z" hostname="f06b9bb741de" tests="1" skipped="0" failures="0" errors="0" time="0.003">
    <testcase time="0.00300000000000011" classname="character(0)" name="ard_stats_t_test_onesample_follows_ard_structure"/>
  </testsuite>
  <testsuite name="ard_stats_wilcox_test" timestamp="2025-04-02T14:32:51Z" hostname="f06b9bb741de" tests="6" skipped="0" failures="0" errors="0" time="0.652">
    <testcase time="0.649999999999999" classname="character(0)" name="ard_stats_wilcox_test_works"/>
    <testcase time="0" classname="character(0)" name="ard_stats_wilcox_test_works"/>
    <testcase time="0.000999999999997669" classname="character(0)" name="ard_stats_wilcox_test_works"/>
    <testcase time="0" classname="character(0)" name="ard_stats_wilcox_test_works"/>
    <testcase time="0.00100000000000477" classname="character(0)" name="ard_stats_wilcox_test_works"/>
    <testcase time="0" classname="character(0)" name="ard_stats_wilcox_test_works"/>
  </testsuite>
  <testsuite name="ard_stats_wilcox_test" timestamp="2025-04-02T14:32:51Z" hostname="f06b9bb741de" tests="3" skipped="0" failures="0" errors="0" time="0.003">
    <testcase time="0.00199999999999534" classname="character(0)" name="ard_stats_paired_wilcox_test_works"/>
    <testcase time="0.00100000000000477" classname="character(0)" name="ard_stats_paired_wilcox_test_works"/>
    <testcase time="0" classname="character(0)" name="ard_stats_paired_wilcox_test_works"/>
  </testsuite>
  <testsuite name="ard_stats_wilcox_test" timestamp="2025-04-02T14:32:51Z" hostname="f06b9bb741de" tests="1" skipped="0" failures="0" errors="0" time="0.002">
    <testcase time="0.00199999999999534" classname="character(0)" name="ard_stats_wilcox_test_follows_ard_structure"/>
  </testsuite>
  <testsuite name="ard_stats_wilcox_test_onesample" timestamp="2025-04-02T14:32:51Z" hostname="f06b9bb741de" tests="5" skipped="0" failures="0" errors="0" time="0.496">
    <testcase time="0.494" classname="character(0)" name="ard_stats_wilcox_test_onesample_works"/>
    <testcase time="0.00100000000000477" classname="character(0)" name="ard_stats_wilcox_test_onesample_works"/>
    <testcase time="0" classname="character(0)" name="ard_stats_wilcox_test_onesample_works"/>
    <testcase time="0.000999999999997669" classname="character(0)" name="ard_stats_wilcox_test_onesample_works"/>
    <testcase time="0" classname="character(0)" name="ard_stats_wilcox_test_onesample_works"/>
  </testsuite>
  <testsuite name="ard_stats_wilcox_test_onesample" timestamp="2025-04-02T14:32:51Z" hostname="f06b9bb741de" tests="1" skipped="0" failures="0" errors="0" time="0.002">
    <testcase time="0.00200000000000244" classname="character(0)" name="ard_stats_wilcox_test_onesample_follows_ard_structure"/>
  </testsuite>
  <testsuite name="ard_survey_svychisq" timestamp="2025-04-02T14:32:52Z" hostname="f06b9bb741de" tests="5" skipped="0" failures="0" errors="0" time="0.559">
    <testcase time="0.556999999999995" classname="character(0)" name="ard_survey_svychisq_works"/>
    <testcase time="0.00100000000000477" classname="character(0)" name="ard_survey_svychisq_works"/>
    <testcase time="0" classname="character(0)" name="ard_survey_svychisq_works"/>
    <testcase time="0.000999999999997669" classname="character(0)" name="ard_survey_svychisq_works"/>
    <testcase time="0" classname="character(0)" name="ard_survey_svychisq_works"/>
  </testsuite>
  <testsuite name="ard_survey_svychisq" timestamp="2025-04-02T14:32:52Z" hostname="f06b9bb741de" tests="1" skipped="0" failures="0" errors="0" time="0.005">
    <testcase time="0.00500000000000256" classname="character(0)" name="ard_survey_svychisq_follows_ard_structure"/>
  </testsuite>
  <testsuite name="ard_survey_svyranktest" timestamp="2025-04-02T14:32:52Z" hostname="f06b9bb741de" tests="4" skipped="0" failures="0" errors="0" time="0.597">
    <testcase time="0.595999999999997" classname="character(0)" name="ard_survey_svyranktest_works"/>
    <testcase time="0" classname="character(0)" name="ard_survey_svyranktest_works"/>
    <testcase time="0.00100000000000477" classname="character(0)" name="ard_survey_svyranktest_works"/>
    <testcase time="0" classname="character(0)" name="ard_survey_svyranktest_works"/>
  </testsuite>
  <testsuite name="ard_survey_svyranktest" timestamp="2025-04-02T14:32:52Z" hostname="f06b9bb741de" tests="1" skipped="0" failures="0" errors="0" time="0.002">
    <testcase time="0.00199999999999534" classname="character(0)" name="exact_values_match_for_ard_svyranktest_works"/>
  </testsuite>
  <testsuite name="ard_survey_svyranktest" timestamp="2025-04-02T14:32:52Z" hostname="f06b9bb741de" tests="1" skipped="0" failures="0" errors="0" time="0.002">
    <testcase time="0.00200000000000244" classname="character(0)" name="ard_survey_svyranktest_follows_ard_structure"/>
  </testsuite>
  <testsuite name="ard_survey_svyttest" timestamp="2025-04-02T14:32:53Z" hostname="f06b9bb741de" tests="4" skipped="0" failures="0" errors="0" time="0.48">
    <testcase time="0.478000000000002" classname="character(0)" name="ard_survey_svyttest_works"/>
    <testcase time="0.000999999999997669" classname="character(0)" name="ard_survey_svyttest_works"/>
    <testcase time="0" classname="character(0)" name="ard_survey_svyttest_works"/>
    <testcase time="0.000999999999997669" classname="character(0)" name="ard_survey_svyttest_works"/>
  </testsuite>
  <testsuite name="ard_survey_svyttest" timestamp="2025-04-02T14:32:53Z" hostname="f06b9bb741de" tests="2" skipped="0" failures="0" errors="0" time="0.002">
    <testcase time="0.00200000000000244" classname="character(0)" name="ard_survey_svyttest_messaging"/>
    <testcase time="0" classname="character(0)" name="ard_survey_svyttest_messaging"/>
  </testsuite>
  <testsuite name="ard_survey_svyttest" timestamp="2025-04-02T14:32:53Z" hostname="f06b9bb741de" tests="1" skipped="0" failures="0" errors="0" time="0.002">
    <testcase time="0.00200000000000244" classname="character(0)" name="ard_survey_svyttest_follows_ard_structure"/>
  </testsuite>
  <testsuite name="ard_survival_survdiff" timestamp="2025-04-02T14:32:53Z" hostname="f06b9bb741de" tests="6" skipped="0" failures="0" errors="0" time="0.283">
    <testcase time="0.279999999999994" classname="character(0)" name="ard_survival_survdiff_works"/>
    <testcase time="0.00100000000000477" classname="character(0)" name="ard_survival_survdiff_works"/>
    <testcase time="0.000999999999997669" classname="character(0)" name="ard_survival_survdiff_works"/>
    <testcase time="0" classname="character(0)" name="ard_survival_survdiff_works"/>
    <testcase time="0.000999999999997669" classname="character(0)" name="ard_survival_survdiff_works"/>
    <testcase time="0" classname="character(0)" name="ard_survival_survdiff_works"/>
  </testsuite>
  <testsuite name="ard_survival_survdiff" timestamp="2025-04-02T14:32:53Z" hostname="f06b9bb741de" tests="4" skipped="0" failures="0" errors="0" time="0.006">
    <testcase time="0.00500000000000256" classname="character(0)" name="ard_survival_survdiff_error_messaging"/>
    <testcase time="0" classname="character(0)" name="ard_survival_survdiff_error_messaging"/>
    <testcase time="0.000999999999997669" classname="character(0)" name="ard_survival_survdiff_error_messaging"/>
    <testcase time="0" classname="character(0)" name="ard_survival_survdiff_error_messaging"/>
  </testsuite>
  <testsuite name="ard_survival_survdiff" timestamp="2025-04-02T14:32:53Z" hostname="f06b9bb741de" tests="1" skipped="0" failures="0" errors="0" time="0.002">
    <testcase time="0.00200000000000244" classname="character(0)" name="ard_survival_survdiff_follows_ard_structure"/>
  </testsuite>
  <testsuite name="ard_survival_survfit" timestamp="2025-04-02T14:32:56Z" hostname="f06b9bb741de" tests="1" skipped="0" failures="0" errors="0" time="3.173">
    <testcase time="3.173" classname="character(0)" name="ard_survival_survfit_works_with_times_provided"/>
  </testsuite>
  <testsuite name="ard_survival_survfit" timestamp="2025-04-02T14:32:56Z" hostname="f06b9bb741de" tests="1" skipped="0" failures="0" errors="0" time="0.003">
    <testcase time="0.00300000000000011" classname="character(0)" name="ard_survival_survfit_works_with_different_type"/>
  </testsuite>
  <testsuite name="ard_survival_survfit" timestamp="2025-04-02T14:32:56Z" hostname="f06b9bb741de" tests="1" skipped="0" failures="0" errors="0" time="0.003">
    <testcase time="0.00300000000000011" classname="character(0)" name="ard_survival_survfit_works_with_probs_provided"/>
  </testsuite>
  <testsuite name="ard_survival_survfit" timestamp="2025-04-02T14:32:56Z" hostname="f06b9bb741de" tests="2" skipped="0" failures="0" errors="0" time="0.004">
    <testcase time="0.00399999999999778" classname="character(0)" name="ard_survival_survfit_works_with_unstratified_model"/>
    <testcase time="0" classname="character(0)" name="ard_survival_survfit_works_with_unstratified_model"/>
  </testsuite>
  <testsuite name="ard_survival_survfit" timestamp="2025-04-02T14:32:56Z" hostname="f06b9bb741de" tests="2" skipped="0" failures="0" errors="0" time="0.002">
    <testcase time="0.00200000000000244" classname="character(0)" name="ard_survival_survfit_works_with_multiple_stratification_variables"/>
    <testcase time="0" classname="character(0)" name="ard_survival_survfit_works_with_multiple_stratification_variables"/>
  </testsuite>
  <testsuite name="ard_survival_survfit" timestamp="2025-04-02T14:32:56Z" hostname="f06b9bb741de" tests="2" skipped="0" failures="0" errors="0" time="0.003">
    <testcase time="0.00199999999999534" classname="character(0)" name="ard_survival_survfit_works_with_competing_risks"/>
    <testcase time="0.00100000000000477" classname="character(0)" name="ard_survival_survfit_works_with_competing_risks"/>
  </testsuite>
  <testsuite name="ard_survival_survfit" timestamp="2025-04-02T14:32:56Z" hostname="f06b9bb741de" tests="8" skipped="0" failures="0" errors="0" time="0.008">
    <testcase time="0.00199999999999534" classname="character(0)" name="ard_survival_survfit_errors_are_properly_handled"/>
    <testcase time="0" classname="character(0)" name="ard_survival_survfit_errors_are_properly_handled"/>
    <testcase time="0.00100000000000477" classname="character(0)" name="ard_survival_survfit_errors_are_properly_handled"/>
    <testcase time="0" classname="character(0)" name="ard_survival_survfit_errors_are_properly_handled"/>
    <testcase time="0.000999999999997669" classname="character(0)" name="ard_survival_survfit_errors_are_properly_handled"/>
    <testcase time="0" classname="character(0)" name="ard_survival_survfit_errors_are_properly_handled"/>
    <testcase time="0.00300000000000011" classname="character(0)" name="ard_survival_survfit_errors_are_properly_handled"/>
    <testcase time="0.000999999999997669" classname="character(0)" name="ard_survival_survfit_errors_are_properly_handled"/>
  </testsuite>
  <testsuite name="ard_survival_survfit" timestamp="2025-04-02T14:32:56Z" hostname="f06b9bb741de" tests="1" skipped="0" failures="0" errors="0" time="0.002">
    <testcase time="0.00200000000000244" classname="character(0)" name="ard_survival_survfit_works_with_non_syntactic_names"/>
  </testsuite>
  <testsuite name="ard_survival_survfit" timestamp="2025-04-02T14:32:56Z" hostname="f06b9bb741de" tests="1" skipped="0" failures="0" errors="0" time="0.002">
    <testcase time="0.00200000000000244" classname="character(0)" name="ard_survival_survfit_errors_with_stratified_Cox_model"/>
  </testsuite>
  <testsuite name="ard_survival_survfit" timestamp="2025-04-02T14:32:56Z" hostname="f06b9bb741de" tests="1" skipped="0" failures="0" errors="0" time="0.002">
    <testcase time="0.00199999999999534" classname="character(0)" name="ard_survival_survfit_works_with_in_strata_variable_level_labels"/>
  </testsuite>
  <testsuite name="ard_survival_survfit" timestamp="2025-04-02T14:32:56Z" hostname="f06b9bb741de" tests="1" skipped="0" failures="0" errors="0" time="0.002">
    <testcase time="0.00200000000000244" classname="character(0)" name="ard_survival_survfit_follows_ard_structure"/>
  </testsuite>
  <testsuite name="ard_survival_survfit" timestamp="2025-04-02T14:32:56Z" hostname="f06b9bb741de" tests="1" skipped="0" failures="0" errors="0" time="0.002">
    <testcase time="0.00200000000000244" classname="character(0)" name="ard_survival_survfit_extends_to_times_outside_range"/>
  </testsuite>
  <testsuite name="ard_survival_survfit" timestamp="2025-04-02T14:32:56Z" hostname="f06b9bb741de" tests="3" skipped="0" failures="0" errors="0" time="0.001">
    <testcase time="0.000999999999997669" classname="character(0)" name="ard_survival_survfit.data.frame_works_as_expected"/>
    <testcase time="0" classname="character(0)" name="ard_survival_survfit.data.frame_works_as_expected"/>
    <testcase time="0" classname="character(0)" name="ard_survival_survfit.data.frame_works_as_expected"/>
  </testsuite>
  <testsuite name="ard_survival_survfit" timestamp="2025-04-02T14:32:56Z" hostname="f06b9bb741de" tests="1" skipped="0" failures="0" errors="0" time="0.002">
    <testcase time="0.00200000000000244" classname="character(0)" name="ard_survival_survfit.data.frame_variables_NULL_for_unstratified_model"/>
  </testsuite>
  <testsuite name="ard_survival_survfit_diff" timestamp="2025-04-02T14:32:57Z" hostname="f06b9bb741de" tests="4" skipped="0" failures="0" errors="0" time="0.638">
    <testcase time="0.634999999999998" classname="character(0)" name="ard_survival_survfit_diff_works"/>
    <testcase time="0.00100000000000477" classname="character(0)" name="ard_survival_survfit_diff_works"/>
    <testcase time="0.000999999999997669" classname="character(0)" name="ard_survival_survfit_diff_works"/>
    <testcase time="0.000999999999997669" classname="character(0)" name="ard_survival_survfit_diff_works"/>
  </testsuite>
  <testsuite name="ard_survival_survfit_diff" timestamp="2025-04-02T14:32:57Z" hostname="f06b9bb741de" tests="3" skipped="0" failures="0" errors="0" time="0.005">
    <testcase time="0.00300000000000011" classname="character(0)" name="ard_survival_survfit_diff_messaging"/>
    <testcase time="0.00100000000000477" classname="character(0)" name="ard_survival_survfit_diff_messaging"/>
    <testcase time="0.000999999999997669" classname="character(0)" name="ard_survival_survfit_diff_messaging"/>
  </testsuite>
  <testsuite name="ard_survival_survfit_diff" timestamp="2025-04-02T14:32:57Z" hostname="f06b9bb741de" tests="1" skipped="0" failures="0" errors="0" time="0.002">
    <testcase time="0.00200000000000244" classname="character(0)" name="ard_survival_survfit_diff_follows_ard_structure"/>
  </testsuite>
  <testsuite name="ard_total_n.survey.design" timestamp="2025-04-02T14:32:57Z" hostname="f06b9bb741de" tests="1" skipped="0" failures="0" errors="0" time="0.433">
    <testcase time="0.433" classname="character(0)" name="ard_total_n.survey.design_works"/>
  </testsuite>
  <testsuite name="ard_total_n.survey.design" timestamp="2025-04-02T14:32:57Z" hostname="f06b9bb741de" tests="1" skipped="0" failures="0" errors="0" time="0.003">
    <testcase time="0.00300000000000011" classname="character(0)" name="ard_total_n.survey.design_follows_ard_structure"/>
  </testsuite>
  <testsuite name="construction_helpers" timestamp="2025-04-02T14:33:00Z" hostname="f06b9bb741de" tests="10" skipped="0" failures="0" errors="0" time="2.222">
    <testcase time="2.218" classname="character(0)" name="construct_model_works"/>
    <testcase time="0" classname="character(0)" name="construct_model_works"/>
    <testcase time="0.000999999999997669" classname="character(0)" name="construct_model_works"/>
    <testcase time="0" classname="character(0)" name="construct_model_works"/>
    <testcase time="0.00100000000000477" classname="character(0)" name="construct_model_works"/>
    <testcase time="0" classname="character(0)" name="construct_model_works"/>
    <testcase time="0.000999999999997669" classname="character(0)" name="construct_model_works"/>
    <testcase time="0" classname="character(0)" name="construct_model_works"/>
    <testcase time="0.000999999999997669" classname="character(0)" name="construct_model_works"/>
    <testcase time="0" classname="character(0)" name="construct_model_works"/>
  </testsuite>
  <testsuite name="construction_helpers" timestamp="2025-04-02T14:33:00Z" hostname="f06b9bb741de" tests="6" skipped="0" failures="0" errors="0" time="0.005">
    <testcase time="0.00200000000000244" classname="character(0)" name="construct_model_messaging"/>
    <testcase time="0.000999999999997669" classname="character(0)" name="construct_model_messaging"/>
    <testcase time="0" classname="character(0)" name="construct_model_messaging"/>
    <testcase time="0.00100000000000477" classname="character(0)" name="construct_model_messaging"/>
    <testcase time="0" classname="character(0)" name="construct_model_messaging"/>
    <testcase time="0.000999999999997669" classname="character(0)" name="construct_model_messaging"/>
  </testsuite>
  <testsuite name="proportion_ci" timestamp="2025-04-02T14:33:01Z" hostname="f06b9bb741de" tests="34" skipped="0" failures="0" errors="0" time="1.698">
    <testcase time="1.67" classname="character(0)" name="check_the_proportion_ci__functions_work"/>
    <testcase time="0.000999999999997669" classname="character(0)" name="check_the_proportion_ci__functions_work"/>
    <testcase time="0.000999999999997669" classname="character(0)" name="check_the_proportion_ci__functions_work"/>
    <testcase time="0.00100000000000477" classname="character(0)" name="check_the_proportion_ci__functions_work"/>
    <testcase time="0.000999999999997669" classname="character(0)" name="check_the_proportion_ci__functions_work"/>
    <testcase time="0.000999999999997669" classname="character(0)" name="check_the_proportion_ci__functions_work"/>
    <testcase time="0" classname="character(0)" name="check_the_proportion_ci__functions_work"/>
    <testcase time="0" classname="character(0)" name="check_the_proportion_ci__functions_work"/>
    <testcase time="0.000999999999997669" classname="character(0)" name="check_the_proportion_ci__functions_work"/>
    <testcase time="0.000999999999997669" classname="character(0)" name="check_the_proportion_ci__functions_work"/>
    <testcase time="0.00100000000000477" classname="character(0)" name="check_the_proportion_ci__functions_work"/>
    <testcase time="0.000999999999997669" classname="character(0)" name="check_the_proportion_ci__functions_work"/>
    <testcase time="0.00500000000000256" classname="character(0)" name="check_the_proportion_ci__functions_work"/>
    <testcase time="0.000999999999997669" classname="character(0)" name="check_the_proportion_ci__functions_work"/>
    <testcase time="0.000999999999997669" classname="character(0)" name="check_the_proportion_ci__functions_work"/>
    <testcase time="0.00100000000000477" classname="character(0)" name="check_the_proportion_ci__functions_work"/>
    <testcase time="0.000999999999997669" classname="character(0)" name="check_the_proportion_ci__functions_work"/>
    <testcase time="0.000999999999997669" classname="character(0)" name="check_the_proportion_ci__functions_work"/>
    <testcase time="0.00100000000000477" classname="character(0)" name="check_the_proportion_ci__functions_work"/>
    <testcase time="0.000999999999997669" classname="character(0)" name="check_the_proportion_ci__functions_work"/>
    <testcase time="0" classname="character(0)" name="check_the_proportion_ci__functions_work"/>
    <testcase time="0.000999999999997669" classname="character(0)" name="check_the_proportion_ci__functions_work"/>
    <testcase time="0" classname="character(0)" name="check_the_proportion_ci__functions_work"/>
    <testcase time="0.00100000000000477" classname="character(0)" name="check_the_proportion_ci__functions_work"/>
    <testcase time="0" classname="character(0)" name="check_the_proportion_ci__functions_work"/>
    <testcase time="0" classname="character(0)" name="check_the_proportion_ci__functions_work"/>
    <testcase time="0.000999999999997669" classname="character(0)" name="check_the_proportion_ci__functions_work"/>
    <testcase time="0" classname="character(0)" name="check_the_proportion_ci__functions_work"/>
    <testcase time="0.00100000000000477" classname="character(0)" name="check_the_proportion_ci__functions_work"/>
    <testcase time="0" classname="character(0)" name="check_the_proportion_ci__functions_work"/>
    <testcase time="0.000999999999997669" classname="character(0)" name="check_the_proportion_ci__functions_work"/>
    <testcase time="0.000999999999997669" classname="character(0)" name="check_the_proportion_ci__functions_work"/>
    <testcase time="0" classname="character(0)" name="check_the_proportion_ci__functions_work"/>
    <testcase time="0.00100000000000477" classname="character(0)" name="check_the_proportion_ci__functions_work"/>
  </testsuite>
  <testsuite name="proportion_ci" timestamp="2025-04-02T14:33:01Z" hostname="f06b9bb741de" tests="10" skipped="0" failures="0" errors="0" time="0.006">
    <testcase time="0.00199999999999534" classname="character(0)" name="check_the_proportion_ci_strat_wilson_function_works"/>
    <testcase time="0" classname="character(0)" name="check_the_proportion_ci_strat_wilson_function_works"/>
    <testcase time="0.00100000000000477" classname="character(0)" name="check_the_proportion_ci_strat_wilson_function_works"/>
    <testcase time="0" classname="character(0)" name="check_the_proportion_ci_strat_wilson_function_works"/>
    <testcase time="0.000999999999997669" classname="character(0)" name="check_the_proportion_ci_strat_wilson_function_works"/>
    <testcase time="0" classname="character(0)" name="check_the_proportion_ci_strat_wilson_function_works"/>
    <testcase time="0.000999999999997669" classname="character(0)" name="check_the_proportion_ci_strat_wilson_function_works"/>
    <testcase time="0" classname="character(0)" name="check_the_proportion_ci_strat_wilson_function_works"/>
    <testcase time="0.00100000000000477" classname="character(0)" name="check_the_proportion_ci_strat_wilson_function_works"/>
    <testcase time="0" classname="character(0)" name="check_the_proportion_ci_strat_wilson_function_works"/>
  </testsuite>
  <testsuite name="ard_continuous.survey.design" timestamp="2025-04-02T14:33:15Z" hostname="f06b9bb741de" tests="12" skipped="0" failures="0" errors="0" time="13.409">
    <testcase time="13.403" classname="character(0)" name="unstratified_ard_continuous.survey.design_works"/>
    <testcase time="0.00100000000000477" classname="character(0)" name="unstratified_ard_continuous.survey.design_works"/>
    <testcase time="0.00100000000000477" classname="character(0)" name="unstratified_ard_continuous.survey.design_works"/>
    <testcase time="0" classname="character(0)" name="unstratified_ard_continuous.survey.design_works"/>
    <testcase time="0" classname="character(0)" name="unstratified_ard_continuous.survey.design_works"/>
    <testcase time="0.000999999999990564" classname="character(0)" name="unstratified_ard_continuous.survey.design_works"/>
    <testcase time="0" classname="character(0)" name="unstratified_ard_continuous.survey.design_works"/>
    <testcase time="0.00100000000000477" classname="character(0)" name="unstratified_ard_continuous.survey.design_works"/>
    <testcase time="0" classname="character(0)" name="unstratified_ard_continuous.survey.design_works"/>
    <testcase time="0.00100000000000477" classname="character(0)" name="unstratified_ard_continuous.survey.design_works"/>
    <testcase time="0" classname="character(0)" name="unstratified_ard_continuous.survey.design_works"/>
    <testcase time="0.000999999999990564" classname="character(0)" name="unstratified_ard_continuous.survey.design_works"/>
  </testsuite>
  <testsuite name="ard_continuous.survey.design" timestamp="2025-04-02T14:33:15Z" hostname="f06b9bb741de" tests="11" skipped="0" failures="0" errors="0" time="0.007">
    <testcase time="0.00200000000000955" classname="character(0)" name="stratified_ard_continuous.survey.design_works"/>
    <testcase time="0" classname="character(0)" name="stratified_ard_continuous.survey.design_works"/>
    <testcase time="0.000999999999990564" classname="character(0)" name="stratified_ard_continuous.survey.design_works"/>
    <testcase time="0" classname="character(0)" name="stratified_ard_continuous.survey.design_works"/>
    <testcase time="0.00100000000000477" classname="character(0)" name="stratified_ard_continuous.survey.design_works"/>
    <testcase time="0" classname="character(0)" name="stratified_ard_continuous.survey.design_works"/>
    <testcase time="0.00100000000000477" classname="character(0)" name="stratified_ard_continuous.survey.design_works"/>
    <testcase time="0" classname="character(0)" name="stratified_ard_continuous.survey.design_works"/>
    <testcase time="0.000999999999990564" classname="character(0)" name="stratified_ard_continuous.survey.design_works"/>
    <testcase time="0" classname="character(0)" name="stratified_ard_continuous.survey.design_works"/>
    <testcase time="0.00100000000000477" classname="character(0)" name="stratified_ard_continuous.survey.design_works"/>
  </testsuite>
  <testsuite name="ard_continuous.survey.design" timestamp="2025-04-02T14:33:15Z" hostname="f06b9bb741de" tests="4" skipped="0" failures="0" errors="0" time="0.002">
    <testcase time="0.00100000000000477" classname="character(0)" name="ard_continuous.survey.design_NA_handling"/>
    <testcase time="0" classname="character(0)" name="ard_continuous.survey.design_NA_handling"/>
    <testcase time="0" classname="character(0)" name="ard_continuous.survey.design_NA_handling"/>
    <testcase time="0.00100000000000477" classname="character(0)" name="ard_continuous.survey.design_NA_handling"/>
  </testsuite>
  <testsuite name="ard_continuous.survey.design" timestamp="2025-04-02T14:33:15Z" hostname="f06b9bb741de" tests="2" skipped="0" failures="0" errors="0" time="0.002">
    <testcase time="0.00199999999999534" classname="character(0)" name="ard_continuous.survey.design_error_handling"/>
    <testcase time="0" classname="character(0)" name="ard_continuous.survey.design_error_handling"/>
  </testsuite>
  <testsuite name="ard_continuous.survey.design" timestamp="2025-04-02T14:33:15Z" hostname="f06b9bb741de" tests="1" skipped="0" failures="0" errors="0" time="0.002">
    <testcase time="0.00200000000000955" classname="character(0)" name="ard_continuous.survey.design_fmt_fn_"/>
  </testsuite>
  <testsuite name="ard_continuous.survey.design" timestamp="2025-04-02T14:33:15Z" hostname="f06b9bb741de" tests="1" skipped="0" failures="0" errors="0" time="0.002">
    <testcase time="0.00199999999999534" classname="character(0)" name="ard_continuous.survey.design_stat_label_"/>
  </testsuite>
  <testsuite name="ard_continuous.survey.design" timestamp="2025-04-02T14:33:15Z" hostname="f06b9bb741de" tests="2" skipped="0" failures="0" errors="0" time="0.005">
    <testcase time="0.00499999999999545" classname="character(0)" name="ard_continuous.survey.design_by_unobserved_levels_combinations"/>
    <testcase time="0" classname="character(0)" name="ard_continuous.survey.design_by_unobserved_levels_combinations"/>
  </testsuite>
  <testsuite name="ard_continuous.survey.design" timestamp="2025-04-02T14:33:15Z" hostname="f06b9bb741de" tests="19" skipped="0" failures="0" errors="0" time="0.011">
    <testcase time="0.00200000000000955" classname="character(0)" name="ard_continuous.survey.design_works_when_using_generic_names_"/>
    <testcase time="0.000999999999990564" classname="character(0)" name="ard_continuous.survey.design_works_when_using_generic_names_"/>
    <testcase time="0" classname="character(0)" name="ard_continuous.survey.design_works_when_using_generic_names_"/>
    <testcase time="0.00100000000000477" classname="character(0)" name="ard_continuous.survey.design_works_when_using_generic_names_"/>
    <testcase time="0" classname="character(0)" name="ard_continuous.survey.design_works_when_using_generic_names_"/>
    <testcase time="0.00100000000000477" classname="character(0)" name="ard_continuous.survey.design_works_when_using_generic_names_"/>
    <testcase time="0" classname="character(0)" name="ard_continuous.survey.design_works_when_using_generic_names_"/>
    <testcase time="0.000999999999990564" classname="character(0)" name="ard_continuous.survey.design_works_when_using_generic_names_"/>
    <testcase time="0" classname="character(0)" name="ard_continuous.survey.design_works_when_using_generic_names_"/>
    <testcase time="0.00100000000000477" classname="character(0)" name="ard_continuous.survey.design_works_when_using_generic_names_"/>
    <testcase time="0" classname="character(0)" name="ard_continuous.survey.design_works_when_using_generic_names_"/>
    <testcase time="0.00100000000000477" classname="character(0)" name="ard_continuous.survey.design_works_when_using_generic_names_"/>
    <testcase time="0" classname="character(0)" name="ard_continuous.survey.design_works_when_using_generic_names_"/>
    <testcase time="0.000999999999990564" classname="character(0)" name="ard_continuous.survey.design_works_when_using_generic_names_"/>
    <testcase time="0" classname="character(0)" name="ard_continuous.survey.design_works_when_using_generic_names_"/>
    <testcase time="0.00100000000000477" classname="character(0)" name="ard_continuous.survey.design_works_when_using_generic_names_"/>
    <testcase time="0" classname="character(0)" name="ard_continuous.survey.design_works_when_using_generic_names_"/>
    <testcase time="0.00100000000000477" classname="character(0)" name="ard_continuous.survey.design_works_when_using_generic_names_"/>
    <testcase time="0" classname="character(0)" name="ard_continuous.survey.design_works_when_using_generic_names_"/>
  </testsuite>
  <testsuite name="ard_continuous.survey.design" timestamp="2025-04-02T14:33:15Z" hostname="f06b9bb741de" tests="1" skipped="0" failures="0" errors="0" time="0.002">
    <testcase time="0.00199999999999534" classname="character(0)" name="ard_continuous.survey.design_follows_ard_structure"/>
  </testsuite>
  <testsuite name="ard_continuous.survey.design" timestamp="2025-04-02T14:33:15Z" hostname="f06b9bb741de" tests="4" skipped="0" failures="0" errors="0" time="0.002">
    <testcase time="0.00199999999999534" classname="character(0)" name="ard_continuous.survey.design_original_types_are_retained"/>
    <testcase time="0" classname="character(0)" name="ard_continuous.survey.design_original_types_are_retained"/>
    <testcase time="0" classname="character(0)" name="ard_continuous.survey.design_original_types_are_retained"/>
    <testcase time="0" classname="character(0)" name="ard_continuous.survey.design_original_types_are_retained"/>
  </testsuite>
</testsuites>
