<?xml version="1.0" encoding="UTF-8"?>
<testsuites>
  <testsuite name="ard_ttest" timestamp="2024-02-01T05:26:48Z" hostname="646d80f3547e" tests="3" skipped="1" failures="0" errors="0" time="1.092">
    <testcase time="1.053" classname="character(0)" name="ard_ttest_works"/>
    <testcase time="0.0250000000000001" classname="character(0)" name="ard_ttest_works"/>
    <testcase time="0.014" classname="character(0)" name="ard_ttest_works">
      <skipped message="Reason: On CRAN ('test-ard_ttest.R:25:3')"/>
    </testcase>
  </testsuite>
  <testsuite name="ard_ttest" timestamp="2024-02-01T05:26:48Z" hostname="646d80f3547e" tests="3" skipped="1" failures="0" errors="0" time="0.025">
    <testcase time="0.0239999999999998" classname="character(0)" name="ard_paired_ttest_works"/>
    <testcase time="0.00100000000000011" classname="character(0)" name="ard_paired_ttest_works"/>
    <testcase time="0" classname="character(0)" name="ard_paired_ttest_works">
      <skipped message="Reason: On CRAN ('test-ard_ttest.R:70:3')"/>
    </testcase>
  </testsuite>
  <testsuite name="ard_regression" timestamp="2024-02-01T05:26:49Z" hostname="646d80f3547e" tests="1" skipped="1" failures="0" errors="0" time="0.386">
    <testcase time="0.386" classname="character(0)" name="ard_regression_works">
      <skipped message="Reason: On CRAN ('test-ard_regression.R:2:3')"/>
    </testcase>
  </testsuite>
</testsuites>
