<?xml version="1.0" encoding="UTF-8"?>
<testsuites>
  <testsuite name="ard_ttest" timestamp="2024-02-02T21:52:00Z" hostname="102f30cac1bb" tests="3" skipped="1" failures="0" errors="0" time="1.06">
    <testcase time="1.032" classname="character(0)" name="ard_ttest_works"/>
    <testcase time="0.0190000000000001" classname="character(0)" name="ard_ttest_works"/>
    <testcase time="0.0089999999999999" classname="character(0)" name="ard_ttest_works">
      <skipped message="Reason: On CRAN ('test-ard_ttest.R:25:3')"/>
    </testcase>
  </testsuite>
  <testsuite name="ard_ttest" timestamp="2024-02-02T21:52:00Z" hostname="102f30cac1bb" tests="3" skipped="1" failures="0" errors="0" time="0.025">
    <testcase time="0.024" classname="character(0)" name="ard_paired_ttest_works"/>
    <testcase time="0" classname="character(0)" name="ard_paired_ttest_works"/>
    <testcase time="0.00100000000000011" classname="character(0)" name="ard_paired_ttest_works">
      <skipped message="Reason: On CRAN ('test-ard_ttest.R:70:3')"/>
    </testcase>
  </testsuite>
  <testsuite name="ard_regression" timestamp="2024-02-02T21:52:00Z" hostname="102f30cac1bb" tests="1" skipped="1" failures="0" errors="0" time="0.401">
    <testcase time="0.401" classname="character(0)" name="ard_regression_works">
      <skipped message="Reason: On CRAN ('test-ard_regression.R:2:3')"/>
    </testcase>
  </testsuite>
</testsuites>
