<?xml version="1.0" encoding="UTF-8"?>
<testsuites>
  <testsuite name="ard_fishertest" timestamp="2024-02-13T23:02:50Z" hostname="90b225a9b37d" tests="2" skipped="0" failures="0" errors="0" time="0.729">
    <testcase time="0.715" classname="character(0)" name="ard_fishertest_works"/>
    <testcase time="0.014" classname="character(0)" name="ard_fishertest_works"/>
  </testsuite>
  <testsuite name="ard_chisqtest" timestamp="2024-02-13T23:02:50Z" hostname="90b225a9b37d" tests="2" skipped="0" failures="0" errors="0" time="0.166">
    <testcase time="0.165" classname="character(0)" name="ard_chisqtest_works"/>
    <testcase time="0.00099999999999989" classname="character(0)" name="ard_chisqtest_works"/>
  </testsuite>
  <testsuite name="ard_chisqtest" timestamp="2024-02-13T23:02:50Z" hostname="90b225a9b37d" tests="1" skipped="1" failures="0" errors="0" time="0.013">
    <testcase time="0.0130000000000001" classname="character(0)" name="shuffle_ard_fills_missing_group_levels_if_the_group_is_meaningful">
      <skipped message="Reason: On CRAN ('test-ard_chisqtest.R:23:3')"/>
    </testcase>
  </testsuite>
  <testsuite name="ard_proportion_ci" timestamp="2024-02-13T23:02:51Z" hostname="90b225a9b37d" tests="1" skipped="0" failures="0" errors="0" time="0.348">
    <testcase time="0.348" classname="character(0)" name="ard_proportion_ci_works"/>
  </testsuite>
  <testsuite name="ard_proportion_ci" timestamp="2024-02-13T23:02:51Z" hostname="90b225a9b37d" tests="2" skipped="1" failures="0" errors="0" time="0.002">
    <testcase time="0.002" classname="character(0)" name="ard_proportion_ci_method_strat_wilson_works"/>
    <testcase time="0" classname="character(0)" name="ard_proportion_ci_method_strat_wilson_works">
      <skipped message="Reason: On CRAN ('test-ard_proportion_ci.R:50:3')"/>
    </testcase>
  </testsuite>
  <testsuite name="ard_ttest" timestamp="2024-02-13T23:02:51Z" hostname="90b225a9b37d" tests="3" skipped="1" failures="0" errors="0" time="0.357">
    <testcase time="0.356" classname="character(0)" name="ard_ttest_works"/>
    <testcase time="0" classname="character(0)" name="ard_ttest_works"/>
    <testcase time="0.00099999999999989" classname="character(0)" name="ard_ttest_works">
      <skipped message="Reason: On CRAN ('test-ard_ttest.R:25:3')"/>
    </testcase>
  </testsuite>
  <testsuite name="ard_ttest" timestamp="2024-02-13T23:02:51Z" hostname="90b225a9b37d" tests="3" skipped="1" failures="0" errors="0" time="0.011">
    <testcase time="0.00999999999999979" classname="character(0)" name="ard_paired_ttest_works"/>
    <testcase time="0" classname="character(0)" name="ard_paired_ttest_works"/>
    <testcase time="0.00100000000000033" classname="character(0)" name="ard_paired_ttest_works">
      <skipped message="Reason: On CRAN ('test-ard_ttest.R:70:3')"/>
    </testcase>
  </testsuite>
  <testsuite name="ard_regression" timestamp="2024-02-13T23:02:51Z" hostname="90b225a9b37d" tests="1" skipped="1" failures="0" errors="0" time="0.083">
    <testcase time="0.0829999999999997" classname="character(0)" name="ard_regression_works">
      <skipped message="Reason: On CRAN ('test-ard_regression.R:2:3')"/>
    </testcase>
  </testsuite>
  <testsuite name="proportion_ci" timestamp="2024-02-13T23:02:51Z" hostname="90b225a9b37d" tests="1" skipped="1" failures="0" errors="0" time="0.123">
    <testcase time="0.123" classname="character(0)" name="check_the_proportion_ci__functions_work">
      <skipped message="Reason: On CRAN ('test-proportion_ci.R:10:3')"/>
    </testcase>
  </testsuite>
  <testsuite name="proportion_ci" timestamp="2024-02-13T23:02:51Z" hostname="90b225a9b37d" tests="1" skipped="1" failures="0" errors="0" time="0.017">
    <testcase time="0.0169999999999999" classname="character(0)" name="check_the_proportion_ci_strat_wilson_function_works">
      <skipped message="Reason: On CRAN ('test-proportion_ci.R:136:3')"/>
    </testcase>
  </testsuite>
  <testsuite name="ard_wilcoxtest" timestamp="2024-02-13T23:02:51Z" hostname="90b225a9b37d" tests="3" skipped="0" failures="0" errors="0" time="0.135">
    <testcase time="0.134" classname="character(0)" name="ard_wilcoxtest_works"/>
    <testcase time="0.00099999999999989" classname="character(0)" name="ard_wilcoxtest_works"/>
    <testcase time="0" classname="character(0)" name="ard_wilcoxtest_works"/>
  </testsuite>
  <testsuite name="ard_wilcoxtest" timestamp="2024-02-13T23:02:51Z" hostname="90b225a9b37d" tests="3" skipped="0" failures="0" errors="0" time="0.002">
    <testcase time="0.00100000000000033" classname="character(0)" name="ard_paired_wilcoxtest_works"/>
    <testcase time="0.00099999999999989" classname="character(0)" name="ard_paired_wilcoxtest_works"/>
    <testcase time="0" classname="character(0)" name="ard_paired_wilcoxtest_works"/>
  </testsuite>
</testsuites>
