<?xml version="1.0" encoding="UTF-8"?>
<testsuites>
  <testsuite name="ard_fishertest" timestamp="2024-02-13T22:59:19Z" hostname="28917464225c" tests="2" skipped="0" failures="0" errors="0" time="0.731">
    <testcase time="0.717" classname="character(0)" name="ard_fishertest_works"/>
    <testcase time="0.014" classname="character(0)" name="ard_fishertest_works"/>
  </testsuite>
  <testsuite name="ard_chisqtest" timestamp="2024-02-13T22:59:19Z" hostname="28917464225c" tests="2" skipped="0" failures="0" errors="0" time="0.168">
    <testcase time="0.167" classname="character(0)" name="ard_chisqtest_works"/>
    <testcase time="0.00099999999999989" classname="character(0)" name="ard_chisqtest_works"/>
  </testsuite>
  <testsuite name="ard_chisqtest" timestamp="2024-02-13T22:59:19Z" hostname="28917464225c" tests="1" skipped="1" failures="0" errors="0" time="0.012">
    <testcase time="0.012" classname="character(0)" name="shuffle_ard_fills_missing_group_levels_if_the_group_is_meaningful">
      <skipped message="Reason: On CRAN ('test-ard_chisqtest.R:23:3')"/>
    </testcase>
  </testsuite>
  <testsuite name="ard_proportion_ci" timestamp="2024-02-13T22:59:20Z" hostname="28917464225c" tests="1" skipped="0" failures="0" errors="0" time="0.345">
    <testcase time="0.345" classname="character(0)" name="ard_proportion_ci_works"/>
  </testsuite>
  <testsuite name="ard_proportion_ci" timestamp="2024-02-13T22:59:20Z" hostname="28917464225c" tests="2" skipped="1" failures="0" errors="0" time="0.003">
    <testcase time="0.00300000000000011" classname="character(0)" name="ard_proportion_ci_method_strat_wilson_works"/>
    <testcase time="0" classname="character(0)" name="ard_proportion_ci_method_strat_wilson_works">
      <skipped message="Reason: On CRAN ('test-ard_proportion_ci.R:50:3')"/>
    </testcase>
  </testsuite>
  <testsuite name="ard_ttest" timestamp="2024-02-13T22:59:20Z" hostname="28917464225c" tests="3" skipped="1" failures="0" errors="0" time="0.368">
    <testcase time="0.367" classname="character(0)" name="ard_ttest_works"/>
    <testcase time="0.00099999999999989" classname="character(0)" name="ard_ttest_works"/>
    <testcase time="0" classname="character(0)" name="ard_ttest_works">
      <skipped message="Reason: On CRAN ('test-ard_ttest.R:25:3')"/>
    </testcase>
  </testsuite>
  <testsuite name="ard_ttest" timestamp="2024-02-13T22:59:20Z" hostname="28917464225c" tests="3" skipped="1" failures="0" errors="0" time="0.011">
    <testcase time="0.0100000000000002" classname="character(0)" name="ard_paired_ttest_works"/>
    <testcase time="0.00099999999999989" classname="character(0)" name="ard_paired_ttest_works"/>
    <testcase time="0" classname="character(0)" name="ard_paired_ttest_works">
      <skipped message="Reason: On CRAN ('test-ard_ttest.R:70:3')"/>
    </testcase>
  </testsuite>
  <testsuite name="ard_regression" timestamp="2024-02-13T22:59:20Z" hostname="28917464225c" tests="1" skipped="1" failures="0" errors="0" time="0.093">
    <testcase time="0.093" classname="character(0)" name="ard_regression_works">
      <skipped message="Reason: On CRAN ('test-ard_regression.R:2:3')"/>
    </testcase>
  </testsuite>
  <testsuite name="proportion_ci" timestamp="2024-02-13T22:59:20Z" hostname="28917464225c" tests="1" skipped="1" failures="0" errors="0" time="0.123">
    <testcase time="0.123" classname="character(0)" name="check_the_proportion_ci__functions_work">
      <skipped message="Reason: On CRAN ('test-proportion_ci.R:10:3')"/>
    </testcase>
  </testsuite>
  <testsuite name="proportion_ci" timestamp="2024-02-13T22:59:20Z" hostname="28917464225c" tests="1" skipped="1" failures="0" errors="0" time="0.018">
    <testcase time="0.0180000000000002" classname="character(0)" name="check_the_proportion_ci_strat_wilson_function_works">
      <skipped message="Reason: On CRAN ('test-proportion_ci.R:136:3')"/>
    </testcase>
  </testsuite>
  <testsuite name="ard_wilcoxtest" timestamp="2024-02-13T22:59:20Z" hostname="28917464225c" tests="3" skipped="0" failures="0" errors="0" time="0.137">
    <testcase time="0.136" classname="character(0)" name="ard_wilcoxtest_works"/>
    <testcase time="0" classname="character(0)" name="ard_wilcoxtest_works"/>
    <testcase time="0.00099999999999989" classname="character(0)" name="ard_wilcoxtest_works"/>
  </testsuite>
  <testsuite name="ard_wilcoxtest" timestamp="2024-02-13T22:59:20Z" hostname="28917464225c" tests="3" skipped="0" failures="0" errors="0" time="0.002">
    <testcase time="0.00099999999999989" classname="character(0)" name="ard_paired_wilcoxtest_works"/>
    <testcase time="0.00099999999999989" classname="character(0)" name="ard_paired_wilcoxtest_works"/>
    <testcase time="0" classname="character(0)" name="ard_paired_wilcoxtest_works"/>
  </testsuite>
</testsuites>
