<?xml version="1.0" encoding="UTF-8"?>
<testsuites>
  <testsuite name="ard_ttest" timestamp="2024-01-24T19:00:54Z" hostname="dea0f716b318" tests="3" skipped="1" failures="0" errors="0" time="0.989">
    <testcase time="0.969" classname="character(0)" name="ard_ttest_works"/>
    <testcase time="0.014" classname="character(0)" name="ard_ttest_works"/>
    <testcase time="0.00600000000000001" classname="character(0)" name="ard_ttest_works">
      <skipped message="Reason: On CRAN ('test-ard_ttest.R:25:3')"/>
    </testcase>
  </testsuite>
  <testsuite name="ard_ttest" timestamp="2024-01-24T19:00:54Z" hostname="dea0f716b318" tests="3" skipped="1" failures="0" errors="0" time="0.025">
    <testcase time="0.024" classname="character(0)" name="ard_paired_ttest_works"/>
    <testcase time="0.00100000000000011" classname="character(0)" name="ard_paired_ttest_works"/>
    <testcase time="0" classname="character(0)" name="ard_paired_ttest_works">
      <skipped message="Reason: On CRAN ('test-ard_ttest.R:70:3')"/>
    </testcase>
  </testsuite>
</testsuites>
