<?xml version="1.0" encoding="UTF-8"?>
<testsuites>
  <testsuite name="delete_me" timestamp="2024-01-24T05:19:56Z" hostname="0752fa7a253b" tests="1" skipped="0" failures="0" errors="0" time="0.607">
    <testcase time="0.607" classname="character(0)" name="multiplication_works"/>
  </testsuite>
</testsuites>
